
Loaded 'libv3/all-terms.bf' from /usr/local/lib/hyphy/TemplateBatchFiles/libv3/all-terms.bf
Loaded 'libv3/UtilityFunctions.bf' from /usr/local/lib/hyphy/TemplateBatchFiles/libv3/UtilityFunctions.bf
Loaded 'IOFunctions.bf' from /usr/local/lib/hyphy/TemplateBatchFiles/libv3/IOFunctions.bf
Already loaded 'libv3/UtilityFunctions.bf' from /usr/local/lib/hyphy/TemplateBatchFiles/libv3/UtilityFunctions.bf
Loaded 'convenience/regexp.bf' from /usr/local/lib/hyphy/TemplateBatchFiles/libv3/convenience/regexp.bf
Already loaded 'libv3/all-terms.bf' from /usr/local/lib/hyphy/TemplateBatchFiles/libv3/all-terms.bf
Already loaded 'libv3/IOFunctions.bf' from /usr/local/lib/hyphy/TemplateBatchFiles/libv3/IOFunctions.bf
Loaded 'libv3/models/codon/MG_REV.bf' from /usr/local/lib/hyphy/TemplateBatchFiles/libv3/models/codon/MG_REV.bf
Loaded '../codon.bf' from /usr/local/lib/hyphy/TemplateBatchFiles/libv3/models/codon.bf
Loaded '../tasks/genetic_code.bf' from /usr/local/lib/hyphy/TemplateBatchFiles/libv3/tasks/genetic_code.bf
Loaded 'libv3/convenience/matrix.bf' from /usr/local/lib/hyphy/TemplateBatchFiles/libv3/convenience/matrix.bf
Already loaded 'libv3/UtilityFunctions.bf' from /usr/local/lib/hyphy/TemplateBatchFiles/libv3/UtilityFunctions.bf
Already loaded 'libv3/all-terms.bf' from /usr/local/lib/hyphy/TemplateBatchFiles/libv3/all-terms.bf
Already loaded '../UtilityFunctions.bf' from /usr/local/lib/hyphy/TemplateBatchFiles/libv3/UtilityFunctions.bf
Loaded '../DNA.bf' from /usr/local/lib/hyphy/TemplateBatchFiles/libv3/models/DNA.bf
Loaded 'frequencies.bf' from /usr/local/lib/hyphy/TemplateBatchFiles/libv3/models/frequencies.bf
Already loaded '../all-terms.bf' from /usr/local/lib/hyphy/TemplateBatchFiles/libv3/all-terms.bf
Loaded 'parameters.bf' from /usr/local/lib/hyphy/TemplateBatchFiles/libv3/models/parameters.bf
Loaded 'GrabBag' from /usr/local/lib/hyphy/TemplateBatchFiles/Utility/GrabBag.bf
Overwritten previously defined function:'_sortStringsAux'
Already loaded 'libv3/all-terms.bf' from /usr/local/lib/hyphy/TemplateBatchFiles/libv3/all-terms.bf
Already loaded '../UtilityFunctions.bf' from /usr/local/lib/hyphy/TemplateBatchFiles/libv3/UtilityFunctions.bf
Loaded 'model_functions.bf' from /usr/local/lib/hyphy/TemplateBatchFiles/libv3/models/model_functions.bf
Already loaded 'DNA.bf' from /usr/local/lib/hyphy/TemplateBatchFiles/libv3/models/DNA.bf
Already loaded 'parameters.bf' from /usr/local/lib/hyphy/TemplateBatchFiles/libv3/models/parameters.bf
Already loaded 'frequencies.bf' from /usr/local/lib/hyphy/TemplateBatchFiles/libv3/models/frequencies.bf
Already loaded '../UtilityFunctions.bf' from /usr/local/lib/hyphy/TemplateBatchFiles/libv3/UtilityFunctions.bf
Already loaded '../convenience/regexp.bf' from /usr/local/lib/hyphy/TemplateBatchFiles/libv3/convenience/regexp.bf
Already loaded 'libv3/all-terms.bf' from /usr/local/lib/hyphy/TemplateBatchFiles/libv3/all-terms.bf
Already loaded '../parameters.bf' from /usr/local/lib/hyphy/TemplateBatchFiles/libv3/models/parameters.bf
Already loaded '../frequencies.bf' from /usr/local/lib/hyphy/TemplateBatchFiles/libv3/models/frequencies.bf
Already loaded '../../UtilityFunctions.bf' from /usr/local/lib/hyphy/TemplateBatchFiles/libv3/UtilityFunctions.bf
Loaded 'libv3/tasks/estimators.bf' from /usr/local/lib/hyphy/TemplateBatchFiles/libv3/tasks/estimators.bf
Already loaded '../models/model_functions.bf' from /usr/local/lib/hyphy/TemplateBatchFiles/libv3/models/model_functions.bf
Loaded '../models/DNA/GTR.bf' from /usr/local/lib/hyphy/TemplateBatchFiles/libv3/models/DNA/GTR.bf
Already loaded '../DNA.bf' from /usr/local/lib/hyphy/TemplateBatchFiles/libv3/models/DNA.bf
Already loaded '../parameters.bf' from /usr/local/lib/hyphy/TemplateBatchFiles/libv3/models/parameters.bf
Already loaded '../frequencies.bf' from /usr/local/lib/hyphy/TemplateBatchFiles/libv3/models/frequencies.bf
Already loaded '../../UtilityFunctions.bf' from /usr/local/lib/hyphy/TemplateBatchFiles/libv3/UtilityFunctions.bf
Already loaded 'libv3/all-terms.bf' from /usr/local/lib/hyphy/TemplateBatchFiles/libv3/all-terms.bf
Already loaded '../convenience/regexp.bf' from /usr/local/lib/hyphy/TemplateBatchFiles/libv3/convenience/regexp.bf
Already loaded 'libv3/all-terms.bf' from /usr/local/lib/hyphy/TemplateBatchFiles/libv3/all-terms.bf
Loaded 'libv3/tasks/alignments.bf' from /usr/local/lib/hyphy/TemplateBatchFiles/libv3/tasks/alignments.bf
Already loaded '../IOFunctions.bf' from /usr/local/lib/hyphy/TemplateBatchFiles/libv3/IOFunctions.bf
Already loaded '../all-terms.bf' from /usr/local/lib/hyphy/TemplateBatchFiles/libv3/all-terms.bf
Loaded 'libv3/tasks/trees.bf' from /usr/local/lib/hyphy/TemplateBatchFiles/libv3/tasks/trees.bf
Already loaded '../IOFunctions.bf' from /usr/local/lib/hyphy/TemplateBatchFiles/libv3/IOFunctions.bf
Already loaded '../all-terms.bf' from /usr/local/lib/hyphy/TemplateBatchFiles/libv3/all-terms.bf
Already loaded '../convenience/regexp.bf' from /usr/local/lib/hyphy/TemplateBatchFiles/libv3/convenience/regexp.bf
Already loaded '../UtilityFunctions.bf' from /usr/local/lib/hyphy/TemplateBatchFiles/libv3/UtilityFunctions.bf
Loaded 'TreeTools' from /usr/local/lib/hyphy/TemplateBatchFiles/TreeTools.ibf
Loaded 'modules/io_functions.ibf' from /usr/local/lib/hyphy/TemplateBatchFiles/SelectionAnalyses/modules/io_functions.ibf
Already loaded 'libv3/UtilityFunctions.bf' from /usr/local/lib/hyphy/TemplateBatchFiles/libv3/UtilityFunctions.bf
Already loaded 'libv3/IOFunctions.bf' from /usr/local/lib/hyphy/TemplateBatchFiles/libv3/IOFunctions.bf
Already loaded 'libv3/convenience/regexp.bf' from /usr/local/lib/hyphy/TemplateBatchFiles/libv3/convenience/regexp.bf
Already loaded 'libv3/all-terms.bf' from /usr/local/lib/hyphy/TemplateBatchFiles/libv3/all-terms.bf
Loaded 'modules/selection_lib.ibf' from /usr/local/lib/hyphy/TemplateBatchFiles/SelectionAnalyses/modules/selection_lib.ibf
Loaded 'libv3/models/codon/BS_REL.bf' from /usr/local/lib/hyphy/TemplateBatchFiles/libv3/models/codon/BS_REL.bf
Already loaded '../codon.bf' from /usr/local/lib/hyphy/TemplateBatchFiles/libv3/models/codon.bf
Already loaded '../DNA.bf' from /usr/local/lib/hyphy/TemplateBatchFiles/libv3/models/DNA.bf
Already loaded '../parameters.bf' from /usr/local/lib/hyphy/TemplateBatchFiles/libv3/models/parameters.bf
Already loaded '../frequencies.bf' from /usr/local/lib/hyphy/TemplateBatchFiles/libv3/models/frequencies.bf
Already loaded '../../UtilityFunctions.bf' from /usr/local/lib/hyphy/TemplateBatchFiles/libv3/UtilityFunctions.bf
Already loaded 'MG_REV.bf' from /usr/local/lib/hyphy/TemplateBatchFiles/libv3/models/codon/MG_REV.bf
Loaded '../../convenience/math.bf' from /usr/local/lib/hyphy/TemplateBatchFiles/libv3/convenience/math.bf
Already loaded 'libv3/UtilityFunctions.bf' from /usr/local/lib/hyphy/TemplateBatchFiles/libv3/UtilityFunctions.bf
Already loaded 'libv3/convenience/math.bf' from /usr/local/lib/hyphy/TemplateBatchFiles/libv3/convenience/math.bf
Loaded 'libv3/tasks/mpi.bf' from /usr/local/lib/hyphy/TemplateBatchFiles/libv3/tasks/mpi.bf
Already loaded '../all-terms.bf' from /usr/local/lib/hyphy/TemplateBatchFiles/libv3/all-terms.bf
Already loaded '../models/parameters.bf' from /usr/local/lib/hyphy/TemplateBatchFiles/libv3/models/parameters.bf
Variable 'NORMALIZE_SEQUENCE_NAMES' was not initialized prior to being used
Variable 'ASSUME_REVERSIBLE_MODELS' was not initialized prior to being used
Loaded 'modules/shared-load-file.bf' from /usr/local/lib/hyphy/TemplateBatchFiles/SelectionAnalyses/modules/shared-load-file.bf
Variable 'MARKDOWN_OUTPUT' was not initialized prior to being used
Already loaded 'libv3/convenience/matrix.bf' from /usr/local/lib/hyphy/TemplateBatchFiles/libv3/convenience/matrix.bf
Already loaded 'libv3/UtilityFunctions.bf' from /usr/local/lib/hyphy/TemplateBatchFiles/libv3/UtilityFunctions.bf
Variable 'wynoHmpn.skipCodeSelectionStep' was not initialized prior to being used
Row and/or column partition is empty. All the data will be used by default.
Variable 'NEXUS_FILE_TREE_MATRIX' was not initialized prior to being used
Variable 'utility.ToggleEnvVariable.cache' was not initialized prior to being used
Variable 'TREE_NODE_NAME_MAPPING' was not initialized prior to being used
Variable 'qnKeHkIY.PROMPT_FOR_FILE' was not initialized prior to being used
Variable 'END_OF_FILE' was not initialized prior to being used
Variable '_DO_TREE_REBALANCE_' was not initialized prior to being used
Variable '_KEEP_I_LABELS_' was not initialized prior to being used
Rooted topology. Removing one branch - the left root child has been promoted to be the new root
Variable 'INCLUDE_MODEL_SPECS' was not initialized prior to being used
Variable 'utility.ForEachPair.warn_non_rentrant' was not initialized prior to being used
Row and/or column partition is empty. All the data will be used by default.
Row and/or column partition is empty. All the data will be used by default.
Loaded 'modules/grid_compute.ibf' from /usr/local/lib/hyphy/TemplateBatchFiles/SelectionAnalyses/modules/grid_compute.ibf
Variable 'AVpsHIxn.cache' was not initialized prior to being used
Row and/or column partition is empty. All the data will be used by default.
Variable 'COUNT_GAPS_IN_FREQUENCIES' was not initialized prior to being used
Variable 'qxyLa_yS.model_pi' was not initialized prior to being used
Model qxyLa_yS.model assigned to Rana_temporaria
Model qxyLa_yS.model assigned to Xenopus_tropicalis
Model qxyLa_yS.model assigned to Rhinatrema_bivittatum
Model qxyLa_yS.model assigned to Geotrypetes_seraphini
Model qxyLa_yS.model assigned to Microcaecilia_unicolor
Model qxyLa_yS.model assigned to 13
Model qxyLa_yS.model assigned to 11
The tips of the tree:qxyLa_yS.tree_0 were matched with the species names from the data in the following numeric order (0-based) {2,4,3,0,1}

Pseudo-optimal path's cost 1246 vs 2312 for 1..k=> a 1.85554 x improvement
Partition 0 is ASSUMED to have a reversible model
Variable 'USE_LAST_RESULTS' was not initialized prior to being used
Variable 'qxyLa_yS.tree_0.Rana_temporaria.t' was not initialized prior to being used
models.generic.SetBranchLength: qxyLa_yS.tree_0.Rana_temporaria.t=549.0456765174047
Variable 'qxyLa_yS.tree_0.Xenopus_tropicalis.t' was not initialized prior to being used
models.generic.SetBranchLength: qxyLa_yS.tree_0.Xenopus_tropicalis.t=549.0456765174047
Variable 'qxyLa_yS.tree_0.Rhinatrema_bivittatum.t' was not initialized prior to being used
models.generic.SetBranchLength: qxyLa_yS.tree_0.Rhinatrema_bivittatum.t=468.4043049823274
Variable 'qxyLa_yS.tree_0.Geotrypetes_seraphini.t' was not initialized prior to being used
models.generic.SetBranchLength: qxyLa_yS.tree_0.Geotrypetes_seraphini.t=294.6900960685498
Variable 'qxyLa_yS.tree_0.Microcaecilia_unicolor.t' was not initialized prior to being used
models.generic.SetBranchLength: qxyLa_yS.tree_0.Microcaecilia_unicolor.t=294.6900960685498
Variable 'qxyLa_yS.tree_0.13.t' was not initialized prior to being used
models.generic.SetBranchLength: qxyLa_yS.tree_0.13.t=173.7142089137777
Variable 'qxyLa_yS.tree_0.11.t' was not initialized prior to being used
models.generic.SetBranchLength: qxyLa_yS.tree_0.11.t=403.0422945322217
Variable 'qxyLa_yS.qxyLa_yS.likelihoodFunction' was not initialized prior to being used
Variable 'SAVE_OPT_STATUS_TO' was not initialized prior to being used
Auto-benchmarked an optimal number (1) of threads.
Set GUI update interval to every 3787-th LF evaluation.
Optimization settings:
	OPTIMIZATION_METHOD = 4
	OPTIMIZATION_PRECISION = 0.001
	MAXIMUM_ITERATIONS_PER_VARIABLE = 5000

Initial parameter values

qxyLa_yS.model.theta_CT = 1
qxyLa_yS.model.theta_GT = 0.25
qxyLa_yS.model.theta_CG = 0.25
qxyLa_yS.model.theta_AC = 0.25
qxyLa_yS.model.theta_AT = 0.25
qxyLa_yS.tree_0.Rana_temporaria.t = 549.046
qxyLa_yS.tree_0.Xenopus_tropicalis.t = 549.046
qxyLa_yS.tree_0.Rhinatrema_bivittatum.t = 468.404
qxyLa_yS.tree_0.Geotrypetes_seraphini.t = 294.69
qxyLa_yS.tree_0.Microcaecilia_unicolor.t = 294.69
qxyLa_yS.tree_0.13.t = 173.714
qxyLa_yS.tree_0.11.t = 403.042
Internal error in _LikelihoodFunction::ConjugateGradientDescent. The function evaluated at current parameter values [-12322.6] does not match the last recorded LF maximum [-12322.6]
Internal error in _LikelihoodFunction::ConjugateGradientDescent. The function evaluated at current parameter values [-12322.6] does not match the last recorded LF maximum [-12322.6]
Optimization finished in 5 loop passes.
286 likelihood evaluation calls and 1304 matrix exponentiations calls were made

Variable 'BRANCH_LENGTH_STENCIL' was not initialized prior to being used
Variable 'qxyLa_yS.option' was not initialized prior to being used
Variable 'relax.terms.json.nucleotide_gtr' was not initialized prior to being used
Variable 'Unknown' was not initialized prior to being used
Variable 'tFbaLObL.initial_value' was not initialized prior to being used
Variable 'FNvXkaEa.data_filter' was not initialized prior to being used
Row and/or column partition is empty. All the data will be used by default.
Auto-benchmarked an optimal number (3) of threads.
Set GUI update interval to every 7692-th LF evaluation.
Optimization settings:
	OPTIMIZATION_METHOD = 4
	OPTIMIZATION_PRECISION = 0.001
	MAXIMUM_ITERATIONS_PER_VARIABLE = 5000

Initial parameter values

frequencies._aux.CF3x4.p0_0 = 0.321783
frequencies._aux.CF3x4.p0_1 = 0.249514
frequencies._aux.CF3x4.p0_2 = 0.596863
frequencies._aux.CF3x4.p1_0 = 0.344729
frequencies._aux.CF3x4.p1_1 = 0.328286
frequencies._aux.CF3x4.p1_2 = 0.470412
frequencies._aux.CF3x4.p2_0 = 0.304419
frequencies._aux.CF3x4.p2_1 = 0.285189
frequencies._aux.CF3x4.p2_2 = 0.370907
Optimization finished in 5 loop passes.
191 likelihood evaluation calls and 0 matrix exponentiations calls were made

Variable 'FNvXkaEa.model_MGREV_pi' was not initialized prior to being used
Model FNvXkaEa.model_MGREV assigned to Rana_temporaria
Model FNvXkaEa.model_MGREV assigned to Xenopus_tropicalis
Model FNvXkaEa.model_MGREV assigned to Rhinatrema_bivittatum
Model FNvXkaEa.model_MGREV assigned to Geotrypetes_seraphini
Model FNvXkaEa.model_MGREV assigned to Microcaecilia_unicolor
Model FNvXkaEa.model_MGREV assigned to 13
Model FNvXkaEa.model_MGREV assigned to 11
The tips of the tree:FNvXkaEa.tree_0 were matched with the species names from the data in the following numeric order (0-based) {2,4,3,0,1}

Pseudo-optimal path's cost 2717 vs 3777 for 1..k=> a 1.39014 x improvement
Partition 0 is ASSUMED to have a reversible model
Variable 'FNvXkaEa.FNvXkaEa.likelihoodFunction' was not initialized prior to being used
Variable 'FNvXkaEa.tree_0.Rana_temporaria.alpha' was not initialized prior to being used
Variable 'FNvXkaEa.tree_0.Xenopus_tropicalis.alpha' was not initialized prior to being used
Variable 'FNvXkaEa.tree_0.Rhinatrema_bivittatum.alpha' was not initialized prior to being used
Variable 'FNvXkaEa.tree_0.Geotrypetes_seraphini.alpha' was not initialized prior to being used
Variable 'FNvXkaEa.tree_0.Microcaecilia_unicolor.alpha' was not initialized prior to being used
Variable 'FNvXkaEa.tree_0.13.alpha' was not initialized prior to being used
Variable 'FNvXkaEa.tree_0.11.alpha' was not initialized prior to being used
Site 2 evaluated to a 0 probability in ComputeTreeBlockByBranch
Site 2 evaluated to a 0 probability in ComputeTreeBlockByBranch
Site 307 evaluated to a 0 probability in ComputeTreeBlockByBranch
Auto-benchmarked an optimal number (1) of threads.
Set GUI update interval to every 239-th LF evaluation.
Initial guess for FNvXkaEa.tree_0.Xenopus_tropicalis.alpha is 8.45796e-05
Initial guess for FNvXkaEa.tree_0.11.alpha is 2.83255e-05
Initial guess for FNvXkaEa.tree_0.Rhinatrema_bivittatum.alpha is 6.39978e-05
Initial guess for FNvXkaEa.tree_0.13.alpha is 1.52968e-05
Initial guess for FNvXkaEa.tree_0.Geotrypetes_seraphini.alpha is 3.11484e-05
Initial guess for FNvXkaEa.tree_0.Microcaecilia_unicolor.alpha is 1.52597e-05
Optimization settings:
	OPTIMIZATION_METHOD = 4
	OPTIMIZATION_PRECISION = 0.001
	MAXIMUM_ITERATIONS_PER_VARIABLE = 5000

Initial parameter values

FNvXkaEa.model_MGREV.theta_GT = 1
FNvXkaEa.model_MGREV.theta_CT = 1
FNvXkaEa.model_MGREV.theta_AC = 1
FNvXkaEa.model_MGREV.theta_CG = 1
FNvXkaEa.model_MGREV.theta_AT = 1
FNvXkaEa.model_MGREV.omega_0 = 1
FNvXkaEa.tree_0.Rana_temporaria.alpha = 0.1
FNvXkaEa.tree_0.Xenopus_tropicalis.alpha = 8.45796e-05
FNvXkaEa.tree_0.Rhinatrema_bivittatum.alpha = 6.39978e-05
FNvXkaEa.tree_0.Geotrypetes_seraphini.alpha = 3.11484e-05
FNvXkaEa.tree_0.Microcaecilia_unicolor.alpha = 1.52597e-05
FNvXkaEa.tree_0.13.alpha = 1.52968e-05
FNvXkaEa.tree_0.11.alpha = 2.83255e-05
FNvXkaEa.model_MGREV.omega_1 = 1
Failing bound checks on FNvXkaEa.tree_0.13.beta =         10012.23709804531
Optimization finished in 31 loop passes.
1575 likelihood evaluation calls and 6402 matrix exponentiations calls were made

Row and/or column partition is empty. All the data will be used by default.
Auto-benchmarked an optimal number (2) of threads.
Set GUI update interval to every 7462-th LF evaluation.
Optimization settings:
	OPTIMIZATION_METHOD = 4
	OPTIMIZATION_PRECISION = 0.001
	MAXIMUM_ITERATIONS_PER_VARIABLE = 5000

Initial parameter values

frequencies._aux.CF3x4.p0_0 = 0.321783
frequencies._aux.CF3x4.p0_1 = 0.249514
frequencies._aux.CF3x4.p0_2 = 0.596863
frequencies._aux.CF3x4.p1_0 = 0.344729
frequencies._aux.CF3x4.p1_1 = 0.328286
frequencies._aux.CF3x4.p1_2 = 0.470412
frequencies._aux.CF3x4.p2_0 = 0.304419
frequencies._aux.CF3x4.p2_1 = 0.285189
frequencies._aux.CF3x4.p2_2 = 0.370907
Optimization finished in 5 loop passes.
190 likelihood evaluation calls and 0 matrix exponentiations calls were made

Variable 'FNvXkaEa.model_MGREV_pi' was not initialized prior to being used
Model FNvXkaEa.model_MGREV assigned to Rana_temporaria
Model FNvXkaEa.model_MGREV assigned to Xenopus_tropicalis
Model FNvXkaEa.model_MGREV assigned to Rhinatrema_bivittatum
Model FNvXkaEa.model_MGREV assigned to Geotrypetes_seraphini
Model FNvXkaEa.model_MGREV assigned to Microcaecilia_unicolor
Model FNvXkaEa.model_MGREV assigned to 13
Model FNvXkaEa.model_MGREV assigned to 11
The tips of the tree:FNvXkaEa.tree_0 were matched with the species names from the data in the following numeric order (0-based) {2,4,3,0,1}

Pseudo-optimal path's cost 2717 vs 3777 for 1..k=> a 1.39014 x improvement
Partition 0 is ASSUMED to have a reversible model
Variable 'FNvXkaEa.tree_0.Microcaecilia_unicolor.alpha' was not initialized prior to being used
Variable 'FNvXkaEa.tree_0.Geotrypetes_seraphini.alpha' was not initialized prior to being used
Variable 'FNvXkaEa.tree_0.13.alpha' was not initialized prior to being used
Variable 'FNvXkaEa.tree_0.Rana_temporaria.alpha' was not initialized prior to being used
Variable 'FNvXkaEa.tree_0.Xenopus_tropicalis.alpha' was not initialized prior to being used
Variable 'FNvXkaEa.tree_0.Rhinatrema_bivittatum.alpha' was not initialized prior to being used
Variable 'FNvXkaEa.tree_0.11.alpha' was not initialized prior to being used
Site 2 evaluated to a 0 probability in ComputeTreeBlockByBranch
Site 2 evaluated to a 0 probability in ComputeTreeBlockByBranch
Site 307 evaluated to a 0 probability in ComputeTreeBlockByBranch
Site 2 evaluated to a 0 probability in ComputeTreeBlockByBranch
Site 461 evaluated to a 0 probability in ComputeTreeBlockByBranch
Site 530 evaluated to a 0 probability in ComputeTreeBlockByBranch
Site 2 evaluated to a 0 probability in ComputeTreeBlockByBranch
Site 366 evaluated to a 0 probability in ComputeTreeBlockByBranch
Site 104 evaluated to a 0 probability in ComputeTreeBlockByBranch
Site 478 evaluated to a 0 probability in ComputeTreeBlockByBranch
Site 2 evaluated to a 0 probability in ComputeTreeBlockByBranch
Site 133 evaluated to a 0 probability in ComputeTreeBlockByBranch
Site 269 evaluated to a 0 probability in ComputeTreeBlockByBranch
Site 475 evaluated to a 0 probability in ComputeTreeBlockByBranch
Site 388 evaluated to a 0 probability in ComputeTreeBlockByBranch
Site 2 evaluated to a 0 probability in ComputeTreeBlockByBranch
Site 366 evaluated to a 0 probability in ComputeTreeBlockByBranch
Site 533 evaluated to a 0 probability in ComputeTreeBlockByBranch
Site 146 evaluated to a 0 probability in ComputeTreeBlockByBranch
Site 463 evaluated to a 0 probability in ComputeTreeBlockByBranch
Site 134 evaluated to a 0 probability in ComputeTreeBlockByBranch
Auto-benchmarked an optimal number (5) of threads.
Set GUI update interval to every 447-th LF evaluation.
Initial guess for FNvXkaEa.tree_0.Xenopus_tropicalis.alpha is 8.45796e-05
Initial guess for FNvXkaEa.tree_0.11.alpha is 2.83255e-05
Initial guess for FNvXkaEa.tree_0.Rhinatrema_bivittatum.alpha is 6.39978e-05
Initial guess for FNvXkaEa.tree_0.13.alpha is 1.52968e-05
Initial guess for FNvXkaEa.tree_0.Geotrypetes_seraphini.alpha is 3.11484e-05
Initial guess for FNvXkaEa.tree_0.Microcaecilia_unicolor.alpha is 1.52597e-05
Optimization settings:
	OPTIMIZATION_METHOD = 4
	OPTIMIZATION_PRECISION = 0.001
	MAXIMUM_ITERATIONS_PER_VARIABLE = 5000

Initial parameter values

FNvXkaEa.model_MGREV.theta_CG = 1
FNvXkaEa.model_MGREV.theta_AT = 1
FNvXkaEa.model_MGREV.theta_AC = 1
FNvXkaEa.model_MGREV.theta_CT = 1
FNvXkaEa.model_MGREV.theta_GT = 1
FNvXkaEa.model_MGREV.omega_0 = 1
FNvXkaEa.tree_0.Rana_temporaria.alpha = 0.1
FNvXkaEa.tree_0.Xenopus_tropicalis.alpha = 8.45796e-05
FNvXkaEa.tree_0.Rhinatrema_bivittatum.alpha = 6.39978e-05
FNvXkaEa.tree_0.Geotrypetes_seraphini.alpha = 3.11484e-05
FNvXkaEa.tree_0.Microcaecilia_unicolor.alpha = 1.52597e-05
FNvXkaEa.tree_0.13.alpha = 1.52968e-05
FNvXkaEa.tree_0.11.alpha = 2.83255e-05
FNvXkaEa.model_MGREV.omega_1 = 1
Failing bound checks on FNvXkaEa.tree_0.13.beta =         10012.23709805642
Optimization finished in 32 loop passes.
1702 likelihood evaluation calls and 6983 matrix exponentiations calls were made

Overwritten previously defined function:'ehTkXwYZ.rate_generator'
Overwritten previously defined function:'ehTkXwYZ.rate_generator'
Auto-benchmarked an optimal number (3) of threads.
Set GUI update interval to every 7575-th LF evaluation.
Optimization settings:
	OPTIMIZATION_METHOD = 4
	OPTIMIZATION_PRECISION = 0.001
	MAXIMUM_ITERATIONS_PER_VARIABLE = 5000

Initial parameter values

frequencies._aux.CF3x4.p0_0 = 0.321783
frequencies._aux.CF3x4.p0_1 = 0.249514
frequencies._aux.CF3x4.p0_2 = 0.596863
frequencies._aux.CF3x4.p1_0 = 0.344729
frequencies._aux.CF3x4.p1_1 = 0.328286
frequencies._aux.CF3x4.p1_2 = 0.470412
frequencies._aux.CF3x4.p2_0 = 0.304419
frequencies._aux.CF3x4.p2_1 = 0.285189
frequencies._aux.CF3x4.p2_2 = 0.370907
Optimization finished in 5 loop passes.
191 likelihood evaluation calls and 0 matrix exponentiations calls were made

Variable 'relax.test_pi' was not initialized prior to being used
Overwritten previously defined function:'ehTkXwYZ.rate_generator'
Overwritten previously defined function:'ehTkXwYZ.rate_generator'
Overwritten previously defined function:'ehTkXwYZ.rate_generator'
Auto-benchmarked an optimal number (3) of threads.
Set GUI update interval to every 7462-th LF evaluation.
Optimization settings:
	OPTIMIZATION_METHOD = 4
	OPTIMIZATION_PRECISION = 0.001
	MAXIMUM_ITERATIONS_PER_VARIABLE = 5000

Initial parameter values

frequencies._aux.CF3x4.p0_0 = 0.321783
frequencies._aux.CF3x4.p0_1 = 0.249514
frequencies._aux.CF3x4.p0_2 = 0.596863
frequencies._aux.CF3x4.p1_0 = 0.344729
frequencies._aux.CF3x4.p1_1 = 0.328286
frequencies._aux.CF3x4.p1_2 = 0.470412
frequencies._aux.CF3x4.p2_0 = 0.304419
frequencies._aux.CF3x4.p2_1 = 0.285189
frequencies._aux.CF3x4.p2_2 = 0.370907
Optimization finished in 5 loop passes.
191 likelihood evaluation calls and 0 matrix exponentiations calls were made

Variable 'relax.reference_pi' was not initialized prior to being used
No nodel was assigned to Rana_temporaria
No nodel was assigned to Xenopus_tropicalis
No nodel was assigned to Rhinatrema_bivittatum
No nodel was assigned to Geotrypetes_seraphini
No nodel was assigned to Microcaecilia_unicolor
No nodel was assigned to 13
No nodel was assigned to 11
The tips of the tree:BUDXMjhx.tree_id_0 were matched with the species names from the data in the following numeric order (0-based) {2,4,3,0,1}

Pseudo-optimal path's cost 2717 vs 3777 for 1..k=> a 1.39014 x improvement
Partition 0 is ASSUMED to have a reversible model
relax.reference.theta_AC was already constrained in estimators.SetGlobals2
relax.reference.theta_AG was already constrained in estimators.SetGlobals2
relax.reference.theta_AT was already constrained in estimators.SetGlobals2
relax.reference.theta_CG was already constrained in estimators.SetGlobals2
relax.reference.theta_CT was already constrained in estimators.SetGlobals2
relax.reference.theta_GT was already constrained in estimators.SetGlobals2
relax.test.theta_AG was already constrained in estimators.SetGlobals2
Variable 'BUDXMjhx.tree_id_0.Rana_temporaria.t' was not initialized prior to being used
models.generic.SetBranchLength: BUDXMjhx.tree_id_0.Rana_temporaria.t=2.8489511449337
Variable 'BUDXMjhx.tree_id_0.Xenopus_tropicalis.t' was not initialized prior to being used
models.generic.SetBranchLength: BUDXMjhx.tree_id_0.Xenopus_tropicalis.t=0.799999998944075
Variable 'BUDXMjhx.tree_id_0.Rhinatrema_bivittatum.t' was not initialized prior to being used
models.generic.SetBranchLength: BUDXMjhx.tree_id_0.Rhinatrema_bivittatum.t=0.7060266494472769
Variable 'BUDXMjhx.tree_id_0.Geotrypetes_seraphini.t' was not initialized prior to being used
models.generic.SetBranchLength: BUDXMjhx.tree_id_0.Geotrypetes_seraphini.t=0.3488602413539836
Variable 'BUDXMjhx.tree_id_0.Microcaecilia_unicolor.t' was not initialized prior to being used
models.generic.SetBranchLength: BUDXMjhx.tree_id_0.Microcaecilia_unicolor.t=0.3342644214407433
Variable 'BUDXMjhx.tree_id_0.13.t' was not initialized prior to being used
models.generic.SetBranchLength: BUDXMjhx.tree_id_0.13.t=0.5282113975481101
Variable 'BUDXMjhx.tree_id_0.11.t' was not initialized prior to being used
models.generic.SetBranchLength: BUDXMjhx.tree_id_0.11.t=2.039532990953337
Variable 'BUDXMjhx.BUDXMjhx.likelihoodFunction' was not initialized prior to being used
Auto-benchmarked an optimal number (1) of threads.
Set GUI update interval to every 33-th LF evaluation.
Optimization settings:
	OPTIMIZATION_METHOD = 4
	OPTIMIZATION_PRECISION = 0.001
	MAXIMUM_ITERATIONS_PER_VARIABLE = 5000

Initial parameter values

relax.reference.omega2 = 0.4601
relax.reference.omega3 = 7.27482
relax.reference.bsrel_mixture_aux_1 = 0.818182
relax.reference.bsrel_mixture_aux_0 = 0.45
relax.reference.omega1 = 0.145496
relax.test.theta_AC = 0.850296
relax.test.theta_GT = 0.336994
relax.test.theta_AT = 0.456593
relax.test.theta_CG = 0.71328
relax.test.theta_CT = 1.1492
relax.K = 1
BUDXMjhx.tree_id_0.Rana_temporaria.t = 2.84895
BUDXMjhx.tree_id_0.Xenopus_tropicalis.t = 0.8
BUDXMjhx.tree_id_0.Rhinatrema_bivittatum.t = 0.706027
BUDXMjhx.tree_id_0.Geotrypetes_seraphini.t = 0.34886
BUDXMjhx.tree_id_0.Microcaecilia_unicolor.t = 0.334264
BUDXMjhx.tree_id_0.13.t = 0.528211
BUDXMjhx.tree_id_0.11.t = 2.03953
Optimization finished in 114 loop passes.
6994 likelihood evaluation calls and 118707 matrix exponentiations calls were made

Variable 'MPI_NODE_COUNT' was not initialized prior to being used
No nodel was assigned to Rana_temporaria
No nodel was assigned to Xenopus_tropicalis
No nodel was assigned to Rhinatrema_bivittatum
No nodel was assigned to Geotrypetes_seraphini
No nodel was assigned to Microcaecilia_unicolor
No nodel was assigned to 13
No nodel was assigned to 11
Likelihood function cleared because partition index '0' points to invalid components
The tips of the tree:BUDXMjhx.tree_id_0 were matched with the species names from the data in the following numeric order (0-based) {2,4,3,0,1}

Pseudo-optimal path's cost 2717 vs 3777 for 1..k=> a 1.39014 x improvement
Partition 0 is ASSUMED to have a reversible model
relax.reference.theta_AC was already constrained in estimators.SetGlobals2
relax.reference.theta_AG was already constrained in estimators.SetGlobals2
relax.reference.theta_AT was already constrained in estimators.SetGlobals2
relax.reference.theta_CG was already constrained in estimators.SetGlobals2
relax.reference.theta_CT was already constrained in estimators.SetGlobals2
relax.reference.theta_GT was already constrained in estimators.SetGlobals2
relax.test.bsrel_mixture_aux_0 was already constrained in estimators.SetGlobals2
relax.test.bsrel_mixture_aux_1 was already constrained in estimators.SetGlobals2
relax.test.theta_AG was already constrained in estimators.SetGlobals2
relax.test.omega1 was already constrained in estimators.SetGlobals2
relax.test.omega2 was already constrained in estimators.SetGlobals2
relax.test.omega3 was already constrained in estimators.SetGlobals2
Variable 'BUDXMjhx.tree_id_0.Rana_temporaria.t' was not initialized prior to being used
models.generic.SetBranchLength: BUDXMjhx.tree_id_0.Rana_temporaria.t=6.149281270802341
Variable 'BUDXMjhx.tree_id_0.Xenopus_tropicalis.t' was not initialized prior to being used
models.generic.SetBranchLength: BUDXMjhx.tree_id_0.Xenopus_tropicalis.t=3.891678618226394
Variable 'BUDXMjhx.tree_id_0.Rhinatrema_bivittatum.t' was not initialized prior to being used
models.generic.SetBranchLength: BUDXMjhx.tree_id_0.Rhinatrema_bivittatum.t=1.4680031985599
Variable 'BUDXMjhx.tree_id_0.Geotrypetes_seraphini.t' was not initialized prior to being used
models.generic.SetBranchLength: BUDXMjhx.tree_id_0.Geotrypetes_seraphini.t=0.7485961038793759
Variable 'BUDXMjhx.tree_id_0.Microcaecilia_unicolor.t' was not initialized prior to being used
models.generic.SetBranchLength: BUDXMjhx.tree_id_0.Microcaecilia_unicolor.t=0.69325091644043
Variable 'BUDXMjhx.tree_id_0.13.t' was not initialized prior to being used
models.generic.SetBranchLength: BUDXMjhx.tree_id_0.13.t=1.071203858742749
Variable 'BUDXMjhx.tree_id_0.11.t' was not initialized prior to being used
models.generic.SetBranchLength: BUDXMjhx.tree_id_0.11.t=3.565579790869796
Auto-benchmarked an optimal number (1) of threads.
Set GUI update interval to every 29-th LF evaluation.
Optimization settings:
	OPTIMIZATION_METHOD = 4
	OPTIMIZATION_PRECISION = 0.001
	MAXIMUM_ITERATIONS_PER_VARIABLE = 5000

Initial parameter values

relax.reference.omega2 = 0.746899
relax.reference.omega3 = 12.9434
relax.reference.bsrel_mixture_aux_1 = 0.973713
relax.reference.bsrel_mixture_aux_0 = 0.614137
relax.reference.omega1 = 4.83142e-05
relax.test.theta_AC = 0.740594
relax.test.theta_GT = 0.305255
relax.test.theta_AT = 0.358421
relax.test.theta_CG = 0.658972
relax.test.theta_CT = 1.16279
relax.K = 1
BUDXMjhx.tree_id_0.Rana_temporaria.t = 6.14928
BUDXMjhx.tree_id_0.Xenopus_tropicalis.t = 3.89168
BUDXMjhx.tree_id_0.Rhinatrema_bivittatum.t = 1.468
BUDXMjhx.tree_id_0.Geotrypetes_seraphini.t = 0.748596
BUDXMjhx.tree_id_0.Microcaecilia_unicolor.t = 0.693251
BUDXMjhx.tree_id_0.13.t = 1.0712
BUDXMjhx.tree_id_0.11.t = 3.56558
Optimization finished in 29 loop passes.
1619 likelihood evaluation calls and 26178 matrix exponentiations calls were made

Variable 'AKkLUGXv.BUDXMjhx.likelihoodFunction' was not initialized prior to being used
Auto-benchmarked an optimal number (1) of threads.
Set GUI update interval to every 28-th LF evaluation.
Optimization settings:
	OPTIMIZATION_METHOD = 4
	OPTIMIZATION_PRECISION = 0.001
	MAXIMUM_ITERATIONS_PER_VARIABLE = 5000

Initial parameter values

relax.reference.omega3 = 22.2679
relax.reference.omega2 = 0.752226
relax.test.theta_AC = 0.740169
relax.reference.bsrel_mixture_aux_1 = 0.980577
relax.reference.bsrel_mixture_aux_0 = 0.598225
relax.reference.omega1 = 0
relax.test.theta_GT = 0.302169
relax.test.theta_AT = 0.354542
relax.test.theta_CG = 0.659564
relax.test.theta_CT = 1.1701
BUDXMjhx.tree_id_0.Rana_temporaria.t = 2.01383
BUDXMjhx.tree_id_0.Xenopus_tropicalis.t = 1.54176
BUDXMjhx.tree_id_0.Rhinatrema_bivittatum.t = 0.471568
BUDXMjhx.tree_id_0.Geotrypetes_seraphini.t = 0.248777
BUDXMjhx.tree_id_0.Microcaecilia_unicolor.t = 0.226271
BUDXMjhx.tree_id_0.13.t = 0.35933
BUDXMjhx.tree_id_0.11.t = 1.12405
Optimization finished in 3 loop passes.
212 likelihood evaluation calls and 3561 matrix exponentiations calls were made

Variable 'USE_JSON_FOR_MATRIX' was not initialized prior to being used