
Loaded 'libv3/convenience/matrix.bf' from /usr/local/lib/hyphy/TemplateBatchFiles/libv3/convenience/matrix.bf
Loaded 'libv3/UtilityFunctions.bf' from /usr/local/lib/hyphy/TemplateBatchFiles/libv3/UtilityFunctions.bf
Loaded 'IOFunctions.bf' from /usr/local/lib/hyphy/TemplateBatchFiles/libv3/IOFunctions.bf
Already loaded 'libv3/UtilityFunctions.bf' from /usr/local/lib/hyphy/TemplateBatchFiles/libv3/UtilityFunctions.bf
Loaded 'convenience/regexp.bf' from /usr/local/lib/hyphy/TemplateBatchFiles/libv3/convenience/regexp.bf
Loaded 'libv3/all-terms.bf' from /usr/local/lib/hyphy/TemplateBatchFiles/libv3/all-terms.bf
Variable 'skipCodeSelectionStep' was not initialized prior to being used
Row and/or column partition is empty. All the data will be used by default.
Overwritten previously defined function:'GaussLaguerreQuardature'
Overwritten previously defined function:'GammaQuadWeight'
Variable 'SKIP_HARVEST_FREQ' was not initialized prior to being used
Variable '_WRAP_PASSTHROUGH_FLAG_' was not initialized prior to being used
Variable 'END_OF_FILE' was not initialized prior to being used
Variable '_DO_TREE_REBALANCE_' was not initialized prior to being used
Variable '_KEEP_I_LABELS_' was not initialized prior to being used
Model MG94customModel assigned to Solenodon_paradoxus
Solenodon_paradoxus has 2 parameters - branch length not assigned
Model MG94customModel assigned to Erinaceus_europaeus
Erinaceus_europaeus has 2 parameters - branch length not assigned
Model MG94customModel assigned to Sorex_araneus
Sorex_araneus has 2 parameters - branch length not assigned
Model MG94customModel assigned to Node2
Node2 has 2 parameters - branch length not assigned
Model MG94customModel assigned to Uropsilus_gracilis
Uropsilus_gracilis has 2 parameters - branch length not assigned
Model MG94customModel assigned to Condylura_cristata
Condylura_cristata has 2 parameters - branch length not assigned
Model MG94customModel assigned to Galemys_pyrenaicus
Galemys_pyrenaicus has 2 parameters - branch length not assigned
Model MG94customModel assigned to Scalopus_aquaticus
Scalopus_aquaticus has 2 parameters - branch length not assigned
Model MG94customModel assigned to Talpa_occidentalis
Talpa_occidentalis has 2 parameters - branch length not assigned
Model MG94customModel assigned to Node11
Node11 has 2 parameters - branch length not assigned
Model MG94customModel assigned to Node9
Node9 has 2 parameters - branch length not assigned
Model MG94customModel assigned to Node7
Node7 has 2 parameters - branch length not assigned
Model MG94customModel assigned to Node5
Node5 has 2 parameters - branch length not assigned
The tips of the tree:givenTree were matched with the species names from the data in the following numeric order (0-based) {4,1,5,7,0,2,3,6}

Pseudo-optimal path's cost 5546 vs 6892 for 1..k=> a 1.2427 x improvement
Partition 0 reversible model flag computed as 1
Variable 'theLnLik' was not initialized prior to being used
Variable 'SAVE_OPT_STATUS_TO' was not initialized prior to being used
Variable 'givenTree.Solenodon_paradoxus.nonSynRate' was not initialized prior to being used
Variable 'givenTree.Solenodon_paradoxus.synRate' was not initialized prior to being used
Variable 'givenTree.Erinaceus_europaeus.nonSynRate' was not initialized prior to being used
Variable 'givenTree.Erinaceus_europaeus.synRate' was not initialized prior to being used
Variable 'givenTree.Sorex_araneus.nonSynRate' was not initialized prior to being used
Variable 'givenTree.Sorex_araneus.synRate' was not initialized prior to being used
Variable 'givenTree.Uropsilus_gracilis.nonSynRate' was not initialized prior to being used
Variable 'givenTree.Uropsilus_gracilis.synRate' was not initialized prior to being used
Variable 'givenTree.Condylura_cristata.nonSynRate' was not initialized prior to being used
Variable 'givenTree.Condylura_cristata.synRate' was not initialized prior to being used
Variable 'givenTree.Galemys_pyrenaicus.nonSynRate' was not initialized prior to being used
Variable 'givenTree.Galemys_pyrenaicus.synRate' was not initialized prior to being used
Variable 'givenTree.Scalopus_aquaticus.nonSynRate' was not initialized prior to being used
Variable 'givenTree.Scalopus_aquaticus.synRate' was not initialized prior to being used
Variable 'givenTree.Talpa_occidentalis.nonSynRate' was not initialized prior to being used
Variable 'givenTree.Talpa_occidentalis.synRate' was not initialized prior to being used
Variable 'givenTree.Node2.nonSynRate' was not initialized prior to being used
Variable 'givenTree.Node2.synRate' was not initialized prior to being used
Variable 'givenTree.Node11.nonSynRate' was not initialized prior to being used
Variable 'givenTree.Node11.synRate' was not initialized prior to being used
Variable 'givenTree.Node9.nonSynRate' was not initialized prior to being used
Variable 'givenTree.Node9.synRate' was not initialized prior to being used
Variable 'givenTree.Node7.nonSynRate' was not initialized prior to being used
Variable 'givenTree.Node7.synRate' was not initialized prior to being used
Variable 'givenTree.Node5.nonSynRate' was not initialized prior to being used
Variable 'givenTree.Node5.synRate' was not initialized prior to being used
Site 6 evaluated to a 0 probability in ComputeTreeBlockByBranch
Site 6 evaluated to a 0 probability in ComputeTreeBlockByBranch
Site 289 evaluated to a 0 probability in ComputeTreeBlockByBranch
Auto-benchmarked an optimal number (1) of threads.
Set GUI update interval to every 151-th LF evaluation.
Initial guess for givenTree.Node2.nonSynRate is -0.00500069
Initial guess for givenTree.Node2.synRate is 0.00276764
Initial guess for givenTree.Erinaceus_europaeus.nonSynRate is 0.0706237
Initial guess for givenTree.Erinaceus_europaeus.synRate is 0.0578934
Initial guess for givenTree.Sorex_araneus.nonSynRate is 0.114075
Initial guess for givenTree.Sorex_araneus.synRate is 0.0610094
Initial guess for givenTree.Node5.nonSynRate is 0.0258412
Initial guess for givenTree.Node5.synRate is 0.0134048
Initial guess for givenTree.Uropsilus_gracilis.nonSynRate is 0.092361
Initial guess for givenTree.Uropsilus_gracilis.synRate is 0.0890703
Initial guess for givenTree.Node7.nonSynRate is 0.0144587
Initial guess for givenTree.Node7.synRate is 0.00728821
Initial guess for givenTree.Condylura_cristata.nonSynRate is 0.052463
Initial guess for givenTree.Condylura_cristata.synRate is 0.0425584
Initial guess for givenTree.Node9.nonSynRate is 0.00468838
Initial guess for givenTree.Node9.synRate is 0.00721085
Initial guess for givenTree.Galemys_pyrenaicus.nonSynRate is 0.0526519
Initial guess for givenTree.Galemys_pyrenaicus.synRate is 0.042545
Initial guess for givenTree.Node11.nonSynRate is -0.000363049
Initial guess for givenTree.Node11.synRate is -0.000807423
Initial guess for givenTree.Scalopus_aquaticus.nonSynRate is 0.036253
Initial guess for givenTree.Scalopus_aquaticus.synRate is 0.0264826
Initial guess for givenTree.Talpa_occidentalis.nonSynRate is 0.0343209
Initial guess for givenTree.Talpa_occidentalis.synRate is 0.0233353
Optimization settings:
	OPTIMIZATION_METHOD = 4
	OPTIMIZATION_PRECISION = 0.001
	MAXIMUM_ITERATIONS_PER_VARIABLE = 5000

Initial parameter values

GT = 1
CT = 1
AC = 1
CG = 1
AT = 1
givenTree.Solenodon_paradoxus.synRate = 0.1
givenTree.Solenodon_paradoxus.nonSynRate = 0.1
givenTree.Erinaceus_europaeus.synRate = 0.0578934
givenTree.Erinaceus_europaeus.nonSynRate = 0.0706237
givenTree.Sorex_araneus.synRate = 0.0610094
givenTree.Sorex_araneus.nonSynRate = 0.114075
givenTree.Node2.synRate = 0.00276764
givenTree.Node2.nonSynRate = 0
givenTree.Uropsilus_gracilis.synRate = 0.0890703
givenTree.Uropsilus_gracilis.nonSynRate = 0.092361
givenTree.Condylura_cristata.synRate = 0.0425584
givenTree.Condylura_cristata.nonSynRate = 0.052463
givenTree.Galemys_pyrenaicus.synRate = 0.042545
givenTree.Galemys_pyrenaicus.nonSynRate = 0.0526519
givenTree.Scalopus_aquaticus.synRate = 0.0264826
givenTree.Scalopus_aquaticus.nonSynRate = 0.036253
givenTree.Talpa_occidentalis.synRate = 0.0233353
givenTree.Talpa_occidentalis.nonSynRate = 0.0343209
givenTree.Node11.synRate = 0
givenTree.Node11.nonSynRate = 0
givenTree.Node9.synRate = 0.00721085
givenTree.Node9.nonSynRate = 0.00468838
givenTree.Node7.synRate = 0.00728821
givenTree.Node7.nonSynRate = 0.0144587
givenTree.Node5.synRate = 0.0134048
givenTree.Node5.nonSynRate = 0.0258412
Optimization finished in 19 loop passes.
2484 likelihood evaluation calls and 10130 matrix exponentiations calls were made

Variable 'lastDepth' was not initialized prior to being used
No nodel was assigned to Solenodon_paradoxus
Solenodon_paradoxus has 0 parameters - branch length not assigned
No nodel was assigned to Erinaceus_europaeus
Erinaceus_europaeus has 0 parameters - branch length not assigned
No nodel was assigned to Sorex_araneus
Sorex_araneus has 0 parameters - branch length not assigned
No nodel was assigned to Node2
Node2 has 0 parameters - branch length not assigned
No nodel was assigned to Uropsilus_gracilis
Uropsilus_gracilis has 0 parameters - branch length not assigned
No nodel was assigned to Condylura_cristata
Condylura_cristata has 0 parameters - branch length not assigned
No nodel was assigned to Galemys_pyrenaicus
Galemys_pyrenaicus has 0 parameters - branch length not assigned
No nodel was assigned to Scalopus_aquaticus
Scalopus_aquaticus has 0 parameters - branch length not assigned
No nodel was assigned to Talpa_occidentalis
Talpa_occidentalis has 0 parameters - branch length not assigned
No nodel was assigned to Node11
Node11 has 0 parameters - branch length not assigned
No nodel was assigned to Node9
Node9 has 0 parameters - branch length not assigned
No nodel was assigned to Node7
Node7 has 0 parameters - branch length not assigned
No nodel was assigned to Node5
Node5 has 0 parameters - branch length not assigned
No nodel was assigned to Solenodon_paradoxus
Solenodon_paradoxus has 0 parameters - branch length not assigned
No nodel was assigned to Erinaceus_europaeus
Erinaceus_europaeus has 0 parameters - branch length not assigned
No nodel was assigned to Sorex_araneus
Sorex_araneus has 0 parameters - branch length not assigned
No nodel was assigned to Node2
Node2 has 0 parameters - branch length not assigned
No nodel was assigned to Uropsilus_gracilis
Uropsilus_gracilis has 0 parameters - branch length not assigned
No nodel was assigned to Condylura_cristata
Condylura_cristata has 0 parameters - branch length not assigned
No nodel was assigned to Galemys_pyrenaicus
Galemys_pyrenaicus has 0 parameters - branch length not assigned
No nodel was assigned to Scalopus_aquaticus
Scalopus_aquaticus has 0 parameters - branch length not assigned
No nodel was assigned to Talpa_occidentalis
Talpa_occidentalis has 0 parameters - branch length not assigned
No nodel was assigned to Node11
Node11 has 0 parameters - branch length not assigned
No nodel was assigned to Node9
Node9 has 0 parameters - branch length not assigned
No nodel was assigned to Node7
Node7 has 0 parameters - branch length not assigned
No nodel was assigned to Node5
Node5 has 0 parameters - branch length not assigned
No nodel was assigned to Solenodon_paradoxus
Solenodon_paradoxus has 0 parameters - branch length not assigned
No nodel was assigned to Erinaceus_europaeus
Erinaceus_europaeus has 0 parameters - branch length not assigned
No nodel was assigned to Sorex_araneus
Sorex_araneus has 0 parameters - branch length not assigned
No nodel was assigned to Node2
Node2 has 0 parameters - branch length not assigned
No nodel was assigned to Uropsilus_gracilis
Uropsilus_gracilis has 0 parameters - branch length not assigned
No nodel was assigned to Condylura_cristata
Condylura_cristata has 0 parameters - branch length not assigned
No nodel was assigned to Galemys_pyrenaicus
Galemys_pyrenaicus has 0 parameters - branch length not assigned
No nodel was assigned to Scalopus_aquaticus
Scalopus_aquaticus has 0 parameters - branch length not assigned
No nodel was assigned to Talpa_occidentalis
Talpa_occidentalis has 0 parameters - branch length not assigned
No nodel was assigned to Node11
Node11 has 0 parameters - branch length not assigned
No nodel was assigned to Node9
Node9 has 0 parameters - branch length not assigned
No nodel was assigned to Node7
Node7 has 0 parameters - branch length not assigned
No nodel was assigned to Node5
Node5 has 0 parameters - branch length not assigned
No nodel was assigned to Solenodon_paradoxus
Solenodon_paradoxus has 0 parameters - branch length not assigned
No nodel was assigned to Erinaceus_europaeus
Erinaceus_europaeus has 0 parameters - branch length not assigned
No nodel was assigned to Sorex_araneus
Sorex_araneus has 0 parameters - branch length not assigned
No nodel was assigned to Node2
Node2 has 0 parameters - branch length not assigned
No nodel was assigned to Uropsilus_gracilis
Uropsilus_gracilis has 0 parameters - branch length not assigned
No nodel was assigned to Condylura_cristata
Condylura_cristata has 0 parameters - branch length not assigned
No nodel was assigned to Galemys_pyrenaicus
Galemys_pyrenaicus has 0 parameters - branch length not assigned
No nodel was assigned to Scalopus_aquaticus
Scalopus_aquaticus has 0 parameters - branch length not assigned
No nodel was assigned to Talpa_occidentalis
Talpa_occidentalis has 0 parameters - branch length not assigned
No nodel was assigned to Node11
Node11 has 0 parameters - branch length not assigned
No nodel was assigned to Node9
Node9 has 0 parameters - branch length not assigned
No nodel was assigned to Node7
Node7 has 0 parameters - branch length not assigned
No nodel was assigned to Node5
Node5 has 0 parameters - branch length not assigned
Variable 'nodeName' was not initialized prior to being used
Variable 'speciesIndex' was not initialized prior to being used
Row and/or column partition is empty. All the data will be used by default.
Model MG94customModel assigned to Solenodon_paradoxus
Model MG94customModel assigned to Erinaceus_europaeus
One branch tree supplied - hopefully this IS what you meant to do.
Rooted tree. Removing one branch - the left root child has been promoted to be the new root
Partition 0 reversible model flag computed as 1
Variable 'twoLnLik' was not initialized prior to being used
Variable 't2.Erinaceus_europaeus.nonSynRate' was not initialized prior to being used
Variable 't2.Erinaceus_europaeus.synRate' was not initialized prior to being used
Auto-benchmarked an optimal number (3) of threads.
Set GUI update interval to every 10638-th LF evaluation.
Optimization settings:
	OPTIMIZATION_METHOD = 4
	OPTIMIZATION_PRECISION = 0.001
	MAXIMUM_ITERATIONS_PER_VARIABLE = 5000

Initial parameter values

t2.Erinaceus_europaeus.nonSynRate = 0.1
t2.Erinaceus_europaeus.synRate = 0.1
Optimization finished in 6 loop passes.
196 likelihood evaluation calls and 174 matrix exponentiations calls were made

Row and/or column partition is empty. All the data will be used by default.
Model MG94customModel assigned to Solenodon_paradoxus
Model MG94customModel assigned to Sorex_araneus
One branch tree supplied - hopefully this IS what you meant to do.
Rooted tree. Removing one branch - the left root child has been promoted to be the new root
Partition 0 reversible model flag computed as 1
Variable 't2.Sorex_araneus.nonSynRate' was not initialized prior to being used
Variable 't2.Sorex_araneus.synRate' was not initialized prior to being used
Auto-benchmarked an optimal number (4) of threads.
Set GUI update interval to every 10416-th LF evaluation.
Optimization settings:
	OPTIMIZATION_METHOD = 4
	OPTIMIZATION_PRECISION = 0.001
	MAXIMUM_ITERATIONS_PER_VARIABLE = 5000

Initial parameter values

t2.Sorex_araneus.nonSynRate = 0.1
t2.Sorex_araneus.synRate = 0.1
Optimization finished in 6 loop passes.
144 likelihood evaluation calls and 125 matrix exponentiations calls were made

Row and/or column partition is empty. All the data will be used by default.
Model MG94customModel assigned to Solenodon_paradoxus
Model MG94customModel assigned to Uropsilus_gracilis
One branch tree supplied - hopefully this IS what you meant to do.
Rooted tree. Removing one branch - the left root child has been promoted to be the new root
Partition 0 reversible model flag computed as 1
Variable 't2.Uropsilus_gracilis.synRate' was not initialized prior to being used
Variable 't2.Uropsilus_gracilis.nonSynRate' was not initialized prior to being used
Auto-benchmarked an optimal number (2) of threads.
Set GUI update interval to every 10000-th LF evaluation.
Optimization settings:
	OPTIMIZATION_METHOD = 4
	OPTIMIZATION_PRECISION = 0.001
	MAXIMUM_ITERATIONS_PER_VARIABLE = 5000

Initial parameter values

t2.Uropsilus_gracilis.synRate = 0.1
t2.Uropsilus_gracilis.nonSynRate = 0.1
Optimization finished in 6 loop passes.
190 likelihood evaluation calls and 173 matrix exponentiations calls were made

Row and/or column partition is empty. All the data will be used by default.
Model MG94customModel assigned to Solenodon_paradoxus
Model MG94customModel assigned to Condylura_cristata
One branch tree supplied - hopefully this IS what you meant to do.
Rooted tree. Removing one branch - the left root child has been promoted to be the new root
Partition 0 reversible model flag computed as 1
Variable 't2.Condylura_cristata.synRate' was not initialized prior to being used
Variable 't2.Condylura_cristata.nonSynRate' was not initialized prior to being used
Auto-benchmarked an optimal number (3) of threads.
Set GUI update interval to every 10204-th LF evaluation.
Optimization settings:
	OPTIMIZATION_METHOD = 4
	OPTIMIZATION_PRECISION = 0.001
	MAXIMUM_ITERATIONS_PER_VARIABLE = 5000

Initial parameter values

t2.Condylura_cristata.synRate = 0.1
t2.Condylura_cristata.nonSynRate = 0.1
Optimization finished in 6 loop passes.
229 likelihood evaluation calls and 211 matrix exponentiations calls were made

Row and/or column partition is empty. All the data will be used by default.
Model MG94customModel assigned to Solenodon_paradoxus
Model MG94customModel assigned to Galemys_pyrenaicus
One branch tree supplied - hopefully this IS what you meant to do.
Rooted tree. Removing one branch - the left root child has been promoted to be the new root
Partition 0 reversible model flag computed as 1
Variable 't2.Galemys_pyrenaicus.synRate' was not initialized prior to being used
Variable 't2.Galemys_pyrenaicus.nonSynRate' was not initialized prior to being used
Auto-benchmarked an optimal number (4) of threads.
Set GUI update interval to every 10416-th LF evaluation.
Optimization settings:
	OPTIMIZATION_METHOD = 4
	OPTIMIZATION_PRECISION = 0.001
	MAXIMUM_ITERATIONS_PER_VARIABLE = 5000

Initial parameter values

t2.Galemys_pyrenaicus.synRate = 0.1
t2.Galemys_pyrenaicus.nonSynRate = 0.1
Optimization finished in 6 loop passes.
268 likelihood evaluation calls and 249 matrix exponentiations calls were made

Row and/or column partition is empty. All the data will be used by default.
Model MG94customModel assigned to Solenodon_paradoxus
Model MG94customModel assigned to Scalopus_aquaticus
One branch tree supplied - hopefully this IS what you meant to do.
Rooted tree. Removing one branch - the left root child has been promoted to be the new root
Partition 0 reversible model flag computed as 1
Variable 't2.Scalopus_aquaticus.nonSynRate' was not initialized prior to being used
Variable 't2.Scalopus_aquaticus.synRate' was not initialized prior to being used
Auto-benchmarked an optimal number (4) of threads.
Set GUI update interval to every 10638-th LF evaluation.
Optimization settings:
	OPTIMIZATION_METHOD = 4
	OPTIMIZATION_PRECISION = 0.001
	MAXIMUM_ITERATIONS_PER_VARIABLE = 5000

Initial parameter values

t2.Scalopus_aquaticus.nonSynRate = 0.1
t2.Scalopus_aquaticus.synRate = 0.1
Optimization finished in 6 loop passes.
155 likelihood evaluation calls and 133 matrix exponentiations calls were made

Row and/or column partition is empty. All the data will be used by default.
Model MG94customModel assigned to Solenodon_paradoxus
Model MG94customModel assigned to Talpa_occidentalis
One branch tree supplied - hopefully this IS what you meant to do.
Rooted tree. Removing one branch - the left root child has been promoted to be the new root
Partition 0 reversible model flag computed as 1
Variable 't2.Talpa_occidentalis.nonSynRate' was not initialized prior to being used
Variable 't2.Talpa_occidentalis.synRate' was not initialized prior to being used
Auto-benchmarked an optimal number (4) of threads.
Set GUI update interval to every 10416-th LF evaluation.
Optimization settings:
	OPTIMIZATION_METHOD = 4
	OPTIMIZATION_PRECISION = 0.001
	MAXIMUM_ITERATIONS_PER_VARIABLE = 5000

Initial parameter values

t2.Talpa_occidentalis.nonSynRate = 0.1
t2.Talpa_occidentalis.synRate = 0.1
Optimization finished in 5 loop passes.
173 likelihood evaluation calls and 154 matrix exponentiations calls were made

Row and/or column partition is empty. All the data will be used by default.
Model MG94customModel assigned to Erinaceus_europaeus
Model MG94customModel assigned to Sorex_araneus
One branch tree supplied - hopefully this IS what you meant to do.
Rooted tree. Removing one branch - the left root child has been promoted to be the new root
Partition 0 reversible model flag computed as 1
Variable 't2.Sorex_araneus.synRate' was not initialized prior to being used
Variable 't2.Sorex_araneus.nonSynRate' was not initialized prior to being used
Auto-benchmarked an optimal number (2) of threads.
Set GUI update interval to every 9803-th LF evaluation.
Optimization settings:
	OPTIMIZATION_METHOD = 4
	OPTIMIZATION_PRECISION = 0.001
	MAXIMUM_ITERATIONS_PER_VARIABLE = 5000

Initial parameter values

t2.Sorex_araneus.synRate = 0.1
t2.Sorex_araneus.nonSynRate = 0.1
Optimization finished in 6 loop passes.
167 likelihood evaluation calls and 150 matrix exponentiations calls were made

Row and/or column partition is empty. All the data will be used by default.
Model MG94customModel assigned to Erinaceus_europaeus
Model MG94customModel assigned to Uropsilus_gracilis
One branch tree supplied - hopefully this IS what you meant to do.
Rooted tree. Removing one branch - the left root child has been promoted to be the new root
Partition 0 reversible model flag computed as 1
Variable 't2.Uropsilus_gracilis.nonSynRate' was not initialized prior to being used
Variable 't2.Uropsilus_gracilis.synRate' was not initialized prior to being used
Auto-benchmarked an optimal number (4) of threads.
Set GUI update interval to every 10416-th LF evaluation.
Optimization settings:
	OPTIMIZATION_METHOD = 4
	OPTIMIZATION_PRECISION = 0.001
	MAXIMUM_ITERATIONS_PER_VARIABLE = 5000

Initial parameter values

t2.Uropsilus_gracilis.nonSynRate = 0.1
t2.Uropsilus_gracilis.synRate = 0.1
Optimization finished in 6 loop passes.
229 likelihood evaluation calls and 212 matrix exponentiations calls were made

Row and/or column partition is empty. All the data will be used by default.
Model MG94customModel assigned to Erinaceus_europaeus
Model MG94customModel assigned to Condylura_cristata
One branch tree supplied - hopefully this IS what you meant to do.
Rooted tree. Removing one branch - the left root child has been promoted to be the new root
Partition 0 reversible model flag computed as 1
Variable 't2.Condylura_cristata.nonSynRate' was not initialized prior to being used
Variable 't2.Condylura_cristata.synRate' was not initialized prior to being used
Auto-benchmarked an optimal number (3) of threads.
Set GUI update interval to every 9803-th LF evaluation.
Optimization settings:
	OPTIMIZATION_METHOD = 4
	OPTIMIZATION_PRECISION = 0.001
	MAXIMUM_ITERATIONS_PER_VARIABLE = 5000

Initial parameter values

t2.Condylura_cristata.nonSynRate = 0.1
t2.Condylura_cristata.synRate = 0.1
Optimization finished in 6 loop passes.
221 likelihood evaluation calls and 202 matrix exponentiations calls were made

Row and/or column partition is empty. All the data will be used by default.
Model MG94customModel assigned to Erinaceus_europaeus
Model MG94customModel assigned to Galemys_pyrenaicus
One branch tree supplied - hopefully this IS what you meant to do.
Rooted tree. Removing one branch - the left root child has been promoted to be the new root
Partition 0 reversible model flag computed as 1
Variable 't2.Galemys_pyrenaicus.nonSynRate' was not initialized prior to being used
Variable 't2.Galemys_pyrenaicus.synRate' was not initialized prior to being used
Auto-benchmarked an optimal number (4) of threads.
Set GUI update interval to every 10204-th LF evaluation.
Optimization settings:
	OPTIMIZATION_METHOD = 4
	OPTIMIZATION_PRECISION = 0.001
	MAXIMUM_ITERATIONS_PER_VARIABLE = 5000

Initial parameter values

t2.Galemys_pyrenaicus.nonSynRate = 0.1
t2.Galemys_pyrenaicus.synRate = 0.1
Optimization finished in 5 loop passes.
172 likelihood evaluation calls and 151 matrix exponentiations calls were made

Row and/or column partition is empty. All the data will be used by default.
Model MG94customModel assigned to Erinaceus_europaeus
Model MG94customModel assigned to Scalopus_aquaticus
One branch tree supplied - hopefully this IS what you meant to do.
Rooted tree. Removing one branch - the left root child has been promoted to be the new root
Partition 0 reversible model flag computed as 1
Variable 't2.Scalopus_aquaticus.nonSynRate' was not initialized prior to being used
Variable 't2.Scalopus_aquaticus.synRate' was not initialized prior to being used
Auto-benchmarked an optimal number (4) of threads.
Set GUI update interval to every 10204-th LF evaluation.
Optimization settings:
	OPTIMIZATION_METHOD = 4
	OPTIMIZATION_PRECISION = 0.001
	MAXIMUM_ITERATIONS_PER_VARIABLE = 5000

Initial parameter values

t2.Scalopus_aquaticus.nonSynRate = 0.1
t2.Scalopus_aquaticus.synRate = 0.1
Optimization finished in 5 loop passes.
186 likelihood evaluation calls and 168 matrix exponentiations calls were made

Row and/or column partition is empty. All the data will be used by default.
Model MG94customModel assigned to Erinaceus_europaeus
Model MG94customModel assigned to Talpa_occidentalis
One branch tree supplied - hopefully this IS what you meant to do.
Rooted tree. Removing one branch - the left root child has been promoted to be the new root
Partition 0 reversible model flag computed as 1
Variable 't2.Talpa_occidentalis.nonSynRate' was not initialized prior to being used
Variable 't2.Talpa_occidentalis.synRate' was not initialized prior to being used
Auto-benchmarked an optimal number (3) of threads.
Set GUI update interval to every 10000-th LF evaluation.
Optimization settings:
	OPTIMIZATION_METHOD = 4
	OPTIMIZATION_PRECISION = 0.001
	MAXIMUM_ITERATIONS_PER_VARIABLE = 5000

Initial parameter values

t2.Talpa_occidentalis.nonSynRate = 0.1
t2.Talpa_occidentalis.synRate = 0.1
Optimization finished in 6 loop passes.
196 likelihood evaluation calls and 177 matrix exponentiations calls were made

Row and/or column partition is empty. All the data will be used by default.
Model MG94customModel assigned to Sorex_araneus
Model MG94customModel assigned to Uropsilus_gracilis
One branch tree supplied - hopefully this IS what you meant to do.
Rooted tree. Removing one branch - the left root child has been promoted to be the new root
Partition 0 reversible model flag computed as 1
Variable 't2.Uropsilus_gracilis.nonSynRate' was not initialized prior to being used
Variable 't2.Uropsilus_gracilis.synRate' was not initialized prior to being used
Auto-benchmarked an optimal number (3) of threads.
Set GUI update interval to every 10204-th LF evaluation.
Optimization settings:
	OPTIMIZATION_METHOD = 4
	OPTIMIZATION_PRECISION = 0.001
	MAXIMUM_ITERATIONS_PER_VARIABLE = 5000

Initial parameter values

t2.Uropsilus_gracilis.nonSynRate = 0.1
t2.Uropsilus_gracilis.synRate = 0.1
Optimization finished in 6 loop passes.
189 likelihood evaluation calls and 164 matrix exponentiations calls were made

Row and/or column partition is empty. All the data will be used by default.
Model MG94customModel assigned to Sorex_araneus
Model MG94customModel assigned to Condylura_cristata
One branch tree supplied - hopefully this IS what you meant to do.
Rooted tree. Removing one branch - the left root child has been promoted to be the new root
Partition 0 reversible model flag computed as 1
Variable 't2.Condylura_cristata.nonSynRate' was not initialized prior to being used
Variable 't2.Condylura_cristata.synRate' was not initialized prior to being used
Auto-benchmarked an optimal number (2) of threads.
Set GUI update interval to every 10000-th LF evaluation.
Optimization settings:
	OPTIMIZATION_METHOD = 4
	OPTIMIZATION_PRECISION = 0.001
	MAXIMUM_ITERATIONS_PER_VARIABLE = 5000

Initial parameter values

t2.Condylura_cristata.nonSynRate = 0.1
t2.Condylura_cristata.synRate = 0.1
Optimization finished in 6 loop passes.
215 likelihood evaluation calls and 193 matrix exponentiations calls were made

Row and/or column partition is empty. All the data will be used by default.
Model MG94customModel assigned to Sorex_araneus
Model MG94customModel assigned to Galemys_pyrenaicus
One branch tree supplied - hopefully this IS what you meant to do.
Rooted tree. Removing one branch - the left root child has been promoted to be the new root
Partition 0 reversible model flag computed as 1
Variable 't2.Galemys_pyrenaicus.nonSynRate' was not initialized prior to being used
Variable 't2.Galemys_pyrenaicus.synRate' was not initialized prior to being used
Auto-benchmarked an optimal number (2) of threads.
Set GUI update interval to every 9803-th LF evaluation.
Optimization settings:
	OPTIMIZATION_METHOD = 4
	OPTIMIZATION_PRECISION = 0.001
	MAXIMUM_ITERATIONS_PER_VARIABLE = 5000

Initial parameter values

t2.Galemys_pyrenaicus.nonSynRate = 0.1
t2.Galemys_pyrenaicus.synRate = 0.1
Optimization finished in 6 loop passes.
281 likelihood evaluation calls and 262 matrix exponentiations calls were made

Row and/or column partition is empty. All the data will be used by default.
Model MG94customModel assigned to Sorex_araneus
Model MG94customModel assigned to Scalopus_aquaticus
One branch tree supplied - hopefully this IS what you meant to do.
Rooted tree. Removing one branch - the left root child has been promoted to be the new root
Partition 0 reversible model flag computed as 1
Variable 't2.Scalopus_aquaticus.nonSynRate' was not initialized prior to being used
Variable 't2.Scalopus_aquaticus.synRate' was not initialized prior to being used
Auto-benchmarked an optimal number (4) of threads.
Set GUI update interval to every 10204-th LF evaluation.
Optimization settings:
	OPTIMIZATION_METHOD = 4
	OPTIMIZATION_PRECISION = 0.001
	MAXIMUM_ITERATIONS_PER_VARIABLE = 5000

Initial parameter values

t2.Scalopus_aquaticus.nonSynRate = 0.1
t2.Scalopus_aquaticus.synRate = 0.1
Optimization finished in 11 loop passes.
255 likelihood evaluation calls and 233 matrix exponentiations calls were made

Row and/or column partition is empty. All the data will be used by default.
Model MG94customModel assigned to Sorex_araneus
Model MG94customModel assigned to Talpa_occidentalis
One branch tree supplied - hopefully this IS what you meant to do.
Rooted tree. Removing one branch - the left root child has been promoted to be the new root
Partition 0 reversible model flag computed as 1
Variable 't2.Talpa_occidentalis.nonSynRate' was not initialized prior to being used
Variable 't2.Talpa_occidentalis.synRate' was not initialized prior to being used
Auto-benchmarked an optimal number (4) of threads.
Set GUI update interval to every 10638-th LF evaluation.
Optimization settings:
	OPTIMIZATION_METHOD = 4
	OPTIMIZATION_PRECISION = 0.001
	MAXIMUM_ITERATIONS_PER_VARIABLE = 5000

Initial parameter values

t2.Talpa_occidentalis.nonSynRate = 0.1
t2.Talpa_occidentalis.synRate = 0.1
Optimization finished in 6 loop passes.
156 likelihood evaluation calls and 137 matrix exponentiations calls were made

Row and/or column partition is empty. All the data will be used by default.
Model MG94customModel assigned to Uropsilus_gracilis
Model MG94customModel assigned to Condylura_cristata
One branch tree supplied - hopefully this IS what you meant to do.
Rooted tree. Removing one branch - the left root child has been promoted to be the new root
Partition 0 reversible model flag computed as 1
Variable 't2.Condylura_cristata.nonSynRate' was not initialized prior to being used
Variable 't2.Condylura_cristata.synRate' was not initialized prior to being used
Auto-benchmarked an optimal number (3) of threads.
Set GUI update interval to every 9803-th LF evaluation.
Optimization settings:
	OPTIMIZATION_METHOD = 4
	OPTIMIZATION_PRECISION = 0.001
	MAXIMUM_ITERATIONS_PER_VARIABLE = 5000

Initial parameter values

t2.Condylura_cristata.nonSynRate = 0.1
t2.Condylura_cristata.synRate = 0.1
Optimization finished in 9 loop passes.
177 likelihood evaluation calls and 164 matrix exponentiations calls were made

Row and/or column partition is empty. All the data will be used by default.
Model MG94customModel assigned to Uropsilus_gracilis
Model MG94customModel assigned to Galemys_pyrenaicus
One branch tree supplied - hopefully this IS what you meant to do.
Rooted tree. Removing one branch - the left root child has been promoted to be the new root
Partition 0 reversible model flag computed as 1
Variable 't2.Galemys_pyrenaicus.nonSynRate' was not initialized prior to being used
Variable 't2.Galemys_pyrenaicus.synRate' was not initialized prior to being used
Auto-benchmarked an optimal number (4) of threads.
Set GUI update interval to every 10204-th LF evaluation.
Optimization settings:
	OPTIMIZATION_METHOD = 4
	OPTIMIZATION_PRECISION = 0.001
	MAXIMUM_ITERATIONS_PER_VARIABLE = 5000

Initial parameter values

t2.Galemys_pyrenaicus.nonSynRate = 0.1
t2.Galemys_pyrenaicus.synRate = 0.1
Optimization finished in 6 loop passes.
261 likelihood evaluation calls and 245 matrix exponentiations calls were made

Row and/or column partition is empty. All the data will be used by default.
Model MG94customModel assigned to Uropsilus_gracilis
Model MG94customModel assigned to Scalopus_aquaticus
One branch tree supplied - hopefully this IS what you meant to do.
Rooted tree. Removing one branch - the left root child has been promoted to be the new root
Partition 0 reversible model flag computed as 1
Variable 't2.Scalopus_aquaticus.nonSynRate' was not initialized prior to being used
Variable 't2.Scalopus_aquaticus.synRate' was not initialized prior to being used
Auto-benchmarked an optimal number (4) of threads.
Set GUI update interval to every 10000-th LF evaluation.
Optimization settings:
	OPTIMIZATION_METHOD = 4
	OPTIMIZATION_PRECISION = 0.001
	MAXIMUM_ITERATIONS_PER_VARIABLE = 5000

Initial parameter values

t2.Scalopus_aquaticus.nonSynRate = 0.1
t2.Scalopus_aquaticus.synRate = 0.1
Optimization finished in 9 loop passes.
197 likelihood evaluation calls and 179 matrix exponentiations calls were made

Row and/or column partition is empty. All the data will be used by default.
Model MG94customModel assigned to Uropsilus_gracilis
Model MG94customModel assigned to Talpa_occidentalis
One branch tree supplied - hopefully this IS what you meant to do.
Rooted tree. Removing one branch - the left root child has been promoted to be the new root
Partition 0 reversible model flag computed as 1
Variable 't2.Talpa_occidentalis.nonSynRate' was not initialized prior to being used
Variable 't2.Talpa_occidentalis.synRate' was not initialized prior to being used
Auto-benchmarked an optimal number (2) of threads.
Set GUI update interval to every 9615-th LF evaluation.
Optimization settings:
	OPTIMIZATION_METHOD = 4
	OPTIMIZATION_PRECISION = 0.001
	MAXIMUM_ITERATIONS_PER_VARIABLE = 5000

Initial parameter values

t2.Talpa_occidentalis.nonSynRate = 0.1
t2.Talpa_occidentalis.synRate = 0.1
Optimization finished in 6 loop passes.
153 likelihood evaluation calls and 129 matrix exponentiations calls were made

Row and/or column partition is empty. All the data will be used by default.
Model MG94customModel assigned to Condylura_cristata
Model MG94customModel assigned to Galemys_pyrenaicus
One branch tree supplied - hopefully this IS what you meant to do.
Rooted tree. Removing one branch - the left root child has been promoted to be the new root
Partition 0 reversible model flag computed as 1
Variable 't2.Galemys_pyrenaicus.nonSynRate' was not initialized prior to being used
Variable 't2.Galemys_pyrenaicus.synRate' was not initialized prior to being used
Auto-benchmarked an optimal number (3) of threads.
Set GUI update interval to every 10000-th LF evaluation.
Optimization settings:
	OPTIMIZATION_METHOD = 4
	OPTIMIZATION_PRECISION = 0.001
	MAXIMUM_ITERATIONS_PER_VARIABLE = 5000

Initial parameter values

t2.Galemys_pyrenaicus.nonSynRate = 0.1
t2.Galemys_pyrenaicus.synRate = 0.1
Optimization finished in 6 loop passes.
219 likelihood evaluation calls and 201 matrix exponentiations calls were made

Row and/or column partition is empty. All the data will be used by default.
Model MG94customModel assigned to Condylura_cristata
Model MG94customModel assigned to Scalopus_aquaticus
One branch tree supplied - hopefully this IS what you meant to do.
Rooted tree. Removing one branch - the left root child has been promoted to be the new root
Partition 0 reversible model flag computed as 1
Variable 't2.Scalopus_aquaticus.nonSynRate' was not initialized prior to being used
Variable 't2.Scalopus_aquaticus.synRate' was not initialized prior to being used
Auto-benchmarked an optimal number (4) of threads.
Set GUI update interval to every 10000-th LF evaluation.
Optimization settings:
	OPTIMIZATION_METHOD = 4
	OPTIMIZATION_PRECISION = 0.001
	MAXIMUM_ITERATIONS_PER_VARIABLE = 5000

Initial parameter values

t2.Scalopus_aquaticus.nonSynRate = 0.1
t2.Scalopus_aquaticus.synRate = 0.1
Optimization finished in 6 loop passes.
220 likelihood evaluation calls and 200 matrix exponentiations calls were made

Row and/or column partition is empty. All the data will be used by default.
Model MG94customModel assigned to Condylura_cristata
Model MG94customModel assigned to Talpa_occidentalis
One branch tree supplied - hopefully this IS what you meant to do.
Rooted tree. Removing one branch - the left root child has been promoted to be the new root
Partition 0 reversible model flag computed as 1
Variable 't2.Talpa_occidentalis.nonSynRate' was not initialized prior to being used
Variable 't2.Talpa_occidentalis.synRate' was not initialized prior to being used
Auto-benchmarked an optimal number (3) of threads.
Set GUI update interval to every 9803-th LF evaluation.
Optimization settings:
	OPTIMIZATION_METHOD = 4
	OPTIMIZATION_PRECISION = 0.001
	MAXIMUM_ITERATIONS_PER_VARIABLE = 5000

Initial parameter values

t2.Talpa_occidentalis.nonSynRate = 0.1
t2.Talpa_occidentalis.synRate = 0.1
Optimization finished in 6 loop passes.
204 likelihood evaluation calls and 186 matrix exponentiations calls were made

Row and/or column partition is empty. All the data will be used by default.
Model MG94customModel assigned to Galemys_pyrenaicus
Model MG94customModel assigned to Scalopus_aquaticus
One branch tree supplied - hopefully this IS what you meant to do.
Rooted tree. Removing one branch - the left root child has been promoted to be the new root
Partition 0 reversible model flag computed as 1
Variable 't2.Scalopus_aquaticus.nonSynRate' was not initialized prior to being used
Variable 't2.Scalopus_aquaticus.synRate' was not initialized prior to being used
Auto-benchmarked an optimal number (3) of threads.
Set GUI update interval to every 10000-th LF evaluation.
Optimization settings:
	OPTIMIZATION_METHOD = 4
	OPTIMIZATION_PRECISION = 0.001
	MAXIMUM_ITERATIONS_PER_VARIABLE = 5000

Initial parameter values

t2.Scalopus_aquaticus.nonSynRate = 0.1
t2.Scalopus_aquaticus.synRate = 0.1
Optimization finished in 6 loop passes.
280 likelihood evaluation calls and 264 matrix exponentiations calls were made

Row and/or column partition is empty. All the data will be used by default.
Model MG94customModel assigned to Galemys_pyrenaicus
Model MG94customModel assigned to Talpa_occidentalis
One branch tree supplied - hopefully this IS what you meant to do.
Rooted tree. Removing one branch - the left root child has been promoted to be the new root
Partition 0 reversible model flag computed as 1
Variable 't2.Talpa_occidentalis.nonSynRate' was not initialized prior to being used
Variable 't2.Talpa_occidentalis.synRate' was not initialized prior to being used
Auto-benchmarked an optimal number (3) of threads.
Set GUI update interval to every 10000-th LF evaluation.
Optimization settings:
	OPTIMIZATION_METHOD = 4
	OPTIMIZATION_PRECISION = 0.001
	MAXIMUM_ITERATIONS_PER_VARIABLE = 5000

Initial parameter values

t2.Talpa_occidentalis.nonSynRate = 0.1
t2.Talpa_occidentalis.synRate = 0.1
Optimization finished in 6 loop passes.
262 likelihood evaluation calls and 244 matrix exponentiations calls were made

Row and/or column partition is empty. All the data will be used by default.
Model MG94customModel assigned to Scalopus_aquaticus
Model MG94customModel assigned to Talpa_occidentalis
One branch tree supplied - hopefully this IS what you meant to do.
Rooted tree. Removing one branch - the left root child has been promoted to be the new root
Partition 0 reversible model flag computed as 1
Auto-benchmarked an optimal number (3) of threads.
Set GUI update interval to every 1275-th LF evaluation.
Optimization settings:
	OPTIMIZATION_METHOD = 4
	OPTIMIZATION_PRECISION = 0.001
	MAXIMUM_ITERATIONS_PER_VARIABLE = 5000

Initial parameter values

t2.Talpa_occidentalis.nonSynRate = 0.1
t2.Talpa_occidentalis.synRate = 0.1
Optimization finished in 6 loop passes.
181 likelihood evaluation calls and 161 matrix exponentiations calls were made
