   SW   perc perc perc  query                       position in query     matching   repeat           position in repeat
score   div. del. ins.  sequence                    begin end    (left)   repeat     class/family   begin  end    (left)  ID

  404   34.2  4.0  2.5  KZ861075.1:1436300-1469000   1080  1433 (31268) C Plat_L3    LINE/CR1        (118)   3455   3097   1  
   19    8.1  0.0  0.0  KZ861075.1:1436300-1469000   3754  3779 (28922) + (T)n       Simple_repeat       1     26    (0)   2  
 1015   31.4  2.7  2.1  KZ861075.1:1436300-1469000   3981  4635 (28066) + CR1-3_Croc LINE/CR1         2425   3567    (6)   3  
   26   24.0  1.4  0.0  KZ861075.1:1436300-1469000   6470  6538 (26163) + (TAT)n     Simple_repeat       1     70    (0)   4  
   16    0.0  0.0  0.0  KZ861075.1:1436300-1469000   7013  7033 (25668) + (ACAA)n    Simple_repeat       1     21    (0)   5  
   44    2.3  0.0  0.0  KZ861075.1:1436300-1469000   7549  7593 (25108) + (TGTT)n    Simple_repeat       1     45    (0)   6  
  864   28.4  5.6  2.6  KZ861075.1:1436300-1469000   8161  8604 (24097) C Plat_L3    LINE/CR1          (3)   3570   3114   7  
  383   32.0  8.4  3.4  KZ861075.1:1436300-1469000   8943  9311 (23390) C Plat_L3    LINE/CR1          (0)   3573   3187   8  
  806   32.9  2.4  1.7  KZ861075.1:1436300-1469000  10685 11235 (21466) + CR1-3_Croc LINE/CR1         2544   3569    (4)   9  
  491   35.4  1.9  3.0  KZ861075.1:1436300-1469000  11233 11605 (21096) + CR1-3_Croc LINE/CR1         3201   3569    (4)   9 *
   31    0.0  0.0  3.0  KZ861075.1:1436300-1469000  13349 13382 (19319) + (AAAAC)n   Simple_repeat       1     33    (0)  10  
   28    3.3  0.0  0.0  KZ861075.1:1436300-1469000  15197 15227 (17474) + (AAAC)n    Simple_repeat       1     31    (0)  11  
  406   28.9  4.0  4.4  KZ861075.1:1436300-1469000  16888 17140 (15561) + Plat_L3    LINE/CR1         3319   3570    (3)  12  
   17    3.4  0.0  9.1  KZ861075.1:1436300-1469000  17222 17257 (15444) + (AAATGG)n  Simple_repeat       1     33    (0)  13  
   24   17.7  0.9  1.9  KZ861075.1:1436300-1469000  17758 17825 (14876) + A-rich     Low_complexity      1     67    (0)  14  
   18    4.7  0.0  0.0  KZ861075.1:1436300-1469000  17826 17847 (14854) + (T)n       Simple_repeat       1     22    (0)  15  
   11   18.6  0.0  7.7  KZ861075.1:1436300-1469000  18249 18290 (14411) + A-rich     Low_complexity      1     39    (0)  16  
  367   27.5  0.9  3.9  KZ861075.1:1436300-1469000  19501 19717 (12984) C CR1-3_Croc LINE/CR1        (149)   3128   2883  17  
  296   21.5  0.3  2.4  KZ861075.1:1436300-1469000  20263 20343 (12358) C L3b        LINE/CR1          (3)   5229   5167  18  
   22   10.8  0.0  0.0  KZ861075.1:1436300-1469000  20930 20960 (11741) + (A)n       Simple_repeat       1     31    (0)  19  
  916   31.4  6.6  3.8  KZ861075.1:1436300-1469000  21242 21937 (10764) + Plat_L3    LINE/CR1         2856   3570    (3)  20  
   14   17.5  0.0  0.0  KZ861075.1:1436300-1469000  22833 22864  (9837) + (CTCTTC)n  Simple_repeat       1     32    (0)  21  
   13    9.1  8.1  2.6  KZ861075.1:1436300-1469000  26645 26656  (6045) + A-rich     Low_complexity      1     37    (0)  22  
   16    9.3  0.0  0.0  KZ861075.1:1436300-1469000  26657 26679  (6022) + (A)n       Simple_repeat       1     23    (0)  23  
   15    5.6  0.0  0.0  KZ861075.1:1436300-1469000  26968 26986  (5715) + (A)n       Simple_repeat       1     19    (0)  24  
   20    8.4  0.0  7.3  KZ861075.1:1436300-1469000  31028 31071  (1630) + A-rich     Low_complexity      1     41    (0)  25  
   13   32.2  0.0  4.4  KZ861075.1:1436300-1469000  32104 32174   (527) + (ACTTTTT)n Simple_repeat       1     68    (0)  26  
