
Loaded 'libv3/convenience/matrix.bf' from /usr/local/lib/hyphy/TemplateBatchFiles/libv3/convenience/matrix.bf
Loaded 'libv3/UtilityFunctions.bf' from /usr/local/lib/hyphy/TemplateBatchFiles/libv3/UtilityFunctions.bf
Loaded 'IOFunctions.bf' from /usr/local/lib/hyphy/TemplateBatchFiles/libv3/IOFunctions.bf
Already loaded 'libv3/UtilityFunctions.bf' from /usr/local/lib/hyphy/TemplateBatchFiles/libv3/UtilityFunctions.bf
Loaded 'convenience/regexp.bf' from /usr/local/lib/hyphy/TemplateBatchFiles/libv3/convenience/regexp.bf
Loaded 'libv3/all-terms.bf' from /usr/local/lib/hyphy/TemplateBatchFiles/libv3/all-terms.bf
Variable 'skipCodeSelectionStep' was not initialized prior to being used
Row and/or column partition is empty. All the data will be used by default.
Overwritten previously defined function:'GaussLaguerreQuardature'
Overwritten previously defined function:'GammaQuadWeight'
Variable 'SKIP_HARVEST_FREQ' was not initialized prior to being used
Variable '_WRAP_PASSTHROUGH_FLAG_' was not initialized prior to being used
Variable 'END_OF_FILE' was not initialized prior to being used
Variable '_DO_TREE_REBALANCE_' was not initialized prior to being used
Variable '_KEEP_I_LABELS_' was not initialized prior to being used
Model MG94customModel assigned to Manis_javanica
Manis_javanica has 2 parameters - branch length not assigned
Model MG94customModel assigned to Manis_pentadactyla
Manis_pentadactyla has 2 parameters - branch length not assigned
Model MG94customModel assigned to Manis_tricuspis
Manis_tricuspis has 2 parameters - branch length not assigned
The tips of the tree:givenTree were matched with the species names from the data in the following numeric order (0-based) {0,1,2}

Pseudo-optimal path's cost 390 vs 390 for 1..k=> a 1 x improvement
Partition 0 reversible model flag computed as 1
Variable 'theLnLik' was not initialized prior to being used
Variable 'SAVE_OPT_STATUS_TO' was not initialized prior to being used
Variable 'givenTree.Manis_javanica.nonSynRate' was not initialized prior to being used
Variable 'givenTree.Manis_javanica.synRate' was not initialized prior to being used
Variable 'givenTree.Manis_pentadactyla.nonSynRate' was not initialized prior to being used
Variable 'givenTree.Manis_pentadactyla.synRate' was not initialized prior to being used
Variable 'givenTree.Manis_tricuspis.nonSynRate' was not initialized prior to being used
Variable 'givenTree.Manis_tricuspis.synRate' was not initialized prior to being used
Site 2 evaluated to a 0 probability in ComputeTreeBlockByBranch
Site 2 evaluated to a 0 probability in ComputeTreeBlockByBranch
Site 67 evaluated to a 0 probability in ComputeTreeBlockByBranch
Auto-benchmarked an optimal number (1) of threads.
Set GUI update interval to every 2066-th LF evaluation.
Initial guess for givenTree.Manis_pentadactyla.nonSynRate is 0.0138924
Initial guess for givenTree.Manis_pentadactyla.synRate is 0.00243191
Initial guess for givenTree.Manis_tricuspis.nonSynRate is 0.00533811
Initial guess for givenTree.Manis_tricuspis.synRate is 0.00181331
Optimization settings:
	OPTIMIZATION_METHOD = 4
	OPTIMIZATION_PRECISION = 0.001
	MAXIMUM_ITERATIONS_PER_VARIABLE = 5000

Initial parameter values

CT = 1
GT = 1
CG = 1
AC = 1
AT = 1
givenTree.Manis_javanica.synRate = 0.1
givenTree.Manis_javanica.nonSynRate = 0.1
givenTree.Manis_pentadactyla.synRate = 0.00243191
givenTree.Manis_pentadactyla.nonSynRate = 0.0138924
givenTree.Manis_tricuspis.synRate = 0.00181331
givenTree.Manis_tricuspis.nonSynRate = 0.00533811
Optimization finished in 19 loop passes.
972 likelihood evaluation calls and 2178 matrix exponentiations calls were made

Variable 'lastDepth' was not initialized prior to being used
No nodel was assigned to Manis_javanica
Manis_javanica has 0 parameters - branch length not assigned
No nodel was assigned to Manis_pentadactyla
Manis_pentadactyla has 0 parameters - branch length not assigned
No nodel was assigned to Manis_tricuspis
Manis_tricuspis has 0 parameters - branch length not assigned
No nodel was assigned to Manis_javanica
Manis_javanica has 0 parameters - branch length not assigned
No nodel was assigned to Manis_pentadactyla
Manis_pentadactyla has 0 parameters - branch length not assigned
No nodel was assigned to Manis_tricuspis
Manis_tricuspis has 0 parameters - branch length not assigned
No nodel was assigned to Manis_javanica
Manis_javanica has 0 parameters - branch length not assigned
No nodel was assigned to Manis_pentadactyla
Manis_pentadactyla has 0 parameters - branch length not assigned
No nodel was assigned to Manis_tricuspis
Manis_tricuspis has 0 parameters - branch length not assigned
No nodel was assigned to Manis_javanica
Manis_javanica has 0 parameters - branch length not assigned
No nodel was assigned to Manis_pentadactyla
Manis_pentadactyla has 0 parameters - branch length not assigned
No nodel was assigned to Manis_tricuspis
Manis_tricuspis has 0 parameters - branch length not assigned
Variable 'nodeName' was not initialized prior to being used
Variable 'speciesIndex' was not initialized prior to being used
Row and/or column partition is empty. All the data will be used by default.
Model MG94customModel assigned to Manis_javanica
Model MG94customModel assigned to Manis_pentadactyla
One branch tree supplied - hopefully this IS what you meant to do.
Rooted tree. Removing one branch - the left root child has been promoted to be the new root
Partition 0 reversible model flag computed as 1
Variable 'twoLnLik' was not initialized prior to being used
Variable 't2.Manis_pentadactyla.nonSynRate' was not initialized prior to being used
Variable 't2.Manis_pentadactyla.synRate' was not initialized prior to being used
Auto-benchmarked an optimal number (3) of threads.
Set GUI update interval to every 10416-th LF evaluation.
Optimization settings:
	OPTIMIZATION_METHOD = 4
	OPTIMIZATION_PRECISION = 0.001
	MAXIMUM_ITERATIONS_PER_VARIABLE = 5000

Initial parameter values

t2.Manis_pentadactyla.nonSynRate = 0.1
t2.Manis_pentadactyla.synRate = 0.1
Optimization finished in 6 loop passes.
156 likelihood evaluation calls and 141 matrix exponentiations calls were made

Row and/or column partition is empty. All the data will be used by default.
Model MG94customModel assigned to Manis_javanica
Model MG94customModel assigned to Manis_tricuspis
One branch tree supplied - hopefully this IS what you meant to do.
Rooted tree. Removing one branch - the left root child has been promoted to be the new root
Partition 0 reversible model flag computed as 1
Variable 't2.Manis_tricuspis.nonSynRate' was not initialized prior to being used
Variable 't2.Manis_tricuspis.synRate' was not initialized prior to being used
Auto-benchmarked an optimal number (4) of threads.
Set GUI update interval to every 10204-th LF evaluation.
Optimization settings:
	OPTIMIZATION_METHOD = 4
	OPTIMIZATION_PRECISION = 0.001
	MAXIMUM_ITERATIONS_PER_VARIABLE = 5000

Initial parameter values

t2.Manis_tricuspis.nonSynRate = 0.1
t2.Manis_tricuspis.synRate = 0.1
Optimization finished in 6 loop passes.
209 likelihood evaluation calls and 192 matrix exponentiations calls were made

Row and/or column partition is empty. All the data will be used by default.
Model MG94customModel assigned to Manis_pentadactyla
Model MG94customModel assigned to Manis_tricuspis
One branch tree supplied - hopefully this IS what you meant to do.
Rooted tree. Removing one branch - the left root child has been promoted to be the new root
Partition 0 reversible model flag computed as 1
Auto-benchmarked an optimal number (2) of threads.
Set GUI update interval to every 1730-th LF evaluation.
Optimization settings:
	OPTIMIZATION_METHOD = 4
	OPTIMIZATION_PRECISION = 0.001
	MAXIMUM_ITERATIONS_PER_VARIABLE = 5000

Initial parameter values

t2.Manis_tricuspis.nonSynRate = 0.1
t2.Manis_tricuspis.synRate = 0.1
Optimization finished in 7 loop passes.
109 likelihood evaluation calls and 101 matrix exponentiations calls were made
