Manis_tricuspis	Manis_pentadactyla	Manis_javanica	
0.0013502	0.00031927	0.15415	
0.0013498	0.00031747	0.15371	
0.0013495	0.00031571	0.1533	
0.0013492	0.00031392	0.15287	
0.001349	0.00031217	0.15248	
0.0013458	0.00031049	0.15213	
0.0013429	0.00030885	0.1518	
0.0013398	0.00030719	0.15146	
0.0013367	0.0003055	0.1511	
0.0013334	0.00030378	0.15072	
0.00133	0.00030204	0.15033	
0.0013266	0.00030027	0.14991	
0.001323	0.00029847	0.14948	
0.0013193	0.00029665	0.14903	
0.0013159	0.00029487	0.14862	
0.0013123	0.00029307	0.14819	
0.0013089	0.00029132	0.14779	
0.0013054	0.00028953	0.14737	
0.0013018	0.00028772	0.14693	
0.0012981	0.00028588	0.14648	
0.0012946	0.00028408	0.14605	
0.0012913	0.00028233	0.14566	
0.0012882	0.00028064	0.14531	
0.0012851	0.00027891	0.14493	
0.0012816	0.00027716	0.14454	
0.0012783	0.00027545	0.14418	
0.0012753	0.00027379	0.14385	
0.0012724	0.00027217	0.14355	
0.0012694	0.00027052	0.14323	
0.0012663	0.00026884	0.14289	
0.0012634	0.00026722	0.14259	
0.0012608	0.00026564	0.14232	
0.0012583	0.00026415	0.14089	
0.0012561	0.0002627	0.13953	
0.001254	0.00026129	0.13824	
0.0012518	0.00025985	0.13691	
0.0012496	0.00025839	0.13554	
0.0012475	0.00025698	0.13425	
0.0012456	0.0002556	0.13303	
0.0012436	0.00025421	0.13177	
0.0012418	0.00025285	0.13057	
0.0012401	0.00025153	0.12943	
0.0012386	0.00025026	0.12836	
0.0012371	0.00024896	0.12725	
0.0012322	0.00024771	0.12621	
0.0012276	0.00024651	0.12523	
0.0012233	0.00024534	0.12431	
0.0012193	0.00024422	0.12344	
0.0012155	0.00024314	0.12262	
0.001212	0.00024209	0.12185	
0.0012083	0.00024102	0.12106	
0.0012045	0.00023993	0.12024	
0.001201	0.00023888	0.11947	
0.0011927	0.00023787	0.11874	
0.0011883	0.00023682	0.11799	
0.0011839	0.00023575	0.11721	
0.0011797	0.00023471	0.11647	
0.0011754	0.00023365	0.11571	
0.0011656	0.00023263	0.115	
0.0011451	0.00023166	0.11433	
0.0011257	0.00023073	0.11372	
0.0011056	0.00022977	0.11307	
0.0010841	0.00022879	0.11241	
0.0010636	0.00022784	0.11178	
0.0010424	0.00022687	0.11113	
0.0010207	0.00022588	0.11045	
0.0009983	0.00022485	0.10975	
0.00098603	0.00022381	0.10902	
0.00097346	0.00022274	0.10827	
0.00096057	0.00022165	0.1075	
0.00094857	0.0002206	0.10677	
0.00093628	0.00021953	0.10602	
0.00092457	0.00021849	0.10532	
0.00091257	0.00021743	0.10459	
0.00090028	0.00021635	0.10384	
0.00088856	0.00021531	0.10313	
0.00087747	0.0002143	0.10246	
0.00086605	0.00021327	0.10177	
0.00085517	0.00021227	0.10112	
0.0008448	0.0002113	0.1005	
0.00083418	0.00021031	0.09987	
0.00082405	0.00020936	0.099271	
0.00081863	0.00020836	0.098642	
0.00081307	0.00020735	0.097993	
0.00080737	0.00020631	0.097323	
0.00080451	0.00020524	0.096625	
0.00080157	0.00020414	0.095907	
0.00079882	0.00020309	0.095231	
0.00079597	0.00020201	0.094532	
0.0007933	0.00020097	0.093875	
0.00079054	0.0001999	0.093195	
0.0007877	0.00019882	0.092497	
0.00078477	0.00019772	0.091778	
0.00078203	0.00019665	0.091101	
0.00077946	0.00019562	0.090463	
0.00077865	0.00019455	0.089801	
0.00077777	0.00019347	0.089119	
0.00077684	0.00019236	0.088418	
0.00077603	0.00019129	0.087756	
0.00077533	0.00019025	0.087129	
0.00077473	0.00018924	0.086537	
0.00077425	0.00018826	0.085976	
0.00077387	0.00018731	0.085446	
0.00077359	0.00018639	0.084945	
0.00077341	0.00018549	0.084472	
0.00077332	0.00018462	0.084023	
0.00077318	0.00018373	0.083561	
0.000773	0.00018282	0.083085	
0.00077278	0.00018191	0.082599	
0.00077265	0.00018101	0.082138	
0.00077249	0.00018011	0.081667	
0.00077241	0.00017922	0.081218	
0.0007723	0.00017833	0.080759	
0.00077215	0.00017742	0.08029	
0.00077209	0.00017654	0.079845	
0.00077211	0.00017567	0.079421	
0.00077222	0.00017483	0.079018	
0.00077228	0.00017397	0.078603	
0.00077231	0.0001731	0.07818	
0.00077231	0.00017222	0.077747	
0.00077227	0.00017133	0.077304	
0.00077233	0.00017046	0.076885	
0.00077246	0.00016961	0.076485	
0.00077268	0.00016878	0.076107	
0.00077286	0.00016794	0.075719	
0.00077313	0.00016713	0.075352	
0.00077337	0.0001663	0.074977	
0.00077369	0.00016549	0.07462	
0.00077397	0.00016466	0.074253	
0.00077422	0.00016383	0.073878	
0.00077171	0.00016302	0.073525	
0.00076932	0.00016223	0.07319	
0.00076704	0.00016146	0.072875	
0.00076488	0.00016071	0.072579	
0.00076282	0.00015998	0.072298	
0.00076072	0.00015924	0.072009	
0.00075872	0.00015852	0.071738	
0.00075669	0.00015778	0.071459	
0.00075462	0.00015704	0.071173	
0.00075251	0.00015629	0.07088	
0.00075038	0.00015552	0.07058	
0.0007482	0.00015475	0.070274	
0.00074613	0.00015399	0.069982	
0.00074401	0.00015322	0.069683	
0.00074186	0.00015244	0.069376	
0.00073981	0.00015168	0.069086	
0.00073772	0.00015091	0.068789	
0.00073572	0.00015016	0.068506	
0.00073369	0.00014939	0.068216	
0.00073176	0.00014865	0.067943	
0.00072993	0.00014792	0.067686	
0.00072818	0.0001472	0.067443	
0.0007264	0.00014648	0.067192	
0.00072458	0.00014574	0.066935	
0.00072285	0.00014502	0.066692	
0.00072109	0.0001443	0.066442	
0.0007193	0.00014356	0.066186	
0.00071747	0.00014281	0.065923	
0.00071574	0.00014208	0.065675	
0.0007141	0.00014136	0.065443	
0.00071254	0.00014066	0.065224	
0.00071095	0.00013995	0.064998	
0.00070944	0.00013926	0.064785	
0.0007079	0.00013856	0.064566	
0.00070645	0.00013787	0.064362	
0.00070507	0.00013719	0.064169	
0.00070367	0.00013651	0.063972	
0.00070224	0.00013582	0.063769	
0.00070089	0.00013514	0.063578	
0.00069961	0.00013448	0.0634	
0.00069831	0.0001338	0.063216	
0.00069697	0.00013312	0.063026	
0.00069562	0.00013243	0.06283	
0.00069433	0.00013176	0.062647	
0.00069302	0.00013107	0.062459	
0.0006918	0.0001304	0.062284	
0.00069066	0.00012975	0.062123	
0.0006896	0.00012911	0.061976	
0.00068851	0.00012847	0.061824	
0.00068751	0.00012784	0.061684	
0.00068659	0.00012722	0.061558	
0.00068574	0.00012662	0.061445	
0.00068496	0.00012603	0.061344	
0.00068416	0.00012543	0.061236	
0.00068342	0.00012485	0.06114	
0.00068275	0.00012428	0.061056	
0.00068215	0.00012372	0.060982	
0.00068152	0.00012315	0.060903	
0.00068086	0.00012258	0.060818	
0.00068019	0.00012199	0.060729	
0.00067958	0.00012142	0.06065	
0.00067894	0.00012084	0.060566	
0.00067838	0.00012027	0.060495	
0.0006778	0.0001197	0.060419	
0.00067719	0.00011911	0.060337	
0.00067665	0.00011855	0.060268	
0.00067619	0.00011799	0.060212	
0.00067571	0.00011743	0.06015	
0.00067529	0.00011688	0.060099	
0.00067495	0.00011634	0.060061	
0.00067467	0.00011582	0.060035	
0.00067446	0.0001153	0.060019	
0.00067422	0.00011478	0.059997	
0.00067405	0.00011428	0.059988	
0.00067386	0.00011376	0.059973	
0.00067364	0.00011323	0.059952	
0.00067348	0.00011272	0.059942	
0.0006733	0.0001122	0.059927	
0.00067318	0.00011169	0.059923	
0.00067314	0.00011119	0.05993	
0.00067315	0.0001107	0.059948	
0.00067314	0.00011021	0.059961	
0.0006731	0.0001097	0.059967	
0.00067314	0.00010921	0.059986	
0.00067314	0.00010871	0.06	
0.00067323	0.00010823	0.060026	
0.00067339	0.00010775	0.060066	
0.00067363	0.00010729	0.060118	
0.00067393	0.00010685	0.060182	
0.0006743	0.00010641	0.060257	
0.00067476	0.00010599	0.060347	
0.0006753	0.00010559	0.06045	
0.00067592	0.0001052	0.059791	
0.0006765	0.00010481	0.05912	
0.00067705	0.0001044	0.058438	
0.00067757	0.00010399	0.057743	
0.00067805	0.00010356	0.057039	
0.00067862	0.00010315	0.056362	
0.00067927	0.00010276	0.055712	
0.00068001	0.00010237	0.055088	
0.00068083	0.00010201	0.054488	
0.00067922	0.00010165	0.053916	
0.0006777	0.00010131	0.053363	
0.00067613	0.00010096	0.052801	
0.00067454	0.0001006	0.05223	
0.00067291	0.00010024	0.05165	
0.00067137	9.988e-05	0.05109	
0.00066979	9.9514e-05	0.050521	
0.00066817	9.9139e-05	0.049942	
0.00066665	9.8776e-05	0.049385	
0.00066521	9.8424e-05	0.048848	
0.00066373	9.8063e-05	0.048302	
0.00066223	9.7693e-05	0.047747	
0.0006608	9.7334e-05	0.047211	
0.00065934	9.6967e-05	0.046667	
0.00065796	9.6609e-05	0.04614	
0.00065655	9.6243e-05	0.045605	
0.0006551	9.5867e-05	0.045061	
0.00065362	9.5483e-05	0.044509	
0.00065223	9.5111e-05	0.043977	
0.0006508	9.473e-05	0.043436	
0.00064946	9.4361e-05	0.042916	
0.0006481	9.3984e-05	0.042388	
0.00064681	9.3619e-05	0.04188	
0.0006455	9.3245e-05	0.041364	
0.00064427	9.2883e-05	0.040867	
0.00064302	9.2513e-05	0.040364	
0.00064173	9.2134e-05	0.039852	
0.00064053	9.1767e-05	0.039359	
0.0006393	9.1392e-05	0.038859	
0.00063815	9.1026e-05	0.038376	
0.00063696	9.0653e-05	0.037884	
0.00063584	9.0288e-05	0.037409	
0.0006347	8.9916e-05	0.036927	
0.00063363	8.9553e-05	0.03646	
0.00063252	8.9181e-05	0.035985	
0.0006315	8.8821e-05	0.035528	
0.00063044	8.8452e-05	0.035063	
0.00062937	8.8075e-05	0.034592	
0.00062826	8.7691e-05	0.034114	
0.00062713	8.7299e-05	0.033629	
0.00062608	8.6919e-05	0.033161	
0.00062501	8.653e-05	0.032688	
0.0006239	8.6134e-05	0.032207	
0.00062278	8.5731e-05	0.031719	
0.00062173	8.5338e-05	0.03125	
0.00062065	8.4937e-05	0.030772	
0.00061954	8.4527e-05	0.030286	
0.00061841	8.411e-05	0.029793	
0.00061725	8.3685e-05	0.029293	
0.00061616	8.3269e-05	0.02881	
0.00061504	8.2845e-05	0.028318	
0.00061399	8.243e-05	0.027842	
0.00061291	8.2007e-05	0.027358	
0.00061191	8.1595e-05	0.026891	
0.00061099	8.1194e-05	0.026443	
0.00061004	8.0785e-05	0.025987	
0.00060917	8.0387e-05	0.025547	
0.00060837	7.9999e-05	0.025123	
0.00060753	7.9601e-05	0.024694	
0.00060667	7.9195e-05	0.024258	
0.00060588	7.8799e-05	0.023837	
0.00060505	7.8394e-05	0.023408	
0.00060431	7.8e-05	0.022995	
0.00060353	7.7598e-05	0.022574	
0.00060273	7.7186e-05	0.022146	
0.000602	7.6786e-05	0.021733	
0.00060133	7.6395e-05	0.021335	
0.00060064	7.5995e-05	0.020929	
0.00060002	7.5606e-05	0.020538	
0.00059938	7.5209e-05	0.020141	
0.0005988	7.4821e-05	0.019757	
0.00059819	7.4425e-05	0.019365	
0.00059765	7.4038e-05	0.018987	
0.00059708	7.3642e-05	0.018601	
0.00059648	7.3238e-05	0.018209	
0.00059596	7.2844e-05	0.017831	
0.0005955	7.2461e-05	0.017467	
0.00059513	7.2088e-05	0.017116	
0.00059481	7.1724e-05	0.016777	
0.00059447	7.1351e-05	0.016432	
0.00059419	7.0989e-05	0.016099	
0.0005939	7.0619e-05	0.015761	
0.00059367	7.0258e-05	0.015434	
0.0005935	6.9906e-05	0.015118	
0.00059339	6.9562e-05	0.014812	
0.00059336	6.9229e-05	0.014518	
0.0005934	6.8906e-05	0.014236	
0.00059352	6.8593e-05	0.013965	
0.00059369	6.8288e-05	0.013703	
0.00059384	6.7975e-05	0.013435	
0.00059405	6.767e-05	0.013176	
0.00059424	6.7357e-05	0.012912	
0.00059439	6.7034e-05	0.012641	
0.00059207	6.6723e-05	0.012381	
0.00058986	6.6421e-05	0.012131	
0.00058761	6.6112e-05	0.011876	
0.00058548	6.5812e-05	0.011631	
0.0005833	6.5504e-05	0.01138	
0.00058107	6.5187e-05	0.011123	
0.00057882	6.4861e-05	0.010861	
0.00057667	6.4546e-05	0.01061	
0.00057447	6.4222e-05	0.010352	
0.00057238	6.3908e-05	0.010104	
0.00057039	6.3602e-05	0.0098653	
0.00056835	6.3287e-05	0.0096206	
0.00056628	6.2965e-05	0.0093707	
0.00056431	6.2652e-05	0.0091306	
0.00056243	6.2348e-05	0.0088985	
0.00056065	6.2054e-05	0.0086756	
0.00055896	6.1769e-05	0.0084613	
0.00055737	6.1494e-05	0.0082555	
0.00055574	6.121e-05	0.0080445	
0.0005542	6.0936e-05	0.0078418	
0.00055262	6.0653e-05	0.0076338	
0.000551	6.0361e-05	0.0074204	
0.00054935	6.006e-05	0.0072022	
0.00054762	5.9728e-05	0.0073412	
0.00054585	5.9386e-05	0.0074756	
0.00054404	5.9036e-05	0.0076061	
0.00054232	5.8695e-05	0.0077419	
0.00054068	5.8362e-05	0.0078832	
0.00053901	5.8021e-05	0.0080205	
0.00053742	5.7689e-05	0.0081634	
0.0005358	5.7347e-05	0.0083017	
0.00053425	5.7014e-05	0.0084457	
0.00053267	5.6671e-05	0.0085851	
0.00053117	5.6337e-05	0.0087302	
0.00052975	5.6013e-05	0.0088821	
0.00052843	5.5698e-05	0.0090411	
0.00052718	5.5391e-05	0.0092064	
0.0005259	5.5075e-05	0.0093668	
0.00052457	5.475e-05	0.0095224	
0.00052333	5.4434e-05	0.0096842	
0.00052204	5.4108e-05	0.0098412	
0.00052085	5.3792e-05	0.010006	
0.00051962	5.3467e-05	0.010166	
0.00051847	5.3152e-05	0.010333	
0.00051741	5.2847e-05	0.010509	
0.00051643	5.2549e-05	0.010692	
0.0005154	5.2243e-05	0.01087	
0.00051446	5.1946e-05	0.011056	
0.00051349	5.164e-05	0.011237	
0.00051259	5.1343e-05	0.011425	
0.00051165	5.1036e-05	0.011609	
0.00050774	5.0739e-05	0.0118	
0.00050377	5.0434e-05	0.011986	
0.00049972	5.0118e-05	0.012166	
0.00049585	4.9813e-05	0.012355	
0.0004919	4.9498e-05	0.012539	
0.00048812	4.9192e-05	0.012731	
0.00048428	4.8879e-05	0.012919	
0.00048059	4.8573e-05	0.013114	
0.00047703	4.8275e-05	0.013318	
0.00047361	4.7984e-05	0.013531	
0.00047032	4.7702e-05	0.013752	
0.00046698	4.7411e-05	0.013968	
0.00046378	4.7129e-05	0.014195	
0.00046052	4.6838e-05	0.014415	
0.0004574	4.6556e-05	0.014646	
0.0004544	4.6282e-05	0.014886	
0.00045135	4.5998e-05	0.01512	
0.00044843	4.5724e-05	0.015365	
0.00044565	4.5459e-05	0.015622	
0.00044281	4.5184e-05	0.015873	
0.0004401	4.4919e-05	0.016135	
0.00043733	4.4645e-05	0.016391	
0.00043451	4.4361e-05	0.016639	
0.00043183	4.4087e-05	0.0169	
0.0004307	4.3799e-05	0.017152	
0.00042966	4.3519e-05	0.017416	
0.00042857	4.323e-05	0.017672	
0.00042756	4.2948e-05	0.017939	
0.0004265	4.2657e-05	0.018198	
0.00042553	4.2375e-05	0.018471	
0.00042465	4.2102e-05	0.018758	
0.00042384	4.1839e-05	0.019059	
0.000423	4.1566e-05	0.019351	
0.00042224	4.1308e-05	0.019269	
0.00042143	4.1041e-05	0.01918	
0.00042071	4.0784e-05	0.019101	
0.00042006	4.0533e-05	0.019029	
0.00041937	4.0274e-05	0.018952	
0.00041866	4.0006e-05	0.01887	
0.00041801	3.9746e-05	0.018796	
0.00041733	3.9478e-05	0.018717	
0.00041661	3.92e-05	0.018631	
0.00041585	3.8912e-05	0.01854	
0.00041506	3.8617e-05	0.018444	
0.00041424	3.8313e-05	0.018343	
0.00041338	3.8e-05	0.018236	
0.00041249	3.7679e-05	0.018124	
0.00041157	3.735e-05	0.018007	
0.00041061	3.7012e-05	0.017884	
0.00040973	3.6682e-05	0.01777	
0.0004088	3.6342e-05	0.017649	
0.00040784	3.5994e-05	0.017524	
0.00040685	3.5637e-05	0.017392	
0.00040581	3.5271e-05	0.017255	
0.00040486	3.4913e-05	0.017127	
0.00040387	3.4547e-05	0.016992	
0.00040296	3.4189e-05	0.016868	
0.00040213	3.384e-05	0.016753	
0.00040138	3.35e-05	0.016647	
0.0004006	3.3151e-05	0.016535	
0.00039989	3.2811e-05	0.016432	
0.00039914	3.246e-05	0.016323	
0.00039846	3.2118e-05	0.016222	
0.0003976	3.2766e-05	0.016078	
0.00039669	3.3402e-05	0.015928	
0.00039585	3.405e-05	0.015786	
0.00039609	3.4686e-05	0.015639	
0.00039629	3.531e-05	0.015484	
0.00039657	3.5948e-05	0.015339	
0.0003968	3.6574e-05	0.015188	
0.000397	3.7189e-05	0.01503	
0.00039727	3.7817e-05	0.014882	
0.00039751	3.8434e-05	0.014727	
0.0003978	3.9061e-05	0.014581	
0.00039807	3.9679e-05	0.014429	
0.00039831	4.0288e-05	0.014272	
0.00039851	4.0885e-05	0.014108	
0.00039878	4.1495e-05	0.013954	
0.00039901	4.2094e-05	0.013794	
0.00039922	4.2683e-05	0.013628	
0.00039948	4.3283e-05	0.01347	
0.00039972	4.3873e-05	0.013306	
0.00039992	4.4451e-05	0.013136	
0.00040008	4.502e-05	0.01296	
0.00040032	4.5602e-05	0.012794	
0.00040053	4.6174e-05	0.012622	
0.0004007	4.6735e-05	0.012444	
0.00040084	4.7285e-05	0.012259	
0.00040105	4.7848e-05	0.012084	
0.00040123	4.8401e-05	0.011904	
0.00040148	4.8968e-05	0.011733	
0.0004017	4.9523e-05	0.011555	
0.00040188	5.0068e-05	0.011372	
0.00040214	5.0626e-05	0.011199	
0.00040236	5.1173e-05	0.011019	
0.00040254	5.1709e-05	0.010833	
0.00040269	5.2234e-05	0.01064	
0.00040291	5.2772e-05	0.010457	
0.0004032	5.3323e-05	0.010283	
0.00040181	5.3889e-05	0.010119	
0.00040037	5.4444e-05	0.0099477	
0.00039889	5.4986e-05	0.0097699	
0.00039735	5.5517e-05	0.0095852	
0.00039591	5.6062e-05	0.0094104	
0.00039456	5.6619e-05	0.0092439	
0.00039317	5.7166e-05	0.0090716	
0.00039187	5.7727e-05	0.0089087	
0.00039066	5.8304e-05	0.0087547	
0.00038942	5.887e-05	0.0085952	
0.00038549	5.9455e-05	0.0084455	
0.00038173	6.0054e-05	0.0083032	
0.0003779	6.0642e-05	0.0081554	
0.00037399	6.1218e-05	0.0080023	
0.00037025	6.1808e-05	0.0078565	
0.00036667	6.2414e-05	0.0077187	
0.00036302	6.3007e-05	0.007575	
0.00035929	6.3588e-05	0.0074254	
0.00035547	6.4156e-05	0.0072697	
0.00035183	6.474e-05	0.0071222	
0.00034833	6.5337e-05	0.0069815	
0.00034476	6.5922e-05	0.006835	
0.00034111	6.6494e-05	0.0066826	
0.00033762	6.7083e-05	0.0065381	
0.00033428	6.7685e-05	0.0064002	
0.00033088	6.8276e-05	0.0062573	
0.0003274	6.8855e-05	0.0061091	
0.0003237	6.9423e-05	0.0059557	
0.00031992	6.9979e-05	0.005797	
0.0003163	7.0549e-05	0.0056451	
0.00031259	7.1106e-05	0.0054874	
0.00030906	7.168e-05	0.0053374	
0.00030544	7.2241e-05	0.0051816	
0.00030176	7.279e-05	0.0050207	
0.00029824	7.3356e-05	0.0048674	
0.00029466	7.391e-05	0.0047091	
0.00029085	7.4451e-05	0.0045449	
0.00028696	7.4981e-05	0.0043755	
0.000283	7.55e-05	0.004201	
0.0002792	7.6032e-05	0.0040332	
0.00027555	7.6578e-05	0.0038717	
0.00027205	7.7138e-05	0.0037162	
0.00026869	7.7711e-05	0.0035664	
0.00026525	7.8273e-05	0.0034116	
0.00026197	7.885e-05	0.0032631	
0.00025862	7.9416e-05	0.0031103	
0.00025543	7.9999e-05	0.0029636	
0.00025237	8.0597e-05	0.0028227	
0.00024926	8.1185e-05	0.0026777	
0.00024609	8.176e-05	0.0025281	
0.00024306	8.2352e-05	0.0023841	
0.00023996	8.2932e-05	0.0022356	
0.00023698	8.3525e-05	0.0020918	
0.00023414	8.4135e-05	0.0019533	
0.00023124	8.4734e-05	0.0018109	
0.00022846	8.5347e-05	0.0016729	
0.00022579	8.5976e-05	0.0015398	
0.00022308	8.6595e-05	0.0014029	
0.00022049	8.7231e-05	0.0012708	
0.00021802	8.7883e-05	0.0011432	
0.00021546	8.8497e-05	0.0011704	
0.00021285	8.9098e-05	0.0011949	
0.00021019	8.9688e-05	0.0012168	
0.00020764	9.0294e-05	0.0012399	
0.00020505	9.0889e-05	0.0012605	
0.00020256	9.1499e-05	0.001282	
0.00020002	9.2098e-05	0.001301	
0.00019758	9.2711e-05	0.001321	
0.0001951	9.3313e-05	0.0013383	
0.0001927	9.3928e-05	0.0013565	
0.00019026	9.4532e-05	0.0013721	
0.00018793	9.5152e-05	0.0013889	
0.00018569	9.5788e-05	0.0014068	
0.00018341	9.6415e-05	0.0014224	
0.00018109	9.703e-05	0.0014353	
0.00017887	9.7661e-05	0.0014495	
0.00017661	9.828e-05	0.001461	
0.00017443	9.8914e-05	0.0014735	
0.00017233	9.9562e-05	0.0014868	
0.0001702	0.0001002	0.0014977	
0.00016802	0.00010083	0.001506	
0.0001658	0.00010144	0.0015118	
0.00016354	0.00010205	0.0015149	
0.00016138	0.00010267	0.0015193	
0.0001593	0.0001033	0.0015246	
0.00015717	0.00010392	0.0015272	
0.000155	0.00010454	0.0015273	
0.00015293	0.00010516	0.0015286	
0.00015094	0.00010581	0.0015311	
0.00014904	0.00010647	0.0015349	
0.00014711	0.00010713	0.0015363	
0.00014526	0.0001078	0.0015389	
0.00014338	0.00010846	0.0015391	
0.00014146	0.0001091	0.0015367	
0.00013962	0.00010977	0.0015354	
0.00013786	0.00011045	0.0015351	
0.00013605	0.00011112	0.0015321	
0.00013433	0.00011181	0.0015305	
0.00013257	0.00011248	0.0015263	
0.00013153	0.00011253	0.0014777	
0.00013054	0.00011259	0.0014307	
0.0001296	0.00011267	0.0013857	
0.00012864	0.00011273	0.001338	
0.00012773	0.00011281	0.0012917	
0.00012688	0.00011291	0.0012472	
0.00012599	0.00011299	0.0012	
0.00012509	0.00011307	0.0011502	
0.00012416	0.00011313	0.0010975	
0.0001232	0.00011318	0.0010422	
0.0001223	0.00011325	0.00098855	
0.00012144	0.00011333	0.00093655	
0.00012064	0.00011343	0.00088606	
0.00011981	0.00011352	0.00083303	
0.00011897	0.0001136	0.00077747	
0.0001181	0.00011367	0.00071935	
0.00011727	0.00011375	0.00066241	
0.00011642	0.00011382	0.00060273	
0.00011554	0.00011387	0.0005403	
0.00011471	0.00011395	0.00047936	
0.00011393	0.00011403	0.00041982	
0.00011311	0.00011409	0.00044655	
0.00011227	0.00011413	0.00047101	
0.00011147	0.00011418	0.00049559	
0.00011064	0.00011422	0.00051794	
0.0001098	0.00011426	0.00053807	
0.00010893	0.00011428	0.00055612	
0.0001081	0.00011431	0.00057422	
0.00010731	0.00011436	0.00059239	
0.0001065	0.0001144	0.00060849	
0.00010573	0.00011445	0.00062465	
0.00010494	0.00011449	0.00063875	
0.00010419	0.00011454	0.00065291	
0.00010341	0.00011458	0.00066491	
0.00010262	0.00011461	0.00067475	
0.00010181	0.00011464	0.00068256	
0.00010098	0.00011465	0.00068834	
0.00010019	0.00011468	0.00069414	
9.9433e-05	0.00011472	0.00070015	
9.8714e-05	0.00011477	0.00070618	
9.7977e-05	0.00011481	0.00071008	
9.7277e-05	0.00011486	0.0007142	
9.6614e-05	0.00011493	0.00071853	
9.5986e-05	0.00011501	0.00072307	
9.5344e-05	0.00011508	0.00072559	
9.4686e-05	0.00011514	0.0007261	
9.4064e-05	0.00011522	0.00072681	
9.3475e-05	0.0001153	0.00072775	
9.2921e-05	0.00011541	0.0007289	
9.235e-05	0.0001155	0.00072792	
9.1764e-05	0.00011558	0.00072493	
9.1207e-05	0.00011567	0.00072196	
9.0633e-05	0.00011576	0.00071687	
9.0093e-05	0.00011586	0.00071199	
8.9581e-05	0.00011597	0.00070715	
8.9101e-05	0.00011609	0.00070253	
8.8652e-05	0.00011623	0.00069811	
8.8234e-05	0.00011638	0.00069392	
8.7846e-05	0.00011654	0.00068993	
8.7488e-05	0.00011672	0.00068616	
8.7156e-05	0.00011691	0.00068242	
8.6849e-05	0.00011711	0.0006787	
8.6568e-05	0.00011732	0.00067502	
8.6273e-05	0.00011753	0.00066928	
8.6006e-05	0.00011775	0.00066379	
8.5724e-05	0.00011796	0.00065611	
8.547e-05	0.00011818	0.00064869	
8.5246e-05	0.00011842	0.00064154	
8.5047e-05	0.00011867	0.00063445	
8.4873e-05	0.00011894	0.00062744	
8.4683e-05	0.00011919	0.0006182	
8.4522e-05	0.00011946	0.00060926	
8.439e-05	0.00011975	0.00060063	
8.4243e-05	0.00012002	0.00058985	
8.4126e-05	0.00012032	0.00057941	
8.3993e-05	0.0001206	0.00056679	
8.3887e-05	0.00012089	0.00055434	
8.3813e-05	0.00012121	0.00054227	
8.3671e-05	0.00012513	0.00052268	
8.351e-05	0.00012901	0.00050068	
8.3381e-05	0.00013296	0.00047919	
8.3284e-05	0.000137	0.00045816	
8.3167e-05	0.000141	0.00043473	
8.3082e-05	0.00014509	0.00041176	
8.2977e-05	0.00014913	0.00038639	
8.2854e-05	0.00015314	0.00035874	
8.2764e-05	0.00015724	0.00033157	
8.2654e-05	0.00016129	0.00030198	
8.2522e-05	0.00016531	0.00026992	
8.242e-05	0.0001694	0.00023817	
8.2282e-05	0.00017331	0.00026329	
8.2127e-05	0.00017719	0.00028622	
8.2005e-05	0.00018115	0.00030942	
8.1917e-05	0.0001852	0.00033293	
8.1807e-05	0.00018921	0.00035408	
8.1679e-05	0.00019318	0.00037301	
8.1615e-05	0.00019398	0.00039554	
8.158e-05	0.00019482	0.0004183	
8.1574e-05	0.00019567	0.00044132	
8.1549e-05	0.00019652	0.00046206	
8.1557e-05	0.00019739	0.00048329	
8.0786e-05	0.00019829	0.00050524	
8.0059e-05	0.00019923	0.00052773	
7.9373e-05	0.0002002	0.00055078	
7.8665e-05	0.00020115	0.00057142	
7.7991e-05	0.00020212	0.00059234	
7.7356e-05	0.00020312	0.00061378	
7.6752e-05	0.00020415	0.00063552	
7.618e-05	0.0002052	0.00065757	
7.5641e-05	0.00020629	0.00068018	
7.5131e-05	0.00020739	0.00070311	
7.4604e-05	0.00020848	0.00072371	
7.4061e-05	0.00020956	0.00074213	
7.3549e-05	0.00021066	0.00076105	
7.3069e-05	0.0002118	0.00078049	
7.2572e-05	0.00021292	0.00079764	
7.2104e-05	0.00021406	0.0008153	
7.1621e-05	0.00021519	0.00083069	
7.1166e-05	0.00021635	0.00084657	
7.0698e-05	0.0002175	0.00086032	
7.0255e-05	0.00021867	0.00087433	
6.9839e-05	0.00021986	0.00088882	
6.9446e-05	0.00022108	0.00090358	
6.908e-05	0.00022233	0.00091885	
6.8736e-05	0.00022361	0.0009344	
6.8379e-05	0.00022487	0.00094784	
6.8048e-05	0.00022616	0.00096179	
6.7741e-05	0.00022748	0.00097627	
6.7422e-05	0.00022878	0.00098864	
6.7125e-05	0.00023012	0.0010013	
6.6848e-05	0.00023147	0.0010143	
6.6591e-05	0.00023285	0.0010276	
6.6354e-05	0.00023426	0.0010412	
6.614e-05	0.0002357	0.0010553	
6.5949e-05	0.00023717	0.0010701	
6.5776e-05	0.00023866	0.0010852	
6.5591e-05	0.00024014	0.0010981	
6.5396e-05	0.00024161	0.0011089	
6.5222e-05	0.00024311	0.0011203	
6.5036e-05	0.00024459	0.0011294	
6.4871e-05	0.0002461	0.0011391	
6.4696e-05	0.0002476	0.0011468	
6.454e-05	0.00024913	0.0011548	
6.4402e-05	0.00025069	0.0011632	
6.4286e-05	0.00025228	0.0011722	
6.4192e-05	0.0002539	0.0011819	
6.4086e-05	0.00025551	0.0011894	
6.3999e-05	0.00025714	0.0011974	
6.3902e-05	0.00025877	0.0012032	
6.3822e-05	0.00026042	0.0012095	
6.3762e-05	0.0002621	0.0012162	
6.3723e-05	0.00026382	0.0012236	
6.3705e-05	0.00026557	0.0012318	
6.3708e-05	0.00026736	0.0012407	
6.373e-05	0.00026917	0.0012501	
6.3771e-05	0.00027102	0.0012601	
6.3801e-05	0.00027286	0.0012678	
6.3853e-05	0.00027473	0.0012764	
6.3893e-05	0.00027659	0.0012827	
6.3955e-05	0.00027849	0.0012899	
6.4006e-05	0.00028037	0.0012948	
6.4045e-05	0.00028224	0.0012974	
6.4104e-05	0.00028414	0.0013007	
6.4186e-05	0.00028608	0.0013049	
6.4288e-05	0.00028805	0.0013098	
6.441e-05	0.00029006	0.0013154	
6.4518e-05	0.00029206	0.0013185	
6.4651e-05	0.00029409	0.0013226	
6.4808e-05	0.00029617	0.0013277	
6.4949e-05	0.00029823	0.0013303	
6.5077e-05	0.00030027	0.0013305	
6.5231e-05	0.00030235	0.0013318	
6.5411e-05	0.00030448	0.0013342	
6.5615e-05	0.00030665	0.0013376	
6.5843e-05	0.00030887	0.001342	
6.6053e-05	0.00031106	0.0013436	
6.6292e-05	0.0003133	0.0013466	
6.6588e-05	0.00031302	0.0013559	
6.6868e-05	0.00031272	0.0013625	
6.7179e-05	0.00031245	0.0013707	
6.7442e-05	0.00031216	0.0013759	
6.7688e-05	0.00031186	0.0013784	
6.7961e-05	0.00031158	0.0013821	
6.8261e-05	0.00031133	0.0013869	
6.8592e-05	0.00031111	0.0013931	
6.8954e-05	0.00031092	0.0014008	
6.9349e-05	0.00031076	0.00141	
6.9776e-05	0.00031063	0.0014207	
7.0183e-05	0.00031048	0.0014285	
7.062e-05	0.00031036	0.0014375	
7.109e-05	0.00031026	0.001448	
7.1595e-05	0.0003102	0.0014601	
7.2136e-05	0.00031016	0.0014738	
7.2659e-05	0.00031011	0.0014847	
7.3163e-05	0.00031004	0.0014929	
7.3698e-05	0.00031	0.0015024	
7.4215e-05	0.00030995	0.0015092	
7.4769e-05	0.00030992	0.0015176	
7.4627e-05	0.00030993	0.001528	
7.4466e-05	0.00030992	0.0015354	
7.4335e-05	0.00030995	0.0015444	
7.4234e-05	0.00031	0.0015552	
7.4116e-05	0.00031003	0.0015632	
7.3982e-05	0.00031005	0.0015685	
7.3874e-05	0.0003101	0.001575	
7.3792e-05	0.00031017	0.0015829	
7.3693e-05	0.00031023	0.0015881	
7.362e-05	0.00031031	0.0015946	
7.3577e-05	0.00031043	0.0016028	
7.3568e-05	0.00030778	0.0016139	
7.3585e-05	0.00030519	0.0016263	
7.3584e-05	0.00030257	0.0016357	
7.3564e-05	0.00029992	0.0016422	
7.3573e-05	0.00029733	0.0016504	
7.361e-05	0.00029479	0.0016602	
7.3675e-05	0.00029231	0.0016718	
7.3768e-05	0.00028989	0.001685	
7.3844e-05	0.00028743	0.0016953	
7.3948e-05	0.00028503	0.0017074	
7.4035e-05	0.00028261	0.0017164	
7.4145e-05	0.00028023	0.0017268	
7.4241e-05	0.00027783	0.0017346	
7.4322e-05	0.0002754	0.0017395	
7.4387e-05	0.00027296	0.0017418	
7.4438e-05	0.00027049	0.0017414	
7.4517e-05	0.00026808	0.0017427	
7.4623e-05	0.00026572	0.0017457	
7.3988e-05	0.00026342	0.0017507	
7.3385e-05	0.00026116	0.001757	
7.2764e-05	0.00025889	0.0017607	
7.2179e-05	0.00025666	0.001766	
7.1628e-05	0.00025448	0.001773	
7.1058e-05	0.00025228	0.0017771	
7.0522e-05	0.00025012	0.0017828	
7.0018e-05	0.00024802	0.0017902	
6.9546e-05	0.00024595	0.0017992	
6.9105e-05	0.00024393	0.0018099	
6.8689e-05	0.00024195	0.0018218	
6.83e-05	0.00024001	0.0018351	
6.7896e-05	0.00023805	0.0018457	
6.7517e-05	0.00023613	0.0018577	
6.7121e-05	0.00023418	0.0018668	
6.6754e-05	0.00023228	0.0018776	
6.6369e-05	0.00023036	0.0018855	
6.5968e-05	0.00022841	0.0018905	
6.5552e-05	0.00022645	0.0018929	
6.512e-05	0.00022447	0.0018926	
6.4718e-05	0.00022253	0.001894	
6.4345e-05	0.00022063	0.0018971	
6.3954e-05	0.00021871	0.0018973	
6.3589e-05	0.00021683	0.0018989	
6.3249e-05	0.00021498	0.0019019	
6.2933e-05	0.00021318	0.0019063	
6.3035e-05	0.00021135	0.0019078	
6.3122e-05	0.00020949	0.0019065	
6.3234e-05	0.00020768	0.0019068	
6.3368e-05	0.00020591	0.0019086	
6.3523e-05	0.00020417	0.0019117	
6.37e-05	0.00020246	0.0019162	
6.3902e-05	0.0002008	0.0019225	
6.4091e-05	0.00019911	0.0019261	
6.4305e-05	0.00019747	0.0019314	
6.4542e-05	0.00019585	0.0019381	
6.4804e-05	0.00019427	0.0019466	
6.509e-05	0.00019273	0.0019564	
6.469e-05	0.00019122	0.0019678	
6.4276e-05	0.00018969	0.0019765	
6.3847e-05	0.00018814	0.0019825	
6.3446e-05	0.00018663	0.0019902	
6.3072e-05	0.00018515	0.0019997	
6.2725e-05	0.00018371	0.0020108	
6.2404e-05	0.0001823	0.0020237	
6.2108e-05	0.00018092	0.0020383	
6.1834e-05	0.00017956	0.0020542	
6.1545e-05	0.00017819	0.0020673	
6.128e-05	0.00017685	0.0020822	
6.1039e-05	0.00017554	0.0020987	
6.0784e-05	0.00017422	0.0021125	
6.0549e-05	0.00017292	0.0021276	
6.0334e-05	0.00017164	0.0021441	
6.0139e-05	0.00017039	0.002162	
5.9967e-05	0.00016917	0.0021816	
5.9783e-05	0.00016794	0.0021987	
5.9587e-05	0.00016669	0.0022131	
5.9414e-05	0.00016547	0.0022294	
5.8329e-05	0.00016428	0.0022477	
5.7227e-05	0.00016308	0.0022634	
5.6167e-05	0.0001619	0.0022809	
5.5087e-05	0.00016071	0.0022956	
5.4044e-05	0.00015954	0.0023117	
5.3035e-05	0.0001584	0.0023291	
5.2011e-05	0.00015724	0.0023441	
5.1021e-05	0.00015611	0.0023603	
5.0063e-05	0.00015499	0.0023779	
4.9088e-05	0.00015387	0.0023928	
4.8145e-05	0.00015276	0.002409	
4.7187e-05	0.00015164	0.0024228	
4.6265e-05	0.00015055	0.0024382	
4.5329e-05	0.00014944	0.0024512	
4.4426e-05	0.00014836	0.0024658	
4.3553e-05	0.00014729	0.0024816	
4.2708e-05	0.00014625	0.0024987	
4.1849e-05	0.00014519	0.0025135	
4.1018e-05	0.00014416	0.0025294	
4.0214e-05	0.00014314	0.0025467	
3.9397e-05	0.00014211	0.0025615	
3.8567e-05	0.00014107	0.002574	
3.7768e-05	0.00014005	0.0025881	
3.6996e-05	0.00013905	0.0026037	
3.6212e-05	0.00013804	0.0026169	
3.5455e-05	0.00013706	0.0026316	
3.4725e-05	0.00013609	0.0026479	
3.3982e-05	0.00013511	0.0026618	
3.3225e-05	0.00013412	0.002673	
3.2496e-05	0.00013314	0.0026859	
3.1792e-05	0.00013219	0.0027004	
3.1113e-05	0.00013126	0.0027165	
3.0458e-05	0.00013034	0.0027343	
2.9827e-05	0.00012945	0.0027537	
2.9216e-05	0.00012857	0.0027744	
2.8624e-05	0.0001277	0.0027965	
2.802e-05	0.00012683	0.002816	
2.7435e-05	0.00012597	0.0028368	
2.6869e-05	0.00012512	0.0028591	
2.632e-05	0.00012429	0.0028827	
2.5762e-05	0.00012345	0.002904	
2.5221e-05	0.00012263	0.0029266	
2.4699e-05	0.00012182	0.002951	
2.4168e-05	0.00012101	0.0029731	
2.3654e-05	0.0001202	0.0029966	
2.3156e-05	0.00011942	0.0030215	
2.2647e-05	0.00011862	0.0030439	
2.2154e-05	0.00011784	0.0030677	
2.165e-05	0.00011705	0.003089	
2.1165e-05	0.00011627	0.0031121	
2.0697e-05	0.00011551	0.0031372	
2.0246e-05	0.00011477	0.0031642	
1.9785e-05	0.00011401	0.0031886	
1.9314e-05	0.00011325	0.0032103	
1.8859e-05	0.0001125	0.003234	
1.8394e-05	0.00011175	0.003255	
1.7943e-05	0.000111	0.0032776	
1.7509e-05	0.00011028	0.0033024	
1.7091e-05	0.00010957	0.0033292	
1.6686e-05	0.00010887	0.0033578	
1.655e-05	0.00010816	0.0033832	
1.6407e-05	0.00010743	0.0034061	
1.6274e-05	0.00010673	0.0034311	
1.6148e-05	0.00010603	0.0034579	
1.6015e-05	0.00010533	0.0034821	
1.5889e-05	0.00010464	0.0035081	
1.5756e-05	0.00010394	0.0035313	
1.5615e-05	0.00010323	0.0035519	
1.5466e-05	0.00010252	0.0035698	
1.5326e-05	0.00010181	0.0035898	
1.5195e-05	0.00010113	0.0036119	
1.5056e-05	0.00010043	0.0036313	
1.4925e-05	9.9745e-05	0.0036528	
1.4802e-05	9.9075e-05	0.0036761	
1.4686e-05	9.8416e-05	0.0037011	
1.4577e-05	9.7769e-05	0.0037279	
1.446e-05	9.7113e-05	0.003752	
1.435e-05	9.6469e-05	0.0037778	
1.4233e-05	9.5816e-05	0.003801	
1.4123e-05	9.5177e-05	0.0038264	
1.402e-05	9.4548e-05	0.0038535	
1.391e-05	9.3912e-05	0.003878	
1.3807e-05	9.3288e-05	0.0039047	
1.3698e-05	9.2656e-05	0.0039288	
1.3595e-05	9.2036e-05	0.003955	
1.3501e-05	9.143e-05	0.0039835	
1.3399e-05	9.0815e-05	0.0040094	
1.3303e-05	9.021e-05	0.004037	
1.3201e-05	8.9598e-05	0.0040622	
1.3091e-05	8.8978e-05	0.0040847	
1.2975e-05	8.8349e-05	0.0041045	
1.2851e-05	8.7711e-05	0.0041217	
1.2735e-05	8.7086e-05	0.0041411	
1.2624e-05	8.6472e-05	0.0041623	
1.2507e-05	8.5849e-05	0.0041809	
1.2396e-05	8.5237e-05	0.0042013	
1.2278e-05	8.4617e-05	0.0042193	
1.2167e-05	8.4009e-05	0.0042395	
1.2062e-05	8.3412e-05	0.0042617	
1.195e-05	8.2807e-05	0.0042811	
1.1832e-05	8.2193e-05	0.0042981	
1.1719e-05	8.1591e-05	0.0043169	
1.1599e-05	8.098e-05	0.0043331	
1.1486e-05	8.038e-05	0.0043515	
1.1367e-05	7.9774e-05	0.0043675	
1.1255e-05	7.9179e-05	0.0043859	
1.1149e-05	7.8596e-05	0.0044066	
1.1037e-05	7.8005e-05	0.0044248	
1.0932e-05	7.7427e-05	0.0044455	
1.0833e-05	7.6859e-05	0.0044685	
1.0728e-05	7.6285e-05	0.0044891	
1.0628e-05	7.572e-05	0.0045116	
1.0533e-05	7.5165e-05	0.0045362	
1.0444e-05	7.4619e-05	0.0045629	
1.0348e-05	7.4066e-05	0.004587	
1.0257e-05	7.3523e-05	0.0046132	
1.0172e-05	7.2989e-05	0.0046416	
1.0079e-05	7.2447e-05	0.0046671	
9.9797e-06	7.1896e-05	0.0046898	
9.8733e-06	7.1337e-05	0.0047096	
9.7721e-06	7.0787e-05	0.0047316	
9.6639e-06	7.0229e-05	0.0047508	
9.5619e-06	6.9682e-05	0.0047726	
9.465e-06	6.9145e-05	0.0047966	
9.3742e-06	6.8619e-05	0.0048234	
9.2883e-06	6.8102e-05	0.0048524	
9.2083e-06	6.7597e-05	0.0048843	
9.1342e-06	6.7102e-05	0.0049191	
9.0659e-06	6.6617e-05	0.0049567	
9.0034e-06	6.6144e-05	0.0049974	
9.1004e-06	6.5655e-05	0.0050342	
9.191e-06	6.5159e-05	0.0050682	
9.2865e-06	6.4672e-05	0.0051046	
9.3755e-06	6.4177e-05	0.0051383	
9.4696e-06	6.3691e-05	0.0051745	
9.5566e-06	6.3196e-05	0.0052077	
9.6372e-06	6.2694e-05	0.0052381	
9.7115e-06	6.2185e-05	0.0052658	
9.7917e-06	6.1686e-05	0.0052964	
9.878e-06	6.1196e-05	0.00533	
9.9579e-06	6.07e-05	0.0053609	
1.0043e-05	6.0211e-05	0.0053943	
1.0134e-05	5.9733e-05	0.0054306	
1.0219e-05	5.9247e-05	0.0054643	
1.0297e-05	5.8754e-05	0.0054952	
1.038e-05	5.8269e-05	0.0055286	
1.047e-05	5.7794e-05	0.005565	
1.0565e-05	5.7327e-05	0.005604	
1.0653e-05	5.6851e-05	0.00564	
1.0747e-05	5.6385e-05	0.0056791	
1.0848e-05	5.5929e-05	0.0057213	
1.0955e-05	5.5481e-05	0.0057667	
1.1069e-05	5.5042e-05	0.0058153	
1.119e-05	5.4612e-05	0.0058672	
1.1304e-05	5.4175e-05	0.005916	
1.1411e-05	5.3729e-05	0.0059618	
1.1525e-05	5.3293e-05	0.0060109	
1.1631e-05	5.2848e-05	0.006057	
1.1745e-05	5.2412e-05	0.0061064	
1.1865e-05	5.1985e-05	0.0061591	
1.1992e-05	5.1565e-05	0.0062148	
1.2126e-05	5.1154e-05	0.006274	
1.2267e-05	5.0749e-05	0.0063362	
1.2413e-05	5.0351e-05	0.0064014	
1.2567e-05	4.9961e-05	0.0064698	
1.2727e-05	4.9577e-05	0.0065414	
1.288e-05	4.9185e-05	0.0066098	
1.3025e-05	4.8786e-05	0.0066752	
1.3179e-05	4.8395e-05	0.0067445	
1.334e-05	4.8011e-05	0.006817	
1.3509e-05	4.7634e-05	0.006893	
1.3684e-05	4.7264e-05	0.0069725	
1.3867e-05	4.6899e-05	0.0070555	
1.4058e-05	4.6542e-05	0.0071422	
1.4241e-05	4.6176e-05	0.0072254	
1.4416e-05	4.5803e-05	0.0073052	
1.46e-05	4.5438e-05	0.0073894	
1.4794e-05	4.5081e-05	0.007478	
1.4998e-05	4.4731e-05	0.0075713	
1.5194e-05	4.4374e-05	0.0076613	
1.5399e-05	4.4024e-05	0.0077553	
1.5613e-05	4.368e-05	0.0078535	
1.5837e-05	4.3344e-05	0.0079567	
1.6072e-05	4.3014e-05	0.0080644	
1.6297e-05	4.2676e-05	0.0081682	
1.6513e-05	4.233e-05	0.008268	
1.674e-05	4.1992e-05	0.0083732	
1.698e-05	4.1662e-05	0.0084839	
1.7211e-05	4.1324e-05	0.0085909	
1.7433e-05	4.0979e-05	0.0086942	
1.7647e-05	4.0626e-05	0.0087938	
1.7873e-05	4.0281e-05	0.0088991	
1.8091e-05	3.9928e-05	0.0090006	
1.8319e-05	3.9583e-05	0.0091071	
1.8561e-05	3.9246e-05	0.0092198	
1.8417e-05	3.8917e-05	0.0093385	
1.8264e-05	3.858e-05	0.0094525	
1.81e-05	3.8234e-05	0.009562	
1.7949e-05	3.7902e-05	0.0094048	
1.7809e-05	3.7578e-05	0.0092547	
1.766e-05	3.7246e-05	0.0090999	
1.7502e-05	3.6905e-05	0.0089408	
1.7354e-05	3.6571e-05	0.0087878	
1.7197e-05	3.623e-05	0.0086306	
1.705e-05	3.5895e-05	0.0084793	
1.6894e-05	3.5551e-05	0.0083234	
1.6728e-05	3.52e-05	0.008163	
1.6553e-05	3.484e-05	0.0079979	
1.6387e-05	3.4486e-05	0.0078387	
1.6213e-05	3.4125e-05	0.0076755	
1.6049e-05	3.377e-05	0.007518	
1.5876e-05	3.3407e-05	0.0073565	
1.5712e-05	3.3051e-05	0.0072006	
1.5558e-05	3.2701e-05	0.007051	
1.5396e-05	3.2344e-05	0.0068971	
1.5225e-05	3.1978e-05	0.0067388	
1.5064e-05	3.162e-05	0.0065867	
1.4894e-05	3.1254e-05	0.0064304	
1.4715e-05	3.088e-05	0.0062697	
1.4547e-05	3.0512e-05	0.0061152	
1.4387e-05	3.0151e-05	0.0059658	
1.4235e-05	2.9794e-05	0.0058213	
1.4075e-05	2.9431e-05	0.0056732	
1.3924e-05	2.9073e-05	0.0055299	
1.3782e-05	2.8722e-05	0.0053921	
1.3647e-05	2.8376e-05	0.0052589	
1.3505e-05	2.8022e-05	0.0051217	
1.3371e-05	2.7675e-05	0.0049898	
1.3247e-05	2.7334e-05	0.0048629	
1.3115e-05	2.6985e-05	0.0047325	
1.299e-05	2.6642e-05	0.0046065	
1.2875e-05	2.6306e-05	0.0044853	
1.2768e-05	2.5975e-05	0.0043688	
1.2668e-05	2.565e-05	0.0042563	
1.2577e-05	2.533e-05	0.0041483	
1.2494e-05	2.5016e-05	0.004044	
1.2418e-05	2.4708e-05	0.0039439	
1.235e-05	2.4404e-05	0.0038474	
1.2274e-05	2.4093e-05	0.0037471	
1.2204e-05	2.3786e-05	0.0036504	
1.2142e-05	2.3484e-05	0.0035571	
1.2087e-05	2.3188e-05	0.0034672	
1.2039e-05	2.2896e-05	0.0033806	
1.2e-05	2.261e-05	0.0032979	
1.1952e-05	2.2316e-05	0.0032114	
1.1912e-05	2.2028e-05	0.0031287	
1.1881e-05	2.1745e-05	0.0030493	
1.1858e-05	2.1469e-05	0.0029736	
1.1845e-05	2.1198e-05	0.0029016	
1.1841e-05	2.0934e-05	0.0028332	
1.1827e-05	2.0661e-05	0.0027609	
1.1805e-05	2.038e-05	0.0026851	
1.1796e-05	2.0104e-05	0.0026126	
1.1796e-05	1.9834e-05	0.0025432	
1.1787e-05	1.9556e-05	0.0024703	
1.175e-05	2.0067e-05	0.0023786	
1.1722e-05	2.0588e-05	0.0022912	
1.1703e-05	2.1117e-05	0.0022072	
1.1673e-05	2.1637e-05	0.0021192	
1.1634e-05	2.2145e-05	0.002027	
1.1604e-05	2.2664e-05	0.0019388	
1.1585e-05	2.3194e-05	0.0018544	
1.1555e-05	2.3713e-05	0.001766	
1.1535e-05	2.4242e-05	0.0016814	
1.1505e-05	2.4761e-05	0.0015929	
1.1484e-05	2.5291e-05	0.0015079	
1.1474e-05	2.5831e-05	0.0014264	
1.1473e-05	2.6383e-05	0.0013482	
1.1463e-05	2.6924e-05	0.0012662	
1.1442e-05	2.7454e-05	0.0011804	
1.1429e-05	2.7994e-05	0.0010975	
1.1406e-05	2.8523e-05	0.0010107	
1.1392e-05	2.9061e-05	0.0009267	
1.1386e-05	2.961e-05	0.0008453	
1.137e-05	3.0147e-05	0.00076018	
1.1363e-05	3.0696e-05	0.00067816	
1.1367e-05	3.1258e-05	0.00059907	
1.1382e-05	3.1833e-05	0.00052276	
1.1405e-05	3.2419e-05	0.00044862	
1.1439e-05	3.3018e-05	0.00037699	
1.1484e-05	3.3632e-05	0.00030773	
1.1512e-05	3.4204e-05	0.00031509	
1.1529e-05	3.4764e-05	0.00032015	
1.1535e-05	3.5312e-05	0.00032292	
1.1552e-05	3.5873e-05	0.00032579	
1.1579e-05	3.6447e-05	0.00032858	
1.163e-05	3.6294e-05	0.00033445	
1.169e-05	3.615e-05	0.00034029	
1.1762e-05	3.6014e-05	0.00034629	
1.1824e-05	3.5869e-05	0.0003501	
1.1897e-05	3.5733e-05	0.00035406	
1.1716e-05	3.5608e-05	0.00035837	
1.1548e-05	3.5493e-05	0.00036286	
1.1392e-05	3.5386e-05	0.00036752	
1.1249e-05	3.5288e-05	0.00037237	
1.1116e-05	3.5196e-05	0.00037721	
1.0972e-05	3.5095e-05	0.00037972	
1.0818e-05	3.4985e-05	0.00038005	
1.0653e-05	3.4866e-05	0.0003782	
1.0499e-05	3.4754e-05	0.00037632	
1.033e-05	3.4616e-05	0.00047475	
1.015e-05	3.4469e-05	0.00056935	
9.9596e-06	3.4312e-05	0.00066023	
9.7578e-06	3.4146e-05	0.0007475	
9.5657e-06	3.3987e-05	0.00083728	
9.3828e-06	3.3833e-05	0.00092966	
9.2087e-06	3.3686e-05	0.0010248	
9.0445e-06	3.3546e-05	0.0011232	
8.8896e-06	3.3412e-05	0.0012252	
8.7424e-06	3.3285e-05	0.0013302	
8.587e-06	3.3149e-05	0.0014318	
8.4388e-06	3.3019e-05	0.0015366	
8.2817e-06	3.288e-05	0.0016376	
8.1155e-06	3.2734e-05	0.001735	
7.9579e-06	3.2593e-05	0.0018359	
7.7923e-06	3.2445e-05	0.0019336	
7.6336e-06	3.2302e-05	0.0020342	
7.4814e-06	3.2164e-05	0.002138	
7.3369e-06	3.2033e-05	0.0022457	
7.1984e-06	3.1906e-05	0.0023567	
7.0524e-06	3.1772e-05	0.0024644	
6.9124e-06	3.1642e-05	0.0025755	
6.765e-06	3.1506e-05	0.0026832	
6.6233e-06	3.1374e-05	0.0027943	
6.4736e-06	3.1234e-05	0.0029017	
6.3308e-06	3.11e-05	0.0030133	
6.1944e-06	3.0971e-05	0.0031293	
6.0634e-06	3.0848e-05	0.0032492	
5.9245e-06	3.0716e-05	0.0033651	
5.7907e-06	3.0589e-05	0.003485	
5.6619e-06	3.0467e-05	0.0036089	
5.5254e-06	3.0336e-05	0.0037288	
5.3811e-06	3.0198e-05	0.0038447	
5.243e-06	3.0066e-05	0.0039654	
5.0971e-06	2.9926e-05	0.004082	
4.944e-06	2.9778e-05	0.0041949	
4.796e-06	2.9635e-05	0.004312	
4.6401e-06	2.9484e-05	0.004425	
4.4904e-06	2.9339e-05	0.004543	
4.3466e-06	2.9199e-05	0.0046664	
4.2086e-06	2.9066e-05	0.0047954	
4.075e-06	2.8937e-05	0.0049294	
3.9344e-06	2.8801e-05	0.0050592	
3.7994e-06	2.8671e-05	0.0051952	
3.6572e-06	2.8533e-05	0.0053268	
3.5206e-06	2.8401e-05	0.0054648	
3.3683e-06	2.826e-05	0.0055977	
3.3256e-06	2.8107e-05	0.0057243	
3.286e-06	2.796e-05	0.0058571	
3.2496e-06	2.7819e-05	0.0059963	
3.2161e-06	2.7683e-05	0.006142	
3.1846e-06	2.7552e-05	0.0062936	
3.1559e-06	2.7426e-05	0.006452	
3.129e-06	2.7305e-05	0.0066165	
3.1039e-06	2.7187e-05	0.0067873	
3.0812e-06	2.7075e-05	0.0069654	
3.0608e-06	2.6968e-05	0.0071512	
3.0426e-06	2.6865e-05	0.0073448	
3.0267e-06	2.6768e-05	0.0075466	
3.0128e-06	2.6675e-05	0.0077567	
3.001e-06	2.6586e-05	0.0079755	
2.9833e-06	2.649e-05	0.0081888	
2.9675e-06	2.6399e-05	0.0084108	
2.953e-06	2.6312e-05	0.0086407	
2.9326e-06	2.6217e-05	0.008865	
2.9141e-06	2.6126e-05	0.0090984	
2.8969e-06	2.6039e-05	0.00934	
2.8808e-06	2.5955e-05	0.0095901	
2.8589e-06	2.5864e-05	0.0098344	
2.8315e-06	2.5767e-05	0.010074	
2.8059e-06	2.5673e-05	0.010323	
2.7815e-06	2.5583e-05	0.01058	
2.7587e-06	2.5498e-05	0.010849	
2.7377e-06	2.5416e-05	0.011127	
2.7183e-06	2.5338e-05	0.011417	
2.6932e-06	2.5253e-05	0.011701	
2.6697e-06	2.5173e-05	0.011996	
2.6404e-06	2.5085e-05	0.012285	
2.6052e-06	2.499e-05	0.012567	
2.5643e-06	2.4889e-05	0.012843	
2.5175e-06	2.478e-05	0.013113	
2.4718e-06	2.4674e-05	0.013393	
2.4203e-06	2.4562e-05	0.013666	
2.3705e-06	2.4453e-05	0.013951	
2.3148e-06	2.4338e-05	0.014229	
2.2532e-06	2.4215e-05	0.014501	
2.1856e-06	2.4085e-05	0.014766	
2.1193e-06	2.3958e-05	0.015042	
2.0547e-06	2.3836e-05	0.015329	
1.9919e-06	2.3718e-05	0.015629	
1.9301e-06	2.3604e-05	0.015941	
1.8699e-06	2.3493e-05	0.016266	
1.8041e-06	2.3376e-05	0.016584	
1.7393e-06	2.3263e-05	0.016915	
1.6685e-06	2.3142e-05	0.017238	
1.5988e-06	2.3025e-05	0.017574	
1.5306e-06	2.2912e-05	0.017925	
1.464e-06	2.2804e-05	0.018292	
1.3989e-06	2.2701e-05	0.018676	
1.3958e-06	2.2587e-05	0.019049	
1.3934e-06	2.2478e-05	0.019439	
1.3912e-06	2.2373e-05	0.019846	
1.3835e-06	2.226e-05	0.020244	
1.376e-06	2.2152e-05	0.020658	
1.3686e-06	2.2047e-05	0.021089	
1.3554e-06	2.1934e-05	0.02151	
1.343e-06	2.1827e-05	0.02195	
1.3247e-06	2.1711e-05	0.02238	
1.3066e-06	2.1599e-05	0.022827	
1.2827e-06	2.1479e-05	0.023263	
1.2595e-06	2.1364e-05	0.02372	
1.2365e-06	2.1253e-05	0.024197	
1.269e-06	2.113e-05	0.024657	
1.3022e-06	2.1012e-05	0.02514	
1.3299e-06	2.0886e-05	0.025612	
1.3521e-06	2.0753e-05	0.026073	
1.3746e-06	2.0624e-05	0.026554	
1.3916e-06	2.0488e-05	0.027025	
1.4094e-06	2.0356e-05	0.027519	
1.4276e-06	2.0229e-05	0.028033	
1.4467e-06	2.0106e-05	0.028573	
1.4599e-06	1.9975e-05	0.0291	
1.474e-06	1.9849e-05	0.029652	
1.4886e-06	1.9726e-05	0.030227	
1.4972e-06	1.9596e-05	0.030788	
1.5068e-06	1.947e-05	0.031377	
1.517e-06	1.9348e-05	0.031991	
1.5211e-06	1.9218e-05	0.032589	
1.5258e-06	1.9092e-05	0.033214	
1.5311e-06	1.8969e-05	0.033866	
1.5376e-06	1.8852e-05	0.03455	
1.5448e-06	1.8738e-05	0.035265	
1.5528e-06	1.8628e-05	0.036012	
1.5616e-06	1.8522e-05	0.036791	
1.5644e-06	1.8408e-05	0.037554	
1.5688e-06	1.8299e-05	0.038355	
1.5672e-06	1.8183e-05	0.039138	
1.5665e-06	1.807e-05	0.039958	
1.5598e-06	1.795e-05	0.040757	
1.5549e-06	1.7835e-05	0.0416	
1.5511e-06	1.7724e-05	0.042484	
1.5866e-06	1.7342e-05	0.044685	
1.6244e-06	1.6968e-05	0.047002	
1.6553e-06	1.6584e-05	0.049257	
1.6884e-06	1.6209e-05	0.051631	
1.7146e-06	1.5823e-05	0.053942	
1.7339e-06	1.5427e-05	0.05619	
1.7555e-06	1.5039e-05	0.058557	
1.7702e-06	1.4642e-05	0.060861	
1.7779e-06	1.4234e-05	0.063103	
1.7879e-06	1.3834e-05	0.065464	
1.8003e-06	1.3443e-05	0.067949	
1.8062e-06	1.3042e-05	0.070378	
1.7972e-06	1.3237e-05	0.072442	
1.7813e-06	1.3423e-05	0.07445	
1.7583e-06	1.3601e-05	0.076403	
1.7377e-06	1.3783e-05	0.078461	
1.7194e-06	1.3971e-05	0.080627	
1.7034e-06	1.4164e-05	0.082907	
1.6896e-06	1.4362e-05	0.085308	
1.6773e-06	1.4565e-05	0.087822	
1.6671e-06	1.4774e-05	0.090468	
1.6593e-06	1.4994e-05	0.091215	
1.6446e-06	1.5205e-05	0.091937	
1.6236e-06	1.5407e-05	0.092639	
1.6047e-06	1.5616e-05	0.093384	
1.5872e-06	1.5829e-05	0.094171	
1.571e-06	1.6047e-05	0.095	
1.5562e-06	1.627e-05	0.095873	
1.5345e-06	1.6484e-05	0.096719	
1.5148e-06	1.6704e-05	0.097615	
1.556e-06	1.691e-05	0.098473	
1.5909e-06	1.7108e-05	0.099308	
1.6273e-06	1.7311e-05	0.10019	
1.6569e-06	1.7505e-05	0.10104	
1.6886e-06	1.7705e-05	0.10194	
1.7226e-06	1.7911e-05	0.1029	
1.7589e-06	1.8123e-05	0.10391	
1.7883e-06	1.8326e-05	0.10489	
1.82e-06	1.8536e-05	0.10593	
1.8448e-06	1.8736e-05	0.10694	
1.8721e-06	1.8942e-05	0.108	
1.9017e-06	1.9155e-05	0.10913	
2.0102e-06	1.9355e-05	0.11021	
2.1115e-06	1.9545e-05	0.11126	
2.2162e-06	1.9741e-05	0.11237	
2.3247e-06	1.9942e-05	0.11353	
2.4259e-06	2.0135e-05	0.11466	
2.5308e-06	2.0333e-05	0.11585	
2.6284e-06	2.0523e-05	0.11701	
2.7308e-06	2.0719e-05	0.11824	
2.8383e-06	2.0922e-05	0.11953	
2.9511e-06	2.1131e-05	0.1209	
3.0556e-06	2.1331e-05	0.12222	
3.1518e-06	2.1522e-05	0.12351	
3.2533e-06	2.172e-05	0.12487	
3.3465e-06	2.1908e-05	0.1262	
3.4321e-06	2.2088e-05	0.12749	
3.5102e-06	2.2259e-05	0.12875	
3.5937e-06	2.2437e-05	0.13008	
3.6826e-06	2.2622e-05	0.13148	
3.763e-06	2.2797e-05	0.13285	
3.9715e-06	2.2958e-05	0.13416	
4.1707e-06	2.3111e-05	0.13544	
4.3596e-06	2.3254e-05	0.13669	
4.5383e-06	2.3388e-05	0.13789	
4.7247e-06	2.3527e-05	0.13916	
4.9191e-06	2.3672e-05	0.1405	
5.1031e-06	2.3808e-05	0.14179	
5.2968e-06	2.3951e-05	0.14316	
5.305e-06	2.4101e-05	0.1446	
5.3043e-06	2.4241e-05	0.14599	
5.3087e-06	2.4387e-05	0.14746	
5.3193e-06	2.454e-05	0.14901	
5.3211e-06	2.4684e-05	0.15051	
5.3152e-06	2.4819e-05	0.15198	
5.3141e-06	2.496e-05	0.15353	
5.3045e-06	2.5092e-05	0.15502	
5.3009e-06	2.523e-05	0.15661	
5.2894e-06	2.536e-05	0.15815	
5.2829e-06	2.5496e-05	0.15977	
5.2814e-06	2.5637e-05	0.16146	
5.4007e-06	2.5766e-05	0.1631	
5.5108e-06	2.5885e-05	0.1647	
5.627e-06	2.601e-05	0.16638	
5.751e-06	2.6142e-05	0.16814	
5.8829e-06	2.628e-05	0.16999	
6.023e-06	2.6426e-05	0.17194	
6.1702e-06	2.6576e-05	0.17397	
6.3246e-06	2.6733e-05	0.17609	
6.4693e-06	2.688e-05	0.17817	
6.6044e-06	2.7018e-05	0.18019	
6.7299e-06	2.7147e-05	0.18217	
6.8469e-06	2.7268e-05	0.1841	
6.9708e-06	2.7395e-05	0.18612	
7.1019e-06	2.7527e-05	0.18823	
7.2243e-06	2.765e-05	0.1903	
7.3382e-06	2.7766e-05	0.19233	
7.4592e-06	2.7887e-05	0.19444	
7.5716e-06	2.8e-05	0.19652	
7.6753e-06	2.8105e-05	0.19855	
7.7863e-06	2.8215e-05	0.20067	
7.9047e-06	2.8331e-05	0.20289	
8.0434e-06	2.7749e-05	0.20543	
8.1917e-06	2.718e-05	0.20809	
8.3499e-06	2.6623e-05	0.21089	
8.5168e-06	2.6075e-05	0.21381	
8.6732e-06	2.5516e-05	0.21666	
8.8399e-06	2.4969e-05	0.21965	
8.7721e-06	2.4434e-05	0.22279	
8.6948e-06	2.3887e-05	0.22585	
8.609e-06	2.3332e-05	0.22885	
8.5302e-06	2.2785e-05	0.23199	
8.4431e-06	2.223e-05	0.23506	
8.3477e-06	2.1665e-05	0.23808	
8.2604e-06	2.111e-05	0.24124	
8.1641e-06	2.0545e-05	0.24434	
8.0743e-06	1.9989e-05	0.24756	
7.9757e-06	1.9423e-05	0.25072	
7.8691e-06	1.8848e-05	0.25382	
7.7701e-06	1.8283e-05	0.25706	
7.6785e-06	1.7727e-05	0.26045	
7.5941e-06	1.7181e-05	0.26398	
7.5154e-06	1.6641e-05	0.26765	
7.4436e-06	1.6111e-05	0.27148	
7.3784e-06	1.5589e-05	0.27548	
7.305e-06	1.5058e-05	0.2794	
7.237e-06	1.4533e-05	0.28347	
7.1616e-06	1.4001e-05	0.28748	
7.0927e-06	1.3476e-05	0.29166	
7.0302e-06	1.296e-05	0.29602	
6.9739e-06	1.2452e-05	0.30057	
6.9239e-06	1.1951e-05	0.30532	
6.8801e-06	1.1457e-05	0.31027	
6.8289e-06	1.0955e-05	0.31515	
6.7827e-06	1.046e-05	0.32021	
6.7285e-06	9.9556e-06	0.32518	
6.6793e-06	9.4574e-06	0.33034	
6.6227e-06	8.9511e-06	0.33542	
6.5559e-06	9.1292e-06	0.3403	
6.4815e-06	9.3006e-06	0.34511	
6.3998e-06	9.4656e-06	0.34984	
6.3106e-06	9.624e-06	0.3545	
6.2277e-06	9.7848e-06	0.35936	
6.1498e-06	9.9473e-06	0.3644	
6.0767e-06	1.0111e-05	0.36963	
6.0084e-06	1.0277e-05	0.37506	
5.9458e-06	1.0446e-05	0.38071	
5.8877e-06	1.0616e-05	0.38658	
5.835e-06	1.0789e-05	0.39269	
5.7878e-06	1.0965e-05	0.39906	
5.7335e-06	1.1134e-05	0.40534	
5.6721e-06	1.1297e-05	0.41153	
5.6151e-06	1.1462e-05	0.41795	
5.5504e-06	1.1619e-05	0.42425	
5.4779e-06	1.1769e-05	0.43045	
5.4098e-06	1.1922e-05	0.43688	
5.3461e-06	1.2076e-05	0.44355	
5.2753e-06	1.2224e-05	0.45012	
5.1973e-06	1.2365e-05	0.4566	
5.2364e-06	1.2499e-05	0.46295	
5.2679e-06	1.2625e-05	0.46919	
5.3033e-06	1.2753e-05	0.47566	
5.3312e-06	1.2874e-05	0.48203	
5.364e-06	1.2998e-05	0.48865	
5.4018e-06	1.3125e-05	0.49555	
5.4446e-06	1.3254e-05	0.50273	
5.4929e-06	1.3388e-05	0.50438	
5.5452e-06	1.3524e-05	0.50609	
5.6025e-06	1.3663e-05	0.50789	
5.6649e-06	1.3805e-05	0.50977	
5.7324e-06	1.3949e-05	0.51174	
5.8049e-06	1.4097e-05	0.51379	
5.8702e-06	1.4237e-05	0.51581	
5.9404e-06	1.438e-05	0.51791	
6.0147e-06	1.4526e-05	0.52009	
6.0817e-06	1.4664e-05	0.52224	
6.1423e-06	1.4796e-05	0.52436	
6.1959e-06	1.4922e-05	0.52645	
6.243e-06	1.5042e-05	0.52851	
6.2948e-06	1.5164e-05	0.53066	
6.3402e-06	1.5279e-05	0.53277	
6.3794e-06	1.5389e-05	0.53487	
6.4231e-06	1.5501e-05	0.53704	
6.4713e-06	1.5616e-05	0.53931	
6.5242e-06	1.5733e-05	0.54166	
6.5816e-06	1.5852e-05	0.5441	
6.6323e-06	1.5965e-05	0.54651	
6.6876e-06	1.608e-05	0.54902	
6.7476e-06	1.6198e-05	0.55162	
6.8123e-06	1.6318e-05	0.55432	
6.8707e-06	1.6432e-05	0.55699	
6.9339e-06	1.6549e-05	0.55976	
7.0019e-06	1.6667e-05	0.56264	
7.0748e-06	1.6789e-05	0.56562	
7.1527e-06	1.6913e-05	0.56872	
7.2346e-06	1.7038e-05	0.57192	
7.3103e-06	1.7158e-05	0.57509	
7.3901e-06	1.728e-05	0.57836	
7.463e-06	1.7395e-05	0.58159	
7.5291e-06	1.7503e-05	0.58478	
7.6004e-06	1.7615e-05	0.58808	
7.6768e-06	1.7728e-05	0.59151	
7.7587e-06	1.7845e-05	0.59507	
7.8336e-06	1.7955e-05	0.59858	
7.9139e-06	1.8068e-05	0.60223	
7.9872e-06	1.8174e-05	0.60582	
8.0541e-06	1.8274e-05	0.60938	
8.1145e-06	1.8368e-05	0.6129	
8.1805e-06	1.8465e-05	0.61656	
8.2511e-06	1.8564e-05	0.62033	
8.3263e-06	1.8665e-05	0.62423	
8.3943e-06	1.8759e-05	0.62807	
8.4683e-06	1.8857e-05	0.63206	
8.5482e-06	1.8957e-05	0.63621	
8.6208e-06	1.905e-05	0.64029	
8.6995e-06	1.9147e-05	0.64453	
8.7835e-06	1.9246e-05	0.64892	
8.8728e-06	1.9347e-05	0.65345	
8.9688e-06	1.9452e-05	0.65816	
9.0705e-06	1.9559e-05	0.66303	
9.1794e-06	1.967e-05	0.66809	
9.2944e-06	1.9783e-05	0.67332	
9.402e-06	1.989e-05	0.67849	
9.5173e-06	2e-05	0.68387	
9.6406e-06	2.0114e-05	0.68946	
9.7708e-06	2.0231e-05	0.69525	
9.8922e-06	2.0341e-05	0.70095	
1.0022e-05	2.0455e-05	0.70689	
1.0161e-05	2.0574e-05	0.71307	
1.0309e-05	2.0695e-05	0.71949	
1.0464e-05	2.0821e-05	0.72615	
1.0611e-05	2.0939e-05	0.73271	
1.0768e-05	2.1062e-05	0.73956	
1.0915e-05	2.1176e-05	0.74628	
1.1071e-05	2.1295e-05	0.75326	
1.1216e-05	2.1406e-05	0.76011	
1.1374e-05	2.1527e-05	0.76193	
1.1544e-05	2.1654e-05	0.76384	
1.1727e-05	2.1787e-05	0.76586	
1.1898e-05	2.191e-05	0.76783	
1.2082e-05	2.204e-05	0.76991	
1.2279e-05	2.2176e-05	0.77209	
1.2492e-05	2.2318e-05	0.7744	
1.2719e-05	2.2467e-05	0.77682	
1.296e-05	2.2621e-05	0.77937	
1.3187e-05	2.2765e-05	0.78185	
1.3396e-05	2.2886e-05	0.79776	
1.3593e-05	2.2999e-05	0.81332	
1.3806e-05	2.3119e-05	0.8297	
1.4007e-05	2.3229e-05	0.84573	
1.4195e-05	2.3332e-05	0.86141	
1.4372e-05	2.3425e-05	0.87675	
1.4536e-05	2.351e-05	0.89176	
1.4714e-05	2.3601e-05	0.90747	
1.4878e-05	2.3682e-05	0.92277	
1.503e-05	2.3754e-05	0.93773	
1.5169e-05	2.3818e-05	0.95235	
1.5324e-05	2.3888e-05	0.96777	
1.5501e-05	2.3976e-05	0.97268	
1.5695e-05	2.4073e-05	0.97424	
1.5908e-05	2.4178e-05	0.97588	
1.614e-05	2.4297e-05	0.97639	
1.6356e-05	2.4406e-05	0.97687	
1.6557e-05	2.4505e-05	0.97735	
1.6776e-05	2.4611e-05	0.97785	
1.6979e-05	2.4707e-05	0.97834	
1.7167e-05	2.4794e-05	0.97882	
1.7375e-05	2.4894e-05	0.97889	
1.7602e-05	2.5002e-05	0.97897	
1.7815e-05	2.5102e-05	0.97906	
1.8044e-05	2.5207e-05	0.97915	
1.8258e-05	2.5302e-05	0.97924	
1.8492e-05	2.5413e-05	0.97903	
1.871e-05	2.5512e-05	0.97881	
1.8949e-05	2.562e-05	0.97861	
1.9205e-05	2.5734e-05	0.97843	
1.9439e-05	2.5823e-05	0.97877	
1.9659e-05	2.5903e-05	0.97911	
1.9896e-05	2.5989e-05	0.97946	
2.0119e-05	2.6066e-05	0.97981	
2.0328e-05	2.6133e-05	0.98015	
2.0554e-05	2.6208e-05	0.98051	
2.0764e-05	2.6272e-05	0.98086	
2.0957e-05	2.6326e-05	0.98119	
2.1171e-05	2.6387e-05	0.98156	
2.1699e-05	2.6435e-05	0.98191	
2.2204e-05	2.6473e-05	0.98225	
2.2687e-05	2.6501e-05	0.98258	
2.3204e-05	2.6539e-05	0.98259	
2.3697e-05	2.6567e-05	0.98259	
2.423e-05	2.6612e-05	0.98229	
2.4805e-05	2.6677e-05	0.98126	
2.5411e-05	2.6748e-05	0.98028	
2.5993e-05	2.6808e-05	0.97928	
2.6606e-05	2.6875e-05	0.97832	
2.7253e-05	2.6949e-05	0.97741	
2.7934e-05	2.7029e-05	0.97654	
2.8588e-05	2.7099e-05	0.97566	
2.9277e-05	2.7176e-05	0.97481	
2.994e-05	2.7242e-05	0.97394	
3.0645e-05	2.7323e-05	0.97115	
3.1388e-05	2.7411e-05	0.96849	
3.2106e-05	2.749e-05	0.96577	
3.2801e-05	2.7559e-05	0.96299	
3.3534e-05	2.7635e-05	0.96034	
3.4238e-05	2.7701e-05	0.95761	
3.443e-05	2.7776e-05	0.95502	
3.4605e-05	2.7842e-05	0.95237	
3.4765e-05	2.7898e-05	0.94966	
3.4949e-05	2.7962e-05	0.94709	
3.5158e-05	2.8034e-05	0.94466	
3.5392e-05	2.8114e-05	0.94235	
3.5611e-05	2.8185e-05	0.93998	
3.5854e-05	2.8263e-05	0.93774	
3.6124e-05	2.835e-05	0.93561	
3.6421e-05	2.8444e-05	0.9336	
3.6741e-05	2.8544e-05	0.93167	
3.7086e-05	2.8652e-05	0.92983	
3.7456e-05	2.8765e-05	0.92808	
3.7857e-05	2.8887e-05	0.92642	
3.8193e-05	3.039e-05	0.92446	
3.8559e-05	3.1926e-05	0.92261	
3.8904e-05	3.344e-05	0.92071	
3.923e-05	3.4933e-05	0.91876	
3.9583e-05	3.646e-05	0.91691	
3.9967e-05	3.802e-05	0.91515	
4.0834e-05	3.9548e-05	0.91334	
4.1744e-05	4.1106e-05	0.91161	
4.2625e-05	4.2643e-05	0.90984	
4.3482e-05	4.4162e-05	0.90804	
4.4317e-05	4.5665e-05	0.9062	
4.5191e-05	4.7195e-05	0.90444	
4.6039e-05	4.8706e-05	0.90264	
4.6926e-05	5.0244e-05	0.90091	
4.7787e-05	5.1764e-05	0.89915	
4.8692e-05	5.3314e-05	0.89747	
4.9642e-05	5.4896e-05	0.89587	
5.064e-05	5.651e-05	0.89435	
5.168e-05	5.8152e-05	0.89288	
5.2697e-05	5.9777e-05	0.89139	
5.3763e-05	6.1435e-05	0.88997	
5.4802e-05	6.3075e-05	0.88852	
5.5885e-05	6.4742e-05	0.88714	
5.7019e-05	6.6443e-05	0.88581	
5.8206e-05	6.8177e-05	0.88455	
5.9449e-05	6.9945e-05	0.88334	
6.0667e-05	7.1697e-05	0.88212	
6.1941e-05	7.3484e-05	0.88095	
6.3274e-05	7.5305e-05	0.87983	
6.4668e-05	7.7163e-05	0.87877	
6.6127e-05	7.9057e-05	0.87776	
6.7652e-05	8.0988e-05	0.8768	
6.9239e-05	8.2954e-05	0.87588	
7.089e-05	8.4953e-05	0.875	
7.2607e-05	8.6988e-05	0.87416	
7.4394e-05	8.9059e-05	0.87336	
7.6147e-05	9.1111e-05	0.87254	
