
Loaded 'libv3/convenience/matrix.bf' from /usr/local/lib/hyphy/TemplateBatchFiles/libv3/convenience/matrix.bf
Loaded 'libv3/UtilityFunctions.bf' from /usr/local/lib/hyphy/TemplateBatchFiles/libv3/UtilityFunctions.bf
Loaded 'IOFunctions.bf' from /usr/local/lib/hyphy/TemplateBatchFiles/libv3/IOFunctions.bf
Already loaded 'libv3/UtilityFunctions.bf' from /usr/local/lib/hyphy/TemplateBatchFiles/libv3/UtilityFunctions.bf
Loaded 'convenience/regexp.bf' from /usr/local/lib/hyphy/TemplateBatchFiles/libv3/convenience/regexp.bf
Loaded 'libv3/all-terms.bf' from /usr/local/lib/hyphy/TemplateBatchFiles/libv3/all-terms.bf
Variable 'skipCodeSelectionStep' was not initialized prior to being used
Row and/or column partition is empty. All the data will be used by default.
Overwritten previously defined function:'GaussLaguerreQuardature'
Overwritten previously defined function:'GammaQuadWeight'
Variable 'SKIP_HARVEST_FREQ' was not initialized prior to being used
Variable '_WRAP_PASSTHROUGH_FLAG_' was not initialized prior to being used
Variable 'END_OF_FILE' was not initialized prior to being used
Variable '_DO_TREE_REBALANCE_' was not initialized prior to being used
Variable '_KEEP_I_LABELS_' was not initialized prior to being used
Model MG94customModel assigned to Gracilinanus_agilis
Gracilinanus_agilis has 2 parameters - branch length not assigned
Model MG94customModel assigned to Monodelphis_domestica
Monodelphis_domestica has 2 parameters - branch length not assigned
Model MG94customModel assigned to Node1
Node1 has 2 parameters - branch length not assigned
Model MG94customModel assigned to Thylacinus_cynocephalus
Thylacinus_cynocephalus has 2 parameters - branch length not assigned
Model MG94customModel assigned to Antechinus_flavipes
Antechinus_flavipes has 2 parameters - branch length not assigned
Model MG94customModel assigned to Sarcophilus_harrisii
Sarcophilus_harrisii has 2 parameters - branch length not assigned
Model MG94customModel assigned to Node8
Node8 has 2 parameters - branch length not assigned
Model MG94customModel assigned to Node6
Node6 has 2 parameters - branch length not assigned
Model MG94customModel assigned to Phascolarctos_cinereus
Phascolarctos_cinereus has 2 parameters - branch length not assigned
Model MG94customModel assigned to Vombatus_ursinus
Vombatus_ursinus has 2 parameters - branch length not assigned
Model MG94customModel assigned to Node12
Node12 has 2 parameters - branch length not assigned
Model MG94customModel assigned to Macropus_eugenii
Macropus_eugenii has 2 parameters - branch length not assigned
Model MG94customModel assigned to Trichosurus_vulpecula
Trichosurus_vulpecula has 2 parameters - branch length not assigned
Model MG94customModel assigned to Node15
Node15 has 2 parameters - branch length not assigned
Model MG94customModel assigned to Node11
Node11 has 2 parameters - branch length not assigned
Model MG94customModel assigned to Node5
Node5 has 2 parameters - branch length not assigned
Model MG94customModel assigned to Dromiciops_gliroides
Dromiciops_gliroides has 2 parameters - branch length not assigned
Model MG94customModel assigned to Node4
Node4 has 2 parameters - branch length not assigned
Model MG94customModel assigned to Ornithorhynchus_anatinus
Ornithorhynchus_anatinus has 2 parameters - branch length not assigned
Model MG94customModel assigned to Tachyglossus_aculeatus
Tachyglossus_aculeatus has 2 parameters - branch length not assigned
Model MG94customModel assigned to Node19
Node19 has 2 parameters - branch length not assigned
The tips of the tree:givenTree were matched with the species names from the data in the following numeric order (0-based) {2,4,9,0,7,6,11,3,10,1,5,8}

Pseudo-optimal path's cost 8277 vs 11497 for 1..k=> a 1.38903 x improvement
Partition 0 reversible model flag computed as 1
Variable 'theLnLik' was not initialized prior to being used
Variable 'SAVE_OPT_STATUS_TO' was not initialized prior to being used
Variable 'givenTree.Gracilinanus_agilis.nonSynRate' was not initialized prior to being used
Variable 'givenTree.Gracilinanus_agilis.synRate' was not initialized prior to being used
Variable 'givenTree.Monodelphis_domestica.nonSynRate' was not initialized prior to being used
Variable 'givenTree.Monodelphis_domestica.synRate' was not initialized prior to being used
Variable 'givenTree.Thylacinus_cynocephalus.nonSynRate' was not initialized prior to being used
Variable 'givenTree.Thylacinus_cynocephalus.synRate' was not initialized prior to being used
Variable 'givenTree.Antechinus_flavipes.nonSynRate' was not initialized prior to being used
Variable 'givenTree.Antechinus_flavipes.synRate' was not initialized prior to being used
Variable 'givenTree.Sarcophilus_harrisii.nonSynRate' was not initialized prior to being used
Variable 'givenTree.Sarcophilus_harrisii.synRate' was not initialized prior to being used
Variable 'givenTree.Phascolarctos_cinereus.nonSynRate' was not initialized prior to being used
Variable 'givenTree.Phascolarctos_cinereus.synRate' was not initialized prior to being used
Variable 'givenTree.Vombatus_ursinus.nonSynRate' was not initialized prior to being used
Variable 'givenTree.Vombatus_ursinus.synRate' was not initialized prior to being used
Variable 'givenTree.Macropus_eugenii.nonSynRate' was not initialized prior to being used
Variable 'givenTree.Macropus_eugenii.synRate' was not initialized prior to being used
Variable 'givenTree.Trichosurus_vulpecula.nonSynRate' was not initialized prior to being used
Variable 'givenTree.Trichosurus_vulpecula.synRate' was not initialized prior to being used
Variable 'givenTree.Dromiciops_gliroides.nonSynRate' was not initialized prior to being used
Variable 'givenTree.Dromiciops_gliroides.synRate' was not initialized prior to being used
Variable 'givenTree.Ornithorhynchus_anatinus.nonSynRate' was not initialized prior to being used
Variable 'givenTree.Ornithorhynchus_anatinus.synRate' was not initialized prior to being used
Variable 'givenTree.Tachyglossus_aculeatus.nonSynRate' was not initialized prior to being used
Variable 'givenTree.Tachyglossus_aculeatus.synRate' was not initialized prior to being used
Variable 'givenTree.Node1.nonSynRate' was not initialized prior to being used
Variable 'givenTree.Node1.synRate' was not initialized prior to being used
Variable 'givenTree.Node8.nonSynRate' was not initialized prior to being used
Variable 'givenTree.Node8.synRate' was not initialized prior to being used
Variable 'givenTree.Node6.nonSynRate' was not initialized prior to being used
Variable 'givenTree.Node6.synRate' was not initialized prior to being used
Variable 'givenTree.Node12.nonSynRate' was not initialized prior to being used
Variable 'givenTree.Node12.synRate' was not initialized prior to being used
Variable 'givenTree.Node15.nonSynRate' was not initialized prior to being used
Variable 'givenTree.Node15.synRate' was not initialized prior to being used
Variable 'givenTree.Node11.nonSynRate' was not initialized prior to being used
Variable 'givenTree.Node11.synRate' was not initialized prior to being used
Variable 'givenTree.Node5.nonSynRate' was not initialized prior to being used
Variable 'givenTree.Node5.synRate' was not initialized prior to being used
Variable 'givenTree.Node4.nonSynRate' was not initialized prior to being used
Variable 'givenTree.Node4.synRate' was not initialized prior to being used
Variable 'givenTree.Node19.nonSynRate' was not initialized prior to being used
Variable 'givenTree.Node19.synRate' was not initialized prior to being used
Site 369 evaluated to a 0 probability in ComputeTreeBlockByBranch
Site 369 evaluated to a 0 probability in ComputeTreeBlockByBranch
Site 231 evaluated to a 0 probability in ComputeTreeBlockByBranch
Auto-benchmarked an optimal number (1) of threads.
Set GUI update interval to every 55-th LF evaluation.
Initial guess for givenTree.Gracilinanus_agilis.nonSynRate is 0.0151236
Initial guess for givenTree.Gracilinanus_agilis.synRate is 0.00637444
Initial guess for givenTree.Monodelphis_domestica.nonSynRate is 0.0277302
Initial guess for givenTree.Monodelphis_domestica.synRate is 0.0159804
Initial guess for givenTree.Node4.nonSynRate is 0.0349502
Initial guess for givenTree.Node4.synRate is 0.0246134
Initial guess for givenTree.Node5.nonSynRate is 0.00726622
Initial guess for givenTree.Node5.synRate is 0.00244352
Initial guess for givenTree.Node6.nonSynRate is 0.000953459
Initial guess for givenTree.Node6.synRate is 0.000872339
Initial guess for givenTree.Thylacinus_cynocephalus.nonSynRate is 0.022916
Initial guess for givenTree.Thylacinus_cynocephalus.synRate is 0.0050198
Initial guess for givenTree.Node8.nonSynRate is 0.0274953
Initial guess for givenTree.Node8.synRate is 0.0102796
Initial guess for givenTree.Antechinus_flavipes.nonSynRate is 0.0121588
Initial guess for givenTree.Antechinus_flavipes.synRate is 0.00249727
Initial guess for givenTree.Sarcophilus_harrisii.nonSynRate is 0.00853367
Initial guess for givenTree.Sarcophilus_harrisii.synRate is 0.00667366
Initial guess for givenTree.Node11.nonSynRate is 0.00713333
Initial guess for givenTree.Node11.synRate is 0.00422054
Initial guess for givenTree.Node12.nonSynRate is 0.00932136
Initial guess for givenTree.Node12.synRate is 0.00558293
Initial guess for givenTree.Phascolarctos_cinereus.nonSynRate is 0.0161266
Initial guess for givenTree.Phascolarctos_cinereus.synRate is 0.004904
Initial guess for givenTree.Vombatus_ursinus.nonSynRate is 0.0184394
Initial guess for givenTree.Vombatus_ursinus.synRate is 0.00768896
Initial guess for givenTree.Node15.nonSynRate is 0.0105435
Initial guess for givenTree.Node15.synRate is 0.00313255
Initial guess for givenTree.Macropus_eugenii.nonSynRate is 0.0294155
Initial guess for givenTree.Macropus_eugenii.synRate is 0.016456
Initial guess for givenTree.Trichosurus_vulpecula.nonSynRate is 0.0241876
Initial guess for givenTree.Trichosurus_vulpecula.synRate is 0.0122584
Initial guess for givenTree.Dromiciops_gliroides.nonSynRate is 0.034656
Initial guess for givenTree.Dromiciops_gliroides.synRate is 0.0225447
Initial guess for givenTree.Node19.nonSynRate is 0.00145764
Initial guess for givenTree.Node19.synRate is 0.00251331
Initial guess for givenTree.Ornithorhynchus_anatinus.nonSynRate is 0.040661
Initial guess for givenTree.Ornithorhynchus_anatinus.synRate is 0.0206068
Initial guess for givenTree.Tachyglossus_aculeatus.nonSynRate is 0.0276408
Initial guess for givenTree.Tachyglossus_aculeatus.synRate is 0.0181752
Optimization settings:
	OPTIMIZATION_METHOD = 4
	OPTIMIZATION_PRECISION = 0.001
	MAXIMUM_ITERATIONS_PER_VARIABLE = 5000

Initial parameter values

CT = 1
GT = 1
CG = 1
AC = 1
AT = 1
givenTree.Gracilinanus_agilis.synRate = 0.00637444
givenTree.Gracilinanus_agilis.nonSynRate = 0.0151236
givenTree.Monodelphis_domestica.synRate = 0.0159804
givenTree.Monodelphis_domestica.nonSynRate = 0.0277302
givenTree.Node1.synRate = 0.1
givenTree.Node1.nonSynRate = 0.1
givenTree.Thylacinus_cynocephalus.synRate = 0.0050198
givenTree.Thylacinus_cynocephalus.nonSynRate = 0.022916
givenTree.Antechinus_flavipes.synRate = 0.00249727
givenTree.Antechinus_flavipes.nonSynRate = 0.0121588
givenTree.Sarcophilus_harrisii.synRate = 0.00667366
givenTree.Sarcophilus_harrisii.nonSynRate = 0.00853367
givenTree.Node8.synRate = 0.0102796
givenTree.Node8.nonSynRate = 0.0274953
givenTree.Node6.synRate = 0.000872339
givenTree.Node6.nonSynRate = 0.000953459
givenTree.Phascolarctos_cinereus.synRate = 0.004904
givenTree.Phascolarctos_cinereus.nonSynRate = 0.0161266
givenTree.Vombatus_ursinus.synRate = 0.00768896
givenTree.Vombatus_ursinus.nonSynRate = 0.0184394
givenTree.Node12.synRate = 0.00558293
givenTree.Node12.nonSynRate = 0.00932136
givenTree.Macropus_eugenii.synRate = 0.016456
givenTree.Macropus_eugenii.nonSynRate = 0.0294155
givenTree.Trichosurus_vulpecula.synRate = 0.0122584
givenTree.Trichosurus_vulpecula.nonSynRate = 0.0241876
givenTree.Node15.synRate = 0.00313255
givenTree.Node15.nonSynRate = 0.0105435
givenTree.Node11.synRate = 0.00422054
givenTree.Node11.nonSynRate = 0.00713333
givenTree.Node5.synRate = 0.00244352
givenTree.Node5.nonSynRate = 0.00726622
givenTree.Dromiciops_gliroides.synRate = 0.0225447
givenTree.Dromiciops_gliroides.nonSynRate = 0.034656
givenTree.Node4.synRate = 0.0246134
givenTree.Node4.nonSynRate = 0.0349502
givenTree.Ornithorhynchus_anatinus.synRate = 0.0206068
givenTree.Ornithorhynchus_anatinus.nonSynRate = 0.040661
givenTree.Tachyglossus_aculeatus.synRate = 0.0181752
givenTree.Tachyglossus_aculeatus.nonSynRate = 0.0276408
givenTree.Node19.synRate = 0.00251331
givenTree.Node19.nonSynRate = 0.00145764
Optimization finished in 20 loop passes.
4003 likelihood evaluation calls and 17664 matrix exponentiations calls were made

Variable 'lastDepth' was not initialized prior to being used
No nodel was assigned to Gracilinanus_agilis
Gracilinanus_agilis has 0 parameters - branch length not assigned
No nodel was assigned to Monodelphis_domestica
Monodelphis_domestica has 0 parameters - branch length not assigned
No nodel was assigned to Node1
Node1 has 0 parameters - branch length not assigned
No nodel was assigned to Thylacinus_cynocephalus
Thylacinus_cynocephalus has 0 parameters - branch length not assigned
No nodel was assigned to Antechinus_flavipes
Antechinus_flavipes has 0 parameters - branch length not assigned
No nodel was assigned to Sarcophilus_harrisii
Sarcophilus_harrisii has 0 parameters - branch length not assigned
No nodel was assigned to Node8
Node8 has 0 parameters - branch length not assigned
No nodel was assigned to Node6
Node6 has 0 parameters - branch length not assigned
No nodel was assigned to Phascolarctos_cinereus
Phascolarctos_cinereus has 0 parameters - branch length not assigned
No nodel was assigned to Vombatus_ursinus
Vombatus_ursinus has 0 parameters - branch length not assigned
No nodel was assigned to Node12
Node12 has 0 parameters - branch length not assigned
No nodel was assigned to Macropus_eugenii
Macropus_eugenii has 0 parameters - branch length not assigned
No nodel was assigned to Trichosurus_vulpecula
Trichosurus_vulpecula has 0 parameters - branch length not assigned
No nodel was assigned to Node15
Node15 has 0 parameters - branch length not assigned
No nodel was assigned to Node11
Node11 has 0 parameters - branch length not assigned
No nodel was assigned to Node5
Node5 has 0 parameters - branch length not assigned
No nodel was assigned to Dromiciops_gliroides
Dromiciops_gliroides has 0 parameters - branch length not assigned
No nodel was assigned to Node4
Node4 has 0 parameters - branch length not assigned
No nodel was assigned to Ornithorhynchus_anatinus
Ornithorhynchus_anatinus has 0 parameters - branch length not assigned
No nodel was assigned to Tachyglossus_aculeatus
Tachyglossus_aculeatus has 0 parameters - branch length not assigned
No nodel was assigned to Node19
Node19 has 0 parameters - branch length not assigned
No nodel was assigned to Gracilinanus_agilis
Gracilinanus_agilis has 0 parameters - branch length not assigned
No nodel was assigned to Monodelphis_domestica
Monodelphis_domestica has 0 parameters - branch length not assigned
No nodel was assigned to Node1
Node1 has 0 parameters - branch length not assigned
No nodel was assigned to Thylacinus_cynocephalus
Thylacinus_cynocephalus has 0 parameters - branch length not assigned
No nodel was assigned to Antechinus_flavipes
Antechinus_flavipes has 0 parameters - branch length not assigned
No nodel was assigned to Sarcophilus_harrisii
Sarcophilus_harrisii has 0 parameters - branch length not assigned
No nodel was assigned to Node8
Node8 has 0 parameters - branch length not assigned
No nodel was assigned to Node6
Node6 has 0 parameters - branch length not assigned
No nodel was assigned to Phascolarctos_cinereus
Phascolarctos_cinereus has 0 parameters - branch length not assigned
No nodel was assigned to Vombatus_ursinus
Vombatus_ursinus has 0 parameters - branch length not assigned
No nodel was assigned to Node12
Node12 has 0 parameters - branch length not assigned
No nodel was assigned to Macropus_eugenii
Macropus_eugenii has 0 parameters - branch length not assigned
No nodel was assigned to Trichosurus_vulpecula
Trichosurus_vulpecula has 0 parameters - branch length not assigned
No nodel was assigned to Node15
Node15 has 0 parameters - branch length not assigned
No nodel was assigned to Node11
Node11 has 0 parameters - branch length not assigned
No nodel was assigned to Node5
Node5 has 0 parameters - branch length not assigned
No nodel was assigned to Dromiciops_gliroides
Dromiciops_gliroides has 0 parameters - branch length not assigned
No nodel was assigned to Node4
Node4 has 0 parameters - branch length not assigned
No nodel was assigned to Ornithorhynchus_anatinus
Ornithorhynchus_anatinus has 0 parameters - branch length not assigned
No nodel was assigned to Tachyglossus_aculeatus
Tachyglossus_aculeatus has 0 parameters - branch length not assigned
No nodel was assigned to Node19
Node19 has 0 parameters - branch length not assigned
No nodel was assigned to Gracilinanus_agilis
Gracilinanus_agilis has 0 parameters - branch length not assigned
No nodel was assigned to Monodelphis_domestica
Monodelphis_domestica has 0 parameters - branch length not assigned
No nodel was assigned to Node1
Node1 has 0 parameters - branch length not assigned
No nodel was assigned to Thylacinus_cynocephalus
Thylacinus_cynocephalus has 0 parameters - branch length not assigned
No nodel was assigned to Antechinus_flavipes
Antechinus_flavipes has 0 parameters - branch length not assigned
No nodel was assigned to Sarcophilus_harrisii
Sarcophilus_harrisii has 0 parameters - branch length not assigned
No nodel was assigned to Node8
Node8 has 0 parameters - branch length not assigned
No nodel was assigned to Node6
Node6 has 0 parameters - branch length not assigned
No nodel was assigned to Phascolarctos_cinereus
Phascolarctos_cinereus has 0 parameters - branch length not assigned
No nodel was assigned to Vombatus_ursinus
Vombatus_ursinus has 0 parameters - branch length not assigned
No nodel was assigned to Node12
Node12 has 0 parameters - branch length not assigned
No nodel was assigned to Macropus_eugenii
Macropus_eugenii has 0 parameters - branch length not assigned
No nodel was assigned to Trichosurus_vulpecula
Trichosurus_vulpecula has 0 parameters - branch length not assigned
No nodel was assigned to Node15
Node15 has 0 parameters - branch length not assigned
No nodel was assigned to Node11
Node11 has 0 parameters - branch length not assigned
No nodel was assigned to Node5
Node5 has 0 parameters - branch length not assigned
No nodel was assigned to Dromiciops_gliroides
Dromiciops_gliroides has 0 parameters - branch length not assigned
No nodel was assigned to Node4
Node4 has 0 parameters - branch length not assigned
No nodel was assigned to Ornithorhynchus_anatinus
Ornithorhynchus_anatinus has 0 parameters - branch length not assigned
No nodel was assigned to Tachyglossus_aculeatus
Tachyglossus_aculeatus has 0 parameters - branch length not assigned
No nodel was assigned to Node19
Node19 has 0 parameters - branch length not assigned
No nodel was assigned to Gracilinanus_agilis
Gracilinanus_agilis has 0 parameters - branch length not assigned
No nodel was assigned to Monodelphis_domestica
Monodelphis_domestica has 0 parameters - branch length not assigned
No nodel was assigned to Node1
Node1 has 0 parameters - branch length not assigned
No nodel was assigned to Thylacinus_cynocephalus
Thylacinus_cynocephalus has 0 parameters - branch length not assigned
No nodel was assigned to Antechinus_flavipes
Antechinus_flavipes has 0 parameters - branch length not assigned
No nodel was assigned to Sarcophilus_harrisii
Sarcophilus_harrisii has 0 parameters - branch length not assigned
No nodel was assigned to Node8
Node8 has 0 parameters - branch length not assigned
No nodel was assigned to Node6
Node6 has 0 parameters - branch length not assigned
No nodel was assigned to Phascolarctos_cinereus
Phascolarctos_cinereus has 0 parameters - branch length not assigned
No nodel was assigned to Vombatus_ursinus
Vombatus_ursinus has 0 parameters - branch length not assigned
No nodel was assigned to Node12
Node12 has 0 parameters - branch length not assigned
No nodel was assigned to Macropus_eugenii
Macropus_eugenii has 0 parameters - branch length not assigned
No nodel was assigned to Trichosurus_vulpecula
Trichosurus_vulpecula has 0 parameters - branch length not assigned
No nodel was assigned to Node15
Node15 has 0 parameters - branch length not assigned
No nodel was assigned to Node11
Node11 has 0 parameters - branch length not assigned
No nodel was assigned to Node5
Node5 has 0 parameters - branch length not assigned
No nodel was assigned to Dromiciops_gliroides
Dromiciops_gliroides has 0 parameters - branch length not assigned
No nodel was assigned to Node4
Node4 has 0 parameters - branch length not assigned
No nodel was assigned to Ornithorhynchus_anatinus
Ornithorhynchus_anatinus has 0 parameters - branch length not assigned
No nodel was assigned to Tachyglossus_aculeatus
Tachyglossus_aculeatus has 0 parameters - branch length not assigned
No nodel was assigned to Node19
Node19 has 0 parameters - branch length not assigned
Variable 'nodeName' was not initialized prior to being used
Variable 'speciesIndex' was not initialized prior to being used
Row and/or column partition is empty. All the data will be used by default.
Model MG94customModel assigned to Gracilinanus_agilis
Model MG94customModel assigned to Monodelphis_domestica
One branch tree supplied - hopefully this IS what you meant to do.
Rooted tree. Removing one branch - the left root child has been promoted to be the new root
Partition 0 reversible model flag computed as 1
Variable 'twoLnLik' was not initialized prior to being used
Variable 't2.Monodelphis_domestica.nonSynRate' was not initialized prior to being used
Variable 't2.Monodelphis_domestica.synRate' was not initialized prior to being used
Auto-benchmarked an optimal number (4) of threads.
Set GUI update interval to every 8928-th LF evaluation.
Optimization settings:
	OPTIMIZATION_METHOD = 4
	OPTIMIZATION_PRECISION = 0.001
	MAXIMUM_ITERATIONS_PER_VARIABLE = 5000

Initial parameter values

t2.Monodelphis_domestica.nonSynRate = 0.1
t2.Monodelphis_domestica.synRate = 0.1
Optimization finished in 6 loop passes.
165 likelihood evaluation calls and 146 matrix exponentiations calls were made

Row and/or column partition is empty. All the data will be used by default.
Model MG94customModel assigned to Gracilinanus_agilis
Model MG94customModel assigned to Thylacinus_cynocephalus
One branch tree supplied - hopefully this IS what you meant to do.
Rooted tree. Removing one branch - the left root child has been promoted to be the new root
Partition 0 reversible model flag computed as 1
Variable 't2.Thylacinus_cynocephalus.nonSynRate' was not initialized prior to being used
Variable 't2.Thylacinus_cynocephalus.synRate' was not initialized prior to being used
Auto-benchmarked an optimal number (5) of threads.
Set GUI update interval to every 9615-th LF evaluation.
Optimization settings:
	OPTIMIZATION_METHOD = 4
	OPTIMIZATION_PRECISION = 0.001
	MAXIMUM_ITERATIONS_PER_VARIABLE = 5000

Initial parameter values

t2.Thylacinus_cynocephalus.nonSynRate = 0.1
t2.Thylacinus_cynocephalus.synRate = 0.1
Optimization finished in 6 loop passes.
173 likelihood evaluation calls and 153 matrix exponentiations calls were made

Row and/or column partition is empty. All the data will be used by default.
Model MG94customModel assigned to Gracilinanus_agilis
Model MG94customModel assigned to Antechinus_flavipes
One branch tree supplied - hopefully this IS what you meant to do.
Rooted tree. Removing one branch - the left root child has been promoted to be the new root
Partition 0 reversible model flag computed as 1
Variable 't2.Antechinus_flavipes.synRate' was not initialized prior to being used
Variable 't2.Antechinus_flavipes.nonSynRate' was not initialized prior to being used
Auto-benchmarked an optimal number (2) of threads.
Set GUI update interval to every 8333-th LF evaluation.
Optimization settings:
	OPTIMIZATION_METHOD = 4
	OPTIMIZATION_PRECISION = 0.001
	MAXIMUM_ITERATIONS_PER_VARIABLE = 5000

Initial parameter values

t2.Antechinus_flavipes.synRate = 0.1
t2.Antechinus_flavipes.nonSynRate = 0.1
Optimization finished in 6 loop passes.
220 likelihood evaluation calls and 194 matrix exponentiations calls were made

Row and/or column partition is empty. All the data will be used by default.
Model MG94customModel assigned to Gracilinanus_agilis
Model MG94customModel assigned to Sarcophilus_harrisii
One branch tree supplied - hopefully this IS what you meant to do.
Rooted tree. Removing one branch - the left root child has been promoted to be the new root
Partition 0 reversible model flag computed as 1
Variable 't2.Sarcophilus_harrisii.synRate' was not initialized prior to being used
Variable 't2.Sarcophilus_harrisii.nonSynRate' was not initialized prior to being used
Auto-benchmarked an optimal number (4) of threads.
Set GUI update interval to every 9259-th LF evaluation.
Optimization settings:
	OPTIMIZATION_METHOD = 4
	OPTIMIZATION_PRECISION = 0.001
	MAXIMUM_ITERATIONS_PER_VARIABLE = 5000

Initial parameter values

t2.Sarcophilus_harrisii.synRate = 0.1
t2.Sarcophilus_harrisii.nonSynRate = 0.1
Optimization finished in 6 loop passes.
191 likelihood evaluation calls and 170 matrix exponentiations calls were made

Row and/or column partition is empty. All the data will be used by default.
Model MG94customModel assigned to Gracilinanus_agilis
Model MG94customModel assigned to Phascolarctos_cinereus
One branch tree supplied - hopefully this IS what you meant to do.
Rooted tree. Removing one branch - the left root child has been promoted to be the new root
Partition 0 reversible model flag computed as 1
Variable 't2.Phascolarctos_cinereus.synRate' was not initialized prior to being used
Variable 't2.Phascolarctos_cinereus.nonSynRate' was not initialized prior to being used
Auto-benchmarked an optimal number (2) of threads.
Set GUI update interval to every 8333-th LF evaluation.
Optimization settings:
	OPTIMIZATION_METHOD = 4
	OPTIMIZATION_PRECISION = 0.001
	MAXIMUM_ITERATIONS_PER_VARIABLE = 5000

Initial parameter values

t2.Phascolarctos_cinereus.synRate = 0.1
t2.Phascolarctos_cinereus.nonSynRate = 0.1
Optimization finished in 6 loop passes.
192 likelihood evaluation calls and 172 matrix exponentiations calls were made

Row and/or column partition is empty. All the data will be used by default.
Model MG94customModel assigned to Gracilinanus_agilis
Model MG94customModel assigned to Vombatus_ursinus
One branch tree supplied - hopefully this IS what you meant to do.
Rooted tree. Removing one branch - the left root child has been promoted to be the new root
Partition 0 reversible model flag computed as 1
Variable 't2.Vombatus_ursinus.nonSynRate' was not initialized prior to being used
Variable 't2.Vombatus_ursinus.synRate' was not initialized prior to being used
Auto-benchmarked an optimal number (4) of threads.
Set GUI update interval to every 9259-th LF evaluation.
Optimization settings:
	OPTIMIZATION_METHOD = 4
	OPTIMIZATION_PRECISION = 0.001
	MAXIMUM_ITERATIONS_PER_VARIABLE = 5000

Initial parameter values

t2.Vombatus_ursinus.nonSynRate = 0.1
t2.Vombatus_ursinus.synRate = 0.1
Optimization finished in 6 loop passes.
183 likelihood evaluation calls and 158 matrix exponentiations calls were made

Row and/or column partition is empty. All the data will be used by default.
Model MG94customModel assigned to Gracilinanus_agilis
Model MG94customModel assigned to Macropus_eugenii
One branch tree supplied - hopefully this IS what you meant to do.
Rooted tree. Removing one branch - the left root child has been promoted to be the new root
Partition 0 reversible model flag computed as 1
Variable 't2.Macropus_eugenii.nonSynRate' was not initialized prior to being used
Variable 't2.Macropus_eugenii.synRate' was not initialized prior to being used
Auto-benchmarked an optimal number (4) of threads.
Set GUI update interval to every 8928-th LF evaluation.
Optimization settings:
	OPTIMIZATION_METHOD = 4
	OPTIMIZATION_PRECISION = 0.001
	MAXIMUM_ITERATIONS_PER_VARIABLE = 5000

Initial parameter values

t2.Macropus_eugenii.nonSynRate = 0.1
t2.Macropus_eugenii.synRate = 0.1
Optimization finished in 7 loop passes.
126 likelihood evaluation calls and 109 matrix exponentiations calls were made

Row and/or column partition is empty. All the data will be used by default.
Model MG94customModel assigned to Gracilinanus_agilis
Model MG94customModel assigned to Trichosurus_vulpecula
One branch tree supplied - hopefully this IS what you meant to do.
Rooted tree. Removing one branch - the left root child has been promoted to be the new root
Partition 0 reversible model flag computed as 1
Variable 't2.Trichosurus_vulpecula.nonSynRate' was not initialized prior to being used
Variable 't2.Trichosurus_vulpecula.synRate' was not initialized prior to being used
Auto-benchmarked an optimal number (5) of threads.
Set GUI update interval to every 9433-th LF evaluation.
Optimization settings:
	OPTIMIZATION_METHOD = 4
	OPTIMIZATION_PRECISION = 0.001
	MAXIMUM_ITERATIONS_PER_VARIABLE = 5000

Initial parameter values

t2.Trichosurus_vulpecula.nonSynRate = 0.1
t2.Trichosurus_vulpecula.synRate = 0.1
Optimization finished in 6 loop passes.
192 likelihood evaluation calls and 175 matrix exponentiations calls were made

Row and/or column partition is empty. All the data will be used by default.
Model MG94customModel assigned to Gracilinanus_agilis
Model MG94customModel assigned to Dromiciops_gliroides
One branch tree supplied - hopefully this IS what you meant to do.
Rooted tree. Removing one branch - the left root child has been promoted to be the new root
Partition 0 reversible model flag computed as 1
Variable 't2.Dromiciops_gliroides.nonSynRate' was not initialized prior to being used
Variable 't2.Dromiciops_gliroides.synRate' was not initialized prior to being used
Auto-benchmarked an optimal number (4) of threads.
Set GUI update interval to every 9259-th LF evaluation.
Optimization settings:
	OPTIMIZATION_METHOD = 4
	OPTIMIZATION_PRECISION = 0.001
	MAXIMUM_ITERATIONS_PER_VARIABLE = 5000

Initial parameter values

t2.Dromiciops_gliroides.nonSynRate = 0.1
t2.Dromiciops_gliroides.synRate = 0.1
Optimization finished in 7 loop passes.
127 likelihood evaluation calls and 105 matrix exponentiations calls were made

Row and/or column partition is empty. All the data will be used by default.
Model MG94customModel assigned to Gracilinanus_agilis
Model MG94customModel assigned to Ornithorhynchus_anatinus
One branch tree supplied - hopefully this IS what you meant to do.
Rooted tree. Removing one branch - the left root child has been promoted to be the new root
Partition 0 reversible model flag computed as 1
Variable 't2.Ornithorhynchus_anatinus.nonSynRate' was not initialized prior to being used
Variable 't2.Ornithorhynchus_anatinus.synRate' was not initialized prior to being used
Auto-benchmarked an optimal number (4) of threads.
Set GUI update interval to every 9259-th LF evaluation.
Optimization settings:
	OPTIMIZATION_METHOD = 4
	OPTIMIZATION_PRECISION = 0.001
	MAXIMUM_ITERATIONS_PER_VARIABLE = 5000

Initial parameter values

t2.Ornithorhynchus_anatinus.nonSynRate = 0.1
t2.Ornithorhynchus_anatinus.synRate = 0.1
Optimization finished in 6 loop passes.
177 likelihood evaluation calls and 155 matrix exponentiations calls were made

Row and/or column partition is empty. All the data will be used by default.
Model MG94customModel assigned to Gracilinanus_agilis
Model MG94customModel assigned to Tachyglossus_aculeatus
One branch tree supplied - hopefully this IS what you meant to do.
Rooted tree. Removing one branch - the left root child has been promoted to be the new root
Partition 0 reversible model flag computed as 1
Variable 't2.Tachyglossus_aculeatus.nonSynRate' was not initialized prior to being used
Variable 't2.Tachyglossus_aculeatus.synRate' was not initialized prior to being used
Auto-benchmarked an optimal number (4) of threads.
Set GUI update interval to every 9259-th LF evaluation.
Optimization settings:
	OPTIMIZATION_METHOD = 4
	OPTIMIZATION_PRECISION = 0.001
	MAXIMUM_ITERATIONS_PER_VARIABLE = 5000

Initial parameter values

t2.Tachyglossus_aculeatus.nonSynRate = 0.1
t2.Tachyglossus_aculeatus.synRate = 0.1
Optimization finished in 8 loop passes.
181 likelihood evaluation calls and 153 matrix exponentiations calls were made

Row and/or column partition is empty. All the data will be used by default.
Model MG94customModel assigned to Monodelphis_domestica
Model MG94customModel assigned to Thylacinus_cynocephalus
One branch tree supplied - hopefully this IS what you meant to do.
Rooted tree. Removing one branch - the left root child has been promoted to be the new root
Partition 0 reversible model flag computed as 1
Variable 't2.Thylacinus_cynocephalus.nonSynRate' was not initialized prior to being used
Variable 't2.Thylacinus_cynocephalus.synRate' was not initialized prior to being used
Auto-benchmarked an optimal number (2) of threads.
Set GUI update interval to every 8196-th LF evaluation.
Optimization settings:
	OPTIMIZATION_METHOD = 4
	OPTIMIZATION_PRECISION = 0.001
	MAXIMUM_ITERATIONS_PER_VARIABLE = 5000

Initial parameter values

t2.Thylacinus_cynocephalus.nonSynRate = 0.1
t2.Thylacinus_cynocephalus.synRate = 0.1
Optimization finished in 6 loop passes.
169 likelihood evaluation calls and 151 matrix exponentiations calls were made

Row and/or column partition is empty. All the data will be used by default.
Model MG94customModel assigned to Monodelphis_domestica
Model MG94customModel assigned to Antechinus_flavipes
One branch tree supplied - hopefully this IS what you meant to do.
Rooted tree. Removing one branch - the left root child has been promoted to be the new root
Partition 0 reversible model flag computed as 1
Variable 't2.Antechinus_flavipes.nonSynRate' was not initialized prior to being used
Variable 't2.Antechinus_flavipes.synRate' was not initialized prior to being used
Auto-benchmarked an optimal number (4) of threads.
Set GUI update interval to every 8928-th LF evaluation.
Optimization settings:
	OPTIMIZATION_METHOD = 4
	OPTIMIZATION_PRECISION = 0.001
	MAXIMUM_ITERATIONS_PER_VARIABLE = 5000

Initial parameter values

t2.Antechinus_flavipes.nonSynRate = 0.1
t2.Antechinus_flavipes.synRate = 0.1
Optimization finished in 6 loop passes.
189 likelihood evaluation calls and 161 matrix exponentiations calls were made

Row and/or column partition is empty. All the data will be used by default.
Model MG94customModel assigned to Monodelphis_domestica
Model MG94customModel assigned to Sarcophilus_harrisii
One branch tree supplied - hopefully this IS what you meant to do.
Rooted tree. Removing one branch - the left root child has been promoted to be the new root
Partition 0 reversible model flag computed as 1
Variable 't2.Sarcophilus_harrisii.synRate' was not initialized prior to being used
Variable 't2.Sarcophilus_harrisii.nonSynRate' was not initialized prior to being used
Auto-benchmarked an optimal number (2) of threads.
Set GUI update interval to every 8196-th LF evaluation.
Optimization settings:
	OPTIMIZATION_METHOD = 4
	OPTIMIZATION_PRECISION = 0.001
	MAXIMUM_ITERATIONS_PER_VARIABLE = 5000

Initial parameter values

t2.Sarcophilus_harrisii.synRate = 0.1
t2.Sarcophilus_harrisii.nonSynRate = 0.1
Optimization finished in 6 loop passes.
150 likelihood evaluation calls and 134 matrix exponentiations calls were made

Row and/or column partition is empty. All the data will be used by default.
Model MG94customModel assigned to Monodelphis_domestica
Model MG94customModel assigned to Phascolarctos_cinereus
One branch tree supplied - hopefully this IS what you meant to do.
Rooted tree. Removing one branch - the left root child has been promoted to be the new root
Partition 0 reversible model flag computed as 1
Variable 't2.Phascolarctos_cinereus.nonSynRate' was not initialized prior to being used
Variable 't2.Phascolarctos_cinereus.synRate' was not initialized prior to being used
Auto-benchmarked an optimal number (3) of threads.
Set GUI update interval to every 9259-th LF evaluation.
Optimization settings:
	OPTIMIZATION_METHOD = 4
	OPTIMIZATION_PRECISION = 0.001
	MAXIMUM_ITERATIONS_PER_VARIABLE = 5000

Initial parameter values

t2.Phascolarctos_cinereus.nonSynRate = 0.1
t2.Phascolarctos_cinereus.synRate = 0.1
Optimization finished in 6 loop passes.
170 likelihood evaluation calls and 154 matrix exponentiations calls were made

Row and/or column partition is empty. All the data will be used by default.
Model MG94customModel assigned to Monodelphis_domestica
Model MG94customModel assigned to Vombatus_ursinus
One branch tree supplied - hopefully this IS what you meant to do.
Rooted tree. Removing one branch - the left root child has been promoted to be the new root
Partition 0 reversible model flag computed as 1
Variable 't2.Vombatus_ursinus.nonSynRate' was not initialized prior to being used
Variable 't2.Vombatus_ursinus.synRate' was not initialized prior to being used
Auto-benchmarked an optimal number (5) of threads.
Set GUI update interval to every 9259-th LF evaluation.
Optimization settings:
	OPTIMIZATION_METHOD = 4
	OPTIMIZATION_PRECISION = 0.001
	MAXIMUM_ITERATIONS_PER_VARIABLE = 5000

Initial parameter values

t2.Vombatus_ursinus.nonSynRate = 0.1
t2.Vombatus_ursinus.synRate = 0.1
Optimization finished in 6 loop passes.
224 likelihood evaluation calls and 203 matrix exponentiations calls were made

Row and/or column partition is empty. All the data will be used by default.
Model MG94customModel assigned to Monodelphis_domestica
Model MG94customModel assigned to Macropus_eugenii
One branch tree supplied - hopefully this IS what you meant to do.
Rooted tree. Removing one branch - the left root child has been promoted to be the new root
Partition 0 reversible model flag computed as 1
Variable 't2.Macropus_eugenii.nonSynRate' was not initialized prior to being used
Variable 't2.Macropus_eugenii.synRate' was not initialized prior to being used
Auto-benchmarked an optimal number (3) of threads.
Set GUI update interval to every 8620-th LF evaluation.
Optimization settings:
	OPTIMIZATION_METHOD = 4
	OPTIMIZATION_PRECISION = 0.001
	MAXIMUM_ITERATIONS_PER_VARIABLE = 5000

Initial parameter values

t2.Macropus_eugenii.nonSynRate = 0.1
t2.Macropus_eugenii.synRate = 0.1
Optimization finished in 6 loop passes.
178 likelihood evaluation calls and 152 matrix exponentiations calls were made

Row and/or column partition is empty. All the data will be used by default.
Model MG94customModel assigned to Monodelphis_domestica
Model MG94customModel assigned to Trichosurus_vulpecula
One branch tree supplied - hopefully this IS what you meant to do.
Rooted tree. Removing one branch - the left root child has been promoted to be the new root
Partition 0 reversible model flag computed as 1
Variable 't2.Trichosurus_vulpecula.nonSynRate' was not initialized prior to being used
Variable 't2.Trichosurus_vulpecula.synRate' was not initialized prior to being used
Auto-benchmarked an optimal number (3) of threads.
Set GUI update interval to every 8928-th LF evaluation.
Optimization settings:
	OPTIMIZATION_METHOD = 4
	OPTIMIZATION_PRECISION = 0.001
	MAXIMUM_ITERATIONS_PER_VARIABLE = 5000

Initial parameter values

t2.Trichosurus_vulpecula.nonSynRate = 0.1
t2.Trichosurus_vulpecula.synRate = 0.1
Optimization finished in 6 loop passes.
214 likelihood evaluation calls and 199 matrix exponentiations calls were made

Row and/or column partition is empty. All the data will be used by default.
Model MG94customModel assigned to Monodelphis_domestica
Model MG94customModel assigned to Dromiciops_gliroides
One branch tree supplied - hopefully this IS what you meant to do.
Rooted tree. Removing one branch - the left root child has been promoted to be the new root
Partition 0 reversible model flag computed as 1
Variable 't2.Dromiciops_gliroides.nonSynRate' was not initialized prior to being used
Variable 't2.Dromiciops_gliroides.synRate' was not initialized prior to being used
Auto-benchmarked an optimal number (3) of threads.
Set GUI update interval to every 9433-th LF evaluation.
Optimization settings:
	OPTIMIZATION_METHOD = 4
	OPTIMIZATION_PRECISION = 0.001
	MAXIMUM_ITERATIONS_PER_VARIABLE = 5000

Initial parameter values

t2.Dromiciops_gliroides.nonSynRate = 0.1
t2.Dromiciops_gliroides.synRate = 0.1
Optimization finished in 6 loop passes.
162 likelihood evaluation calls and 143 matrix exponentiations calls were made

Row and/or column partition is empty. All the data will be used by default.
Model MG94customModel assigned to Monodelphis_domestica
Model MG94customModel assigned to Ornithorhynchus_anatinus
One branch tree supplied - hopefully this IS what you meant to do.
Rooted tree. Removing one branch - the left root child has been promoted to be the new root
Partition 0 reversible model flag computed as 1
Variable 't2.Ornithorhynchus_anatinus.nonSynRate' was not initialized prior to being used
Variable 't2.Ornithorhynchus_anatinus.synRate' was not initialized prior to being used
Auto-benchmarked an optimal number (5) of threads.
Set GUI update interval to every 9259-th LF evaluation.
Optimization settings:
	OPTIMIZATION_METHOD = 4
	OPTIMIZATION_PRECISION = 0.001
	MAXIMUM_ITERATIONS_PER_VARIABLE = 5000

Initial parameter values

t2.Ornithorhynchus_anatinus.nonSynRate = 0.1
t2.Ornithorhynchus_anatinus.synRate = 0.1
Optimization finished in 9 loop passes.
182 likelihood evaluation calls and 159 matrix exponentiations calls were made

Row and/or column partition is empty. All the data will be used by default.
Model MG94customModel assigned to Monodelphis_domestica
Model MG94customModel assigned to Tachyglossus_aculeatus
One branch tree supplied - hopefully this IS what you meant to do.
Rooted tree. Removing one branch - the left root child has been promoted to be the new root
Partition 0 reversible model flag computed as 1
Variable 't2.Tachyglossus_aculeatus.nonSynRate' was not initialized prior to being used
Variable 't2.Tachyglossus_aculeatus.synRate' was not initialized prior to being used
Auto-benchmarked an optimal number (4) of threads.
Set GUI update interval to every 9090-th LF evaluation.
Optimization settings:
	OPTIMIZATION_METHOD = 4
	OPTIMIZATION_PRECISION = 0.001
	MAXIMUM_ITERATIONS_PER_VARIABLE = 5000

Initial parameter values

t2.Tachyglossus_aculeatus.nonSynRate = 0.1
t2.Tachyglossus_aculeatus.synRate = 0.1
Optimization finished in 6 loop passes.
228 likelihood evaluation calls and 205 matrix exponentiations calls were made

Row and/or column partition is empty. All the data will be used by default.
Model MG94customModel assigned to Thylacinus_cynocephalus
Model MG94customModel assigned to Antechinus_flavipes
One branch tree supplied - hopefully this IS what you meant to do.
Rooted tree. Removing one branch - the left root child has been promoted to be the new root
Partition 0 reversible model flag computed as 1
Variable 't2.Antechinus_flavipes.nonSynRate' was not initialized prior to being used
Variable 't2.Antechinus_flavipes.synRate' was not initialized prior to being used
Auto-benchmarked an optimal number (4) of threads.
Set GUI update interval to every 8928-th LF evaluation.
Optimization settings:
	OPTIMIZATION_METHOD = 4
	OPTIMIZATION_PRECISION = 0.001
	MAXIMUM_ITERATIONS_PER_VARIABLE = 5000

Initial parameter values

t2.Antechinus_flavipes.nonSynRate = 0.1
t2.Antechinus_flavipes.synRate = 0.1
Optimization finished in 6 loop passes.
194 likelihood evaluation calls and 176 matrix exponentiations calls were made

Row and/or column partition is empty. All the data will be used by default.
Model MG94customModel assigned to Thylacinus_cynocephalus
Model MG94customModel assigned to Sarcophilus_harrisii
One branch tree supplied - hopefully this IS what you meant to do.
Rooted tree. Removing one branch - the left root child has been promoted to be the new root
Partition 0 reversible model flag computed as 1
Variable 't2.Sarcophilus_harrisii.nonSynRate' was not initialized prior to being used
Variable 't2.Sarcophilus_harrisii.synRate' was not initialized prior to being used
Auto-benchmarked an optimal number (4) of threads.
Set GUI update interval to every 9090-th LF evaluation.
Optimization settings:
	OPTIMIZATION_METHOD = 4
	OPTIMIZATION_PRECISION = 0.001
	MAXIMUM_ITERATIONS_PER_VARIABLE = 5000

Initial parameter values

t2.Sarcophilus_harrisii.nonSynRate = 0.1
t2.Sarcophilus_harrisii.synRate = 0.1
Optimization finished in 7 loop passes.
147 likelihood evaluation calls and 137 matrix exponentiations calls were made

Row and/or column partition is empty. All the data will be used by default.
Model MG94customModel assigned to Thylacinus_cynocephalus
Model MG94customModel assigned to Phascolarctos_cinereus
One branch tree supplied - hopefully this IS what you meant to do.
Rooted tree. Removing one branch - the left root child has been promoted to be the new root
Partition 0 reversible model flag computed as 1
Variable 't2.Phascolarctos_cinereus.nonSynRate' was not initialized prior to being used
Variable 't2.Phascolarctos_cinereus.synRate' was not initialized prior to being used
Auto-benchmarked an optimal number (2) of threads.
Set GUI update interval to every 8196-th LF evaluation.
Optimization settings:
	OPTIMIZATION_METHOD = 4
	OPTIMIZATION_PRECISION = 0.001
	MAXIMUM_ITERATIONS_PER_VARIABLE = 5000

Initial parameter values

t2.Phascolarctos_cinereus.nonSynRate = 0.1
t2.Phascolarctos_cinereus.synRate = 0.1
Optimization finished in 6 loop passes.
193 likelihood evaluation calls and 174 matrix exponentiations calls were made

Row and/or column partition is empty. All the data will be used by default.
Model MG94customModel assigned to Thylacinus_cynocephalus
Model MG94customModel assigned to Vombatus_ursinus
One branch tree supplied - hopefully this IS what you meant to do.
Rooted tree. Removing one branch - the left root child has been promoted to be the new root
Partition 0 reversible model flag computed as 1
Variable 't2.Vombatus_ursinus.nonSynRate' was not initialized prior to being used
Variable 't2.Vombatus_ursinus.synRate' was not initialized prior to being used
Auto-benchmarked an optimal number (3) of threads.
Set GUI update interval to every 9259-th LF evaluation.
Optimization settings:
	OPTIMIZATION_METHOD = 4
	OPTIMIZATION_PRECISION = 0.001
	MAXIMUM_ITERATIONS_PER_VARIABLE = 5000

Initial parameter values

t2.Vombatus_ursinus.nonSynRate = 0.1
t2.Vombatus_ursinus.synRate = 0.1
Optimization finished in 6 loop passes.
255 likelihood evaluation calls and 237 matrix exponentiations calls were made

Row and/or column partition is empty. All the data will be used by default.
Model MG94customModel assigned to Thylacinus_cynocephalus
Model MG94customModel assigned to Macropus_eugenii
One branch tree supplied - hopefully this IS what you meant to do.
Rooted tree. Removing one branch - the left root child has been promoted to be the new root
Partition 0 reversible model flag computed as 1
Variable 't2.Macropus_eugenii.nonSynRate' was not initialized prior to being used
Variable 't2.Macropus_eugenii.synRate' was not initialized prior to being used
Auto-benchmarked an optimal number (4) of threads.
Set GUI update interval to every 9090-th LF evaluation.
Optimization settings:
	OPTIMIZATION_METHOD = 4
	OPTIMIZATION_PRECISION = 0.001
	MAXIMUM_ITERATIONS_PER_VARIABLE = 5000

Initial parameter values

t2.Macropus_eugenii.nonSynRate = 0.1
t2.Macropus_eugenii.synRate = 0.1
Optimization finished in 6 loop passes.
172 likelihood evaluation calls and 154 matrix exponentiations calls were made

Row and/or column partition is empty. All the data will be used by default.
Model MG94customModel assigned to Thylacinus_cynocephalus
Model MG94customModel assigned to Trichosurus_vulpecula
One branch tree supplied - hopefully this IS what you meant to do.
Rooted tree. Removing one branch - the left root child has been promoted to be the new root
Partition 0 reversible model flag computed as 1
Variable 't2.Trichosurus_vulpecula.nonSynRate' was not initialized prior to being used
Variable 't2.Trichosurus_vulpecula.synRate' was not initialized prior to being used
Auto-benchmarked an optimal number (3) of threads.
Set GUI update interval to every 9259-th LF evaluation.
Optimization settings:
	OPTIMIZATION_METHOD = 4
	OPTIMIZATION_PRECISION = 0.001
	MAXIMUM_ITERATIONS_PER_VARIABLE = 5000

Initial parameter values

t2.Trichosurus_vulpecula.nonSynRate = 0.1
t2.Trichosurus_vulpecula.synRate = 0.1
Optimization finished in 6 loop passes.
191 likelihood evaluation calls and 172 matrix exponentiations calls were made

Row and/or column partition is empty. All the data will be used by default.
Model MG94customModel assigned to Thylacinus_cynocephalus
Model MG94customModel assigned to Dromiciops_gliroides
One branch tree supplied - hopefully this IS what you meant to do.
Rooted tree. Removing one branch - the left root child has been promoted to be the new root
Partition 0 reversible model flag computed as 1
Variable 't2.Dromiciops_gliroides.nonSynRate' was not initialized prior to being used
Variable 't2.Dromiciops_gliroides.synRate' was not initialized prior to being used
Auto-benchmarked an optimal number (4) of threads.
Set GUI update interval to every 9259-th LF evaluation.
Optimization settings:
	OPTIMIZATION_METHOD = 4
	OPTIMIZATION_PRECISION = 0.001
	MAXIMUM_ITERATIONS_PER_VARIABLE = 5000

Initial parameter values

t2.Dromiciops_gliroides.nonSynRate = 0.1
t2.Dromiciops_gliroides.synRate = 0.1
Optimization finished in 6 loop passes.
168 likelihood evaluation calls and 149 matrix exponentiations calls were made

Row and/or column partition is empty. All the data will be used by default.
Model MG94customModel assigned to Thylacinus_cynocephalus
Model MG94customModel assigned to Ornithorhynchus_anatinus
One branch tree supplied - hopefully this IS what you meant to do.
Rooted tree. Removing one branch - the left root child has been promoted to be the new root
Partition 0 reversible model flag computed as 1
Variable 't2.Ornithorhynchus_anatinus.nonSynRate' was not initialized prior to being used
Variable 't2.Ornithorhynchus_anatinus.synRate' was not initialized prior to being used
Auto-benchmarked an optimal number (5) of threads.
Set GUI update interval to every 9259-th LF evaluation.
Optimization settings:
	OPTIMIZATION_METHOD = 4
	OPTIMIZATION_PRECISION = 0.001
	MAXIMUM_ITERATIONS_PER_VARIABLE = 5000

Initial parameter values

t2.Ornithorhynchus_anatinus.nonSynRate = 0.1
t2.Ornithorhynchus_anatinus.synRate = 0.1
Optimization finished in 6 loop passes.
78 likelihood evaluation calls and 66 matrix exponentiations calls were made

Row and/or column partition is empty. All the data will be used by default.
Model MG94customModel assigned to Thylacinus_cynocephalus
Model MG94customModel assigned to Tachyglossus_aculeatus
One branch tree supplied - hopefully this IS what you meant to do.
Rooted tree. Removing one branch - the left root child has been promoted to be the new root
Partition 0 reversible model flag computed as 1
Variable 't2.Tachyglossus_aculeatus.nonSynRate' was not initialized prior to being used
Variable 't2.Tachyglossus_aculeatus.synRate' was not initialized prior to being used
Auto-benchmarked an optimal number (2) of threads.
Set GUI update interval to every 8333-th LF evaluation.
Optimization settings:
	OPTIMIZATION_METHOD = 4
	OPTIMIZATION_PRECISION = 0.001
	MAXIMUM_ITERATIONS_PER_VARIABLE = 5000

Initial parameter values

t2.Tachyglossus_aculeatus.nonSynRate = 0.1
t2.Tachyglossus_aculeatus.synRate = 0.1
Optimization finished in 6 loop passes.
216 likelihood evaluation calls and 197 matrix exponentiations calls were made

Row and/or column partition is empty. All the data will be used by default.
Model MG94customModel assigned to Antechinus_flavipes
Model MG94customModel assigned to Sarcophilus_harrisii
One branch tree supplied - hopefully this IS what you meant to do.
Rooted tree. Removing one branch - the left root child has been promoted to be the new root
Partition 0 reversible model flag computed as 1
Variable 't2.Sarcophilus_harrisii.nonSynRate' was not initialized prior to being used
Variable 't2.Sarcophilus_harrisii.synRate' was not initialized prior to being used
Auto-benchmarked an optimal number (5) of threads.
Set GUI update interval to every 9433-th LF evaluation.
Optimization settings:
	OPTIMIZATION_METHOD = 4
	OPTIMIZATION_PRECISION = 0.001
	MAXIMUM_ITERATIONS_PER_VARIABLE = 5000

Initial parameter values

t2.Sarcophilus_harrisii.nonSynRate = 0.1
t2.Sarcophilus_harrisii.synRate = 0.1
Optimization finished in 6 loop passes.
145 likelihood evaluation calls and 127 matrix exponentiations calls were made

Row and/or column partition is empty. All the data will be used by default.
Model MG94customModel assigned to Antechinus_flavipes
Model MG94customModel assigned to Phascolarctos_cinereus
One branch tree supplied - hopefully this IS what you meant to do.
Rooted tree. Removing one branch - the left root child has been promoted to be the new root
Partition 0 reversible model flag computed as 1
Variable 't2.Phascolarctos_cinereus.nonSynRate' was not initialized prior to being used
Variable 't2.Phascolarctos_cinereus.synRate' was not initialized prior to being used
Auto-benchmarked an optimal number (3) of threads.
Set GUI update interval to every 8928-th LF evaluation.
Optimization settings:
	OPTIMIZATION_METHOD = 4
	OPTIMIZATION_PRECISION = 0.001
	MAXIMUM_ITERATIONS_PER_VARIABLE = 5000

Initial parameter values

t2.Phascolarctos_cinereus.nonSynRate = 0.1
t2.Phascolarctos_cinereus.synRate = 0.1
Optimization finished in 6 loop passes.
195 likelihood evaluation calls and 177 matrix exponentiations calls were made

Row and/or column partition is empty. All the data will be used by default.
Model MG94customModel assigned to Antechinus_flavipes
Model MG94customModel assigned to Vombatus_ursinus
One branch tree supplied - hopefully this IS what you meant to do.
Rooted tree. Removing one branch - the left root child has been promoted to be the new root
Partition 0 reversible model flag computed as 1
Variable 't2.Vombatus_ursinus.nonSynRate' was not initialized prior to being used
Variable 't2.Vombatus_ursinus.synRate' was not initialized prior to being used
Auto-benchmarked an optimal number (3) of threads.
Set GUI update interval to every 9433-th LF evaluation.
Optimization settings:
	OPTIMIZATION_METHOD = 4
	OPTIMIZATION_PRECISION = 0.001
	MAXIMUM_ITERATIONS_PER_VARIABLE = 5000

Initial parameter values

t2.Vombatus_ursinus.nonSynRate = 0.1
t2.Vombatus_ursinus.synRate = 0.1
Optimization finished in 7 loop passes.
184 likelihood evaluation calls and 168 matrix exponentiations calls were made

Row and/or column partition is empty. All the data will be used by default.
Model MG94customModel assigned to Antechinus_flavipes
Model MG94customModel assigned to Macropus_eugenii
One branch tree supplied - hopefully this IS what you meant to do.
Rooted tree. Removing one branch - the left root child has been promoted to be the new root
Partition 0 reversible model flag computed as 1
Variable 't2.Macropus_eugenii.nonSynRate' was not initialized prior to being used
Variable 't2.Macropus_eugenii.synRate' was not initialized prior to being used
Auto-benchmarked an optimal number (4) of threads.
Set GUI update interval to every 9259-th LF evaluation.
Optimization settings:
	OPTIMIZATION_METHOD = 4
	OPTIMIZATION_PRECISION = 0.001
	MAXIMUM_ITERATIONS_PER_VARIABLE = 5000

Initial parameter values

t2.Macropus_eugenii.nonSynRate = 0.1
t2.Macropus_eugenii.synRate = 0.1
Optimization finished in 6 loop passes.
152 likelihood evaluation calls and 131 matrix exponentiations calls were made

Row and/or column partition is empty. All the data will be used by default.
Model MG94customModel assigned to Antechinus_flavipes
Model MG94customModel assigned to Trichosurus_vulpecula
One branch tree supplied - hopefully this IS what you meant to do.
Rooted tree. Removing one branch - the left root child has been promoted to be the new root
Partition 0 reversible model flag computed as 1
Variable 't2.Trichosurus_vulpecula.nonSynRate' was not initialized prior to being used
Variable 't2.Trichosurus_vulpecula.synRate' was not initialized prior to being used
Auto-benchmarked an optimal number (3) of threads.
Set GUI update interval to every 8928-th LF evaluation.
Optimization settings:
	OPTIMIZATION_METHOD = 4
	OPTIMIZATION_PRECISION = 0.001
	MAXIMUM_ITERATIONS_PER_VARIABLE = 5000

Initial parameter values

t2.Trichosurus_vulpecula.nonSynRate = 0.1
t2.Trichosurus_vulpecula.synRate = 0.1
Optimization finished in 6 loop passes.
221 likelihood evaluation calls and 199 matrix exponentiations calls were made

Row and/or column partition is empty. All the data will be used by default.
Model MG94customModel assigned to Antechinus_flavipes
Model MG94customModel assigned to Dromiciops_gliroides
One branch tree supplied - hopefully this IS what you meant to do.
Rooted tree. Removing one branch - the left root child has been promoted to be the new root
Partition 0 reversible model flag computed as 1
Variable 't2.Dromiciops_gliroides.nonSynRate' was not initialized prior to being used
Variable 't2.Dromiciops_gliroides.synRate' was not initialized prior to being used
Auto-benchmarked an optimal number (4) of threads.
Set GUI update interval to every 9259-th LF evaluation.
Optimization settings:
	OPTIMIZATION_METHOD = 4
	OPTIMIZATION_PRECISION = 0.001
	MAXIMUM_ITERATIONS_PER_VARIABLE = 5000

Initial parameter values

t2.Dromiciops_gliroides.nonSynRate = 0.1
t2.Dromiciops_gliroides.synRate = 0.1
Optimization finished in 6 loop passes.
152 likelihood evaluation calls and 130 matrix exponentiations calls were made

Row and/or column partition is empty. All the data will be used by default.
Model MG94customModel assigned to Antechinus_flavipes
Model MG94customModel assigned to Ornithorhynchus_anatinus
One branch tree supplied - hopefully this IS what you meant to do.
Rooted tree. Removing one branch - the left root child has been promoted to be the new root
Partition 0 reversible model flag computed as 1
Variable 't2.Ornithorhynchus_anatinus.nonSynRate' was not initialized prior to being used
Variable 't2.Ornithorhynchus_anatinus.synRate' was not initialized prior to being used
Auto-benchmarked an optimal number (4) of threads.
Set GUI update interval to every 9090-th LF evaluation.
Optimization settings:
	OPTIMIZATION_METHOD = 4
	OPTIMIZATION_PRECISION = 0.001
	MAXIMUM_ITERATIONS_PER_VARIABLE = 5000

Initial parameter values

t2.Ornithorhynchus_anatinus.nonSynRate = 0.1
t2.Ornithorhynchus_anatinus.synRate = 0.1
Optimization finished in 7 loop passes.
188 likelihood evaluation calls and 174 matrix exponentiations calls were made

Row and/or column partition is empty. All the data will be used by default.
Model MG94customModel assigned to Antechinus_flavipes
Model MG94customModel assigned to Tachyglossus_aculeatus
One branch tree supplied - hopefully this IS what you meant to do.
Rooted tree. Removing one branch - the left root child has been promoted to be the new root
Partition 0 reversible model flag computed as 1
Variable 't2.Tachyglossus_aculeatus.nonSynRate' was not initialized prior to being used
Variable 't2.Tachyglossus_aculeatus.synRate' was not initialized prior to being used
Auto-benchmarked an optimal number (5) of threads.
Set GUI update interval to every 9090-th LF evaluation.
Optimization settings:
	OPTIMIZATION_METHOD = 4
	OPTIMIZATION_PRECISION = 0.001
	MAXIMUM_ITERATIONS_PER_VARIABLE = 5000

Initial parameter values

t2.Tachyglossus_aculeatus.nonSynRate = 0.1
t2.Tachyglossus_aculeatus.synRate = 0.1
Optimization finished in 8 loop passes.
138 likelihood evaluation calls and 128 matrix exponentiations calls were made

Row and/or column partition is empty. All the data will be used by default.
Model MG94customModel assigned to Sarcophilus_harrisii
Model MG94customModel assigned to Phascolarctos_cinereus
One branch tree supplied - hopefully this IS what you meant to do.
Rooted tree. Removing one branch - the left root child has been promoted to be the new root
Partition 0 reversible model flag computed as 1
Variable 't2.Phascolarctos_cinereus.nonSynRate' was not initialized prior to being used
Variable 't2.Phascolarctos_cinereus.synRate' was not initialized prior to being used
Auto-benchmarked an optimal number (5) of threads.
Set GUI update interval to every 9433-th LF evaluation.
Optimization settings:
	OPTIMIZATION_METHOD = 4
	OPTIMIZATION_PRECISION = 0.001
	MAXIMUM_ITERATIONS_PER_VARIABLE = 5000

Initial parameter values

t2.Phascolarctos_cinereus.nonSynRate = 0.1
t2.Phascolarctos_cinereus.synRate = 0.1
Optimization finished in 6 loop passes.
172 likelihood evaluation calls and 154 matrix exponentiations calls were made

Row and/or column partition is empty. All the data will be used by default.
Model MG94customModel assigned to Sarcophilus_harrisii
Model MG94customModel assigned to Vombatus_ursinus
One branch tree supplied - hopefully this IS what you meant to do.
Rooted tree. Removing one branch - the left root child has been promoted to be the new root
Partition 0 reversible model flag computed as 1
Variable 't2.Vombatus_ursinus.nonSynRate' was not initialized prior to being used
Variable 't2.Vombatus_ursinus.synRate' was not initialized prior to being used
Auto-benchmarked an optimal number (4) of threads.
Set GUI update interval to every 8620-th LF evaluation.
Optimization settings:
	OPTIMIZATION_METHOD = 4
	OPTIMIZATION_PRECISION = 0.001
	MAXIMUM_ITERATIONS_PER_VARIABLE = 5000

Initial parameter values

t2.Vombatus_ursinus.nonSynRate = 0.1
t2.Vombatus_ursinus.synRate = 0.1
Optimization finished in 6 loop passes.
220 likelihood evaluation calls and 199 matrix exponentiations calls were made

Row and/or column partition is empty. All the data will be used by default.
Model MG94customModel assigned to Sarcophilus_harrisii
Model MG94customModel assigned to Macropus_eugenii
One branch tree supplied - hopefully this IS what you meant to do.
Rooted tree. Removing one branch - the left root child has been promoted to be the new root
Partition 0 reversible model flag computed as 1
Variable 't2.Macropus_eugenii.nonSynRate' was not initialized prior to being used
Variable 't2.Macropus_eugenii.synRate' was not initialized prior to being used
Auto-benchmarked an optimal number (5) of threads.
Set GUI update interval to every 9433-th LF evaluation.
Optimization settings:
	OPTIMIZATION_METHOD = 4
	OPTIMIZATION_PRECISION = 0.001
	MAXIMUM_ITERATIONS_PER_VARIABLE = 5000

Initial parameter values

t2.Macropus_eugenii.nonSynRate = 0.1
t2.Macropus_eugenii.synRate = 0.1
Optimization finished in 6 loop passes.
183 likelihood evaluation calls and 163 matrix exponentiations calls were made

Row and/or column partition is empty. All the data will be used by default.
Model MG94customModel assigned to Sarcophilus_harrisii
Model MG94customModel assigned to Trichosurus_vulpecula
One branch tree supplied - hopefully this IS what you meant to do.
Rooted tree. Removing one branch - the left root child has been promoted to be the new root
Partition 0 reversible model flag computed as 1
Variable 't2.Trichosurus_vulpecula.nonSynRate' was not initialized prior to being used
Variable 't2.Trichosurus_vulpecula.synRate' was not initialized prior to being used
Auto-benchmarked an optimal number (2) of threads.
Set GUI update interval to every 7936-th LF evaluation.
Optimization settings:
	OPTIMIZATION_METHOD = 4
	OPTIMIZATION_PRECISION = 0.001
	MAXIMUM_ITERATIONS_PER_VARIABLE = 5000

Initial parameter values

t2.Trichosurus_vulpecula.nonSynRate = 0.1
t2.Trichosurus_vulpecula.synRate = 0.1
Optimization finished in 6 loop passes.
239 likelihood evaluation calls and 220 matrix exponentiations calls were made

Row and/or column partition is empty. All the data will be used by default.
Model MG94customModel assigned to Sarcophilus_harrisii
Model MG94customModel assigned to Dromiciops_gliroides
One branch tree supplied - hopefully this IS what you meant to do.
Rooted tree. Removing one branch - the left root child has been promoted to be the new root
Partition 0 reversible model flag computed as 1
Variable 't2.Dromiciops_gliroides.nonSynRate' was not initialized prior to being used
Variable 't2.Dromiciops_gliroides.synRate' was not initialized prior to being used
Auto-benchmarked an optimal number (2) of threads.
Set GUI update interval to every 8064-th LF evaluation.
Optimization settings:
	OPTIMIZATION_METHOD = 4
	OPTIMIZATION_PRECISION = 0.001
	MAXIMUM_ITERATIONS_PER_VARIABLE = 5000

Initial parameter values

t2.Dromiciops_gliroides.nonSynRate = 0.1
t2.Dromiciops_gliroides.synRate = 0.1
Optimization finished in 6 loop passes.
222 likelihood evaluation calls and 202 matrix exponentiations calls were made

Row and/or column partition is empty. All the data will be used by default.
Model MG94customModel assigned to Sarcophilus_harrisii
Model MG94customModel assigned to Ornithorhynchus_anatinus
One branch tree supplied - hopefully this IS what you meant to do.
Rooted tree. Removing one branch - the left root child has been promoted to be the new root
Partition 0 reversible model flag computed as 1
Variable 't2.Ornithorhynchus_anatinus.nonSynRate' was not initialized prior to being used
Variable 't2.Ornithorhynchus_anatinus.synRate' was not initialized prior to being used
Auto-benchmarked an optimal number (3) of threads.
Set GUI update interval to every 9090-th LF evaluation.
Optimization settings:
	OPTIMIZATION_METHOD = 4
	OPTIMIZATION_PRECISION = 0.001
	MAXIMUM_ITERATIONS_PER_VARIABLE = 5000

Initial parameter values

t2.Ornithorhynchus_anatinus.nonSynRate = 0.1
t2.Ornithorhynchus_anatinus.synRate = 0.1
Optimization finished in 6 loop passes.
164 likelihood evaluation calls and 142 matrix exponentiations calls were made

Row and/or column partition is empty. All the data will be used by default.
Model MG94customModel assigned to Sarcophilus_harrisii
Model MG94customModel assigned to Tachyglossus_aculeatus
One branch tree supplied - hopefully this IS what you meant to do.
Rooted tree. Removing one branch - the left root child has been promoted to be the new root
Partition 0 reversible model flag computed as 1
Variable 't2.Tachyglossus_aculeatus.nonSynRate' was not initialized prior to being used
Variable 't2.Tachyglossus_aculeatus.synRate' was not initialized prior to being used
Auto-benchmarked an optimal number (4) of threads.
Set GUI update interval to every 9259-th LF evaluation.
Optimization settings:
	OPTIMIZATION_METHOD = 4
	OPTIMIZATION_PRECISION = 0.001
	MAXIMUM_ITERATIONS_PER_VARIABLE = 5000

Initial parameter values

t2.Tachyglossus_aculeatus.nonSynRate = 0.1
t2.Tachyglossus_aculeatus.synRate = 0.1
Optimization finished in 6 loop passes.
149 likelihood evaluation calls and 125 matrix exponentiations calls were made

Row and/or column partition is empty. All the data will be used by default.
Model MG94customModel assigned to Phascolarctos_cinereus
Model MG94customModel assigned to Vombatus_ursinus
One branch tree supplied - hopefully this IS what you meant to do.
Rooted tree. Removing one branch - the left root child has been promoted to be the new root
Partition 0 reversible model flag computed as 1
Variable 't2.Vombatus_ursinus.nonSynRate' was not initialized prior to being used
Variable 't2.Vombatus_ursinus.synRate' was not initialized prior to being used
Auto-benchmarked an optimal number (2) of threads.
Set GUI update interval to every 8333-th LF evaluation.
Optimization settings:
	OPTIMIZATION_METHOD = 4
	OPTIMIZATION_PRECISION = 0.001
	MAXIMUM_ITERATIONS_PER_VARIABLE = 5000

Initial parameter values

t2.Vombatus_ursinus.nonSynRate = 0.1
t2.Vombatus_ursinus.synRate = 0.1
Optimization finished in 6 loop passes.
183 likelihood evaluation calls and 162 matrix exponentiations calls were made

Row and/or column partition is empty. All the data will be used by default.
Model MG94customModel assigned to Phascolarctos_cinereus
Model MG94customModel assigned to Macropus_eugenii
One branch tree supplied - hopefully this IS what you meant to do.
Rooted tree. Removing one branch - the left root child has been promoted to be the new root
Partition 0 reversible model flag computed as 1
Variable 't2.Macropus_eugenii.nonSynRate' was not initialized prior to being used
Variable 't2.Macropus_eugenii.synRate' was not initialized prior to being used
Auto-benchmarked an optimal number (3) of threads.
Set GUI update interval to every 9259-th LF evaluation.
Optimization settings:
	OPTIMIZATION_METHOD = 4
	OPTIMIZATION_PRECISION = 0.001
	MAXIMUM_ITERATIONS_PER_VARIABLE = 5000

Initial parameter values

t2.Macropus_eugenii.nonSynRate = 0.1
t2.Macropus_eugenii.synRate = 0.1
Optimization finished in 6 loop passes.
169 likelihood evaluation calls and 151 matrix exponentiations calls were made

Row and/or column partition is empty. All the data will be used by default.
Model MG94customModel assigned to Phascolarctos_cinereus
Model MG94customModel assigned to Trichosurus_vulpecula
One branch tree supplied - hopefully this IS what you meant to do.
Rooted tree. Removing one branch - the left root child has been promoted to be the new root
Partition 0 reversible model flag computed as 1
Variable 't2.Trichosurus_vulpecula.nonSynRate' was not initialized prior to being used
Variable 't2.Trichosurus_vulpecula.synRate' was not initialized prior to being used
Auto-benchmarked an optimal number (2) of threads.
Set GUI update interval to every 8333-th LF evaluation.
Optimization settings:
	OPTIMIZATION_METHOD = 4
	OPTIMIZATION_PRECISION = 0.001
	MAXIMUM_ITERATIONS_PER_VARIABLE = 5000

Initial parameter values

t2.Trichosurus_vulpecula.nonSynRate = 0.1
t2.Trichosurus_vulpecula.synRate = 0.1
Optimization finished in 6 loop passes.
230 likelihood evaluation calls and 206 matrix exponentiations calls were made

Row and/or column partition is empty. All the data will be used by default.
Model MG94customModel assigned to Phascolarctos_cinereus
Model MG94customModel assigned to Dromiciops_gliroides
One branch tree supplied - hopefully this IS what you meant to do.
Rooted tree. Removing one branch - the left root child has been promoted to be the new root
Partition 0 reversible model flag computed as 1
Variable 't2.Dromiciops_gliroides.nonSynRate' was not initialized prior to being used
Variable 't2.Dromiciops_gliroides.synRate' was not initialized prior to being used
Auto-benchmarked an optimal number (2) of threads.
Set GUI update interval to every 8620-th LF evaluation.
Optimization settings:
	OPTIMIZATION_METHOD = 4
	OPTIMIZATION_PRECISION = 0.001
	MAXIMUM_ITERATIONS_PER_VARIABLE = 5000

Initial parameter values

t2.Dromiciops_gliroides.nonSynRate = 0.1
t2.Dromiciops_gliroides.synRate = 0.1
Optimization finished in 6 loop passes.
172 likelihood evaluation calls and 154 matrix exponentiations calls were made

Row and/or column partition is empty. All the data will be used by default.
Model MG94customModel assigned to Phascolarctos_cinereus
Model MG94customModel assigned to Ornithorhynchus_anatinus
One branch tree supplied - hopefully this IS what you meant to do.
Rooted tree. Removing one branch - the left root child has been promoted to be the new root
Partition 0 reversible model flag computed as 1
Variable 't2.Ornithorhynchus_anatinus.nonSynRate' was not initialized prior to being used
Variable 't2.Ornithorhynchus_anatinus.synRate' was not initialized prior to being used
Auto-benchmarked an optimal number (5) of threads.
Set GUI update interval to every 9433-th LF evaluation.
Optimization settings:
	OPTIMIZATION_METHOD = 4
	OPTIMIZATION_PRECISION = 0.001
	MAXIMUM_ITERATIONS_PER_VARIABLE = 5000

Initial parameter values

t2.Ornithorhynchus_anatinus.nonSynRate = 0.1
t2.Ornithorhynchus_anatinus.synRate = 0.1
Optimization finished in 6 loop passes.
192 likelihood evaluation calls and 173 matrix exponentiations calls were made

Row and/or column partition is empty. All the data will be used by default.
Model MG94customModel assigned to Phascolarctos_cinereus
Model MG94customModel assigned to Tachyglossus_aculeatus
One branch tree supplied - hopefully this IS what you meant to do.
Rooted tree. Removing one branch - the left root child has been promoted to be the new root
Partition 0 reversible model flag computed as 1
Variable 't2.Tachyglossus_aculeatus.nonSynRate' was not initialized prior to being used
Variable 't2.Tachyglossus_aculeatus.synRate' was not initialized prior to being used
Auto-benchmarked an optimal number (4) of threads.
Set GUI update interval to every 8928-th LF evaluation.
Optimization settings:
	OPTIMIZATION_METHOD = 4
	OPTIMIZATION_PRECISION = 0.001
	MAXIMUM_ITERATIONS_PER_VARIABLE = 5000

Initial parameter values

t2.Tachyglossus_aculeatus.nonSynRate = 0.1
t2.Tachyglossus_aculeatus.synRate = 0.1
Optimization finished in 6 loop passes.
170 likelihood evaluation calls and 145 matrix exponentiations calls were made

Row and/or column partition is empty. All the data will be used by default.
Model MG94customModel assigned to Vombatus_ursinus
Model MG94customModel assigned to Macropus_eugenii
One branch tree supplied - hopefully this IS what you meant to do.
Rooted tree. Removing one branch - the left root child has been promoted to be the new root
Partition 0 reversible model flag computed as 1
Variable 't2.Macropus_eugenii.nonSynRate' was not initialized prior to being used
Variable 't2.Macropus_eugenii.synRate' was not initialized prior to being used
Auto-benchmarked an optimal number (3) of threads.
Set GUI update interval to every 9090-th LF evaluation.
Optimization settings:
	OPTIMIZATION_METHOD = 4
	OPTIMIZATION_PRECISION = 0.001
	MAXIMUM_ITERATIONS_PER_VARIABLE = 5000

Initial parameter values

t2.Macropus_eugenii.nonSynRate = 0.1
t2.Macropus_eugenii.synRate = 0.1
Optimization finished in 6 loop passes.
193 likelihood evaluation calls and 166 matrix exponentiations calls were made

Row and/or column partition is empty. All the data will be used by default.
Model MG94customModel assigned to Vombatus_ursinus
Model MG94customModel assigned to Trichosurus_vulpecula
One branch tree supplied - hopefully this IS what you meant to do.
Rooted tree. Removing one branch - the left root child has been promoted to be the new root
Partition 0 reversible model flag computed as 1
Variable 't2.Trichosurus_vulpecula.nonSynRate' was not initialized prior to being used
Variable 't2.Trichosurus_vulpecula.synRate' was not initialized prior to being used
Auto-benchmarked an optimal number (3) of threads.
Set GUI update interval to every 8928-th LF evaluation.
Optimization settings:
	OPTIMIZATION_METHOD = 4
	OPTIMIZATION_PRECISION = 0.001
	MAXIMUM_ITERATIONS_PER_VARIABLE = 5000

Initial parameter values

t2.Trichosurus_vulpecula.nonSynRate = 0.1
t2.Trichosurus_vulpecula.synRate = 0.1
Optimization finished in 6 loop passes.
243 likelihood evaluation calls and 226 matrix exponentiations calls were made

Row and/or column partition is empty. All the data will be used by default.
Model MG94customModel assigned to Vombatus_ursinus
Model MG94customModel assigned to Dromiciops_gliroides
One branch tree supplied - hopefully this IS what you meant to do.
Rooted tree. Removing one branch - the left root child has been promoted to be the new root
Partition 0 reversible model flag computed as 1
Variable 't2.Dromiciops_gliroides.nonSynRate' was not initialized prior to being used
Variable 't2.Dromiciops_gliroides.synRate' was not initialized prior to being used
Auto-benchmarked an optimal number (3) of threads.
Set GUI update interval to every 8928-th LF evaluation.
Optimization settings:
	OPTIMIZATION_METHOD = 4
	OPTIMIZATION_PRECISION = 0.001
	MAXIMUM_ITERATIONS_PER_VARIABLE = 5000

Initial parameter values

t2.Dromiciops_gliroides.nonSynRate = 0.1
t2.Dromiciops_gliroides.synRate = 0.1
Optimization finished in 6 loop passes.
187 likelihood evaluation calls and 162 matrix exponentiations calls were made

Row and/or column partition is empty. All the data will be used by default.
Model MG94customModel assigned to Vombatus_ursinus
Model MG94customModel assigned to Ornithorhynchus_anatinus
One branch tree supplied - hopefully this IS what you meant to do.
Rooted tree. Removing one branch - the left root child has been promoted to be the new root
Partition 0 reversible model flag computed as 1
Variable 't2.Ornithorhynchus_anatinus.nonSynRate' was not initialized prior to being used
Variable 't2.Ornithorhynchus_anatinus.synRate' was not initialized prior to being used
Auto-benchmarked an optimal number (4) of threads.
Set GUI update interval to every 9433-th LF evaluation.
Optimization settings:
	OPTIMIZATION_METHOD = 4
	OPTIMIZATION_PRECISION = 0.001
	MAXIMUM_ITERATIONS_PER_VARIABLE = 5000

Initial parameter values

t2.Ornithorhynchus_anatinus.nonSynRate = 0.1
t2.Ornithorhynchus_anatinus.synRate = 0.1
Optimization finished in 7 loop passes.
73 likelihood evaluation calls and 65 matrix exponentiations calls were made

Row and/or column partition is empty. All the data will be used by default.
Model MG94customModel assigned to Vombatus_ursinus
Model MG94customModel assigned to Tachyglossus_aculeatus
One branch tree supplied - hopefully this IS what you meant to do.
Rooted tree. Removing one branch - the left root child has been promoted to be the new root
Partition 0 reversible model flag computed as 1
Variable 't2.Tachyglossus_aculeatus.nonSynRate' was not initialized prior to being used
Variable 't2.Tachyglossus_aculeatus.synRate' was not initialized prior to being used
Auto-benchmarked an optimal number (2) of threads.
Set GUI update interval to every 8620-th LF evaluation.
Optimization settings:
	OPTIMIZATION_METHOD = 4
	OPTIMIZATION_PRECISION = 0.001
	MAXIMUM_ITERATIONS_PER_VARIABLE = 5000

Initial parameter values

t2.Tachyglossus_aculeatus.nonSynRate = 0.1
t2.Tachyglossus_aculeatus.synRate = 0.1
Optimization finished in 7 loop passes.
96 likelihood evaluation calls and 82 matrix exponentiations calls were made

Row and/or column partition is empty. All the data will be used by default.
Model MG94customModel assigned to Macropus_eugenii
Model MG94customModel assigned to Trichosurus_vulpecula
One branch tree supplied - hopefully this IS what you meant to do.
Rooted tree. Removing one branch - the left root child has been promoted to be the new root
Partition 0 reversible model flag computed as 1
Variable 't2.Trichosurus_vulpecula.nonSynRate' was not initialized prior to being used
Variable 't2.Trichosurus_vulpecula.synRate' was not initialized prior to being used
Auto-benchmarked an optimal number (3) of threads.
Set GUI update interval to every 9090-th LF evaluation.
Optimization settings:
	OPTIMIZATION_METHOD = 4
	OPTIMIZATION_PRECISION = 0.001
	MAXIMUM_ITERATIONS_PER_VARIABLE = 5000

Initial parameter values

t2.Trichosurus_vulpecula.nonSynRate = 0.1
t2.Trichosurus_vulpecula.synRate = 0.1
Optimization finished in 6 loop passes.
180 likelihood evaluation calls and 162 matrix exponentiations calls were made

Row and/or column partition is empty. All the data will be used by default.
Model MG94customModel assigned to Macropus_eugenii
Model MG94customModel assigned to Dromiciops_gliroides
One branch tree supplied - hopefully this IS what you meant to do.
Rooted tree. Removing one branch - the left root child has been promoted to be the new root
Partition 0 reversible model flag computed as 1
Variable 't2.Dromiciops_gliroides.nonSynRate' was not initialized prior to being used
Variable 't2.Dromiciops_gliroides.synRate' was not initialized prior to being used
Auto-benchmarked an optimal number (2) of threads.
Set GUI update interval to every 8620-th LF evaluation.
Optimization settings:
	OPTIMIZATION_METHOD = 4
	OPTIMIZATION_PRECISION = 0.001
	MAXIMUM_ITERATIONS_PER_VARIABLE = 5000

Initial parameter values

t2.Dromiciops_gliroides.nonSynRate = 0.1
t2.Dromiciops_gliroides.synRate = 0.1
Optimization finished in 7 loop passes.
75 likelihood evaluation calls and 67 matrix exponentiations calls were made

Row and/or column partition is empty. All the data will be used by default.
Model MG94customModel assigned to Macropus_eugenii
Model MG94customModel assigned to Ornithorhynchus_anatinus
One branch tree supplied - hopefully this IS what you meant to do.
Rooted tree. Removing one branch - the left root child has been promoted to be the new root
Partition 0 reversible model flag computed as 1
Variable 't2.Ornithorhynchus_anatinus.nonSynRate' was not initialized prior to being used
Variable 't2.Ornithorhynchus_anatinus.synRate' was not initialized prior to being used
Auto-benchmarked an optimal number (5) of threads.
Set GUI update interval to every 9433-th LF evaluation.
Optimization settings:
	OPTIMIZATION_METHOD = 4
	OPTIMIZATION_PRECISION = 0.001
	MAXIMUM_ITERATIONS_PER_VARIABLE = 5000

Initial parameter values

t2.Ornithorhynchus_anatinus.nonSynRate = 0.1
t2.Ornithorhynchus_anatinus.synRate = 0.1
Optimization finished in 6 loop passes.
176 likelihood evaluation calls and 153 matrix exponentiations calls were made

Row and/or column partition is empty. All the data will be used by default.
Model MG94customModel assigned to Macropus_eugenii
Model MG94customModel assigned to Tachyglossus_aculeatus
One branch tree supplied - hopefully this IS what you meant to do.
Rooted tree. Removing one branch - the left root child has been promoted to be the new root
Partition 0 reversible model flag computed as 1
Variable 't2.Tachyglossus_aculeatus.nonSynRate' was not initialized prior to being used
Variable 't2.Tachyglossus_aculeatus.synRate' was not initialized prior to being used
Auto-benchmarked an optimal number (3) of threads.
Set GUI update interval to every 9090-th LF evaluation.
Optimization settings:
	OPTIMIZATION_METHOD = 4
	OPTIMIZATION_PRECISION = 0.001
	MAXIMUM_ITERATIONS_PER_VARIABLE = 5000

Initial parameter values

t2.Tachyglossus_aculeatus.nonSynRate = 0.1
t2.Tachyglossus_aculeatus.synRate = 0.1
Optimization finished in 6 loop passes.
179 likelihood evaluation calls and 153 matrix exponentiations calls were made

Row and/or column partition is empty. All the data will be used by default.
Model MG94customModel assigned to Trichosurus_vulpecula
Model MG94customModel assigned to Dromiciops_gliroides
One branch tree supplied - hopefully this IS what you meant to do.
Rooted tree. Removing one branch - the left root child has been promoted to be the new root
Partition 0 reversible model flag computed as 1
Variable 't2.Dromiciops_gliroides.nonSynRate' was not initialized prior to being used
Variable 't2.Dromiciops_gliroides.synRate' was not initialized prior to being used
Auto-benchmarked an optimal number (4) of threads.
Set GUI update interval to every 9259-th LF evaluation.
Optimization settings:
	OPTIMIZATION_METHOD = 4
	OPTIMIZATION_PRECISION = 0.001
	MAXIMUM_ITERATIONS_PER_VARIABLE = 5000

Initial parameter values

t2.Dromiciops_gliroides.nonSynRate = 0.1
t2.Dromiciops_gliroides.synRate = 0.1
Optimization finished in 6 loop passes.
186 likelihood evaluation calls and 167 matrix exponentiations calls were made

Row and/or column partition is empty. All the data will be used by default.
Model MG94customModel assigned to Trichosurus_vulpecula
Model MG94customModel assigned to Ornithorhynchus_anatinus
One branch tree supplied - hopefully this IS what you meant to do.
Rooted tree. Removing one branch - the left root child has been promoted to be the new root
Partition 0 reversible model flag computed as 1
Variable 't2.Ornithorhynchus_anatinus.nonSynRate' was not initialized prior to being used
Variable 't2.Ornithorhynchus_anatinus.synRate' was not initialized prior to being used
Auto-benchmarked an optimal number (2) of threads.
Set GUI update interval to every 8196-th LF evaluation.
Optimization settings:
	OPTIMIZATION_METHOD = 4
	OPTIMIZATION_PRECISION = 0.001
	MAXIMUM_ITERATIONS_PER_VARIABLE = 5000

Initial parameter values

t2.Ornithorhynchus_anatinus.nonSynRate = 0.1
t2.Ornithorhynchus_anatinus.synRate = 0.1
Optimization finished in 6 loop passes.
214 likelihood evaluation calls and 197 matrix exponentiations calls were made

Row and/or column partition is empty. All the data will be used by default.
Model MG94customModel assigned to Trichosurus_vulpecula
Model MG94customModel assigned to Tachyglossus_aculeatus
One branch tree supplied - hopefully this IS what you meant to do.
Rooted tree. Removing one branch - the left root child has been promoted to be the new root
Partition 0 reversible model flag computed as 1
Variable 't2.Tachyglossus_aculeatus.nonSynRate' was not initialized prior to being used
Variable 't2.Tachyglossus_aculeatus.synRate' was not initialized prior to being used
Auto-benchmarked an optimal number (4) of threads.
Set GUI update interval to every 8928-th LF evaluation.
Optimization settings:
	OPTIMIZATION_METHOD = 4
	OPTIMIZATION_PRECISION = 0.001
	MAXIMUM_ITERATIONS_PER_VARIABLE = 5000

Initial parameter values

t2.Tachyglossus_aculeatus.nonSynRate = 0.1
t2.Tachyglossus_aculeatus.synRate = 0.1
Optimization finished in 6 loop passes.
215 likelihood evaluation calls and 200 matrix exponentiations calls were made

Row and/or column partition is empty. All the data will be used by default.
Model MG94customModel assigned to Dromiciops_gliroides
Model MG94customModel assigned to Ornithorhynchus_anatinus
One branch tree supplied - hopefully this IS what you meant to do.
Rooted tree. Removing one branch - the left root child has been promoted to be the new root
Partition 0 reversible model flag computed as 1
Variable 't2.Ornithorhynchus_anatinus.nonSynRate' was not initialized prior to being used
Variable 't2.Ornithorhynchus_anatinus.synRate' was not initialized prior to being used
Auto-benchmarked an optimal number (3) of threads.
Set GUI update interval to every 9259-th LF evaluation.
Optimization settings:
	OPTIMIZATION_METHOD = 4
	OPTIMIZATION_PRECISION = 0.001
	MAXIMUM_ITERATIONS_PER_VARIABLE = 5000

Initial parameter values

t2.Ornithorhynchus_anatinus.nonSynRate = 0.1
t2.Ornithorhynchus_anatinus.synRate = 0.1
Optimization finished in 6 loop passes.
161 likelihood evaluation calls and 139 matrix exponentiations calls were made

Row and/or column partition is empty. All the data will be used by default.
Model MG94customModel assigned to Dromiciops_gliroides
Model MG94customModel assigned to Tachyglossus_aculeatus
One branch tree supplied - hopefully this IS what you meant to do.
Rooted tree. Removing one branch - the left root child has been promoted to be the new root
Partition 0 reversible model flag computed as 1
Variable 't2.Tachyglossus_aculeatus.nonSynRate' was not initialized prior to being used
Variable 't2.Tachyglossus_aculeatus.synRate' was not initialized prior to being used
Auto-benchmarked an optimal number (3) of threads.
Set GUI update interval to every 9090-th LF evaluation.
Optimization settings:
	OPTIMIZATION_METHOD = 4
	OPTIMIZATION_PRECISION = 0.001
	MAXIMUM_ITERATIONS_PER_VARIABLE = 5000

Initial parameter values

t2.Tachyglossus_aculeatus.nonSynRate = 0.1
t2.Tachyglossus_aculeatus.synRate = 0.1
Optimization finished in 6 loop passes.
181 likelihood evaluation calls and 156 matrix exponentiations calls were made

Row and/or column partition is empty. All the data will be used by default.
Model MG94customModel assigned to Ornithorhynchus_anatinus
Model MG94customModel assigned to Tachyglossus_aculeatus
One branch tree supplied - hopefully this IS what you meant to do.
Rooted tree. Removing one branch - the left root child has been promoted to be the new root
Partition 0 reversible model flag computed as 1
Auto-benchmarked an optimal number (2) of threads.
Set GUI update interval to every 1061-th LF evaluation.
Optimization settings:
	OPTIMIZATION_METHOD = 4
	OPTIMIZATION_PRECISION = 0.001
	MAXIMUM_ITERATIONS_PER_VARIABLE = 5000

Initial parameter values

t2.Tachyglossus_aculeatus.nonSynRate = 0.1
t2.Tachyglossus_aculeatus.synRate = 0.1
Optimization finished in 6 loop passes.
234 likelihood evaluation calls and 214 matrix exponentiations calls were made
