      3   1656

Manis_javanica                  ATG TAT GCC GGC CAG TGG CTT ACG TTT GCA ACA TGC ATC TTA GAA ATA AGC ATC CTG AAA GCT GGG CCC ACT CCT AGT TCT GCC CCA GAG CCA ACG CAA AAA AAT GGC ACT CCA TTG CCC ATA GAC TGC ATA ATG AGC CCC TGG AGT GAA TGG TCG GAA TGT GAT CCT TGC CTC AAA CAA ATG TTT CGC TCA CGA ACT ATT GAG GTC TTT GGA CAA TTT AAC GGG CAA AAA TGC CTG GAT GCT GTG GGA GAC AGA CGA CTG TGT GAG CCC ACC CAG GCC TGT GAA GAT CCT GAG GAT GAC TGT GGA AAT GAC TTT AAA TGT GGT ACA GGC AGA TGC ATA AAG AGG CAG CTT CTG TGT AAT GGT GAC AAT GAC TGT GGA GAC TTT TCA GAT GAA GAC GAC TGT GAA AGC GAT CCT CGG CCC CCC TGC CGA GAA AGA GTG GTC GAG GAG TCC GAG CTG GCA CGG ACA GCA GGC TAT GGG ATC AAC ATC CTA GGG ATG GAT CCC CTG AGC ACG CCT TTT GAC AAC GAG TAC TAC AAT GGA CTC TGT GAA CGA GTT CGG GAT GGA AAC ACC TTG ACG TAC TAC CGC AAA CCC TGG AAT GTG GCT TCT CTG GCC TAT GAA ACC AAA GCT GAT AAA AAT TTC AGA ATT GAA CAC TAC GAA GAG CAG GTA CAA GCA TTC AAA AGT ATT ATG CAA GAG ACT ATA TCA ACT TTT AAT GCA GAC TTA ACT CTT AAA TTC ACA CCT ATT GAA GCA ATT GAA CAG CTT AAA AGT AAA CCT CAA GAA CCT TCT AAT GGA AAA GAG TCC CCA AAT CAA GAA AAT TCT GAG GCC AAG TTT CGA TTT ACA TAT TCC AAA AAT GAA GTT TAC CAA CAG TTC TTG TCA CAT TCT TCC AAG AAG GAA AAA TTG TTT CTA CTT GTG AAA GGA GTA ATC CAT CTG GGA AGA TTT GTG ATG AGA AGT CGG GAT GTC ATG CTG ACA ACA ACT TTC TTG GGT GAT ATA AAA GCT CTG CCA ACT ACC TAT GAA AAA GGA GAA TAT TTT GCA TTT TTG GAA ACT TAT GGA ACC CAC TAT GGC AGC TCT GGG TCT CTA GGA GGA TTC TAT GAA CTA ATA TAT GTT TTA GAT AAA GCT TCC ATG GAA GAG AAA GGT GTT GAA ATA AAG GAT ATA CAA AAA TGC CTT GGG TTT AAT CTG GAC TTA TCT CTG AAT GTT GGA GCT GAA ATC ACA GGA AAT ATT AAA AAA GAT GAT TGC ATA AAG AGG GGT GAG GGT AAT ACT GTA AAC ATC TTG AGT GAT GAC CTC ATA GAT GAT GTT ATT TCA CTC ATT AGA GGA GGA ACC GGA AAA TAC GCA TTT GAG CTG AAA GAG AAG CTT CTC AAA GGA GCC AAG GCG GTT GAT GTA GCT GAC TTC GTA AAT TGG GCT TCC TCC TTA AAT GAT GCT CCA GTG CAA ATA AGT CAA AAA CTG TCC CCC ATT TAT AAC CTG GTT CCG GTG AAA CTA AAA GAT GCG CAC CAA AAG AAA CAA AAT CTG GAA AGA GCC ATT GAA GAT TAT ATC AAT GAA TTC AGT GCA AGA AAA TGT CAC CCC TGC CAG CAC GGA GGC ACT GCG ATT CTC CTG GAC GGC GGG TGT TTG TGC TCC TGT CCA AAC AAA TTT ACA GGA ACT GCC TGT GAA ATC AGT AAA CAA AAA TTT TCT 
Manis_pentadactyla              ATG TAT GCC GGC CAG TGG CTT ACG TTT GCA ATA TGC ATC TTA GAA ATA AGC ATC CTG AAA GCT GGG CCC ACT CCT AGT TCT GCC CCA GAG CCA ACG CAA AAA AAT GGC ACT CCA TTG CCC ATA GAC TGC ATA ATG AGC CCC TGG AGT GAA TGG TCG GAA TGT GAT CCT TGC CTC AAA CAA ATG TTT CGC TCA CGA ACT ATT GAG GTC TTT GGA CAA TTT AAT GGG CAA AAA TGC CTG GAT GCT GTG GGA GAC AGA CGA CTG TGT GAG CCC ACC CAG GCC TGT GAA GAT GCT GAG GAT GAC TGT GGA AAT GAC TTT AAA TGT GGT ACA GGC AGA TGC ATA AAG AGG CGG CTT CTG TGT AAT GGT GAC AAT GAC TGT GGA GAC TTT TCA GAT GAA GAC GAC TGT GAA AGT GAT CCT CGG CCC CCC TGC CGA GAA AGA GTA GTC GAG GAG TCC GAG CTG GCA CGG ACA GCA GGC TAT GGG ATC AAC ATC CTA GGG ATG GAT CCC CTG AGC ACG CCT TTT GAC AAC GAG TAC TAC AAC GGA CTC TGT GAA CGA GTT CGG GAT GGA AAC ACC TTG ACC TAC TAC CGC AAA CCC TGG AAC GTG GCT TCT CTG GCC TAT GAA ACC AAA GCT GAT AAA AAT TTC AGA ATT GAA CAC TAT GAA GAG CAG GTG CAA GCG TTC AAA AGT ATT ATG CAA GAG ACT ATA TCA ACT TTT AAT GCA GAC TTA ACT CTT AAA TTC ACA CCT ATT GAA GCA ATT GAG CAG CTT AAA AGT AAA CCT CAA GAA CCT TCT ACT GGA AAA GAG TCC CCA AAT CAA GAA AAT TCT GAG GCC AAG TTT CGA TTT ACA TAT TCC AAA AAT GAA GTT TAC CAA CAG TTC TTG TCA CAT TCT TCC AAG AAG GAA AAA TTG TTT CTA CTT GTG AAA GGA GTA ATC CAT CTG GGA AGA TTT GTG ATG AGA AGT CGG GAT GTC ATG CTG ACA ACA ACT TTC TTG GGT GAT ATA AAA GCT CTG CCA ACT ACC TAT GAA AAA GGA GAA TAT TTT GCA TTT TTG GAA ACT TAT GGA ACC CAC TAT GGT AGC TCT GGG TCT CTA GGA GGA TTC TAT GAA CTA ATA TAT GTT TTA GAT AAA GCT TCT ATG GAA GAG AAA GGT GTT GAA ATA AGG GAT GTA CAA AAA TGC CTC GGG TTT AAT CTG GAC TTA TCT CTG AAT GTT GGA GCT GAA ATC ACA GGA AAT ATT AAA AAA GAT GAT TGC ATA AAG AGG GGT GAG GGT AAT ACT GTA AAC ATC TTG AGT GAT GAC CTC ATA GAT GAT GTT ATT TCA CTC ATC AGA GGA GGA ACT GGA AAA TAT GCA TTT GAG CTG AAA GAG AAG CTT CTC AAA GGA GCC AAG GCG GTT GAT GTA GCT GAC TTC GTA AAT TGG GCT TCC TCC TTG AAT GAT GCT CCA GTG CAA ATA AGT CAA AAA CTG TCA CCC ATT TAT AAC CTG GTT CCG GTG AAA ATA AAA GAT GCG CAC CAA AAG AAA CAA AAT CTG GAA AGA GCC ATT GAA GAT TAT ATC AAT GAA TTC AGT GTA AGA AAA TGC CAC CCC TGC CAA AAT GGA GGT ACT GTG ATC CTC CTG GAC GGA GAA TGT TTG TGT TCC TGT CCA AAC AAA TTT ATA GGA ACT GCC TGT GAA ATC AGT AAA CAA AAA TTT TCT 
Manis_tricuspis                 ATG TGT GCC GGC CAG TGG CTT ACC TTT GCA ATA TGC ATC TTA GGA ATA AGC AGT CTG GCA GGT GGG ACC TCT CCT AGT TCT ACC TCA GAG CCA ATG CAA AAA AAT GGC ACT CCA TTG CCC ATA GAC TGC GTA ATG AGC CCC TGG AGT GAA TGG TCG GAA TGT GAT CCT TGC CTC AAA CAA ATG TTT CGC TCA CGA ACT ATT GAG GTC TTT GGA CAA TTT AAT GGG CAA AAG TGC CTG GAT GCT GTG GGA GAC AGA CGA CTG TGT GAG CCC ACC CAG GCC TGT GAA GAT GCT GAG GAT GAC TGT GGA AAT GAC TTT AAA TGT GGC ACA GGC AGA TGC ATA AAG AGG CGG CTT CTG TGT AAT GGT GAC AAT GAC TGC GGA GAC TTT TCA GAT GAA GAC GAT TGT GAA AGT GAT CCT CGG CCC CCC TGC CGA GAA AGA GTG GTA GAG GAG TCC GAG CTG GCA CGG ACA GCA GGC TAC GGG ATC AAC GTC CTA GGG ATG GAT CCG CTG AGC ACC CCT TTT GAC AAC GAG TAC TAC AAC GGA CTC TGT GAA CGA GTT CGG GAT GGA AAC ACC TTG ACA TAC TAC CGC AAA CCC TGG AAC GTG GCT TCT CTG GCC TAT GAA ACC AAA GCT GAT AAA AAT TTC AGA ATT GAA CAC TAC GAA GAG CAG GTG CAA GCA TTC AGA AGT ATT ATG CAA GAG ACT ATA TCA ACT TTT AAT GCA GAC TTA ACT CTT AAA TTC ACA CCT ATT GAA GCA ATT GAA CAC CTT AAA AGT AAA CCT CAG GAA CCT TCT AAT GGA AAA GAG TCC CCA AGT CAA GAA AAT TCT GAG GCC AAG TTT AGA TTT ACA TAT GCC AAA AAT GAA GTT TAC CAG CAG TTC TTG TCA CAT TCT TCC AAG AAG GAA AAA TTG TTT CTA CTT GTG AAA GGA GTA ATT CAT CTG GGA AGA TTT GTG ATG AGA AGT CGG GAT GTC ATG CTG ACA ACA ACT TTC TTG GGT GAT ATA AAA ACT CTG CCA ACT ACC TAT GAA AAA GGA GAA TAT TTT GCA TTT TTG GAA ACT TAT GGA ACC CAC TAC GGT AGC TCT GGG TCT CTA GGA GGA TTC TAT GAA CTA ATA TAT GTT TTA GAT AAA GCA TCC ATG GAA GAG AAA GGT GTT GAA ATA AGG GAT ATA CAG AAA TGC CTC GGG TTT AAT CTG GAC TTA TCT CTG AAT GTT GGA GCT GAA ATC ACA CAA AAT ATT AAA AAA GAT GAT TGC ATA AAG AGG GGT GAG GGT AAT ACT GTA AAT ATC TTG AGT GAT AAC CTC ATA GAT GAT GTT ATT TCA CTC ATA AGA GGA GGA ACC GGA AAA TAT GCA TTT GAA CTG AAA GAG AAA CTT CTC AAA GGA GCC AAG ACG GTT GAC GTA GCT GAC TTT GTA AAT TGG GCT TCC TCC TTA AAT GAC GCT CCA GTG CAA ATA AGT CAA AAA CTG TCC CCC ATT TAT AAC CTG GTT CCT GTG AAA ATA AAA GAT GCG CAC CAA AAG AAA CAA AAT CTG GAA AGA GCC ATT GAA GAT TAT ATC AAT GAA TTC AGT GTA AGA AAA TGC CAC CCC TGC CAA AAT GGA GGT ACT GTG ATC CTC CTG GAT GGA GAA TGT TTG TGT TCC TGC CCA AAC AAA TTT ACA GGA ATT GCC TGT GAA ATC AGT AAA CAA AAA TTT TCT 



Printing out site pattern counts


         3        393  P

Manis_javanica                  AAA AAA AAA AAA AAC AAC AAC AAG AAG AAG AAT AAT AAT AAT ACA ACA ACA ACC ACC ACG ACG ACG ACT ACT ACT AGA AGC AGC AGG AGT ATA ATA ATA ATC ATC ATC ATC ATG ATT ATT ATT CAA CAA CAC CAC CAG CAG CAG CAG CAT CCA CCA CCC CCC CCC CCG CCT CCT CGA CGA CGC CGG CTA CTA CTC CTG CTT CTT GAA GAA GAA GAC GAC GAC GAG GAG GAT GAT GCA GCA GCA GCC GCC GCG GCG GCG GCT GCT GCT GCT GGA GGA GGC GGC GGC GGG GGG GGT GGT GTA GTA GTC GTC GTG GTG GTT TAC TAC TAC TAT TAT TAT TCA TCC TCC TCC TCC TCG TCT TGC TGC TGG TGT TGT TGT TTA TTA TTC TTC TTG TTT 
Manis_pentadactyla              ... ... ... ... ... ... ..T ... ... .G. ..C ... ... .C. ... .T. .T. ... ..T ..C ... ... ... ... ... ... ... ..T ... ... ... ... G.. ... ... ... ... ... ..C ..C ... ... ... A.T ... ..A ... ... .G. ... ... ... ... ... ... ... ... G.. ... ... ... ... A.. ... ... ... ..C ... ... ... ..G ... ... ... ... ... ... ... ... ..G .T. ... ... ... ... .T. ... ... ... ... ... ... ..A ... ..T .AA ... ... ... ... ..G ... ... ..A ... ... ... ..T ..T ... ... ... ... ..A ... ... ..T ... ... ... ..T ... ..C ... ... ... ..G ... ... ... ... 
Manis_tricuspis                 ... ..G .G. GC. ... ..T ..T ..A ... .G. ..C ... .G. ... ... ... .T. ... ... ..A ..C .T. ... .T. T.. ... ... ..T ... ... ... G.. ... .GT ... ..T G.. ... ..A ..C ... ... ..G A.T ... ..A ..C ... .G. ... ... T.. A.. ... ..G ..T ... G.. A.. ... ... ... A.. ... ... ... ..C ... ... .G. ... A.. ... ..T ..A ... ..C ... ... ... .T. A.. ... A.. ... .T. A.. ..A ... .G. CA. ... ..A ... ..T .AA ... ..C ... ... ..G ..A ... ... ... ... ... ... ..T ..C ... .G. ... ... G.. ... ... ... ... ... ..T ... ..C ..C ... ... ... ... ..T ... ... 

   31    1    1    1    5    1    1    1    7    1    2   16    1    1    7
    1    1    5    1    1    2    1   10    1    1    9    4    1    2    9
   10    1    1    1    6    1    1    8    1    1    9   12    3    1    4
    1    1    4    1    2    6    1    1    8    1    1    7    1    1    4
    2    4    1    4    6   17    1    6   26    1    1    1   12    2    1
   15    2   20    7    1    1    1    7    1    1    1    1    1    7    1
    1   20    1    4    2    1    6    1    5    4    1    1    2    1    6
    8    5    1    1    2    9    1    5    1    1    6    1    1    9    9
    1    5    1    2   10    4    1    7    1    8   18

CODONML (in paml version 4.9f, October 2017)  Pholidota_C9.aln.faa
Model: several dN/dS ratios for branches for branches, 
Codon frequency model: F1x4
ns =   3  ls = 552

Codon usage in sequences
--------------------------------------------------------------------------------------
Phe TTT  18  18  19 | Ser TCT   9  10  10 | Tyr TAT  12  14  10 | Cys TGT  13  13  12
    TTC   8   8   7 |     TCC   9   7   8 |     TAC   7   5   8 |     TGC  10  10  12
Leu TTA   5   4   5 |     TCA   5   6   6 | *** TAA   0   0   0 | *** TGA   0   0   0
    TTG   8   9   8 |     TCG   1   1   1 |     TAG   0   0   0 | Trp TGG   5   5   5
--------------------------------------------------------------------------------------
Leu CTT   7   6   6 | Pro CCT   8   7   8 | His CAT   2   2   2 | Arg CGT   0   0   0
    CTC   6   7   7 |     CCC  10  10   8 |     CAC   5   4   5 |     CGC   2   2   2
    CTA   5   4   4 |     CCA   7   7   6 | Gln CAA  15  16  14 |     CGA   5   5   4
    CTG  17  17  17 |     CCG   1   1   1 |     CAG   7   5   7 |     CGG   4   5   5
--------------------------------------------------------------------------------------
Ile ATT  11   9  11 | Thr ACT  12  14  11 | Asn AAT  20  19  20 | Ser AGT   9  10  12
    ATC   9  11   7 |     ACC   6   6  10 |     AAC   7   8   8 |     AGC   5   4   4
    ATA  12  14  14 |     ACA   9   7   9 | Lys AAA  34  34  32 | Arg AGA   9   9  11
Met ATG   8   8   9 |     ACG   4   3   1 |     AAG   9   8   8 |     AGG   2   3   3
--------------------------------------------------------------------------------------
Val GTT   8   8   8 | Ala GCT  10  11   8 | Asp GAT  22  22  22 | Gly GGT   6   8   8
    GTC   3   3   3 |     GCC   8   8   8 |     GAC  15  15  14 |     GGC   7   4   5
    GTA   5   7   7 |     GCA   9   7  10 | Glu GAA  28  28  29 |     GGA  21  22  22
    GTG   7   8   9 |     GCG   3   3   1 |     GAG  16  17  15 |     GGG   7   6   6
--------------------------------------------------------------------------------------

Codon position x base (3x4) table for each sequence.

#1: Manis_javanica 
position  1:    T:0.19928    C:0.18297    A:0.30072    G:0.31703
position  2:    T:0.24819    C:0.20109    A:0.36051    G:0.19022
position  3:    T:0.30254    C:0.21196    A:0.30616    G:0.17935
Average         T:0.25000    C:0.19867    A:0.32246    G:0.22886

#2: Manis_pentadactyla
position  1:    T:0.19928    C:0.17754    A:0.30254    G:0.32065
position  2:    T:0.25543    C:0.19565    A:0.35688    G:0.19203
position  3:    T:0.30978    C:0.20290    A:0.30797    G:0.17935
Average         T:0.25483    C:0.19203    A:0.32246    G:0.23068

#3: Manis_tricuspis
position  1:    T:0.20109    C:0.17391    A:0.30797    G:0.31703
position  2:    T:0.25543    C:0.19203    A:0.35145    G:0.20109
position  3:    T:0.30254    C:0.21014    A:0.31341    G:0.17391
Average         T:0.25302    C:0.19203    A:0.32428    G:0.23068

Sums of codon usage counts
------------------------------------------------------------------------------
Phe F TTT      55 | Ser S TCT      29 | Tyr Y TAT      36 | Cys C TGT      38
      TTC      23 |       TCC      24 |       TAC      20 |       TGC      32
Leu L TTA      14 |       TCA      17 | *** * TAA       0 | *** * TGA       0
      TTG      25 |       TCG       3 |       TAG       0 | Trp W TGG      15
------------------------------------------------------------------------------
Leu L CTT      19 | Pro P CCT      23 | His H CAT       6 | Arg R CGT       0
      CTC      20 |       CCC      28 |       CAC      14 |       CGC       6
      CTA      13 |       CCA      20 | Gln Q CAA      45 |       CGA      14
      CTG      51 |       CCG       3 |       CAG      19 |       CGG      14
------------------------------------------------------------------------------
Ile I ATT      31 | Thr T ACT      37 | Asn N AAT      59 | Ser S AGT      31
      ATC      27 |       ACC      22 |       AAC      23 |       AGC      13
      ATA      40 |       ACA      25 | Lys K AAA     100 | Arg R AGA      29
Met M ATG      25 |       ACG       8 |       AAG      25 |       AGG       8
------------------------------------------------------------------------------
Val V GTT      24 | Ala A GCT      29 | Asp D GAT      66 | Gly G GGT      22
      GTC       9 |       GCC      24 |       GAC      44 |       GGC      16
      GTA      19 |       GCA      26 | Glu E GAA      85 |       GGA      65
      GTG      24 |       GCG       7 |       GAG      48 |       GGG      19
------------------------------------------------------------------------------


Codon position x base (3x4) table, overall

position  1:    T:0.19988    C:0.17814    A:0.30374    G:0.31824
position  2:    T:0.25302    C:0.19626    A:0.35628    G:0.19444
position  3:    T:0.30495    C:0.20833    A:0.30918    G:0.17754
Average         T:0.25262    C:0.19424    A:0.32307    G:0.23007

Codon frequencies under model, for use in evolver (TTT TTC TTA TTG ... GGG):
  0.01722159  0.01324210  0.02202443  0.01568469
  0.01324210  0.01018217  0.01693512  0.01206034
  0.02202443  0.01693512  0.00000000  0.00000000
  0.01568469  0.01206034  0.00000000  0.01428494
  0.01324210  0.01018217  0.01693512  0.01206034
  0.01018217  0.00782932  0.01302182  0.00927349
  0.01693512  0.01302182  0.02165806  0.01542378
  0.01206034  0.00927349  0.01542378  0.01098404
  0.02202443  0.01693512  0.02816670  0.02005890
  0.01693512  0.01302182  0.02165806  0.01542378
  0.02816670  0.02165806  0.03602195  0.02565302
  0.02005890  0.01542378  0.02565302  0.01826879
  0.01568469  0.01206034  0.02005890  0.01428494
  0.01206034  0.00927349  0.01542378  0.01098404
  0.02005890  0.01542378  0.02565302  0.01826879
  0.01428494  0.01098404  0.01826879  0.01301011


TREE #  1:  (1, 2, 3);   MP score: 84
lnL(ntime:  3  np:  6):  -2704.495687      +0.000000
   4..1     4..2     4..3  
 0.050235 0.021343 0.097901 3.814798 0.244264 0.180000

Note: Branch length is defined as number of nucleotide substitutions per codon (not per neucleotide site).

tree length =  0.169479

(1: 0.050235, 2: 0.021343, 3: 0.097901);

(Manis_javanica: 0.050235, Manis_pentadactyla: 0.021343, Manis_tricuspis: 0.097901);

Detailed output identifying parameters

kappa (ts/tv) =  3.81480

w (dN/dS) for branches:  0.24426 0.18000

dN & dS for each branch

 branch          t       N       S   dN/dS      dN      dS  N*dN  S*dS

   4..1      0.050  1197.6   458.4  0.1800  0.0074  0.0411   8.9  18.9
   4..2      0.021  1197.6   458.4  0.2443  0.0038  0.0157   4.6   7.2
   4..3      0.098  1197.6   458.4  0.2443  0.0176  0.0720  21.1  33.0

tree length for dN:       0.0288
tree length for dS:       0.1288

dS tree:
(Manis_javanica: 0.041146, Manis_pentadactyla: 0.015690, Manis_tricuspis: 0.071969);
dN tree:
(Manis_javanica: 0.007406, Manis_pentadactyla: 0.003832, Manis_tricuspis: 0.017580);

w ratios as labels for TreeView:
(Manis_javanica #0.18 , Manis_pentadactyla #0.244264 , Manis_tricuspis #0.244264 );


Time used:  0:01
