Gavialis_gangeticus	Crocodylus_porosus	Alligator_sinensis	Alligator_mississippiensis	
0.0061273	0.00017725	0.0030207	0.0015003	
0.0061295	0.00017438	0.0030165	0.0014974	
0.0061319	0.00017161	0.0030125	0.0014946	
0.0061342	0.00016877	0.0030084	0.0014918	
0.0061363	0.00016582	0.0030043	0.001489	
0.0061385	0.00016299	0.0030003	0.0014863	
0.006141	0.00016025	0.0029963	0.0014835	
0.0061433	0.00015745	0.0029923	0.0014808	
0.0061459	0.00015474	0.0029883	0.0014781	
0.0061487	0.00015213	0.0029844	0.0014754	
0.0061385	0.00014971	0.0029805	0.0014728	
0.0061287	0.00014738	0.0029767	0.0014702	
0.0061187	0.00014499	0.0029728	0.0014676	
0.0061085	0.00014255	0.0029689	0.0014649	
0.0060987	0.00014019	0.0029651	0.0014623	
0.0060886	0.00013777	0.0029612	0.0014597	
0.0060784	0.0001353	0.0029572	0.001457	
0.0060686	0.00013293	0.0029534	0.0014544	
0.0060586	0.0001305	0.0029495	0.0014517	
0.0060484	0.00012803	0.0029455	0.001449	
0.0060385	0.00012563	0.0029416	0.0014464	
0.0060285	0.00012318	0.0029377	0.0014437	
0.0060189	0.00012085	0.0029337	0.001441	
0.0060096	0.00011859	0.0029298	0.0014384	
0.0060006	0.00011643	0.0029259	0.0014358	
0.0059914	0.00011421	0.002922	0.0014331	
0.0059821	0.00011195	0.0029181	0.0014304	
0.0059731	0.00010977	0.0029142	0.0014278	
0.0059643	0.00010765	0.0029103	0.0014252	
0.0059558	0.00010561	0.0029065	0.0014226	
0.0059471	0.00010351	0.0029027	0.00142	
0.0059383	0.00010137	0.0028988	0.0014174	
0.0059298	9.9296e-05	0.0028949	0.0014148	
0.0059216	9.7306e-05	0.0028911	0.0014123	
0.0059136	9.5382e-05	0.0028874	0.0014098	
0.0059054	9.341e-05	0.0028836	0.0014072	
0.0058972	9.1394e-05	0.0028798	0.0014046	
0.0058893	8.9474e-05	0.0028759	0.001402	
0.0058816	8.7617e-05	0.0028721	0.0013995	
0.0058742	8.582e-05	0.0028683	0.0013969	
0.0058671	8.4081e-05	0.0028646	0.0013944	
0.0058602	8.24e-05	0.0028609	0.001392	
0.0058535	8.0786e-05	0.0028572	0.0013895	
0.0058467	7.9132e-05	0.0028535	0.0013871	
0.0058402	7.7544e-05	0.0028498	0.0013847	
0.005834	7.6021e-05	0.0028462	0.0013823	
0.005828	7.4548e-05	0.0028427	0.0013799	
0.0058219	7.3039e-05	0.0028391	0.0013775	
0.0058161	7.1592e-05	0.0028355	0.0013752	
0.0058105	7.0205e-05	0.002832	0.0013729	
0.0058046	6.8757e-05	0.0028286	0.0013707	
0.005799	6.7357e-05	0.0028251	0.0013684	
0.0057936	6.6015e-05	0.0028218	0.0013662	
0.0057884	6.4717e-05	0.0028184	0.0013641	
0.0057832	6.3387e-05	0.0028151	0.0013619	
0.0057781	6.2111e-05	0.0028117	0.0013597	
0.0057533	6.0919e-05	0.0028084	0.0013576	
0.0057281	5.9694e-05	0.0028051	0.0013555	
0.0057026	5.8436e-05	0.0028018	0.0013533	
0.0056777	5.7218e-05	0.0027985	0.0013512	
0.0056532	5.604e-05	0.0027952	0.001349	
0.0056293	5.49e-05	0.0027919	0.001347	
0.0056051	5.3731e-05	0.0027887	0.0013449	
0.0055814	5.26e-05	0.0027854	0.0013428	
0.0055575	5.1438e-05	0.0027822	0.0013407	
0.0055332	5.0245e-05	0.0027789	0.0013386	
0.0055096	4.9098e-05	0.0027756	0.0013365	
0.0054857	4.7921e-05	0.0027723	0.0013344	
0.0054624	4.6789e-05	0.0027691	0.0013323	
0.0054388	4.5627e-05	0.0027658	0.0013302	
0.0054158	4.451e-05	0.0027626	0.0013281	
0.0053925	4.3363e-05	0.0027593	0.001326	
0.0053697	4.2251e-05	0.0027561	0.001324	
0.0053475	4.1182e-05	0.0027529	0.001322	
0.005325	4.0084e-05	0.0027497	0.0013199	
0.0053031	3.9029e-05	0.0027466	0.0013179	
0.0052809	3.7944e-05	0.0027434	0.0013159	
0.0052584	3.683e-05	0.0027401	0.0013138	
0.0052359	3.5688e-05	0.0027369	0.0013117	
0.0052137	3.4581e-05	0.0027337	0.0013097	
0.0051914	3.3447e-05	0.0027304	0.0013076	
0.0051695	3.2346e-05	0.0027272	0.0013056	
0.005148	3.1278e-05	0.002724	0.0013036	
0.0051264	3.0184e-05	0.0027208	0.0013015	
0.0051052	2.913e-05	0.0027177	0.0012995	
0.0050833	2.9468e-05	0.0027145	0.0012975	
0.0050618	2.9825e-05	0.0027113	0.0012955	
0.0050402	3.0163e-05	0.0027082	0.0012935	
0.005019	3.0522e-05	0.002705	0.0012915	
0.0049977	3.0863e-05	0.0027019	0.0012895	
0.0049768	3.1224e-05	0.0026987	0.0012875	
0.0049558	3.1567e-05	0.0026956	0.0012855	
0.0049345	3.1894e-05	0.0026924	0.0012835	
0.0049137	3.2236e-05	0.0026893	0.0012815	
0.0048933	3.1699e-05	0.0026862	0.0012796	
0.0048733	3.1179e-05	0.0026831	0.0012777	
0.0048532	3.0641e-05	0.00268	0.0012757	
0.0048328	3.0085e-05	0.0026769	0.0012737	
0.0048129	2.9551e-05	0.0026738	0.0012718	
0.0047929	2.9001e-05	0.0026706	0.0012698	
0.0047733	2.8471e-05	0.0026676	0.0012679	
0.0047535	2.7924e-05	0.0026645	0.0012659	
0.0047335	2.7359e-05	0.0026613	0.001264	
0.0047133	2.6779e-05	0.0026582	0.001262	
0.0046936	2.6217e-05	0.0026551	0.00126	
0.0046742	2.567e-05	0.002652	0.0012581	
0.0046553	2.5141e-05	0.0026489	0.0012562	
0.0046362	2.4598e-05	0.0026459	0.0012543	
0.0046175	2.4072e-05	0.0026428	0.0012524	
0.0045992	2.3562e-05	0.0026398	0.0012505	
0.0045808	2.3038e-05	0.0026368	0.0012486	
0.0045627	2.253e-05	0.0026338	0.0012468	
0.0045445	2.2008e-05	0.0026308	0.0012449	
0.0045267	2.1501e-05	0.0026278	0.001243	
0.0045092	2.101e-05	0.0026248	0.0012412	
0.0044917	2.0506e-05	0.0026218	0.0012394	
0.0044744	2.0012e-05	0.0026189	0.0012375	
0.0044574	1.9529e-05	0.002616	0.0012357	
0.0044408	1.906e-05	0.0026131	0.001234	
0.0044245	1.8603e-05	0.0026102	0.0012322	
0.0044084	1.8157e-05	0.0026074	0.0012305	
0.0043923	1.7697e-05	0.0026045	0.0012287	
0.004376	1.7225e-05	0.0026016	0.001227	
0.00436	1.6762e-05	0.0025988	0.0012252	
0.004344	1.6287e-05	0.0025959	0.0012235	
0.0043278	1.58e-05	0.002593	0.0012217	
0.0043115	1.5301e-05	0.0025901	0.0012199	
0.0042954	1.4811e-05	0.0025872	0.0012182	
0.0042793	1.4309e-05	0.0025843	0.0012164	
0.0042635	1.3816e-05	0.0025814	0.0012146	
0.0042475	1.3311e-05	0.0025785	0.0012128	
0.0042314	1.2794e-05	0.0025756	0.0012111	
0.0042157	1.2289e-05	0.0025727	0.0012093	
0.0042002	1.1796e-05	0.0025698	0.0012075	
0.0041851	1.1311e-05	0.002567	0.0012058	
0.0041701	1.0834e-05	0.0025642	0.0012041	
0.0041551	1.0344e-05	0.0025614	0.0012024	
0.0041404	9.8658e-06	0.0025586	0.0012007	
0.0041255	9.3757e-06	0.0025557	0.001199	
0.004111	8.8932e-06	0.0025529	0.0011973	
0.0040963	8.3987e-06	0.0025501	0.0011956	
0.0040818	7.9116e-06	0.0025473	0.0011939	
0.0040677	7.4345e-06	0.0025446	0.0011922	
0.0040538	6.9672e-06	0.0025418	0.0011906	
0.0040398	6.488e-06	0.0025391	0.0011889	
0.0040258	5.9975e-06	0.0025363	0.0011873	
0.004012	5.5139e-06	0.0025335	0.0011856	
0.0039977	5.7066e-06	0.0025308	0.001184	
0.0039837	5.9025e-06	0.002528	0.0011823	
0.0039697	6.0887e-06	0.0025253	0.0011807	
0.0039555	6.2657e-06	0.0025225	0.001179	
0.0039417	6.4458e-06	0.0025197	0.0011773	
0.0039277	6.6163e-06	0.002517	0.0011757	
0.0039137	6.7776e-06	0.0025142	0.001174	
0.0038998	6.9404e-06	0.0025114	0.0011723	
0.0038859	7.0937e-06	0.0025086	0.0011707	
0.0038719	7.2376e-06	0.0025058	0.001169	
0.0038582	7.3844e-06	0.002503	0.0011673	
0.0038444	7.5219e-06	0.0025003	0.0011656	
0.0038308	7.6607e-06	0.0024975	0.001164	
0.0038171	7.7902e-06	0.0024947	0.0011623	
0.0038036	7.9225e-06	0.0024919	0.0011607	
0.0037905	8.0578e-06	0.0024892	0.001159	
0.0037775	8.1945e-06	0.0024865	0.0011574	
0.0037645	8.3219e-06	0.0024837	0.0011558	
0.0037513	8.4401e-06	0.002481	0.0011541	
0.0037381	8.5491e-06	0.0024782	0.0011525	
0.0037249	8.649e-06	0.0024754	0.0011508	
0.0037118	8.7517e-06	0.0024727	0.0011492	
0.0036987	8.8455e-06	0.0024699	0.0011475	
0.0036855	8.9305e-06	0.0024671	0.0011458	
0.0036726	9.0183e-06	0.0024644	0.0011442	
0.0036599	9.1074e-06	0.0024616	0.0011425	
0.0036471	9.1874e-06	0.0024589	0.0011409	
0.0036345	9.2686e-06	0.0024561	0.0011393	
0.0036218	9.3407e-06	0.0024534	0.0011376	
0.0036093	9.4157e-06	0.0024506	0.001136	
0.0035968	9.4819e-06	0.0024479	0.0011344	
0.0035843	9.5393e-06	0.0024451	0.0011327	
0.0035716	9.588e-06	0.0024423	0.0011311	
0.0035592	9.6395e-06	0.0024396	0.0011294	
0.003547	9.6922e-06	0.0024369	0.0011278	
0.0035347	9.7359e-06	0.0024341	0.0011262	
0.0035224	9.7708e-06	0.0024313	0.0011245	
0.0035102	9.807e-06	0.0024286	0.0011229	
0.0034982	9.8444e-06	0.0024259	0.0011213	
0.0034865	9.8846e-06	0.0024232	0.0011197	
0.003475	9.9277e-06	0.0024205	0.0011181	
0.0034636	9.9737e-06	0.0024178	0.0011165	
0.0034525	1.0021e-05	0.0024152	0.001115	
0.0034413	1.0059e-05	0.0024125	0.0011134	
0.0034304	1.0101e-05	0.0024099	0.0011119	
0.0034196	1.0145e-05	0.0024073	0.0011104	
0.003409	1.0192e-05	0.0024047	0.0011089	
0.0033984	1.0231e-05	0.0024021	0.0011074	
0.0033877	1.026e-05	0.0023995	0.0011058	
0.0033772	1.0291e-05	0.0023969	0.0011043	
0.0033668	1.0322e-05	0.0023944	0.0011028	
0.0033567	1.0356e-05	0.0023918	0.0011014	
0.0033464	1.038e-05	0.0023892	0.0010999	
0.0033361	1.0396e-05	0.0023866	0.0010984	
0.0033257	1.0403e-05	0.002384	0.0010969	
0.0033155	1.0411e-05	0.0023815	0.0010954	
0.0033053	1.041e-05	0.0023789	0.0010939	
0.0032952	1.0411e-05	0.0023763	0.0010924	
0.0032853	1.0415e-05	0.0023737	0.0010909	
0.0032754	1.041e-05	0.0023712	0.0010894	
0.0032656	1.0407e-05	0.0023686	0.0010879	
0.003256	1.0408e-05	0.0023661	0.0010865	
0.0032464	1.04e-05	0.0023635	0.001085	
0.0032369	1.0393e-05	0.002361	0.0010836	
0.0032277	1.0389e-05	0.0023585	0.0010821	
0.0032185	1.0387e-05	0.002356	0.0010807	
0.0032096	1.0386e-05	0.0023536	0.0010793	
0.0032005	1.0376e-05	0.0023511	0.0010779	
0.0031916	1.0368e-05	0.0023486	0.0010765	
0.0031827	1.035e-05	0.0023462	0.0010751	
0.003174	1.0335e-05	0.0023437	0.0010737	
0.0031651	1.0312e-05	0.0023413	0.0010723	
0.0031565	1.0291e-05	0.0023388	0.0010709	
0.003148	1.0272e-05	0.0023364	0.0010696	
0.0031397	1.0255e-05	0.002334	0.0010682	
0.0031315	1.0239e-05	0.0023316	0.0010669	
0.0031232	1.0214e-05	0.0023292	0.0010655	
0.0031149	1.0179e-05	0.0023268	0.0010642	
0.0031068	1.0148e-05	0.0023244	0.0010628	
0.0030986	1.0108e-05	0.0023219	0.0010615	
0.0030906	1.0071e-05	0.0023196	0.0010601	
0.0030827	1.0037e-05	0.0023172	0.0010588	
0.003075	1.0005e-05	0.0023148	0.0010575	
0.0030675	9.9748e-06	0.0023125	0.0010562	
0.0030601	9.9461e-06	0.0023102	0.0010549	
0.0030526	9.908e-06	0.0023079	0.0010536	
0.0030451	9.8604e-06	0.0023055	0.0010523	
0.0030377	9.8162e-06	0.0023032	0.0010511	
0.0030303	9.7625e-06	0.0023009	0.0010498	
0.0030228	9.6991e-06	0.0022985	0.0010485	
0.0030155	9.6393e-06	0.0022962	0.0010472	
0.0030083	9.5832e-06	0.0022939	0.0010459	
0.0030011	9.5173e-06	0.0022916	0.0010446	
0.0029939	9.4416e-06	0.0022892	0.0010433	
0.0029868	9.3697e-06	0.0022869	0.001042	
0.0029799	9.3016e-06	0.0022846	0.0010408	
0.0029731	9.2372e-06	0.0022824	0.0010396	
0.0029665	9.1749e-06	0.0022801	0.0010383	
0.0029598	9.1025e-06	0.0022779	0.0010371	
0.0029531	9.0205e-06	0.0022756	0.0010359	
0.0029463	8.9287e-06	0.0022733	0.0010346	
0.0029396	8.8392e-06	0.002271	0.0010333	
0.0029329	8.7394e-06	0.0022687	0.0010321	
0.0029261	8.6292e-06	0.0022664	0.0010308	
0.0029195	8.5235e-06	0.0022641	0.0010296	
0.002913	8.4221e-06	0.0022619	0.0010283	
0.0029067	8.3234e-06	0.0022596	0.0010271	
0.0029004	8.2144e-06	0.0022574	0.0010259	
0.0028941	8.1081e-06	0.0022551	0.0010247	
0.0028881	8.0046e-06	0.0022529	0.0010235	
0.0028822	7.9039e-06	0.0022507	0.0010223	
0.0028762	7.7922e-06	0.0022485	0.0010211	
0.0028701	7.6692e-06	0.0022463	0.0010199	
0.0028639	7.5349e-06	0.002244	0.0010187	
0.0028579	7.406e-06	0.0022418	0.0010175	
0.0028519	7.2655e-06	0.0022396	0.0010163	
0.002846	7.1307e-06	0.0022374	0.0010151	
0.0028403	6.9995e-06	0.0022352	0.0010139	
0.0028348	6.8748e-06	0.002233	0.0010128	
0.0028292	6.7387e-06	0.0022308	0.0010116	
0.0028237	6.6062e-06	0.0022287	0.0010105	
0.0028182	6.4623e-06	0.0022265	0.0010093	
0.0028129	6.3242e-06	0.0022244	0.0010082	
0.0028074	6.1698e-06	0.0022223	0.0010071	
0.002802	6.0213e-06	0.0022202	0.001006	
0.0027969	5.8784e-06	0.0022182	0.0010049	
0.0027917	5.7235e-06	0.0022161	0.0010039	
0.0027866	5.5721e-06	0.0022141	0.0010028	
0.0027814	5.4087e-06	0.002212	0.0010017	
0.00276	5.2573e-06	0.00221	0.0010007	
0.0027391	5.1111e-06	0.002208	0.00099968	
0.0027187	4.9698e-06	0.002206	0.00099869	
0.0026982	4.8174e-06	0.0022041	0.00099768	
0.0026781	4.6697e-06	0.0022021	0.00099669	
0.0026578	4.5105e-06	0.0022001	0.00099569	
0.0026372	4.3401e-06	0.0021981	0.00099467	
0.0026172	4.1745e-06	0.0021962	0.00099367	
0.0025977	4.0135e-06	0.0021942	0.00099271	
0.0025779	3.8415e-06	0.0021923	0.00099172	
0.0025587	3.6739e-06	0.0021904	0.00099076	
0.0025392	3.4953e-06	0.0021884	0.00098978	
0.0025202	3.321e-06	0.0021865	0.00098883	
0.002501	3.1353e-06	0.0021846	0.00098785	
0.0024816	2.9387e-06	0.0021826	0.00098686	
0.0024626	2.7445e-06	0.0021807	0.00098589	
0.002444	2.5524e-06	0.0021788	0.00098494	
0.0024251	2.3492e-06	0.0021768	0.00098397	
0.0024067	2.1481e-06	0.0021749	0.00098302	
0.002388	1.9362e-06	0.002173	0.00098205	
0.0023697	1.7264e-06	0.0021711	0.0009811	
0.0023518	1.5184e-06	0.0021692	0.00098018	
0.0023337	1.2993e-06	0.0021673	0.00097923	
0.002316	1.0837e-06	0.0021654	0.00097831	
0.0022988	8.7128e-07	0.0021636	0.00097742	
0.002282	6.6168e-07	0.0021618	0.00097655	
0.0022656	4.5309e-07	0.00216	0.00097571	
0.0022485	4.5414e-07	0.0021582	0.00097485	
0.0022312	4.4742e-07	0.0021564	0.00097397	
0.0022143	4.3733e-07	0.0021546	0.00097311	
0.0021978	4.2387e-07	0.0021528	0.00097228	
0.0021812	4.0263e-07	0.002151	0.00097143	
0.002164	5.491e-07	0.0021492	0.00097056	
0.0021464	6.8491e-07	0.0021474	0.00096971	
0.0021287	8.1135e-07	0.0021456	0.00096884	
0.0021113	9.3776e-07	0.0021439	0.000968	
0.0020944	1.0631e-06	0.0021421	0.00096718	
0.0020777	1.1876e-06	0.0021404	0.00096638	
0.0020609	1.3026e-06	0.0021387	0.00096556	
0.0020444	1.4167e-06	0.0021369	0.00096476	
0.0020278	1.5214e-06	0.0021352	0.00096394	
0.0020109	1.6166e-06	0.0021334	0.0009631	
0.0019944	1.712e-06	0.0021317	0.00096229	
0.0019778	1.798e-06	0.0021299	0.00096145	
0.0019609	1.8749e-06	0.0021281	0.0009606	
0.0019444	1.9508e-06	0.0021263	0.00095977	
0.0019278	2.0174e-06	0.0021246	0.00095892	
0.0019115	2.0841e-06	0.0021228	0.00095809	
0.001895	2.1418e-06	0.002121	0.00095725	
0.0018789	2.1985e-06	0.0021193	0.00095642	
0.0018631	2.2544e-06	0.0021175	0.00095562	
0.0018476	2.3095e-06	0.0021158	0.00095484	
0.0018325	2.3651e-06	0.0021141	0.00095408	
0.0018173	2.4114e-06	0.0021125	0.0009533	
0.0018019	2.4482e-06	0.0021107	0.00095251	
0.0017867	2.4843e-06	0.002109	0.00095173	
0.0017714	2.5108e-06	0.0021073	0.00095093	
0.0017715	2.5201e-06	0.0021056	0.00095012	
0.0017716	2.5198e-06	0.0021038	0.00094928	
0.0017717	2.52e-06	0.002102	0.00094847	
0.0017718	2.5109e-06	0.0021003	0.00094765	
0.001772	2.5011e-06	0.0020985	0.00094684	
0.0017721	2.4821e-06	0.0020968	0.00094601	
0.0017724	2.4635e-06	0.002095	0.00094521	
0.0017726	2.4354e-06	0.0020933	0.00094439	
0.0017727	2.3978e-06	0.0020915	0.00094355	
0.0017729	2.3594e-06	0.0020897	0.00094273	
0.0017731	2.3118e-06	0.002088	0.00094189	
0.0017732	2.2546e-06	0.0020861	0.00094103	
0.0017732	2.1881e-06	0.0020843	0.00094015	
0.0017733	2.1209e-06	0.0020825	0.00093929	
0.0017734	2.0441e-06	0.0020807	0.00093841	
0.0017735	1.9667e-06	0.0020788	0.00093756	
0.0017735	2.2402e-06	0.002077	0.00093668	
0.0017735	2.5176e-06	0.0020752	0.00093582	
0.0017737	2.8016e-06	0.0020735	0.00092817	
0.001774	3.0926e-06	0.0020718	0.00092058	
0.0017744	3.3907e-06	0.0020701	0.00091305	
0.0017748	3.6761e-06	0.0020684	0.00090549	
0.0017753	3.9689e-06	0.0020667	0.000898	
0.0017757	4.2473e-06	0.0020651	0.00089055	
0.001776	4.5131e-06	0.0020634	0.00088307	
0.0017763	4.7671e-06	0.0020617	0.00087557	
0.0017765	5.009e-06	0.00206	0.00086803	
0.0017766	5.2388e-06	0.0020583	0.00086047	
0.0017767	5.4574e-06	0.0020565	0.00085288	
0.0017769	5.6797e-06	0.0020548	0.00084534	
0.0017771	5.9058e-06	0.002053	0.00083784	
0.0017775	6.1381e-06	0.0020514	0.0008304	
0.001778	6.3744e-06	0.0020497	0.00082301	
0.0017784	6.5989e-06	0.002048	0.00081558	
0.0017789	6.8275e-06	0.0020463	0.00080821	
0.0017794	7.0444e-06	0.0020447	0.0008008	
0.0017799	7.2653e-06	0.002043	0.00079345	
0.0017806	7.4925e-06	0.0020414	0.00078614	
0.0017814	7.7261e-06	0.0020398	0.00077889	
0.0017822	7.9642e-06	0.0020382	0.00077167	
0.001783	8.1906e-06	0.0020366	0.00076444	
0.0017839	8.4213e-06	0.002035	0.00075724	
0.0017849	8.6589e-06	0.0020334	0.0007501	
0.0017858	8.8848e-06	0.0020318	0.00074293	
0.0017869	9.1175e-06	0.0020303	0.00073581	
0.0017879	9.3391e-06	0.0020287	0.00072867	
0.001789	9.5677e-06	0.0020272	0.00072158	
0.0017902	9.8034e-06	0.0020256	0.00071454	
0.0017915	1.0044e-05	0.0020241	0.00070754	
0.0017927	1.0273e-05	0.0020226	0.00070051	
0.0017941	1.051e-05	0.0020211	0.00069354	
0.0017954	1.0735e-05	0.0020196	0.00068654	
0.0017968	1.0965e-05	0.0020181	0.00067958	
0.0017981	1.1183e-05	0.0020166	0.0006726	
0.0017996	1.1406e-05	0.0020151	0.00066565	
0.0018009	1.1618e-05	0.0020136	0.00065869	
0.0018023	1.1817e-05	0.002012	0.0006517	
0.0018037	1.2025e-05	0.0020105	0.00064475	
0.0018051	1.222e-05	0.002009	0.00063779	
0.0018066	1.2423e-05	0.0020075	0.00063087	
0.001808	1.2614e-05	0.002006	0.00062393	
0.0018095	1.2812e-05	0.0020044	0.00061703	
0.0018112	1.3017e-05	0.002003	0.00061018	
0.0018128	1.3211e-05	0.0020015	0.00060331	
0.0018145	1.3411e-05	0.002	0.00059647	
0.0018161	1.3598e-05	0.0019985	0.00058962	
0.0018178	1.3792e-05	0.001997	0.0005828	
0.0018195	1.3974e-05	0.0019955	0.00057596	
0.0018213	1.4164e-05	0.001994	0.00056916	
0.0018232	1.4361e-05	0.0019926	0.00056241	
0.001825	1.4545e-05	0.0019911	0.00055563	
0.0018269	1.4738e-05	0.0019897	0.0005489	
0.001829	1.4942e-05	0.0019882	0.00054221	
0.0018312	1.5156e-05	0.0019869	0.00053558	
0.0018335	1.5381e-05	0.0019855	0.00052899	
0.0018359	1.5614e-05	0.0019842	0.00052244	
0.0018382	1.5833e-05	0.0019828	0.00051587	
0.0018407	1.6063e-05	0.0019815	0.00050934	
0.0018431	1.628e-05	0.0019801	0.00050279	
0.0018456	1.6505e-05	0.0019788	0.00049628	
0.0018481	1.6716e-05	0.0019774	0.00048975	
0.0018506	1.6936e-05	0.0019761	0.00048325	
0.0018531	1.7141e-05	0.0019747	0.00047672	
0.0018558	1.7359e-05	0.0019734	0.00047025	
0.0018583	1.756e-05	0.0019718	0.00047096	
0.0018608	1.7746e-05	0.0019702	0.00047165	
0.0018632	1.7916e-05	0.0019686	0.00047233	
0.0018657	1.81e-05	0.001967	0.00047302	
0.0018682	1.8267e-05	0.0019653	0.00047369	
0.0018708	1.8448e-05	0.0019638	0.00047438	
0.0018733	1.8614e-05	0.0019621	0.00047506	
0.0018757	1.8765e-05	0.0019605	0.00047571	
0.0018781	1.8901e-05	0.0019588	0.00047635	
0.0018736	1.9056e-05	0.0019572	0.00047701	
0.001869	1.9197e-05	0.0019555	0.00047765	
0.0018644	1.9321e-05	0.0019538	0.00047827	
0.0018599	1.9459e-05	0.0019521	0.00047891	
0.0018555	1.9607e-05	0.0019505	0.00047956	
0.001851	1.974e-05	0.0019488	0.0004802	
0.0018468	1.9887e-05	0.0019472	0.00048085	
0.0018424	2.002e-05	0.0019456	0.00048149	
0.001838	2.0136e-05	0.0019439	0.00048211	
0.0018334	2.0242e-05	0.0019422	0.00048271	
0.0018291	2.0358e-05	0.0019405	0.00048333	
0.0018246	2.0458e-05	0.0019388	0.00048392	
0.0018202	2.0568e-05	0.0019371	0.00048454	
0.0018158	2.0664e-05	0.0019354	0.00048513	
0.0018113	2.0743e-05	0.0019337	0.00048571	
0.0018067	2.0807e-05	0.0019319	0.00048627	
0.0018023	2.0884e-05	0.0019302	0.00048684	
0.001798	2.0975e-05	0.0019285	0.00048744	
0.0017939	2.1076e-05	0.0019268	0.00048804	
0.0017897	2.1163e-05	0.0019251	0.00048863	
0.0017856	2.1262e-05	0.0019235	0.00048924	
0.0017815	2.1347e-05	0.0019218	0.00048983	
0.0017773	2.1415e-05	0.0019201	0.0004904	
0.0017732	2.1497e-05	0.0019184	0.00049098	
0.001769	2.1561e-05	0.0019167	0.00049158	
0.001765	2.1638e-05	0.0019151	0.0004922	
0.0017611	2.1726e-05	0.0019135	0.00049283	
0.0017572	2.1799e-05	0.0019119	0.00049344	
0.0017531	2.1857e-05	0.0019102	0.00049404	
0.0017492	2.1928e-05	0.0019086	0.00049465	
0.0017454	2.2009e-05	0.001907	0.00049528	
0.0017416	2.2074e-05	0.0019054	0.00049588	
0.0017379	2.215e-05	0.0019038	0.0004965	
0.0017343	2.2239e-05	0.0019022	0.00049714	
0.0017308	2.2339e-05	0.0019007	0.00049779	
0.0017273	2.2424e-05	0.0018991	0.00049842	
0.0017239	2.2522e-05	0.0018976	0.00049907	
0.0017204	2.2605e-05	0.001896	0.0004997	
0.0017171	2.2702e-05	0.0018945	0.00050035	
0.0017139	2.2812e-05	0.001893	0.00050102	
0.0017108	2.2937e-05	0.0018915	0.0005017	
0.0016959	2.3088e-05	0.00189	0.00050239	
0.0016813	2.325e-05	0.0018886	0.0005031	
0.0016666	2.3395e-05	0.0018872	0.00050379	
0.0016516	2.3525e-05	0.0018857	0.00050446	
0.001637	2.3669e-05	0.0018843	0.00050515	
0.0016228	2.3827e-05	0.0018828	0.00050585	
0.0016084	2.397e-05	0.0018814	0.00050654	
0.0015938	2.4097e-05	0.0018799	0.00050721	
0.0015796	2.4238e-05	0.0018785	0.0005079	
0.0015652	2.4365e-05	0.001877	0.00050857	
0.0015512	2.4502e-05	0.0018756	0.00050925	
0.0015369	2.4624e-05	0.0018741	0.00050992	
0.0015225	2.473e-05	0.0018727	0.00051057	
0.0015085	2.4852e-05	0.0018712	0.00051124	
0.0014943	2.4957e-05	0.0018697	0.00051189	
0.0014799	2.5046e-05	0.0018682	0.00051253	
0.001466	2.5152e-05	0.0018667	0.00051315	
0.0014518	2.5242e-05	0.0018651	0.00051375	
0.001438	2.5347e-05	0.0018636	0.00051437	
0.0014245	2.5462e-05	0.0018621	0.000515	
0.0014108	2.5562e-05	0.0018606	0.00051561	
0.001397	2.5647e-05	0.001859	0.00051621	
0.0013835	2.5746e-05	0.0018575	0.00051683	
0.0013703	2.5859e-05	0.001856	0.00051746	
0.0013574	2.5983e-05	0.0018545	0.0005181	
0.0013443	2.6092e-05	0.001853	0.00051873	
0.0013315	2.6216e-05	0.0018516	0.00051937	
0.0013191	2.6354e-05	0.0018501	0.00052003	
0.0013068	2.6504e-05	0.0018487	0.0005207	
0.0012949	2.6668e-05	0.0018473	0.00052138	
0.0012832	2.6844e-05	0.001846	0.00052208	
0.0012717	2.7031e-05	0.0018446	0.00052279	
0.0012601	2.7203e-05	0.0018433	0.00052349	
0.0012487	2.7387e-05	0.0018419	0.0005242	
0.0012376	2.6727e-05	0.0018406	0.00052492	
0.0012265	2.6048e-05	0.0018393	0.00052563	
0.0012151	2.5349e-05	0.0018379	0.00052632	
0.0012037	2.463e-05	0.0018365	0.000527	
0.0011925	2.3936e-05	0.0018352	0.00052769	
0.0011816	2.3261e-05	0.0018338	0.00052839	
0.0011705	2.2566e-05	0.0018325	0.00052908	
0.0011593	2.1853e-05	0.0018311	0.00052975	
0.0011484	2.1164e-05	0.0018297	0.00053044	
0.0011373	2.0456e-05	0.0018283	0.00053111	
0.0011262	1.973e-05	0.0018269	0.00053177	
0.0011149	1.8986e-05	0.0018255	0.00053241	
0.0011039	1.8266e-05	0.0018241	0.00053307	
0.0010932	1.7569e-05	0.0018227	0.00053374	
0.0010826	1.6889e-05	0.0018214	0.00053442	
0.001072	1.619e-05	0.00182	0.00053509	
0.0010612	1.5473e-05	0.0018186	0.00053574	
0.0010503	1.4738e-05	0.0018172	0.00053638	
0.0010393	1.3985e-05	0.0018158	0.00053701	
0.0010286	1.3255e-05	0.0018144	0.00053764	
0.0010177	1.2506e-05	0.0018129	0.00053827	
0.0010066	1.2721e-05	0.0018115	0.00053887	
0.00099533	1.2922e-05	0.00181	0.00053947	
0.00098396	1.3111e-05	0.0018085	0.00054004	
0.00097285	1.3309e-05	0.001807	0.00054064	
0.00096195	1.3515e-05	0.0018056	0.00054124	
0.00095124	1.3727e-05	0.0018041	0.00054186	
0.00094074	1.3947e-05	0.0018027	0.00054249	
0.00093012	1.4153e-05	0.0018013	0.0005431	
0.00091975	1.437e-05	0.0017999	0.00054373	
0.0009096	1.4597e-05	0.0017985	0.00054437	
0.00089968	1.4834e-05	0.0017971	0.00054503	
0.00088998	1.5083e-05	0.0017958	0.00054571	
0.00088002	1.7654e-05	0.0017944	0.00054637	
0.00086996	2.0182e-05	0.0017931	0.00054701	
0.00086012	2.2791e-05	0.0017917	0.00054767	
0.00085018	2.5357e-05	0.0017903	0.00054831	
0.00084041	2.7989e-05	0.001789	0.00054897	
0.00083086	3.0703e-05	0.0017877	0.00054964	
0.00082147	3.3485e-05	0.0017863	0.00055032	
0.00081224	3.6337e-05	0.0017851	0.00055101	
0.00080317	3.926e-05	0.0017838	0.00055171	
0.00079425	4.2256e-05	0.0017825	0.00055243	
0.00078552	4.5344e-05	0.0017813	0.00055315	
0.00077696	4.8525e-05	0.0017801	0.00055389	
0.00076855	5.1786e-05	0.0017789	0.00055465	
0.00076006	5.5e-05	0.0017777	0.00055538	
0.00075151	5.817e-05	0.0017765	0.00055611	
0.00074288	6.13e-05	0.0017752	0.00055682	
0.00073419	6.4391e-05	0.0017739	0.00055751	
0.00072564	6.7557e-05	0.0017727	0.00055822	
0.00071723	7.0799e-05	0.0017715	0.00055894	
0.00070896	7.4119e-05	0.0017702	0.00055967	
0.00070062	7.7395e-05	0.001769	0.00056038	
0.00069241	8.0749e-05	0.0017678	0.0005611	
0.00068413	8.406e-05	0.0017665	0.00056181	
0.00067602	8.7468e-05	0.0017653	0.00056254	
0.00066806	9.0977e-05	0.0017641	0.00056327	
0.00066026	9.4588e-05	0.001763	0.00056402	
0.00065239	9.8154e-05	0.0017618	0.00056476	
0.00064468	0.00010182	0.0017606	0.00056551	
0.0006369	0.00010545	0.0017594	0.00056624	
0.00062925	0.00010916	0.0017582	0.00056699	
0.00062153	0.00011282	0.001757	0.00056772	
0.00061376	0.00011644	0.0017558	0.00056844	
0.00060593	0.00012002	0.0017546	0.00056915	
0.00059822	0.00012368	0.0017534	0.00056986	
0.00059044	0.0001273	0.0017521	0.00057057	
0.00058282	0.00013102	0.0017509	0.00057128	
0.00057532	0.00013483	0.0017497	0.00057201	
0.00056776	0.0001386	0.0017485	0.00057272	
0.00056013	0.00014231	0.0017473	0.00057342	
0.00055265	0.00014614	0.001746	0.00057413	
0.00054532	0.00015008	0.0017449	0.00057486	
0.00053813	0.00015414	0.0017437	0.0005756	
0.00053106	0.0001583	0.0017425	0.00057635	
0.00052412	0.00016259	0.0017414	0.00057711	
0.00051713	0.00016683	0.0017402	0.00057786	
0.00051026	0.00017117	0.0017391	0.00057863	
0.00050351	0.00017565	0.001738	0.00057941	
0.0004969	0.00018026	0.0017369	0.0005802	
0.00049024	0.00018481	0.0017358	0.00058098	
0.0004837	0.0001895	0.0017347	0.00058177	
0.00047711	0.00019414	0.0017336	0.00058255	
0.00047065	0.00019891	0.0017325	0.00058335	
0.0004643	0.00020381	0.0017314	0.00058415	
0.00045806	0.00020885	0.0017304	0.00058497	
0.00045192	0.00021401	0.0017294	0.0005858	
0.00044587	0.00021929	0.0017283	0.00058663	
0.00043994	0.00022473	0.0017273	0.00058749	
0.00043397	0.00023012	0.0017263	0.00058832	
0.00042795	0.00023544	0.0017253	0.00058915	
0.00042188	0.00024071	0.0017242	0.00058996	
0.00041577	0.00024592	0.0017232	0.00059076	
0.00040977	0.00025128	0.0017221	0.00059158	
0.00040388	0.0002568	0.0017211	0.00059241	
0.00039795	0.00026225	0.00172	0.00059322	
0.00039197	0.00026765	0.001719	0.00059402	
0.00038595	0.000273	0.0017179	0.00059481	
0.00037988	0.00027828	0.0017168	0.00059559	
0.00037391	0.00028369	0.0017157	0.00059637	
0.00036788	0.00028904	0.0017146	0.00059715	
0.00036181	0.00029433	0.0017135	0.00059791	
0.00035585	0.00029977	0.0017124	0.00059868	
0.00035	0.00030537	0.0017113	0.00059947	
0.00034424	0.00031111	0.0017102	0.00060026	
0.00033843	0.00031678	0.0017091	0.00060105	
0.00033271	0.00032259	0.0017081	0.00060184	
0.00032708	0.00032853	0.001707	0.00060265	
0.0003214	0.00033441	0.0017059	0.00060344	
0.00031568	0.00034023	0.0017048	0.00060422	
0.00031005	0.00034619	0.0017038	0.00060501	
0.00030437	0.00035208	0.0017027	0.00060578	
0.00029877	0.00035812	0.0017016	0.00060657	
0.00029329	0.00036434	0.0017005	0.00060737	
0.00028776	0.00037049	0.0016995	0.00060815	
0.00028231	0.00037679	0.0016984	0.00060895	
0.00027696	0.00038325	0.0016974	0.00060976	
0.00027171	0.00038991	0.0016963	0.00061059	
0.00026656	0.00039677	0.0016953	0.00061143	
0.0002615	0.00040381	0.0016944	0.00061228	
0.00025652	0.00041103	0.0016934	0.00061314	
0.00025164	0.00041848	0.0016924	0.00061402	
0.00024684	0.00042611	0.0016915	0.00061491	
0.000242	0.00043365	0.0016906	0.00061579	
0.00023725	0.00044143	0.0016896	0.00061668	
0.0002326	0.00044279	0.0016887	0.00061758	
0.00022804	0.00044422	0.0016879	0.00061851	
0.00022344	0.00044561	0.001687	0.00061941	
0.00021894	0.00044709	0.0016861	0.00062034	
0.00021453	0.00044866	0.0016852	0.00062128	
0.00021007	0.00045018	0.0016844	0.0006222	
0.0002057	0.00045178	0.0016835	0.00062315	
0.00020129	0.00045335	0.0016826	0.00062407	
0.00019683	0.00045487	0.0016817	0.00062498	
0.00019246	0.00045648	0.0016809	0.00062591	
0.00018805	0.00045804	0.00168	0.00062683	
0.00018373	0.00045969	0.0016791	0.00062776	
0.00017936	0.0004613	0.0016782	0.00062867	
0.00017509	0.00046301	0.0016773	0.0006296	
0.00017091	0.0004648	0.0016765	0.00063055	
0.00016668	0.00046655	0.0016756	0.00063149	
0.00016254	0.0004684	0.0016748	0.00063244	
0.00015835	0.00047019	0.0016739	0.00063338	
0.00015423	0.00047206	0.0016731	0.00063432	
0.00015019	0.00047402	0.0016723	0.00063529	
0.00014622	0.00047606	0.0016715	0.00063627	
0.0001422	0.00047805	0.0016706	0.00063723	
0.00013827	0.00048015	0.0016698	0.00063821	
0.0001343	0.00048219	0.001669	0.00063917	
0.00013042	0.00048435	0.0016682	0.00064016	
0.00012662	0.00048662	0.0016675	0.00064116	
0.00012278	0.00048886	0.0016667	0.00064215	
0.000119	0.00049119	0.0016659	0.00064315	
0.00011518	0.00049346	0.0016651	0.00064414	
0.00011144	0.00049585	0.0016643	0.00064514	
0.00010766	0.00049818	0.0016635	0.00064613	
0.00010394	0.0005006	0.0016628	0.00064713	
0.00010018	0.00050297	0.001662	0.00064812	
9.6366e-05	0.00050527	0.0016611	0.00064908	
9.2627e-05	0.00050767	0.0016603	0.00065007	
8.8975e-05	0.00051021	0.0016596	0.00065107	
8.5276e-05	0.00051268	0.0016588	0.00065206	
8.1529e-05	0.00051508	0.001658	0.00065303	
7.787e-05	0.00051761	0.0016572	0.00065402	
7.4295e-05	0.00051687	0.0016564	0.00065503	
7.0668e-05	0.00051607	0.0016556	0.00065602	
6.7126e-05	0.00051537	0.0016548	0.00065703	
6.3651e-05	0.00051475	0.0016541	0.00065806	
6.013e-05	0.00051407	0.0016533	0.00065907	
5.9853e-05	0.00051317	0.0016525	0.00066006	
5.9596e-05	0.00051236	0.0016518	0.00066107	
5.9753e-05	0.00050875	0.001651	0.00066206	
5.9923e-05	0.00050528	0.0016502	0.00066307	
6.0109e-05	0.00050196	0.0016495	0.0006641	
6.0321e-05	0.00049883	0.0016487	0.00066511	
6.051e-05	0.00049562	0.0016479	0.00066614	
6.0679e-05	0.00049231	0.0016472	0.00066715	
6.0827e-05	0.00048893	0.0016464	0.00066814	
6.0989e-05	0.00048567	0.0016456	0.00066915	
6.113e-05	0.00048232	0.0016448	0.00067014	
6.1284e-05	0.0004791	0.001644	0.00067115	
6.145e-05	0.00047601	0.0016432	0.00067217	
6.1598e-05	0.00047284	0.0016425	0.00067318	
6.1763e-05	0.00046981	0.0016417	0.0006742	
6.1944e-05	0.00046693	0.001641	0.00067525	
6.2143e-05	0.00046419	0.0016403	0.00067633	
6.2321e-05	0.00046137	0.0016396	0.00067738	
6.2517e-05	0.00045869	0.0016389	0.00067845	
6.2693e-05	0.00045593	0.0016381	0.00067951	
6.2848e-05	0.0004531	0.0016374	0.00068054	
6.3017e-05	0.00045038	0.0016367	0.0006816	
6.3198e-05	0.00044777	0.001636	0.00068267	
6.3361e-05	0.00044509	0.0016352	0.00068372	
6.3536e-05	0.00044252	0.0016345	0.00068479	
6.3692e-05	0.00043988	0.0016338	0.00068584	
6.3866e-05	0.00043737	0.0016331	0.00068691	
6.4071e-05	0.000428	0.0016324	0.00068801	
6.4295e-05	0.00041897	0.0016318	0.00068913	
6.4536e-05	0.0004103	0.0016311	0.00069027	
6.4757e-05	0.00040146	0.0016305	0.00069139	
6.4997e-05	0.00039297	0.0016299	0.00069254	
6.5255e-05	0.0003848	0.0016293	0.0006937	
6.5531e-05	0.00037694	0.0016287	0.00069489	
6.5825e-05	0.00036938	0.0016282	0.00069611	
6.61e-05	0.00036168	0.0016276	0.0006973	
6.6393e-05	0.00035428	0.0016271	0.00069852	
6.6705e-05	0.00034717	0.0016266	0.00069976	
6.6996e-05	0.00033991	0.0016261	0.00070098	
6.7306e-05	0.00033293	0.0016256	0.00070223	
6.7635e-05	0.00032623	0.0016251	0.0007035	
6.7934e-05	0.00031933	0.0016247	0.00070478	
6.8253e-05	0.0003127	0.0016242	0.00070609	
6.8585e-05	0.00030629	0.0016239	0.00070742	
6.8933e-05	0.00030008	0.0016235	0.00070877	
6.9295e-05	0.00029407	0.0016231	0.00071014	
6.9673e-05	0.00028825	0.0016228	0.00071152	
7.0029e-05	0.00028232	0.0016224	0.00071289	
7.0405e-05	0.00027661	0.0016221	0.00071428	
7.076e-05	0.00027079	0.0016217	0.00071565	
7.1088e-05	0.00026481	0.0016214	0.00071704	
7.0669e-05	0.00026198	0.0016211	0.00071845	
7.0266e-05	0.00025926	0.0016208	0.00071988	
6.9841e-05	0.00025646	0.0016205	0.00072129	
6.9394e-05	0.0002536	0.0016202	0.00072268	
6.8968e-05	0.00025086	0.0016199	0.0007241	
6.8562e-05	0.00024823	0.0016196	0.00072554	
6.817e-05	0.0002457	0.0016193	0.000727	
6.7757e-05	0.00024311	0.001619	0.00072844	
6.7324e-05	0.00024045	0.0016187	0.00072986	
6.6905e-05	0.00023789	0.0016184	0.00073129	
6.65e-05	0.00023541	0.0016182	0.00073275	
6.611e-05	0.00023303	0.0016179	0.00073422	
6.5733e-05	0.00023072	0.0016177	0.00073572	
6.5336e-05	0.00022836	0.0016175	0.00073719	
6.4957e-05	0.0002261	0.0016172	0.00073869	
6.4596e-05	0.00022394	0.001617	0.00074021	
6.4253e-05	0.00022187	0.0016169	0.00074175	
6.3924e-05	0.00021988	0.0016167	0.00074332	
6.3607e-05	0.00021797	0.0016166	0.0007449	
6.327e-05	0.000216	0.0016164	0.00074646	
6.2951e-05	0.00021412	0.0016163	0.00074805	
6.2649e-05	0.00021233	0.0016162	0.00074966	
6.2365e-05	0.00021062	0.0016161	0.0007513	
6.2062e-05	0.00020886	0.001616	0.00075291	
6.174e-05	0.00020707	0.0016159	0.00075451	
6.1431e-05	0.00020534	0.0016158	0.00075613	
6.1139e-05	0.00020369	0.0016157	0.00075778	
6.0828e-05	0.000202	0.0016156	0.0007594	
6.0535e-05	0.00020039	0.0016155	0.00076105	
6.0222e-05	0.00019873	0.0016154	0.00076268	
5.9926e-05	0.00019716	0.0016154	0.00076433	
5.9647e-05	0.00019566	0.0016153	0.00076601	
5.9334e-05	0.00019409	0.0016153	0.00076772	
5.9039e-05	0.00019259	0.0016153	0.00076945	
5.8761e-05	0.00019117	0.0016154	0.00077121	
5.85e-05	0.00018983	0.0016154	0.000773	
5.8258e-05	0.00018857	0.0016155	0.00077477	
5.8033e-05	0.00018737	0.0016155	0.00077656	
5.7825e-05	0.00018625	0.0016156	0.00077838	
5.7634e-05	0.00018519	0.0016158	0.00078023	
5.7459e-05	0.0001842	0.0016159	0.0007821	
5.7264e-05	0.00018317	0.0016161	0.00078395	
5.7047e-05	0.00018209	0.0016162	0.00078583	
5.6847e-05	0.00018108	0.0016164	0.00078774	
5.6628e-05	0.00018003	0.0016166	0.00078962	
5.6389e-05	0.00017894	0.0016167	0.00079149	
5.6163e-05	0.00017791	0.0016169	0.00079338	
5.5948e-05	0.00017692	0.001617	0.00079529	
5.5746e-05	0.00017599	0.0016172	0.00079722	
5.5524e-05	0.00017502	0.0016174	0.00079912	
5.5317e-05	0.00017411	0.0016176	0.00080106	
5.5127e-05	0.00017326	0.0016178	0.00080302	
5.4948e-05	0.00017246	0.0016181	0.00080501	
5.4781e-05	0.0001717	0.0016184	0.00080702	
5.4625e-05	0.00017099	0.0016187	0.00080905	
5.448e-05	0.00017033	0.001619	0.0008111	
5.4347e-05	0.00016971	0.0016193	0.00081317	
5.4196e-05	0.00016906	0.0016196	0.00081522	
5.4056e-05	0.00016845	0.00162	0.0008173	
5.3931e-05	0.0001679	0.0016203	0.00081941	
5.3788e-05	0.00016732	0.0016207	0.00082149	
5.3657e-05	0.00016678	0.001621	0.00082359	
5.3506e-05	0.0001662	0.0016214	0.00082568	
5.3335e-05	0.00016559	0.0016217	0.00082774	
5.3183e-05	0.00016503	0.0016219	0.00082978	
5.3041e-05	0.00016452	0.0016222	0.00083184	
5.2915e-05	0.00016407	0.0016226	0.00083394	
5.2771e-05	0.00016358	0.0016229	0.00083601	
5.2642e-05	0.00016314	0.0016232	0.00083811	
5.2528e-05	0.00016276	0.0016236	0.00084024	
5.243e-05	0.00016243	0.001624	0.0008424	
5.2342e-05	0.00016213	0.0016244	0.00084458	
5.2269e-05	0.00016189	0.0016248	0.00084679	
5.2207e-05	0.00016169	0.0016253	0.00084903	
5.2156e-05	0.00016153	0.0016258	0.00085129	
5.2087e-05	0.00016134	0.0016262	0.00085353	
5.2029e-05	0.00016119	0.0016267	0.00085579	
5.1951e-05	0.00016101	0.0016271	0.00085803	
5.1856e-05	0.00016079	0.0016276	0.00086025	
5.1746e-05	0.00016054	0.001628	0.00086245	
5.1617e-05	0.00016025	0.0016283	0.00086462	
5.1455e-05	0.00015992	0.0016288	0.00086683	
5.1309e-05	0.00015963	0.0016292	0.00086906	
5.1144e-05	0.00015931	0.0016296	0.00087128	
5.0993e-05	0.00015904	0.0016301	0.00086875	
5.0858e-05	0.00015882	0.0016307	0.00086626	
5.0738e-05	0.00015864	0.0016313	0.0008638	
5.0598e-05	0.00015844	0.0016319	0.00086132	
5.0469e-05	0.00015828	0.0016325	0.00085886	
5.0351e-05	0.00015815	0.0016331	0.00085642	
5.0244e-05	0.00015807	0.0016337	0.00085401	
5.0146e-05	0.00015802	0.0016344	0.00085163	
5.0032e-05	0.00015794	0.001635	0.00084922	
4.9931e-05	0.00015791	0.0016357	0.00084684	
4.9841e-05	0.00015792	0.0016364	0.00084449	
4.9761e-05	0.00015797	0.0016371	0.00084216	
4.9664e-05	0.00015799	0.0016378	0.00083981	
4.9576e-05	0.00015805	0.0016385	0.00083748	
4.9504e-05	0.00015816	0.0016392	0.00083519	
4.9441e-05	0.0001583	0.00164	0.00083291	
4.9394e-05	0.00015849	0.0016407	0.00083062	
4.9329e-05	0.00015866	0.0016414	0.0008283	
4.9274e-05	0.00015886	0.0016421	0.00082601	
4.9201e-05	0.00015903	0.0016428	0.00082369	
4.9144e-05	0.00015925	0.0016435	0.00082136	
4.91e-05	0.00015952	0.0016442	0.00081905	
4.907e-05	0.00015783	0.0016449	0.00081677	
4.905e-05	0.0001562	0.0016457	0.00081451	
4.9042e-05	0.00015465	0.0016464	0.00081228	
4.9043e-05	0.00015314	0.0016472	0.00081006	
4.9027e-05	0.0001516	0.001648	0.00080783	
4.9023e-05	0.00015013	0.0016488	0.00080562	
4.9003e-05	0.00014862	0.0016496	0.0008034	
4.8968e-05	0.00014708	0.0016503	0.00080116	
4.8944e-05	0.0001456	0.0016511	0.00079894	
4.8931e-05	0.00014418	0.0016519	0.00079675	
4.8902e-05	0.00014272	0.0016526	0.00079454	
4.8883e-05	0.00014133	0.0016534	0.00079235	
4.8874e-05	0.00013999	0.0016543	0.00079019	
4.8876e-05	0.0001387	0.0016551	0.00078805	
4.8862e-05	0.00013738	0.0016559	0.00078589	
4.8833e-05	0.00013603	0.0016567	0.00078371	
4.8814e-05	0.00013473	0.0016575	0.00078156	
4.8804e-05	0.00013349	0.0016584	0.00077943	
4.8781e-05	0.00013221	0.0016592	0.00077728	
4.8743e-05	0.00013092	0.00166	0.00077512	
4.8715e-05	0.00012967	0.0016608	0.00077298	
4.8695e-05	0.00012846	0.0016617	0.00077086	
4.8683e-05	0.0001273	0.0016626	0.00076876	
4.8659e-05	0.00012612	0.0016634	0.00076665	
4.8621e-05	0.00012492	0.0016642	0.00076452	
4.8588e-05	0.00012375	0.0016651	0.00076241	
4.8561e-05	0.00012261	0.0016659	0.00076031	
4.8539e-05	0.00012151	0.0016668	0.00075822	
4.8504e-05	0.00012039	0.0016677	0.00075613	
4.8474e-05	0.0001193	0.0016686	0.00075404	
4.843e-05	0.00011818	0.0016694	0.00075195	
4.8374e-05	0.00011705	0.0016702	0.00074984	
4.8323e-05	0.00011595	0.0016711	0.00074775	
4.8277e-05	0.00011488	0.001672	0.00074567	
4.8217e-05	0.00011379	0.0016728	0.00074357	
4.8163e-05	0.00011272	0.0016737	0.00074149	
4.8115e-05	0.0001117	0.0016745	0.00073943	
4.8074e-05	0.00011071	0.0016754	0.00073738	
4.8041e-05	0.00010975	0.0016764	0.00073535	
4.8015e-05	0.00010883	0.0016773	0.00073334	
4.7975e-05	0.00010789	0.0016782	0.00073132	
4.7924e-05	0.00010693	0.0016791	0.00072928	
4.7879e-05	0.000106	0.00168	0.00072726	
4.784e-05	0.00010511	0.0016809	0.00072525	
4.7809e-05	0.00010425	0.0016819	0.00072326	
4.7784e-05	0.00010342	0.0016829	0.00072129	
4.7747e-05	0.00010257	0.0016838	0.00071931	
4.7714e-05	0.00010174	0.0016848	0.00071733	
4.7687e-05	0.00010095	0.0016857	0.00071538	
4.7649e-05	0.00010014	0.0016867	0.00071341	
4.7617e-05	9.9359e-05	0.0016877	0.00071146	
4.7591e-05	9.8607e-05	0.0016887	0.00070952	
4.7554e-05	9.7839e-05	0.0016897	0.00070757	
4.7521e-05	9.7094e-05	0.0016907	0.00070564	
4.7494e-05	9.6377e-05	0.0016917	0.00070371	
4.7454e-05	9.5643e-05	0.0016927	0.00070178	
4.7403e-05	9.4893e-05	0.0016937	0.00069984	
4.7358e-05	9.4171e-05	0.0016947	0.00069791	
4.7319e-05	9.3476e-05	0.0016957	0.00069599	
4.7268e-05	9.2765e-05	0.0016967	0.00069407	
4.7223e-05	9.2081e-05	0.0016977	0.00069216	
4.7182e-05	9.1417e-05	0.0016987	0.00069026	
4.7144e-05	9.0773e-05	0.0016997	0.00068837	
4.7111e-05	9.0149e-05	0.0017008	0.00068649	
4.7065e-05	8.9511e-05	0.0017018	0.0006846	
4.7026e-05	8.8898e-05	0.0017029	0.00068273	
4.6993e-05	8.831e-05	0.001704	0.00068087	
4.6966e-05	8.7746e-05	0.001705	0.00067902	
4.6943e-05	8.72e-05	0.0017061	0.00067719	
4.6908e-05	8.664e-05	0.0017072	0.00067535	
4.6861e-05	8.6066e-05	0.0017083	0.00067349	
4.6802e-05	8.5476e-05	0.0017093	0.00067162	
4.6746e-05	8.4906e-05	0.0017104	0.00066977	
4.6697e-05	8.4359e-05	0.0017115	0.00066792	
4.6636e-05	8.3797e-05	0.0017126	0.00066607	
4.6578e-05	8.3254e-05	0.0017136	0.00066423	
4.6508e-05	8.2696e-05	0.0017147	0.00066237	
4.6427e-05	8.2124e-05	0.0017157	0.00066051	
4.6349e-05	8.157e-05	0.0017168	0.00065865	
4.6259e-05	8.1002e-05	0.0017179	0.00065679	
4.6176e-05	8.0456e-05	0.0017189	0.00065494	
4.6095e-05	7.9928e-05	0.00172	0.00065309	
4.6003e-05	7.9386e-05	0.001721	0.00065124	
4.5914e-05	7.8861e-05	0.0017221	0.0006494	
4.5829e-05	7.8353e-05	0.0017232	0.00064757	
4.5732e-05	7.7832e-05	0.0017243	0.00064573	
4.5623e-05	7.7296e-05	0.0017253	0.00064387	
4.5518e-05	7.6778e-05	0.0017264	0.00064203	
4.5401e-05	7.6246e-05	0.0017274	0.00064018	
4.5288e-05	7.5731e-05	0.0017285	0.00063833	
4.518e-05	7.5237e-05	0.0017296	0.0006365	
4.5078e-05	7.4765e-05	0.0017307	0.00063469	
4.4965e-05	7.428e-05	0.0017318	0.00063286	
4.4858e-05	7.3815e-05	0.0017329	0.00063105	
4.4738e-05	7.3337e-05	0.0017339	0.00062922	
4.4625e-05	7.2879e-05	0.001735	0.00062741	
4.4514e-05	7.2437e-05	0.0017361	0.00062561	
4.4392e-05	7.1982e-05	0.0017372	0.0006238	
4.4258e-05	7.1513e-05	0.0017383	0.00062198	
4.4128e-05	7.106e-05	0.0017394	0.00062017	
4.4001e-05	7.0623e-05	0.0017405	0.00061836	
4.3878e-05	7.0201e-05	0.0017416	0.00061657	
4.3742e-05	6.9766e-05	0.0017427	0.00061477	
4.3596e-05	6.9318e-05	0.0017438	0.00061296	
4.3452e-05	6.8886e-05	0.0017449	0.00061115	
4.3312e-05	6.8468e-05	0.0017461	0.00060936	
4.316e-05	6.8037e-05	0.0017472	0.00060755	
4.3014e-05	6.7626e-05	0.0017483	0.00060576	
4.2871e-05	6.7229e-05	0.0017494	0.00060398	
4.2716e-05	6.6819e-05	0.0017505	0.00060219	
4.2566e-05	6.6428e-05	0.0017516	0.00060041	
4.242e-05	6.6052e-05	0.0017528	0.00059864	
4.2277e-05	6.569e-05	0.0017539	0.00059688	
4.2138e-05	6.5342e-05	0.0017551	0.00059513	
4.2003e-05	6.5013e-05	0.0017563	0.00059339	
4.1874e-05	6.4701e-05	0.0017575	0.00059166	
4.1751e-05	6.4408e-05	0.0017587	0.00058995	
4.1631e-05	6.4128e-05	0.0017599	0.00058825	
4.1514e-05	6.3862e-05	0.0017612	0.00058656	
4.14e-05	6.3609e-05	0.0017624	0.00058487	
4.1289e-05	6.3369e-05	0.0017637	0.0005832	
4.1166e-05	6.3117e-05	0.001765	0.00058151	
4.1047e-05	6.2879e-05	0.0017662	0.00057984	
4.0916e-05	6.2627e-05	0.0017675	0.00057815	
4.0773e-05	6.2362e-05	0.0017687	0.00057646	
4.0618e-05	6.2086e-05	0.0017699	0.00057475	
4.0469e-05	6.1826e-05	0.0017712	0.00057305	
4.0308e-05	6.1554e-05	0.0017724	0.00057135	
4.015e-05	6.1294e-05	0.0017736	0.00056965	
3.9995e-05	6.1048e-05	0.0017749	0.00056796	
3.9828e-05	6.0789e-05	0.0017761	0.00056626	
3.9667e-05	6.0547e-05	0.0017774	0.00056458	
3.9511e-05	6.0322e-05	0.0017786	0.0005629	
3.9358e-05	6.011e-05	0.0017799	0.00056124	
3.9211e-05	5.9915e-05	0.0017812	0.00055959	
3.9066e-05	5.9733e-05	0.0017825	0.00055794	
3.891e-05	5.9538e-05	0.0017838	0.00055629	
3.8758e-05	5.9359e-05	0.0017852	0.00055465	
3.8596e-05	5.9168e-05	0.0017865	0.000553	
3.8438e-05	5.8994e-05	0.0017878	0.00055136	
3.8286e-05	5.8836e-05	0.0017891	0.00054973	
3.814e-05	5.8696e-05	0.0017905	0.00054812	
3.7981e-05	5.8542e-05	0.0017918	0.00054649	
3.781e-05	5.8374e-05	0.0017931	0.00054485	
3.7626e-05	5.8193e-05	0.0017945	0.0005432	
3.743e-05	5.7998e-05	0.0017957	0.00054154	
3.724e-05	5.7821e-05	0.001797	0.00053989	
3.7056e-05	5.766e-05	0.0017984	0.00053826	
3.6875e-05	5.7513e-05	0.0017997	0.00053663	
3.6699e-05	5.7383e-05	0.0018011	0.00053502	
3.6527e-05	5.7265e-05	0.0018025	0.00053342	
3.6358e-05	5.7161e-05	0.0018039	0.00053182	
3.6192e-05	5.707e-05	0.0018053	0.00053024	
3.603e-05	5.6992e-05	0.0018067	0.00052866	
3.5873e-05	5.6931e-05	0.0018081	0.0005271	
3.5704e-05	5.6856e-05	0.0018095	0.00052553	
3.554e-05	5.6798e-05	0.001811	0.00052397	
3.538e-05	5.6754e-05	0.0018124	0.00052242	
3.5223e-05	5.6723e-05	0.0018139	0.00052088	
3.507e-05	5.6706e-05	0.0018154	0.00051935	
3.4904e-05	5.6675e-05	0.0018169	0.00051781	
3.4742e-05	5.6658e-05	0.0018184	0.00051627	
3.4587e-05	5.6659e-05	0.0018199	0.00051476	
3.4418e-05	5.6645e-05	0.0018214	0.00051322	
3.4255e-05	5.6649e-05	0.0018229	0.00051171	
3.4098e-05	5.6673e-05	0.0018244	0.0005102	
3.3948e-05	5.6715e-05	0.001826	0.00050871	
3.3805e-05	5.6777e-05	0.0018276	0.00050724	
3.3666e-05	5.6854e-05	0.0018292	0.00050577	
3.3531e-05	5.6947e-05	0.0018308	0.00050432	
3.3402e-05	5.706e-05	0.0018324	0.00050288	
3.3255e-05	5.715e-05	0.0018341	0.00050145	
3.3093e-05	5.7224e-05	0.0018358	0.00050001	
3.2917e-05	5.728e-05	0.0018374	0.00049856	
3.2749e-05	5.7358e-05	0.001839	0.00049711	
3.2587e-05	5.7456e-05	0.0018407	0.00049569	
3.2412e-05	5.7538e-05	0.0018423	0.00049425	
3.2241e-05	5.7636e-05	0.001844	0.00049282	
3.2057e-05	5.7718e-05	0.0018457	0.00049138	
3.1879e-05	5.7821e-05	0.0018473	0.00048995	
3.1688e-05	5.7908e-05	0.001849	0.00048851	
3.1502e-05	5.8012e-05	0.0018507	0.00048708	
3.1322e-05	5.8137e-05	0.0018524	0.00048566	
3.115e-05	5.8282e-05	0.001854	0.00048423	
3.0964e-05	5.841e-05	0.0018557	0.00048278	
3.0765e-05	5.8522e-05	0.0018573	0.00048132	
3.0569e-05	5.865e-05	0.001859	0.00047988	
3.036e-05	5.876e-05	0.0018606	0.00047841	
3.0154e-05	5.8887e-05	0.0018623	0.00047696	
2.9936e-05	5.8998e-05	0.0018639	0.0004755	
2.9721e-05	5.9126e-05	0.0018656	0.00047404	
2.9493e-05	5.9237e-05	0.0018672	0.00047257	
2.9269e-05	5.9365e-05	0.0018689	0.00047112	
2.9031e-05	5.9476e-05	0.0018705	0.00046965	
2.878e-05	5.957e-05	0.0018721	0.00046816	
2.8514e-05	5.9647e-05	0.0018737	0.00046666	
2.8255e-05	5.9745e-05	0.0018753	0.00046517	
2.7983e-05	5.9827e-05	0.0018769	0.00046368	
2.7715e-05	5.9925e-05	0.0018785	0.00046219	
2.7433e-05	6.0007e-05	0.0018801	0.00046068	
2.7155e-05	6.0104e-05	0.0018817	0.00045919	
2.6863e-05	6.0185e-05	0.0018833	0.00045769	
2.6557e-05	6.0249e-05	0.0018849	0.00045617	
2.6238e-05	6.0296e-05	0.0018864	0.00045463	
2.5925e-05	6.0364e-05	0.001888	0.00045311	
2.5598e-05	6.0415e-05	0.0018896	0.00045158	
2.5257e-05	6.0449e-05	0.0018911	0.00045003	
2.4923e-05	6.0504e-05	0.0018926	0.00044849	
2.4595e-05	6.0581e-05	0.0018942	0.00044697	
2.4273e-05	6.0679e-05	0.0018958	0.00044547	
2.3958e-05	6.0798e-05	0.0018975	0.00044397	
2.3645e-05	6.0934e-05	0.0018991	0.00044249	
2.3339e-05	6.1092e-05	0.0019008	0.00044102	
2.3036e-05	6.1267e-05	0.0019025	0.00043956	
2.272e-05	6.1425e-05	0.0019042	0.00043809	
2.2409e-05	6.1605e-05	0.0019059	0.00043663	
2.2104e-05	6.1808e-05	0.0019076	0.00043519	
2.1786e-05	6.1994e-05	0.0019093	0.00043373	
2.1472e-05	6.2198e-05	0.001911	0.00043229	
2.1144e-05	6.2385e-05	0.0019128	0.00043082	
2.0826e-05	6.26e-05	0.0019144	0.00042935	
2.0511e-05	6.2835e-05	0.0019161	0.00042788	
2.0202e-05	6.3093e-05	0.0019179	0.00042643	
1.9896e-05	6.3371e-05	0.0019196	0.00042499	
1.9596e-05	6.3674e-05	0.0019214	0.00042356	
1.9298e-05	6.3997e-05	0.0019232	0.00042214	
1.8987e-05	6.43e-05	0.001925	0.00042071	
1.8679e-05	6.4623e-05	0.0019268	0.00041929	
1.8357e-05	6.4926e-05	0.0019285	0.00041785	
1.8038e-05	6.525e-05	0.0019303	0.00041643	
1.7722e-05	6.5594e-05	0.0019321	0.00041501	
1.7393e-05	6.5917e-05	0.0019339	0.00041359	
1.7049e-05	6.6221e-05	0.0019357	0.00041214	
1.6711e-05	6.6551e-05	0.0019375	0.00041071	
1.6375e-05	6.6902e-05	0.0019393	0.00040929	
1.6045e-05	6.7281e-05	0.0019412	0.00040789	
1.5719e-05	6.7687e-05	0.0019431	0.00040649	
1.5396e-05	6.8115e-05	0.001945	0.00040511	
1.5076e-05	6.8566e-05	0.0019469	0.00040375	
1.476e-05	6.9046e-05	0.0019488	0.00040239	
1.4447e-05	6.9551e-05	0.0019508	0.00040105	
1.412e-05	7.0033e-05	0.0019528	0.00039969	
1.378e-05	7.0494e-05	0.0019547	0.00039831	
1.3426e-05	7.0934e-05	0.0019566	0.00039692	
1.3077e-05	7.1405e-05	0.0019585	0.00039555	
1.2731e-05	7.1901e-05	0.0019605	0.00039419	
1.2371e-05	7.2374e-05	0.0019624	0.00039281	
1.2016e-05	7.2879e-05	0.0019644	0.00039144	
1.1666e-05	7.3418e-05	0.0019664	0.00039009	
1.1321e-05	7.3993e-05	0.0019684	0.00038876	
1.0979e-05	7.4596e-05	0.0019704	0.00038743	
1.0638e-05	7.5228e-05	0.0019725	0.00038612	
1.0303e-05	7.5897e-05	0.0019746	0.00038482	
9.9716e-06	7.6605e-05	0.0019768	0.00038354	
9.6446e-06	7.7352e-05	0.0019789	0.00038227	
9.3216e-06	7.8141e-05	0.0019811	0.00038102	
8.9846e-06	7.8901e-05	0.0019833	0.00037975	
8.6336e-06	7.9632e-05	0.0019854	0.00037846	
8.2692e-06	8.0337e-05	0.0019876	0.00037716	
7.909e-06	8.1083e-05	0.0019897	0.00037588	
7.5508e-06	8.1863e-05	0.0019919	0.0003746	
7.1792e-06	8.2615e-05	0.0019941	0.00037331	
6.7938e-06	8.334e-05	0.0019962	0.000372	
6.6644e-06	8.3288e-05	0.001993	0.00037234	
6.5341e-06	8.3264e-05	0.0019898	0.00037268	
6.3912e-06	8.3213e-05	0.0019865	0.00037301	
6.2473e-06	8.3189e-05	0.0019833	0.00037334	
6.1056e-06	8.1682e-05	0.0019802	0.00037369	
5.9513e-06	8.0134e-05	0.001977	0.00037403	
5.7975e-06	7.8651e-05	0.0019738	0.00037438	
5.644e-06	7.723e-05	0.0019707	0.00037474	
5.4781e-06	7.577e-05	0.0019675	0.00037508	
5.3124e-06	7.4372e-05	0.0019644	0.00037544	
5.1316e-06	7.2922e-05	0.0019613	0.00037581	
5.5288e-06	7.1317e-05	0.0019582	0.00037616	
5.9278e-06	6.9764e-05	0.0019551	0.00037652	
6.3309e-06	6.8273e-05	0.0019521	0.0003769	
6.738e-06	6.6841e-05	0.0019491	0.00037728	
7.1493e-06	6.5465e-05	0.0019461	0.00037769	
7.5468e-06	6.4054e-05	0.0019431	0.00037807	
7.9484e-06	6.2698e-05	0.0019401	0.00037847	
8.3542e-06	6.1394e-05	0.0019371	0.00037888	
8.7643e-06	6.0139e-05	0.0019342	0.0003793	
9.1767e-06	5.8922e-05	0.0019313	0.00037973	
9.5753e-06	5.7676e-05	0.0019284	0.00038015	
9.9761e-06	5.6466e-05	0.0019255	0.00038057	
1.0364e-05	5.523e-05	0.0019226	0.00038098	
1.0754e-05	5.403e-05	0.0019197	0.0003814	
1.1146e-05	5.2864e-05	0.0019169	0.00038183	
1.1524e-05	5.1672e-05	0.001914	0.00038224	
1.1889e-05	5.0451e-05	0.0019111	0.00038264	
1.2241e-05	4.9204e-05	0.0019082	0.00038303	
1.2595e-05	4.7992e-05	0.0019052	0.00038342	
1.2953e-05	4.6823e-05	0.0019024	0.00038382	
1.3313e-05	4.5685e-05	0.0018995	0.00038423	
1.366e-05	4.4524e-05	0.0018966	0.00038463	
1.4012e-05	4.3403e-05	0.0018938	0.00038504	
1.4366e-05	4.2312e-05	0.001891	0.00038546	
1.4722e-05	4.1251e-05	0.0018882	0.00038589	
1.5081e-05	4.0218e-05	0.0018854	0.00038632	
1.5445e-05	3.9221e-05	0.0018826	0.00038677	
1.5795e-05	3.82e-05	0.0018798	0.0003872	
1.615e-05	3.7214e-05	0.0018771	0.00038764	
1.6507e-05	3.6254e-05	0.0018744	0.00038809	
1.687e-05	3.5327e-05	0.0018717	0.00038855	
1.722e-05	3.4379e-05	0.001869	0.000389	
1.7557e-05	3.3409e-05	0.0018662	0.00038943	
1.7898e-05	3.2473e-05	0.0018635	0.00038988	
1.8226e-05	3.1513e-05	0.0018608	0.00039031	
1.8557e-05	3.0579e-05	0.0018581	0.00039075	
1.8892e-05	2.967e-05	0.0018554	0.0003912	
1.9229e-05	2.8784e-05	0.0018527	0.00039165	
1.9573e-05	2.7928e-05	0.0018501	0.00039212	
1.9902e-05	2.7051e-05	0.0018474	0.00039257	
2.0213e-05	2.6144e-05	0.0018448	0.00039303	
2.0529e-05	2.5268e-05	0.0018422	0.00039351	
2.0849e-05	2.4414e-05	0.0018396	0.00039399	
2.1155e-05	2.354e-05	0.001837	0.00039446	
2.1468e-05	2.2694e-05	0.0018344	0.00039494	
2.1787e-05	2.1876e-05	0.0018318	0.00039543	
2.2111e-05	2.1083e-05	0.0018293	0.00039593	
2.2443e-05	2.0316e-05	0.0018268	0.00039645	
2.276e-05	1.9529e-05	0.0018243	0.00039695	
2.3084e-05	1.8766e-05	0.0018218	0.00039746	
2.3411e-05	1.8022e-05	0.0018193	0.00039798	
2.3743e-05	1.7296e-05	0.0018169	0.00039851	
2.4079e-05	1.6586e-05	0.0018145	0.00039905	
2.4401e-05	1.5859e-05	0.001812	0.00039957	
2.4708e-05	1.5113e-05	0.0018095	0.00040008	
2.5023e-05	1.439e-05	0.0018071	0.0004006	
2.5341e-05	1.3683e-05	0.0018047	0.00040113	
2.5664e-05	1.2993e-05	0.0018023	0.00040167	
2.5995e-05	1.2322e-05	0.0017999	0.00040222	
2.6311e-05	1.1636e-05	0.0017975	0.00040275	
2.6614e-05	1.0932e-05	0.0017951	0.00040327	
2.6924e-05	1.0249e-05	0.0017927	0.00040381	
2.7242e-05	9.5861e-06	0.0017903	0.00040435	
2.7564e-05	8.9375e-06	0.001788	0.00040491	
2.7893e-05	8.303e-06	0.0017856	0.00040547	
2.8229e-05	7.6864e-06	0.0017834	0.00040605	
2.8575e-05	7.0872e-06	0.0017811	0.00040663	
2.8929e-05	6.5046e-06	0.0017789	0.00040724	
2.9292e-05	5.9381e-06	0.0017766	0.00040785	
2.9665e-05	5.3872e-06	0.0017745	0.00040848	
3.0045e-05	4.8476e-06	0.0017723	0.00040911	
3.0432e-05	4.319e-06	0.0017702	0.00040976	
3.0829e-05	3.8046e-06	0.0017681	0.00041042	
3.1237e-05	3.3039e-06	0.001766	0.00041109	
3.1656e-05	2.8164e-06	0.0017639	0.00041178	
3.2057e-05	2.3135e-06	0.0017619	0.00041245	
3.2477e-05	1.8273e-06	0.0017598	0.00041311	
3.2904e-05	1.3503e-06	0.0017577	0.00041377	
3.3293e-05	1.325e-06	0.0017556	0.00041442	
3.3664e-05	1.291e-06	0.0017535	0.00041505	
3.4043e-05	1.2548e-06	0.0017514	0.0004157	
3.4434e-05	1.2172e-06	0.0017493	0.00041635	
3.4837e-05	1.1782e-06	0.0017472	0.00041702	
3.5253e-05	1.1377e-06	0.0017452	0.00041771	
3.5677e-05	1.0948e-06	0.0017432	0.0004184	
3.6083e-05	1.0433e-06	0.0017412	0.00041908	
3.6499e-05	9.8942e-07	0.0017392	0.00041977	
3.6897e-05	9.2697e-07	0.0017372	0.00042045	
3.7307e-05	8.629e-07	0.0017352	0.00042114	
3.773e-05	7.971e-07	0.0017332	0.00042184	
3.8167e-05	7.2949e-07	0.0017313	0.00042256	
3.8617e-05	6.5999e-07	0.0017294	0.00042329	
3.9049e-05	5.8228e-07	0.0017274	0.00042401	
3.9496e-05	5.0263e-07	0.0017255	0.00042474	
3.9952e-05	4.2018e-07	0.0017237	0.00042548	
4.0385e-05	4.9066e-07	0.0017218	0.00042621	
4.0833e-05	5.5877e-07	0.0017199	0.00042695	
4.1263e-05	6.1886e-07	0.001718	0.00042767	
4.1676e-05	6.7094e-07	0.0017161	0.00042839	
4.2103e-05	7.2065e-07	0.0017142	0.00042911	
4.2541e-05	7.6733e-07	0.0017123	0.00042985	
4.2992e-05	8.1176e-07	0.0017105	0.0004306	
4.3458e-05	8.5399e-07	0.0017087	0.00043137	
4.3907e-05	8.8813e-07	0.0017068	0.00043212	
4.4366e-05	9.1937e-07	0.001705	0.00043288	
4.4836e-05	9.4774e-07	0.0017032	0.00043365	
4.5289e-05	9.68e-07	0.0017014	0.00043441	
4.5756e-05	9.8616e-07	0.0016996	0.00043518	
4.6239e-05	1.0022e-06	0.0016979	0.00043597	
4.6705e-05	1.0102e-06	0.0016961	0.00043674	
4.7185e-05	1.0161e-06	0.0016944	0.00043753	
4.7678e-05	1.0192e-06	0.0016926	0.00043833	
4.8183e-05	1.0195e-06	0.0016909	0.00043914	
4.8668e-05	1.0115e-06	0.0016892	0.00043993	
4.9134e-05	9.9501e-07	0.0016874	0.00044071	
4.9618e-05	9.7664e-07	0.0016857	0.0004415	
5.0083e-05	9.5002e-07	0.001684	0.00044228	
5.0565e-05	9.214e-07	0.0016822	0.00044307	
5.1064e-05	8.9072e-07	0.0016806	0.00044387	
5.158e-05	8.5793e-07	0.0016789	0.0004447	
5.2112e-05	8.2295e-07	0.0016772	0.00044554	
5.2663e-05	7.8573e-07	0.0016756	0.00044639	
5.3231e-05	7.462e-07	0.0016741	0.00044726	
5.3761e-05	9.3628e-07	0.0016725	0.00044811	
5.4309e-05	1.1281e-06	0.0016709	0.00044898	
5.4869e-05	1.3205e-06	0.0016693	0.00044986	
5.541e-05	1.5028e-06	0.0016677	0.00045072	
5.5967e-05	1.6869e-06	0.0016662	0.0004516	
5.6538e-05	1.8716e-06	0.0016647	0.00045249	
5.7089e-05	2.0463e-06	0.0016631	0.00045337	
5.7623e-05	2.2115e-06	0.0016615	0.00045422	
5.8173e-05	2.3785e-06	0.00166	0.0004551	
5.8705e-05	2.5356e-06	0.0016584	0.00045596	
5.9249e-05	2.6931e-06	0.0016568	0.00045682	
5.9775e-05	2.8408e-06	0.0016553	0.00045768	
6.0316e-05	2.9903e-06	0.0016537	0.00045854	
6.0869e-05	3.1401e-06	0.0016522	0.00045942	
6.1434e-05	3.2904e-06	0.0016507	0.00046031	
6.1981e-05	3.431e-06	0.0016491	0.00046118	
6.2544e-05	3.5734e-06	0.0016476	0.00046207	
6.3119e-05	3.7163e-06	0.0016461	0.00046296	
6.3676e-05	3.8496e-06	0.0016446	0.00046384	
6.4249e-05	3.9848e-06	0.0016431	0.00046473	
6.4833e-05	4.1207e-06	0.0016416	0.00046564	
6.54e-05	4.2468e-06	0.0016401	0.00046653	
6.5979e-05	4.3735e-06	0.0016386	0.00046743	
6.6541e-05	4.4909e-06	0.0016371	0.00046831	
6.7087e-05	4.5991e-06	0.0016356	0.00046918	
6.7645e-05	4.7077e-06	0.0016341	0.00047006	
6.8214e-05	4.817e-06	0.0016326	0.00047095	
6.8795e-05	4.927e-06	0.0016311	0.00047185	
6.936e-05	5.0276e-06	0.0016296	0.00047274	
6.9937e-05	5.1289e-06	0.0016282	0.00047364	
7.0525e-05	5.231e-06	0.0016267	0.00047454	
7.1126e-05	5.334e-06	0.0016253	0.00047546	
7.174e-05	5.4378e-06	0.0016239	0.00047638	
7.2335e-05	5.5319e-06	0.0016224	0.00047729	
7.2943e-05	5.6269e-06	0.001621	0.00047822	
7.3564e-05	5.723e-06	0.0016196	0.00047915	
7.4167e-05	5.8092e-06	0.0016181	0.00048006	
7.4788e-05	5.898e-06	0.0016167	0.00048099	
7.5421e-05	5.988e-06	0.0016153	0.00048193	
7.6036e-05	6.0681e-06	0.0016139	0.00048285	
7.6634e-05	6.1382e-06	0.0016125	0.00048376	
7.7249e-05	6.2111e-06	0.0016111	0.00048469	
7.7846e-05	6.274e-06	0.0016096	0.0004856	
7.8424e-05	6.3269e-06	0.0016082	0.00048649	
7.9027e-05	6.3842e-06	0.0016067	0.00048737	
7.9649e-05	6.4444e-06	0.0016053	0.00048826	
8.0288e-05	6.5075e-06	0.0016038	0.00048917	
8.091e-05	6.5606e-06	0.0016024	0.00049006	
8.1549e-05	6.6167e-06	0.0016009	0.00049096	
8.2203e-05	6.6741e-06	0.0015995	0.00049188	
8.2871e-05	6.7328e-06	0.0015981	0.0004928	
8.352e-05	6.7816e-06	0.0015967	0.00049371	
8.4188e-05	6.8333e-06	0.0015953	0.00049464	
8.4871e-05	6.8864e-06	0.0015939	0.00049557	
8.5567e-05	6.9408e-06	0.0015925	0.00049651	
8.6278e-05	6.9967e-06	0.0015912	0.00049747	
8.7004e-05	7.0539e-06	0.0015899	0.00049843	
8.7745e-05	7.1126e-06	0.0015885	0.0004994	
8.8468e-05	7.1617e-06	0.0015872	0.00050036	
8.9212e-05	7.2139e-06	0.0015859	0.00050133	
8.9936e-05	7.2561e-06	0.0015846	0.00050229	
9.0676e-05	7.2998e-06	0.0015832	0.00050326	
9.1431e-05	7.3451e-06	0.0015819	0.00050424	
9.2207e-05	7.3936e-06	0.0015806	0.00050523	
9.3003e-05	7.4453e-06	0.0015794	0.00050624	
9.3781e-05	7.487e-06	0.0015781	0.00050723	
9.458e-05	7.5321e-06	0.0015768	0.00050823	
9.5395e-05	7.5788e-06	0.0015756	0.00050925	
9.6232e-05	7.6291e-06	0.0015744	0.00051027	
9.7092e-05	7.683e-06	0.0015732	0.00051132	
9.7975e-05	7.7405e-06	0.001572	0.00051237	
9.8881e-05	7.8018e-06	0.0015708	0.00051344	
9.9767e-05	7.8527e-06	0.0015696	0.0005145	
0.00010068	7.9075e-06	0.0015685	0.00051557	
0.00010161	7.9663e-06	0.0015673	0.00051666	
0.00010257	8.0292e-06	0.0015662	0.00051776	
0.00010355	8.0946e-06	0.0015651	0.00051887	
0.00010451	8.1492e-06	0.001564	0.00051996	
0.00010544	8.1935e-06	0.0015629	0.00052104	
0.0001064	8.2404e-06	0.0015617	0.00052214	
0.00010739	8.2919e-06	0.0015606	0.00052324	
0.00010835	8.3328e-06	0.0015595	0.00052434	
0.00010933	8.3766e-06	0.0015584	0.00052544	
0.0001103	8.4092e-06	0.0015573	0.00052653	
0.00011129	8.4469e-06	0.0015562	0.00052764	
0.00011225	8.4732e-06	0.0015551	0.00052873	
0.00011325	8.5047e-06	0.001554	0.00052984	
0.00011422	8.5247e-06	0.0015528	0.00053093	
0.00011517	8.5331e-06	0.0015517	0.000532	
0.00011614	8.5471e-06	0.0015506	0.00053309	
0.00011709	8.5491e-06	0.0015494	0.00053417	
0.00011802	8.5398e-06	0.0015482	0.00053522	
0.00011892	8.5189e-06	0.001547	0.00053626	
0.0001265	8.4716e-06	0.0015458	0.00053729	
0.00013425	8.4306e-06	0.0015446	0.00053833	
0.00014189	8.3769e-06	0.0015435	0.00053939	
0.00014944	8.3107e-06	0.0015423	0.00054044	
0.00015714	8.2488e-06	0.0015411	0.0005415	
0.00016475	8.1744e-06	0.0015399	0.00054254	
0.00017226	8.0876e-06	0.0015387	0.00054356	
0.00017992	8.005e-06	0.0015375	0.00054459	
0.00018773	7.9265e-06	0.0015363	0.00054565	
0.00019544	7.8356e-06	0.0015351	0.00054668	
0.00020335	7.7511e-06	0.0015339	0.00054773	
0.0002114	7.6707e-06	0.0015328	0.0005488	
0.00021366	7.6073e-06	0.0015317	0.00054988	
0.00021596	7.5478e-06	0.0015306	0.00055099	
0.00021833	7.4941e-06	0.0015295	0.00055211	
0.00022066	7.4289e-06	0.0015284	0.00055321	
0.00022306	7.3695e-06	0.0015273	0.00055433	
0.00022542	7.2979e-06	0.0015262	0.00055544	
0.00022773	7.2141e-06	0.0015251	0.00055652	
0.00023011	7.1362e-06	0.001524	0.00055763	
0.00023254	7.062e-06	0.0015229	0.00055875	
0.00023504	6.9913e-06	0.0015218	0.00055989	
0.0002376	6.9263e-06	0.0015208	0.00056104	
0.00024006	7.6234e-06	0.0015197	0.00056218	
0.00024248	8.2995e-06	0.0015186	0.00056331	
0.00024495	8.9937e-06	0.0015176	0.00056444	
0.00024738	9.6673e-06	0.0015165	0.00056556	
0.00024977	1.0322e-05	0.0015154	0.00056666	
0.00025222	1.1e-05	0.0015143	0.00056778	
0.00025464	1.1657e-05	0.0015132	0.00056888	
0.00025711	1.2333e-05	0.0015121	0.00057	
0.00025953	1.2988e-05	0.001511	0.0005711	
0.00026192	1.3622e-05	0.0015099	0.00057218	
0.00026425	1.4237e-05	0.0015087	0.00057324	
0.00026655	1.4834e-05	0.0015075	0.00057429	
0.00026881	1.5412e-05	0.0015063	0.00057532	
0.00027113	1.6007e-05	0.0015051	0.00057636	
0.00027341	1.6584e-05	0.0015039	0.00057739	
0.00027565	1.7143e-05	0.0015027	0.00057841	
0.00027794	1.7718e-05	0.0015015	0.00057944	
0.00028019	1.8275e-05	0.0015002	0.00058045	
0.00028251	1.8854e-05	0.001499	0.00058148	
0.00028479	1.9415e-05	0.0014978	0.00058249	
0.00028713	1.9993e-05	0.0014966	0.00058352	
0.00028942	2.0551e-05	0.0014953	0.00058453	
0.00029168	2.109e-05	0.0014941	0.00058553	
0.00029398	2.1646e-05	0.0014928	0.00058653	
0.00029625	2.2183e-05	0.0014915	0.00058752	
0.00029847	2.2701e-05	0.0014903	0.0005885	
0.00030076	2.324e-05	0.001489	0.00058949	
0.00030311	2.3796e-05	0.0014877	0.00059049	
0.00030541	2.4333e-05	0.0014865	0.00059148	
0.00030779	2.4891e-05	0.0014852	0.00059245	
0.00031022	2.5467e-05	0.0014839	0.00059344	
0.00031261	2.6025e-05	0.0014826	0.00059441	
0.00031497	2.6564e-05	0.0014813	0.00059536	
0.00031739	2.7126e-05	0.00148	0.00059633	
0.00031977	2.7669e-05	0.0014786	0.00059728	
0.00032221	2.823e-05	0.0014773	0.00059825	
0.0003246	2.8771e-05	0.001476	0.0005992	
0.00032696	2.9294e-05	0.0014747	0.00060013	
0.00032937	2.9833e-05	0.0014733	0.00060108	
0.00033174	3.0354e-05	0.001472	0.00060201	
0.00033418	3.0897e-05	0.0014706	0.00060296	
0.00033667	3.1457e-05	0.0014693	0.00060392	
0.00033923	3.2041e-05	0.001468	0.0006049	
0.00034175	3.2606e-05	0.0014667	0.00060587	
0.00034435	3.3195e-05	0.0014654	0.00060685	
0.00034702	3.3809e-05	0.0014642	0.00060785	
0.00034965	3.4403e-05	0.0014629	0.00060884	
0.00035235	3.5023e-05	0.0014616	0.00060984	
0.00035501	3.5623e-05	0.0014603	0.00061083	
0.00035774	3.6247e-05	0.0014591	0.00061183	
0.00036043	3.6852e-05	0.0014578	0.00061282	
0.00036307	3.7437e-05	0.0014565	0.00061379	
0.00036568	3.8003e-05	0.0014551	0.00061475	
0.00036825	3.8552e-05	0.0014538	0.00061569	
0.00037093	3.8148e-05	0.0014525	0.00061664	
0.00037368	3.776e-05	0.0014511	0.00061762	
0.00037638	3.7356e-05	0.0014498	0.00061857	
0.00037915	3.6967e-05	0.0014485	0.00061954	
0.00038187	3.6562e-05	0.0014472	0.0006205	
0.00038456	3.614e-05	0.0014458	0.00062144	
0.00038732	3.5739e-05	0.0014445	0.00062239	
0.00039016	3.5358e-05	0.0014432	0.00062337	
0.00039306	3.4992e-05	0.0014419	0.00062436	
0.00039592	3.461e-05	0.0014405	0.00062533	
0.00039875	3.4211e-05	0.0014392	0.00062629	
0.00040164	3.3833e-05	0.0014379	0.00062726	
0.00040461	3.3469e-05	0.0014366	0.00062825	
0.00040765	3.3124e-05	0.0014353	0.00062926	
0.00041065	3.2764e-05	0.001434	0.00063026	
0.00041361	3.2385e-05	0.0014327	0.00063123	
0.00041653	3.199e-05	0.0014314	0.00063219	
0.00041951	3.1611e-05	0.00143	0.00063317	
0.00042255	3.1246e-05	0.0014287	0.00063416	
0.00042555	3.0863e-05	0.0014274	0.00063513	
0.00042862	3.0495e-05	0.0014261	0.00063612	
0.00043176	3.0142e-05	0.0014248	0.00063712	
0.00043485	2.9772e-05	0.0014235	0.0006381	
0.0004379	2.9386e-05	0.0014222	0.00063907	
0.00044103	2.9019e-05	0.0014208	0.00064006	
0.00044412	2.8634e-05	0.0014195	0.00064103	
0.00044728	2.8264e-05	0.0014182	0.00064201	
0.00045055	2.6466e-05	0.0014169	0.00064302	
0.00045392	2.4729e-05	0.0014156	0.00064404	
0.00045739	2.305e-05	0.0014144	0.00064508	
0.0004608	2.1335e-05	0.0014131	0.0006461	
0.0004643	1.9678e-05	0.0014118	0.00064715	
0.00046789	1.8066e-05	0.0014106	0.0006482	
0.00047143	1.6419e-05	0.0014094	0.00064925	
0.00047506	1.4827e-05	0.0014081	0.00065031	
0.00047863	1.3202e-05	0.0014069	0.00065135	
0.00048231	1.163e-05	0.0014056	0.00065241	
0.00048593	1.0025e-05	0.0014044	0.00065346	
0.00048965	8.4728e-06	0.0014032	0.00065453	
0.00049346	6.963e-06	0.0014019	0.00065561	
0.00049721	5.4196e-06	0.0014007	0.00065667	
0.00050091	3.8444e-06	0.0013994	0.00065772	
0.00050471	2.3229e-06	0.0013983	0.00065437	
0.00050837	2.1077e-06	0.0013971	0.00065101	
0.00051214	1.8966e-06	0.001396	0.00064767	
0.00051599	1.6874e-06	0.0013949	0.00064436	
0.00051996	1.4817e-06	0.0013938	0.00064108	
0.00052387	1.2655e-06	0.0013927	0.00063778	
0.00052759	1.3301e-06	0.0013915	0.00063446	
0.00053142	1.3939e-06	0.0013904	0.00063117	
0.00053536	1.4569e-06	0.0013893	0.0006279	
0.00053924	1.511e-06	0.0013882	0.00062462	
0.00054323	1.5642e-06	0.0013871	0.00062137	
0.00054733	1.6166e-06	0.001386	0.00061814	
0.00055153	1.6683e-06	0.001385	0.00061494	
0.00055569	1.7114e-06	0.0013839	0.00061173	
0.00055995	1.7536e-06	0.0013829	0.00060854	
0.00056432	1.7951e-06	0.0013819	0.00060538	
0.00056881	1.8358e-06	0.0013809	0.00060225	
0.00057342	1.8758e-06	0.0013799	0.00059914	
0.00057811	1.9141e-06	0.0013789	0.00059606	
0.00058291	1.9507e-06	0.001378	0.00059299	
0.0005878	1.9857e-06	0.001377	0.00058995	
0.00059264	2.0119e-06	0.0013761	0.00058688	
0.00059741	2.0292e-06	0.0013751	0.0005838	
0.0006023	2.0458e-06	0.0013742	0.00058074	
0.00060731	2.0617e-06	0.0013732	0.00057771	
0.00061245	2.077e-06	0.0013723	0.00057471	
0.00061752	2.0834e-06	0.0013714	0.00057168	
0.00062272	2.0892e-06	0.0013705	0.00056868	
0.00062785	2.0861e-06	0.0013696	0.00056566	
0.00063293	2.0745e-06	0.0013686	0.00056263	
0.00063813	2.0622e-06	0.0013677	0.00055962	
0.00064346	2.0492e-06	0.0013668	0.00055663	
0.0006489	2.0345e-06	0.0013659	0.00055366	
0.00065445	2.0181e-06	0.001365	0.00055072	
0.00065993	1.9929e-06	0.0013641	0.00054775	
0.00066554	1.967e-06	0.0013632	0.00054481	
0.00067108	1.9323e-06	0.0013623	0.00054185	
0.00067656	1.8887e-06	0.0013614	0.00053887	
0.00068218	1.8445e-06	0.0013605	0.00053592	
0.00068773	1.7917e-06	0.0013595	0.00053295	
0.00069339	1.7372e-06	0.0013586	0.00053	
0.0006992	1.682e-06	0.0013578	0.00052707	
0.00070513	1.6251e-06	0.0013569	0.00052416	
0.00071098	1.5594e-06	0.001356	0.00052124	
0.00071695	1.4919e-06	0.0013551	0.00051833	
0.00072285	1.4156e-06	0.0013542	0.00051541	
0.00072889	1.3385e-06	0.0013533	0.00051251	
0.00073487	1.2528e-06	0.0013524	0.00050959	
0.00074097	1.1654e-06	0.0013516	0.00050669	
0.000747	1.0691e-06	0.0013507	0.00050377	
0.00075318	9.7207e-07	0.0013498	0.00050088	
0.00075953	8.7438e-07	0.0013489	0.00049801	
0.00076566	9.9327e-07	0.001348	0.00049512	
0.00077197	1.1121e-06	0.0013472	0.00049226	
0.00077841	1.23e-06	0.0013463	0.00048942	
0.00078503	1.3482e-06	0.0013455	0.00048661	
0.00079187	1.4681e-06	0.0013447	0.00048378	
0.00079272	1.5927e-06	0.0013439	0.00048096	
0.00079352	1.7076e-06	0.001343	0.00047812	
0.00079439	1.8221e-06	0.0013422	0.00047531	
0.00079521	1.9268e-06	0.0013413	0.00047247	
0.00079609	2.0311e-06	0.0013405	0.00046965	
0.00079693	2.1257e-06	0.0013396	0.00046682	
0.00079772	2.2109e-06	0.0013387	0.00046396	
0.00079859	2.2969e-06	0.0013379	0.00046113	
0.00079955	2.3838e-06	0.001337	0.00045833	
0.00080058	2.4718e-06	0.0013362	0.00045554	
0.00080169	2.5595e-06	0.0013354	0.00045278	
0.00080274	2.6374e-06	0.0013346	0.00045	
0.00080375	2.7058e-06	0.0013338	0.0004472	
0.00080471	2.7644e-06	0.0013487	0.00044414	
0.00080576	2.824e-06	0.0013638	0.00044111	
0.00080675	2.8739e-06	0.0013788	0.00043806	
0.0008077	2.9144e-06	0.0013938	0.00043498	
0.00080861	2.9457e-06	0.0014088	0.0004319	
0.00080959	2.9765e-06	0.0014238	0.00042883	
0.00081063	3.0068e-06	0.0014389	0.00042578	
0.00081162	3.0276e-06	0.001454	0.00042271	
0.00081257	3.0392e-06	0.001469	0.00041962	
0.00081348	3.0416e-06	0.001484	0.00041651	
0.00081447	3.0447e-06	0.0014991	0.00041343	
0.00081553	3.0484e-06	0.0015142	0.00041038	
0.00081668	3.0529e-06	0.0015295	0.00040734	
0.0008179	3.058e-06	0.0015448	0.00040433	
0.00081919	3.0626e-06	0.0015601	0.00040134	
0.00082043	3.0577e-06	0.0015755	0.00039833	
0.00082163	3.0433e-06	0.0015908	0.0003953	
0.00082289	3.0284e-06	0.0016062	0.00039229	
0.00082411	3.0041e-06	0.0016215	0.00038926	
0.00082528	2.9703e-06	0.0016368	0.00038621	
0.00082641	2.9274e-06	0.0016521	0.00038315	
0.00082763	2.8851e-06	0.0016674	0.00038011	
0.00082879	2.8337e-06	0.0016828	0.00037705	
0.00082992	2.7731e-06	0.0016977	0.00037962	
0.00083111	2.712e-06	0.0017128	0.00038221	
0.00083237	2.6501e-06	0.0017279	0.00038481	
0.00083358	2.579e-06	0.001743	0.0003874	
0.00083475	2.4985e-06	0.001758	0.00038996	
0.00083598	2.4173e-06	0.0017731	0.00039255	
0.00083716	2.3268e-06	0.0017882	0.00039511	
0.00083831	2.227e-06	0.0018032	0.00039766	
0.00083951	2.1264e-06	0.0018183	0.00040023	
0.00084068	2.0166e-06	0.0018334	0.00040278	
0.00084192	1.9072e-06	0.0018485	0.00040534	
0.00084322	1.7967e-06	0.0018637	0.00040793	
0.0008446	1.6864e-06	0.001879	0.00041053	
0.00084594	1.5669e-06	0.0018943	0.00041312	
0.00084736	1.4474e-06	0.0019096	0.00041572	
0.00084867	1.6315e-06	0.0019249	0.00041831	
0.00084994	1.806e-06	0.0019402	0.00042088	
0.00085117	1.971e-06	0.0019554	0.00042344	
0.00085247	2.1372e-06	0.0019707	0.00042602	
0.00085374	2.2939e-06	0.001986	0.00042858	
0.00085508	2.4519e-06	0.0020014	0.00043115	
0.00085637	2.6005e-06	0.0020167	0.00043372	
0.00085773	2.7489e-06	0.0020321	0.00043629	
0.00085905	2.8881e-06	0.0020474	0.00043886	
0.00086034	3.0183e-06	0.0020628	0.0004414	
0.0008617	3.1495e-06	0.0020782	0.00044397	
0.00086311	3.2806e-06	0.0020937	0.00044655	
0.00086449	3.4027e-06	0.0021091	0.00044911	
0.00086593	3.5246e-06	0.0021246	0.00045169	
0.00086733	3.6373e-06	0.0021401	0.00045426	
0.00086879	3.7498e-06	0.0021556	0.00045684	
0.00087032	3.8634e-06	0.0021712	0.00045943	
0.00087191	3.9769e-06	0.0021869	0.00046204	
0.00087346	4.0812e-06	0.0022026	0.00046464	
0.00087507	4.1854e-06	0.0022183	0.00046724	
0.00087664	4.2805e-06	0.002234	0.00046984	
0.00087818	4.3668e-06	0.0022496	0.00047242	
0.00087978	4.4529e-06	0.0022653	0.00047501	
0.00088135	4.5302e-06	0.002281	0.00047759	
0.00088288	4.5989e-06	0.0022967	0.00048016	
0.00088449	4.6685e-06	0.0023125	0.00048275	
0.00088606	4.7292e-06	0.0023282	0.00048532	
0.0008876	4.7812e-06	0.0023439	0.00048787	
0.00088919	4.8329e-06	0.0023596	0.00049044	
0.00089086	4.8856e-06	0.0023755	0.00049303	
0.00089258	4.9382e-06	0.0023914	0.00049563	
0.00089436	4.9907e-06	0.0024073	0.00049825	
0.0008962	5.043e-06	0.0024233	0.00050088	
0.00089809	5.0952e-06	0.0024394	0.00050352	
0.00090006	5.1487e-06	0.0024555	0.00050618	
0.0009021	5.2036e-06	0.0024718	0.00050886	
0.00090411	5.2493e-06	0.002488	0.00051152	
0.00090608	5.2859e-06	0.0025041	0.00051417	
0.00090801	5.3134e-06	0.0025203	0.00051681	
0.00091002	5.3423e-06	0.0025365	0.00051946	
0.0009121	5.3726e-06	0.0025528	0.00052213	
0.00091425	5.403e-06	0.0025692	0.00052482	
0.00091645	5.4335e-06	0.0025856	0.00052752	
0.00091862	5.4548e-06	0.002602	0.00053021	
0.00092076	5.4671e-06	0.0026183	0.00053288	
0.00092286	5.4705e-06	0.0026347	0.00053554	
0.00092502	5.4741e-06	0.0026511	0.00053821	
0.00092714	5.4683e-06	0.0026675	0.00054087	
0.00092923	5.4535e-06	0.0026839	0.00054352	
0.00093128	5.4296e-06	0.0027002	0.00054615	
0.00093342	5.4075e-06	0.0027166	0.0005488	
0.00093551	5.3759e-06	0.002733	0.00055144	
0.00093768	5.3461e-06	0.0027495	0.00055409	
0.00093992	5.3168e-06	0.002766	0.00055676	
0.00094223	5.288e-06	0.0027826	0.00055945	
0.0009445	5.2495e-06	0.0027992	0.00056212	
0.00094672	5.2017e-06	0.0028157	0.00056478	
0.00094891	5.1445e-06	0.0028323	0.00056742	
0.00095118	5.0894e-06	0.0028489	0.00057008	
0.00095354	5.0365e-06	0.0028656	0.00057276	
0.00095599	4.9859e-06	0.0028823	0.00057547	
0.00095839	4.9253e-06	0.0028991	0.00057816	
0.00096074	4.8547e-06	0.0029158	0.00058083	
0.00096319	4.7865e-06	0.0029326	0.00058352	
0.00096573	4.7208e-06	0.0029495	0.00058624	
0.00096837	4.6577e-06	0.0029665	0.00058898	
0.00097111	4.5972e-06	0.0029836	0.00059175	
0.0009738	4.5262e-06	0.0030006	0.0005945	
0.00097659	4.4581e-06	0.0030178	0.00059727	
0.00097949	4.3927e-06	0.003035	0.00060007	
0.00098226	4.3135e-06	0.0030524	0.0006029	
0.00098485	4.8059e-06	0.0030697	0.0006057	
0.00098752	5.3093e-06	0.0030871	0.00060853	
0.00099014	5.7965e-06	0.0031044	0.00061134	
0.00099287	6.2985e-06	0.0031219	0.00061417	
0.0009957	6.8161e-06	0.0031394	0.00061704	
0.00099847	7.3171e-06	0.0031569	0.00061988	
0.0010012	7.8026e-06	0.0031744	0.0006227	
0.001004	8.2998e-06	0.003192	0.00062554	
0.0010069	8.8133e-06	0.0032096	0.00062841	
0.0010099	9.3439e-06	0.0032274	0.00063131	
0.0010129	9.8571e-06	0.0032451	0.00063419	
0.0010158	1.0354e-05	0.0032628	0.00063705	
0.0010188	1.0868e-05	0.0032806	0.00063994	
0.001022	1.1401e-05	0.0032985	0.00064285	
0.0010251	1.1915e-05	0.0033163	0.00064575	
0.0010282	1.2444e-05	0.0033343	0.00064866	
0.0010313	1.2955e-05	0.0033522	0.00065156	
0.0010346	1.3486e-05	0.0033702	0.00065449	
0.0010376	1.7234e-05	0.0033882	0.00065739	
0.0010408	2.1097e-05	0.0034062	0.00066032	
0.0010439	2.4834e-05	0.0034244	0.00066328	
0.001047	2.8712e-05	0.0034427	0.00066627	
0.0010503	3.2709e-05	0.0034611	0.00066928	
0.0010535	3.6628e-05	0.0034794	0.00067228	
0.0010566	4.0471e-05	0.0034977	0.00067525	
0.0010598	4.4457e-05	0.0035161	0.00067825	
0.001063	4.8367e-05	0.0035344	0.00068122	
0.0010661	5.22e-05	0.0035528	0.00068418	
0.0010692	5.5966e-05	0.003571	0.00068712	
0.0010723	5.9846e-05	0.0035894	0.00069008	
0.0010754	6.3652e-05	0.0036077	0.00069302	
0.0010784	6.7384e-05	0.0036259	0.00069594	
0.0010815	7.1256e-05	0.0036443	0.00069888	
0.0010846	7.5052e-05	0.0036627	0.00070181	
0.0010876	7.8782e-05	0.0036809	0.00070472	
0.0010907	8.2626e-05	0.0036993	0.00070765	
0.0010938	8.6395e-05	0.0037177	0.00071056	
0.0010968	9.0097e-05	0.0037359	0.00071345	
0.0010999	9.3914e-05	0.0037543	0.00071636	
0.0011029	9.7655e-05	0.0037727	0.00071925	
0.0011058	0.00010132	0.003791	0.00072212	
0.0011089	0.00010513	0.0038094	0.00072502	
0.0011119	0.00010887	0.0038277	0.0007279	
0.001115	0.00011272	0.0038462	0.0007308	
0.0011181	0.0001165	0.0038646	0.00073368	
0.0011211	0.00012021	0.003883	0.00073654	
0.001124	0.00012385	0.0039013	0.00073939	
0.001127	0.0001276	0.0039198	0.00074225	
0.00113	0.00013128	0.0039382	0.00074509	
0.0011329	0.00013489	0.0039565	0.00074791	
0.0011359	0.0001386	0.0039749	0.00075076	
0.0011388	0.00014225	0.0039933	0.00075358	
0.0011417	0.00014583	0.0040117	0.00075639	
0.0011445	0.00014934	0.00403	0.00075917	
0.0011472	0.00015279	0.0040482	0.00076194	
0.0011499	0.00015616	0.0040665	0.00076468	
0.0011527	0.00015965	0.0040848	0.00076745	
0.0011554	0.00016306	0.004103	0.0007702	
0.0011583	0.00016661	0.0041212	0.00077292	
0.0011611	0.00017008	0.0041394	0.00077562	
0.001164	0.00017367	0.0041577	0.00077835	
0.0011668	0.00017718	0.0041759	0.00078105	
0.0011695	0.00018062	0.004194	0.00078374	
0.0011722	0.00018399	0.0042121	0.0007864	
0.001175	0.00018749	0.0042304	0.00078909	
0.0011778	0.00019092	0.0042486	0.00079176	
0.0011804	0.00019427	0.0042667	0.00079441	
0.0011778	0.0001979	0.0042849	0.00079708	
0.001175	0.00020144	0.0043031	0.00079974	
0.0011724	0.00020514	0.0043214	0.00080243	
0.0011699	0.00020899	0.0043399	0.00080514	
0.0011673	0.00021276	0.0043582	0.00080784	
0.0011649	0.00021669	0.0043767	0.00081057	
0.0011625	0.00022075	0.0043954	0.00081332	
0.0011603	0.00022498	0.0044141	0.0008161	
0.001158	0.00022913	0.0044328	0.00081887	
0.0011558	0.00023342	0.0044516	0.00082165	
0.0011536	0.00023763	0.0044703	0.00082442	
0.0011512	0.00024174	0.004489	0.00082716	
0.001149	0.00024602	0.0045079	0.00082994	
0.0011469	0.00025049	0.0045268	0.00083275	
0.0011448	0.00025486	0.0045457	0.00083554	
0.0011428	0.00025946	0.0045645	0.0008383	
0.0011407	0.00026396	0.0045833	0.00084104	
0.0011386	0.00026837	0.0046021	0.00084375	
0.0011365	0.00027292	0.0046209	0.0008465	
0.0011344	0.00027739	0.0046397	0.00084922	
0.0011325	0.00028205	0.0046586	0.00085197	
0.0011306	0.00028689	0.0046776	0.00085476	
0.0011288	0.0002919	0.0046968	0.00085757	
0.0011269	0.0002968	0.0047158	0.00086036	
0.0011252	0.00030187	0.004735	0.00086317	
0.0011235	0.00030714	0.0047543	0.00086602	
0.001122	0.00031263	0.0047738	0.0008689	
0.0011205	0.00031831	0.0047933	0.0008718	
0.0011191	0.00032421	0.004813	0.00087474	
0.0011179	0.00033036	0.0048328	0.00087771	
0.0011167	0.00033671	0.0048527	0.00088071	
0.0011155	0.00034295	0.0048725	0.00088368	
0.0011142	0.00034906	0.0048923	0.00088664	
0.001123	0.00035478	0.0049121	0.00088957	
0.0011317	0.00036038	0.0049318	0.00089248	
0.0011406	0.00036621	0.0049516	0.00089543	
0.0011497	0.00037228	0.0049531	0.00089845	
0.0011588	0.00037823	0.0049545	0.00090146	
0.0011677	0.00038408	0.004956	0.00090444	
0.001177	0.00039021	0.0049573	0.0009074	
0.0011861	0.00039622	0.0049587	0.00091034	
0.0011951	0.0004021	0.00496	0.00091325	
0.001204	0.00040787	0.0049613	0.00091614	
0.0012128	0.00041354	0.0049625	0.00091901	
0.0012215	0.0004191	0.0049638	0.00092186	
0.0012303	0.00042485	0.004965	0.00092473	
0.0012391	0.00043048	0.0049663	0.00092759	
0.0012477	0.000436	0.0049675	0.00093042	
0.0012566	0.00044174	0.0049687	0.00093328	
0.0012654	0.00044737	0.0049699	0.00093612	
0.001274	0.00045289	0.0049711	0.00093894	
0.0012826	0.00045832	0.0049723	0.00094174	
0.0012914	0.00046395	0.0049735	0.00094457	
0.0013004	0.00046982	0.0049748	0.00094743	
0.0013093	0.00047557	0.004976	0.00095027	
0.0013181	0.00048122	0.0049773	0.00095309	
0.0013271	0.00048709	0.0049785	0.00095594	
0.0013363	0.0004932	0.0049799	0.00095883	
0.0013458	0.0004995	0.0049812	0.00096174	
0.0013551	0.00050569	0.0049826	0.00096463	
0.0013643	0.00051176	0.0049839	0.0009675	
0.0013735	0.00051772	0.0049852	0.00097034	
0.0013828	0.00052392	0.0049865	0.00097322	
0.0013924	0.00053036	0.0049879	0.00097613	
0.0014019	0.00053668	0.0049893	0.00097902	
0.0014112	0.00054287	0.0049906	0.00098189	
0.0014208	0.00054927	0.004992	0.00098478	
0.0014303	0.00055554	0.0049933	0.00098765	
0.0014314	0.00056229	0.0049947	0.00099056	
0.0014327	0.00056931	0.0049962	0.0009935	
0.0014341	0.00057661	0.0049977	0.00099647	
0.0014354	0.00058377	0.0049992	0.00099942	
0.0014368	0.00059116	0.0050008	0.0010024	
0.0014383	0.00059884	0.0050023	0.0010054	
0.0014399	0.00060675	0.005004	0.0010084	
0.0014414	0.00061454	0.0050056	0.0010115	
0.0014429	0.00062219	0.0050072	0.0010144	
0.0014445	0.00063013	0.0050088	0.0010175	
0.0014462	0.00063836	0.0050105	0.0010205	
0.0014481	0.0006469	0.0050122	0.0010236	
0.0014498	0.00065531	0.005014	0.0010267	
0.0014517	0.00066403	0.0050157	0.0010298	
0.0014537	0.00067307	0.0050176	0.0010329	
0.0014556	0.00068196	0.0050193	0.0010361	
0.0014575	0.00069071	0.0050211	0.0010392	
0.0014595	0.00069973	0.0050229	0.0010423	
0.0014615	0.00070902	0.0050248	0.0010454	
0.0014635	0.00071817	0.0050266	0.0010486	
0.0014656	0.00072759	0.0050285	0.0010517	
0.0014677	0.00073686	0.0050303	0.0010549	
0.0014698	0.00074641	0.0050322	0.001058	
0.0014719	0.0007558	0.0050341	0.0010612	
0.0014739	0.00076505	0.0050359	0.0010643	
0.001476	0.00077457	0.0050378	0.0010674	
0.001478	0.00078395	0.0050397	0.0010706	
0.0014802	0.00079366	0.0050416	0.0010737	
0.0014825	0.00080373	0.0050435	0.0010769	
0.0014847	0.00081363	0.0050455	0.0010801	
0.001487	0.0008239	0.0050474	0.0010833	
0.0014896	0.00082605	0.0050495	0.0010866	
0.001492	0.00082814	0.0050515	0.0010898	
0.0014946	0.00083034	0.0050536	0.001093	
