BLASTN 2.6.0+


Reference: Stephen F. Altschul, Thomas L. Madden, Alejandro A.
Schaffer, Jinghui Zhang, Zheng Zhang, Webb Miller, and David J.
Lipman (1997), "Gapped BLAST and PSI-BLAST: a new generation of
protein database search programs", Nucleic Acids Res. 25:3389-3402.



Database: GCA_018977245.1_Lethenteron_camtschaticum_genomic.fna
           3,553 sequences; 1,074,727,531 total letters



Query= 
Length=1809


***** No hits found *****



Lambda      K        H
   0.634    0.408    0.912 

Gapped
Lambda      K        H
   0.625    0.410    0.780 

Effective search space used: 1908507860832


  Database: GCA_018977245.1_Lethenteron_camtschaticum_genomic.fna
    Posted date:  Nov 25, 2021  11:39 AM
  Number of letters in database: 1,074,727,531
  Number of sequences in database:  3,553



Matrix: blastn matrix 2 -3
Gap Penalties: Existence: 5, Extension: 2
