BLASTN 2.6.0+


Reference: Stephen F. Altschul, Thomas L. Madden, Alejandro A.
Schaffer, Jinghui Zhang, Zheng Zhang, Webb Miller, and David J.
Lipman (1997), "Gapped BLAST and PSI-BLAST: a new generation of
protein database search programs", Nucleic Acids Res. 25:3389-3402.



Database: GCA_015708825.1_Lethenteron_reissneri_genomic.fna
           1,945 sequences; 1,063,012,140 total letters



Query= exon1

Length=74


***** No hits found *****



Lambda      K        H
   0.634    0.408    0.912 

Gapped
Lambda      K        H
   0.625    0.410    0.780 

Effective search space used: 48896053280


Query= exon2

Length=91


***** No hits found *****



Lambda      K        H
   0.634    0.408    0.912 

Gapped
Lambda      K        H
   0.625    0.410    0.780 

Effective search space used: 66966333840


Query= exon3

Length=151


***** No hits found *****



Lambda      K        H
   0.634    0.408    0.912 

Gapped
Lambda      K        H
   0.625    0.410    0.780 

Effective search space used: 129680599670


Query= exon4

Length=148


***** No hits found *****



Lambda      K        H
   0.634    0.408    0.912 

Gapped
Lambda      K        H
   0.625    0.410    0.780 

Effective search space used: 126491732465


Query= exon5

Length=139


***** No hits found *****



Lambda      K        H
   0.634    0.408    0.912 

Gapped
Lambda      K        H
   0.625    0.410    0.780 

Effective search space used: 116925130850


Query= exon6

Length=216


***** No hits found *****



Lambda      K        H
   0.634    0.408    0.912 

Gapped
Lambda      K        H
   0.625    0.410    0.780 

Effective search space used: 197709404940


Query= exon7

Length=241


***** No hits found *****



Lambda      K        H
   0.634    0.408    0.912 

Gapped
Lambda      K        H
   0.625    0.410    0.780 

Effective search space used: 224283249690


Query= exon8

Length=129


***** No hits found *****



Lambda      K        H
   0.634    0.408    0.912 

Gapped
Lambda      K        H
   0.625    0.410    0.780 

Effective search space used: 106295573500


Query= exon9

Length=176


***** No hits found *****



Lambda      K        H
   0.634    0.408    0.912 

Gapped
Lambda      K        H
   0.625    0.410    0.780 

Effective search space used: 156254493045


Query= exon10

Length=235


***** No hits found *****



Lambda      K        H
   0.634    0.408    0.912 

Gapped
Lambda      K        H
   0.625    0.410    0.780 

Effective search space used: 217905526950


Query= exon11

Length=161
                                                                      Score     E
Sequences producing significant alignments:                          (Bits)  Value

  CM027313.1 Lethenteron reissneri isolate LAM-NWPU_2019-01 chrom...  44.6    0.005



Query_11  78        AGCAGGACGCGCCGCTGCAACACCGAC  104
20        14186636  ............T..............  14186662


Lambda      K        H
   0.634    0.408    0.912 

Gapped
Lambda      K        H
   0.625    0.410    0.780 

Effective search space used: 140310157020


  Database: GCA_015708825.1_Lethenteron_reissneri_genomic.fna
    Posted date:  Nov 25, 2021  11:40 AM
  Number of letters in database: 1,063,012,140
  Number of sequences in database:  1,945



Matrix: blastn matrix 2 -3
Gap Penalties: Existence: 5, Extension: 2
