BLASTN 2.6.0+


Reference: Stephen F. Altschul, Thomas L. Madden, Alejandro A.
Schaffer, Jinghui Zhang, Zheng Zhang, Webb Miller, and David J.
Lipman (1997), "Gapped BLAST and PSI-BLAST: a new generation of
protein database search programs", Nucleic Acids Res. 25:3389-3402.



Database: GCA_015708825.1_Lethenteron_reissneri_genomic.fna
           1,945 sequences; 1,063,012,140 total letters



Query= exon1

Length=93


***** No hits found *****



Lambda      K        H
   0.634    0.408    0.912 

Gapped
Lambda      K        H
   0.625    0.410    0.780 

Effective search space used: 69092249200


Query= exon2

Length=119


***** No hits found *****



Lambda      K        H
   0.634    0.408    0.912 

Gapped
Lambda      K        H
   0.625    0.410    0.780 

Effective search space used: 95666016150


Query= exon3

Length=1477


***** No hits found *****



Lambda      K        H
   0.634    0.408    0.912 

Gapped
Lambda      K        H
   0.625    0.410    0.780 

Effective search space used: 1535962605500


  Database: GCA_015708825.1_Lethenteron_reissneri_genomic.fna
    Posted date:  Nov 25, 2021  11:40 AM
  Number of letters in database: 1,063,012,140
  Number of sequences in database:  1,945



Matrix: blastn matrix 2 -3
Gap Penalties: Existence: 5, Extension: 2
