BLASTN 2.6.0+


Reference: Stephen F. Altschul, Thomas L. Madden, Alejandro A.
Schaffer, Jinghui Zhang, Zheng Zhang, Webb Miller, and David J.
Lipman (1997), "Gapped BLAST and PSI-BLAST: a new generation of
protein database search programs", Nucleic Acids Res. 25:3389-3402.



Database: GCA_900186335.2_Eptatretus_burgeri_genomic.fna
           10,846 sequences; 2,608,383,542 total letters



Query= exon1

Length=113


***** No hits found *****



Lambda      K        H
   0.634    0.408    0.912 

Gapped
Lambda      K        H
   0.625    0.410    0.780 

Effective search space used: 216468827446


Query= exon2

Length=118


***** No hits found *****



Lambda      K        H
   0.634    0.408    0.912 

Gapped
Lambda      K        H
   0.625    0.410    0.780 

Effective search space used: 229509118256


Query= exon3

Length=145


***** No hits found *****



Lambda      K        H
   0.634    0.408    0.912 

Gapped
Lambda      K        H
   0.625    0.410    0.780 

Effective search space used: 299926688630


Query= exon4

Length=145


***** No hits found *****



Lambda      K        H
   0.634    0.408    0.912 

Gapped
Lambda      K        H
   0.625    0.410    0.780 

Effective search space used: 299926688630


Query= exon5

Length=139


***** No hits found *****



Lambda      K        H
   0.634    0.408    0.912 

Gapped
Lambda      K        H
   0.625    0.410    0.780 

Effective search space used: 284278339658


Query= exon6

Length=219


***** No hits found *****



Lambda      K        H
   0.634    0.408    0.912 

Gapped
Lambda      K        H
   0.625    0.410    0.780 

Effective search space used: 490312895408


Query= exon7

Length=241


***** No hits found *****



Lambda      K        H
   0.634    0.408    0.912 

Gapped
Lambda      K        H
   0.625    0.410    0.780 

Effective search space used: 547689936360


Query= exon8

Length=132


***** No hits found *****



Lambda      K        H
   0.634    0.408    0.912 

Gapped
Lambda      K        H
   0.625    0.410    0.780 

Effective search space used: 266021932524


Query= exon9

Length=179


***** No hits found *****



Lambda      K        H
   0.634    0.408    0.912 

Gapped
Lambda      K        H
   0.625    0.410    0.780 

Effective search space used: 385991002768


Query= exon10

Length=232


***** No hits found *****



Lambda      K        H
   0.634    0.408    0.912 

Gapped
Lambda      K        H
   0.625    0.410    0.780 

Effective search space used: 524217510516


Query= exon11

Length=152


***** No hits found *****



Lambda      K        H
   0.634    0.408    0.912 

Gapped
Lambda      K        H
   0.625    0.410    0.780 

Effective search space used: 318183095764


  Database: GCA_900186335.2_Eptatretus_burgeri_genomic.fna
    Posted date:  Nov 25, 2021  11:38 AM
  Number of letters in database: 2,608,383,542
  Number of sequences in database:  10,846



Matrix: blastn matrix 2 -3
Gap Penalties: Existence: 5, Extension: 2
