BLASTN 2.6.0+


Reference: Stephen F. Altschul, Thomas L. Madden, Alejandro A.
Schaffer, Jinghui Zhang, Zheng Zhang, Webb Miller, and David J.
Lipman (1997), "Gapped BLAST and PSI-BLAST: a new generation of
protein database search programs", Nucleic Acids Res. 25:3389-3402.



Database: GCA_018977245.1_Lethenteron_camtschaticum_genomic.fna
           3,553 sequences; 1,074,727,531 total letters



Query= exon1

Length=74


***** No hits found *****



Lambda      K        H
   0.634    0.408    0.912 

Gapped
Lambda      K        H
   0.625    0.410    0.780 

Effective search space used: 49432890162


Query= exon2

Length=91


***** No hits found *****



Lambda      K        H
   0.634    0.408    0.912 

Gapped
Lambda      K        H
   0.625    0.410    0.780 

Effective search space used: 67701566961


Query= exon3

Length=151


***** No hits found *****



Lambda      K        H
   0.634    0.408    0.912 

Gapped
Lambda      K        H
   0.625    0.410    0.780 

Effective search space used: 131104188268


Query= exon4

Length=148


***** No hits found *****



Lambda      K        H
   0.634    0.408    0.912 

Gapped
Lambda      K        H
   0.625    0.410    0.780 

Effective search space used: 127880314786


Query= exon5

Length=139


***** No hits found *****



Lambda      K        H
   0.634    0.408    0.912 

Gapped
Lambda      K        H
   0.625    0.410    0.780 

Effective search space used: 118208694340


Query= exon6

Length=216


***** No hits found *****



Lambda      K        H
   0.634    0.408    0.912 

Gapped
Lambda      K        H
   0.625    0.410    0.780 

Effective search space used: 199879495026


Query= exon7

Length=241


***** No hits found *****



Lambda      K        H
   0.634    0.408    0.912 

Gapped
Lambda      K        H
   0.625    0.410    0.780 

Effective search space used: 226745018551


Query= exon8

Length=129


***** No hits found *****



Lambda      K        H
   0.634    0.408    0.912 

Gapped
Lambda      K        H
   0.625    0.410    0.780 

Effective search space used: 107462449400


Query= exon9

Length=176


***** No hits found *****



Lambda      K        H
   0.634    0.408    0.912 

Gapped
Lambda      K        H
   0.625    0.410    0.780 

Effective search space used: 157969800618


Query= exon10

Length=235


***** No hits found *****



Lambda      K        H
   0.634    0.408    0.912 

Gapped
Lambda      K        H
   0.625    0.410    0.780 

Effective search space used: 220297292905


Query= exon11

Length=161
                                                                      Score     E
Sequences producing significant alignments:                          (Bits)  Value

  WFAB01000972.1 Lethenteron camtschaticum isolate IMCB_JLM_01 co...  44.6    0.005



Query_11  78       AGCAGGACGCGCCGCTGCAACACCGAC  104
84        1838131  ............T..............  1838105


Lambda      K        H
   0.634    0.408    0.912 

Gapped
Lambda      K        H
   0.625    0.410    0.780 

Effective search space used: 141850433208


  Database: GCA_018977245.1_Lethenteron_camtschaticum_genomic.fna
    Posted date:  Nov 25, 2021  11:39 AM
  Number of letters in database: 1,074,727,531
  Number of sequences in database:  3,553



Matrix: blastn matrix 2 -3
Gap Penalties: Existence: 5, Extension: 2
