BLASTN 2.6.0+


Reference: Stephen F. Altschul, Thomas L. Madden, Alejandro A.
Schaffer, Jinghui Zhang, Zheng Zhang, Webb Miller, and David J.
Lipman (1997), "Gapped BLAST and PSI-BLAST: a new generation of
protein database search programs", Nucleic Acids Res. 25:3389-3402.



Database: GCF_010993605.1_Petromyzon_marinus_genomic.fna
           1,434 sequences; 1,089,050,413 total letters



Query= exon1

Length=231


***** No hits found *****



Lambda      K        H
   0.634    0.408    0.912 

Gapped
Lambda      K        H
   0.625    0.410    0.780 

Effective search space used: 218890485993


Query= exon2

Length=241


***** No hits found *****



Lambda      K        H
   0.634    0.408    0.912 

Gapped
Lambda      K        H
   0.625    0.410    0.780 

Effective search space used: 229780559923


Query= exon3

Length=123


***** No hits found *****



Lambda      K        H
   0.634    0.408    0.912 

Gapped
Lambda      K        H
   0.625    0.410    0.780 

Effective search space used: 102366829738


Query= exon4

Length=164


***** No hits found *****



Lambda      K        H
   0.634    0.408    0.912 

Gapped
Lambda      K        H
   0.625    0.410    0.780 

Effective search space used: 147016191645


Query= exon5

Length=226


***** No hits found *****



Lambda      K        H
   0.634    0.408    0.912 

Gapped
Lambda      K        H
   0.625    0.410    0.780 

Effective search space used: 213445449028


Query= exon6

Length=172


***** No hits found *****



Lambda      K        H
   0.634    0.408    0.912 

Gapped
Lambda      K        H
   0.625    0.410    0.780 

Effective search space used: 155728262261


Query= exon7

Length=157


***** No hits found *****



Lambda      K        H
   0.634    0.408    0.912 

Gapped
Lambda      K        H
   0.625    0.410    0.780 

Effective search space used: 139393129856


  Database: GCF_010993605.1_Petromyzon_marinus_genomic.fna
    Posted date:  Nov 25, 2021  11:40 AM
  Number of letters in database: 1,089,050,413
  Number of sequences in database:  1,434



Matrix: blastn matrix 2 -3
Gap Penalties: Existence: 5, Extension: 2
