BLASTN 2.6.0+


Reference: Stephen F. Altschul, Thomas L. Madden, Alejandro A.
Schaffer, Jinghui Zhang, Zheng Zhang, Webb Miller, and David J.
Lipman (1997), "Gapped BLAST and PSI-BLAST: a new generation of
protein database search programs", Nucleic Acids Res. 25:3389-3402.



Database: GCA_014621495.2_Entosphenus_tridentatus_genomic.fna
           141,124 sequences; 927,744,424 total letters



Query= exon1

Length=93


***** No hits found *****



Lambda      K        H
   0.634    0.408    0.912 

Gapped
Lambda      K        H
   0.625    0.410    0.780 

Effective search space used: 60046541880


Query= exon2

Length=119


***** No hits found *****



Lambda      K        H
   0.634    0.408    0.912 

Gapped
Lambda      K        H
   0.625    0.410    0.780 

Effective search space used: 83128664520


Query= exon3

Length=1477


***** No hits found *****



Lambda      K        H
   0.634    0.408    0.912 

Gapped
Lambda      K        H
   0.625    0.410    0.780 

Effective search space used: 1334065118920


  Database: GCA_014621495.2_Entosphenus_tridentatus_genomic.fna
    Posted date:  Nov 25, 2021  11:37 AM
  Number of letters in database: 927,744,424
  Number of sequences in database:  141,124



Matrix: blastn matrix 2 -3
Gap Penalties: Existence: 5, Extension: 2
