BLASTN 2.6.0+


Reference: Stephen F. Altschul, Thomas L. Madden, Alejandro A.
Schaffer, Jinghui Zhang, Zheng Zhang, Webb Miller, and David J.
Lipman (1997), "Gapped BLAST and PSI-BLAST: a new generation of
protein database search programs", Nucleic Acids Res. 25:3389-3402.



Database: GCA_014621495.2_Entosphenus_tridentatus_genomic.fna
           141,124 sequences; 927,744,424 total letters



Query= exon1

Length=231
                                                                      Score     E
Sequences producing significant alignments:                          (Bits)  Value

  CM025651.2 Entosphenus tridentatus isolate CRITFC18_GStd-0006 e...  44.6    0.007



Query_1  30      GAGAACTGTCCTGGAGGATGATGTCACAG  58
44       202149  ......A........A.............  202121


Lambda      K        H
   0.634    0.408    0.912 

Gapped
Lambda      K        H
   0.625    0.410    0.780 

Effective search space used: 185625651504


Query= exon2

Length=241


***** No hits found *****



Lambda      K        H
   0.634    0.408    0.912 

Gapped
Lambda      K        H
   0.625    0.410    0.780 

Effective search space used: 194860758544


Query= exon3

Length=123


***** No hits found *****



Lambda      K        H
   0.634    0.408    0.912 

Gapped
Lambda      K        H
   0.625    0.410    0.780 

Effective search space used: 86823271832


Query= exon4

Length=164


***** No hits found *****



Lambda      K        H
   0.634    0.408    0.912 

Gapped
Lambda      K        H
   0.625    0.410    0.780 

Effective search space used: 124692996780


Query= exon5

Length=226


***** No hits found *****



Lambda      K        H
   0.634    0.408    0.912 

Gapped
Lambda      K        H
   0.625    0.410    0.780 

Effective search space used: 181008097984


Query= exon6

Length=172


***** No hits found *****



Lambda      K        H
   0.634    0.408    0.912 

Gapped
Lambda      K        H
   0.625    0.410    0.780 

Effective search space used: 132082211404


Query= exon7

Length=157


***** No hits found *****



Lambda      K        H
   0.634    0.408    0.912 

Gapped
Lambda      K        H
   0.625    0.410    0.780 

Effective search space used: 118227433984


  Database: GCA_014621495.2_Entosphenus_tridentatus_genomic.fna
    Posted date:  Nov 25, 2021  11:37 AM
  Number of letters in database: 927,744,424
  Number of sequences in database:  141,124



Matrix: blastn matrix 2 -3
Gap Penalties: Existence: 5, Extension: 2
