
RAxML-NG v. 0.9.0 released on 20.05.2019 by The Exelixis Lab.
Developed by: Alexey M. Kozlov and Alexandros Stamatakis.
Contributors: Diego Darriba, Tomas Flouri, Benoit Morel, Sarah Lutteropp, Ben Bettisworth.
Latest version: https://github.com/amkozlov/raxml-ng
Questions/problems/suggestions? Please visit: https://groups.google.com/forum/#!forum/raxml

RAxML-NG was called at 28-Jan-2022 19:28:44 as follows:

raxml-ng --all -msa Squmata_C9_functional_duplicated_C8A_C8B.fa.PRANK.aln --model GTR+I+G4 --bs-trees 1000 --threads 4 --redo

Analysis options:
  run mode: ML tree search + bootstrapping (Felsenstein Bootstrap)
  start tree(s): random (10) + parsimony (10)
  bootstrap replicates: 1000
  random seed: 1643378324
  tip-inner: OFF
  pattern compression: ON
  per-rate scalers: OFF
  site repeats: ON
  branch lengths: proportional (ML estimate, algorithm: NR-FAST)
  SIMD kernels: AVX2
  parallelization: PTHREADS (4 threads), thread pinning: OFF

WARNING: Running in REDO mode: existing checkpoints are ignored, and all result files will be overwritten!

[00:00:00] Reading alignment from file: Squmata_C9_functional_duplicated_C8A_C8B.fa.PRANK.aln
[00:00:00] Loaded alignment with 65 taxa and 2478 sites

Alignment comprises 1 partitions and 1837 patterns

Partition 0: noname
Model: GTR+FO+I+G4m
Alignment sites / patterns: 2478 / 1837
Gaps: 29.15 %
Invariant sites: 28.45 %


NOTE: Binary MSA file created: Squmata_C9_functional_duplicated_C8A_C8B.fa.PRANK.aln.raxml.rba

[00:00:00] Generating 10 random starting tree(s) with 65 taxa
[00:00:00] Generating 10 parsimony starting tree(s) with 65 taxa
[00:00:00] Data distribution: max. partitions/sites/weight per thread: 1 / 460 / 7360

Starting ML tree search with 20 distinct starting trees

[00:02:21] ML tree search #1, logLikelihood: -45268.431994
[00:03:42] ML tree search #2, logLikelihood: -45276.699611
[00:05:08] ML tree search #3, logLikelihood: -45276.697989
[00:06:24] ML tree search #4, logLikelihood: -45276.699445
[00:08:02] ML tree search #5, logLikelihood: -45268.431509
[00:09:37] ML tree search #6, logLikelihood: -45276.697253
[00:11:18] ML tree search #7, logLikelihood: -45268.439702
[00:12:49] ML tree search #8, logLikelihood: -45268.429836
[00:14:05] ML tree search #9, logLikelihood: -45276.699252
[00:15:29] ML tree search #10, logLikelihood: -45276.697949
[00:17:18] ML tree search #11, logLikelihood: -45276.700440
[00:18:22] ML tree search #12, logLikelihood: -45276.699784
[00:19:36] ML tree search #13, logLikelihood: -45276.701135
[00:21:02] ML tree search #14, logLikelihood: -45276.703160
[00:22:07] ML tree search #15, logLikelihood: -45283.401951
[00:23:25] ML tree search #16, logLikelihood: -45276.700030
[00:24:36] ML tree search #17, logLikelihood: -45268.457533
[00:25:36] ML tree search #18, logLikelihood: -45283.401384
[00:26:31] ML tree search #19, logLikelihood: -45283.402014
[00:27:50] ML tree search #20, logLikelihood: -45276.701732

[00:27:50] ML tree search completed, best tree logLH: -45268.429836

[00:27:50] Starting bootstrapping analysis with 1000 replicates.

[00:29:04] Bootstrap tree #1, logLikelihood: -46695.486994
[00:30:31] Bootstrap tree #2, logLikelihood: -44510.105996
[00:31:40] Bootstrap tree #3, logLikelihood: -45813.541751
[00:32:52] Bootstrap tree #4, logLikelihood: -45927.704845
[00:34:10] Bootstrap tree #5, logLikelihood: -45317.362983
[00:35:16] Bootstrap tree #6, logLikelihood: -45045.170312
[00:36:40] Bootstrap tree #7, logLikelihood: -44950.355653
[00:37:35] Bootstrap tree #8, logLikelihood: -45081.679753
[00:39:01] Bootstrap tree #9, logLikelihood: -46292.497930
[00:40:16] Bootstrap tree #10, logLikelihood: -43562.713020
[00:41:27] Bootstrap tree #11, logLikelihood: -45407.232227
[00:42:44] Bootstrap tree #12, logLikelihood: -45628.107702
[00:44:08] Bootstrap tree #13, logLikelihood: -46404.875871
[00:45:20] Bootstrap tree #14, logLikelihood: -44656.020766
[00:46:53] Bootstrap tree #15, logLikelihood: -45743.150245
[00:48:26] Bootstrap tree #16, logLikelihood: -43982.691525
[00:49:44] Bootstrap tree #17, logLikelihood: -45900.476493
[00:51:15] Bootstrap tree #18, logLikelihood: -45699.792979
[00:52:35] Bootstrap tree #19, logLikelihood: -45301.583842
[00:53:38] Bootstrap tree #20, logLikelihood: -45223.583975
[00:54:49] Bootstrap tree #21, logLikelihood: -46070.558123
[00:56:17] Bootstrap tree #22, logLikelihood: -45281.563747
[00:57:38] Bootstrap tree #23, logLikelihood: -46018.239064
[00:58:43] Bootstrap tree #24, logLikelihood: -45120.303991
[00:59:45] Bootstrap tree #25, logLikelihood: -45803.148953
[01:00:59] Bootstrap tree #26, logLikelihood: -44881.458329
[01:02:39] Bootstrap tree #27, logLikelihood: -45988.365144
[01:03:41] Bootstrap tree #28, logLikelihood: -45145.244275
[01:04:58] Bootstrap tree #29, logLikelihood: -45410.957873
[01:06:23] Bootstrap tree #30, logLikelihood: -45143.663112
[01:08:10] Bootstrap tree #31, logLikelihood: -45563.801484
[01:09:25] Bootstrap tree #32, logLikelihood: -45240.607377
[01:10:52] Bootstrap tree #33, logLikelihood: -45015.397292
[01:11:48] Bootstrap tree #34, logLikelihood: -45838.702011
[01:13:01] Bootstrap tree #35, logLikelihood: -46134.488992
[01:13:53] Bootstrap tree #36, logLikelihood: -46430.602236
[01:15:48] Bootstrap tree #37, logLikelihood: -45585.709204
[01:17:21] Bootstrap tree #38, logLikelihood: -45048.087635
[01:18:55] Bootstrap tree #39, logLikelihood: -45461.136182
[01:20:15] Bootstrap tree #40, logLikelihood: -45445.192762
[01:21:56] Bootstrap tree #41, logLikelihood: -44593.137802
[01:23:08] Bootstrap tree #42, logLikelihood: -44156.095467
[01:25:02] Bootstrap tree #43, logLikelihood: -45790.193207
[01:26:46] Bootstrap tree #44, logLikelihood: -44822.206993
[01:28:15] Bootstrap tree #45, logLikelihood: -44483.887173
[01:29:55] Bootstrap tree #46, logLikelihood: -45227.864360
[01:30:58] Bootstrap tree #47, logLikelihood: -45296.368597
[01:32:06] Bootstrap tree #48, logLikelihood: -43128.363098
[01:33:13] Bootstrap tree #49, logLikelihood: -44712.731540
[01:34:16] Bootstrap tree #50, logLikelihood: -44983.064338
[01:35:37] Bootstrap tree #51, logLikelihood: -45645.008979
[01:36:54] Bootstrap tree #52, logLikelihood: -45281.024260
[01:38:01] Bootstrap tree #53, logLikelihood: -45450.485127
[01:39:04] Bootstrap tree #54, logLikelihood: -44494.258789
[01:39:57] Bootstrap tree #55, logLikelihood: -44914.104307
[01:41:04] Bootstrap tree #56, logLikelihood: -46239.151605
[01:42:10] Bootstrap tree #57, logLikelihood: -44018.323442
[01:43:19] Bootstrap tree #58, logLikelihood: -45644.215689
[01:44:29] Bootstrap tree #59, logLikelihood: -44842.016286
[01:45:27] Bootstrap tree #60, logLikelihood: -46191.462383
[01:46:37] Bootstrap tree #61, logLikelihood: -44528.486979
[01:47:58] Bootstrap tree #62, logLikelihood: -43321.761351
[01:48:56] Bootstrap tree #63, logLikelihood: -44942.624128
[01:50:02] Bootstrap tree #64, logLikelihood: -44881.437055
[01:51:37] Bootstrap tree #65, logLikelihood: -45996.974989
[01:52:44] Bootstrap tree #66, logLikelihood: -45182.775474
[01:53:38] Bootstrap tree #67, logLikelihood: -43561.352078
[01:54:51] Bootstrap tree #68, logLikelihood: -44584.971548
[01:56:02] Bootstrap tree #69, logLikelihood: -45223.100524
[01:57:21] Bootstrap tree #70, logLikelihood: -45685.026167
[01:58:31] Bootstrap tree #71, logLikelihood: -45579.695495
[01:59:26] Bootstrap tree #72, logLikelihood: -43312.496227
[02:00:43] Bootstrap tree #73, logLikelihood: -45022.695215
[02:01:45] Bootstrap tree #74, logLikelihood: -44381.306548
[02:02:51] Bootstrap tree #75, logLikelihood: -44958.652303
[02:03:38] Bootstrap tree #76, logLikelihood: -47024.688727
[02:04:32] Bootstrap tree #77, logLikelihood: -45323.721080
[02:05:12] Bootstrap tree #78, logLikelihood: -44204.343193
[02:05:57] Bootstrap tree #79, logLikelihood: -44176.471356
[02:06:47] Bootstrap tree #80, logLikelihood: -44006.912250
[02:07:40] Bootstrap tree #81, logLikelihood: -46681.504729
[02:08:31] Bootstrap tree #82, logLikelihood: -45746.237329
[02:09:28] Bootstrap tree #83, logLikelihood: -45809.684384
[02:10:11] Bootstrap tree #84, logLikelihood: -45309.745509
[02:10:53] Bootstrap tree #85, logLikelihood: -45790.261073
[02:11:45] Bootstrap tree #86, logLikelihood: -46620.757333
[02:12:35] Bootstrap tree #87, logLikelihood: -45339.213011
[02:13:39] Bootstrap tree #88, logLikelihood: -45707.781658
[02:14:30] Bootstrap tree #89, logLikelihood: -46152.367706
[02:15:21] Bootstrap tree #90, logLikelihood: -44729.222701
[02:16:06] Bootstrap tree #91, logLikelihood: -44257.139648
[02:16:50] Bootstrap tree #92, logLikelihood: -45559.549275
[02:17:40] Bootstrap tree #93, logLikelihood: -46382.597907
[02:18:32] Bootstrap tree #94, logLikelihood: -44969.611774
[02:19:11] Bootstrap tree #95, logLikelihood: -45285.754990
[02:20:00] Bootstrap tree #96, logLikelihood: -44903.240003
[02:20:40] Bootstrap tree #97, logLikelihood: -45225.549875
[02:21:39] Bootstrap tree #98, logLikelihood: -45645.952992
[02:22:53] Bootstrap tree #99, logLikelihood: -45186.127009
[02:23:43] Bootstrap tree #100, logLikelihood: -44077.754600
[02:24:41] Bootstrap tree #101, logLikelihood: -45250.585438
[02:25:35] Bootstrap tree #102, logLikelihood: -44972.007560
[02:26:15] Bootstrap tree #103, logLikelihood: -45955.373852
[02:27:02] Bootstrap tree #104, logLikelihood: -44410.239721
[02:27:55] Bootstrap tree #105, logLikelihood: -45985.327591
[02:28:43] Bootstrap tree #106, logLikelihood: -45938.432724
[02:29:25] Bootstrap tree #107, logLikelihood: -44621.948820
[02:30:15] Bootstrap tree #108, logLikelihood: -44093.737720
[02:31:21] Bootstrap tree #109, logLikelihood: -45910.246361
[02:32:07] Bootstrap tree #110, logLikelihood: -46312.498716
[02:32:56] Bootstrap tree #111, logLikelihood: -45432.882263
[02:34:02] Bootstrap tree #112, logLikelihood: -45310.980268
[02:34:44] Bootstrap tree #113, logLikelihood: -44408.357190
[02:35:56] Bootstrap tree #114, logLikelihood: -44704.448032
[02:36:34] Bootstrap tree #115, logLikelihood: -43204.440912
[02:37:30] Bootstrap tree #116, logLikelihood: -44611.975418
[02:38:11] Bootstrap tree #117, logLikelihood: -43949.996295
[02:39:13] Bootstrap tree #118, logLikelihood: -44986.807573
[02:39:50] Bootstrap tree #119, logLikelihood: -44666.931871
[02:40:41] Bootstrap tree #120, logLikelihood: -44646.782380
[02:41:36] Bootstrap tree #121, logLikelihood: -45603.202220
[02:42:29] Bootstrap tree #122, logLikelihood: -46229.252570
[02:43:14] Bootstrap tree #123, logLikelihood: -45892.989458
[02:44:10] Bootstrap tree #124, logLikelihood: -44877.441954
[02:44:59] Bootstrap tree #125, logLikelihood: -46160.337537
[02:45:49] Bootstrap tree #126, logLikelihood: -45289.801671
[02:46:36] Bootstrap tree #127, logLikelihood: -45017.403199
[02:47:28] Bootstrap tree #128, logLikelihood: -45742.778906
[02:48:23] Bootstrap tree #129, logLikelihood: -45774.548341
[02:49:21] Bootstrap tree #130, logLikelihood: -46825.182276
[02:50:12] Bootstrap tree #131, logLikelihood: -44706.023354
[02:50:58] Bootstrap tree #132, logLikelihood: -45149.454339
[02:51:50] Bootstrap tree #133, logLikelihood: -43997.666699
[02:52:49] Bootstrap tree #134, logLikelihood: -45402.586028
[02:53:38] Bootstrap tree #135, logLikelihood: -46578.716819
[02:54:20] Bootstrap tree #136, logLikelihood: -45960.207127
[02:55:25] Bootstrap tree #137, logLikelihood: -45257.003666
[02:56:14] Bootstrap tree #138, logLikelihood: -44458.520695
[02:57:02] Bootstrap tree #139, logLikelihood: -46947.224533
[02:57:57] Bootstrap tree #140, logLikelihood: -46014.993710
[02:59:00] Bootstrap tree #141, logLikelihood: -45173.951084
[02:59:51] Bootstrap tree #142, logLikelihood: -45418.394224
[03:00:36] Bootstrap tree #143, logLikelihood: -46086.577264
[03:01:13] Bootstrap tree #144, logLikelihood: -44563.478938
[03:02:12] Bootstrap tree #145, logLikelihood: -45718.634298
[03:03:07] Bootstrap tree #146, logLikelihood: -44104.668367
[03:04:10] Bootstrap tree #147, logLikelihood: -46443.441666
[03:04:57] Bootstrap tree #148, logLikelihood: -44770.693123
[03:05:39] Bootstrap tree #149, logLikelihood: -44718.150477
[03:06:34] Bootstrap tree #150, logLikelihood: -45227.087594
[03:07:15] Bootstrap tree #151, logLikelihood: -43918.543446
[03:08:10] Bootstrap tree #152, logLikelihood: -45668.999157
[03:09:03] Bootstrap tree #153, logLikelihood: -43353.382126
[03:10:02] Bootstrap tree #154, logLikelihood: -44395.976897
[03:11:01] Bootstrap tree #155, logLikelihood: -43672.235412
[03:11:59] Bootstrap tree #156, logLikelihood: -44305.308061
[03:12:48] Bootstrap tree #157, logLikelihood: -44781.099215
[03:13:40] Bootstrap tree #158, logLikelihood: -44472.942543
[03:14:30] Bootstrap tree #159, logLikelihood: -46536.699974
[03:15:35] Bootstrap tree #160, logLikelihood: -46467.549432
[03:16:27] Bootstrap tree #161, logLikelihood: -44883.456832
[03:17:12] Bootstrap tree #162, logLikelihood: -44841.761469
[03:17:58] Bootstrap tree #163, logLikelihood: -45207.215355
[03:18:48] Bootstrap tree #164, logLikelihood: -45276.708991
[03:19:33] Bootstrap tree #165, logLikelihood: -44598.775544
[03:20:33] Bootstrap tree #166, logLikelihood: -46254.710425
[03:21:29] Bootstrap tree #167, logLikelihood: -45245.940872
[03:22:22] Bootstrap tree #168, logLikelihood: -44242.192625
[03:23:11] Bootstrap tree #169, logLikelihood: -45500.877617
[03:24:03] Bootstrap tree #170, logLikelihood: -45505.654932
[03:25:15] Bootstrap tree #171, logLikelihood: -43889.639909
[03:26:13] Bootstrap tree #172, logLikelihood: -44836.618101
[03:27:18] Bootstrap tree #173, logLikelihood: -45371.011723
[03:28:05] Bootstrap tree #174, logLikelihood: -45577.649913
[03:29:02] Bootstrap tree #175, logLikelihood: -45028.976157
[03:29:56] Bootstrap tree #176, logLikelihood: -44789.890511
[03:30:40] Bootstrap tree #177, logLikelihood: -45515.970389
[03:31:24] Bootstrap tree #178, logLikelihood: -45494.331092
[03:32:17] Bootstrap tree #179, logLikelihood: -45494.477157
[03:33:09] Bootstrap tree #180, logLikelihood: -44496.531470
[03:34:00] Bootstrap tree #181, logLikelihood: -45447.141618
[03:34:51] Bootstrap tree #182, logLikelihood: -45136.191203
[03:35:35] Bootstrap tree #183, logLikelihood: -44925.669068
[03:36:34] Bootstrap tree #184, logLikelihood: -44092.582528
[03:37:29] Bootstrap tree #185, logLikelihood: -44216.686272
[03:38:28] Bootstrap tree #186, logLikelihood: -44016.685051
[03:39:18] Bootstrap tree #187, logLikelihood: -46364.733543
[03:40:11] Bootstrap tree #188, logLikelihood: -44908.098462
[03:40:51] Bootstrap tree #189, logLikelihood: -45351.867341
[03:41:36] Bootstrap tree #190, logLikelihood: -45292.886653
[03:42:17] Bootstrap tree #191, logLikelihood: -45502.727469
[03:43:10] Bootstrap tree #192, logLikelihood: -45106.385835
[03:43:50] Bootstrap tree #193, logLikelihood: -44770.592979
[03:44:31] Bootstrap tree #194, logLikelihood: -44139.371005
[03:45:29] Bootstrap tree #195, logLikelihood: -44764.464167
[03:46:21] Bootstrap tree #196, logLikelihood: -44873.848505
[03:47:17] Bootstrap tree #197, logLikelihood: -45344.063639
[03:48:03] Bootstrap tree #198, logLikelihood: -45278.748894
[03:48:59] Bootstrap tree #199, logLikelihood: -44788.485749
[03:49:47] Bootstrap tree #200, logLikelihood: -44912.833021
[03:50:41] Bootstrap tree #201, logLikelihood: -45716.554017
[03:51:25] Bootstrap tree #202, logLikelihood: -45550.453463
[03:52:17] Bootstrap tree #203, logLikelihood: -45134.975851
[03:53:08] Bootstrap tree #204, logLikelihood: -44103.820291
[03:54:10] Bootstrap tree #205, logLikelihood: -44674.553897
[03:55:01] Bootstrap tree #206, logLikelihood: -45585.569449
[03:55:53] Bootstrap tree #207, logLikelihood: -45774.099263
[03:56:33] Bootstrap tree #208, logLikelihood: -44875.267519
[03:57:29] Bootstrap tree #209, logLikelihood: -45089.625692
[03:58:16] Bootstrap tree #210, logLikelihood: -44686.521888
[03:58:57] Bootstrap tree #211, logLikelihood: -44971.619957
[03:59:42] Bootstrap tree #212, logLikelihood: -45560.383000
[04:00:37] Bootstrap tree #213, logLikelihood: -44536.639696
[04:01:31] Bootstrap tree #214, logLikelihood: -44995.058623
[04:02:18] Bootstrap tree #215, logLikelihood: -45879.752891
[04:03:15] Bootstrap tree #216, logLikelihood: -43715.770192
[04:04:09] Bootstrap tree #217, logLikelihood: -44571.714860
[04:04:54] Bootstrap tree #218, logLikelihood: -45742.184258
[04:05:39] Bootstrap tree #219, logLikelihood: -46775.839451
[04:06:20] Bootstrap tree #220, logLikelihood: -45598.935200
[04:06:52] Bootstrap tree #221, logLikelihood: -44536.223829
[04:07:34] Bootstrap tree #222, logLikelihood: -45299.630728
[04:08:30] Bootstrap tree #223, logLikelihood: -44597.636549
[04:09:19] Bootstrap tree #224, logLikelihood: -44415.058658
[04:10:04] Bootstrap tree #225, logLikelihood: -45663.552017
[04:10:52] Bootstrap tree #226, logLikelihood: -44606.733442
[04:11:39] Bootstrap tree #227, logLikelihood: -45459.633542
[04:12:27] Bootstrap tree #228, logLikelihood: -44306.102566
[04:13:13] Bootstrap tree #229, logLikelihood: -45298.625653
[04:14:03] Bootstrap tree #230, logLikelihood: -45053.802219
[04:14:55] Bootstrap tree #231, logLikelihood: -46314.235962
[04:15:46] Bootstrap tree #232, logLikelihood: -43777.967603
[04:16:47] Bootstrap tree #233, logLikelihood: -45426.522108
[04:17:25] Bootstrap tree #234, logLikelihood: -44272.243693
[04:18:12] Bootstrap tree #235, logLikelihood: -46477.073495
[04:18:55] Bootstrap tree #236, logLikelihood: -45457.588122
[04:19:47] Bootstrap tree #237, logLikelihood: -44667.262489
[04:20:31] Bootstrap tree #238, logLikelihood: -44805.083934
[04:21:28] Bootstrap tree #239, logLikelihood: -44604.440675
[04:22:11] Bootstrap tree #240, logLikelihood: -44909.842527
[04:22:59] Bootstrap tree #241, logLikelihood: -44706.336080
[04:23:48] Bootstrap tree #242, logLikelihood: -44645.102104
[04:24:32] Bootstrap tree #243, logLikelihood: -44370.890401
[04:25:24] Bootstrap tree #244, logLikelihood: -45057.651668
[04:26:08] Bootstrap tree #245, logLikelihood: -44623.363828
[04:27:02] Bootstrap tree #246, logLikelihood: -45609.363671
[04:27:51] Bootstrap tree #247, logLikelihood: -44638.284003
[04:28:32] Bootstrap tree #248, logLikelihood: -45806.656687
[04:29:19] Bootstrap tree #249, logLikelihood: -45814.001719
[04:30:09] Bootstrap tree #250, logLikelihood: -45469.980300
[04:30:55] Bootstrap tree #251, logLikelihood: -44879.552231
[04:31:36] Bootstrap tree #252, logLikelihood: -44724.927456
[04:32:31] Bootstrap tree #253, logLikelihood: -45345.597398
[04:33:43] Bootstrap tree #254, logLikelihood: -45327.521087
[04:34:35] Bootstrap tree #255, logLikelihood: -44694.801013
[04:35:23] Bootstrap tree #256, logLikelihood: -46189.864747
[04:36:22] Bootstrap tree #257, logLikelihood: -44868.266333
[04:37:25] Bootstrap tree #258, logLikelihood: -44574.390607
[04:38:26] Bootstrap tree #259, logLikelihood: -45370.057149
[04:39:22] Bootstrap tree #260, logLikelihood: -44899.665152
[04:40:05] Bootstrap tree #261, logLikelihood: -44603.496301
[04:40:52] Bootstrap tree #262, logLikelihood: -45323.336461
[04:41:38] Bootstrap tree #263, logLikelihood: -45196.444299
[04:42:38] Bootstrap tree #264, logLikelihood: -45556.682280
[04:43:33] Bootstrap tree #265, logLikelihood: -45533.839233
[04:44:31] Bootstrap tree #266, logLikelihood: -45993.762129
[04:45:13] Bootstrap tree #267, logLikelihood: -45352.190153
[04:45:55] Bootstrap tree #268, logLikelihood: -44204.359544
[04:46:45] Bootstrap tree #269, logLikelihood: -46277.928782
[04:47:35] Bootstrap tree #270, logLikelihood: -44704.712231
[04:48:27] Bootstrap tree #271, logLikelihood: -45136.726367
[04:49:34] Bootstrap tree #272, logLikelihood: -44865.682593
[04:50:23] Bootstrap tree #273, logLikelihood: -46204.249437
[04:51:08] Bootstrap tree #274, logLikelihood: -44468.530330
[04:52:05] Bootstrap tree #275, logLikelihood: -45091.553602
[04:53:12] Bootstrap tree #276, logLikelihood: -45346.814331
[04:54:08] Bootstrap tree #277, logLikelihood: -45570.010632
[04:55:07] Bootstrap tree #278, logLikelihood: -45953.107837
[04:56:17] Bootstrap tree #279, logLikelihood: -45625.645012
[04:57:16] Bootstrap tree #280, logLikelihood: -44653.403144
[04:58:09] Bootstrap tree #281, logLikelihood: -45178.141186
[04:58:53] Bootstrap tree #282, logLikelihood: -45515.250852
[04:59:49] Bootstrap tree #283, logLikelihood: -45208.969602
[05:00:39] Bootstrap tree #284, logLikelihood: -44847.886710
[05:01:28] Bootstrap tree #285, logLikelihood: -45137.726887
[05:02:15] Bootstrap tree #286, logLikelihood: -46864.140217
[05:03:04] Bootstrap tree #287, logLikelihood: -45156.527063
[05:04:09] Bootstrap tree #288, logLikelihood: -45966.061866
[05:04:58] Bootstrap tree #289, logLikelihood: -45008.732382
[05:05:46] Bootstrap tree #290, logLikelihood: -44810.027569
[05:06:37] Bootstrap tree #291, logLikelihood: -45682.483890
[05:07:32] Bootstrap tree #292, logLikelihood: -44552.601123
[05:08:32] Bootstrap tree #293, logLikelihood: -44839.188510
[05:09:29] Bootstrap tree #294, logLikelihood: -45180.511649
[05:10:16] Bootstrap tree #295, logLikelihood: -44901.805230
[05:11:00] Bootstrap tree #296, logLikelihood: -43674.975645
[05:11:59] Bootstrap tree #297, logLikelihood: -44527.250565
[05:13:10] Bootstrap tree #298, logLikelihood: -45078.409543
[05:14:00] Bootstrap tree #299, logLikelihood: -45546.119524
[05:14:44] Bootstrap tree #300, logLikelihood: -45308.023644
[05:15:42] Bootstrap tree #301, logLikelihood: -45577.596320
[05:16:32] Bootstrap tree #302, logLikelihood: -44559.402141
[05:17:20] Bootstrap tree #303, logLikelihood: -45453.836226
[05:18:03] Bootstrap tree #304, logLikelihood: -45879.929446
[05:18:57] Bootstrap tree #305, logLikelihood: -45422.926590
[05:19:42] Bootstrap tree #306, logLikelihood: -45788.618966
[05:20:31] Bootstrap tree #307, logLikelihood: -43893.362871
[05:21:35] Bootstrap tree #308, logLikelihood: -45594.345912
[05:22:21] Bootstrap tree #309, logLikelihood: -44810.932427
[05:23:14] Bootstrap tree #310, logLikelihood: -44734.033574
[05:24:09] Bootstrap tree #311, logLikelihood: -44388.833709
[05:24:56] Bootstrap tree #312, logLikelihood: -44105.134824
[05:25:46] Bootstrap tree #313, logLikelihood: -45153.358563
[05:26:36] Bootstrap tree #314, logLikelihood: -46642.253610
[05:27:23] Bootstrap tree #315, logLikelihood: -44620.663650
[05:28:29] Bootstrap tree #316, logLikelihood: -46049.497639
[05:29:29] Bootstrap tree #317, logLikelihood: -45370.102829
[05:30:26] Bootstrap tree #318, logLikelihood: -44729.514044
[05:31:07] Bootstrap tree #319, logLikelihood: -45880.031325
[05:31:59] Bootstrap tree #320, logLikelihood: -45806.569414
[05:32:45] Bootstrap tree #321, logLikelihood: -45150.033486
[05:33:37] Bootstrap tree #322, logLikelihood: -45192.299671
[05:34:30] Bootstrap tree #323, logLikelihood: -45236.555961
[05:35:38] Bootstrap tree #324, logLikelihood: -45093.365869
[05:36:34] Bootstrap tree #325, logLikelihood: -44819.929584
[05:37:21] Bootstrap tree #326, logLikelihood: -45138.576165
[05:38:02] Bootstrap tree #327, logLikelihood: -44407.248009
[05:38:51] Bootstrap tree #328, logLikelihood: -44943.874633
[05:39:33] Bootstrap tree #329, logLikelihood: -45933.185427
[05:40:21] Bootstrap tree #330, logLikelihood: -45840.178726
[05:41:17] Bootstrap tree #331, logLikelihood: -44907.333360
[05:42:12] Bootstrap tree #332, logLikelihood: -44094.163319
[05:43:01] Bootstrap tree #333, logLikelihood: -44814.445726
[05:44:06] Bootstrap tree #334, logLikelihood: -45268.348710
[05:44:55] Bootstrap tree #335, logLikelihood: -45854.351112
[05:45:48] Bootstrap tree #336, logLikelihood: -45750.616172
[05:46:35] Bootstrap tree #337, logLikelihood: -46176.658272
[05:47:27] Bootstrap tree #338, logLikelihood: -44002.120289
[05:48:05] Bootstrap tree #339, logLikelihood: -45023.344744
[05:48:53] Bootstrap tree #340, logLikelihood: -45846.351877
[05:49:46] Bootstrap tree #341, logLikelihood: -44534.949540
[05:50:26] Bootstrap tree #342, logLikelihood: -46323.329492
[05:51:21] Bootstrap tree #343, logLikelihood: -45601.730186
[05:52:11] Bootstrap tree #344, logLikelihood: -45639.264074
[05:53:02] Bootstrap tree #345, logLikelihood: -45343.139630
[05:53:51] Bootstrap tree #346, logLikelihood: -44791.358317
[05:55:00] Bootstrap tree #347, logLikelihood: -44498.379347
[05:55:57] Bootstrap tree #348, logLikelihood: -44704.626192
[05:56:38] Bootstrap tree #349, logLikelihood: -43927.246781
[05:57:35] Bootstrap tree #350, logLikelihood: -44464.868065
[05:58:25] Bootstrap tree #351, logLikelihood: -45666.979493
[05:59:15] Bootstrap tree #352, logLikelihood: -45450.945432
[06:00:01] Bootstrap tree #353, logLikelihood: -44777.362957
[06:01:06] Bootstrap tree #354, logLikelihood: -43909.570914
[06:01:51] Bootstrap tree #355, logLikelihood: -45021.198937
[06:02:45] Bootstrap tree #356, logLikelihood: -45517.004047
[06:03:39] Bootstrap tree #357, logLikelihood: -45479.016586
[06:04:37] Bootstrap tree #358, logLikelihood: -44725.336473
[06:05:31] Bootstrap tree #359, logLikelihood: -45073.160259
[06:06:11] Bootstrap tree #360, logLikelihood: -45512.707186
[06:07:05] Bootstrap tree #361, logLikelihood: -45670.143776
[06:07:54] Bootstrap tree #362, logLikelihood: -46433.855237
[06:08:40] Bootstrap tree #363, logLikelihood: -45410.087336
[06:09:30] Bootstrap tree #364, logLikelihood: -45554.344423
[06:10:27] Bootstrap tree #365, logLikelihood: -45654.114398
[06:11:12] Bootstrap tree #366, logLikelihood: -44701.150265
[06:12:08] Bootstrap tree #367, logLikelihood: -45740.016732
[06:13:02] Bootstrap tree #368, logLikelihood: -44232.951047
[06:13:58] Bootstrap tree #369, logLikelihood: -45313.564289
[06:14:42] Bootstrap tree #370, logLikelihood: -43506.406114
[06:15:41] Bootstrap tree #371, logLikelihood: -44729.630595
[06:16:36] Bootstrap tree #372, logLikelihood: -45277.866036
[06:17:19] Bootstrap tree #373, logLikelihood: -45090.502713
[06:18:22] Bootstrap tree #374, logLikelihood: -45221.818758
[06:19:05] Bootstrap tree #375, logLikelihood: -44684.422981
[06:20:08] Bootstrap tree #376, logLikelihood: -45061.108100
[06:20:56] Bootstrap tree #377, logLikelihood: -43640.931799
[06:21:50] Bootstrap tree #378, logLikelihood: -46494.635474
[06:22:41] Bootstrap tree #379, logLikelihood: -45863.190926
[06:23:35] Bootstrap tree #380, logLikelihood: -43966.712154
[06:24:30] Bootstrap tree #381, logLikelihood: -45495.309222
[06:25:26] Bootstrap tree #382, logLikelihood: -45046.885109
[06:26:22] Bootstrap tree #383, logLikelihood: -45848.369807
[06:27:23] Bootstrap tree #384, logLikelihood: -45250.063413
[06:28:14] Bootstrap tree #385, logLikelihood: -43991.296863
[06:29:08] Bootstrap tree #386, logLikelihood: -46047.042107
[06:29:58] Bootstrap tree #387, logLikelihood: -44560.501027
[06:30:41] Bootstrap tree #388, logLikelihood: -45144.291300
[06:31:37] Bootstrap tree #389, logLikelihood: -45410.698301
[06:32:24] Bootstrap tree #390, logLikelihood: -44268.648557
[06:33:23] Bootstrap tree #391, logLikelihood: -45235.023958
[06:34:15] Bootstrap tree #392, logLikelihood: -46060.257030
[06:35:18] Bootstrap tree #393, logLikelihood: -44385.161547
[06:36:18] Bootstrap tree #394, logLikelihood: -44885.944401
[06:37:06] Bootstrap tree #395, logLikelihood: -45844.224642
[06:38:08] Bootstrap tree #396, logLikelihood: -45591.736378
[06:38:46] Bootstrap tree #397, logLikelihood: -44858.662758
[06:39:44] Bootstrap tree #398, logLikelihood: -44690.264417
[06:40:33] Bootstrap tree #399, logLikelihood: -44748.235957
[06:41:36] Bootstrap tree #400, logLikelihood: -45297.064328
[06:42:28] Bootstrap tree #401, logLikelihood: -45432.358675
[06:43:18] Bootstrap tree #402, logLikelihood: -44403.964527
[06:44:09] Bootstrap tree #403, logLikelihood: -45789.554359
[06:45:09] Bootstrap tree #404, logLikelihood: -44015.120890
[06:46:17] Bootstrap tree #405, logLikelihood: -45848.485750
[06:47:20] Bootstrap tree #406, logLikelihood: -46596.808738
[06:48:06] Bootstrap tree #407, logLikelihood: -44730.380640
[06:49:04] Bootstrap tree #408, logLikelihood: -44014.777571
[06:49:44] Bootstrap tree #409, logLikelihood: -45823.890990
[06:50:36] Bootstrap tree #410, logLikelihood: -45655.462574
[06:51:29] Bootstrap tree #411, logLikelihood: -45512.752741
[06:52:13] Bootstrap tree #412, logLikelihood: -45887.862158
[06:53:02] Bootstrap tree #413, logLikelihood: -44077.869758
[06:53:58] Bootstrap tree #414, logLikelihood: -43937.270581
[06:54:45] Bootstrap tree #415, logLikelihood: -45251.591157
[06:55:29] Bootstrap tree #416, logLikelihood: -43292.305010
[06:56:30] Bootstrap tree #417, logLikelihood: -46371.850784
[06:57:29] Bootstrap tree #418, logLikelihood: -45899.428463
[06:58:29] Bootstrap tree #419, logLikelihood: -43461.716550
[06:59:24] Bootstrap tree #420, logLikelihood: -44565.946213
[07:00:28] Bootstrap tree #421, logLikelihood: -44549.720872
[07:01:34] Bootstrap tree #422, logLikelihood: -45812.003416
[07:02:43] Bootstrap tree #423, logLikelihood: -45010.328910
[07:03:50] Bootstrap tree #424, logLikelihood: -46454.125918
[07:05:10] Bootstrap tree #425, logLikelihood: -45312.459141
[07:06:40] Bootstrap tree #426, logLikelihood: -45881.553892
[07:07:56] Bootstrap tree #427, logLikelihood: -45102.467420
[07:09:16] Bootstrap tree #428, logLikelihood: -44968.830680
[07:10:17] Bootstrap tree #429, logLikelihood: -45335.282131
[07:11:23] Bootstrap tree #430, logLikelihood: -45205.194425
[07:12:35] Bootstrap tree #431, logLikelihood: -45049.014688
[07:14:05] Bootstrap tree #432, logLikelihood: -44949.336555
[07:15:18] Bootstrap tree #433, logLikelihood: -45871.437269
[07:16:20] Bootstrap tree #434, logLikelihood: -43792.217190
[07:17:40] Bootstrap tree #435, logLikelihood: -44673.873803
[07:18:54] Bootstrap tree #436, logLikelihood: -44408.761629
[07:20:03] Bootstrap tree #437, logLikelihood: -44749.567475
[07:21:09] Bootstrap tree #438, logLikelihood: -45517.837078
[07:22:14] Bootstrap tree #439, logLikelihood: -44575.101098
[07:23:15] Bootstrap tree #440, logLikelihood: -43933.191123
[07:24:07] Bootstrap tree #441, logLikelihood: -44625.167497
[07:25:13] Bootstrap tree #442, logLikelihood: -45163.224705
[07:26:26] Bootstrap tree #443, logLikelihood: -44867.895403
[07:27:39] Bootstrap tree #444, logLikelihood: -44606.732535
[07:28:47] Bootstrap tree #445, logLikelihood: -46173.609096
[07:29:42] Bootstrap tree #446, logLikelihood: -45343.677181
[07:31:03] Bootstrap tree #447, logLikelihood: -45038.570329
[07:32:11] Bootstrap tree #448, logLikelihood: -45606.159792
[07:33:26] Bootstrap tree #449, logLikelihood: -44934.344024
[07:34:50] Bootstrap tree #450, logLikelihood: -44982.551098
[07:35:49] Bootstrap tree #451, logLikelihood: -44772.300170
[07:36:52] Bootstrap tree #452, logLikelihood: -46351.083020
[07:38:10] Bootstrap tree #453, logLikelihood: -44009.820389
[07:39:13] Bootstrap tree #454, logLikelihood: -45703.490351
[07:40:32] Bootstrap tree #455, logLikelihood: -45026.295022
[07:41:36] Bootstrap tree #456, logLikelihood: -44790.214506
[07:42:45] Bootstrap tree #457, logLikelihood: -44665.174939
[07:43:48] Bootstrap tree #458, logLikelihood: -44586.029704
[07:44:49] Bootstrap tree #459, logLikelihood: -43977.369392
[07:46:00] Bootstrap tree #460, logLikelihood: -45099.986708
[07:47:09] Bootstrap tree #461, logLikelihood: -44941.180700
[07:48:20] Bootstrap tree #462, logLikelihood: -45603.863802
[07:49:30] Bootstrap tree #463, logLikelihood: -44522.725305
[07:50:38] Bootstrap tree #464, logLikelihood: -45946.696804
[07:51:52] Bootstrap tree #465, logLikelihood: -45587.952451
[07:52:46] Bootstrap tree #466, logLikelihood: -44370.740213
[07:53:46] Bootstrap tree #467, logLikelihood: -45073.652199
[07:54:44] Bootstrap tree #468, logLikelihood: -45146.956466
[07:55:36] Bootstrap tree #469, logLikelihood: -43631.589468
[07:56:30] Bootstrap tree #470, logLikelihood: -45188.757760
[07:57:27] Bootstrap tree #471, logLikelihood: -45019.715505
[07:58:23] Bootstrap tree #472, logLikelihood: -44427.578960
[07:59:09] Bootstrap tree #473, logLikelihood: -45616.292554
[08:00:08] Bootstrap tree #474, logLikelihood: -44988.775624
[08:00:53] Bootstrap tree #475, logLikelihood: -44445.833732
[08:01:59] Bootstrap tree #476, logLikelihood: -44507.321846
[08:02:39] Bootstrap tree #477, logLikelihood: -44717.233466
[08:03:31] Bootstrap tree #478, logLikelihood: -46226.761170
[08:04:14] Bootstrap tree #479, logLikelihood: -47100.865335
[08:05:04] Bootstrap tree #480, logLikelihood: -47653.002886
[08:06:02] Bootstrap tree #481, logLikelihood: -45213.063689
[08:07:03] Bootstrap tree #482, logLikelihood: -45303.698825
[08:07:55] Bootstrap tree #483, logLikelihood: -46902.884600
[08:08:40] Bootstrap tree #484, logLikelihood: -45363.493973
[08:09:24] Bootstrap tree #485, logLikelihood: -44565.134360
[08:10:09] Bootstrap tree #486, logLikelihood: -45981.729858
[08:11:12] Bootstrap tree #487, logLikelihood: -45588.664843
[08:12:12] Bootstrap tree #488, logLikelihood: -44225.192266
[08:13:04] Bootstrap tree #489, logLikelihood: -44460.715100
[08:14:01] Bootstrap tree #490, logLikelihood: -44686.347589
[08:14:43] Bootstrap tree #491, logLikelihood: -45203.176873
[08:15:23] Bootstrap tree #492, logLikelihood: -44349.996749
[08:16:15] Bootstrap tree #493, logLikelihood: -44378.631349
[08:17:23] Bootstrap tree #494, logLikelihood: -45101.046461
[08:18:06] Bootstrap tree #495, logLikelihood: -45746.137530
[08:19:10] Bootstrap tree #496, logLikelihood: -46100.552694
[08:19:58] Bootstrap tree #497, logLikelihood: -46230.173986
[08:20:41] Bootstrap tree #498, logLikelihood: -47094.102386
[08:21:22] Bootstrap tree #499, logLikelihood: -45043.791439
[08:22:11] Bootstrap tree #500, logLikelihood: -46545.645638
[08:23:04] Bootstrap tree #501, logLikelihood: -44335.606241
[08:23:47] Bootstrap tree #502, logLikelihood: -44248.488123
[08:24:43] Bootstrap tree #503, logLikelihood: -44429.299289
[08:25:44] Bootstrap tree #504, logLikelihood: -46375.162263
[08:26:32] Bootstrap tree #505, logLikelihood: -43111.812003
[08:27:25] Bootstrap tree #506, logLikelihood: -44910.449339
[08:28:12] Bootstrap tree #507, logLikelihood: -45376.222502
[08:28:57] Bootstrap tree #508, logLikelihood: -45941.553397
[08:29:51] Bootstrap tree #509, logLikelihood: -45896.900080
[08:30:32] Bootstrap tree #510, logLikelihood: -46480.767308
[08:31:23] Bootstrap tree #511, logLikelihood: -44558.424167
[08:32:25] Bootstrap tree #512, logLikelihood: -45132.845283
[08:33:17] Bootstrap tree #513, logLikelihood: -44994.327855
[08:34:12] Bootstrap tree #514, logLikelihood: -45465.109415
[08:35:08] Bootstrap tree #515, logLikelihood: -43433.485523
[08:36:03] Bootstrap tree #516, logLikelihood: -44157.399911
[08:36:56] Bootstrap tree #517, logLikelihood: -44828.030603
[08:37:51] Bootstrap tree #518, logLikelihood: -45052.944718
[08:38:51] Bootstrap tree #519, logLikelihood: -44561.361941
[08:39:41] Bootstrap tree #520, logLikelihood: -45665.126675
[08:40:29] Bootstrap tree #521, logLikelihood: -45183.493059
[08:41:27] Bootstrap tree #522, logLikelihood: -45264.014690
[08:42:16] Bootstrap tree #523, logLikelihood: -44466.030224
[08:43:06] Bootstrap tree #524, logLikelihood: -44678.099325
[08:43:57] Bootstrap tree #525, logLikelihood: -45919.850089
[08:44:35] Bootstrap tree #526, logLikelihood: -46432.584297
[08:45:47] Bootstrap tree #527, logLikelihood: -45262.575392
[08:46:36] Bootstrap tree #528, logLikelihood: -44349.549713
[08:47:19] Bootstrap tree #529, logLikelihood: -45325.620429
[08:48:16] Bootstrap tree #530, logLikelihood: -45088.655345
[08:48:59] Bootstrap tree #531, logLikelihood: -45613.017345
[08:49:52] Bootstrap tree #532, logLikelihood: -45144.527000
[08:50:39] Bootstrap tree #533, logLikelihood: -45207.279882
[08:51:31] Bootstrap tree #534, logLikelihood: -43829.308889
[08:52:08] Bootstrap tree #535, logLikelihood: -45350.467800
[08:52:59] Bootstrap tree #536, logLikelihood: -44612.122094
[08:53:42] Bootstrap tree #537, logLikelihood: -45264.049827
[08:54:29] Bootstrap tree #538, logLikelihood: -45021.308420
[08:55:18] Bootstrap tree #539, logLikelihood: -45064.345481
[08:56:27] Bootstrap tree #540, logLikelihood: -45123.850679
[08:57:12] Bootstrap tree #541, logLikelihood: -45470.838936
[08:58:17] Bootstrap tree #542, logLikelihood: -45420.842782
[08:59:09] Bootstrap tree #543, logLikelihood: -44923.173297
[09:00:09] Bootstrap tree #544, logLikelihood: -44401.847802
[09:01:00] Bootstrap tree #545, logLikelihood: -44547.361440
[09:01:59] Bootstrap tree #546, logLikelihood: -44375.933970
[09:02:38] Bootstrap tree #547, logLikelihood: -45018.597261
[09:03:22] Bootstrap tree #548, logLikelihood: -45947.068960
[09:04:12] Bootstrap tree #549, logLikelihood: -44437.433258
[09:05:08] Bootstrap tree #550, logLikelihood: -44865.652846
[09:06:01] Bootstrap tree #551, logLikelihood: -44839.869236
[09:06:40] Bootstrap tree #552, logLikelihood: -45332.113988
[09:07:31] Bootstrap tree #553, logLikelihood: -44812.233523
[09:08:28] Bootstrap tree #554, logLikelihood: -45532.354505
[09:09:24] Bootstrap tree #555, logLikelihood: -46856.959546
[09:10:19] Bootstrap tree #556, logLikelihood: -45652.282107
[09:11:08] Bootstrap tree #557, logLikelihood: -44934.347575
[09:12:05] Bootstrap tree #558, logLikelihood: -45126.527001
[09:12:57] Bootstrap tree #559, logLikelihood: -45079.488416
[09:13:52] Bootstrap tree #560, logLikelihood: -43896.277928
[09:14:36] Bootstrap tree #561, logLikelihood: -44162.868689
[09:15:21] Bootstrap tree #562, logLikelihood: -44439.232015
[09:16:18] Bootstrap tree #563, logLikelihood: -46640.455344
[09:17:17] Bootstrap tree #564, logLikelihood: -45935.509237
[09:18:00] Bootstrap tree #565, logLikelihood: -44939.821585
[09:18:46] Bootstrap tree #566, logLikelihood: -44437.463611
[09:19:41] Bootstrap tree #567, logLikelihood: -45013.439705
[09:20:20] Bootstrap tree #568, logLikelihood: -44763.019657
[09:21:14] Bootstrap tree #569, logLikelihood: -43532.378515
[09:22:13] Bootstrap tree #570, logLikelihood: -43985.717281
[09:23:00] Bootstrap tree #571, logLikelihood: -45323.827619
[09:23:58] Bootstrap tree #572, logLikelihood: -45250.707362
[09:24:51] Bootstrap tree #573, logLikelihood: -45173.759436
[09:25:45] Bootstrap tree #574, logLikelihood: -44711.627608
[09:26:39] Bootstrap tree #575, logLikelihood: -44469.421636
[09:27:36] Bootstrap tree #576, logLikelihood: -46229.226396
[09:28:31] Bootstrap tree #577, logLikelihood: -44762.989376
[09:29:16] Bootstrap tree #578, logLikelihood: -44478.352826
[09:30:00] Bootstrap tree #579, logLikelihood: -44854.074989
[09:30:57] Bootstrap tree #580, logLikelihood: -45549.372815
[09:31:59] Bootstrap tree #581, logLikelihood: -45215.808332
[09:32:49] Bootstrap tree #582, logLikelihood: -46161.448376
[09:33:30] Bootstrap tree #583, logLikelihood: -45337.106771
[09:34:20] Bootstrap tree #584, logLikelihood: -46428.613428
[09:35:08] Bootstrap tree #585, logLikelihood: -45175.169791
[09:36:00] Bootstrap tree #586, logLikelihood: -45198.336565
[09:36:45] Bootstrap tree #587, logLikelihood: -43898.367399
[09:37:31] Bootstrap tree #588, logLikelihood: -45554.637640
[09:38:22] Bootstrap tree #589, logLikelihood: -43732.605564
[09:39:17] Bootstrap tree #590, logLikelihood: -44385.983745
[09:40:02] Bootstrap tree #591, logLikelihood: -44122.447126
[09:40:52] Bootstrap tree #592, logLikelihood: -44738.736105
[09:41:49] Bootstrap tree #593, logLikelihood: -46963.942880
[09:42:52] Bootstrap tree #594, logLikelihood: -45195.555511
[09:43:50] Bootstrap tree #595, logLikelihood: -46239.823072
[09:44:49] Bootstrap tree #596, logLikelihood: -45680.257260
[09:45:46] Bootstrap tree #597, logLikelihood: -45740.572261
[09:46:34] Bootstrap tree #598, logLikelihood: -44824.999658
[09:47:29] Bootstrap tree #599, logLikelihood: -44440.884178
[09:48:28] Bootstrap tree #600, logLikelihood: -45800.110352
[09:49:24] Bootstrap tree #601, logLikelihood: -44900.781874
[09:50:11] Bootstrap tree #602, logLikelihood: -43946.283147
[09:51:18] Bootstrap tree #603, logLikelihood: -46651.607803
[09:52:04] Bootstrap tree #604, logLikelihood: -43408.388757
[09:52:55] Bootstrap tree #605, logLikelihood: -45721.298668
[09:54:05] Bootstrap tree #606, logLikelihood: -45947.639328
[09:54:57] Bootstrap tree #607, logLikelihood: -45145.068808
[09:55:57] Bootstrap tree #608, logLikelihood: -47216.693240
[09:56:46] Bootstrap tree #609, logLikelihood: -46498.142231
[09:57:32] Bootstrap tree #610, logLikelihood: -44023.827517
[09:58:11] Bootstrap tree #611, logLikelihood: -45318.985816
[09:59:21] Bootstrap tree #612, logLikelihood: -44924.994235
[10:00:27] Bootstrap tree #613, logLikelihood: -45641.214317
[10:01:24] Bootstrap tree #614, logLikelihood: -43910.484007
[10:02:04] Bootstrap tree #615, logLikelihood: -44700.645845
[10:02:48] Bootstrap tree #616, logLikelihood: -45582.153423
[10:03:40] Bootstrap tree #617, logLikelihood: -45111.200163
[10:04:30] Bootstrap tree #618, logLikelihood: -46342.559237
[10:05:31] Bootstrap tree #619, logLikelihood: -45255.676974
[10:06:18] Bootstrap tree #620, logLikelihood: -44794.365125
[10:07:19] Bootstrap tree #621, logLikelihood: -44375.659801
[10:08:15] Bootstrap tree #622, logLikelihood: -44765.420403
[10:09:10] Bootstrap tree #623, logLikelihood: -44504.512159
[10:09:58] Bootstrap tree #624, logLikelihood: -43450.239422
[10:10:45] Bootstrap tree #625, logLikelihood: -45924.798297
[10:11:40] Bootstrap tree #626, logLikelihood: -45474.414092
[10:12:24] Bootstrap tree #627, logLikelihood: -44873.357471
[10:13:12] Bootstrap tree #628, logLikelihood: -45323.131849
[10:14:13] Bootstrap tree #629, logLikelihood: -43747.916136
[10:14:55] Bootstrap tree #630, logLikelihood: -45970.598971
[10:15:41] Bootstrap tree #631, logLikelihood: -44593.804173
[10:16:35] Bootstrap tree #632, logLikelihood: -45812.855779
[10:17:19] Bootstrap tree #633, logLikelihood: -45273.409861
[10:17:58] Bootstrap tree #634, logLikelihood: -44608.066303
[10:18:47] Bootstrap tree #635, logLikelihood: -44399.119904
[10:19:32] Bootstrap tree #636, logLikelihood: -45422.487398
[10:20:13] Bootstrap tree #637, logLikelihood: -45645.802914
[10:21:12] Bootstrap tree #638, logLikelihood: -44512.398380
[10:21:56] Bootstrap tree #639, logLikelihood: -45659.661008
[10:22:52] Bootstrap tree #640, logLikelihood: -44699.764091
[10:23:52] Bootstrap tree #641, logLikelihood: -45675.908363
[10:24:39] Bootstrap tree #642, logLikelihood: -44409.581855
[10:25:27] Bootstrap tree #643, logLikelihood: -45252.675432
[10:26:08] Bootstrap tree #644, logLikelihood: -45560.457065
[10:26:59] Bootstrap tree #645, logLikelihood: -44633.365674
[10:27:47] Bootstrap tree #646, logLikelihood: -44360.490253
[10:28:28] Bootstrap tree #647, logLikelihood: -43830.453067
[10:29:06] Bootstrap tree #648, logLikelihood: -45520.087444
[10:29:57] Bootstrap tree #649, logLikelihood: -43914.779681
[10:30:54] Bootstrap tree #650, logLikelihood: -44248.412767
[10:31:53] Bootstrap tree #651, logLikelihood: -44970.626711
[10:32:44] Bootstrap tree #652, logLikelihood: -45964.355712
[10:33:16] Bootstrap tree #653, logLikelihood: -46014.567719
[10:34:13] Bootstrap tree #654, logLikelihood: -45086.374584
[10:35:03] Bootstrap tree #655, logLikelihood: -44733.544213
[10:35:54] Bootstrap tree #656, logLikelihood: -45667.297177
[10:36:50] Bootstrap tree #657, logLikelihood: -45384.227199
[10:37:54] Bootstrap tree #658, logLikelihood: -44757.242016
[10:38:50] Bootstrap tree #659, logLikelihood: -46229.057985
[10:39:41] Bootstrap tree #660, logLikelihood: -45029.760803
[10:40:30] Bootstrap tree #661, logLikelihood: -44537.717834
[10:41:37] Bootstrap tree #662, logLikelihood: -46467.487816
[10:42:30] Bootstrap tree #663, logLikelihood: -46164.498948
[10:43:28] Bootstrap tree #664, logLikelihood: -46345.866941
[10:44:09] Bootstrap tree #665, logLikelihood: -44607.410415
[10:45:08] Bootstrap tree #666, logLikelihood: -45691.042234
[10:45:54] Bootstrap tree #667, logLikelihood: -45652.049777
[10:46:48] Bootstrap tree #668, logLikelihood: -44521.684807
[10:47:34] Bootstrap tree #669, logLikelihood: -45375.999080
[10:48:12] Bootstrap tree #670, logLikelihood: -45021.427787
[10:49:01] Bootstrap tree #671, logLikelihood: -44578.639099
[10:49:56] Bootstrap tree #672, logLikelihood: -44993.208747
[10:50:45] Bootstrap tree #673, logLikelihood: -44485.334731
[10:51:40] Bootstrap tree #674, logLikelihood: -46206.022868
[10:52:34] Bootstrap tree #675, logLikelihood: -44984.053191
[10:53:24] Bootstrap tree #676, logLikelihood: -44472.637904
[10:54:11] Bootstrap tree #677, logLikelihood: -44841.457219
[10:54:56] Bootstrap tree #678, logLikelihood: -44397.950348
[10:55:47] Bootstrap tree #679, logLikelihood: -45180.538192
[10:56:41] Bootstrap tree #680, logLikelihood: -45432.688410
[10:57:36] Bootstrap tree #681, logLikelihood: -44543.688409
[10:58:35] Bootstrap tree #682, logLikelihood: -45753.787273
[10:59:34] Bootstrap tree #683, logLikelihood: -43571.593950
[11:00:23] Bootstrap tree #684, logLikelihood: -45406.874841
[11:01:15] Bootstrap tree #685, logLikelihood: -45621.908574
[11:02:01] Bootstrap tree #686, logLikelihood: -44218.634541
[11:02:44] Bootstrap tree #687, logLikelihood: -45025.876076
[11:03:51] Bootstrap tree #688, logLikelihood: -46482.822656
[11:04:32] Bootstrap tree #689, logLikelihood: -45715.484441
[11:05:24] Bootstrap tree #690, logLikelihood: -44000.390192
[11:06:13] Bootstrap tree #691, logLikelihood: -46175.326295
[11:07:05] Bootstrap tree #692, logLikelihood: -45379.693419
[11:08:04] Bootstrap tree #693, logLikelihood: -45114.074219
[11:08:39] Bootstrap tree #694, logLikelihood: -44201.973021
[11:09:23] Bootstrap tree #695, logLikelihood: -46129.376117
[11:10:36] Bootstrap tree #696, logLikelihood: -46233.665590
[11:11:15] Bootstrap tree #697, logLikelihood: -45146.847819
[11:11:57] Bootstrap tree #698, logLikelihood: -44728.814801
[11:12:40] Bootstrap tree #699, logLikelihood: -45947.574590
[11:13:21] Bootstrap tree #700, logLikelihood: -44564.667155
[11:14:12] Bootstrap tree #701, logLikelihood: -45582.249047
[11:15:19] Bootstrap tree #702, logLikelihood: -46635.859789
[11:16:16] Bootstrap tree #703, logLikelihood: -44145.620196
[11:17:22] Bootstrap tree #704, logLikelihood: -45162.317199
[11:18:13] Bootstrap tree #705, logLikelihood: -44635.708744
[11:19:00] Bootstrap tree #706, logLikelihood: -45813.472077
[11:19:39] Bootstrap tree #707, logLikelihood: -46042.274531
[11:20:31] Bootstrap tree #708, logLikelihood: -44658.507831
[11:21:20] Bootstrap tree #709, logLikelihood: -44686.483667
[11:22:24] Bootstrap tree #710, logLikelihood: -45643.377801
[11:23:16] Bootstrap tree #711, logLikelihood: -45771.583241
[11:24:15] Bootstrap tree #712, logLikelihood: -45762.057303
[11:25:03] Bootstrap tree #713, logLikelihood: -46199.658311
[11:25:47] Bootstrap tree #714, logLikelihood: -45850.637786
[11:26:35] Bootstrap tree #715, logLikelihood: -45685.484454
[11:27:19] Bootstrap tree #716, logLikelihood: -44331.296874
[11:28:22] Bootstrap tree #717, logLikelihood: -45139.543190
[11:29:23] Bootstrap tree #718, logLikelihood: -44525.215549
[11:30:17] Bootstrap tree #719, logLikelihood: -45876.458264
[11:31:07] Bootstrap tree #720, logLikelihood: -45324.481542
[11:31:56] Bootstrap tree #721, logLikelihood: -45736.895541
[11:32:44] Bootstrap tree #722, logLikelihood: -44683.925366
[11:33:41] Bootstrap tree #723, logLikelihood: -45610.543494
[11:34:23] Bootstrap tree #724, logLikelihood: -45568.896004
[11:35:03] Bootstrap tree #725, logLikelihood: -45241.319817
[11:35:46] Bootstrap tree #726, logLikelihood: -44307.232641
[11:36:30] Bootstrap tree #727, logLikelihood: -45565.672818
[11:37:15] Bootstrap tree #728, logLikelihood: -44185.892497
[11:38:09] Bootstrap tree #729, logLikelihood: -43690.632406
[11:38:57] Bootstrap tree #730, logLikelihood: -44660.484094
[11:39:48] Bootstrap tree #731, logLikelihood: -45441.608265
[11:40:39] Bootstrap tree #732, logLikelihood: -44845.932328
[11:41:38] Bootstrap tree #733, logLikelihood: -44522.295974
[11:42:23] Bootstrap tree #734, logLikelihood: -45692.869722
[11:43:30] Bootstrap tree #735, logLikelihood: -45410.884722
[11:44:21] Bootstrap tree #736, logLikelihood: -45075.191445
[11:45:06] Bootstrap tree #737, logLikelihood: -44168.406870
[11:45:52] Bootstrap tree #738, logLikelihood: -44794.546872
[11:46:49] Bootstrap tree #739, logLikelihood: -44954.047733
[11:47:38] Bootstrap tree #740, logLikelihood: -44677.093494
[11:48:35] Bootstrap tree #741, logLikelihood: -46840.039634
[11:49:33] Bootstrap tree #742, logLikelihood: -45346.771124
[11:50:30] Bootstrap tree #743, logLikelihood: -44762.178926
[11:51:27] Bootstrap tree #744, logLikelihood: -45104.118496
[11:52:18] Bootstrap tree #745, logLikelihood: -46268.047594
[11:53:14] Bootstrap tree #746, logLikelihood: -45244.938241
[11:54:15] Bootstrap tree #747, logLikelihood: -45210.129862
[11:55:00] Bootstrap tree #748, logLikelihood: -45727.727958
[11:55:40] Bootstrap tree #749, logLikelihood: -44918.846753
[11:56:27] Bootstrap tree #750, logLikelihood: -47061.429933
[11:57:12] Bootstrap tree #751, logLikelihood: -45785.810373
[11:58:12] Bootstrap tree #752, logLikelihood: -45159.593269
[11:59:15] Bootstrap tree #753, logLikelihood: -44440.221577
[11:59:57] Bootstrap tree #754, logLikelihood: -44477.743229
[12:00:48] Bootstrap tree #755, logLikelihood: -43454.522668
[12:01:41] Bootstrap tree #756, logLikelihood: -45123.840882
[12:02:30] Bootstrap tree #757, logLikelihood: -44827.851657
[12:03:16] Bootstrap tree #758, logLikelihood: -45067.595338
[12:04:14] Bootstrap tree #759, logLikelihood: -46218.467118
[12:04:56] Bootstrap tree #760, logLikelihood: -45840.843361
[12:05:46] Bootstrap tree #761, logLikelihood: -44414.437609
[12:06:38] Bootstrap tree #762, logLikelihood: -46068.861971
[12:07:22] Bootstrap tree #763, logLikelihood: -44392.398690
[12:08:13] Bootstrap tree #764, logLikelihood: -44865.349623
[12:09:04] Bootstrap tree #765, logLikelihood: -44235.885972
[12:09:56] Bootstrap tree #766, logLikelihood: -45263.500760
[12:10:48] Bootstrap tree #767, logLikelihood: -44690.162672
[12:11:43] Bootstrap tree #768, logLikelihood: -45560.657062
[12:12:34] Bootstrap tree #769, logLikelihood: -45430.415463
[12:13:17] Bootstrap tree #770, logLikelihood: -45670.018381
[12:14:10] Bootstrap tree #771, logLikelihood: -44429.029816
[12:14:50] Bootstrap tree #772, logLikelihood: -44023.018408
[12:15:44] Bootstrap tree #773, logLikelihood: -45340.032373
[12:16:35] Bootstrap tree #774, logLikelihood: -45127.543283
[12:17:23] Bootstrap tree #775, logLikelihood: -44702.306601
[12:18:21] Bootstrap tree #776, logLikelihood: -46163.167557
[12:19:06] Bootstrap tree #777, logLikelihood: -44240.983212
[12:19:59] Bootstrap tree #778, logLikelihood: -44719.390187
[12:20:47] Bootstrap tree #779, logLikelihood: -43934.780500
[12:21:39] Bootstrap tree #780, logLikelihood: -44566.641607
[12:22:26] Bootstrap tree #781, logLikelihood: -44536.362395
[12:23:19] Bootstrap tree #782, logLikelihood: -44395.298939
[12:24:15] Bootstrap tree #783, logLikelihood: -46016.874275
[12:25:08] Bootstrap tree #784, logLikelihood: -46051.080673
[12:25:49] Bootstrap tree #785, logLikelihood: -45869.556461
[12:26:33] Bootstrap tree #786, logLikelihood: -45153.113265
[12:27:27] Bootstrap tree #787, logLikelihood: -45303.105805
[12:28:14] Bootstrap tree #788, logLikelihood: -45663.669125
[12:28:54] Bootstrap tree #789, logLikelihood: -44936.616293
[12:29:41] Bootstrap tree #790, logLikelihood: -45903.626044
[12:30:29] Bootstrap tree #791, logLikelihood: -45291.114242
[12:31:28] Bootstrap tree #792, logLikelihood: -45337.314883
[12:32:26] Bootstrap tree #793, logLikelihood: -46240.583168
[12:33:40] Bootstrap tree #794, logLikelihood: -45570.617891
[12:34:27] Bootstrap tree #795, logLikelihood: -44599.053738
[12:35:22] Bootstrap tree #796, logLikelihood: -45794.011306
[12:36:33] Bootstrap tree #797, logLikelihood: -45598.908722
[12:37:30] Bootstrap tree #798, logLikelihood: -44527.795676
[12:38:16] Bootstrap tree #799, logLikelihood: -45022.802898
[12:39:09] Bootstrap tree #800, logLikelihood: -45161.655135
[12:39:53] Bootstrap tree #801, logLikelihood: -44814.383853
[12:40:44] Bootstrap tree #802, logLikelihood: -45701.068504
[12:41:26] Bootstrap tree #803, logLikelihood: -45492.536238
[12:42:16] Bootstrap tree #804, logLikelihood: -45112.854407
[12:43:06] Bootstrap tree #805, logLikelihood: -44395.985434
[12:43:59] Bootstrap tree #806, logLikelihood: -46701.415780
[12:44:51] Bootstrap tree #807, logLikelihood: -45473.767088
[12:45:46] Bootstrap tree #808, logLikelihood: -45958.191167
[12:46:31] Bootstrap tree #809, logLikelihood: -44466.800224
[12:47:32] Bootstrap tree #810, logLikelihood: -43748.330608
[12:48:21] Bootstrap tree #811, logLikelihood: -44052.704589
[12:49:07] Bootstrap tree #812, logLikelihood: -45293.742976
[12:49:54] Bootstrap tree #813, logLikelihood: -44644.347477
[12:50:32] Bootstrap tree #814, logLikelihood: -44094.233785
[12:51:24] Bootstrap tree #815, logLikelihood: -44609.496746
[12:52:12] Bootstrap tree #816, logLikelihood: -43720.347873
[12:52:59] Bootstrap tree #817, logLikelihood: -44839.346716
[12:53:44] Bootstrap tree #818, logLikelihood: -44884.109352
[12:54:31] Bootstrap tree #819, logLikelihood: -45437.744426
[12:55:40] Bootstrap tree #820, logLikelihood: -45293.446058
[12:56:40] Bootstrap tree #821, logLikelihood: -44494.557014
[12:57:27] Bootstrap tree #822, logLikelihood: -45459.055215
[12:58:12] Bootstrap tree #823, logLikelihood: -44421.238237
[12:59:08] Bootstrap tree #824, logLikelihood: -43616.658815
[12:59:54] Bootstrap tree #825, logLikelihood: -45359.294813
[13:00:55] Bootstrap tree #826, logLikelihood: -45512.890603
[13:01:30] Bootstrap tree #827, logLikelihood: -44487.847951
[13:02:19] Bootstrap tree #828, logLikelihood: -45295.768304
[13:03:14] Bootstrap tree #829, logLikelihood: -45288.494610
[13:04:25] Bootstrap tree #830, logLikelihood: -44819.597491
[13:05:15] Bootstrap tree #831, logLikelihood: -45030.820511
[13:05:59] Bootstrap tree #832, logLikelihood: -44752.855756
[13:06:44] Bootstrap tree #833, logLikelihood: -45001.639514
[13:07:37] Bootstrap tree #834, logLikelihood: -43634.007354
[13:08:22] Bootstrap tree #835, logLikelihood: -45002.486656
[13:09:16] Bootstrap tree #836, logLikelihood: -44753.347408
[13:10:07] Bootstrap tree #837, logLikelihood: -44538.080388
[13:10:51] Bootstrap tree #838, logLikelihood: -44824.678039
[13:11:41] Bootstrap tree #839, logLikelihood: -45775.524404
[13:12:27] Bootstrap tree #840, logLikelihood: -45530.811399
[13:13:22] Bootstrap tree #841, logLikelihood: -44730.566996
[13:14:10] Bootstrap tree #842, logLikelihood: -45748.967106
[13:14:59] Bootstrap tree #843, logLikelihood: -44904.020589
[13:15:53] Bootstrap tree #844, logLikelihood: -46621.421367
[13:17:04] Bootstrap tree #845, logLikelihood: -46067.594704
[13:17:42] Bootstrap tree #846, logLikelihood: -44729.841270
[13:18:36] Bootstrap tree #847, logLikelihood: -46091.795644
[13:19:23] Bootstrap tree #848, logLikelihood: -44739.220690
[13:20:07] Bootstrap tree #849, logLikelihood: -44960.574968
[13:20:47] Bootstrap tree #850, logLikelihood: -44844.310012
[13:21:56] Bootstrap tree #851, logLikelihood: -45448.038281
[13:22:46] Bootstrap tree #852, logLikelihood: -44448.198880
[13:23:34] Bootstrap tree #853, logLikelihood: -44939.295476
[13:24:38] Bootstrap tree #854, logLikelihood: -45592.431018
[13:25:18] Bootstrap tree #855, logLikelihood: -44916.560107
[13:26:22] Bootstrap tree #856, logLikelihood: -45548.393690
[13:27:14] Bootstrap tree #857, logLikelihood: -44896.583342
[13:28:08] Bootstrap tree #858, logLikelihood: -46255.150412
[13:28:49] Bootstrap tree #859, logLikelihood: -45321.189619
[13:29:36] Bootstrap tree #860, logLikelihood: -44838.145291
[13:30:26] Bootstrap tree #861, logLikelihood: -45902.063468
[13:31:13] Bootstrap tree #862, logLikelihood: -45971.844367
[13:32:00] Bootstrap tree #863, logLikelihood: -45094.304195
[13:33:03] Bootstrap tree #864, logLikelihood: -46171.533684
[13:33:44] Bootstrap tree #865, logLikelihood: -45374.112799
[13:34:42] Bootstrap tree #866, logLikelihood: -44320.058508
[13:35:21] Bootstrap tree #867, logLikelihood: -45174.008682
[13:36:19] Bootstrap tree #868, logLikelihood: -45279.638963
[13:37:20] Bootstrap tree #869, logLikelihood: -45687.327734
[13:38:18] Bootstrap tree #870, logLikelihood: -44964.453988
[13:39:08] Bootstrap tree #871, logLikelihood: -46263.491394
[13:40:00] Bootstrap tree #872, logLikelihood: -45763.275825
[13:40:39] Bootstrap tree #873, logLikelihood: -44387.144834
[13:41:30] Bootstrap tree #874, logLikelihood: -45831.923673
[13:42:10] Bootstrap tree #875, logLikelihood: -44794.130190
[13:43:02] Bootstrap tree #876, logLikelihood: -44121.339361
[13:43:48] Bootstrap tree #877, logLikelihood: -45355.573275
[13:44:55] Bootstrap tree #878, logLikelihood: -44277.678630
[13:45:39] Bootstrap tree #879, logLikelihood: -45239.898573
[13:46:30] Bootstrap tree #880, logLikelihood: -45429.038662
[13:47:28] Bootstrap tree #881, logLikelihood: -45972.456670
[13:48:44] Bootstrap tree #882, logLikelihood: -43556.791923
[13:49:51] Bootstrap tree #883, logLikelihood: -45505.700076
[13:50:48] Bootstrap tree #884, logLikelihood: -45094.673832
[13:51:43] Bootstrap tree #885, logLikelihood: -45468.550085
[13:52:25] Bootstrap tree #886, logLikelihood: -45941.410099
[13:53:12] Bootstrap tree #887, logLikelihood: -43730.252258
[13:54:04] Bootstrap tree #888, logLikelihood: -46252.819355
[13:54:57] Bootstrap tree #889, logLikelihood: -46065.273062
[13:55:44] Bootstrap tree #890, logLikelihood: -45614.927915
[13:56:40] Bootstrap tree #891, logLikelihood: -44225.382522
[13:57:37] Bootstrap tree #892, logLikelihood: -45091.988835
[13:58:31] Bootstrap tree #893, logLikelihood: -45555.791079
[13:59:28] Bootstrap tree #894, logLikelihood: -46144.344803
[14:00:20] Bootstrap tree #895, logLikelihood: -45407.627319
[14:01:18] Bootstrap tree #896, logLikelihood: -45559.636739
[14:02:15] Bootstrap tree #897, logLikelihood: -44754.123141
[14:03:06] Bootstrap tree #898, logLikelihood: -44936.331414
[14:03:56] Bootstrap tree #899, logLikelihood: -44392.786888
[14:04:51] Bootstrap tree #900, logLikelihood: -44887.903510
[14:05:44] Bootstrap tree #901, logLikelihood: -44977.037795
[14:06:24] Bootstrap tree #902, logLikelihood: -44950.619265
[14:07:10] Bootstrap tree #903, logLikelihood: -44416.905683
[14:07:54] Bootstrap tree #904, logLikelihood: -46414.670522
[14:08:51] Bootstrap tree #905, logLikelihood: -45640.457438
[14:09:38] Bootstrap tree #906, logLikelihood: -45248.644357
[14:10:19] Bootstrap tree #907, logLikelihood: -44518.222961
[14:11:07] Bootstrap tree #908, logLikelihood: -45765.917510
[14:12:05] Bootstrap tree #909, logLikelihood: -44768.692579
[14:12:59] Bootstrap tree #910, logLikelihood: -45733.690649
[14:13:53] Bootstrap tree #911, logLikelihood: -45901.218718
[14:14:41] Bootstrap tree #912, logLikelihood: -44875.144417
[14:15:30] Bootstrap tree #913, logLikelihood: -44968.451370
[14:16:19] Bootstrap tree #914, logLikelihood: -44862.413712
[14:17:07] Bootstrap tree #915, logLikelihood: -46728.057527
[14:18:05] Bootstrap tree #916, logLikelihood: -44995.501700
[14:19:11] Bootstrap tree #917, logLikelihood: -46132.443157
[14:20:07] Bootstrap tree #918, logLikelihood: -44736.846520
[14:21:09] Bootstrap tree #919, logLikelihood: -45003.019400
[14:21:58] Bootstrap tree #920, logLikelihood: -44381.963816
[14:22:45] Bootstrap tree #921, logLikelihood: -44347.030050
[14:23:47] Bootstrap tree #922, logLikelihood: -44965.049988
[14:24:47] Bootstrap tree #923, logLikelihood: -45392.749597
[14:25:37] Bootstrap tree #924, logLikelihood: -44766.632863
[14:26:27] Bootstrap tree #925, logLikelihood: -46689.247333
[14:27:16] Bootstrap tree #926, logLikelihood: -44868.174263
[14:28:13] Bootstrap tree #927, logLikelihood: -44529.034443
[14:29:07] Bootstrap tree #928, logLikelihood: -45007.353300
[14:30:15] Bootstrap tree #929, logLikelihood: -43718.975285
[14:31:09] Bootstrap tree #930, logLikelihood: -45109.537291
[14:32:04] Bootstrap tree #931, logLikelihood: -45706.876276
[14:33:16] Bootstrap tree #932, logLikelihood: -46011.007593
[14:34:12] Bootstrap tree #933, logLikelihood: -44713.103391
[14:35:18] Bootstrap tree #934, logLikelihood: -44295.376211
[14:36:07] Bootstrap tree #935, logLikelihood: -44611.441678
[14:36:58] Bootstrap tree #936, logLikelihood: -45006.783830
[14:37:51] Bootstrap tree #937, logLikelihood: -44757.304942
[14:38:34] Bootstrap tree #938, logLikelihood: -44377.836308
[14:39:18] Bootstrap tree #939, logLikelihood: -45858.775726
[14:40:09] Bootstrap tree #940, logLikelihood: -46344.743348
[14:41:05] Bootstrap tree #941, logLikelihood: -45009.879418
[14:42:06] Bootstrap tree #942, logLikelihood: -44540.408000
[14:43:02] Bootstrap tree #943, logLikelihood: -45088.109137
[14:43:49] Bootstrap tree #944, logLikelihood: -44048.630357
[14:44:44] Bootstrap tree #945, logLikelihood: -45061.041920
[14:45:32] Bootstrap tree #946, logLikelihood: -44600.556761
[14:46:36] Bootstrap tree #947, logLikelihood: -45594.999761
[14:47:33] Bootstrap tree #948, logLikelihood: -44875.190509
[14:48:14] Bootstrap tree #949, logLikelihood: -45063.324079
[14:48:59] Bootstrap tree #950, logLikelihood: -44876.467087
[14:49:38] Bootstrap tree #951, logLikelihood: -43213.948465
[14:50:21] Bootstrap tree #952, logLikelihood: -44877.026356
[14:51:01] Bootstrap tree #953, logLikelihood: -44842.388850
[14:51:50] Bootstrap tree #954, logLikelihood: -46054.106035
[14:52:40] Bootstrap tree #955, logLikelihood: -45051.554041
[14:53:26] Bootstrap tree #956, logLikelihood: -45197.015797
[14:54:37] Bootstrap tree #957, logLikelihood: -44693.164976
[14:55:28] Bootstrap tree #958, logLikelihood: -46047.610106
[14:56:14] Bootstrap tree #959, logLikelihood: -46890.414232
[14:57:11] Bootstrap tree #960, logLikelihood: -45530.030404
[14:57:59] Bootstrap tree #961, logLikelihood: -45824.768638
[14:59:04] Bootstrap tree #962, logLikelihood: -44876.752162
[14:59:37] Bootstrap tree #963, logLikelihood: -44416.929112
[15:00:35] Bootstrap tree #964, logLikelihood: -44779.795770
[15:01:45] Bootstrap tree #965, logLikelihood: -46212.130987
[15:02:39] Bootstrap tree #966, logLikelihood: -46372.115228
[15:03:31] Bootstrap tree #967, logLikelihood: -45587.519373
[15:04:14] Bootstrap tree #968, logLikelihood: -43873.049660
[15:05:12] Bootstrap tree #969, logLikelihood: -45499.838818
[15:05:52] Bootstrap tree #970, logLikelihood: -44996.895497
[15:06:48] Bootstrap tree #971, logLikelihood: -44139.029274
[15:07:37] Bootstrap tree #972, logLikelihood: -45583.472474
[15:08:24] Bootstrap tree #973, logLikelihood: -45491.358803
[15:09:20] Bootstrap tree #974, logLikelihood: -44711.690975
[15:10:27] Bootstrap tree #975, logLikelihood: -45606.645445
[15:11:10] Bootstrap tree #976, logLikelihood: -45516.819028
[15:11:54] Bootstrap tree #977, logLikelihood: -44367.352322
[15:12:47] Bootstrap tree #978, logLikelihood: -45820.050896
[15:13:38] Bootstrap tree #979, logLikelihood: -45284.443790
[15:14:36] Bootstrap tree #980, logLikelihood: -44280.449811
[15:15:20] Bootstrap tree #981, logLikelihood: -45890.548597
[15:16:14] Bootstrap tree #982, logLikelihood: -43852.847474
[15:17:11] Bootstrap tree #983, logLikelihood: -46083.572798
[15:18:03] Bootstrap tree #984, logLikelihood: -45824.967905
[15:18:47] Bootstrap tree #985, logLikelihood: -43791.736946
[15:19:32] Bootstrap tree #986, logLikelihood: -44529.853682
[15:20:16] Bootstrap tree #987, logLikelihood: -45482.249904
[15:21:02] Bootstrap tree #988, logLikelihood: -45003.276614
[15:21:42] Bootstrap tree #989, logLikelihood: -46219.373102
[15:22:34] Bootstrap tree #990, logLikelihood: -44950.025743
[15:23:26] Bootstrap tree #991, logLikelihood: -44656.251118
[15:24:14] Bootstrap tree #992, logLikelihood: -42374.034999
[15:25:06] Bootstrap tree #993, logLikelihood: -44844.806961
[15:26:01] Bootstrap tree #994, logLikelihood: -44923.811915
[15:26:49] Bootstrap tree #995, logLikelihood: -46055.967729
[15:27:35] Bootstrap tree #996, logLikelihood: -44818.065859
[15:28:36] Bootstrap tree #997, logLikelihood: -44741.782948
[15:29:39] Bootstrap tree #998, logLikelihood: -45701.149920
[15:30:22] Bootstrap tree #999, logLikelihood: -45863.521422
[15:31:17] Bootstrap tree #1000, logLikelihood: -45520.189191

Optimized model parameters:

   Partition 0: noname
   Rate heterogeneity: GAMMA (4 cats, mean),  alpha: 2.045068 (ML),  weights&rates: (0.250000,0.298596) (0.250000,0.659722) (0.250000,1.071078) (0.250000,1.970605) 
   P-inv (ML): 0.097105
   Base frequencies (ML): 0.324838 0.203745 0.217246 0.254171 
   Substitution rates (ML): 2.110230 4.307904 1.253252 1.844248 4.742741 1.000000 


Final LogLikelihood: -45268.429836

AIC score: 90810.859671 / AICc score: 90827.018646 / BIC score: 91607.543039
Free parameters (model + branch lengths): 137

Best ML tree saved to: /home/ceglab6/Squmata_C9_functional_duplicated_C8A_C8B.fa.PRANK.aln.raxml.bestTree
All ML trees saved to: /home/ceglab6/Squmata_C9_functional_duplicated_C8A_C8B.fa.PRANK.aln.raxml.mlTrees
Best ML tree with Felsenstein bootstrap (FBP) support values saved to: /home/ceglab6/Squmata_C9_functional_duplicated_C8A_C8B.fa.PRANK.aln.raxml.support
Optimized model saved to: /home/ceglab6/Squmata_C9_functional_duplicated_C8A_C8B.fa.PRANK.aln.raxml.bestModel
Bootstrap trees saved to: /home/ceglab6/Squmata_C9_functional_duplicated_C8A_C8B.fa.PRANK.aln.raxml.bootstraps

Execution log saved to: /home/ceglab6/Squmata_C9_functional_duplicated_C8A_C8B.fa.PRANK.aln.raxml.log

Analysis started: 28-Jan-2022 19:28:44 / finished: 29-Jan-2022 11:00:02

Elapsed time: 55877.377 seconds

