      7   1794

Chaetophractus_vellerosus       ATG TCT GCC AGC CAT ATT CTT GCC TTT GCA GTA TGC ATT TTA GAA ATA ATT GTC CTG ACA GCA GGA CCT ACT CCA AGT TCT TCC TTA GAG CCG GTA GGA GAG GAT GGT AGT CCA TTG CCC ATA GAC TGC AGA ATG AGC CCC TGG AGT GAA TGG TCA GAA TGC GAC CCT TGC CTC AAG GAA ATG TTT CGT TCA AGG AGA GTT GAG GCC TTT GGC CAA TTT AAT GGG AGA AAG TGT ATT GAC TCT CTG GGA GAC AGA AGA CAG TGT GTA CCC ACC AAG GCC TGT GAA GAC CCC GAG GAG GGC TGT GGA AAT GAT TTT CAA TGC GAT TCA GGC AGA TGC ATA AAG AGG CGA CTA CTG TGC AAT GGT GAC AAT GAC TGC GGC GAT TTT TCA GAT GAA GAT AAT TGT GAA ACC GAT CCC CGT CCC CCC TGC CGT GAC AAA GTG GTA GAA GAG TCG GAG CTG GCC CGA ACA GCA GGC TAT GGG ATC AAC ATT TTA GGA ATG GAT ACC CTA AGT ACA CCT TTT GAC AAT GAG TTC TAC AAC GGA GCC TGT GAT CGG GTT CGG GAT GGA ACC ACC TTG ACC TAT TAC CGC AGA CCC TGG AAC GTG GCT TCT TTG GCT TAT GAA GTC AAA GCT GAT AAA AAT TTC AGA ACT GAG TAC TAT GAA GAA CAG TAC CAA GCA CTC AGA ACT GTC ATC CAA GAG AAG TTT ACC AAT TTC AAT GCC GAT TTT ACT CTA AAA TTC ACT CCT ACC GAA AGG AAA ACG --- TCA AAA GAT AAA CCT CGT GTG AAT --- --- --- --- --- --- --- --- --- --- --- --- --- --- --- --- --- --- --- --- --- --- --- --- --- --- ATT GAA AAC ATG --- --- GAG GGT AGC TTT CGA TTT TCG TAT TCC AAA AAT GAA ACT TAC CAC CTA CTC TTG TTA TAT TCT TCA CAG AAG GAA AAA ATG TTT CTG CAT GTG AAA GGA CAA ATT GAT CTA GGA AGA TTT GTG ATG AGA AAT CGT GAT GTC ATG CTG ACG ACA ACT TTT ATA GAT GCA ATA AAG GCT CTG CCA ACT AGC TAC GAA AAG GGG GAA TAT TTT GCA TTT TTG GAA ACC TAT GGA ACC CAC TAC AGT AGC TCT GGG TCT CTA GGA GGA CTC TAT GAA CTA ATA TAT GTT TTG GAT AAA GCG TCC ATG AAT CAG AAA GGT GTT GAA CTA AAA GAT ATA CAG AGA TGC CTC GGT TTT GAT CTG GAT TTA TCT CTG CAT GCT GGA GTT CAA GTC GAG GGA GGT GTT CAT AAA AAT GGT TGT TTA AAG AGG GGT GAT GGT AAA GTT GTA AAC ATC ACC CGT GAT AAC CTC ATA GAT GAT GTG ATT TCA CTC ATA AGA GGA GGA TCC AGG AAA TAT GCA TTT CAA CTA AAA GAA AAG CTT CTC AAA GGA TCC AAT GTA GTC GAT GTG ACG GAC TTT GTA AAT TGG GCC GCT TCT TTA CAT GAT GCT CCG GTG CTT GTA GGT CAA AAA TTA TCT CCT ATA CAT AAT CTG ATT CCA GTG AAA ATG AAA GAT GCA CAC CTA AAG AAG GAA AAT TTG GAA AGA GCC ATT GAA GAC TAT GTC AAC GAA TAT AGT GTA AAC AAA TGC TAC CCA TGC CAA AAT GGA GGT ACC GTG GTA CTG CTG GAT GGA CAA TGC TTG TGT ACC TGC CTA ATC CAA TTT GAG GGA CTT GCC TGT GAA ATT AAA AAA CGA AAA ATT TTT --- --- --- --- --- --- --- --- --- --- --- --- --- --- --- --- --- --- --- --- --- --- --- --- --- --- 
Choloepus_didactylus            ATG CTT GCC TGC CAG ATT CTT GCC TTT GCA ATA TGC ATT TTA AAA ATA AGT GCC CTG ACA GCA GGA CCT ACC CCA AGT --- GAT CCA GAG CCA ATA CAA CAG GAT GAT ACT CCA TTG CCC ACA GAC TGC AGG ATG AGC CCG TGG AGT GAA TGG TCG CAA TGT GAT CCT TGC CTC AAG GAA ATG TAT CGC TCA AGG AGA ATT GAG GCC TTT GGC CAA TTT AAT GGG AGA AAG TGT ACT GAG TCT CTG GGA GAC AGA AGA CAG TGT GTA CCC ACT GAG GTC TGT GAA GAA GCT GAA GAT GAC TGT GGA AAT GAC TTT CAA TGC AAT TCA GGT AGA TGC ATA AAA AAG CAA CTT CTG TGC AAT GGT GAC AAT GAC TGT GGA GAC TTT TCC GAT GAA GAT AAC TGT GAA AAT GAT CCC CTC CGC CCC TGC CGT GAC AAA GTG ATA GAA GAG TCA GAG CTG GCC CGA ACA GCA GGC TAT GGG ATC AAC ATT TTA GGG ATG GAT ACC CTA AGC ACA CCT TTT GAC AAT GAG TTC TAC AAC GGG CTC TGT GAT CGG GTT CGG GAC GGA ACC ACC TTA ACA TAC TAC CGC AGA CCC TGG AAC GTG GCT ACT TTG GCT TAT GAT GTA AAA GCT GAT AAA AAC TTC AGA ACT GAG TAT TAT GAA GAA CAC TAT GAA GCA CTC AGA ACT ATC TTC CAA GAG AAG TTA ACC AAT TTA AAT GCT GGT TTT ACA CTA AAA ATC ACT CCT ACT GAA GTG AAG GAA GAG GGT AAA AAC GAA GAG --- --- AAG --- --- --- --- --- --- --- --- --- --- --- --- --- --- --- --- --- --- --- --- --- --- --- --- --- --- TCT GAG AAC CTA AAT TTT GAG GGT AGC TTT CGA TTT TCA TAT TCC AAA AAT GAA ACT TTC CGA CAA TTC TTG TCA TAT TCT TCA CAG AAG AAA AAA ATG TTT CTG CAT GTG AAA GGA CAA ATT CAT CTG GGA AGA TTT GTG ATG AGA AGT CGT AAT ACC ATG CTG ACA ACA ACC TTC ACG GAT GCT ATA AAG GCT CTG CCA ACC AGA TAT GAA AAG GGG GAA TAT TTT GCA TTT TTG GAA ACC TAT GGA ACC CAC TAC AGT AGC TCT GGG TCT CTA GGA GGA GAT TAT GAA TTA ATA TAT GTT TTG GAC AAA GCT GCC ATG AAT GAG AAA AAG GTT GAA CTA AAA GAT ATA CAG AGA TGC CTC GGA TTT GAT CTG GAT TTA TCT CTG CAA GCC GTA GTT AAA ATC GAA GGA GGT GTT CAT AAA AAT GAT TGT TTA AAG AGG GGT GAA GGC AAA GTT GTG AAC ATA ACC CGT GAC GGC CTC ATA GAT GAT GTG ATT ACG CTC ATA AGA GGA GGA TCC AGA AAA TAT GCA ATC CAA CTA AAA GAA AAG CTT CTC AAA GGA GCC CGT GTA GTT GAT GTG ACT GAC TTT GAA AAT TGG GCC ACT TCT TTA CAT GAT GCT CCG GTT CTC ATA AGT CAA AAA CTG TCT CCT ATA CAT AAT TTG ATT CCA GTG AAA ATG AAA GAT GCT CAC CTA AAG AAG GAA AAT TTG GAA AGA GCC ATT GAA GAC TAT GTT AAC GAA TAC AGT GCA AAC AAA TGT TAC TCA TGC CGA AAC GGA GGG ACT GTG GTA CAG CTG GAT GGG CAA TGT TTG TGT ACC TGT CCA ATC AAA TTT GAG GGA CTT GCC TGT GAA ATT AGT AAA CCA AAA ATT TAT --- --- --- --- --- --- --- --- --- --- --- --- --- --- --- --- --- --- --- --- --- --- --- --- --- --- 
Choloepus_hoffmanni             ATG CTT GCC TGC CAG ATT CTT GCC TTT GCA ATA TGC ATT TTA AAA ATA AGT GCC CTG ACA GCA GGA CCT ACC CCA AGT --- GAT CCA GAG CCA ATA CAA CAG GAT GAT ACT CCA TTG CCC ACA GAC TGC AGG ATG AGC CCG TGG AGC GAA TGG TCG CAA TGT GAT CCT TGC CTC AAG GAA ATG TAT CGC TCA AGG AGA ATT GAG GCC TTT GGC CAA TTT AAT GGG AGA AAG TGT ACT GAG TCT CTG GGA GAC AGA AGA CAG TGT GTA CCC ACT GAG GCC TGT GAA GAA GCT GAA GAT GAC TGT GGA AAT GAC TTT CAA TGC AAT TCA GGT AGA TGC ATA AAA AAG CAA CTT CTG TGC AAT GGT GAC AAT GAC TGT GGA GAC TTT TCC GAT GAA GAT AAC TGT GAA AAT GAT CCC CTC CGC CCC TGC CGT GAC AAA GTG ATA GAA GAG TCA GAG CTG GCC CGA ACA GCA GGC TAT GGG ATC AAC ATT TTA GGG ATG GAT ACC CTA AGC ACA CCT TTT GAC AAT GAG TTC TAC AAC GGG CTC TGT GAT CGG GTT CGG GAC GGA ACC ACC TTA ACA TAC TAC CGC AGA CCC TGG AAC GTG GCT ACT TTG GCT TAT GAT GTA AAA GCT GAT AAA AAC TTC AGA ACT GAG TAT TAT GAA GAA CAC TAT GAA GCA CTC AGA ACT ATC TTC CAA GAG AAG TTA ACC AAT TTA AAT GCT GGT TTT ACG CTA AAA ATC ACT CCT ACT GAA GTG AAG GAA GAG TGT AAA AAC GAA GAG --- --- AAG --- --- --- --- --- --- --- --- --- --- --- --- --- --- --- --- --- --- --- --- --- --- --- --- --- --- TCT GAG AAC CTA AAT TTT GAG GGT AGC TTT CGA TTT TCA TAT TCC AAA AAT GAA ACT TTC CAA CAA TTC TTG TCA TAT TCT TCA CAG AAG AAA AAA ATG TTT CTG CAT GTG AAA GGA CAA ATT CAT CTG GGA AGA TTT GTG ATG AGA AGT CGT GAT ACC ATG CTG ACA ACA ACC TTC ACG GAT GCT ATA AAG GCT CTG CCA ACC AGA TAT GAA AAG GGG GAA TAT TTT GCA TTT TTG GAA ACC TAT GGA ACC CAC TAC AGT AGC TCT GGG TCT CTA GGA GGA GAT TAT GAA TTA ATA TAT GTT TTG GAC AAA GCT GCC ATG AAT GAG AAA AAG GTT GAA CTA AAA GAT ATA CAG AGA TGC CTC GGA TTT GAT CTG GAT TTA TCT CTG CAA GCC GTA GTT AAA ATC GAA GGA GGT GTT CAT AAA AAT GAT TGT TTA AAG AGG GGT GAA GGC AAA GTT GTG AAC ATA ACC CGT GAT GGC CTC ATA GAT GAT GTG ATT ACG CTC ATA AGA GGA GGA TCC AGA AAA TAT GCA ATC CAA CTA AAA GAA AAG CTT CTC AAA GGA GCC CGT GTA GTT GAT GTG ACT GAC TTT GAA AAT TGG GCC ACT TCT TTA CAT GAT GCT CCG GTT CTC ATA AGT CAA AAA CTG TCT CCT ATA CAT AAT TTG ATT CCA GTG AAA ATG AAA GAT GCT CAC CTA AAG AAG GAA AAT TTG GAA AGA GCC ATT GAA GAC TAT GTT AAC GAA TAC AGT GCA AAC AAA TGT TAC TCA TGC CGA AAC GGA GGG ACT GTG GTA CAG CTG GAT GGG CAA TGT TTG TGT ACC TGT CCA ATC AAA TTT GAG GGA CTT GCC TGT GAA ATT AGT AAA CCA AAA ATT TAT --- --- --- --- --- --- --- --- --- --- --- --- --- --- --- --- --- --- --- --- --- --- --- --- --- --- 
Dasypus_novemcinctus            ATG TCT GCC AGC CAG ATT CTT GCC TTT GCA ATA TGC ATT TTA GAC ATA AGT GTC CTG ACA GCA GGA CCT CCT CCA AGT TAT TCC TCA GTG CCA GCA CGA GAG GAT GGT ACC CCA TTG CCC GTA GAC TGC AGA ATG AGC CCC TGG AGT GAA TGG TCG GCA TGT GAC CCT TGC CTC AAG GAA ATG TTT CGT TCA AGG AGT GTG GAG GCC TTT GGC CAG TTT AAT GGG AGA AAG TGT ATT GAG TCT GTG GGA GAC AGG AGA CAG TGT GTA CCC ACC AAG GCC TGT GAA GAC CCT GAG GAT GGC TGT GGA AAT GAC TTT CAA TGT GAT TCA GGC AGA TGC ATA AAG AGG CAA CTT CTG TGC AAT GGT GAC AAT GAC TGC GGA GAT TTT TCA GAT GAA GAG AAT TGT GAA ACT GAT CCC CGC TCC CCC TGC CGT GGC AAA GTG GTA GAA GAG TCG GAG CTG GCC CGA ACA GCA GGC TAC GGG ATC AAC ATT TTA GGG ATG GAT ATC CTA AGC ACA CCT TTT GAC AAT GAG TTC TAC AAC GGA CTC TGT GAT CGG GTG CGG GAT GGA ACT ACC TTG ACC TAC TAC CGC AGA CCC TGG AAC GTG GCT TCT CTG GCG TAT GAA GTT AAA GCT GAT AAA AAT TTC AGG ACT GAG TAT TAT GAA GAA CAG TTT CAA GCA CTC AGA ACT ATC ATC CAA GAG CAC ACA AGC AAT TTC AAT GCC GAT TTT ACT ATA AAA GTC ACT CCT ACG GAA AGG AAG AAA CCG TCG AAA GCT GAG CCT CAT GTG AAG --- --- --- --- --- --- --- --- --- --- --- --- --- --- --- --- --- --- --- --- --- --- --- --- --- --- ACT GAA AAT AGA --- --- GAC AGT AGC TTT CGA TTT TCA TAT TCC AAA AAT GAA ACT TAC CAC CTA CTC TTG TTA TAT TCT TCA CAG AAG GAA AAA ATG TTT CTG CAT GTG AAA GGA CAA ATT CAT CTG GGA AGA TTT CTA ATG AGA AAT CGC AAT GTC ATG CTG ACA ACA ACT TTT GTA GAT GCG ATA AAT GCT CTG CCA ACT AGC TAT GAA AAG GGG GAA TAT TTT GCA TTT TTG GAA ACC TAT GGA ACC CAC TAC AGT AGC TCT GGG TCT CTA GGA GGA CTT TAT GAA CTA ATT TAT GTT TTG GAT AAA GAG TCC ATG AAT GAG AAA GGT ATT GAA CTA AGA GAT ATA CAG AAA TGC CTT GGG TTT GAT CTG GAT TTA TCT TTG CAT TTT GGA GTT CAA GTC GAG GGA GGT GTT CAT GGA AAT GAT TGT TTA AAG AGG GTC GAA GGT AAC GTT GTA AAC ATC ATC CGT GAT AAT CTC ATA GAT GAT GTG ATT TCA CTC GTA AAA GGA GGA TCC AGA AAA TAT GCA TTT CAA CTA AAA GAA GAG TTT CTC AAA GGA GCC AAA GTA ATC AAT GTG ACC AAC TTT GTA AAT TGG GCC ATT TCT TTA CAT GAT GCT CCG GTG CTC ATA GGT CAA AAA CTG TCT CCT ATA CAC AAT CTG ATT CCA GTG AAA ATT AAA GAT GCA CAC CTA AAG AAG GAA AAT TTG GAA AGA GCC ATT GAA GAC TAT GTC AAC GAA TAC AGT GTA AAC AAA TGC TAC CCA TGC CAA AAC GGA GGG ACC GTG ATA CTG CTG GAT GGA CAA TGC TTG TGC ACC TGC CCA CTT AAA TTT GAG GGA CTT GCC TGT CAA ATT AAT AAG CAA AAA ATT TTT --- --- --- --- --- --- --- --- --- --- --- --- --- --- --- --- --- --- --- --- --- --- --- --- --- --- 
Myrmecophaga_tridactyla         ATG TCT GCC CAC CAG ATT CTC GCC TTT GCA ATA TGC ATT TTA GAA ATA AGT GTC CTG ACA GCA GGA CCT ACT CCA GGC --- CCC CAA GAG CCA GCA CAA GAG GAT GGC GCT CCA GTG CCC ATA AAC TGC AGA ATG AGC GCC TGG AGT GAA TGG TCG GAA TGT GAC CCT TGC CTC AAG GAA ATG TTT CGC TCA AGG AGA ATT GAG GCC TTT GGC CAG TTC AAT GGG AGA GAA TGC ATT GAC TCT ATT GGA GAT AGA AGA CAG TGT GAA CCC ACC GAG CCC TGT GAA GAG GCT GAG GAA GAC TGT GGC AAT GAC TTT CAA TGC GAT TCA GGC AGA TGC ATA AAG AGG CAA CTT CTG TGC AAT GGT GAC GAT GAC TGC AGA GAC TTA TCA GAT GAA GAT AAC TGT GAA AAT GAT CCC CGA CTG CCC TGC CGT GAC AGG GTG GTG GAA GAG TCA GAG CTG GCC CGA ACA GCA GGC TAT GGG ATC AAC ATC TTA GGA ATG GAT ACC CTA AGT ACC CCT TTC GAT AAT GAG TTC TAC AAT GGG CTT TGC GAT CGG GTT CGG GAC GGG ACC ACC TTG ACT TAT TAC CGC AGA CCC TGG AAC GTG GCC AGT TTG GCT TAC GAA GTC AAA GCT GAT AAA AAT TTC AGA ACT GAG CAT TAT GAA AAA CAG TTT CAA GCC ATC AGA ACT ATC GTC CAA GAG ACG TTA ACC AAT TTA AAT GCC GGT TTA ACT CTA AAA TTC ACT CCT ACT GAA GTG AAG AAA CCA CGT GAA GAT GAA CCT --- --- CAA AGG ACT TGT GAA CAC TCA TGT CTA AAA TTC ACT CCT ACT GAA GTG CAG GAA CCT CAA AGG AAT AGT GAA CTC CCA AGT CTT GAA AAC ATT --- --- GAA --- --- --- --- --- --- --- --- --- --- --- --- --- --- --- --- --- --- --- --- --- --- --- --- AAA ATG TTT CTG CAT GTG AAA GGA CTA GTT CAA CTG GGA AGA TTT GTG ATG AGA AAT CGT GAT GTC ATG CTG ACA ACG ACT TTC ATA GAT GCT ATA AAG GCT CTG CCA ACC AGC TAT GAA AAG GGG GAA TAT TTT GCA TTT TTG GAA AAC TAT GGA ACC CAC TAC AGT AGC TCT GGG TCT CTA GGA GGA CTC TAT GAA CTA ATA TAT GTT TTG GAT AAA GCT TCC ATG AAT CAA AAA AAT GTT GAT TTA AGA GAT ATA AAG AGA TGC CTT GGG TTT GAT CTG AAT TTA TCT CTG CAA GCT GGC ATT ACA GTC GAG GGA GGC TTT CAT GCA GAT CAT TGT TTA AAG ACG GGT AAA GGT AGA GTT GTA AAC ATC ACT CGT GAC GGC CTC ATA GAT GAC GTG ATT TCA CTC ATA AGG GGA GGA TCC AGA AAA TAT GCA TTT CAA CTA AAA GAA AAA CTT CTC AGT GGA TCC CGA ATG ATT GAT GTA ACT GAC TTT CAA AAC TGG GCC GCT TCT TTA CAT GAT GCT CCA GTG CTT ATA AGT CAA AAA CTA TCT CCT ATA CAA AAT CTG ATT CCA GTG AAA ATG AAA AAT GCA CAT CTA AAG AAG GAA AAT TTG GAA AGA GCC ATT GAA GAC TAT ATC AAC GAA TAC AGT GTA AAG AAA TGC TAT CCA TGC CAA AAT GGC GGT ACA GTG ATA CTG CTA GAT GGA CAA TGC GTG TGT ACC TGC CCA CTC AAA TTT GAG GGA CTT GCC TGT GAA ACT AAA AAA GAA ATC ATT TTT TCA GGT GAG AAA AAT GTG CTT AAT ATT ATT AAG GAA AAA CTC TGT ATT TTG GTG TCA TTT AAT TTG GAA AGT AGT CCT 
Tamandua_tetradactyla           ATG TCT GCC CAC CAG ATT CTT GCC TTT GCA ATA TGC ATT TTA GAA ATA AGT GTT CTG ACA GCA GGA CCT ACT TCA GGC --- TCC CAA GAG CCA GCA CAA GAG GAT GGC GCT CCA GTG CCC ATA AAC TGC AGA ATG AGC TCC TGG AGT GAA TGG TCG GAA TGT GAC CCT TGC CTC AAG GAA ATG TTT CGC TCA AGG AGA ATT GAG GCC TTT GGC CAG TTT AAT GGG AGA AAG TGC ATT GAC TCT ATT GGA GAT AGA AGA CAG TGT GAA CCC ACC AAG CCT TGT GAA GAG GCT GAG GAA GAC TGT GGC AAT AAC TTT CAA TGC GAT TCA GGC AGA TGC ATA AAG AGG CAA CTT CTA TGC AAT GGT GAC GAT GAC TGC AGA GAC TTA TCA GAT GAA GAT AAT TGT GAA AAT GAT CCC CGA CTG CCC TGC CGT GAC AGG GTG GTG GAA GAG TCA GAG CTG GCC CGA ACA GCA GGC TAT GGG ATT AAC ATC TTA GGA ATG GAT ACT CTA AGT ACC CCT TTC GAT AAC GAG TTC TAC AAC GGG CTC TGC GAT CGA GTT CGG GAC GGG ACC ACC TTG ACA TAT TAC CGC AGA CCC TGG AAC GTG GCC AGT TTG GCT TAT GAA GTC AAA GCT GAT AAA AAT TTC AGA ACT GAA CAT TAT GAA ACA CAG TTT CAA GTC ATC AGA ACT GTC GTC CAA GAG ACT TTA ACC AAT TTA AAT GCC GGT TTA ACT CTA AAA TTC ACT CCT ACT GAA GTG AAG AAA CCA CAT AAA GAT AAA CCT --- --- CAA AGG AAT TGT GAA CAC TCA TGT CTA AAA TTC ACT CCT ACT GAA GTG CAG GAA CCT CAA AGG AAT AGT GAA CTC CCA AGT CTT GAA AAC ATT --- --- GGA --- --- --- --- --- --- --- --- --- --- --- --- --- --- --- --- --- --- --- --- --- --- --- --- AAA ATG TTT CTG CAT GTG AAA GGA CTA GTT CAA CTG GGA AGA TTT GTG ATG AGA AAT CGT GAT GTC ATG CTG ACA ACA ACT TTC ATA GAT GCC ATA AAG GCT CTG CCA ACC AGC TAT GAA AAG GGG GAA TAT TTT GCA TTT TTG GAA ACC TAT GGA ACC CAC TAC AGT AGC TCT GGG TCT CTA GGA GGA CTC TAC GAA CTA ATA TAT GTT TTG GAT AAA GCT TCC ATG AAT CAA AAA AAT GTT GAA TTA AGA GAT GTA AAG AGA TGC CTT GGG TTT GGT CTG AAT TTA TCT CTG CAA GTT GGC ATT ACA GTC GAG GGA GAC TTT CAT GCA GAT AAT TGT TTA AGG ACG GGT AGT GGT CAA GTT GTA AAC AAC ACT CGT GAT GGC CTC ATT GTT GAC GTG ATT TCA TTC ATA AGG GGA GGA TCC AGA AAA TAT GCA TTT CAA CTA AAA GAA AAA CTC --- AGT GGA TCC CAG ATG ATT GAT GTA ACT GAC TTT CAA AAC TGG GCC GCT TCT TTA CAT GAT GCT CCA GTG CTT ATA AGT CAA AAA CTA TCT CCT ATA CAA AAT CTG ATT CCA GTG AAA ATG AAA GAT GCA TAT CTA AAG AAG GAA AAT TTG GAA AGA GCC ATT GAA GAC TAT ATC AAC GAA TAC AGT GTA AAG AAA TGC TAT CCA TGC CAA AAT GGC GGT ACA GTG ATA CTG CTA GAT GGA CAA TGC GTG TGT ACC TGC CCA CTC AAA TTT GAG GGA CTT GCC TGT GAA ATT GAA AAA GAA ATC ACT TTT GGG GGT GAG AAG AAT ATG CTT AAT ATT AAT AAG GAA AAA CTC TGT ATT TTG GTG TCA TTT AAT TTG GAA AGT AGT CCT 
Tolypeutes_matacus              ATG TCT GCC AGC CAG ATT CTT GCC TGT GCA ATA TGC ATT TTA GAA ATA AGT GTC CTG ACG GCA GAA TCT ACT CCA AGT TAC TCC TCA GAG CCA GTA CAA GAG AAT GGT ACT CCA TTG CCC GTA AGT TGC AGA ATG AGC CCC TGG AGT GAA TGG TCA GAA TGC GAC CCT TGC CTC AAG GAA ATG TTT CGT TCA AGG AGA GTT GAG ACC TTT GGC CAA TTT AAT GGG AGA AAG TGT ATT GAG TCT CTG GGA GAC AGA AAA CAG TGT GTA CCC ACC AAG GCC TGC GAC GAC CCT GAG GAG GGT TGT GGA AAT GAC TTT CAA TGC GAT TCA GGC AGG TGC ATA AAG AGG CGA CTA CTG TGC AAT GGC GAC AAT GAC TGT GGA GAT TTT TCA GAT GAA GAT AAT TGT GAA ACC GAT CCC AGT CCC CCC TGC AGA GAC AAA CTG ATA GAA GAG TCA GAG CTG GCC CGA ACA GCA GGC TAT GGG ATC AAC ATT TTA GGA ATG GAC ACC CTA AGC ACA CCT TTT GAC AAT GAG TTC TAC AAT GGA CTC TGT GAT CGG GTT CGG GAT GGA ACC ACC TTG ACC TAC TAC CGC AGA CCC TGG AAC GTG GCT TCT TTG GCT TAT GAA GTC AAA GCT GAT AAA AAT TTC AGA ACT GAG TAT TAT GAA GAA CAG TAT CAA GCA CTC AGA ACT ATC ATC CAA GAG AAG TTA ACC AAT TTC AAT GCC GAT TTT ACT CTA AAA TTC ACT CCT ACT GAA AAG AAA GCG --- TCA AAG --- AAA CCT CAT GTG AAG --- --- --- --- --- --- --- --- --- --- --- --- --- --- --- --- --- --- --- --- --- --- --- --- --- --- GTT GAC AAC ATG --- --- GAG GGT AGC TTT CGA TTT ACA TAT TCC AAA AAT GAA AGT TAC CAC CTA CTC TTG TTA TAT TCT TCA CAG AAG GAA AAA ATG TTT CTA CAT GTG AAA GGA CAA ATT AAT CTG GGA AGA TTT GTG ATG AGA AAT CGC GAT GTC ATG CTG ACG ACA ACT TTT GTA GAT GCA ATA AAG GCT CTG CCA ACT AGC TAT GAA AAG GGG GAA TAT TTT GCA TTT TTG GAA ACC TAT GGA ACC CAC TAC AGT AGC TCT GGG TCT CTA GGA GGA CTC TAT GAA CTA ATA TAT GTT TTG GAT AAA GCG TCC ATG AAT GAG AAA GGT GTT GAA CTA AAA GAT ATA CAG AGA TGT CTC GGG TTT GAT CTG GAT TTA TCT CTG CAT GCT GGC GTT CAA GTC GAG GGA GGT GTT CAT AAA AAT GAT TGT ATA AAG AGG GGT GAT GGT AAA GTT GTA AAC ATC ACC CGT GAC AAC CTC ATA GAT GAT GTG ATT ACA CTC ATA AGA GGA GGA TCC AGA AAA TAT GCA TTT CAA CTA AAA GAA AAG CTT CTC AAA GGA GCC AAT GTA ATC GAT GTG ACG GAC TTT GTA AAT TGG GCC ACT TCT TTA CAT GAC GCT CCG GTG CTC ATA GGT CAA AAA CTG TCT CCT ATA CAT AAT CTG ATT CCA GTG AAA ATA AAA GAT GCA CAC CTA AAG AAG GAA AAT TTG GAA AGA GCC ATT GAA GAC TAT GTC AAT GAA TAT AGT GTA AAC AAA TGC TAC CCA TGT GAA AAT GGA GGT ACC GTG ATA CTG CTG GAT GGA CAA TGC TTG TGT ACC TGC GCA ATC CAA TTT GAG GGA CTT GCC TGT GAA ATT AAT AAA CAA AAA ATT CTT --- --- --- --- --- --- --- --- --- --- --- --- --- --- --- --- --- --- --- --- --- --- --- --- --- --- 



Printing out site pattern counts


         7       1170  P

Chaetophractus_vellerosus        --- --- --- --- --- --- --- --- --- --- --- --- --- --- --- --- --- --- --- --- --- --- --- --- --- --- --- --- --- --- --- --- AAA AAA AAA AAA AAA AAA AAA AAA AAA AAA AAA AAA AAA AAC AAC AAC AAC AAC AAC AAG AAG AAG AAG AAG AAG AAG AAG AAG AAT AAT AAT AAT AAT AAT AAT AAT AAT AAT AAT ACA ACA ACA ACA ACC ACC ACC ACC ACC ACC ACC ACC ACC ACC ACC ACG ACG ACG ACT ACT ACT ACT ACT ACT AGA AGA AGA AGA AGA AGA AGA AGA AGC AGC AGC AGC AGG AGG AGG AGG AGG AGT AGT AGT AGT AGT ATA ATA ATA ATA ATA ATA ATA ATC ATC ATC ATC ATG ATG ATG ATT ATT ATT ATT ATT ATT ATT ATT CAA CAA CAA CAA CAA CAA CAA CAC CAC CAC CAG CAG CAG CAG CAG CAT CAT CAT CAT CCA CCA CCA CCC CCC CCC CCC CCG CCG CCT CCT CCT CGA CGA CGA CGA CGC CGG CGG CGT CGT CGT CGT CGT CGT CTA CTA CTA CTA CTA CTA CTA CTA CTC CTC CTC CTC CTC CTC CTC CTG CTG CTG CTG CTG CTG CTG CTG CTT CTT CTT CTT GAA GAA GAA GAA GAA GAA GAA GAA GAA GAA GAA GAC GAC GAC GAC GAC GAC GAC GAC GAG GAG GAG GAG GAG GAG GAG GAT GAT GAT GAT GAT GAT GAT GAT GAT GAT GAT GAT GAT GAT GAT GAT GAT GAT GAT GAT GCA GCA GCA GCA GCC GCC GCC GCC GCC GCG GCT GCT GCT GCT GCT GGA GGA GGA GGA GGA GGA GGA GGA GGA GGC GGC GGC GGC GGG GGT GGT GGT GGT GGT GGT GGT GGT GGT GGT GGT GTA GTA GTA GTA GTA GTA GTA GTA GTA GTC GTC GTC GTC GTC GTC GTC GTG GTG GTG GTG GTG GTG GTT GTT GTT GTT GTT GTT TAC TAC TAC TAC TAC TAC TAT TAT TAT TAT TAT TAT TAT TCA TCA TCA TCA TCA TCA TCC TCC TCC TCC TCC TCG TCG TCT TCT TCT TCT TCT TGC TGC TGC TGC TGC TGC TGG TGT TGT TGT TGT TTA TTA TTA TTA TTA TTC TTC TTC TTG TTG TTG TTG TTG TTT TTT TTT TTT TTT TTT TTT TTT TTT TTT TTT
Choloepus_didactylus             --- --- --- --- --- --- --- --- --- --- --- --- --- --- --- --- --- --- --- --- --- --- --- --- --- --- --- --- --- AAT GAG TTT AAA AAA AAA AAA AAA AAA AAA AAA AAA AAA AAG AGT GAA AAC AAC AAC AAC AAC GGC AAA AAG AAG AAG AAG AAG AAG AAG GAG AAC AAC AAC AAG AAT AAT AAT AAT AAT AGT CGT ACA ACA ACA ACA AAT ACA ACC ACC ACC ACC ACC ACC ACT ACT ACT ACA ACT GAA ACA ACC ACC ACC ACT ACT AGA AGA AGA AGA AGA AGA AGA AGG AGA AGC AGC TGC AAG AGA AGG AGG GTG ACT AGC AGT AGT AGT ACA ACG ATA ATA ATA ATA ATA ATA ATC ATC TTC ATG ATG CTA ACT AGT ATT ATT ATT ATT ATT TCT AAA AAA CAA CAA CAA CGA GAA CAC CAC CGA CAC CAG CAG CAG GAG CAA CAG CAT CAT CCA CCA TCA CCC CCG CGC GCT CCA CCG CCT CCT GAG CAA CCA CGA CGA CGC CGG CGG --- CGC CGT CGT CGT CTC CAA CCA CTA CTA CTA CTG CTT TTA CTC CTC CTC CTC CTC GAT TTC CAG CTG CTG CTG CTG CTG CTG TTG CTC CTT CTT CTT AAA AAA CAA GAA GAA GAA GAA GAA GAA GAG GAT GAA GAC GAC GAC GAC GAC GAG GAT CAG GAA GAG GAG GAG GAG GAT AAC AAT AAT CAT GAA GAC GAC GAC GAC GAT GAT GAT GAT GAT GAT GAT GAT GAT GAT GGT GCA GCA GCT GCT CTC GCC GCC GCT GTC GCT ACT GCC GCT GCT GCT CAA GGA GGA GGA GGA GGG GGG GGG GTA GAC GGA GGC GGT GGG AAG AGT GAT GAT GGA GGC GGG GGT GGT GGT GGT ATA ATA ATA GAA GCA GTA GTA GTA GTG ACC ATC ATC GCC GTA GTT GTT --- GTG GTG GTG GTG GTT ATT GTT GTT GTT GTT GTT TAC TAC TAT TAT TAT TTC TAC TAC TAT TAT TAT TAT TAT ACG GGT TCA TCA TCC TCG GAT GCC GCC TCC TCC TCA TCA --- ACT CTT TCT TCT TGC TGC TGC TGT TGT TGT TGG TGT TGT TGT TGT CCA CTG TCA TTA TTA ATC TTA TTC TTA TTG TTG TTG TTG ATC TAT TAT TTA TTC TTT TTT TTT TTT TTT TTT
Choloepus_hoffmanni              --- --- --- --- --- --- --- --- --- --- --- --- --- --- --- --- --- --- --- --- --- --- --- --- --- --- --- --- --- AAT GAG TTT AAA AAA AAA AAA AAA AAA AAA AAA AAA AAA AAG AGT GAA AAC AAC AAC AAC AAC GGC AAA AAG AAG AAG AAG AAG AAG AAG GAG AAC AAC AAC AAG AAT AAT AAT AAT AAT AGT CGT ACA ACA ACA ACA AAT ACA ACC ACC ACC ACC ACC ACC ACT ACT ACT ACA ACT GAA ACG ACC ACC ACC ACT ACT AGA AGA AGA AGA AGA AGA AGA AGG AGA AGC AGC TGC AAG AGA AGG AGG GTG ACT AGC AGC AGT AGT ACA ACG ATA ATA ATA ATA ATA ATA ATC ATC TTC ATG ATG CTA ACT AGT ATT ATT ATT ATT ATT TCT AAA AAA CAA CAA CAA CGA GAA CAC CAC CAA CAC CAG CAG CAG GAG CAA CAG CAT CAT CCA CCA TCA CCC CCG CGC GCT CCA CCG CCT CCT GAG CAA CCA CGA CGA CGC CGG CGG --- CGC CGT CGT CGT CTC CAA CCA CTA CTA CTA CTG CTT TTA CTC CTC CTC CTC CTC GAT TTC CAG CTG CTG CTG CTG CTG CTG TTG CTC CTT CTT CTT AAA AAA CAA GAA GAA GAA GAA GAA GAA GAG GAT GAA GAC GAC GAC GAC GAC GAG GAT CAG GAA GAG GAG GAG GAG GAT AAC AAT GAT CAT GAA GAC GAC GAC GAT GAT GAT GAT GAT GAT GAT GAT GAT GAT GAT GGT GCA GCA GCT GCT CTC GCC GCC GCT GCC GCT ACT GCC GCT GCT GCT CAA GGA GGA GGA GGA GGG GGG GGG GTA GAC GGA GGC GGT GGG AAG AGT GAT GAT GGA GGC GGG GGT GGT GGT GGT ATA ATA ATA GAA GCA GTA GTA GTA GTG ACC ATC ATC GCC GTA GTT GTT --- GTG GTG GTG GTG GTT ATT GTT GTT GTT GTT GTT TAC TAC TAT TAT TAT TTC TAC TAC TAT TAT TAT TAT TAT ACG TGT TCA TCA TCC TCG GAT GCC GCC TCC TCC TCA TCA --- ACT CTT TCT TCT TGC TGC TGC TGT TGT TGT TGG TGT TGT TGT TGT CCA CTG TCA TTA TTA ATC TTA TTC TTA TTG TTG TTG TTG ATC TAT TAT TTA TTC TTT TTT TTT TTT TTT TTT
Dasypus_novemcinctus             --- --- --- --- --- --- --- --- --- --- --- --- --- --- --- --- --- --- --- --- --- --- --- --- --- --- --- --- --- --- CCG --- AAA AAA AAA AAA AAA AAA AAC AAG AGA GGA AAG AAT GAG AAC AAC AAC AAC AAT AAT AAG AAG AAG AAG AAG AAT CAC GAG AAG AAC AAT AAT AAG AAT AAT AAT AAT AAT AAT AAA ACA ACA ACA ACA ACT ACC ACC ACC ACT AGC ATC ATC ACC ACC ACG ACA ACC AAA ACT ACT ACT CCT ACT ACT AAA AAA AGA AGA AGA AGG AGT AGA AGC AGC AGC AGC AGG AGA AGG AGG AGG ACC AGC AGT AGT AGT GTA GTA ATA ATA ATA ATT GTA ATC ATC CTT ATC ATG ATT AGA ATT AGT ATT ATT ATT ATT ATT ACT AAA CAA CAA CAA CAG CAA CAA CAC CAC CAC CAG CAG CAG CAG GAG CAT CAG CAC CAT CCA CCA CCA CCC CCC TCC CCT CCA CCG CCT CCT CCT CAA CAA CGA CGA CGC CGG CGG CAT CGT CGC CGT CGT CGC CTA CCA ATA CTA CTA CTG CTT CTA CTC CTC CTC CTC CTT CTT CTC CTG CTG CTG CTG CTG GTG TTG CTG CTC CTT CTT TTT GAA GAC GCA CAA GAA GAA GAA GAA GAA GAA GAA GAC AAC GAC GAC GAC GGC GAG GAC GAG GAG GAC GAG GAG GTG GAT GCT GAT AAT CAT GAA GAC GAT GAT GAT AAT GAG GAT GAT GAT GAT GAT GAT GAT GAT GAT GCA GCA GCA GCG CTC GCC GCC GCC GCC GAG ATT TTT GCG GCT GCT CGA GGA GGA GGA GGA GGA GGA GGG GGA GGC GGA GGC GGC GGG GGT GGT GAT GGT GGG GGT GGG AGT GGT GGT GTC ATA GCA GTA GTA GTA ATA GTA GTA GTA GTC ATC GTC GTC GTT ATC GTC GTG CTA GTG GTG GTG GTG GTG ATT GTG GTT GTT GTT TAC TAC TAT TAT TTT TAC TAC TAC TAC TAT TAT TAT TAT TCA TCG TCA TCA TCA TCG TCC GCC TCC TCC TCC TCA TCG TAT TCT TCT TCT TCT TGC TGC TGT TGC TGC TGT TGG TGC TGT TGT TGT TCA CTG TTA TTA TTA GTC TTC TTC TTG CTG TTG TTG TTG TTT TTT TTT ACA TTT TTT TTT TTT TTT TTT TTT
Myrmecophaga_tridactyla          AAA AAA AAG AAT ACT ACT AGG AGT ATT ATT CAA CAC CAG CCA CCT CTA CTC CTT GAA GAG GGT GTG GTG TCA TCA TGT TTC TTG TTT --- CCA --- --- AAA AGG AGT ATC GAA AGA AAA AGA GCA AAG AAA GAA AAC AAC AAG AAT AAC GGC AAG --- AAG AAG GAA AAG ACG AAA GAG AAT AAC AAT CAA --- AAC AAT AAT GAT AAT CGA ACA ACA ACC ACG AAT ACT AAC ACC ACC ACC ACC ACT ACA ACC ACT ACA ACT AAA ACT ACC ACT ACT --- ACT AGA AGG AGA AGA AGA AGA AGA AGA AGC --- AGC CAC AGG AGA ACG AGG GTG GCT AGT AGT AGT GGC ATA ATA ATA ATA ATA ATA ATA ATC ATC CTC GTC ATG ATG ATT ATT AGT ACT ATC ATT ATT GTT CTT AAA ACA CAA CTA CAG CAA CAA CAC CAT --- CAG --- AAG CAG CAA CAA CAG CAA CAT CCA CCA CCA CCC GCC CTG GCT CCA CCA CCT CCT CCT CAA GAA --- CGA CGC CGG CGG --- CGC CGT CGT CGT CGA --- CCA CTA CTA TTA CTG CTT CTA ATC CTC CTC CTC CTT CTC --- CTG CTA CTG CTG CTG ATT CTG CTG CTT CTC CTT CTT --- GAA GAA GAA --- AAA GAA GAA GAT GAA GAA GAG GAC AAC GAC GAT GAC GAC GAC GAG GAG GAA GAG GAG GAG GAA GAT GAT GAT CAA AAA GAC GAC GAT GAC GAT GAT AAT AAT GAC GAT GAT GAT GAT GAT GGT GCA GCC GCA GCT CTT GCC GCC GCC CCC GCT GCT GCT GCT GCC GCT CAA GGA GGA GGC GGG GGA GGG GGA GGC GAC AGA GGC GGC GGG AAT AGT CAT GGC GGG GGT GGT --- GGC GGT GGT ATA GCA GTG CAA GTA ATA ATG GAA GTA GTC ATC GTC GTC GTC ATT ATC --- GTG GTA GTG GTG GTG ATT GTT GTT ATT GTT TTT TAC TAT CAT TAT TTT --- TAC TAT TAT --- TAC TAT TAT TCA CGT --- TCA TCA TCG CCC TCC TCC --- TCC --- TCA --- AGT TCT --- TCT TGC TGC TGC TGC TGC TGT TGG TGT TGC TGT TGT CAA CTA --- TTA TTA TTC TTA TTC TTG TTG --- GTG TTG TTT TTT TTT TTA TTC --- TTA TTC TTC TTT TTT
Tamandua_tetradactyla            AAA AAG AAG AAT AAT ACT AGG AGT AAT ATT CAA CAC CAG CCA CCT CTA CTC CTT GAA GAG GGT ATG GTG GGG TCA TGT TTC TTG TTT --- CCA --- --- AAA AGG AGT ATC AAA CAA AAA AGA GCA AAG GAA AAA AAC AAC AAG AAC AAC GGC AAG --- AAG AGG AAG AAG ACT AAA AAG AAT AAT AAT CAA --- AAC AAC AAT GAT AAT CAG ACA ACA ACC ACA AAT ACA ACC ACC ACC ACC ACT ACT ACA ACC ACT ACA ACT AAA ACT ACC ACT ACT --- ACT AGA AGG AGA AGA AGA AGA AGA AGA AGC --- AGC CAC AGG AGA ACG AGG GTG GCT AGT AGT AGT GGC ATA ATA ATA ATT GTA ATA ATA AAC ATT CTC GTC ATG ATG ATT ATT AGT ATT ATC ACT ATT GTT CTT AAA ACA CAA CTA CAG CAA CAA CAC TAT --- CAG --- AAG CAG CAA CAA CAG CAA CAT CCA TCA CCA CCC TCC CTG GCT CCA CCA CCT CCT CCT CAA GAA --- CGA CGC CGA CGG --- CGC CGT CGT CGT CGA --- CCA CTA CTA TTA CTG CTT CTA ATC --- CTC TTC CTT CTC --- CTG CTA CTA CTG CTG ATT CTG CTG CTT CTT CTT CTC --- GAA GAA GAA --- ACA GAA GAA GAA GAA GAA GAG GAC AAC GAC GAT GAC GAC GAC GAG GAG GGA GAA GAG GAG GAA GAT GAT GAT CAA AGT AAC GAC GAT GAT GAT GAT AAT GAT GAC GAT GAT GAT GGT GTT GGT GCA GTC GCA GCC CTC GCC GCC GCC CCT GCT GCT GTT GCT GCC GCT CAA GGA GGA GGC GGG GGA GGG GGA GGC GAC AGA GGC GGC GGG AAT AGT AAT GGC GGG GGT GGT --- GAC GGT GGT ATA GCA GTG CAA GTA ATA ATG GAA GTA GTC GTC GTC GTT GTC ATT ATC --- GTG GTA GTG GTG GTG ATT GTT GTT ATT GTT TTT TAC TAT CAT TAT TTT --- TAC TAT TAT --- TAT TAC TAT TCA CAT --- TCA TCA TCG TCC TCC TCC --- TCC --- TCA --- AGT TCT --- TCT TGC TGC TGC TGC TGC TGT TGG TGT TGC TGT TGT CAA CTA --- TTA TTA TTC TTA TTC TTG TTG --- GTG TTG TTT TTT TTT TTA TTC --- TTA TTC TTT TTT TTT
Tolypeutes_matacus               --- --- --- --- --- --- --- --- --- --- --- --- --- --- --- --- --- --- --- --- --- --- --- --- --- --- --- --- --- --- --- --- AAA AAA AAA AAA AAA AAG AAA AAA AAA AAA AAA AAT AAA AAC AAT AAC AAT AAC AAC AAG AAG AAG AAG AAG AAG AAG AAG AAG AAT AAT AAT AAG AAT AAT AAT AAT AAT AAT AAT ACA ACG ACA ACA ACC ACC ACC ACC ACC ACC ACC ACC ACC ACC ACT ACG ACG GCG ACT ACT ACT ACT AGT ACT AGA AGA AAA AGA AGG AGA AGA AGA AGC AGC AGC AGC AGG AGA AGG AGG AAG ACT AGC AGT AGT AGT GTA GTA ATA ATA ATA ATA ATA ATC ATC ATC ATC ATG ATA ATG ATT AGT ATT ATT ATT ATT ATT GTT CAA CAA CAA CAA CAA GAA CAA CAC CAC CAC CAG CAG CAG CAG GAG CAT CAG CAT CAT CCA CCA CCA CCC CCC CCC CCT CCA CCG CCT TCT CCT CGA CAA CGA CGA CGC CGG CGG CAT CGT CGC AGA CGT AGT CTA GCA CTA CTA CTA CTG CTA CTA CTC CTC CTC CTC CTC CTC CTC CTG CTG CTG CTA CTG CTG CTG CTG CTC CTT CTT CTT GAA GAA GAA GAA GAA GAA GAA GAC GAA GAC GAA GAC GAC AGT GAC GAC GAC GAG GAC GAG GAG GAG GAG GAG GAG GAG --- GAT GAT AAT GAT GAC GAT GAT GAC GAT GAT GAT GAT GAT AAT GAC GAT GAT GAT GAT GCA GCA GCA GCA CTC ACC GCC GCC GCC GCG ACT GCT GCT GCT GCT CAA GAA GGA GGA GGA GGA GGA GGA GGC GGT GGA GGC GGC GGG GGT GGT GAT GGT GGG GGT GGT GGT GGT GGC GGT ATA GTA ATA GTA GTA ATA GTA GTA GTA GTC ATC GTC GTC GTC ATC GTC GTG GTG GTG CTG GTG GTG GTT GTT GTT GTT GTT GTT TAC TAC TAT TAT TAT TAC TAT TAC TAT TAT TAT TAT TAT ACA TCA TCA TCA TCA TCA TCC GCC TCC TCC TCC ACA TCA TAC TCT TCT TCT TCT TGC TGT TGC TGC TGT TGC TGG TGT TGT TGC TGT TCA CTG TTA ATA TTA TTC TTC TTC TTG TTG TTG TTG TTG TTT CTT TTT TTA TTT TTT TTT TTT TTT TGT TTT



    2    1    1    4    1    2    2    4    1    2    1    1    1    1    3
    1    2    1    6    1    1    1    2    1    2    3    1    2    1    1
    1    1    1   13    1    1    1    1    1    1    1    1    1    1    1
    3    1    1    1    1    1    1    1    4    1    1    1    1    1    1
    1    1    1    1    1    1    1    8    2    1    1    1    1    1    1
    1    1    1    3    1    1    1    1    1    1    1    1    1    1    1
    1    1    1    1    3    1    1    1    6    1    2    1    1    1    1
    2    1    1    1    1    1    1    1    1    1    2    1    1    1    4
    1    1    1    1    1    1    1    1    8    1    1    1    1    1    1
    1    5    1    1    1    1    5    1    1    1    1    1    1    1    1
    1    1    1    1    1    1    1    3    3    1    1    5    1    1    1
    1    1    4    1    1    1    1    1    1    1    1    1    1    1    1
    1    1    1    1    1    1    4    1    1    1    1    1    1    2    1
    1    1    1    1    1    1    1    5    1    1    1    1    1    1    1
    1    1    1    1    1    1   16    1    1    1    1    1    1    1    3
    2    1    1    1    1    2    1    1    6    1    1    1    1    1    1
    1    1    2    1    1    1    1    1    1    1    1    2    7    1    1
    1    5    1    1    1    1    1    6    1    1    1    1    1    1    1
    3    1    1   11    2    1    1    1    1    1    1    1    2    1    4
    1    1    1    1    1    1    1    1    1    1    1    2    1    1    1
    1    1    1    1    1    1    1    1    1    1    1    1    1    1    1
    1    5    1    1    1    1    1    2    1    3    1    1    1    1    1
    1    1    1    2    1    1    6    1    1    1    2    1    1    1    1
    1    1    1    1    1    1    1    1    1    6    6    2    1    3    1
    1    4    1    2    1    5    1    1    1    1    4    1    1    2    1
    1    1    2    3    1    1    1    1    1    2    2    1    1    1    9


CODONML (in paml version 4.9j, October 2019)  Xenarthra_C9.aln
Model: One dN/dS ratio, 
Codon frequency model: Fcodon
Site-class models: 
ns =   7  ls = 598

Codon usage in sequences
--------------------------------------------------------------------------------------------------------------------------------------
Phe TTT  21  17  17  23  16  17 | Ser TCT  10   8   8   9   7   7 | Tyr TAT  13  16  16  13  11  12 | Cys TGT   9  14  15  10  11  11
    TTC   4   6   6   3   7   7 |     TCC   5   3   3   5   3   5 |     TAC   8   6   6   8   5   5 |     TGC  14  10  10  13  15  15
Leu TTA   8   9   9   6  10  10 |     TCA   7   7   7   7   8   8 | *** TAA   0   0   0   0   0   0 | *** TGA   0   0   0   0   0   0
    TTG   8   8   8   8   7   7 |     TCG   2   1   1   3   1   1 |     TAG   0   0   0   0   0   0 | Trp TGG   4   4   4   4   4   4
--------------------------------------------------------------------------------------------------------------------------------------
Leu CTT   4   5   5   6   8   7 | Pro CCT   6   5   5   8   9  10 | His CAT   6   5   5   6   6   5 | Arg CGT   6   4   4   3   4   3
    CTC   8   9   9   8   9   8 |     CCC   8   5   5   6   7   5 |     CAC   3   3   3   5   3   3 |     CGC   1   3   3   3   2   2
    CTA  11   7   7   8  10  11 |     CCA   5   8   8   7  10   9 | Gln CAA  11  12  13  12  17  18 |     CGA   4   4   3   3   3   3
    CTG  12  12  12  13  12  11 |     CCG   2   2   2   2   0   0 |     CAG   5   6   6   6   5   6 |     CGG   2   2   2   2   2   1
--------------------------------------------------------------------------------------------------------------------------------------
Ile ATT  12  10  10  14  15  16 | Thr ACT   8  12  12  10  14  14 | Asn AAT  19  17  16  22  21  22 | Ser AGT   6   8   7   7  12  13
    ATC   4   6   6   7   7   4 |     ACC  13  12  12   9   9   9 |     AAC   8  11  11   9   9  11 |     AGC   5   4   5   7   3   3
    ATA  10  13  13  10  13  11 |     ACA   4   8   7   6   5   8 | Lys AAA  25  27  27  23  23  21 | Arg AGA  14  15  15  12  17  16
Met ATG  10   9   9   8  10  11 |     ACG   3   2   3   1   3   1 |     AAG  12  14  14  12  11  13 |     AGG   5   3   3   6   6   7
--------------------------------------------------------------------------------------------------------------------------------------
Val GTT   7   9   9   5   5   8 | Ala GCT   7  10  10   5  10   8 | Asp GAT  28  24  26  23  23  22 | Gly GGT  11   7   6   6   6   7
    GTC   7   1   0   6   5   6 |     GCC  10  11  12  10  11  10 |     GAC  11  14  13  11  13  12 |     GGC   5   4   4   5  10   9
    GTA  10   5   5   9   3   4 |     GCA   8   7   7   9   8   8 | Glu GAA  26  29  29  24  35  34 |     GGA  20  17  17  20  14  15
    GTG  10  10  10  13  15  14 |     GCG   1   0   0   2   0   0 |     GAG  13  15  15  16  14  12 |     GGG   4   8   8   7   7   8
--------------------------------------------------------------------------------------------------------------------------------------

------------------------------------------------------
Phe TTT  18 | Ser TCT  10 | Tyr TAT  15 | Cys TGT  12
    TTC   4 |     TCC   4 |     TAC   7 |     TGC  12
Leu TTA   6 |     TCA   8 | *** TAA   0 | *** TGA   0
    TTG   8 |     TCG   0 |     TAG   0 | Trp TGG   4
------------------------------------------------------
Leu CTT   4 | Pro CCT   6 | His CAT   6 | Arg CGT   2
    CTC  10 |     CCC   7 |     CAC   3 |     CGC   2
    CTA  10 |     CCA   6 | Gln CAA  12 |     CGA   3
    CTG  14 |     CCG   1 |     CAG   5 |     CGG   2
------------------------------------------------------
Ile ATT  10 | Thr ACT  10 | Asn AAT  23 | Ser AGT   8
    ATC   6 |     ACC  13 |     AAC   6 |     AGC   6
    ATA  14 |     ACA   5 | Lys AAA  24 | Arg AGA  14
Met ATG   9 |     ACG   3 |     AAG  15 |     AGG   4
------------------------------------------------------
Val GTT   8 | Ala GCT   6 | Asp GAT  22 | Gly GGT   9
    GTC   5 |     GCC   9 |     GAC  15 |     GGC   5
    GTA   8 |     GCA   9 | Glu GAA  26 |     GGA  18
    GTG   9 |     GCG   2 |     GAG  15 |     GGG   5
------------------------------------------------------

Codon position x base (3x4) table for each sequence.

#1: Chaetophractus_vellerosus
position  1:    T:0.20810    C:0.17311    A:0.29098    G:0.32781
position  2:    T:0.26888    C:0.18232    A:0.34622    G:0.20258
position  3:    T:0.31860    C:0.20994    A:0.30018    G:0.17127
Average         T:0.26519    C:0.18846    A:0.31246    G:0.23389

#2: Choloepus_didactylus
position  1:    T:0.20074    C:0.16943    A:0.31492    G:0.31492
position  2:    T:0.25046    C:0.18600    A:0.36648    G:0.19705
position  3:    T:0.31492    C:0.19890    A:0.30939    G:0.17680
Average         T:0.25537    C:0.18478    A:0.33026    G:0.22959

#3: Choloepus_hoffmanni
position  1:    T:0.20258    C:0.16943    A:0.31308    G:0.31492
position  2:    T:0.24862    C:0.18785    A:0.36832    G:0.19521
position  3:    T:0.31492    C:0.19890    A:0.30755    G:0.17864
Average         T:0.25537    C:0.18539    A:0.32965    G:0.22959

#4: Dasypus_novemcinctus
position  1:    T:0.20588    C:0.18015    A:0.29963    G:0.31434
position  2:    T:0.27022    C:0.18199    A:0.34926    G:0.19853
position  3:    T:0.31250    C:0.21140    A:0.28676    G:0.18934
Average         T:0.26287    C:0.19118    A:0.31189    G:0.23407

#5: Myrmecophaga_tridactyla
position  1:    T:0.18453    C:0.18805    A:0.31283    G:0.31459
position  2:    T:0.26714    C:0.18453    A:0.34446    G:0.20387
position  3:    T:0.31283    C:0.20738    A:0.30931    G:0.17047
Average         T:0.25483    C:0.19332    A:0.32220    G:0.22964

#6: Tamandua_tetradactyla
position  1:    T:0.19190    C:0.17958    A:0.31690    G:0.31162
position  2:    T:0.26761    C:0.18134    A:0.34507    G:0.20599
position  3:    T:0.32042    C:0.20070    A:0.30986    G:0.16901
Average         T:0.25998    C:0.18721    A:0.32394    G:0.22887

#7: Tolypeutes_matacus
position  1:    T:0.19926    C:0.17159    A:0.31365    G:0.31550
position  2:    T:0.26384    C:0.18266    A:0.35793    G:0.19557
position  3:    T:0.31181    C:0.21033    A:0.30074    G:0.17712
Average         T:0.25830    C:0.18819    A:0.32411    G:0.22940

Sums of codon usage counts
------------------------------------------------------------------------------
Phe F TTT     129 | Ser S TCT      59 | Tyr Y TAT      96 | Cys C TGT      82
      TTC      37 |       TCC      28 |       TAC      45 |       TGC      89
Leu L TTA      58 |       TCA      52 | *** * TAA       0 | *** * TGA       0
      TTG      54 |       TCG       9 |       TAG       0 | Trp W TGG      28
------------------------------------------------------------------------------
Leu L CTT      39 | Pro P CCT      49 | His H CAT      39 | Arg R CGT      26
      CTC      61 |       CCC      43 |       CAC      23 |       CGC      16
      CTA      64 |       CCA      53 | Gln Q CAA      95 |       CGA      23
      CTG      86 |       CCG       9 |       CAG      39 |       CGG      13
------------------------------------------------------------------------------
Ile I ATT      87 | Thr T ACT      80 | Asn N AAT     140 | Ser S AGT      61
      ATC      40 |       ACC      77 |       AAC      65 |       AGC      33
      ATA      84 |       ACA      43 | Lys K AAA     170 | Arg R AGA     103
Met M ATG      66 |       ACG      16 |       AAG      91 |       AGG      34
------------------------------------------------------------------------------
Val V GTT      51 | Ala A GCT      56 | Asp D GAT     168 | Gly G GGT      52
      GTC      30 |       GCC      73 |       GAC      89 |       GGC      42
      GTA      44 |       GCA      56 | Glu E GAA     203 |       GGA     121
      GTG      81 |       GCG       5 |       GAG     100 |       GGG      47
------------------------------------------------------------------------------

(Ambiguity data are not used in the counts.)


Codon position x base (3x4) table, overall

position  1:    T:0.19886    C:0.17601    A:0.30893    G:0.31620
position  2:    T:0.26246    C:0.18380    A:0.35384    G:0.19990
position  3:    T:0.31516    C:0.20535    A:0.30348    G:0.17601
Average         T:0.25883    C:0.18839    A:0.32208    G:0.23070

Codon frequencies under model, for use in evolver (TTT TTC TTA TTG ... GGG):
  0.03348910  0.00960540  0.01505711  0.01401869
  0.01531672  0.00726895  0.01349948  0.00233645
  0.02492212  0.01168224  0.00000000  0.00000000
  0.02128764  0.02310488  0.00000000  0.00726895
  0.01012461  0.01583593  0.01661475  0.02232606
  0.01272066  0.01116303  0.01375909  0.00233645
  0.01012461  0.00597092  0.02466251  0.01012461
  0.00674974  0.00415369  0.00597092  0.00337487
  0.02258567  0.01038422  0.02180685  0.01713396
  0.02076843  0.01998962  0.01116303  0.00415369
  0.03634476  0.01687435  0.04413292  0.02362409
  0.01583593  0.00856698  0.02673936  0.00882658
  0.01323988  0.00778816  0.01142264  0.02102804
  0.01453790  0.01895119  0.01453790  0.00129803
  0.04361371  0.02310488  0.05269990  0.02596054
  0.01349948  0.01090343  0.03141225  0.01220145


Model 1: NearlyNeutral (2 categories)


TREE #  1:  (4, (7, 1), ((6, 5), (2, 3)));   MP score: -1
lnL(ntime:  0  np:  3):  -7185.971975      +0.000000
 2.978569 0.997457 0.000633

tree length = 309.968147

(4: 51.200000, (7: 51.200000, 1: 51.200000): 0.000000, ((6: 13.060000, 5: 13.060000): 42.474760, (2: 6.950000, 3: 6.950000): 48.584760): 25.288627);

(Dasypus_novemcinctus: 51.200000, (Tolypeutes_matacus: 51.200000, Chaetophractus_vellerosus: 51.200000): 0.000000, ((Tamandua_tetradactyla: 13.060000, Myrmecophaga_tridactyla: 13.060000): 42.474760, (Choloepus_didactylus: 6.950000, Choloepus_hoffmanni: 6.950000): 48.584760): 25.288627);

Detailed output identifying parameters

kappa (ts/tv) =  2.97857


MLEs of dN/dS (w) for site classes (K=2)

p:   0.99746  0.00254
w:   0.00063  1.00000

dN & dS for each branch

 branch          t       N       S   dN/dS      dN      dS  N*dN  S*dS

   8..4      51.200   1343.9    450.1   0.0032   0.2139  67.3786  287.5 30330.1
   8..9       0.000   1343.9    450.1   0.0032   0.0000   0.0000    0.0    0.0
   9..7      51.200   1343.9    450.1   0.0032   0.2139  67.3786  287.5 30330.1
   9..1      51.200   1343.9    450.1   0.0032   0.2139  67.3786  287.5 30330.1
   8..10     25.289   1343.9    450.1   0.0032   0.1057  33.2795  142.0 14980.6
  10..11     42.475   1343.9    450.1   0.0032   0.1775  55.8963  238.5 25161.4
  11..6      13.060   1343.9    450.1   0.0032   0.0546  17.1868   73.3 7736.6
  11..5      13.060   1343.9    450.1   0.0032   0.0546  17.1868   73.3 7736.6
  10..12     48.585   1343.9    450.1   0.0032   0.2030  63.9370  272.8 28780.9
  12..2       6.950   1343.9    450.1   0.0032   0.0290   9.1461   39.0 4117.1
  12..3       6.950   1343.9    450.1   0.0032   0.0290   9.1461   39.0 4117.1


Time used:  0:05


Model 2: PositiveSelection (3 categories)


TREE #  1:  (4, (7, 1), ((6, 5), (2, 3)));   MP score: -1
lnL(ntime:  0  np:  5):  -5092.641134      +0.000000
 2.066556 0.859592 0.000000 0.257753 999.000000

tree length = 309.968147

(4: 51.200000, (7: 51.200000, 1: 51.200000): 0.000000, ((6: 13.060000, 5: 13.060000): 42.474760, (2: 6.950000, 3: 6.950000): 48.584760): 25.288627);

(Dasypus_novemcinctus: 51.200000, (Tolypeutes_matacus: 51.200000, Chaetophractus_vellerosus: 51.200000): 0.000000, ((Tamandua_tetradactyla: 13.060000, Myrmecophaga_tridactyla: 13.060000): 42.474760, (Choloepus_didactylus: 6.950000, Choloepus_hoffmanni: 6.950000): 48.584760): 25.288627);

Detailed output identifying parameters

kappa (ts/tv) =  2.06656


MLEs of dN/dS (w) for site classes (K=3)

p:   0.85959  0.00000  0.14041
w:   0.25775  1.00000 999.00000

dN & dS for each branch

 branch          t       N       S   dN/dS      dN      dS  N*dN  S*dS

   8..4      51.200   1378.4    415.6 140.4896  22.1652   0.1578 30552.0   65.6
   8..9       0.000   1378.4    415.6 140.4896   0.0000   0.0000    0.0    0.0
   9..7      51.200   1378.4    415.6 140.4896  22.1652   0.1578 30552.0   65.6
   9..1      51.200   1378.4    415.6 140.4896  22.1652   0.1578 30552.0   65.6
   8..10     25.289   1378.4    415.6 140.4896  10.9478   0.0779 15090.2   32.4
  10..11     42.475   1378.4    415.6 140.4896  18.3880   0.1309 25345.5   54.4
  11..6      13.060   1378.4    415.6 140.4896   5.6539   0.0402 7793.2   16.7
  11..5      13.060   1378.4    415.6 140.4896   5.6539   0.0402 7793.2   16.7
  10..12     48.585   1378.4    415.6 140.4896  21.0331   0.1497 28991.5   62.2
  12..2       6.950   1378.4    415.6 140.4896   3.0088   0.0214 4147.2    8.9
  12..3       6.950   1378.4    415.6 140.4896   3.0088   0.0214 4147.2    8.9


Naive Empirical Bayes (NEB) analysis
Positively selected sites (*: P>95%; **: P>99%)
(amino acids refer to 1st sequence: Chaetophractus_vellerosus)

            Pr(w>1)     post mean +- SE for w

   252 S      0.941         939.665
   434 D      0.538         537.738
   473 N      0.790         789.229
   573 -      1.000**       998.908


Bayes Empirical Bayes (BEB) analysis (Yang, Wong & Nielsen 2005. Mol. Biol. Evol. 22:1107-1118)
Positively selected sites (*: P>95%; **: P>99%)
(amino acids refer to 1st sequence: Chaetophractus_vellerosus)

            Pr(w>1)     post mean +- SE for w

   252 S      0.606         1.352 +- 0.372
   286 I      0.590         1.339 +- 0.357
   473 N      0.537         1.303 +- 0.357



The grid (see ternary graph for p0-p1)

w0:   0.050  0.150  0.250  0.350  0.450  0.550  0.650  0.750  0.850  0.950
w2:   1.500  2.500  3.500  4.500  5.500  6.500  7.500  8.500  9.500 10.500


Posterior on the grid

w0:   0.000  1.000  0.000  0.000  0.000  0.000  0.000  0.000  0.000  0.000
w2:   0.935  0.062  0.003  0.000  0.000  0.000  0.000  0.000  0.000  0.000

Posterior for p0-p1 (see the ternary graph) (YWN2015, fig. 1)

 0.000
 0.000 0.000 0.000
 0.000 0.000 0.000 0.000 0.000
 0.000 0.000 0.000 0.000 0.000 0.000 0.000
 0.000 0.000 0.000 0.000 0.000 0.000 0.000 0.000 0.000
 0.000 0.000 0.000 0.000 0.000 0.000 0.000 0.000 0.000 0.000 0.000
 0.000 0.000 0.000 0.000 0.000 0.000 0.000 0.000 0.000 0.000 0.000 0.000 0.000
 0.000 0.000 0.000 0.000 0.000 0.000 0.000 0.000 0.000 0.000 0.000 0.000 0.000 0.000 0.001
 0.000 0.000 0.000 0.000 0.000 0.000 0.000 0.000 0.000 0.000 0.000 0.000 0.000 0.000 0.000 0.010 0.612
 0.000 0.000 0.000 0.000 0.000 0.000 0.000 0.000 0.000 0.000 0.000 0.000 0.000 0.000 0.000 0.000 0.091 0.285 0.000

sum of density on p0-p1 =   1.000000

Time used:  0:26
