
Loaded 'libv3/convenience/matrix.bf' from /usr/local/lib/hyphy/TemplateBatchFiles/libv3/convenience/matrix.bf
Loaded 'libv3/UtilityFunctions.bf' from /usr/local/lib/hyphy/TemplateBatchFiles/libv3/UtilityFunctions.bf
Loaded 'IOFunctions.bf' from /usr/local/lib/hyphy/TemplateBatchFiles/libv3/IOFunctions.bf
Already loaded 'libv3/UtilityFunctions.bf' from /usr/local/lib/hyphy/TemplateBatchFiles/libv3/UtilityFunctions.bf
Loaded 'convenience/regexp.bf' from /usr/local/lib/hyphy/TemplateBatchFiles/libv3/convenience/regexp.bf
Loaded 'libv3/all-terms.bf' from /usr/local/lib/hyphy/TemplateBatchFiles/libv3/all-terms.bf
Variable 'skipCodeSelectionStep' was not initialized prior to being used
Row and/or column partition is empty. All the data will be used by default.
Overwritten previously defined function:'GaussLaguerreQuardature'
Overwritten previously defined function:'GammaQuadWeight'
Variable 'SKIP_HARVEST_FREQ' was not initialized prior to being used
Variable '_WRAP_PASSTHROUGH_FLAG_' was not initialized prior to being used
Variable 'END_OF_FILE' was not initialized prior to being used
Variable '_DO_TREE_REBALANCE_' was not initialized prior to being used
Variable '_KEEP_I_LABELS_' was not initialized prior to being used
Model MG94customModel assigned to Dasypus_novemcinctus
Dasypus_novemcinctus has 2 parameters - branch length not assigned
Model MG94customModel assigned to Tolypeutes_matacus
Tolypeutes_matacus has 2 parameters - branch length not assigned
Model MG94customModel assigned to Chaetophractus_vellerosus
Chaetophractus_vellerosus has 2 parameters - branch length not assigned
Model MG94customModel assigned to Node2
Node2 has 2 parameters - branch length not assigned
Model MG94customModel assigned to Tamandua_tetradactyla
Tamandua_tetradactyla has 2 parameters - branch length not assigned
Model MG94customModel assigned to Myrmecophaga_tridactyla
Myrmecophaga_tridactyla has 2 parameters - branch length not assigned
Model MG94customModel assigned to Node6
Node6 has 2 parameters - branch length not assigned
Model MG94customModel assigned to Choloepus_didactylus
Choloepus_didactylus has 2 parameters - branch length not assigned
Model MG94customModel assigned to Choloepus_hoffmanni
Choloepus_hoffmanni has 2 parameters - branch length not assigned
Model MG94customModel assigned to Node9
Node9 has 2 parameters - branch length not assigned
Model MG94customModel assigned to Node5
Node5 has 2 parameters - branch length not assigned
The tips of the tree:givenTree were matched with the species names from the data in the following numeric order (0-based) {3,6,0,5,4,1,2}

Pseudo-optimal path's cost 3069 vs 4075 for 1..k=> a 1.32779 x improvement
Partition 0 reversible model flag computed as 1
Variable 'theLnLik' was not initialized prior to being used
Variable 'SAVE_OPT_STATUS_TO' was not initialized prior to being used
Variable 'givenTree.Dasypus_novemcinctus.nonSynRate' was not initialized prior to being used
Variable 'givenTree.Dasypus_novemcinctus.synRate' was not initialized prior to being used
Variable 'givenTree.Tolypeutes_matacus.nonSynRate' was not initialized prior to being used
Variable 'givenTree.Tolypeutes_matacus.synRate' was not initialized prior to being used
Variable 'givenTree.Chaetophractus_vellerosus.nonSynRate' was not initialized prior to being used
Variable 'givenTree.Chaetophractus_vellerosus.synRate' was not initialized prior to being used
Variable 'givenTree.Tamandua_tetradactyla.nonSynRate' was not initialized prior to being used
Variable 'givenTree.Tamandua_tetradactyla.synRate' was not initialized prior to being used
Variable 'givenTree.Myrmecophaga_tridactyla.nonSynRate' was not initialized prior to being used
Variable 'givenTree.Myrmecophaga_tridactyla.synRate' was not initialized prior to being used
Variable 'givenTree.Choloepus_didactylus.nonSynRate' was not initialized prior to being used
Variable 'givenTree.Choloepus_didactylus.synRate' was not initialized prior to being used
Variable 'givenTree.Choloepus_hoffmanni.nonSynRate' was not initialized prior to being used
Variable 'givenTree.Choloepus_hoffmanni.synRate' was not initialized prior to being used
Variable 'givenTree.Node2.nonSynRate' was not initialized prior to being used
Variable 'givenTree.Node2.synRate' was not initialized prior to being used
Variable 'givenTree.Node6.nonSynRate' was not initialized prior to being used
Variable 'givenTree.Node6.synRate' was not initialized prior to being used
Variable 'givenTree.Node9.nonSynRate' was not initialized prior to being used
Variable 'givenTree.Node9.synRate' was not initialized prior to being used
Variable 'givenTree.Node5.nonSynRate' was not initialized prior to being used
Variable 'givenTree.Node5.synRate' was not initialized prior to being used
Site 142 evaluated to a 0 probability in ComputeTreeBlockByBranch
Site 350 evaluated to a 0 probability in ComputeTreeBlockByBranch
Site 142 evaluated to a 0 probability in ComputeTreeBlockByBranch
Auto-benchmarked an optimal number (1) of threads.
Set GUI update interval to every 230-th LF evaluation.
Initial guess for givenTree.Node2.nonSynRate is 0.00418244
Initial guess for givenTree.Node2.synRate is 0.00351293
Initial guess for givenTree.Tolypeutes_matacus.nonSynRate is 0.0306093
Initial guess for givenTree.Tolypeutes_matacus.synRate is 0.019381
Initial guess for givenTree.Chaetophractus_vellerosus.nonSynRate is 0.0204777
Initial guess for givenTree.Chaetophractus_vellerosus.synRate is 0.00851976
Initial guess for givenTree.Node5.nonSynRate is 0.00763934
Initial guess for givenTree.Node5.synRate is 0.00717739
Initial guess for givenTree.Node6.nonSynRate is 0.0499215
Initial guess for givenTree.Node6.synRate is 0.029846
Initial guess for givenTree.Tamandua_tetradactyla.nonSynRate is 0.0165695
Initial guess for givenTree.Tamandua_tetradactyla.synRate is 0.00736603
Initial guess for givenTree.Myrmecophaga_tridactyla.nonSynRate is 0.0202705
Initial guess for givenTree.Myrmecophaga_tridactyla.synRate is 0.00528797
Initial guess for givenTree.Node9.nonSynRate is 0.0419295
Initial guess for givenTree.Node9.synRate is 0.0249579
Initial guess for givenTree.Choloepus_didactylus.nonSynRate is 0.00812713
Initial guess for givenTree.Choloepus_didactylus.synRate is 0.00372714
Initial guess for givenTree.Choloepus_hoffmanni.nonSynRate is 0.0020384
Initial guess for givenTree.Choloepus_hoffmanni.synRate is 0.000609154
Optimization settings:
	OPTIMIZATION_METHOD = 4
	OPTIMIZATION_PRECISION = 0.001
	MAXIMUM_ITERATIONS_PER_VARIABLE = 5000

Initial parameter values

CT = 1
GT = 1
CG = 1
AC = 1
AT = 1
givenTree.Dasypus_novemcinctus.synRate = 0.1
givenTree.Dasypus_novemcinctus.nonSynRate = 0.1
givenTree.Tolypeutes_matacus.synRate = 0.019381
givenTree.Tolypeutes_matacus.nonSynRate = 0.0306093
givenTree.Chaetophractus_vellerosus.synRate = 0.00851976
givenTree.Chaetophractus_vellerosus.nonSynRate = 0.0204777
givenTree.Node2.synRate = 0.00351293
givenTree.Node2.nonSynRate = 0.00418244
givenTree.Tamandua_tetradactyla.synRate = 0.00736603
givenTree.Tamandua_tetradactyla.nonSynRate = 0.0165695
givenTree.Myrmecophaga_tridactyla.synRate = 0.00528797
givenTree.Myrmecophaga_tridactyla.nonSynRate = 0.0202705
givenTree.Node6.synRate = 0.029846
givenTree.Node6.nonSynRate = 0.0499215
givenTree.Choloepus_didactylus.synRate = 0.00372714
givenTree.Choloepus_didactylus.nonSynRate = 0.00812713
givenTree.Choloepus_hoffmanni.synRate = 0.000609154
givenTree.Choloepus_hoffmanni.nonSynRate = 0.0020384
givenTree.Node9.synRate = 0.0249579
givenTree.Node9.nonSynRate = 0.0419295
givenTree.Node5.synRate = 0.00717739
givenTree.Node5.nonSynRate = 0.00763934
Optimization finished in 27 loop passes.
2627 likelihood evaluation calls and 10691 matrix exponentiations calls were made

Variable 'lastDepth' was not initialized prior to being used
No nodel was assigned to Dasypus_novemcinctus
Dasypus_novemcinctus has 0 parameters - branch length not assigned
No nodel was assigned to Tolypeutes_matacus
Tolypeutes_matacus has 0 parameters - branch length not assigned
No nodel was assigned to Chaetophractus_vellerosus
Chaetophractus_vellerosus has 0 parameters - branch length not assigned
No nodel was assigned to Node2
Node2 has 0 parameters - branch length not assigned
No nodel was assigned to Tamandua_tetradactyla
Tamandua_tetradactyla has 0 parameters - branch length not assigned
No nodel was assigned to Myrmecophaga_tridactyla
Myrmecophaga_tridactyla has 0 parameters - branch length not assigned
No nodel was assigned to Node6
Node6 has 0 parameters - branch length not assigned
No nodel was assigned to Choloepus_didactylus
Choloepus_didactylus has 0 parameters - branch length not assigned
No nodel was assigned to Choloepus_hoffmanni
Choloepus_hoffmanni has 0 parameters - branch length not assigned
No nodel was assigned to Node9
Node9 has 0 parameters - branch length not assigned
No nodel was assigned to Node5
Node5 has 0 parameters - branch length not assigned
No nodel was assigned to Dasypus_novemcinctus
Dasypus_novemcinctus has 0 parameters - branch length not assigned
No nodel was assigned to Tolypeutes_matacus
Tolypeutes_matacus has 0 parameters - branch length not assigned
No nodel was assigned to Chaetophractus_vellerosus
Chaetophractus_vellerosus has 0 parameters - branch length not assigned
No nodel was assigned to Node2
Node2 has 0 parameters - branch length not assigned
No nodel was assigned to Tamandua_tetradactyla
Tamandua_tetradactyla has 0 parameters - branch length not assigned
No nodel was assigned to Myrmecophaga_tridactyla
Myrmecophaga_tridactyla has 0 parameters - branch length not assigned
No nodel was assigned to Node6
Node6 has 0 parameters - branch length not assigned
No nodel was assigned to Choloepus_didactylus
Choloepus_didactylus has 0 parameters - branch length not assigned
No nodel was assigned to Choloepus_hoffmanni
Choloepus_hoffmanni has 0 parameters - branch length not assigned
No nodel was assigned to Node9
Node9 has 0 parameters - branch length not assigned
No nodel was assigned to Node5
Node5 has 0 parameters - branch length not assigned
No nodel was assigned to Dasypus_novemcinctus
Dasypus_novemcinctus has 0 parameters - branch length not assigned
No nodel was assigned to Tolypeutes_matacus
Tolypeutes_matacus has 0 parameters - branch length not assigned
No nodel was assigned to Chaetophractus_vellerosus
Chaetophractus_vellerosus has 0 parameters - branch length not assigned
No nodel was assigned to Node2
Node2 has 0 parameters - branch length not assigned
No nodel was assigned to Tamandua_tetradactyla
Tamandua_tetradactyla has 0 parameters - branch length not assigned
No nodel was assigned to Myrmecophaga_tridactyla
Myrmecophaga_tridactyla has 0 parameters - branch length not assigned
No nodel was assigned to Node6
Node6 has 0 parameters - branch length not assigned
No nodel was assigned to Choloepus_didactylus
Choloepus_didactylus has 0 parameters - branch length not assigned
No nodel was assigned to Choloepus_hoffmanni
Choloepus_hoffmanni has 0 parameters - branch length not assigned
No nodel was assigned to Node9
Node9 has 0 parameters - branch length not assigned
No nodel was assigned to Node5
Node5 has 0 parameters - branch length not assigned
No nodel was assigned to Dasypus_novemcinctus
Dasypus_novemcinctus has 0 parameters - branch length not assigned
No nodel was assigned to Tolypeutes_matacus
Tolypeutes_matacus has 0 parameters - branch length not assigned
No nodel was assigned to Chaetophractus_vellerosus
Chaetophractus_vellerosus has 0 parameters - branch length not assigned
No nodel was assigned to Node2
Node2 has 0 parameters - branch length not assigned
No nodel was assigned to Tamandua_tetradactyla
Tamandua_tetradactyla has 0 parameters - branch length not assigned
No nodel was assigned to Myrmecophaga_tridactyla
Myrmecophaga_tridactyla has 0 parameters - branch length not assigned
No nodel was assigned to Node6
Node6 has 0 parameters - branch length not assigned
No nodel was assigned to Choloepus_didactylus
Choloepus_didactylus has 0 parameters - branch length not assigned
No nodel was assigned to Choloepus_hoffmanni
Choloepus_hoffmanni has 0 parameters - branch length not assigned
No nodel was assigned to Node9
Node9 has 0 parameters - branch length not assigned
No nodel was assigned to Node5
Node5 has 0 parameters - branch length not assigned
Variable 'nodeName' was not initialized prior to being used
Variable 'speciesIndex' was not initialized prior to being used
Row and/or column partition is empty. All the data will be used by default.
Model MG94customModel assigned to Dasypus_novemcinctus
Model MG94customModel assigned to Tolypeutes_matacus
One branch tree supplied - hopefully this IS what you meant to do.
Rooted tree. Removing one branch - the left root child has been promoted to be the new root
Partition 0 reversible model flag computed as 1
Variable 'twoLnLik' was not initialized prior to being used
Variable 't2.Tolypeutes_matacus.nonSynRate' was not initialized prior to being used
Variable 't2.Tolypeutes_matacus.synRate' was not initialized prior to being used
Auto-benchmarked an optimal number (4) of threads.
Set GUI update interval to every 10638-th LF evaluation.
Optimization settings:
	OPTIMIZATION_METHOD = 4
	OPTIMIZATION_PRECISION = 0.001
	MAXIMUM_ITERATIONS_PER_VARIABLE = 5000

Initial parameter values

t2.Tolypeutes_matacus.nonSynRate = 0.1
t2.Tolypeutes_matacus.synRate = 0.1
Optimization finished in 6 loop passes.
197 likelihood evaluation calls and 172 matrix exponentiations calls were made

Row and/or column partition is empty. All the data will be used by default.
Model MG94customModel assigned to Dasypus_novemcinctus
Model MG94customModel assigned to Chaetophractus_vellerosus
One branch tree supplied - hopefully this IS what you meant to do.
Rooted tree. Removing one branch - the left root child has been promoted to be the new root
Partition 0 reversible model flag computed as 1
Variable 't2.Chaetophractus_vellerosus.nonSynRate' was not initialized prior to being used
Variable 't2.Chaetophractus_vellerosus.synRate' was not initialized prior to being used
Auto-benchmarked an optimal number (4) of threads.
Set GUI update interval to every 10416-th LF evaluation.
Optimization settings:
	OPTIMIZATION_METHOD = 4
	OPTIMIZATION_PRECISION = 0.001
	MAXIMUM_ITERATIONS_PER_VARIABLE = 5000

Initial parameter values

t2.Chaetophractus_vellerosus.nonSynRate = 0.1
t2.Chaetophractus_vellerosus.synRate = 0.1
Optimization finished in 6 loop passes.
219 likelihood evaluation calls and 193 matrix exponentiations calls were made

Row and/or column partition is empty. All the data will be used by default.
Model MG94customModel assigned to Dasypus_novemcinctus
Model MG94customModel assigned to Tamandua_tetradactyla
One branch tree supplied - hopefully this IS what you meant to do.
Rooted tree. Removing one branch - the left root child has been promoted to be the new root
Partition 0 reversible model flag computed as 1
Variable 't2.Tamandua_tetradactyla.synRate' was not initialized prior to being used
Variable 't2.Tamandua_tetradactyla.nonSynRate' was not initialized prior to being used
Auto-benchmarked an optimal number (4) of threads.
Set GUI update interval to every 10638-th LF evaluation.
Optimization settings:
	OPTIMIZATION_METHOD = 4
	OPTIMIZATION_PRECISION = 0.001
	MAXIMUM_ITERATIONS_PER_VARIABLE = 5000

Initial parameter values

t2.Tamandua_tetradactyla.synRate = 0.1
t2.Tamandua_tetradactyla.nonSynRate = 0.1
Optimization finished in 7 loop passes.
127 likelihood evaluation calls and 117 matrix exponentiations calls were made

Row and/or column partition is empty. All the data will be used by default.
Model MG94customModel assigned to Dasypus_novemcinctus
Model MG94customModel assigned to Myrmecophaga_tridactyla
One branch tree supplied - hopefully this IS what you meant to do.
Rooted tree. Removing one branch - the left root child has been promoted to be the new root
Partition 0 reversible model flag computed as 1
Variable 't2.Myrmecophaga_tridactyla.nonSynRate' was not initialized prior to being used
Variable 't2.Myrmecophaga_tridactyla.synRate' was not initialized prior to being used
Auto-benchmarked an optimal number (4) of threads.
Set GUI update interval to every 10638-th LF evaluation.
Optimization settings:
	OPTIMIZATION_METHOD = 4
	OPTIMIZATION_PRECISION = 0.001
	MAXIMUM_ITERATIONS_PER_VARIABLE = 5000

Initial parameter values

t2.Myrmecophaga_tridactyla.nonSynRate = 0.1
t2.Myrmecophaga_tridactyla.synRate = 0.1
Optimization finished in 7 loop passes.
193 likelihood evaluation calls and 176 matrix exponentiations calls were made

Row and/or column partition is empty. All the data will be used by default.
Model MG94customModel assigned to Dasypus_novemcinctus
Model MG94customModel assigned to Choloepus_didactylus
One branch tree supplied - hopefully this IS what you meant to do.
Rooted tree. Removing one branch - the left root child has been promoted to be the new root
Partition 0 reversible model flag computed as 1
Variable 't2.Choloepus_didactylus.synRate' was not initialized prior to being used
Variable 't2.Choloepus_didactylus.nonSynRate' was not initialized prior to being used
Auto-benchmarked an optimal number (4) of threads.
Set GUI update interval to every 10638-th LF evaluation.
Optimization settings:
	OPTIMIZATION_METHOD = 4
	OPTIMIZATION_PRECISION = 0.001
	MAXIMUM_ITERATIONS_PER_VARIABLE = 5000

Initial parameter values

t2.Choloepus_didactylus.synRate = 0.1
t2.Choloepus_didactylus.nonSynRate = 0.1
Optimization finished in 6 loop passes.
213 likelihood evaluation calls and 183 matrix exponentiations calls were made

Row and/or column partition is empty. All the data will be used by default.
Model MG94customModel assigned to Dasypus_novemcinctus
Model MG94customModel assigned to Choloepus_hoffmanni
One branch tree supplied - hopefully this IS what you meant to do.
Rooted tree. Removing one branch - the left root child has been promoted to be the new root
Partition 0 reversible model flag computed as 1
Variable 't2.Choloepus_hoffmanni.nonSynRate' was not initialized prior to being used
Variable 't2.Choloepus_hoffmanni.synRate' was not initialized prior to being used
Auto-benchmarked an optimal number (4) of threads.
Set GUI update interval to every 10416-th LF evaluation.
Optimization settings:
	OPTIMIZATION_METHOD = 4
	OPTIMIZATION_PRECISION = 0.001
	MAXIMUM_ITERATIONS_PER_VARIABLE = 5000

Initial parameter values

t2.Choloepus_hoffmanni.nonSynRate = 0.1
t2.Choloepus_hoffmanni.synRate = 0.1
Optimization finished in 6 loop passes.
209 likelihood evaluation calls and 185 matrix exponentiations calls were made

Row and/or column partition is empty. All the data will be used by default.
Model MG94customModel assigned to Tolypeutes_matacus
Model MG94customModel assigned to Chaetophractus_vellerosus
One branch tree supplied - hopefully this IS what you meant to do.
Rooted tree. Removing one branch - the left root child has been promoted to be the new root
Partition 0 reversible model flag computed as 1
Variable 't2.Chaetophractus_vellerosus.nonSynRate' was not initialized prior to being used
Variable 't2.Chaetophractus_vellerosus.synRate' was not initialized prior to being used
Auto-benchmarked an optimal number (4) of threads.
Set GUI update interval to every 8620-th LF evaluation.
Optimization settings:
	OPTIMIZATION_METHOD = 4
	OPTIMIZATION_PRECISION = 0.001
	MAXIMUM_ITERATIONS_PER_VARIABLE = 5000

Initial parameter values

t2.Chaetophractus_vellerosus.nonSynRate = 0.1
t2.Chaetophractus_vellerosus.synRate = 0.1
Optimization finished in 8 loop passes.
206 likelihood evaluation calls and 185 matrix exponentiations calls were made

Row and/or column partition is empty. All the data will be used by default.
Model MG94customModel assigned to Tolypeutes_matacus
Model MG94customModel assigned to Tamandua_tetradactyla
One branch tree supplied - hopefully this IS what you meant to do.
Rooted tree. Removing one branch - the left root child has been promoted to be the new root
Partition 0 reversible model flag computed as 1
Variable 't2.Tamandua_tetradactyla.nonSynRate' was not initialized prior to being used
Variable 't2.Tamandua_tetradactyla.synRate' was not initialized prior to being used
Auto-benchmarked an optimal number (4) of threads.
Set GUI update interval to every 10416-th LF evaluation.
Optimization settings:
	OPTIMIZATION_METHOD = 4
	OPTIMIZATION_PRECISION = 0.001
	MAXIMUM_ITERATIONS_PER_VARIABLE = 5000

Initial parameter values

t2.Tamandua_tetradactyla.nonSynRate = 0.1
t2.Tamandua_tetradactyla.synRate = 0.1
Optimization finished in 6 loop passes.
205 likelihood evaluation calls and 177 matrix exponentiations calls were made

Row and/or column partition is empty. All the data will be used by default.
Model MG94customModel assigned to Tolypeutes_matacus
Model MG94customModel assigned to Myrmecophaga_tridactyla
One branch tree supplied - hopefully this IS what you meant to do.
Rooted tree. Removing one branch - the left root child has been promoted to be the new root
Partition 0 reversible model flag computed as 1
Variable 't2.Myrmecophaga_tridactyla.nonSynRate' was not initialized prior to being used
Variable 't2.Myrmecophaga_tridactyla.synRate' was not initialized prior to being used
Auto-benchmarked an optimal number (4) of threads.
Set GUI update interval to every 10204-th LF evaluation.
Optimization settings:
	OPTIMIZATION_METHOD = 4
	OPTIMIZATION_PRECISION = 0.001
	MAXIMUM_ITERATIONS_PER_VARIABLE = 5000

Initial parameter values

t2.Myrmecophaga_tridactyla.nonSynRate = 0.1
t2.Myrmecophaga_tridactyla.synRate = 0.1
Optimization finished in 6 loop passes.
209 likelihood evaluation calls and 187 matrix exponentiations calls were made

Row and/or column partition is empty. All the data will be used by default.
Model MG94customModel assigned to Tolypeutes_matacus
Model MG94customModel assigned to Choloepus_didactylus
One branch tree supplied - hopefully this IS what you meant to do.
Rooted tree. Removing one branch - the left root child has been promoted to be the new root
Partition 0 reversible model flag computed as 1
Variable 't2.Choloepus_didactylus.nonSynRate' was not initialized prior to being used
Variable 't2.Choloepus_didactylus.synRate' was not initialized prior to being used
Auto-benchmarked an optimal number (4) of threads.
Set GUI update interval to every 10638-th LF evaluation.
Optimization settings:
	OPTIMIZATION_METHOD = 4
	OPTIMIZATION_PRECISION = 0.001
	MAXIMUM_ITERATIONS_PER_VARIABLE = 5000

Initial parameter values

t2.Choloepus_didactylus.nonSynRate = 0.1
t2.Choloepus_didactylus.synRate = 0.1
Optimization finished in 6 loop passes.
204 likelihood evaluation calls and 183 matrix exponentiations calls were made

Row and/or column partition is empty. All the data will be used by default.
Model MG94customModel assigned to Tolypeutes_matacus
Model MG94customModel assigned to Choloepus_hoffmanni
One branch tree supplied - hopefully this IS what you meant to do.
Rooted tree. Removing one branch - the left root child has been promoted to be the new root
Partition 0 reversible model flag computed as 1
Variable 't2.Choloepus_hoffmanni.nonSynRate' was not initialized prior to being used
Variable 't2.Choloepus_hoffmanni.synRate' was not initialized prior to being used
Auto-benchmarked an optimal number (4) of threads.
Set GUI update interval to every 10638-th LF evaluation.
Optimization settings:
	OPTIMIZATION_METHOD = 4
	OPTIMIZATION_PRECISION = 0.001
	MAXIMUM_ITERATIONS_PER_VARIABLE = 5000

Initial parameter values

t2.Choloepus_hoffmanni.nonSynRate = 0.1
t2.Choloepus_hoffmanni.synRate = 0.1
Optimization finished in 6 loop passes.
230 likelihood evaluation calls and 205 matrix exponentiations calls were made

Row and/or column partition is empty. All the data will be used by default.
Model MG94customModel assigned to Chaetophractus_vellerosus
Model MG94customModel assigned to Tamandua_tetradactyla
One branch tree supplied - hopefully this IS what you meant to do.
Rooted tree. Removing one branch - the left root child has been promoted to be the new root
Partition 0 reversible model flag computed as 1
Variable 't2.Tamandua_tetradactyla.nonSynRate' was not initialized prior to being used
Variable 't2.Tamandua_tetradactyla.synRate' was not initialized prior to being used
Auto-benchmarked an optimal number (4) of threads.
Set GUI update interval to every 10638-th LF evaluation.
Optimization settings:
	OPTIMIZATION_METHOD = 4
	OPTIMIZATION_PRECISION = 0.001
	MAXIMUM_ITERATIONS_PER_VARIABLE = 5000

Initial parameter values

t2.Tamandua_tetradactyla.nonSynRate = 0.1
t2.Tamandua_tetradactyla.synRate = 0.1
Optimization finished in 8 loop passes.
178 likelihood evaluation calls and 157 matrix exponentiations calls were made

Row and/or column partition is empty. All the data will be used by default.
Model MG94customModel assigned to Chaetophractus_vellerosus
Model MG94customModel assigned to Myrmecophaga_tridactyla
One branch tree supplied - hopefully this IS what you meant to do.
Rooted tree. Removing one branch - the left root child has been promoted to be the new root
Partition 0 reversible model flag computed as 1
Variable 't2.Myrmecophaga_tridactyla.nonSynRate' was not initialized prior to being used
Variable 't2.Myrmecophaga_tridactyla.synRate' was not initialized prior to being used
Auto-benchmarked an optimal number (4) of threads.
Set GUI update interval to every 10638-th LF evaluation.
Optimization settings:
	OPTIMIZATION_METHOD = 4
	OPTIMIZATION_PRECISION = 0.001
	MAXIMUM_ITERATIONS_PER_VARIABLE = 5000

Initial parameter values

t2.Myrmecophaga_tridactyla.nonSynRate = 0.1
t2.Myrmecophaga_tridactyla.synRate = 0.1
Optimization finished in 6 loop passes.
138 likelihood evaluation calls and 121 matrix exponentiations calls were made

Row and/or column partition is empty. All the data will be used by default.
Model MG94customModel assigned to Chaetophractus_vellerosus
Model MG94customModel assigned to Choloepus_didactylus
One branch tree supplied - hopefully this IS what you meant to do.
Rooted tree. Removing one branch - the left root child has been promoted to be the new root
Partition 0 reversible model flag computed as 1
Variable 't2.Choloepus_didactylus.nonSynRate' was not initialized prior to being used
Variable 't2.Choloepus_didactylus.synRate' was not initialized prior to being used
Auto-benchmarked an optimal number (3) of threads.
Set GUI update interval to every 10638-th LF evaluation.
Optimization settings:
	OPTIMIZATION_METHOD = 4
	OPTIMIZATION_PRECISION = 0.001
	MAXIMUM_ITERATIONS_PER_VARIABLE = 5000

Initial parameter values

t2.Choloepus_didactylus.nonSynRate = 0.1
t2.Choloepus_didactylus.synRate = 0.1
Optimization finished in 6 loop passes.
201 likelihood evaluation calls and 184 matrix exponentiations calls were made

Row and/or column partition is empty. All the data will be used by default.
Model MG94customModel assigned to Chaetophractus_vellerosus
Model MG94customModel assigned to Choloepus_hoffmanni
One branch tree supplied - hopefully this IS what you meant to do.
Rooted tree. Removing one branch - the left root child has been promoted to be the new root
Partition 0 reversible model flag computed as 1
Variable 't2.Choloepus_hoffmanni.nonSynRate' was not initialized prior to being used
Variable 't2.Choloepus_hoffmanni.synRate' was not initialized prior to being used
Auto-benchmarked an optimal number (4) of threads.
Set GUI update interval to every 10869-th LF evaluation.
Optimization settings:
	OPTIMIZATION_METHOD = 4
	OPTIMIZATION_PRECISION = 0.001
	MAXIMUM_ITERATIONS_PER_VARIABLE = 5000

Initial parameter values

t2.Choloepus_hoffmanni.nonSynRate = 0.1
t2.Choloepus_hoffmanni.synRate = 0.1
Optimization finished in 7 loop passes.
192 likelihood evaluation calls and 176 matrix exponentiations calls were made

Row and/or column partition is empty. All the data will be used by default.
Model MG94customModel assigned to Tamandua_tetradactyla
Model MG94customModel assigned to Myrmecophaga_tridactyla
One branch tree supplied - hopefully this IS what you meant to do.
Rooted tree. Removing one branch - the left root child has been promoted to be the new root
Partition 0 reversible model flag computed as 1
Variable 't2.Myrmecophaga_tridactyla.nonSynRate' was not initialized prior to being used
Variable 't2.Myrmecophaga_tridactyla.synRate' was not initialized prior to being used
Auto-benchmarked an optimal number (2) of threads.
Set GUI update interval to every 10000-th LF evaluation.
Optimization settings:
	OPTIMIZATION_METHOD = 4
	OPTIMIZATION_PRECISION = 0.001
	MAXIMUM_ITERATIONS_PER_VARIABLE = 5000

Initial parameter values

t2.Myrmecophaga_tridactyla.nonSynRate = 0.1
t2.Myrmecophaga_tridactyla.synRate = 0.1
Optimization finished in 6 loop passes.
160 likelihood evaluation calls and 133 matrix exponentiations calls were made

Row and/or column partition is empty. All the data will be used by default.
Model MG94customModel assigned to Tamandua_tetradactyla
Model MG94customModel assigned to Choloepus_didactylus
One branch tree supplied - hopefully this IS what you meant to do.
Rooted tree. Removing one branch - the left root child has been promoted to be the new root
Partition 0 reversible model flag computed as 1
Variable 't2.Choloepus_didactylus.nonSynRate' was not initialized prior to being used
Variable 't2.Choloepus_didactylus.synRate' was not initialized prior to being used
Auto-benchmarked an optimal number (4) of threads.
Set GUI update interval to every 10869-th LF evaluation.
Optimization settings:
	OPTIMIZATION_METHOD = 4
	OPTIMIZATION_PRECISION = 0.001
	MAXIMUM_ITERATIONS_PER_VARIABLE = 5000

Initial parameter values

t2.Choloepus_didactylus.nonSynRate = 0.1
t2.Choloepus_didactylus.synRate = 0.1
Optimization finished in 6 loop passes.
177 likelihood evaluation calls and 156 matrix exponentiations calls were made

Row and/or column partition is empty. All the data will be used by default.
Model MG94customModel assigned to Tamandua_tetradactyla
Model MG94customModel assigned to Choloepus_hoffmanni
One branch tree supplied - hopefully this IS what you meant to do.
Rooted tree. Removing one branch - the left root child has been promoted to be the new root
Partition 0 reversible model flag computed as 1
Variable 't2.Choloepus_hoffmanni.nonSynRate' was not initialized prior to being used
Variable 't2.Choloepus_hoffmanni.synRate' was not initialized prior to being used
Auto-benchmarked an optimal number (4) of threads.
Set GUI update interval to every 10638-th LF evaluation.
Optimization settings:
	OPTIMIZATION_METHOD = 4
	OPTIMIZATION_PRECISION = 0.001
	MAXIMUM_ITERATIONS_PER_VARIABLE = 5000

Initial parameter values

t2.Choloepus_hoffmanni.nonSynRate = 0.1
t2.Choloepus_hoffmanni.synRate = 0.1
Optimization finished in 7 loop passes.
177 likelihood evaluation calls and 159 matrix exponentiations calls were made

Row and/or column partition is empty. All the data will be used by default.
Model MG94customModel assigned to Myrmecophaga_tridactyla
Model MG94customModel assigned to Choloepus_didactylus
One branch tree supplied - hopefully this IS what you meant to do.
Rooted tree. Removing one branch - the left root child has been promoted to be the new root
Partition 0 reversible model flag computed as 1
Variable 't2.Choloepus_didactylus.nonSynRate' was not initialized prior to being used
Variable 't2.Choloepus_didactylus.synRate' was not initialized prior to being used
Auto-benchmarked an optimal number (4) of threads.
Set GUI update interval to every 10869-th LF evaluation.
Optimization settings:
	OPTIMIZATION_METHOD = 4
	OPTIMIZATION_PRECISION = 0.001
	MAXIMUM_ITERATIONS_PER_VARIABLE = 5000

Initial parameter values

t2.Choloepus_didactylus.nonSynRate = 0.1
t2.Choloepus_didactylus.synRate = 0.1
Optimization finished in 6 loop passes.
63 likelihood evaluation calls and 55 matrix exponentiations calls were made

Row and/or column partition is empty. All the data will be used by default.
Model MG94customModel assigned to Myrmecophaga_tridactyla
Model MG94customModel assigned to Choloepus_hoffmanni
One branch tree supplied - hopefully this IS what you meant to do.
Rooted tree. Removing one branch - the left root child has been promoted to be the new root
Partition 0 reversible model flag computed as 1
Variable 't2.Choloepus_hoffmanni.nonSynRate' was not initialized prior to being used
Variable 't2.Choloepus_hoffmanni.synRate' was not initialized prior to being used
Auto-benchmarked an optimal number (4) of threads.
Set GUI update interval to every 10638-th LF evaluation.
Optimization settings:
	OPTIMIZATION_METHOD = 4
	OPTIMIZATION_PRECISION = 0.001
	MAXIMUM_ITERATIONS_PER_VARIABLE = 5000

Initial parameter values

t2.Choloepus_hoffmanni.nonSynRate = 0.1
t2.Choloepus_hoffmanni.synRate = 0.1
Optimization finished in 6 loop passes.
211 likelihood evaluation calls and 184 matrix exponentiations calls were made

Row and/or column partition is empty. All the data will be used by default.
Model MG94customModel assigned to Choloepus_didactylus
Model MG94customModel assigned to Choloepus_hoffmanni
One branch tree supplied - hopefully this IS what you meant to do.
Rooted tree. Removing one branch - the left root child has been promoted to be the new root
Partition 0 reversible model flag computed as 1
Auto-benchmarked an optimal number (4) of threads.
Set GUI update interval to every 1612-th LF evaluation.
Optimization settings:
	OPTIMIZATION_METHOD = 4
	OPTIMIZATION_PRECISION = 0.001
	MAXIMUM_ITERATIONS_PER_VARIABLE = 5000

Initial parameter values

t2.Choloepus_hoffmanni.nonSynRate = 0.1
t2.Choloepus_hoffmanni.synRate = 0.1
Optimization finished in 7 loop passes.
77 likelihood evaluation calls and 63 matrix exponentiations calls were made
