      9   1641

Equus_asinus                    ATG TCT GCG GGC CGG ATG TTC GCC TTT GCC ATA TGC ATT CTA GAA GTG AGT GTC CTG ACA GCC GGG CCC ACT CCC AAT TAT GCC CCA GAG CCA GAG CAA CAG AGT GGC ACT CCA TTG CCC ATA GAC TGC AGA ATG AGC TCC TGG AGC AGA TGG TCG GAA TGT GAC CCT TGC CTC AGA CAA ATG TTT CGC TCA AGG AGC ATT GAA GTC TTT GGA CAA TTT AAT GGG CAA AGG TGC GTG GAT GCT GTG GGA GAC AGA CGA CAG TGT GTA CCC ACT GAG GCC TGC GAA GAG GTT GAG GAT GAC TGT GGA AAT GAC TTT CAG TGC GGT ACA GGC AGA TGC ATA AAG AAG CAA CTT CTG TGT AAT GGT GAC AAT GAC TGC GGA GAC TTT TCA GAT GAG GAT GAT TGT GAA AAT GAC CCC CGT CCC CCA TGC CGG GAG AGA GTG GTG GAG GAA TCC GAG CTG GCG CGG ACT GCA GGC TAC GGG ATC AAC ATC TTA GGG ATG GAT CCC CTA AGC ACA CCT TTT GAC AAC GAG TAC TAC AAT GGA CTC TGT GAC CGA GTT CGG GAT GGA AAC ACC TTG ACC TAC TAC CGC AAA CCC TGG AAC CTG GCT TCT TTG GCC TAT GAA ACC AAA GCT GAT AAA AAT TTT AGA ATT GAA CAT TAT GAA CAA CAG ATT CAA GCA TTC AGG AGT GTC ATC GAA GAG AGG AGG TCA CAT TTT AAT GCA GAT TTC ACA CTA AAA TTT ACA CCT ACT GAA GCA AAA AAG TCT AAA CAG GAA CCT GAA GAA TCC TCT AAT GGA ACA GAC GCC TCA GAA AAT AGA ATA TTT CGA TTT GCA TAC TCC AAA AAT GAA ACT TAC CAA CTG TTC TTG TCA TAT TCT TCT AAG AAG GAA AAA ATG TTT CTG CAT GTG AAA GGA GTA ATT CAA CTG GGA AAA TTT GTG ATG AGA AGT CGG GAT GTT GTT CTG ACA ACA ACT TTC TTG GAT GAT ATA AAA GCT CTG CCA ACT GCC TAT GAA AAG GGA GAA TAT TTT GCA TTT TTG GAA ACC TAT GGC ACC CAC TAC AGT AGC TCT GGT TCT CTA GGA GGC CTC TAT GAA CTA ATA TAT GTT TTG GAT AAA GCG TCC ATG GAC CAG AAA GGT GTT GAA CTG AGG GAC ATA CAG AGA TGC CTT GGG TTT AAT CTG GAC TTA TCT CTG AAG GAT AAA TAT GAA GTC ACA GCA AAG ATT GAT AAA AAT GAT TGT TTA AAG AGG AAT GAG AAG GAA ATT GTA AAC ATC ATG GAT GGT AGC CTC ATA GAT GAT GTT ATT TCA CTC ATA AGA GGA GGA ACC AGA AAA TAT GCA TTT GAA CTG AAA GAG AAG CTT CTC AAA GGA GCC AAG ACG GTT AAT GTG GCT GAC TTT GTA AAT TGG GCC TCT TCC TTA AAT GAC GCT CCG GTG CTC ATA AGT CAA AGA CTG TCT CCT ATA TAT AAT CTG ATT CCA GTG AAA ATG AAA GAT GCA CAC CAA AAG AAA CAA AAT TTG GAA AGA GCC ATT GAA GAT TAT ATC AAT GAA TTC AGT GTA AGA AAA TGC CAT CCT TGC CAA AAT GGA GGT ACA GTG ATT CAG ATG GAC GGA CAA TGT TTG TGC TCT TGC CCA ATC GCA TTT GAG GGA ATT GCC TGT GAA ACT GGA AAG AAA AAG ATC TCT 
Equus_caballus                  ATG TCT GCA GGC CGG ACA TTC GCC TTT GCC ATA TGC ATT CTA GAA GTG AGT GTC CTG ACA GCC GGG CCC ACT CCC AAT TAT GCC CCA GAG CCA GAA CAA CAG AGT GGC ACT CCA TTG CCC ATA GAC TGC AGA ATG AGC TCC TGG AGC GGA TGG TCG GAA TGT GAC CCT TGC CTC AGA CAA ATG TTT CGC TCA AGG AGC ATT GAA GTC TTT GGA CAA TTT AAT GGG CAA AGG TGC GTT GAT GCT GTG GGA GAC AGA CGA CAG TGT GTG CCC ACT GAG GCC TGC GAA GAG GTT GAG GAT GAC TGT GGA AAT GAC TTT CAG TGC GGT ACA GGC AGA TGC ATA AAG AAG CGA CTT CTG TGT AAC GGT GAC AAT GAC TGC GGA GAC TTT TCA GAT GAG GAT GAT TGT GAA AAT GAC CCC CGT CCC CCA TGC CGG GAG AGA GTG GTG GAA GAA TCT GAG CTG GCG CGG ACT GCA GGC TAC GGG ATC AAC ATC TTA GGG ATG GAT CCC CTA AGC ACA CCT TTT GAC AAC GAG TAC TAC AAT GGA CTC TGT GAC CGA GTT CGG GAT GGA AAC ACC TTG ACC TAC TAC CGC AAA CCC TGG AAC CTG GCT TCT TTG GCC TAC GAA ACC AAA GCT GAT AAA AAT TTT AGA ATT GAA CAT TAT GAA CAA CAG ATT CAA GCA TTC AGG AGT GTC ATC GAA GAG AGG AGG TCA CAT TTT AAT GCA GAT TTC ACA CTA AAA TTT ACA CCT ACT GAA GCA AAA AAG TGT AAA CAG GAA CCT GAA GAA TCC TGT AAT GGA ACA GAC TCC TCA GAA AAT AGA ATA TTT CGA TTT GCA TAC TCC AAA AAT GAA ACT TAC CAA CTG TTC TTG TCA TAT TCT TCT AAG AAG GAA AAA ATG TTT CTG CAT GTG AAA GGA GTA ATT CAA CTG GGA AAA TTT GTG ATG AGA AGT CGG GAT GTC GTT CTG ACA ACA ACT TTC TTG GAT GAT ATA AAA GCT CTG CCA ACT GCC TAT GAA AAG GGA GAA TAT TTT GCA TTT TTG GAA ACC TAT GGC ACC CAC TAC AGT AGC TCT GGG TCT CTA GGA GGC CTC TAT GAA CTA ATA TAT GTT TTG GAT AAA GCA TCC ATG GAC CAG AAA GGT GTT GAA CTG AGG GAC ATA CAG AGA TGC CTT GGG TTT AAT CTG GAC TTA TCT CTG AAG GAT AAA TAT GAA GTC ACA GCA AAG ATT GAT AAA AAT GAT TGT TTA AAG AGG AAT GAG AAG GAA ATT GTA AAC ATC ATG GAT GGT AGC CTC ATA GAT GAT GTT ATT TCA CTC ATA AGA GGA GGA ACC AGA AAA TAT GCG TTT GAA CTG AAA GAG AAG CTT CTC AAA GGA GCC AAG ACG GTT AAT GTG ACT GAC TTT GTA AAT TGG GCC TCT TCC TTA AAT GAC GCT CCA GTG CTC ATA AGT CAA AGA CTG TCT CCT ATA TAT AAT CTG ATT CCA GTG AAA ATG AAA GAC GCA CAC CAA AAG AAA CAA AAT TTG GAA AGA GCC ATT GAA GAT TAT ATC AAT GAA TTC AGT GTA AGA AAA TGC CAT CCT TGC CAA AAT GGA GGT ACA GTG ATT CAG ATG GAC GGA CAA TGT TTG TGC TCT TGC CCA ATC GCA TTT GAG GGA ATT GCC TGT GAA ACC GGA AAG AAA AAG ATC TCT 
Equus_przewalskii               ATG TCT GCA GGC CGG ACA TTC GCC TTT GCC ATA TGC ATT CTA GAA GTG AGT GTC CTG ACA GCC GGG CCC ACT CCC AAT TAT GCC CCA GAG CCA GAA CAA CAG AGT GGC ACT CCA TTG CCC ATA GAC TGC AGA ATG AGC TCC TGG AGC GGA TGG TCG GAA TGT GAC CCT TGC CTC AGA CAA ATG TTT CGC TCA AGG AGC ATT GAA GTC TTT GGA CAA TTT AAT GGG CAA AGG TGC GTT GAT GCT GTG GGA GAC AGA CGA CAG TGT GTG CCC ACT GAG GCC TGC GAA GAG GTT GAG GAT GAC TGT GGA AAT GAC TTT CAG TGC GGT ACA GGC AGA TGC ATA AAG AAG CGA CTT CTG TGT AAC GGT GAC AAT GAC TGC GGA GAC TTT TCA GAT GAG GAT GAT TGT GAA AAT GAC CCC CGT CCC CCA TGC CGG GAG AGA GTG GTG GAA GAA TCT GAG CTG GCG CGG ACT GCA GGC TAC GGG ATC AAC ATC TTA GGG ATG GAT CCC CTA AGC ACA CCT TTT GAC AAC GAG TAC TAC AAT GGA CTC TGT GAC CGA GTT CGG GAT GGA AAC ACC TTG ACC TAC TAC CGC AAA CCC TGG AAC CTG GCT TCT TTG GCC TAC GAA ACC AAA GCT GAT AAA AAT TTT AGA ATT GAA CAT TAT GAA CAA CAG ATT CAA GCA TTC AGG AGT GTC ATC GAA GAG AGG AGG TCA CAT TTT AAT GCA GAT TTC ACA CTA AAA TTT ACA CCT ACT GAA GCA AAA AAG TGT AAA CAG GAA CCT GAA GAA TCC TGT AAT GGA ACA GAC TCC TCA GAA AAT AGA ATA TTT CGA TTT GCA TAC TCC AAA AAT GAA ACT TAC CAA CTG TTC TTG TCA TAT TCT TCT AAG AAG GAA AAA ATG TTT CTG CAT GTG AAA GGA GTA ATT CAA CTG GGA AAA TTT GTG ATG AGA AGT CGG GAT GTC GTT CTG ACA ACA ACT TTC TTG GAT GAT ATA AAA GCT CTG CCA ACT GCC TAT GAA AAG GGA GAA TAT TTT GCA TTT TTG GAA ACC TAT GGC ACC CAC TAC AGT AGC TCT GGG TCT CTA GGA GGC CTC TAT GAA CTA ATA TAT GTT TTG GAT AAA GCA TCC ATG GAC CAG AAA GGT GTT GAA CTG AGG GAC ATA CAG AGA TGC CTT GGG TTT AAT CTG GAC TTA TCT CTG AAG GAT AAA TAT GAA GTC ACA GCA AAG ATT GAT AAA AAT GAT TGT TTA AAG AGG AAT GAG AAG GAA ATT GTA AAC ATC ATG GAT GGT AGC CTC ATA GAT GAT GTT ATT TCA CTC ATA AGA GGA GGA ACC AGA AAA TAT GCG TTT GAA CTG AAA GAG AAG CTT CTC AAA GGA GCC AAG ACG GTT AAT GTG ACT GAC TTT GTA AAT TGG GCC TCT TCC TTA AAT GAC GCT CCA GTG CTC ATA AGT CAA AGA CTG TCT CCT ATA TAT AAT CTG ATT CCA GTG AAA ATG AAA GAC GCA CAC CAA AAG AAA CAA AAT TTG GAA AGA GCC ATT GAA GAT TAT ATC AAT GAA TTC AGT GTA AGA AAA TGC CAT CCT TGC CAA AAT GGA GGT ACA GTG ATT CAG ATG GAC GGA CAA TGT TTG TGC TCT TGC CCA ATC GCA TTT GAG GGA ATT GCC TGT GAA ACC GGA AAG AAA AAG ATC TCT 
Tapirus_indicus                 ATG TCT GCC AGA TTG AGG TTC GCT TTT GCG ATA TGC ATC TTA GAA GTG AGT GTC CTG ACA GCC GGG CCC ACT CCC AGT TAT GTC CCA GAG CCA GCA CAA GAG AGT GGC ACT CCA TTG CCC ATA GAC TGC AGA ATG AGC TCC TGG AGC GAA TGG TCA GAA TGT GAC CCT TGC CTC AAA CAA ATG TTT CGC TCA AGG AGC ATT GAA GTC TTT GGA CAA TTC AAT GGA CAA AGG TGC ATA GAT GCT GTG GGA GAC AGA CGA CAG TGT GTG CCC ACT GAG GTC TGC GAA GAG GTT GAG GAT GAC TGT GGA AAT GAC TTT AAG TGC AGT ACA GGC AGA TGC ATA AAG AGG CGA CTT CTG TGT AAT GGT GAC AAT GAC TGT GGA GAC TTT TCA GAT GAG GAT AAT TGT GAA GAT GAC CCC CGT CCT CCC TGC CGC GAG AGA GTG GTA GAA GAA TCC GAG CTG GCA CGG ACA GCA GGC TAT GGG ATC AAC ATC TTA GGG ATG GAT CCC CTA AGT ACG CCT TTT GAC AAT GAG TAC TAC AAT GGA CTC TGT GAA CGA GTT CGG GAT GGA AAC ACC TTG ACG TAC TAC CGC AAA CCC TGG AAC GTG GCT TCT CTG GCC TAC GAA ACC AAA GCT GAT AAA AAT TTT AGA ACT GAA CAT TAT GAG GAA CAG ATT CAA GCA TTC AAA AGT ATC ATC GAA GAG AAG AAA TCG CAT TTT AAT GCA GAT TTA ACA CTG AAA TTT ACA CCT ACT GAA GCA AAA AAT TCT AAA AGT AAA CTT CAA GAA TCT TCT AAT AAA GCA AAC TCC GAA AAT CAT GCA GAC TTT CGA TTT GCA TAT TCC AAA AAT GAA ACT TAC CAA CTA TTC ATG TCA TAT TCT TCT AAG AAG GAA AAA ATG TTT CTG CAT GTG AAA GGA GTA ATT CAA CTG GGA AAA TTT ACA ATG AGA AGT CGG GAT GTC GTT CTG ACA ACA ACT TTC TTG GAT GAT ATA AAA GTT CTG CCA ACT GCC TAT GAA AAG GGA GAG TAT TTT GCA TTT TTG GAA ACC TAT GGA ACG CAC TAC AGT ACC TCT GGG TCT CTA GGA GGT CTC TAT GAA CTA ATA TAT GTT TTG GAT AAA GCT TCC ATG GAC AAA AAA GAT GTT GAA CTA AGG GAT ATA CAG AGA TGC CTC GGG TTT AAT CTG GAC TTA TCT CTG AAA CAT GGA GTT GAA GTC ACG GGA AAA GTT GAT GCA AAC AAT TGT TTA AAG AGG GGT GAG GGG AAA AAT GTA AAC ATC ACC AGT GAT AGC CTC ATA GAT GAT GTT ATT TCA CTC ATA AGA GGA GGA ACC AGA AAA TAC GCA TTT GAA CTG AAA GAG AAG CTT CTC AAA GGA GCC AAG ACA ATT GAT GTG ACT GAT TTT GTA AAT TGG GCC TCT TCC TTA AAT GAT GCT CCG GTG CTC ATA AGT CAA AGA CTG TCT CCT ATA TAT AAT CTG GTT CCA GTG AAA ATG AGA GAT GCG CAC CAA AAG AAG CAA AAT TTG GAA AGA GCC ATT GAA GAT TAT ATC AAT GAA TTC AGT GTA AGA AAA TGC CAC CCT TGC CAA AAT GGA GGT ACA GTG ATT CAG ATG GAC GGA CAA TGT TTG TGT TCC TGC CCA CTC GCA TTT GAT GGA ATT GCC TGT GAA ATC AGA AAA AGT AAA ACC TCT 
Tapirus_terrestris              ATG TCT GCC AGA CTG AGG CTC GCT TTT GCG ATA TGC ATC TTA GAA GTG AGT GTC CTG ACA GCC GGG CCC ACT CCC AGT TAT GTC CCA GAG CCA GCA CAA GAG AGT GGC ACT CCA TTG CCC ATA GAC TGC AGA ATG AGC TCC TGG AGC GAA TGG TCA GAA TGT GAC CCT TGC CTC AAA CAA ATG TTT CGC TCA AGG AAC ATT GAA GTC TTT GGA CAA TTC AAT GGA CAA AGG TGC ATA GAT GCT GTG GGA GAC AGA CGA CAG TGT GTG CCC ACT GAG GTC TGC GAA GAG GTT GAG GAT GAC TGT GGA AAT GAC TTT GAG TGC AAT ACA GGC AGA TGC ATA AAG AGG CGA CTT CTG TGT AAT GGT GAC AAT GAC TGT GGA GAC TTT TCA GAT GAG GAT AAT TGT GAA GAT GAC CCC CGT CCT CCC TGC CGC GAG AGA GTG GTA GAA GAA TCC GAG CTG GCG CGG ACA GCA GGC TAT GGG ATC AAC ATC TTA GGG ATG GAT CCC CTA AGC ACG CCT TTT GAC AAT GAG TAC TAC AAT GGA CTC TGT GAA CGA GTT CGG GAT GGA AAC ACC TTG ACG TAC TAC CGC AAA CCC TGG AAC GTG GCT TCT CTG TCC TAT GAA ACC AAA GCT GAT AAA AAT TTT AGA ACT GAA CAT TAT GAG GAA CAG ATT CAA GCA TTC AAA AGT ATC ATC GAA GAG AAG AAA TCG CAT TTT AAT GCA GAT TTA ACA CTG AAA TTT ACA CCT ACT GAA GCA AAA AAT TCT AAA AGT AAA CTT CAA GAA TCT TCT AAT AAA GCA AAC TCC GAA AAT CAT GCA GAC TTT CGA TTT GCA TAT TCC AAA AAC GAA ACT TAC CAA CTA TTC ATG TCG TAT TCT TCT AAG AAG GAA AAA ATG TTT CTG CAT GTG AAA GGA GTA ATT CAA CTG GGA AAA TTT ACG ATG AGA AGT CGG GAT GTC GTT CTG ACA ACA ACT TTC TTG GAT GAT ATA AAA GTT CTG CCA ACT GCC TAT GAA AAG GGA GAG TAT TTT GCA TTT TTG GAA ACC TAT GGA ACG CAC TAC AGT ATC TCT GGG TCT CTA GGA GGT CTC TAT GAA CTA ATA TAT GTT TTG GAT AAA GCT TCC ATG GAC AAA AAA GAT GTT CAA CTA AGG GAT ATA CAG AGA TGC CTC GGG TTT AAT CTG GAC TTA TCT CTG AAA CAT GGA ATT GAA GTC ACG GGA AAA GTT GAT GCA AAC AAT TGT TTA AAG AGG GGT GAG GGG GAA AAT GTA AAC ATC ACC AGT GAT AGC CTC ATA GAT GAT GTT ATT TCA CTC ATA AGA GGA GGA ACC AGA AAA TAC GCA TTT GAA CTG AAA GAG AAG CTT CTC AAA GGA GCC AAG ACA ATT GAT GTG ACT GAC TTT GTA AAT TGG GCC TCT TCC TTA AAT GAT GCT CCG GTG CTC ATA AGT CAA AGA CTG TCT CCT ATA TAT AAT CTG GTT CCA GTG AAA ATG AGA GAT GCG CAC CAA AAG AAG CAA AAT TTG GAA AGA GCC ATT GAA GAT TAC ATT AAT GAA TTC AGT GTA AGA AAA TGT CAT CCT TGC CAA AAT GGA GGT ACA GTG ATT CAG ATG GAC GGA CAA TGT TTG TGT TCC TGC CCA CTC GCA TTT GAT GGA ATT GCC TGT GAA ATC AGA AAA ATT AAA ACC TCT 
Ceratotherium_simum             ATG TCT GCC GGC CGG AGG TTC GCC TTT GCA ATA TGC CTT CTA GAA GTG AGT GTC CTG ACA GCT GGG CTC ACT CCC AGT TCT GAC CCA GAG CCA GTA CAA CAC AGT GAC ACT CCA CTG CCC ATA GAC TGC AGA ATG AGC TCC TGG AGC AGA TGG TCG GAA TGT GAC CCT TGC CTC AAA CAA ATG TTT CGC TCA CGG AGC ATT GAA GTC TTC GGA CAA TTT AAT GGG CGA AGG TGC ATG GAT GCT GTG GGA GAC AGA CGA GAG TGT GTG CCC ACT GAG ACC TGC AAA GAG GTT GAG GAC GAC TGT GGA AAT GAT TTT AAG TGC GGT ACA GGC AGA TGC ATA AAG AGG CGA CTT CTG TGT AAC GAT GAC AAT GAC TGC GGT GAC TTT TCA GAT GAG GAT GAT TGT GAA AAT GAT CCC CGG CCC CCA TGC CGT GAG AAA GCA GTA GAA GAA TCC GAG CTG GCA CGG ACA GCA GGC TAC GGG ATC AAC ATC TTA GGG ATG GAT CCC CTA AGC TCA CCT TTT GAC AAC GAG TAC TAC AAT GGA CTC TGT GAC CGA GTT CGG GAT GGA AAC ACC TTG ACG TAC TAC CGC AAA CCC TGG AAC GTG GCT ACT CTG ACC TAT GAA ACC AAA GCA GAT AAA AAT TTT AGA ACC GAA CAT TAT GAA GAA CAG ATT CAA GCA TTC AGA AGT ATC ATT GAA GAG AGG AAA TCA CAT TTT AAA GCA GAT TTA ACA CTA AAA TTT ACA CCT ACT GAA GCA AAA CAG TCT AAA AGT AAA CCT AAA GAA TCT TCT AAT GGA GGA GAC TCC AAA AAT TAT ACA ATC TTT CAA TTT GCA TAC TCC AAA AAT GAA ATT TAC CAA CTA TTC TCA TCA TAT TCT TCT CAG AAG GAA AAA ATG TTT CTG CAT GTG AAA GGA GTC ATT CAG CTG GGA AAA TTT TCC ATG AGA AGT CGG GAT GTC GTT CTG ACA ACA ACT TTC CTG GAT GAT ATA AAA GCT CTG CCA AGT GCC TAT GAA AAG GGA GAA TAT TTT GCA TTT TTG GAA ACC TAT GGA ACC CAC TAC AGT ATC TCT GGG TCT CTA GGA GGT CTC TAT GAA CTA ATA TAT GTT TTG GAT AAA GCT TCC ATG GAC AGG AAA GGC ATT GAA CTA AGG GAT GTA CAG AGA TGC CTC GGG TTT AAT CTG GAC TTA TCT CTG AAA GCT GGA ATT GAA ATC AAG GGA AAG ATT GAT AAA AGT GAT TGC TTA AAG AGG CAT AAG GAG GAA ATT GTA AAC ATC ACC CGT GAT AGC CTC ATA GAT GAT GTT ATT TCA CTC ATA AGA GGA GGA ACC AGA AAA TAT GCA TTT GAA CTG AAA GAG AAG CTT CTC AAA GGA GCC AAG ACA ATT GAT GTG ACT GAT TTT GTA AAT TGG GCC TCT TCC TTG AAC GAT GCC CCA GTG CTT ATA AGT CAA AGA CTG TCT CCT ATA TAT AAT CTG GTT CCA GTG AAA ATA AGA GAT GCA CAC CAA AAG AAA CAA AAT TTG GAA AGA GCC ATT GAA GAT TAT ATC AAT GAA TTC AGT GTA AGA AAA TGC CAC CCT TGC CAA AAT GGA GGT ACA GTG ATT CAG ATG GAC GGA CAA TGT TTG TGC TCC TGC CCA CTC ACA TTT GAG GGA ATT GCT TGT GAA ACG GGA AAA AAA GTA ATC TCT 
Diceros_bicornis                ATG TCT GCC GGC CGG AGG TTC GCC TTT GCA ATA TGC CTT CTA GAA GTG AGT GTC CTG ACA GCC GGG CTC ACT CCC AGT TCT GAC CCA GAG CCA GCA CAA CAG AGT GAC ACT CCA CTG CCC ATA GAC TGC AGA ATG AGC TCC TGG AGC AGA TGG TCG GAA TGT GAC CCT TGC CTC AAA CAA ATG TTT CGC TCA CGG AGC ATT GAA GTC TTC GGA CAA TTT AAT GGG CGA AGG TGC ATG GAT GCT GTG GGA GAC AGA CGA GAG TGT GTG CCC ACT GAG ACC TGC AAA GAG GTT GAG GAC GAC TGT GGA AAT GAT TTT AAG TGC GGT ACA GGC AGA TGC ATA AAG AGG CGA CTT CTG TGT AAC GAT GAC AAT GAC TGC GGT GAC TTT TCA GAT GAG GAT GAT TGT GAA AAT GAT CCC CGG CCC CCG TGC CGT GAG AAA GCA GTA GAA GAA TCC GAG CTG GCA CGG ACA GCA GGC TAC GGG ATC AAC ATC TTA GGG ATG GAT CCC CTA AGC TCA CCT TTT GAC AAC GAG TAC TAC AAT GGA CTC TGT GAC CGA GTT CGG GAT GGA AAC ACC TTG ACG TAC TAC CGC AAA CCC TGG AAC GTG GCT ACT CTG ACC TAT GAA ACC AAA GCA GAT AAA AAT TTT AGA ACC GAA CAT TAT GAA GAA CAG ATT CAA GCA TTC AGA AGT ATC ATT GAA GAG AGG AAA TCA CAT TTT AAA GCA GAT TTA ACA CTA AAA TTT ACA CCT ACT GAA GCA AAA CAG TCT AAA AGT AAA CCT AAA GAA TCT TCT AAT GGA GGA GAC TCC AAA AAT TAT ACA ATC TTT CAA TTT GCA TAC TCC AAA AAT GAA ATT TAC CAA CTA TTC TCA TCA TAT TCT TCT CAG AAG GAA AAA ATG TTT CTG CAT GTG AAA GGA GTC ATT CAG CTG GGA AAA TTT TCC ATG AGA AGT CGG GAT GTC GTT CTG ACA ACA ACT TTC CTG GAT GAT ATA AAA GCT CTG CCA AGC GCC TAT GAA AAG GGA GAA TAT TTT GCA TTT TTG GAA ACC TAT GGA ACC CAC TAC AGT ATC TCT GGG TCT CTA GGA GGT CTC TAT GAA CTA ATA TAT GTT TTG GAT AAA GCG TCC ATG GAC AGG AAA GGC ATT GAA CTA AGG GAT GTA CAG AGA TGC CTC GGG TTT AAT CTG GAC TTA TCT CTG AAA GCT GGA ATT GAA ATC AAG GGA AAG ATT GAT AAA AGT GAT TGC TTA AAG AGG CAT AAG GAG GAA ATT GTA AAC ATC ACC CGT GAT AGC CTC ATA GAT GAT GTT ATT TCA CTC ATA AGA GGA GGA ACC AGA AAA TAT GCA TTT GAA CTG AAA GAG AAG CTT CTC AAA GGA GCC AAG ACA ATT GAT GTG ACT GAT TTT GTA AAT TGG GCC TCT TCC TTG AAC GAT GCC CCA GTG CTT ATA AGT CAA AGA CTG TCT CCT ATA TAT AAT CTG GTT CCA GTG AAA ATA AGA GAT GCA CAC CAA AAG AAA CAA AAT TTG GAA AGG GCC ATT GAA GAT TAT ATC AAT GAA TTC AGT GTA AGA AAA TGC CAC CCT TGC CAA AAT GGA GGT ACA GTG ATT CAG ATC GAC GGA CAA TGT TTG TGC TCC TGC CCA CTC ACA TTT GAG GGA ATT GCC TGT GAA ACG GGA AAA AAA GTA ATC TCT 
Dicerorhinus_sumatrensis        ATG TCT GCC GGC CGG AGG TTC GCC TTT GCA ATA TGC CTT CTA GAA GTG AGT GTC CTG ACA GCC GAG CTC ACT CCC AGT TAT GAC CCA GAG CCA GTA CAA CAG AGT GAC ACT CCA CTG CCC ATA GAC TGC AGA ATG AGC TCC TGG AGC AGA TGG TCG GAA TGT GAC CCT TGC CTC AAA CAA ATG TTT CGC TCA CGG AGC ATT GAA GTC TTC GGA CAA TTT AAT GGG CGA AGG TGC ATG GAT GCT GTG GGA GAC AGA CGA GGG TGT GTG CCC ACT GAG ACC TGC AAA GAG GTT GAG GAC GAC TGT GGA AAT GAT TTT AAG TGC GGT ACA GGC AGA TGC ATA AAG AGG CGA CTT CTG TGT AAC AAT GAC AAT GAC TGC GGT GAC TTT TCA GAT GAG GAT GAT TGT GAA AAC GAT CCC CGG CCC CCC TGC CGT GAG AAA GCA GTA GAA GAA TCC GAG CTG GCA CGG ACA GCA GGC TAT GGG ATC AAC ATC TTA GGG ATG GAT CCC CTA AGC TCA CCT TTT GAC AAC GAG TAC TAC AAT GGA CTC TGT GAC CGA GTT CGG GAT GGA AAC ACC TTG ACG TAC TAC CGC AAA CCC TGG AAC GTG GCT ACT CTG ACC TAT GAA ACC AAA GCA GAT AAA AAT TTT AGA ACT GAA CAT TAT GAA GAA CAG ATT CAA GCA TTC AGA AGT ATC ATT GAA GAG AGG AAA TCA CAT TTT AAA GCA GAT TTA ACA CTA AAA TTT ACA CCT ACT GAA GCG AAA CAG TCT AAA AGT AAG CCT GAA GAA TCT TCT AAT GGA GGA GAC TCC AAA AAT TAT ACA ATC TTT CAA TTT GCA TAC TCC AAA AAT GAA ATT TAC CAA CTA TTC TCA TCA TAT TCT TCT CAG AAG GAA AAA ATG TTT CTG CAT GTG AAA GGA GTC ATT CAG CTG GGA AAA TTT TCG ATG AGA AGT CGG GAT GTC GTT CTG ACA ACA ACT TTC CTG GAT GAT ATA AAA GCT CTG CCA AGT GCC TAT GAA AAG GGA GAA TAT TTT GCA TTT TTG GAA ACC TAT GGA ACC CAC TAC AGT ATC TCT GGG TCT CTA GGA GGT CTC TAT GAA CTA ATA TAT GTT TTG GAT AAA GCT TCC ATG GAC AGG AAA GGC ATT GAA CTA AGG GAT GTA CAG AGA TGC CTC GGG TTT AAT CTG GAC TTA TCT CTG AAA GCC GGA ATT GAA GTC AAG GGA AAG ATT GAT AAA AGT GAT TGC TTA AAG AGG CAT AAG GAG GAA ATT GTA AAC ATC ACC CGT GAT AGC CTC ATA GAT GAT GTT ATT TCA CTC ATA AGA GGA GGA ACC AGA AAA TAT GCA TTT GAA CTG AAA GAG AAG CTT CTC AAA GGA GCC AAG ACT ATT GAC GTG ACT GAT TTT GTA AAT TGG GCC TCT TCC TTA AAC GAT GCC CCA GTG CTC ATA AGT CAA AGA CTG TCT CCT ATA TAT AAT CTG GTT CCA GTG AAA ATA AGA GAC GCA CAC CAA AAG AAA CAA AAT TTG GAA AGG GCC ATT GAA GAT TAT ATC AAT GAA TTC AGT GTA AGA AAA TGC CAC CCT TGC CAA AAT GGA GGT ACA GTG ATT CAG ATG GAC GGA CAA TGT TTG TGC TCC TGC CCA CTC ACA TTT GAG GGA ATT GCC TGT GAA ACC GGA AAA AAA GTA ATC TCT 
Rhinoceros_unicornis            ATG TCT GCC CGC CGG AGG TTC GCC TTT GCG ATA TGC CTT CTA GAA GTG AGT GTC CTG ACA GCT GGG CTC ACT CCC AGT TCT GAC CCA GAG CCA GTA CAA CAG AGT GAC GCT CCA CTG CCC ATA GAC TGC AGA ATG AGC TCC TGG AGC AGA TGG TCG GAA TGT GAC CCT TGC CTC AAA CAA ATG TTT CGC TCA CGG AGC ATT GAA GTC TTC GGA CAA TTT AAT GGG CGA AGG TGC ATG GAT GCT GTG GGA GAC AGA CGA GGG TGT GTG CCC ACT GAG ACC TGC AAA GAG GTT GAG GAC GAC TGT GGA AAT GAT TTT AAG TGC GGT ACA GGC AGA TGC ATA AAG AGG CGA CTT CTG TGT AAC AAT GAC AAT GAC TGC GGT GAC TTT TCA GAT GAG GAT GAT TGT GAA AAT GAT CCC CGG CCC CCC TGC CGT GAG AAA ATA GTA GAA GAA TCC GAG CTG GCA CGG ACA GCA GGC TAC GGG ATC AAC ATC TTA GGG ATG GAT CCC CTA AGC TCA CCT TTT GAC AAC GAG TAC TAC AAT GGA CTC TGT GAC CGA GTT CGG GAT GGA AAC ACC TTG ACG TAC TAC CGC AAA CCC TGG AAT GTG GCT ACT CTG ACC TAT GAA ACC AAA GCA GAT AAA AAT TTT AGA ACT GAA CAT TAT GAA GAA CAG ATT CAA GCA TTC AGA AGT ATC ATT GAA GAG AGG AAA TCA CAT TTT AAA GCA GAT TTA ACA CTA AAA TTT ACA CCT ACT GAA GCA AAA CAG TCT AAA GGT AAA CCT GAA GAA TCT TCT AAT GGA GGA GAC TCC AAA AAT TAT ACA ATC TTT CAA TTT GCA TAC TCC AAA AAT GAA ACT TAC CAA CTA TTC TCG TCG TAT TCT TCT CAG AAG GAA AAA ATG TTT CTG CAT GTG AAA GGA GTC ATT CAG CTG GGA AAA TTT TCG ATG AGA AGT CGG GAT GTC GTT CTG ACA ACA ACT TTC CTG GAT GAT ATA AAA GCT CTG CCA AGT GCC TAC GAA AAG GGA GAA TAT TTT GCA TTT TTG GAA ACC TAT GGA ACC CAC TAC AGT ATC TCT GGG TCT CTA GGA GGT CTC TAT GAA CTA ATA TAT GTT TTG GAT AAA GCT TCC ATG GAC AGG AAA GGC ATT GAA CTA AGG GAT GTA CAG AGA TGC CTC GGG TTT AAT CTG GAC TTG TCT CTG AAA GCT GGA ATT GAA GTC AAG GGA AAG ATT GAT AAA AGT GAT TGC TTA AAG AGG CAT AAG GAG GAA ATT GTA AAC ATC ACC CGT GAT AGC CTC ATA GAT GAT GTT ATT TCA CTC ATA AGA GGA GGA ACC AGA AAA TAT GCA TTT GAA CTG AAA GAG AAG CTT CTC AAA GGA GCC AAG ACA ATT GAT GTG ACT GAT TTT GTA AAC TGG GCC TCT TCC TTA AAC GAT GCC CCA GTG CTC ATA AGT CAA AGA CTG TCT CCT ATA TAT AAT CTG GTT CCA GTG AAA ATA AGA GAT GCA CAC CAA AAG AAA CAA AAT TTG GAA AGG GCC ATT GAA GAT TAT ATC AAT GAA TTC AGT GTA AGA AAA TGC CAC CCT TGC CAA AAT GGA GGT ACA GTG ATT CAG GTG GAT GGA CAA TGT TTG TGC TCC TGC CCA CTC ACA TTT GAG GGA ATT GCC TGT GAA ACC GGA AAA AAA GTA ATC TCT 



Printing out site pattern counts


         9        720  P

Equus_asinus                    AAA AAA AAA AAA AAA AAA AAC AAC AAC AAG AAG AAG AAG AAG AAG AAG AAG AAT AAT AAT AAT AAT AAT AAT AAT AAT AAT AAT AAT ACA ACA ACA ACA ACC ACC ACC ACG ACT ACT ACT ACT ACT ACT AGA AGA AGA AGA AGA AGA AGC AGC AGC AGC AGG AGG AGG AGG AGG AGT ATA ATA ATA ATC ATC ATC ATC ATC ATG ATG ATG ATG ATG ATT ATT ATT ATT ATT ATT CAA CAA CAA CAA CAA CAC CAG CAG CAG CAG CAG CAG CAT CAT CCA CCA CCC CCC CCC CCG CCT CCT CGA CGA CGC CGG CGG CGG CGT CTA CTA CTA CTC CTC CTG CTG CTG CTT CTT GAA GAA GAA GAA GAA GAA GAA GAA GAC GAC GAC GAC GAC GAC GAC GAG GAG GAG GAG GAG GAT GAT GAT GAT GAT GAT GCA GCA GCA GCA GCA GCA GCC GCC GCC GCC GCC GCC GCC GCC GCC GCG GCG GCG GCT GCT GCT GCT GCT GGA GGA GGA GGA GGC GGC GGC GGC GGC GGG GGG GGG GGT GGT GGT GGT GGT GGT GTA GTA GTA GTC GTC GTC GTG GTG GTG GTG GTG GTT GTT GTT GTT TAC TAC TAC TAT TAT TAT TAT TAT TAT TAT TCA TCA TCA TCA TCC TCC TCC TCG TCT TCT TCT TCT TGC TGC TGC TGG TGT TGT TTA TTA TTA TTC TTC TTC TTG TTG TTG TTG TTT TTT TTT 
Equus_caballus                  ... ... ... ... ... ... ... ... ... ... ... ... ... ... ... ... ... ..C ... ... ... ... ... ... ... ... ... ... ... ... ... ... ... ... ... ... ... ..C ... ... ... ... ... ... ... ... ... ... G.. ... ... ... ... ... ... ... ... ... ... ... ... ... ... ... ... ... ... .CA ... ... ... ... ... ... ... ... ... ... ... ... ... ... .G. ... ... ... ... ... ... ... ... ... ... ... ... ... ... ..A ... ... ... ... ... ... ... ... ... ... ... ... ... ... ... ... ... ... ... ... ... ... ... ... ... ... ... ... ... ... ... ... ... ... ..A ..A ... ... ... ..C ... ... ... ... ... ... ... ... ... ... ..G ... ... ... ... ... ... ... ... T.. ..A ..A ... A.. ... ... ... ... ... ... ... ... ... ... ... ... ... ... ... ... ..G ... ... ... ... ... ... ... ..G ... ... ... ... ... ... ... ..T ..C ... ... ... ... ... ... ..C ... ... ... ... ... ... ... ... ... ... ... ... ..T ... ... ... ... .G. ... ... ... ... ... ... ... ... ... ... ... ... ... ... ... ... ... ... ... 
Equus_przewalskii               ... ... ... ... ... ... ... ... ... ... ... ... ... ... ... ... ... ..C ... ... ... ... ... ... ... ... ... ... ... ... ... ... ... ... ... ... ... ..C ... ... ... ... ... ... ... ... ... ... G.. ... ... ... ... ... ... ... ... ... ... ... ... ... ... ... ... ... ... .CA ... ... ... ... ... ... ... ... ... ... ... ... ... ... .G. ... ... ... ... ... ... ... ... ... ... ... ... ... ... ..A ... ... ... ... ... ... ... ... ... ... ... ... ... ... ... ... ... ... ... ... ... ... ... ... ... ... ... ... ... ... ... ... ... ... ..A ..A ... ... ... ..C ... ... ... ... ... ... ... ... ... ... ..G ... ... ... ... ... ... ... ... T.. ..A ..A ... A.. ... ... ... ... ... ... ... ... ... ... ... ... ... ... ... ... ..G ... ... ... ... ... ... ... ..G ... ... ... ... ... ... ... ..T ..C ... ... ... ... ... ... ..C ... ... ... ... ... ... ... ... ... ... ... ... ..T ... ... ... ... .G. ... ... ... ... ... ... ... ... ... ... ... ... ... ... ... ... ... ... ... 
Tapirus_indicus                 ... ..G .G. .GT GC. GG. ... ... ..T ..A ..A ..A ... ... ..T .G. GG. ... ..C ... ... ... ... ... .G. C.. G.. G.. GG. ... ..G ..G G.. ... ..G ..G ..A .TC ..A ... ... ... ... .A. ... ... ... GC. GA. .C. ... ... ..T .AA .AA .A. ... ... ... ... ... GAC .C. ... ... ... C.. .G. .CC ... ... ... .A. .C. ..C ... G.. G.. ... ... ... G.. .G. ... A.A A.. AGT ... ... G.. ..C ... ... ..C ... ... ..T ... ... .T. ... ... ... ..C ... TT. ... ... ..G T.. ... ... ..A ... G.. ..C ... A.. A.. A.T C.. ... ... ... ..G A.. ..A ... ... ... ..T ..T ..A .CA ... ... ..T ... A.. AG. C.. ... ... ... ... ... ..G .G. ... ... ... ... ... ..G ..T .T. .T. T.. ..C ..T ..A A.. ... ... ... .T. AA. A.. ... ... A.A ..A ... ... ..T ..A ... ... ..G A.. .A. .A. ... ... ... ... ..G A.. ... ... ACA ..A ... ... A.A ..C A.. ... ... ... ..T ..T ..C GT. ..C ... ... ... ... GA. ... ... ..G ... ..T ... ..A ..C ... ... ... ... ... ..T ... ... ... ... ... ... ..A ... ... A.. C.. ... ... ..C ... ... 
Tapirus_terrestris              ... ..G .G. .TT GC. GG. ... ... ..T ..A ..A ..A ... ... ..T .G. GG. ... ..C ..C ... ... ... ... .G. C.. G.. G.. GG. ... ..G ..G G.. ... ..G ..G ..A .TC ..A ... ... ... ... .A. ... ... ... GC. GA. .T. .A. ... ... .AA .AA .A. ... ... ... ... ... GAC .C. ... ... ..T C.. .G. .CC ... ... ... .A. .C. ..C ... G.. G.. ... ... ... G.. .G. ... A.A G.. AGT ... ... G.. ... ... ... ..C ... ... ..T ... ... .T. ... ... ... ..C ... .T. ... ... ..G T.. ... ... ..A ... G.. ..C ... A.. ... A.T C.. C.. ... ... ..G A.. ..A ... ... ... ... ..T ..A .CA ... ... ..T ... A.. AG. C.. ... ... ... ... ... ..G .G. ... ... ... ... T.. ..G ..T .T. .T. T.. ..C ..T ... A.. ... ... ... .T. AA. A.. ... ... A.A ..A ... ... ..T ..A ... ... ..G AA. .A. .A. ... ... ... ... ..G A.. ... ... AC. ..A ... ... A.A ..C A.. ... ... ... ..T ..T ... AT. ..C ..C ... ... ... GA. ... ..G ..G ... ..T ... ..A ..C ... ... ... ... ..T ..T ... ... ... ... ... ... ..A C.. ... A.. C.. ... ... ..C ... ... 
Ceratotherium_simum             ... ... .G. ... ... GG. ... ... ... ..A ... GTA ... C.. C.. .G. G.. ..C .G. ... ..A ..C ... ... .G. T.. ... G.. C.. ... .AG T.. GG. ... ... ..G ..A ..G ..A ... ... .G. .T. .A. .A. ... ... .C. ... .T. ... ... ... .AA ..A ... ... C.. ... ... G.. ..C ... ... ..T ... C.. .G. .CC ..A ... ... ... .CC C.. ... ... G.. ... ..G .G. G.. .G. ... AG. A.. AGT ... G.. ..C ..C ... ... ... ... .T. ... ..A ... ... .A. ... ... ..T ... ... ..G ... ... ... ... ..T ..A ... G.. ..C ... A.. ... A.T A.. ... A.. ... ... ... ... ... ... ..T ..T ..T ..A .TA A.. ... ... ... ... CG. .C. ..C ... A.. ... ... ... .G. ... ... ..T ..T A.. ..A ... A.. .A. T.. ..C ..T ..A A.. ..A ..C ... ... ... ... ... ..T ... ..A .A. ... ..T ... ... ... ..G ... .A. ..C .A. ... ... ..C ..G A.. A.. ... TCC ..A .CA ... A.. ..C A.. A.. ... ... ... ... ... AT. ... ... ... ... .C. AA. ... ... ... ... ..T ... ... ..C A.. ... ... ... ... ... ... ..C ... ... ... ..G ..A ... ... .CA C.. C.. ... ... ..C ... 
Diceros_bicornis                ... ... .G. ... ... GG. ... ... ... ..A ... GTA ... C.. C.. .G. G.. ..C .G. ... ..A ..C ... ... .G. T.. ... G.. C.. ... .AG T.. GG. ... ... ..G ..A ..G ..A ... ... .GC .T. .A. .A. ... ..G .C. ... .T. ... ... ... .AA ..A ... ... C.. ... ... G.. ..C ... ... ..T ... C.. .G. .CC ..A ..C ... ... .CC C.. ... ... G.. ... ..G .G. G.. .G. ... AG. A.. AGT ... G.. ... ..C ... ... ..G ... .T. ... ..A ... ... .A. ... ... ..T ... ... ..G ... ... ... ... ..T ..A ... G.. ..C ... A.. ... A.T A.. ... A.. ... ... ... ... ... ... ..T ..T ..T ..A .CA A.. ... ... ... ... CG. .C. ..C ... A.. ... ... ... .G. ... ... ... ... A.. ..A ... A.. .A. T.. ..C ... ..A A.. ..A ..C ... ... ... ... ... ..T ... ..A .A. ... ..T ... ... ... ..G ... .A. ..C .A. ... ... ..C ..G A.. A.. ... TCC ..A .CA ... A.. ..C A.. A.. ... ... ... ... ... AT. ... ... ... ... .C. AA. ... ... ... ... ..T ... ... ..C A.. ... ... ... ... ... ... ..C ... ... ... ..G ..A ... ... .CA C.. C.. ... ... ..C ... 
Dicerorhinus_sumatrensis        ... ... .G. ... ... GG. ... ... ... ..A ... GTA ... C.. C.. .G. G.. ..C .G. ... ..A ..C ... ... .G. T.. ..C G.C C.. ... .AG T.. GG. ... ... ..G ..T ..C ..A ... ... .G. .T. .A. .A. ... ..G .C. ... .T. ... ... ... .AA ..A ... ... C.. ... ... G.. ..C ... ... ..T ... C.. .G. .CC ..A ... ... ... .C. C.. ... ... G.. ... ..G .G. G.. .G. ... AG. A.. AGT ... GG. ... ..C ... ... ..C ... .T. ... ..A ... ... .A. ... ... ..T ... ... ..G ... ... ... ... ... ..A ... G.. ..C ... A.G ... A.T ... ... A.. ... ... ... ... ... ... ..T ..T ..T ..A .TA A.. ... ... ..C ... CG. .CC ..C ... A.. ... ..G ... .G. ... ... ... ... A.. ..A ... A.. .A. T.. ..C ..T ..A A.. ..A ..C ... ... ... ... ... ..T ... ..A .A. ... ..T ... .A. ... ..G ... .A. ..C AA. ... ... ..C ..G A.. ... ... TC. ..A .CA ... A.. ..C A.. A.. ... ... ... ..T ... AT. ... ... ... ... ... AA. ... ... ... ... ..T ... ... ..C A.. ... ... ... ... ... ... ..C ... ... ... ... ..A ... ... .CA C.. C.. ... ... ..C ... 
Rhinoceros_unicornis            ... ... .G. ... ... GG. ... ..T ... ..A ... GTA ... C.. C.. .G. G.. ..C .G. ... ..A ..C ..C ... .G. T.. ... G.. C.. ... .AG T.. GG. ... ... ..G ..A ..C ..A ... G.. .G. ... .A. .A. ... ..G .C. ... .T. ... ... ... .AA ..A ... ... C.. ... ... G.. ..C ... ... ..T ... C.. .G. .CC ..A G.. ... ... .C. C.. ... ... G.. ... ..G .G. G.. .G. ... AG. A.. GGT ... GG. ... ..C ... ... ..C ... .T. ... ..A ... ... .A. ... ... ..T ... ... ..G ... ... ... ... ... ..A ... G.. ..C ... A.. ... A.T ... ... A.. ... ... ... ... ... ..T ..T ..T ..T ..A .TA A.. ... ... ... ... CG. .C. ..C ... A.. ... ... ... .G. ... ... ... ..T A.. ..G ... A.. .A. T.. ..C ..T ..A A.. ..A ..C ... ... ... ... ... ..T C.. ..A .A. ... ..T ... ... ... ..G ... .A. ..C AA. ... ... ..C ..G A.. ... ... TC. ..A A.A ... A.. ..C A.. A.. ... ... ... ... ... AT. ... ... ..C ... .C. AA. ... ..G ... ... ..T ... ... ..C A.. ... ... ... ... ... ... ..C ... ... ..G ... ..A ... ... .C. C.. C.. ... ... ..C ... 

   18    1    1    1    1    1    3    1    1    2    1    1    7    1    1
    1    1    1    1    1    1    1    1   11    1    1    1    1    1    7
    1    1    1    4    1    1    1    1    1    4    1    1    1    1    1
   10    1    1    1    1    1    3    1    1    1    1    3    1    7    9
    1    1    1    3    1    1    1    1    1    1    1    7    1    1    1
    7    1    1   10    1    1    1    1    2    1    1    1    3    1    1
    1    3    6    1    6    1    1    1    5    1    1    2    2    1    3
    1    1    3    1    1    6    1    2   12    1    1    2    1    1    1
    1    1    1   21    2    1    1   10    1    2    1    2    1    1    1
   10    1    1    2    1    1    1   15    1    5    1    1    1    1    4
    1    1    1    1    1    1    1    1    1    1    1    1    1    1    2
    1    1    1   15    1    1    1    1    2    1    1    1    3    1    1
    1    1    1    1    3    1    1    1    1    2    1    1    1    7    1
    1    1    1    5    6    1    1    1    1    1    1    1    7    1    1
    3    1    1    4    1    1    1    1    1    9    2   11    1    2    4
    1    8    2    1    1    1    1    4    1    1    2    5    1    1   18


CODONML (in paml version 4.9f, October 2017)  Perissodactyla_C9.aln
Model: free dN/dS Ratios for branches for branches, 
Codon frequency model: F3x4
ns =   9  ls = 547

Codon usage in sequences
--------------------------------------------------------------------------------------------------------------------------------------
Phe TTT  20  20  20  19  19  19 | Ser TCT  13  12  12  13  13  13 | Tyr TAT  13  12  12  12  12  12 | Cys TGT   9  11  11  11  12   8
    TTC   6   6   6   6   5   6 |     TCC   6   6   6   7   8   8 |     TAC   8   9   9   8   8   8 |     TGC  14  14  14  12  11  15
Leu TTA   4   4   4   6   6   4 |     TCA   6   6   6   5   4   7 | *** TAA   0   0   0   0   0   0 | *** TGA   0   0   0   0   0   0
    TTG   9   9   9   8   7   6 |     TCG   1   1   1   1   2   1 |     TAG   0   0   0   0   0   0 | Trp TGG   4   4   4   4   4   4
--------------------------------------------------------------------------------------------------------------------------------------
Leu CTT   3   3   3   3   3   4 | Pro CCT   6   6   6   6   6   6 | His CAT   4   4   4   5   6   4 | Arg CGT   1   1   1   1   1   2
    CTC   7   7   7   9  10   9 |     CCC   8   8   8   8   8   7 |     CAC   2   2   2   3   2   4 |     CGC   2   2   2   3   3   2
    CTA   5   5   5   5   5   7 |     CCA   7   8   8   6   6   8 | Gln CAA  14  13  13  13  14  11 |     CGA   3   4   4   4   4   4
    CTG  15  15  15  14  15  15 |     CCG   1   0   0   1   1   0 |     CAG   8   8   8   4   4   6 |     CGG   5   5   5   3   3   6
--------------------------------------------------------------------------------------------------------------------------------------
Ile ATT  12  12  12   8  11  14 | Thr ACT   9   9   9   9   9   7 | Asn AAT  22  21  21  22  22  15 | Ser AGT   7   7   7  13  10  11
    ATC   7   7   7   8   8   9 |     ACC   6   7   7   7   6   9 |     AAC   5   6   6   6   8   7 |     AGC   6   6   6   4   4   5
    ATA  11  11  11  11  11  10 |     ACA  10  11  11  10   9  11 | Lys AAA  23  23  23  29  28  31 | Arg AGA  15  14  14  15  15  14
Met ATG  11  10  10  10  10   9 |     ACG   1   1   1   4   5   2 |     AAG  15  15  15  11  10  11 |     AGG   7   7   7   6   6   7
--------------------------------------------------------------------------------------------------------------------------------------
Val GTT   8   8   8  10   9   6 | Ala GCT   6   5   5   6   6   7 | Asp GAT  21  20  20  25  24  26 | Gly GGT   6   5   5   4   4   4
    GTC   4   5   5   6   6   4 |     GCC  12  11  11   8   7   7 |     GAC  18  19  19  14  15  16 |     GGC   6   6   6   3   3   4
    GTA   5   4   4   5   5   7 |     GCA  10  11  11  13  12  12 | Glu GAA  29  31  31  28  28  27 |     GGA  18  19  19  20  20  21
    GTG  11  11  11  10  10   9 |     GCG   3   2   2   2   3   0 |     GAG  14  12  12  14  15  13 |     GGG   5   6   6   6   6   6
--------------------------------------------------------------------------------------------------------------------------------------

--------------------------------------------------------------------------------------
Phe TTT  19  19  19 | Ser TCT  13  12  13 | Tyr TAT  12  14  11 | Cys TGT   8   8   8
    TTC   6   6   6 |     TCC   8   7   7 |     TAC   8   7   9 |     TGC  15  15  15
Leu TTA   4   5   4 |     TCA   7   7   5 | *** TAA   0   0   0 | *** TGA   0   0   0
    TTG   6   5   6 |     TCG   1   2   4 |     TAG   0   0   0 | Trp TGG   4   4   4
--------------------------------------------------------------------------------------
Leu CTT   4   3   3 | Pro CCT   6   6   6 | His CAT   4   4   4 | Arg CGT   2   2   2
    CTC   9  10  10 |     CCC   7   8   8 |     CAC   3   3   3 |     CGC   2   2   3
    CTA   7   7   7 |     CCA   7   7   7 | Gln CAA  11  11  11 |     CGA   4   4   4
    CTG  15  15  15 |     CCG   1   0   0 |     CAG   7   7   7 |     CGG   6   6   6
--------------------------------------------------------------------------------------
Ile ATT  14  14  13 | Thr ACT   7   9   8 | Asn AAT  15  15  16 | Ser AGT  10  11  10
    ATC  10   8   8 |     ACC   9   9   9 |     AAC   7   8   7 |     AGC   6   5   5
    ATA  10  10  11 |     ACA  11  10  11 | Lys AAA  31  29  30 | Arg AGA  13  13  13
Met ATG   8   9   8 |     ACG   2   1   1 |     AAG  11  12  11 |     AGG   8   8   8
--------------------------------------------------------------------------------------
Val GTT   6   6   6 | Ala GCT   4   4   7 | Asp GAT  26  23  26 | Gly GGT   4   4   5
    GTC   4   5   5 |     GCC   9  10   8 |     GAC  16  18  15 |     GGC   4   4   3
    GTA   6   7   7 |     GCA  13  11  10 | Glu GAA  27  28  28 |     GGA  21  21  21
    GTG   9   9  10 |     GCG   1   1   1 |     GAG  13  13  12 |     GGG   6   6   7
--------------------------------------------------------------------------------------

Codon position x base (3x4) table for each sequence.

#1: Equus_asinus   
position  1:    T:0.20658    C:0.16636    A:0.30530    G:0.32176
position  2:    T:0.25229    C:0.19196    A:0.35832    G:0.19744
position  3:    T:0.29250    C:0.21389    A:0.29250    G:0.20110
Average         T:0.25046    C:0.19074    A:0.31871    G:0.24010

#2: Equus_caballus 
position  1:    T:0.20841    C:0.16636    A:0.30530    G:0.31993
position  2:    T:0.25046    C:0.19013    A:0.35649    G:0.20293
position  3:    T:0.28519    C:0.22121    A:0.29982    G:0.19378
Average         T:0.24802    C:0.19257    A:0.32054    G:0.23888

#3: Equus_przewalskii
position  1:    T:0.20841    C:0.16636    A:0.30530    G:0.31993
position  2:    T:0.25046    C:0.19013    A:0.35649    G:0.20293
position  3:    T:0.28519    C:0.22121    A:0.29982    G:0.19378
Average         T:0.24802    C:0.19257    A:0.32054    G:0.23888

#4: Tapirus_indicus
position  1:    T:0.20475    C:0.16088    A:0.31627    G:0.31810
position  2:    T:0.25229    C:0.19378    A:0.35466    G:0.19927
position  3:    T:0.30530    C:0.20475    A:0.31079    G:0.17916
Average         T:0.25411    C:0.18647    A:0.32724    G:0.23218

#5: Tapirus_terrestris
position  1:    T:0.20293    C:0.16636    A:0.31444    G:0.31627
position  2:    T:0.25594    C:0.19196    A:0.35832    G:0.19378
position  3:    T:0.30530    C:0.20475    A:0.30530    G:0.18464
Average         T:0.25472    C:0.18769    A:0.32602    G:0.23157

#6: Ceratotherium_simum
position  1:    T:0.20293    C:0.17367    A:0.31444    G:0.30896
position  2:    T:0.25229    C:0.19196    A:0.34918    G:0.20658
position  3:    T:0.28885    C:0.21938    A:0.31810    G:0.17367
Average         T:0.24802    C:0.19500    A:0.32724    G:0.22974

#7: Diceros_bicornis
position  1:    T:0.20293    C:0.17367    A:0.31444    G:0.30896
position  2:    T:0.25046    C:0.19378    A:0.34918    G:0.20658
position  3:    T:0.28154    C:0.22486    A:0.31444    G:0.17916
Average         T:0.24497    C:0.19744    A:0.32602    G:0.23157

#8: Dicerorhinus_sumatrensis
position  1:    T:0.20293    C:0.17367    A:0.31261    G:0.31079
position  2:    T:0.25229    C:0.19013    A:0.35101    G:0.20658
position  3:    T:0.28154    C:0.22852    A:0.31079    G:0.17916
Average         T:0.24558    C:0.19744    A:0.32480    G:0.23218

#9: Rhinoceros_unicornis
position  1:    T:0.20293    C:0.17550    A:0.30896    G:0.31261
position  2:    T:0.25229    C:0.19196    A:0.34735    G:0.20841
position  3:    T:0.28702    C:0.22121    A:0.30896    G:0.18282
Average         T:0.24741    C:0.19622    A:0.32176    G:0.23461

Sums of codon usage counts
------------------------------------------------------------------------------
Phe F TTT     174 | Ser S TCT     114 | Tyr Y TAT     110 | Cys C TGT      86
      TTC      53 |       TCC      63 |       TAC      74 |       TGC     125
Leu L TTA      41 |       TCA      53 | *** * TAA       0 | *** * TGA       0
      TTG      65 |       TCG      14 |       TAG       0 | Trp W TGG      36
------------------------------------------------------------------------------
Leu L CTT      29 | Pro P CCT      54 | His H CAT      39 | Arg R CGT      13
      CTC      78 |       CCC      70 |       CAC      24 |       CGC      21
      CTA      53 |       CCA      64 | Gln Q CAA     111 |       CGA      35
      CTG     134 |       CCG       4 |       CAG      59 |       CGG      45
------------------------------------------------------------------------------
Ile I ATT     110 | Thr T ACT      76 | Asn N AAT     169 | Ser S AGT      86
      ATC      72 |       ACC      69 |       AAC      60 |       AGC      47
      ATA      96 |       ACA      94 | Lys K AAA     247 | Arg R AGA     126
Met M ATG      85 |       ACG      18 |       AAG     111 |       AGG      64
------------------------------------------------------------------------------
Val V GTT      67 | Ala A GCT      50 | Asp D GAT     211 | Gly G GGT      41
      GTC      44 |       GCC      83 |       GAC     150 |       GGC      39
      GTA      50 |       GCA     103 | Glu E GAA     257 |       GGA     180
      GTG      90 |       GCG      15 |       GAG     118 |       GGG      54
------------------------------------------------------------------------------


Codon position x base (3x4) table, overall

position  1:    T:0.20475    C:0.16921    A:0.31079    G:0.31525
position  2:    T:0.25208    C:0.19175    A:0.35344    G:0.20272
position  3:    T:0.29027    C:0.21775    A:0.30672    G:0.18525
Average         T:0.24904    C:0.19290    A:0.32365    G:0.23441

Codon frequencies under model, for use in evolver (TTT TTC TTA TTG ... GGG):
  0.01574313  0.01181010  0.01663549  0.01004740
  0.01197543  0.00898367  0.01265424  0.00764282
  0.02207336  0.01655888  0.00000000  0.00000000
  0.01266047  0.00949757  0.00000000  0.00808002
  0.01300994  0.00975973  0.01374739  0.00830306
  0.00989636  0.00742400  0.01045732  0.00631594
  0.01824118  0.01368408  0.01927514  0.01164168
  0.01046247  0.00784868  0.01105551  0.00667724
  0.02389582  0.01792604  0.02525030  0.01525051
  0.01817700  0.01363593  0.01920732  0.01160071
  0.03350421  0.02513402  0.03540333  0.02138267
  0.01921678  0.01441595  0.02030605  0.01226431
  0.02423942  0.01818380  0.02561338  0.01546980
  0.01843836  0.01383200  0.01948351  0.01176752
  0.03398597  0.02549542  0.03591239  0.02169013
  0.01949310  0.01462324  0.02059803  0.01244066


TREE #  1:  ((2, 3), 1, ((4, 5), ((7, 6), (8, 9))));   MP score: 270
lnL(ntime: 15  np: 31):  -3757.662152      +0.000000
  10..11   11..2    11..3    10..1    10..12   12..13   13..4    13..5    12..14   14..15   15..7    15..6    14..16   16..8    16..9  
 0.020384 0.000004 0.000004 0.023301 0.143994 0.137021 0.015185 0.026106 0.121561 0.015830 0.008266 0.008708 0.003797 0.019493 0.029432 3.997547 0.133759 0.000100 0.000100 0.183628 0.517697 0.530869 0.193964 0.376274 0.590215 0.115273 0.291569 0.100912 999.000000 0.083897 0.293194

Note: Branch length is defined as number of nucleotide substitutions per codon (not per neucleotide site).

tree length =  0.573085

((2: 0.000004, 3: 0.000004): 0.020384, 1: 0.023301, ((4: 0.015185, 5: 0.026106): 0.137021, ((7: 0.008266, 6: 0.008708): 0.015830, (8: 0.019493, 9: 0.029432): 0.003797): 0.121561): 0.143994);

((Equus_caballus: 0.000004, Equus_przewalskii: 0.000004): 0.020384, Equus_asinus: 0.023301, ((Tapirus_indicus: 0.015185, Tapirus_terrestris: 0.026106): 0.137021, ((Diceros_bicornis: 0.008266, Ceratotherium_simum: 0.008708): 0.015830, (Dicerorhinus_sumatrensis: 0.019493, Rhinoceros_unicornis: 0.029432): 0.003797): 0.121561): 0.143994);

Detailed output identifying parameters

kappa (ts/tv) =  3.99755

w (dN/dS) for branches:  0.13376 0.00010 0.00010 0.18363 0.51770 0.53087 0.19396 0.37627 0.59022 0.11527 0.29157 0.10091 999.00000 0.08390 0.29319

dN & dS for each branch

 branch          t       N       S   dN/dS      dN      dS  N*dN  S*dS

  10..11     0.020  1193.4   447.6  0.1338  0.0025  0.0184   2.9   8.2
  11..2      0.000  1193.4   447.6  0.0001  0.0000  0.0000   0.0   0.0
  11..3      0.000  1193.4   447.6  0.0001  0.0000  0.0000   0.0   0.0
  10..1      0.023  1193.4   447.6  0.1836  0.0035  0.0191   4.2   8.6
  10..12     0.144  1193.4   447.6  0.5177  0.0383  0.0739  45.7  33.1
  12..13     0.137  1193.4   447.6  0.5309  0.0368  0.0693  43.9  31.0
  13..4      0.015  1193.4   447.6  0.1940  0.0024  0.0122   2.8   5.5
  13..5      0.026  1193.4   447.6  0.3763  0.0060  0.0159   7.2   7.1
  12..14     0.122  1193.4   447.6  0.5902  0.0341  0.0577  40.7  25.8
  14..15     0.016  1193.4   447.6  0.1153  0.0017  0.0148   2.0   6.6
  15..7      0.008  1193.4   447.6  0.2916  0.0017  0.0057   2.0   2.5
  15..6      0.009  1193.4   447.6  0.1009  0.0008  0.0084   1.0   3.8
  14..16     0.004  1193.4   447.6 999.0000  0.0017  0.0000   2.1   0.0
  16..8      0.019  1193.4   447.6  0.0839  0.0016  0.0195   1.9   8.7
  16..9      0.029  1193.4   447.6  0.2932  0.0059  0.0202   7.1   9.0

tree length for dN:       0.1370
tree length for dS:       0.3351

dS tree:
((Equus_caballus: 0.000005, Equus_przewalskii: 0.000005): 0.018363, Equus_asinus: 0.019116, ((Tapirus_indicus: 0.012231, Tapirus_terrestris: 0.015926): 0.069326, ((Diceros_bicornis: 0.005684, Ceratotherium_simum: 0.008386): 0.014798, (Dicerorhinus_sumatrensis: 0.019467, Rhinoceros_unicornis: 0.020187): 0.000002): 0.057723): 0.073929);
dN tree:
((Equus_caballus: 0.000000, Equus_przewalskii: 0.000000): 0.002456, Equus_asinus: 0.003510, ((Tapirus_indicus: 0.002372, Tapirus_terrestris: 0.005993): 0.036803, ((Diceros_bicornis: 0.001657, Ceratotherium_simum: 0.000846): 0.001706, (Dicerorhinus_sumatrensis: 0.001633, Rhinoceros_unicornis: 0.005919): 0.001740): 0.034069): 0.038273);

w ratios as labels for TreeView:
((Equus_caballus #0.0001 , Equus_przewalskii #0.0001 ) #0.133759 , Equus_asinus #0.183628 , ((Tapirus_indicus #0.193964 , Tapirus_terrestris #0.376274 ) #0.530869 , ((Diceros_bicornis #0.291569 , Ceratotherium_simum #0.100912 ) #0.115273 , (Dicerorhinus_sumatrensis #0.0838971 , Rhinoceros_unicornis #0.293194 ) #999 ) #0.590215 ) #0.517697 );


Time used:  1:40
