
Loaded 'libv3/convenience/matrix.bf' from /usr/local/lib/hyphy/TemplateBatchFiles/libv3/convenience/matrix.bf
Loaded 'libv3/UtilityFunctions.bf' from /usr/local/lib/hyphy/TemplateBatchFiles/libv3/UtilityFunctions.bf
Loaded 'IOFunctions.bf' from /usr/local/lib/hyphy/TemplateBatchFiles/libv3/IOFunctions.bf
Already loaded 'libv3/UtilityFunctions.bf' from /usr/local/lib/hyphy/TemplateBatchFiles/libv3/UtilityFunctions.bf
Loaded 'convenience/regexp.bf' from /usr/local/lib/hyphy/TemplateBatchFiles/libv3/convenience/regexp.bf
Loaded 'libv3/all-terms.bf' from /usr/local/lib/hyphy/TemplateBatchFiles/libv3/all-terms.bf
Variable 'skipCodeSelectionStep' was not initialized prior to being used
Row and/or column partition is empty. All the data will be used by default.
Overwritten previously defined function:'GaussLaguerreQuardature'
Overwritten previously defined function:'GammaQuadWeight'
Variable 'SKIP_HARVEST_FREQ' was not initialized prior to being used
Variable '_WRAP_PASSTHROUGH_FLAG_' was not initialized prior to being used
Variable 'END_OF_FILE' was not initialized prior to being used
Variable '_DO_TREE_REBALANCE_' was not initialized prior to being used
Variable '_KEEP_I_LABELS_' was not initialized prior to being used
Model MG94customModel assigned to Trichechus_manatus
Trichechus_manatus has 2 parameters - branch length not assigned
Model MG94customModel assigned to Dugong_dugon
Dugong_dugon has 2 parameters - branch length not assigned
Model MG94customModel assigned to Node2
Node2 has 2 parameters - branch length not assigned
Model MG94customModel assigned to Procavia_capensis
Procavia_capensis has 2 parameters - branch length not assigned
Model MG94customModel assigned to Heterohyrax_brucei
Heterohyrax_brucei has 2 parameters - branch length not assigned
Model MG94customModel assigned to Node5
Node5 has 2 parameters - branch length not assigned
Model MG94customModel assigned to Node1
Node1 has 2 parameters - branch length not assigned
Model MG94customModel assigned to Loxodonta_africana
Loxodonta_africana has 2 parameters - branch length not assigned
Model MG94customModel assigned to Mammuthus_primigenius
Mammuthus_primigenius has 2 parameters - branch length not assigned
Model MG94customModel assigned to Elephas_maximus
Elephas_maximus has 2 parameters - branch length not assigned
Model MG94customModel assigned to Node10
Node10 has 2 parameters - branch length not assigned
Model MG94customModel assigned to Node8
Node8 has 2 parameters - branch length not assigned
Model MG94customModel assigned to Echinops_telfairi
Echinops_telfairi has 2 parameters - branch length not assigned
Model MG94customModel assigned to Chrysochloris_asiatica
Chrysochloris_asiatica has 2 parameters - branch length not assigned
Model MG94customModel assigned to Node15
Node15 has 2 parameters - branch length not assigned
Model MG94customModel assigned to Elephantulus_edwardii
Elephantulus_edwardii has 2 parameters - branch length not assigned
Model MG94customModel assigned to Node14
Node14 has 2 parameters - branch length not assigned
Model MG94customModel assigned to Orycteropus_afer
Orycteropus_afer has 2 parameters - branch length not assigned
Model MG94customModel assigned to Node13
Node13 has 2 parameters - branch length not assigned
The tips of the tree:givenTree were matched with the species names from the data in the following numeric order (0-based) {2,3,8,7,4,5,6,10,9,0,1}

Pseudo-optimal path's cost 6153 vs 8919 for 1..k=> a 1.44954 x improvement
Partition 0 reversible model flag computed as 1
Variable 'theLnLik' was not initialized prior to being used
Variable 'SAVE_OPT_STATUS_TO' was not initialized prior to being used
Variable 'givenTree.Trichechus_manatus.nonSynRate' was not initialized prior to being used
Variable 'givenTree.Trichechus_manatus.synRate' was not initialized prior to being used
Variable 'givenTree.Dugong_dugon.nonSynRate' was not initialized prior to being used
Variable 'givenTree.Dugong_dugon.synRate' was not initialized prior to being used
Variable 'givenTree.Procavia_capensis.nonSynRate' was not initialized prior to being used
Variable 'givenTree.Procavia_capensis.synRate' was not initialized prior to being used
Variable 'givenTree.Heterohyrax_brucei.nonSynRate' was not initialized prior to being used
Variable 'givenTree.Heterohyrax_brucei.synRate' was not initialized prior to being used
Variable 'givenTree.Loxodonta_africana.nonSynRate' was not initialized prior to being used
Variable 'givenTree.Loxodonta_africana.synRate' was not initialized prior to being used
Variable 'givenTree.Mammuthus_primigenius.nonSynRate' was not initialized prior to being used
Variable 'givenTree.Mammuthus_primigenius.synRate' was not initialized prior to being used
Variable 'givenTree.Elephas_maximus.nonSynRate' was not initialized prior to being used
Variable 'givenTree.Elephas_maximus.synRate' was not initialized prior to being used
Variable 'givenTree.Echinops_telfairi.nonSynRate' was not initialized prior to being used
Variable 'givenTree.Echinops_telfairi.synRate' was not initialized prior to being used
Variable 'givenTree.Chrysochloris_asiatica.nonSynRate' was not initialized prior to being used
Variable 'givenTree.Chrysochloris_asiatica.synRate' was not initialized prior to being used
Variable 'givenTree.Elephantulus_edwardii.nonSynRate' was not initialized prior to being used
Variable 'givenTree.Elephantulus_edwardii.synRate' was not initialized prior to being used
Variable 'givenTree.Orycteropus_afer.nonSynRate' was not initialized prior to being used
Variable 'givenTree.Orycteropus_afer.synRate' was not initialized prior to being used
Variable 'givenTree.Node2.nonSynRate' was not initialized prior to being used
Variable 'givenTree.Node2.synRate' was not initialized prior to being used
Variable 'givenTree.Node5.nonSynRate' was not initialized prior to being used
Variable 'givenTree.Node5.synRate' was not initialized prior to being used
Variable 'givenTree.Node1.nonSynRate' was not initialized prior to being used
Variable 'givenTree.Node1.synRate' was not initialized prior to being used
Variable 'givenTree.Node10.nonSynRate' was not initialized prior to being used
Variable 'givenTree.Node10.synRate' was not initialized prior to being used
Variable 'givenTree.Node8.nonSynRate' was not initialized prior to being used
Variable 'givenTree.Node8.synRate' was not initialized prior to being used
Variable 'givenTree.Node15.nonSynRate' was not initialized prior to being used
Variable 'givenTree.Node15.synRate' was not initialized prior to being used
Variable 'givenTree.Node14.nonSynRate' was not initialized prior to being used
Variable 'givenTree.Node14.synRate' was not initialized prior to being used
Variable 'givenTree.Node13.nonSynRate' was not initialized prior to being used
Variable 'givenTree.Node13.synRate' was not initialized prior to being used
Site 477 evaluated to a 0 probability in ComputeTreeBlockByBranch
Site 477 evaluated to a 0 probability in ComputeTreeBlockByBranch
Site 56 evaluated to a 0 probability in ComputeTreeBlockByBranch
Site 477 evaluated to a 0 probability in ComputeTreeBlockByBranch
Site 179 evaluated to a 0 probability in ComputeTreeBlockByBranch
Site 242 evaluated to a 0 probability in ComputeTreeBlockByBranch
Site 477 evaluated to a 0 probability in ComputeTreeBlockByBranch
Site 185 evaluated to a 0 probability in ComputeTreeBlockByBranch
Site 378 evaluated to a 0 probability in ComputeTreeBlockByBranch
Site 422 evaluated to a 0 probability in ComputeTreeBlockByBranch
Site 477 evaluated to a 0 probability in ComputeTreeBlockByBranch
Site 86 evaluated to a 0 probability in ComputeTreeBlockByBranch
Site 395 evaluated to a 0 probability in ComputeTreeBlockByBranch
Site 304 evaluated to a 0 probability in ComputeTreeBlockByBranch
Site 271 evaluated to a 0 probability in ComputeTreeBlockByBranch
Site 477 evaluated to a 0 probability in ComputeTreeBlockByBranch
Site 314 evaluated to a 0 probability in ComputeTreeBlockByBranch
Site 242 evaluated to a 0 probability in ComputeTreeBlockByBranch
Site 348 evaluated to a 0 probability in ComputeTreeBlockByBranch
Site 179 evaluated to a 0 probability in ComputeTreeBlockByBranch
Site 56 evaluated to a 0 probability in ComputeTreeBlockByBranch
Site 477 evaluated to a 0 probability in ComputeTreeBlockByBranch
Site 345 evaluated to a 0 probability in ComputeTreeBlockByBranch
Site 293 evaluated to a 0 probability in ComputeTreeBlockByBranch
Site 73 evaluated to a 0 probability in ComputeTreeBlockByBranch
Site 209 evaluated to a 0 probability in ComputeTreeBlockByBranch
Site 239 evaluated to a 0 probability in ComputeTreeBlockByBranch
Site 217 evaluated to a 0 probability in ComputeTreeBlockByBranch
Site 477 evaluated to a 0 probability in ComputeTreeBlockByBranch
Site 427 evaluated to a 0 probability in ComputeTreeBlockByBranch
Site 185 evaluated to a 0 probability in ComputeTreeBlockByBranch
Site 81 evaluated to a 0 probability in ComputeTreeBlockByBranch
Site 464 evaluated to a 0 probability in ComputeTreeBlockByBranch
Site 378 evaluated to a 0 probability in ComputeTreeBlockByBranch
Site 422 evaluated to a 0 probability in ComputeTreeBlockByBranch
Site 84 evaluated to a 0 probability in ComputeTreeBlockByBranch
Site 477 evaluated to a 0 probability in ComputeTreeBlockByBranch
Site 436 evaluated to a 0 probability in ComputeTreeBlockByBranch
Site 302 evaluated to a 0 probability in ComputeTreeBlockByBranch
Site 242 evaluated to a 0 probability in ComputeTreeBlockByBranch
Site 179 evaluated to a 0 probability in ComputeTreeBlockByBranch
Site 452 evaluated to a 0 probability in ComputeTreeBlockByBranch
Site 413 evaluated to a 0 probability in ComputeTreeBlockByBranch
Site 72 evaluated to a 0 probability in ComputeTreeBlockByBranch
Site 389 evaluated to a 0 probability in ComputeTreeBlockByBranch
Site 477 evaluated to a 0 probability in ComputeTreeBlockByBranch
Site 59 evaluated to a 0 probability in ComputeTreeBlockByBranch
Site 122 evaluated to a 0 probability in ComputeTreeBlockByBranch
Site 398 evaluated to a 0 probability in ComputeTreeBlockByBranch
Site 420 evaluated to a 0 probability in ComputeTreeBlockByBranch
Site 463 evaluated to a 0 probability in ComputeTreeBlockByBranch
Site 218 evaluated to a 0 probability in ComputeTreeBlockByBranch
Site 184 evaluated to a 0 probability in ComputeTreeBlockByBranch
Site 14 evaluated to a 0 probability in ComputeTreeBlockByBranch
Site 238 evaluated to a 0 probability in ComputeTreeBlockByBranch
Site 26 evaluated to a 0 probability in ComputeTreeBlockByBranch
Site 477 evaluated to a 0 probability in ComputeTreeBlockByBranch
Site 322 evaluated to a 0 probability in ComputeTreeBlockByBranch
Site 387 evaluated to a 0 probability in ComputeTreeBlockByBranch
Site 472 evaluated to a 0 probability in ComputeTreeBlockByBranch
Site 280 evaluated to a 0 probability in ComputeTreeBlockByBranch
Site 348 evaluated to a 0 probability in ComputeTreeBlockByBranch
Site 413 evaluated to a 0 probability in ComputeTreeBlockByBranch
Site 80 evaluated to a 0 probability in ComputeTreeBlockByBranch
Site 52 evaluated to a 0 probability in ComputeTreeBlockByBranch
Site 363 evaluated to a 0 probability in ComputeTreeBlockByBranch
Site 456 evaluated to a 0 probability in ComputeTreeBlockByBranch
Site 477 evaluated to a 0 probability in ComputeTreeBlockByBranch
Site 66 evaluated to a 0 probability in ComputeTreeBlockByBranch
Site 153 evaluated to a 0 probability in ComputeTreeBlockByBranch
Site 160 evaluated to a 0 probability in ComputeTreeBlockByBranch
Site 450 evaluated to a 0 probability in ComputeTreeBlockByBranch
Site 88 evaluated to a 0 probability in ComputeTreeBlockByBranch
Site 412 evaluated to a 0 probability in ComputeTreeBlockByBranch
Site 108 evaluated to a 0 probability in ComputeTreeBlockByBranch
Site 196 evaluated to a 0 probability in ComputeTreeBlockByBranch
Site 240 evaluated to a 0 probability in ComputeTreeBlockByBranch
Site 348 evaluated to a 0 probability in ComputeTreeBlockByBranch
Site 13 evaluated to a 0 probability in ComputeTreeBlockByBranch
Site 477 evaluated to a 0 probability in ComputeTreeBlockByBranch
Site 199 evaluated to a 0 probability in ComputeTreeBlockByBranch
Site 204 evaluated to a 0 probability in ComputeTreeBlockByBranch
Site 380 evaluated to a 0 probability in ComputeTreeBlockByBranch
Site 297 evaluated to a 0 probability in ComputeTreeBlockByBranch
Site 186 evaluated to a 0 probability in ComputeTreeBlockByBranch
Site 21 evaluated to a 0 probability in ComputeTreeBlockByBranch
Site 400 evaluated to a 0 probability in ComputeTreeBlockByBranch
Site 273 evaluated to a 0 probability in ComputeTreeBlockByBranch
Site 146 evaluated to a 0 probability in ComputeTreeBlockByBranch
Site 388 evaluated to a 0 probability in ComputeTreeBlockByBranch
Site 313 evaluated to a 0 probability in ComputeTreeBlockByBranch
Site 293 evaluated to a 0 probability in ComputeTreeBlockByBranch
Site 25 evaluated to a 0 probability in ComputeTreeBlockByBranch
Site 477 evaluated to a 0 probability in ComputeTreeBlockByBranch
Site 303 evaluated to a 0 probability in ComputeTreeBlockByBranch
Site 217 evaluated to a 0 probability in ComputeTreeBlockByBranch
Site 345 evaluated to a 0 probability in ComputeTreeBlockByBranch
Site 170 evaluated to a 0 probability in ComputeTreeBlockByBranch
Site 195 evaluated to a 0 probability in ComputeTreeBlockByBranch
Site 410 evaluated to a 0 probability in ComputeTreeBlockByBranch
Site 239 evaluated to a 0 probability in ComputeTreeBlockByBranch
Site 80 evaluated to a 0 probability in ComputeTreeBlockByBranch
Site 238 evaluated to a 0 probability in ComputeTreeBlockByBranch
Site 209 evaluated to a 0 probability in ComputeTreeBlockByBranch
Site 73 evaluated to a 0 probability in ComputeTreeBlockByBranch
Auto-benchmarked an optimal number (13) of threads.
Set GUI update interval to every 263-th LF evaluation.
Initial guess for givenTree.Node2.nonSynRate is -0.00178299
Initial guess for givenTree.Node2.synRate is 0.00410071
Initial guess for givenTree.Trichechus_manatus.nonSynRate is 0.00959669
Initial guess for givenTree.Trichechus_manatus.synRate is 0.00589701
Initial guess for givenTree.Dugong_dugon.nonSynRate is 0.0090524
Initial guess for givenTree.Dugong_dugon.synRate is 0.00474297
Initial guess for givenTree.Node5.nonSynRate is 0.0275162
Initial guess for givenTree.Node5.synRate is 0.0188089
Initial guess for givenTree.Procavia_capensis.nonSynRate is 0.00545044
Initial guess for givenTree.Procavia_capensis.synRate is -0.00010778
Initial guess for givenTree.Heterohyrax_brucei.nonSynRate is 0.00460549
Initial guess for givenTree.Heterohyrax_brucei.synRate is 0.00127876
Initial guess for givenTree.Node8.nonSynRate is 0.0553851
Initial guess for givenTree.Node8.synRate is 0.0320133
Initial guess for givenTree.Loxodonta_africana.nonSynRate is 0.00112875
Initial guess for givenTree.Loxodonta_africana.synRate is 0.000796454
Initial guess for givenTree.Node10.nonSynRate is 0.0346374
Initial guess for givenTree.Node10.synRate is 0.0194504
Initial guess for givenTree.Mammuthus_primigenius.nonSynRate is 0.00137778
Initial guess for givenTree.Mammuthus_primigenius.synRate is 0.000960539
Initial guess for givenTree.Elephas_maximus.nonSynRate is 0.00156012
Initial guess for givenTree.Elephas_maximus.synRate is 0.000210437
Initial guess for givenTree.Node13.nonSynRate is -0.000543714
Initial guess for givenTree.Node13.synRate is -0.000210966
Initial guess for givenTree.Node14.nonSynRate is 0.013926
Initial guess for givenTree.Node14.synRate is 0.00484012
Initial guess for givenTree.Node15.nonSynRate is -0.000657494
Initial guess for givenTree.Node15.synRate is -0.000646232
Initial guess for givenTree.Echinops_telfairi.nonSynRate is 0.0803029
Initial guess for givenTree.Echinops_telfairi.synRate is 0.0443742
Initial guess for givenTree.Chrysochloris_asiatica.nonSynRate is 0.058425
Initial guess for givenTree.Chrysochloris_asiatica.synRate is 0.0390225
Initial guess for givenTree.Elephantulus_edwardii.nonSynRate is 0.0797582
Initial guess for givenTree.Elephantulus_edwardii.synRate is 0.0662374
Initial guess for givenTree.Orycteropus_afer.nonSynRate is 0.0464546
Initial guess for givenTree.Orycteropus_afer.synRate is 0.0415245
Optimization settings:
	OPTIMIZATION_METHOD = 4
	OPTIMIZATION_PRECISION = 0.001
	MAXIMUM_ITERATIONS_PER_VARIABLE = 5000

Initial parameter values

GT = 1
CT = 1
CG = 1
AT = 1
AC = 1
givenTree.Trichechus_manatus.synRate = 0.00589701
givenTree.Trichechus_manatus.nonSynRate = 0.00959669
givenTree.Dugong_dugon.synRate = 0.00474297
givenTree.Dugong_dugon.nonSynRate = 0.0090524
givenTree.Node2.synRate = 0.00410071
givenTree.Node2.nonSynRate = 0
givenTree.Procavia_capensis.synRate = 0
givenTree.Procavia_capensis.nonSynRate = 0.00545044
givenTree.Heterohyrax_brucei.synRate = 0.00127876
givenTree.Heterohyrax_brucei.nonSynRate = 0.00460549
givenTree.Node5.synRate = 0.0188089
givenTree.Node5.nonSynRate = 0.0275162
givenTree.Node1.synRate = 0.1
givenTree.Node1.nonSynRate = 0.1
givenTree.Loxodonta_africana.synRate = 0.000796454
givenTree.Loxodonta_africana.nonSynRate = 0.00112875
givenTree.Mammuthus_primigenius.synRate = 0.000960539
givenTree.Mammuthus_primigenius.nonSynRate = 0.00137778
givenTree.Elephas_maximus.synRate = 0.000210437
givenTree.Elephas_maximus.nonSynRate = 0.00156012
givenTree.Node10.synRate = 0.0194504
givenTree.Node10.nonSynRate = 0.0346374
givenTree.Node8.synRate = 0.0320133
givenTree.Node8.nonSynRate = 0.0553851
givenTree.Echinops_telfairi.synRate = 0.0443742
givenTree.Echinops_telfairi.nonSynRate = 0.0803029
givenTree.Chrysochloris_asiatica.synRate = 0.0390225
givenTree.Chrysochloris_asiatica.nonSynRate = 0.058425
givenTree.Node15.synRate = 0
givenTree.Node15.nonSynRate = 0
givenTree.Elephantulus_edwardii.synRate = 0.0662374
givenTree.Elephantulus_edwardii.nonSynRate = 0.0797582
givenTree.Node14.synRate = 0.00484012
givenTree.Node14.nonSynRate = 0.013926
givenTree.Orycteropus_afer.synRate = 0.0415245
givenTree.Orycteropus_afer.nonSynRate = 0.0464546
givenTree.Node13.synRate = 0
givenTree.Node13.nonSynRate = 0
Optimization finished in 26 loop passes.
3746 likelihood evaluation calls and 16339 matrix exponentiations calls were made

Variable 'lastDepth' was not initialized prior to being used
No nodel was assigned to Trichechus_manatus
Trichechus_manatus has 0 parameters - branch length not assigned
No nodel was assigned to Dugong_dugon
Dugong_dugon has 0 parameters - branch length not assigned
No nodel was assigned to Node2
Node2 has 0 parameters - branch length not assigned
No nodel was assigned to Procavia_capensis
Procavia_capensis has 0 parameters - branch length not assigned
No nodel was assigned to Heterohyrax_brucei
Heterohyrax_brucei has 0 parameters - branch length not assigned
No nodel was assigned to Node5
Node5 has 0 parameters - branch length not assigned
No nodel was assigned to Node1
Node1 has 0 parameters - branch length not assigned
No nodel was assigned to Loxodonta_africana
Loxodonta_africana has 0 parameters - branch length not assigned
No nodel was assigned to Mammuthus_primigenius
Mammuthus_primigenius has 0 parameters - branch length not assigned
No nodel was assigned to Elephas_maximus
Elephas_maximus has 0 parameters - branch length not assigned
No nodel was assigned to Node10
Node10 has 0 parameters - branch length not assigned
No nodel was assigned to Node8
Node8 has 0 parameters - branch length not assigned
No nodel was assigned to Echinops_telfairi
Echinops_telfairi has 0 parameters - branch length not assigned
No nodel was assigned to Chrysochloris_asiatica
Chrysochloris_asiatica has 0 parameters - branch length not assigned
No nodel was assigned to Node15
Node15 has 0 parameters - branch length not assigned
No nodel was assigned to Elephantulus_edwardii
Elephantulus_edwardii has 0 parameters - branch length not assigned
No nodel was assigned to Node14
Node14 has 0 parameters - branch length not assigned
No nodel was assigned to Orycteropus_afer
Orycteropus_afer has 0 parameters - branch length not assigned
No nodel was assigned to Node13
Node13 has 0 parameters - branch length not assigned
No nodel was assigned to Trichechus_manatus
Trichechus_manatus has 0 parameters - branch length not assigned
No nodel was assigned to Dugong_dugon
Dugong_dugon has 0 parameters - branch length not assigned
No nodel was assigned to Node2
Node2 has 0 parameters - branch length not assigned
No nodel was assigned to Procavia_capensis
Procavia_capensis has 0 parameters - branch length not assigned
No nodel was assigned to Heterohyrax_brucei
Heterohyrax_brucei has 0 parameters - branch length not assigned
No nodel was assigned to Node5
Node5 has 0 parameters - branch length not assigned
No nodel was assigned to Node1
Node1 has 0 parameters - branch length not assigned
No nodel was assigned to Loxodonta_africana
Loxodonta_africana has 0 parameters - branch length not assigned
No nodel was assigned to Mammuthus_primigenius
Mammuthus_primigenius has 0 parameters - branch length not assigned
No nodel was assigned to Elephas_maximus
Elephas_maximus has 0 parameters - branch length not assigned
No nodel was assigned to Node10
Node10 has 0 parameters - branch length not assigned
No nodel was assigned to Node8
Node8 has 0 parameters - branch length not assigned
No nodel was assigned to Echinops_telfairi
Echinops_telfairi has 0 parameters - branch length not assigned
No nodel was assigned to Chrysochloris_asiatica
Chrysochloris_asiatica has 0 parameters - branch length not assigned
No nodel was assigned to Node15
Node15 has 0 parameters - branch length not assigned
No nodel was assigned to Elephantulus_edwardii
Elephantulus_edwardii has 0 parameters - branch length not assigned
No nodel was assigned to Node14
Node14 has 0 parameters - branch length not assigned
No nodel was assigned to Orycteropus_afer
Orycteropus_afer has 0 parameters - branch length not assigned
No nodel was assigned to Node13
Node13 has 0 parameters - branch length not assigned
No nodel was assigned to Trichechus_manatus
Trichechus_manatus has 0 parameters - branch length not assigned
No nodel was assigned to Dugong_dugon
Dugong_dugon has 0 parameters - branch length not assigned
No nodel was assigned to Node2
Node2 has 0 parameters - branch length not assigned
No nodel was assigned to Procavia_capensis
Procavia_capensis has 0 parameters - branch length not assigned
No nodel was assigned to Heterohyrax_brucei
Heterohyrax_brucei has 0 parameters - branch length not assigned
No nodel was assigned to Node5
Node5 has 0 parameters - branch length not assigned
No nodel was assigned to Node1
Node1 has 0 parameters - branch length not assigned
No nodel was assigned to Loxodonta_africana
Loxodonta_africana has 0 parameters - branch length not assigned
No nodel was assigned to Mammuthus_primigenius
Mammuthus_primigenius has 0 parameters - branch length not assigned
No nodel was assigned to Elephas_maximus
Elephas_maximus has 0 parameters - branch length not assigned
No nodel was assigned to Node10
Node10 has 0 parameters - branch length not assigned
No nodel was assigned to Node8
Node8 has 0 parameters - branch length not assigned
No nodel was assigned to Echinops_telfairi
Echinops_telfairi has 0 parameters - branch length not assigned
No nodel was assigned to Chrysochloris_asiatica
Chrysochloris_asiatica has 0 parameters - branch length not assigned
No nodel was assigned to Node15
Node15 has 0 parameters - branch length not assigned
No nodel was assigned to Elephantulus_edwardii
Elephantulus_edwardii has 0 parameters - branch length not assigned
No nodel was assigned to Node14
Node14 has 0 parameters - branch length not assigned
No nodel was assigned to Orycteropus_afer
Orycteropus_afer has 0 parameters - branch length not assigned
No nodel was assigned to Node13
Node13 has 0 parameters - branch length not assigned
No nodel was assigned to Trichechus_manatus
Trichechus_manatus has 0 parameters - branch length not assigned
No nodel was assigned to Dugong_dugon
Dugong_dugon has 0 parameters - branch length not assigned
No nodel was assigned to Node2
Node2 has 0 parameters - branch length not assigned
No nodel was assigned to Procavia_capensis
Procavia_capensis has 0 parameters - branch length not assigned
No nodel was assigned to Heterohyrax_brucei
Heterohyrax_brucei has 0 parameters - branch length not assigned
No nodel was assigned to Node5
Node5 has 0 parameters - branch length not assigned
No nodel was assigned to Node1
Node1 has 0 parameters - branch length not assigned
No nodel was assigned to Loxodonta_africana
Loxodonta_africana has 0 parameters - branch length not assigned
No nodel was assigned to Mammuthus_primigenius
Mammuthus_primigenius has 0 parameters - branch length not assigned
No nodel was assigned to Elephas_maximus
Elephas_maximus has 0 parameters - branch length not assigned
No nodel was assigned to Node10
Node10 has 0 parameters - branch length not assigned
No nodel was assigned to Node8
Node8 has 0 parameters - branch length not assigned
No nodel was assigned to Echinops_telfairi
Echinops_telfairi has 0 parameters - branch length not assigned
No nodel was assigned to Chrysochloris_asiatica
Chrysochloris_asiatica has 0 parameters - branch length not assigned
No nodel was assigned to Node15
Node15 has 0 parameters - branch length not assigned
No nodel was assigned to Elephantulus_edwardii
Elephantulus_edwardii has 0 parameters - branch length not assigned
No nodel was assigned to Node14
Node14 has 0 parameters - branch length not assigned
No nodel was assigned to Orycteropus_afer
Orycteropus_afer has 0 parameters - branch length not assigned
No nodel was assigned to Node13
Node13 has 0 parameters - branch length not assigned
Variable 'nodeName' was not initialized prior to being used
Variable 'speciesIndex' was not initialized prior to being used
Row and/or column partition is empty. All the data will be used by default.
Model MG94customModel assigned to Trichechus_manatus
Model MG94customModel assigned to Dugong_dugon
One branch tree supplied - hopefully this IS what you meant to do.
Rooted tree. Removing one branch - the left root child has been promoted to be the new root
Partition 0 reversible model flag computed as 1
Variable 'twoLnLik' was not initialized prior to being used
Variable 't2.Dugong_dugon.nonSynRate' was not initialized prior to being used
Variable 't2.Dugong_dugon.synRate' was not initialized prior to being used
Auto-benchmarked an optimal number (3) of threads.
Set GUI update interval to every 8474-th LF evaluation.
Optimization settings:
	OPTIMIZATION_METHOD = 4
	OPTIMIZATION_PRECISION = 0.001
	MAXIMUM_ITERATIONS_PER_VARIABLE = 5000

Initial parameter values

t2.Dugong_dugon.nonSynRate = 0.1
t2.Dugong_dugon.synRate = 0.1
Optimization finished in 9 loop passes.
168 likelihood evaluation calls and 150 matrix exponentiations calls were made

Row and/or column partition is empty. All the data will be used by default.
Model MG94customModel assigned to Trichechus_manatus
Model MG94customModel assigned to Procavia_capensis
One branch tree supplied - hopefully this IS what you meant to do.
Rooted tree. Removing one branch - the left root child has been promoted to be the new root
Partition 0 reversible model flag computed as 1
Variable 't2.Procavia_capensis.nonSynRate' was not initialized prior to being used
Variable 't2.Procavia_capensis.synRate' was not initialized prior to being used
Auto-benchmarked an optimal number (4) of threads.
Set GUI update interval to every 6944-th LF evaluation.
Optimization settings:
	OPTIMIZATION_METHOD = 4
	OPTIMIZATION_PRECISION = 0.001
	MAXIMUM_ITERATIONS_PER_VARIABLE = 5000

Initial parameter values

t2.Procavia_capensis.nonSynRate = 0.1
t2.Procavia_capensis.synRate = 0.1
Optimization finished in 6 loop passes.
180 likelihood evaluation calls and 163 matrix exponentiations calls were made

Row and/or column partition is empty. All the data will be used by default.
Model MG94customModel assigned to Trichechus_manatus
Model MG94customModel assigned to Heterohyrax_brucei
One branch tree supplied - hopefully this IS what you meant to do.
Rooted tree. Removing one branch - the left root child has been promoted to be the new root
Partition 0 reversible model flag computed as 1
Variable 't2.Heterohyrax_brucei.synRate' was not initialized prior to being used
Variable 't2.Heterohyrax_brucei.nonSynRate' was not initialized prior to being used
Auto-benchmarked an optimal number (2) of threads.
Set GUI update interval to every 6410-th LF evaluation.
Optimization settings:
	OPTIMIZATION_METHOD = 4
	OPTIMIZATION_PRECISION = 0.001
	MAXIMUM_ITERATIONS_PER_VARIABLE = 5000

Initial parameter values

t2.Heterohyrax_brucei.synRate = 0.1
t2.Heterohyrax_brucei.nonSynRate = 0.1
Optimization finished in 6 loop passes.
170 likelihood evaluation calls and 153 matrix exponentiations calls were made

Row and/or column partition is empty. All the data will be used by default.
Model MG94customModel assigned to Trichechus_manatus
Model MG94customModel assigned to Loxodonta_africana
One branch tree supplied - hopefully this IS what you meant to do.
Rooted tree. Removing one branch - the left root child has been promoted to be the new root
Partition 0 reversible model flag computed as 1
Variable 't2.Loxodonta_africana.nonSynRate' was not initialized prior to being used
Variable 't2.Loxodonta_africana.synRate' was not initialized prior to being used
Auto-benchmarked an optimal number (3) of threads.
Set GUI update interval to every 8928-th LF evaluation.
Optimization settings:
	OPTIMIZATION_METHOD = 4
	OPTIMIZATION_PRECISION = 0.001
	MAXIMUM_ITERATIONS_PER_VARIABLE = 5000

Initial parameter values

t2.Loxodonta_africana.nonSynRate = 0.1
t2.Loxodonta_africana.synRate = 0.1
Optimization finished in 6 loop passes.
169 likelihood evaluation calls and 150 matrix exponentiations calls were made

Row and/or column partition is empty. All the data will be used by default.
Model MG94customModel assigned to Trichechus_manatus
Model MG94customModel assigned to Mammuthus_primigenius
One branch tree supplied - hopefully this IS what you meant to do.
Rooted tree. Removing one branch - the left root child has been promoted to be the new root
Partition 0 reversible model flag computed as 1
Variable 't2.Mammuthus_primigenius.synRate' was not initialized prior to being used
Variable 't2.Mammuthus_primigenius.nonSynRate' was not initialized prior to being used
Auto-benchmarked an optimal number (5) of threads.
Set GUI update interval to every 8620-th LF evaluation.
Optimization settings:
	OPTIMIZATION_METHOD = 4
	OPTIMIZATION_PRECISION = 0.001
	MAXIMUM_ITERATIONS_PER_VARIABLE = 5000

Initial parameter values

t2.Mammuthus_primigenius.synRate = 0.1
t2.Mammuthus_primigenius.nonSynRate = 0.1
Optimization finished in 6 loop passes.
159 likelihood evaluation calls and 138 matrix exponentiations calls were made

Row and/or column partition is empty. All the data will be used by default.
Model MG94customModel assigned to Trichechus_manatus
Model MG94customModel assigned to Elephas_maximus
One branch tree supplied - hopefully this IS what you meant to do.
Rooted tree. Removing one branch - the left root child has been promoted to be the new root
Partition 0 reversible model flag computed as 1
Variable 't2.Elephas_maximus.nonSynRate' was not initialized prior to being used
Variable 't2.Elephas_maximus.synRate' was not initialized prior to being used
Auto-benchmarked an optimal number (3) of threads.
Set GUI update interval to every 8771-th LF evaluation.
Optimization settings:
	OPTIMIZATION_METHOD = 4
	OPTIMIZATION_PRECISION = 0.001
	MAXIMUM_ITERATIONS_PER_VARIABLE = 5000

Initial parameter values

t2.Elephas_maximus.nonSynRate = 0.1
t2.Elephas_maximus.synRate = 0.1
Optimization finished in 6 loop passes.
162 likelihood evaluation calls and 141 matrix exponentiations calls were made

Row and/or column partition is empty. All the data will be used by default.
Model MG94customModel assigned to Trichechus_manatus
Model MG94customModel assigned to Echinops_telfairi
One branch tree supplied - hopefully this IS what you meant to do.
Rooted tree. Removing one branch - the left root child has been promoted to be the new root
Partition 0 reversible model flag computed as 1
Variable 't2.Echinops_telfairi.nonSynRate' was not initialized prior to being used
Variable 't2.Echinops_telfairi.synRate' was not initialized prior to being used
Auto-benchmarked an optimal number (3) of threads.
Set GUI update interval to every 8474-th LF evaluation.
Optimization settings:
	OPTIMIZATION_METHOD = 4
	OPTIMIZATION_PRECISION = 0.001
	MAXIMUM_ITERATIONS_PER_VARIABLE = 5000

Initial parameter values

t2.Echinops_telfairi.nonSynRate = 0.1
t2.Echinops_telfairi.synRate = 0.1
Optimization finished in 5 loop passes.
212 likelihood evaluation calls and 192 matrix exponentiations calls were made

Row and/or column partition is empty. All the data will be used by default.
Model MG94customModel assigned to Trichechus_manatus
Model MG94customModel assigned to Chrysochloris_asiatica
One branch tree supplied - hopefully this IS what you meant to do.
Rooted tree. Removing one branch - the left root child has been promoted to be the new root
Partition 0 reversible model flag computed as 1
Variable 't2.Chrysochloris_asiatica.nonSynRate' was not initialized prior to being used
Variable 't2.Chrysochloris_asiatica.synRate' was not initialized prior to being used
Auto-benchmarked an optimal number (4) of threads.
Set GUI update interval to every 8928-th LF evaluation.
Optimization settings:
	OPTIMIZATION_METHOD = 4
	OPTIMIZATION_PRECISION = 0.001
	MAXIMUM_ITERATIONS_PER_VARIABLE = 5000

Initial parameter values

t2.Chrysochloris_asiatica.nonSynRate = 0.1
t2.Chrysochloris_asiatica.synRate = 0.1
Optimization finished in 6 loop passes.
211 likelihood evaluation calls and 191 matrix exponentiations calls were made

Row and/or column partition is empty. All the data will be used by default.
Model MG94customModel assigned to Trichechus_manatus
Model MG94customModel assigned to Elephantulus_edwardii
One branch tree supplied - hopefully this IS what you meant to do.
Rooted tree. Removing one branch - the left root child has been promoted to be the new root
Partition 0 reversible model flag computed as 1
Variable 't2.Elephantulus_edwardii.nonSynRate' was not initialized prior to being used
Variable 't2.Elephantulus_edwardii.synRate' was not initialized prior to being used
Auto-benchmarked an optimal number (4) of threads.
Set GUI update interval to every 8771-th LF evaluation.
Optimization settings:
	OPTIMIZATION_METHOD = 4
	OPTIMIZATION_PRECISION = 0.001
	MAXIMUM_ITERATIONS_PER_VARIABLE = 5000

Initial parameter values

t2.Elephantulus_edwardii.nonSynRate = 0.1
t2.Elephantulus_edwardii.synRate = 0.1
Optimization finished in 6 loop passes.
226 likelihood evaluation calls and 208 matrix exponentiations calls were made

Row and/or column partition is empty. All the data will be used by default.
Model MG94customModel assigned to Trichechus_manatus
Model MG94customModel assigned to Orycteropus_afer
One branch tree supplied - hopefully this IS what you meant to do.
Rooted tree. Removing one branch - the left root child has been promoted to be the new root
Partition 0 reversible model flag computed as 1
Variable 't2.Orycteropus_afer.nonSynRate' was not initialized prior to being used
Variable 't2.Orycteropus_afer.synRate' was not initialized prior to being used
Auto-benchmarked an optimal number (3) of threads.
Set GUI update interval to every 8928-th LF evaluation.
Optimization settings:
	OPTIMIZATION_METHOD = 4
	OPTIMIZATION_PRECISION = 0.001
	MAXIMUM_ITERATIONS_PER_VARIABLE = 5000

Initial parameter values

t2.Orycteropus_afer.nonSynRate = 0.1
t2.Orycteropus_afer.synRate = 0.1
Optimization finished in 6 loop passes.
301 likelihood evaluation calls and 283 matrix exponentiations calls were made

Row and/or column partition is empty. All the data will be used by default.
Model MG94customModel assigned to Dugong_dugon
Model MG94customModel assigned to Procavia_capensis
One branch tree supplied - hopefully this IS what you meant to do.
Rooted tree. Removing one branch - the left root child has been promoted to be the new root
Partition 0 reversible model flag computed as 1
Variable 't2.Procavia_capensis.nonSynRate' was not initialized prior to being used
Variable 't2.Procavia_capensis.synRate' was not initialized prior to being used
Auto-benchmarked an optimal number (3) of threads.
Set GUI update interval to every 8771-th LF evaluation.
Optimization settings:
	OPTIMIZATION_METHOD = 4
	OPTIMIZATION_PRECISION = 0.001
	MAXIMUM_ITERATIONS_PER_VARIABLE = 5000

Initial parameter values

t2.Procavia_capensis.nonSynRate = 0.1
t2.Procavia_capensis.synRate = 0.1
Optimization finished in 6 loop passes.
208 likelihood evaluation calls and 191 matrix exponentiations calls were made

Row and/or column partition is empty. All the data will be used by default.
Model MG94customModel assigned to Dugong_dugon
Model MG94customModel assigned to Heterohyrax_brucei
One branch tree supplied - hopefully this IS what you meant to do.
Rooted tree. Removing one branch - the left root child has been promoted to be the new root
Partition 0 reversible model flag computed as 1
Variable 't2.Heterohyrax_brucei.nonSynRate' was not initialized prior to being used
Variable 't2.Heterohyrax_brucei.synRate' was not initialized prior to being used
Auto-benchmarked an optimal number (4) of threads.
Set GUI update interval to every 8620-th LF evaluation.
Optimization settings:
	OPTIMIZATION_METHOD = 4
	OPTIMIZATION_PRECISION = 0.001
	MAXIMUM_ITERATIONS_PER_VARIABLE = 5000

Initial parameter values

t2.Heterohyrax_brucei.nonSynRate = 0.1
t2.Heterohyrax_brucei.synRate = 0.1
Optimization finished in 6 loop passes.
170 likelihood evaluation calls and 153 matrix exponentiations calls were made

Row and/or column partition is empty. All the data will be used by default.
Model MG94customModel assigned to Dugong_dugon
Model MG94customModel assigned to Loxodonta_africana
One branch tree supplied - hopefully this IS what you meant to do.
Rooted tree. Removing one branch - the left root child has been promoted to be the new root
Partition 0 reversible model flag computed as 1
Variable 't2.Loxodonta_africana.synRate' was not initialized prior to being used
Variable 't2.Loxodonta_africana.nonSynRate' was not initialized prior to being used
Auto-benchmarked an optimal number (5) of threads.
Set GUI update interval to every 8620-th LF evaluation.
Optimization settings:
	OPTIMIZATION_METHOD = 4
	OPTIMIZATION_PRECISION = 0.001
	MAXIMUM_ITERATIONS_PER_VARIABLE = 5000

Initial parameter values

t2.Loxodonta_africana.synRate = 0.1
t2.Loxodonta_africana.nonSynRate = 0.1
Optimization finished in 6 loop passes.
183 likelihood evaluation calls and 164 matrix exponentiations calls were made

Row and/or column partition is empty. All the data will be used by default.
Model MG94customModel assigned to Dugong_dugon
Model MG94customModel assigned to Mammuthus_primigenius
One branch tree supplied - hopefully this IS what you meant to do.
Rooted tree. Removing one branch - the left root child has been promoted to be the new root
Partition 0 reversible model flag computed as 1
Variable 't2.Mammuthus_primigenius.nonSynRate' was not initialized prior to being used
Variable 't2.Mammuthus_primigenius.synRate' was not initialized prior to being used
Auto-benchmarked an optimal number (2) of threads.
Set GUI update interval to every 8333-th LF evaluation.
Optimization settings:
	OPTIMIZATION_METHOD = 4
	OPTIMIZATION_PRECISION = 0.001
	MAXIMUM_ITERATIONS_PER_VARIABLE = 5000

Initial parameter values

t2.Mammuthus_primigenius.nonSynRate = 0.1
t2.Mammuthus_primigenius.synRate = 0.1
Optimization finished in 6 loop passes.
166 likelihood evaluation calls and 147 matrix exponentiations calls were made

Row and/or column partition is empty. All the data will be used by default.
Model MG94customModel assigned to Dugong_dugon
Model MG94customModel assigned to Elephas_maximus
One branch tree supplied - hopefully this IS what you meant to do.
Rooted tree. Removing one branch - the left root child has been promoted to be the new root
Partition 0 reversible model flag computed as 1
Variable 't2.Elephas_maximus.nonSynRate' was not initialized prior to being used
Variable 't2.Elephas_maximus.synRate' was not initialized prior to being used
Auto-benchmarked an optimal number (4) of threads.
Set GUI update interval to every 8620-th LF evaluation.
Optimization settings:
	OPTIMIZATION_METHOD = 4
	OPTIMIZATION_PRECISION = 0.001
	MAXIMUM_ITERATIONS_PER_VARIABLE = 5000

Initial parameter values

t2.Elephas_maximus.nonSynRate = 0.1
t2.Elephas_maximus.synRate = 0.1
Optimization finished in 6 loop passes.
187 likelihood evaluation calls and 169 matrix exponentiations calls were made

Row and/or column partition is empty. All the data will be used by default.
Model MG94customModel assigned to Dugong_dugon
Model MG94customModel assigned to Echinops_telfairi
One branch tree supplied - hopefully this IS what you meant to do.
Rooted tree. Removing one branch - the left root child has been promoted to be the new root
Partition 0 reversible model flag computed as 1
Variable 't2.Echinops_telfairi.nonSynRate' was not initialized prior to being used
Variable 't2.Echinops_telfairi.synRate' was not initialized prior to being used
Auto-benchmarked an optimal number (4) of threads.
Set GUI update interval to every 8928-th LF evaluation.
Optimization settings:
	OPTIMIZATION_METHOD = 4
	OPTIMIZATION_PRECISION = 0.001
	MAXIMUM_ITERATIONS_PER_VARIABLE = 5000

Initial parameter values

t2.Echinops_telfairi.nonSynRate = 0.1
t2.Echinops_telfairi.synRate = 0.1
Optimization finished in 6 loop passes.
164 likelihood evaluation calls and 145 matrix exponentiations calls were made

Row and/or column partition is empty. All the data will be used by default.
Model MG94customModel assigned to Dugong_dugon
Model MG94customModel assigned to Chrysochloris_asiatica
One branch tree supplied - hopefully this IS what you meant to do.
Rooted tree. Removing one branch - the left root child has been promoted to be the new root
Partition 0 reversible model flag computed as 1
Variable 't2.Chrysochloris_asiatica.nonSynRate' was not initialized prior to being used
Variable 't2.Chrysochloris_asiatica.synRate' was not initialized prior to being used
Auto-benchmarked an optimal number (5) of threads.
Set GUI update interval to every 8928-th LF evaluation.
Optimization settings:
	OPTIMIZATION_METHOD = 4
	OPTIMIZATION_PRECISION = 0.001
	MAXIMUM_ITERATIONS_PER_VARIABLE = 5000

Initial parameter values

t2.Chrysochloris_asiatica.nonSynRate = 0.1
t2.Chrysochloris_asiatica.synRate = 0.1
Optimization finished in 6 loop passes.
180 likelihood evaluation calls and 160 matrix exponentiations calls were made

Row and/or column partition is empty. All the data will be used by default.
Model MG94customModel assigned to Dugong_dugon
Model MG94customModel assigned to Elephantulus_edwardii
One branch tree supplied - hopefully this IS what you meant to do.
Rooted tree. Removing one branch - the left root child has been promoted to be the new root
Partition 0 reversible model flag computed as 1
Variable 't2.Elephantulus_edwardii.nonSynRate' was not initialized prior to being used
Variable 't2.Elephantulus_edwardii.synRate' was not initialized prior to being used
Auto-benchmarked an optimal number (5) of threads.
Set GUI update interval to every 9090-th LF evaluation.
Optimization settings:
	OPTIMIZATION_METHOD = 4
	OPTIMIZATION_PRECISION = 0.001
	MAXIMUM_ITERATIONS_PER_VARIABLE = 5000

Initial parameter values

t2.Elephantulus_edwardii.nonSynRate = 0.1
t2.Elephantulus_edwardii.synRate = 0.1
Optimization finished in 6 loop passes.
242 likelihood evaluation calls and 222 matrix exponentiations calls were made

Row and/or column partition is empty. All the data will be used by default.
Model MG94customModel assigned to Dugong_dugon
Model MG94customModel assigned to Orycteropus_afer
One branch tree supplied - hopefully this IS what you meant to do.
Rooted tree. Removing one branch - the left root child has been promoted to be the new root
Partition 0 reversible model flag computed as 1
Variable 't2.Orycteropus_afer.nonSynRate' was not initialized prior to being used
Variable 't2.Orycteropus_afer.synRate' was not initialized prior to being used
Auto-benchmarked an optimal number (3) of threads.
Set GUI update interval to every 8474-th LF evaluation.
Optimization settings:
	OPTIMIZATION_METHOD = 4
	OPTIMIZATION_PRECISION = 0.001
	MAXIMUM_ITERATIONS_PER_VARIABLE = 5000

Initial parameter values

t2.Orycteropus_afer.nonSynRate = 0.1
t2.Orycteropus_afer.synRate = 0.1
Optimization finished in 5 loop passes.
184 likelihood evaluation calls and 166 matrix exponentiations calls were made

Row and/or column partition is empty. All the data will be used by default.
Model MG94customModel assigned to Procavia_capensis
Model MG94customModel assigned to Heterohyrax_brucei
One branch tree supplied - hopefully this IS what you meant to do.
Rooted tree. Removing one branch - the left root child has been promoted to be the new root
Partition 0 reversible model flag computed as 1
Variable 't2.Heterohyrax_brucei.nonSynRate' was not initialized prior to being used
Variable 't2.Heterohyrax_brucei.synRate' was not initialized prior to being used
Auto-benchmarked an optimal number (3) of threads.
Set GUI update interval to every 8474-th LF evaluation.
Optimization settings:
	OPTIMIZATION_METHOD = 4
	OPTIMIZATION_PRECISION = 0.001
	MAXIMUM_ITERATIONS_PER_VARIABLE = 5000

Initial parameter values

t2.Heterohyrax_brucei.nonSynRate = 0.1
t2.Heterohyrax_brucei.synRate = 0.1
Optimization finished in 8 loop passes.
175 likelihood evaluation calls and 159 matrix exponentiations calls were made

Row and/or column partition is empty. All the data will be used by default.
Model MG94customModel assigned to Procavia_capensis
Model MG94customModel assigned to Loxodonta_africana
One branch tree supplied - hopefully this IS what you meant to do.
Rooted tree. Removing one branch - the left root child has been promoted to be the new root
Partition 0 reversible model flag computed as 1
Variable 't2.Loxodonta_africana.nonSynRate' was not initialized prior to being used
Variable 't2.Loxodonta_africana.synRate' was not initialized prior to being used
Auto-benchmarked an optimal number (4) of threads.
Set GUI update interval to every 8928-th LF evaluation.
Optimization settings:
	OPTIMIZATION_METHOD = 4
	OPTIMIZATION_PRECISION = 0.001
	MAXIMUM_ITERATIONS_PER_VARIABLE = 5000

Initial parameter values

t2.Loxodonta_africana.nonSynRate = 0.1
t2.Loxodonta_africana.synRate = 0.1
Optimization finished in 8 loop passes.
178 likelihood evaluation calls and 160 matrix exponentiations calls were made

Row and/or column partition is empty. All the data will be used by default.
Model MG94customModel assigned to Procavia_capensis
Model MG94customModel assigned to Mammuthus_primigenius
One branch tree supplied - hopefully this IS what you meant to do.
Rooted tree. Removing one branch - the left root child has been promoted to be the new root
Partition 0 reversible model flag computed as 1
Variable 't2.Mammuthus_primigenius.nonSynRate' was not initialized prior to being used
Variable 't2.Mammuthus_primigenius.synRate' was not initialized prior to being used
Auto-benchmarked an optimal number (4) of threads.
Set GUI update interval to every 8928-th LF evaluation.
Optimization settings:
	OPTIMIZATION_METHOD = 4
	OPTIMIZATION_PRECISION = 0.001
	MAXIMUM_ITERATIONS_PER_VARIABLE = 5000

Initial parameter values

t2.Mammuthus_primigenius.nonSynRate = 0.1
t2.Mammuthus_primigenius.synRate = 0.1
Optimization finished in 8 loop passes.
166 likelihood evaluation calls and 147 matrix exponentiations calls were made

Row and/or column partition is empty. All the data will be used by default.
Model MG94customModel assigned to Procavia_capensis
Model MG94customModel assigned to Elephas_maximus
One branch tree supplied - hopefully this IS what you meant to do.
Rooted tree. Removing one branch - the left root child has been promoted to be the new root
Partition 0 reversible model flag computed as 1
Variable 't2.Elephas_maximus.nonSynRate' was not initialized prior to being used
Variable 't2.Elephas_maximus.synRate' was not initialized prior to being used
Auto-benchmarked an optimal number (4) of threads.
Set GUI update interval to every 8620-th LF evaluation.
Optimization settings:
	OPTIMIZATION_METHOD = 4
	OPTIMIZATION_PRECISION = 0.001
	MAXIMUM_ITERATIONS_PER_VARIABLE = 5000

Initial parameter values

t2.Elephas_maximus.nonSynRate = 0.1
t2.Elephas_maximus.synRate = 0.1
Optimization finished in 6 loop passes.
175 likelihood evaluation calls and 155 matrix exponentiations calls were made

Row and/or column partition is empty. All the data will be used by default.
Model MG94customModel assigned to Procavia_capensis
Model MG94customModel assigned to Echinops_telfairi
One branch tree supplied - hopefully this IS what you meant to do.
Rooted tree. Removing one branch - the left root child has been promoted to be the new root
Partition 0 reversible model flag computed as 1
Variable 't2.Echinops_telfairi.nonSynRate' was not initialized prior to being used
Variable 't2.Echinops_telfairi.synRate' was not initialized prior to being used
Auto-benchmarked an optimal number (4) of threads.
Set GUI update interval to every 9090-th LF evaluation.
Optimization settings:
	OPTIMIZATION_METHOD = 4
	OPTIMIZATION_PRECISION = 0.001
	MAXIMUM_ITERATIONS_PER_VARIABLE = 5000

Initial parameter values

t2.Echinops_telfairi.nonSynRate = 0.1
t2.Echinops_telfairi.synRate = 0.1
Optimization finished in 6 loop passes.
195 likelihood evaluation calls and 176 matrix exponentiations calls were made

Row and/or column partition is empty. All the data will be used by default.
Model MG94customModel assigned to Procavia_capensis
Model MG94customModel assigned to Chrysochloris_asiatica
One branch tree supplied - hopefully this IS what you meant to do.
Rooted tree. Removing one branch - the left root child has been promoted to be the new root
Partition 0 reversible model flag computed as 1
Variable 't2.Chrysochloris_asiatica.nonSynRate' was not initialized prior to being used
Variable 't2.Chrysochloris_asiatica.synRate' was not initialized prior to being used
Auto-benchmarked an optimal number (4) of threads.
Set GUI update interval to every 8771-th LF evaluation.
Optimization settings:
	OPTIMIZATION_METHOD = 4
	OPTIMIZATION_PRECISION = 0.001
	MAXIMUM_ITERATIONS_PER_VARIABLE = 5000

Initial parameter values

t2.Chrysochloris_asiatica.nonSynRate = 0.1
t2.Chrysochloris_asiatica.synRate = 0.1
Optimization finished in 6 loop passes.
202 likelihood evaluation calls and 182 matrix exponentiations calls were made

Row and/or column partition is empty. All the data will be used by default.
Model MG94customModel assigned to Procavia_capensis
Model MG94customModel assigned to Elephantulus_edwardii
One branch tree supplied - hopefully this IS what you meant to do.
Rooted tree. Removing one branch - the left root child has been promoted to be the new root
Partition 0 reversible model flag computed as 1
Variable 't2.Elephantulus_edwardii.synRate' was not initialized prior to being used
Variable 't2.Elephantulus_edwardii.nonSynRate' was not initialized prior to being used
Auto-benchmarked an optimal number (3) of threads.
Set GUI update interval to every 8771-th LF evaluation.
Optimization settings:
	OPTIMIZATION_METHOD = 4
	OPTIMIZATION_PRECISION = 0.001
	MAXIMUM_ITERATIONS_PER_VARIABLE = 5000

Initial parameter values

t2.Elephantulus_edwardii.synRate = 0.1
t2.Elephantulus_edwardii.nonSynRate = 0.1
Optimization finished in 6 loop passes.
241 likelihood evaluation calls and 219 matrix exponentiations calls were made

Row and/or column partition is empty. All the data will be used by default.
Model MG94customModel assigned to Procavia_capensis
Model MG94customModel assigned to Orycteropus_afer
One branch tree supplied - hopefully this IS what you meant to do.
Rooted tree. Removing one branch - the left root child has been promoted to be the new root
Partition 0 reversible model flag computed as 1
Variable 't2.Orycteropus_afer.nonSynRate' was not initialized prior to being used
Variable 't2.Orycteropus_afer.synRate' was not initialized prior to being used
Auto-benchmarked an optimal number (4) of threads.
Set GUI update interval to every 9090-th LF evaluation.
Optimization settings:
	OPTIMIZATION_METHOD = 4
	OPTIMIZATION_PRECISION = 0.001
	MAXIMUM_ITERATIONS_PER_VARIABLE = 5000

Initial parameter values

t2.Orycteropus_afer.nonSynRate = 0.1
t2.Orycteropus_afer.synRate = 0.1
Optimization finished in 5 loop passes.
201 likelihood evaluation calls and 181 matrix exponentiations calls were made

Row and/or column partition is empty. All the data will be used by default.
Model MG94customModel assigned to Heterohyrax_brucei
Model MG94customModel assigned to Loxodonta_africana
One branch tree supplied - hopefully this IS what you meant to do.
Rooted tree. Removing one branch - the left root child has been promoted to be the new root
Partition 0 reversible model flag computed as 1
Variable 't2.Loxodonta_africana.nonSynRate' was not initialized prior to being used
Variable 't2.Loxodonta_africana.synRate' was not initialized prior to being used
Auto-benchmarked an optimal number (4) of threads.
Set GUI update interval to every 8620-th LF evaluation.
Optimization settings:
	OPTIMIZATION_METHOD = 4
	OPTIMIZATION_PRECISION = 0.001
	MAXIMUM_ITERATIONS_PER_VARIABLE = 5000

Initial parameter values

t2.Loxodonta_africana.nonSynRate = 0.1
t2.Loxodonta_africana.synRate = 0.1
Optimization finished in 6 loop passes.
176 likelihood evaluation calls and 156 matrix exponentiations calls were made

Row and/or column partition is empty. All the data will be used by default.
Model MG94customModel assigned to Heterohyrax_brucei
Model MG94customModel assigned to Mammuthus_primigenius
One branch tree supplied - hopefully this IS what you meant to do.
Rooted tree. Removing one branch - the left root child has been promoted to be the new root
Partition 0 reversible model flag computed as 1
Variable 't2.Mammuthus_primigenius.nonSynRate' was not initialized prior to being used
Variable 't2.Mammuthus_primigenius.synRate' was not initialized prior to being used
Auto-benchmarked an optimal number (3) of threads.
Set GUI update interval to every 8474-th LF evaluation.
Optimization settings:
	OPTIMIZATION_METHOD = 4
	OPTIMIZATION_PRECISION = 0.001
	MAXIMUM_ITERATIONS_PER_VARIABLE = 5000

Initial parameter values

t2.Mammuthus_primigenius.nonSynRate = 0.1
t2.Mammuthus_primigenius.synRate = 0.1
Optimization finished in 6 loop passes.
187 likelihood evaluation calls and 167 matrix exponentiations calls were made

Row and/or column partition is empty. All the data will be used by default.
Model MG94customModel assigned to Heterohyrax_brucei
Model MG94customModel assigned to Elephas_maximus
One branch tree supplied - hopefully this IS what you meant to do.
Rooted tree. Removing one branch - the left root child has been promoted to be the new root
Partition 0 reversible model flag computed as 1
Variable 't2.Elephas_maximus.nonSynRate' was not initialized prior to being used
Variable 't2.Elephas_maximus.synRate' was not initialized prior to being used
Auto-benchmarked an optimal number (4) of threads.
Set GUI update interval to every 9090-th LF evaluation.
Optimization settings:
	OPTIMIZATION_METHOD = 4
	OPTIMIZATION_PRECISION = 0.001
	MAXIMUM_ITERATIONS_PER_VARIABLE = 5000

Initial parameter values

t2.Elephas_maximus.nonSynRate = 0.1
t2.Elephas_maximus.synRate = 0.1
Optimization finished in 6 loop passes.
203 likelihood evaluation calls and 178 matrix exponentiations calls were made

Row and/or column partition is empty. All the data will be used by default.
Model MG94customModel assigned to Heterohyrax_brucei
Model MG94customModel assigned to Echinops_telfairi
One branch tree supplied - hopefully this IS what you meant to do.
Rooted tree. Removing one branch - the left root child has been promoted to be the new root
Partition 0 reversible model flag computed as 1
Variable 't2.Echinops_telfairi.nonSynRate' was not initialized prior to being used
Variable 't2.Echinops_telfairi.synRate' was not initialized prior to being used
Auto-benchmarked an optimal number (4) of threads.
Set GUI update interval to every 9090-th LF evaluation.
Optimization settings:
	OPTIMIZATION_METHOD = 4
	OPTIMIZATION_PRECISION = 0.001
	MAXIMUM_ITERATIONS_PER_VARIABLE = 5000

Initial parameter values

t2.Echinops_telfairi.nonSynRate = 0.1
t2.Echinops_telfairi.synRate = 0.1
Optimization finished in 6 loop passes.
164 likelihood evaluation calls and 135 matrix exponentiations calls were made

Row and/or column partition is empty. All the data will be used by default.
Model MG94customModel assigned to Heterohyrax_brucei
Model MG94customModel assigned to Chrysochloris_asiatica
One branch tree supplied - hopefully this IS what you meant to do.
Rooted tree. Removing one branch - the left root child has been promoted to be the new root
Partition 0 reversible model flag computed as 1
Variable 't2.Chrysochloris_asiatica.nonSynRate' was not initialized prior to being used
Variable 't2.Chrysochloris_asiatica.synRate' was not initialized prior to being used
Auto-benchmarked an optimal number (4) of threads.
Set GUI update interval to every 8928-th LF evaluation.
Optimization settings:
	OPTIMIZATION_METHOD = 4
	OPTIMIZATION_PRECISION = 0.001
	MAXIMUM_ITERATIONS_PER_VARIABLE = 5000

Initial parameter values

t2.Chrysochloris_asiatica.nonSynRate = 0.1
t2.Chrysochloris_asiatica.synRate = 0.1
Optimization finished in 6 loop passes.
161 likelihood evaluation calls and 137 matrix exponentiations calls were made

Row and/or column partition is empty. All the data will be used by default.
Model MG94customModel assigned to Heterohyrax_brucei
Model MG94customModel assigned to Elephantulus_edwardii
One branch tree supplied - hopefully this IS what you meant to do.
Rooted tree. Removing one branch - the left root child has been promoted to be the new root
Partition 0 reversible model flag computed as 1
Variable 't2.Elephantulus_edwardii.nonSynRate' was not initialized prior to being used
Variable 't2.Elephantulus_edwardii.synRate' was not initialized prior to being used
Auto-benchmarked an optimal number (2) of threads.
Set GUI update interval to every 8196-th LF evaluation.
Optimization settings:
	OPTIMIZATION_METHOD = 4
	OPTIMIZATION_PRECISION = 0.001
	MAXIMUM_ITERATIONS_PER_VARIABLE = 5000

Initial parameter values

t2.Elephantulus_edwardii.nonSynRate = 0.1
t2.Elephantulus_edwardii.synRate = 0.1
Optimization finished in 6 loop passes.
185 likelihood evaluation calls and 165 matrix exponentiations calls were made

Row and/or column partition is empty. All the data will be used by default.
Model MG94customModel assigned to Heterohyrax_brucei
Model MG94customModel assigned to Orycteropus_afer
One branch tree supplied - hopefully this IS what you meant to do.
Rooted tree. Removing one branch - the left root child has been promoted to be the new root
Partition 0 reversible model flag computed as 1
Variable 't2.Orycteropus_afer.nonSynRate' was not initialized prior to being used
Variable 't2.Orycteropus_afer.synRate' was not initialized prior to being used
Auto-benchmarked an optimal number (2) of threads.
Set GUI update interval to every 8196-th LF evaluation.
Optimization settings:
	OPTIMIZATION_METHOD = 4
	OPTIMIZATION_PRECISION = 0.001
	MAXIMUM_ITERATIONS_PER_VARIABLE = 5000

Initial parameter values

t2.Orycteropus_afer.nonSynRate = 0.1
t2.Orycteropus_afer.synRate = 0.1
Optimization finished in 5 loop passes.
170 likelihood evaluation calls and 150 matrix exponentiations calls were made

Row and/or column partition is empty. All the data will be used by default.
Model MG94customModel assigned to Loxodonta_africana
Model MG94customModel assigned to Mammuthus_primigenius
One branch tree supplied - hopefully this IS what you meant to do.
Rooted tree. Removing one branch - the left root child has been promoted to be the new root
Partition 0 reversible model flag computed as 1
Variable 't2.Mammuthus_primigenius.nonSynRate' was not initialized prior to being used
Variable 't2.Mammuthus_primigenius.synRate' was not initialized prior to being used
Auto-benchmarked an optimal number (3) of threads.
Set GUI update interval to every 8196-th LF evaluation.
Optimization settings:
	OPTIMIZATION_METHOD = 4
	OPTIMIZATION_PRECISION = 0.001
	MAXIMUM_ITERATIONS_PER_VARIABLE = 5000

Initial parameter values

t2.Mammuthus_primigenius.nonSynRate = 0.1
t2.Mammuthus_primigenius.synRate = 0.1
Optimization finished in 6 loop passes.
189 likelihood evaluation calls and 166 matrix exponentiations calls were made

Row and/or column partition is empty. All the data will be used by default.
Model MG94customModel assigned to Loxodonta_africana
Model MG94customModel assigned to Elephas_maximus
One branch tree supplied - hopefully this IS what you meant to do.
Rooted tree. Removing one branch - the left root child has been promoted to be the new root
Partition 0 reversible model flag computed as 1
Variable 't2.Elephas_maximus.nonSynRate' was not initialized prior to being used
Variable 't2.Elephas_maximus.synRate' was not initialized prior to being used
Auto-benchmarked an optimal number (5) of threads.
Set GUI update interval to every 8771-th LF evaluation.
Optimization settings:
	OPTIMIZATION_METHOD = 4
	OPTIMIZATION_PRECISION = 0.001
	MAXIMUM_ITERATIONS_PER_VARIABLE = 5000

Initial parameter values

t2.Elephas_maximus.nonSynRate = 0.1
t2.Elephas_maximus.synRate = 0.1
Optimization finished in 6 loop passes.
126 likelihood evaluation calls and 105 matrix exponentiations calls were made

Row and/or column partition is empty. All the data will be used by default.
Model MG94customModel assigned to Loxodonta_africana
Model MG94customModel assigned to Echinops_telfairi
One branch tree supplied - hopefully this IS what you meant to do.
Rooted tree. Removing one branch - the left root child has been promoted to be the new root
Partition 0 reversible model flag computed as 1
Variable 't2.Echinops_telfairi.nonSynRate' was not initialized prior to being used
Variable 't2.Echinops_telfairi.synRate' was not initialized prior to being used
Auto-benchmarked an optimal number (5) of threads.
Set GUI update interval to every 9090-th LF evaluation.
Optimization settings:
	OPTIMIZATION_METHOD = 4
	OPTIMIZATION_PRECISION = 0.001
	MAXIMUM_ITERATIONS_PER_VARIABLE = 5000

Initial parameter values

t2.Echinops_telfairi.nonSynRate = 0.1
t2.Echinops_telfairi.synRate = 0.1
Optimization finished in 6 loop passes.
219 likelihood evaluation calls and 196 matrix exponentiations calls were made

Row and/or column partition is empty. All the data will be used by default.
Model MG94customModel assigned to Loxodonta_africana
Model MG94customModel assigned to Chrysochloris_asiatica
One branch tree supplied - hopefully this IS what you meant to do.
Rooted tree. Removing one branch - the left root child has been promoted to be the new root
Partition 0 reversible model flag computed as 1
Variable 't2.Chrysochloris_asiatica.nonSynRate' was not initialized prior to being used
Variable 't2.Chrysochloris_asiatica.synRate' was not initialized prior to being used
Auto-benchmarked an optimal number (2) of threads.
Set GUI update interval to every 8196-th LF evaluation.
Optimization settings:
	OPTIMIZATION_METHOD = 4
	OPTIMIZATION_PRECISION = 0.001
	MAXIMUM_ITERATIONS_PER_VARIABLE = 5000

Initial parameter values

t2.Chrysochloris_asiatica.nonSynRate = 0.1
t2.Chrysochloris_asiatica.synRate = 0.1
Optimization finished in 11 loop passes.
258 likelihood evaluation calls and 237 matrix exponentiations calls were made

Row and/or column partition is empty. All the data will be used by default.
Model MG94customModel assigned to Loxodonta_africana
Model MG94customModel assigned to Elephantulus_edwardii
One branch tree supplied - hopefully this IS what you meant to do.
Rooted tree. Removing one branch - the left root child has been promoted to be the new root
Partition 0 reversible model flag computed as 1
Variable 't2.Elephantulus_edwardii.nonSynRate' was not initialized prior to being used
Variable 't2.Elephantulus_edwardii.synRate' was not initialized prior to being used
Auto-benchmarked an optimal number (3) of threads.
Set GUI update interval to every 8771-th LF evaluation.
Optimization settings:
	OPTIMIZATION_METHOD = 4
	OPTIMIZATION_PRECISION = 0.001
	MAXIMUM_ITERATIONS_PER_VARIABLE = 5000

Initial parameter values

t2.Elephantulus_edwardii.nonSynRate = 0.1
t2.Elephantulus_edwardii.synRate = 0.1
Optimization finished in 6 loop passes.
165 likelihood evaluation calls and 141 matrix exponentiations calls were made

Row and/or column partition is empty. All the data will be used by default.
Model MG94customModel assigned to Loxodonta_africana
Model MG94customModel assigned to Orycteropus_afer
One branch tree supplied - hopefully this IS what you meant to do.
Rooted tree. Removing one branch - the left root child has been promoted to be the new root
Partition 0 reversible model flag computed as 1
Variable 't2.Orycteropus_afer.nonSynRate' was not initialized prior to being used
Variable 't2.Orycteropus_afer.synRate' was not initialized prior to being used
Auto-benchmarked an optimal number (4) of threads.
Set GUI update interval to every 8928-th LF evaluation.
Optimization settings:
	OPTIMIZATION_METHOD = 4
	OPTIMIZATION_PRECISION = 0.001
	MAXIMUM_ITERATIONS_PER_VARIABLE = 5000

Initial parameter values

t2.Orycteropus_afer.nonSynRate = 0.1
t2.Orycteropus_afer.synRate = 0.1
Optimization finished in 6 loop passes.
163 likelihood evaluation calls and 147 matrix exponentiations calls were made

Row and/or column partition is empty. All the data will be used by default.
Model MG94customModel assigned to Mammuthus_primigenius
Model MG94customModel assigned to Elephas_maximus
One branch tree supplied - hopefully this IS what you meant to do.
Rooted tree. Removing one branch - the left root child has been promoted to be the new root
Partition 0 reversible model flag computed as 1
Variable 't2.Elephas_maximus.nonSynRate' was not initialized prior to being used
Variable 't2.Elephas_maximus.synRate' was not initialized prior to being used
Auto-benchmarked an optimal number (3) of threads.
Set GUI update interval to every 8620-th LF evaluation.
Optimization settings:
	OPTIMIZATION_METHOD = 4
	OPTIMIZATION_PRECISION = 0.001
	MAXIMUM_ITERATIONS_PER_VARIABLE = 5000

Initial parameter values

t2.Elephas_maximus.nonSynRate = 0.1
t2.Elephas_maximus.synRate = 0.1
Optimization finished in 6 loop passes.
137 likelihood evaluation calls and 110 matrix exponentiations calls were made

Row and/or column partition is empty. All the data will be used by default.
Model MG94customModel assigned to Mammuthus_primigenius
Model MG94customModel assigned to Echinops_telfairi
One branch tree supplied - hopefully this IS what you meant to do.
Rooted tree. Removing one branch - the left root child has been promoted to be the new root
Partition 0 reversible model flag computed as 1
Variable 't2.Echinops_telfairi.nonSynRate' was not initialized prior to being used
Variable 't2.Echinops_telfairi.synRate' was not initialized prior to being used
Auto-benchmarked an optimal number (4) of threads.
Set GUI update interval to every 8928-th LF evaluation.
Optimization settings:
	OPTIMIZATION_METHOD = 4
	OPTIMIZATION_PRECISION = 0.001
	MAXIMUM_ITERATIONS_PER_VARIABLE = 5000

Initial parameter values

t2.Echinops_telfairi.nonSynRate = 0.1
t2.Echinops_telfairi.synRate = 0.1
Optimization finished in 6 loop passes.
221 likelihood evaluation calls and 198 matrix exponentiations calls were made

Row and/or column partition is empty. All the data will be used by default.
Model MG94customModel assigned to Mammuthus_primigenius
Model MG94customModel assigned to Chrysochloris_asiatica
One branch tree supplied - hopefully this IS what you meant to do.
Rooted tree. Removing one branch - the left root child has been promoted to be the new root
Partition 0 reversible model flag computed as 1
Variable 't2.Chrysochloris_asiatica.nonSynRate' was not initialized prior to being used
Variable 't2.Chrysochloris_asiatica.synRate' was not initialized prior to being used
Auto-benchmarked an optimal number (5) of threads.
Set GUI update interval to every 8620-th LF evaluation.
Optimization settings:
	OPTIMIZATION_METHOD = 4
	OPTIMIZATION_PRECISION = 0.001
	MAXIMUM_ITERATIONS_PER_VARIABLE = 5000

Initial parameter values

t2.Chrysochloris_asiatica.nonSynRate = 0.1
t2.Chrysochloris_asiatica.synRate = 0.1
Optimization finished in 6 loop passes.
204 likelihood evaluation calls and 181 matrix exponentiations calls were made

Row and/or column partition is empty. All the data will be used by default.
Model MG94customModel assigned to Mammuthus_primigenius
Model MG94customModel assigned to Elephantulus_edwardii
One branch tree supplied - hopefully this IS what you meant to do.
Rooted tree. Removing one branch - the left root child has been promoted to be the new root
Partition 0 reversible model flag computed as 1
Variable 't2.Elephantulus_edwardii.nonSynRate' was not initialized prior to being used
Variable 't2.Elephantulus_edwardii.synRate' was not initialized prior to being used
Auto-benchmarked an optimal number (4) of threads.
Set GUI update interval to every 8771-th LF evaluation.
Optimization settings:
	OPTIMIZATION_METHOD = 4
	OPTIMIZATION_PRECISION = 0.001
	MAXIMUM_ITERATIONS_PER_VARIABLE = 5000

Initial parameter values

t2.Elephantulus_edwardii.nonSynRate = 0.1
t2.Elephantulus_edwardii.synRate = 0.1
Optimization finished in 5 loop passes.
184 likelihood evaluation calls and 157 matrix exponentiations calls were made

Row and/or column partition is empty. All the data will be used by default.
Model MG94customModel assigned to Mammuthus_primigenius
Model MG94customModel assigned to Orycteropus_afer
One branch tree supplied - hopefully this IS what you meant to do.
Rooted tree. Removing one branch - the left root child has been promoted to be the new root
Partition 0 reversible model flag computed as 1
Variable 't2.Orycteropus_afer.nonSynRate' was not initialized prior to being used
Variable 't2.Orycteropus_afer.synRate' was not initialized prior to being used
Auto-benchmarked an optimal number (4) of threads.
Set GUI update interval to every 8620-th LF evaluation.
Optimization settings:
	OPTIMIZATION_METHOD = 4
	OPTIMIZATION_PRECISION = 0.001
	MAXIMUM_ITERATIONS_PER_VARIABLE = 5000

Initial parameter values

t2.Orycteropus_afer.nonSynRate = 0.1
t2.Orycteropus_afer.synRate = 0.1
Optimization finished in 6 loop passes.
158 likelihood evaluation calls and 138 matrix exponentiations calls were made

Row and/or column partition is empty. All the data will be used by default.
Model MG94customModel assigned to Elephas_maximus
Model MG94customModel assigned to Echinops_telfairi
One branch tree supplied - hopefully this IS what you meant to do.
Rooted tree. Removing one branch - the left root child has been promoted to be the new root
Partition 0 reversible model flag computed as 1
Variable 't2.Echinops_telfairi.nonSynRate' was not initialized prior to being used
Variable 't2.Echinops_telfairi.synRate' was not initialized prior to being used
Auto-benchmarked an optimal number (3) of threads.
Set GUI update interval to every 9090-th LF evaluation.
Optimization settings:
	OPTIMIZATION_METHOD = 4
	OPTIMIZATION_PRECISION = 0.001
	MAXIMUM_ITERATIONS_PER_VARIABLE = 5000

Initial parameter values

t2.Echinops_telfairi.nonSynRate = 0.1
t2.Echinops_telfairi.synRate = 0.1
Optimization finished in 6 loop passes.
201 likelihood evaluation calls and 182 matrix exponentiations calls were made

Row and/or column partition is empty. All the data will be used by default.
Model MG94customModel assigned to Elephas_maximus
Model MG94customModel assigned to Chrysochloris_asiatica
One branch tree supplied - hopefully this IS what you meant to do.
Rooted tree. Removing one branch - the left root child has been promoted to be the new root
Partition 0 reversible model flag computed as 1
Variable 't2.Chrysochloris_asiatica.nonSynRate' was not initialized prior to being used
Variable 't2.Chrysochloris_asiatica.synRate' was not initialized prior to being used
Auto-benchmarked an optimal number (5) of threads.
Set GUI update interval to every 8928-th LF evaluation.
Optimization settings:
	OPTIMIZATION_METHOD = 4
	OPTIMIZATION_PRECISION = 0.001
	MAXIMUM_ITERATIONS_PER_VARIABLE = 5000

Initial parameter values

t2.Chrysochloris_asiatica.nonSynRate = 0.1
t2.Chrysochloris_asiatica.synRate = 0.1
Optimization finished in 6 loop passes.
199 likelihood evaluation calls and 177 matrix exponentiations calls were made

Row and/or column partition is empty. All the data will be used by default.
Model MG94customModel assigned to Elephas_maximus
Model MG94customModel assigned to Elephantulus_edwardii
One branch tree supplied - hopefully this IS what you meant to do.
Rooted tree. Removing one branch - the left root child has been promoted to be the new root
Partition 0 reversible model flag computed as 1
Variable 't2.Elephantulus_edwardii.nonSynRate' was not initialized prior to being used
Variable 't2.Elephantulus_edwardii.synRate' was not initialized prior to being used
Auto-benchmarked an optimal number (3) of threads.
Set GUI update interval to every 8771-th LF evaluation.
Optimization settings:
	OPTIMIZATION_METHOD = 4
	OPTIMIZATION_PRECISION = 0.001
	MAXIMUM_ITERATIONS_PER_VARIABLE = 5000

Initial parameter values

t2.Elephantulus_edwardii.nonSynRate = 0.1
t2.Elephantulus_edwardii.synRate = 0.1
Optimization finished in 5 loop passes.
159 likelihood evaluation calls and 131 matrix exponentiations calls were made

Row and/or column partition is empty. All the data will be used by default.
Model MG94customModel assigned to Elephas_maximus
Model MG94customModel assigned to Orycteropus_afer
One branch tree supplied - hopefully this IS what you meant to do.
Rooted tree. Removing one branch - the left root child has been promoted to be the new root
Partition 0 reversible model flag computed as 1
Variable 't2.Orycteropus_afer.nonSynRate' was not initialized prior to being used
Variable 't2.Orycteropus_afer.synRate' was not initialized prior to being used
Auto-benchmarked an optimal number (4) of threads.
Set GUI update interval to every 9090-th LF evaluation.
Optimization settings:
	OPTIMIZATION_METHOD = 4
	OPTIMIZATION_PRECISION = 0.001
	MAXIMUM_ITERATIONS_PER_VARIABLE = 5000

Initial parameter values

t2.Orycteropus_afer.nonSynRate = 0.1
t2.Orycteropus_afer.synRate = 0.1
Optimization finished in 5 loop passes.
206 likelihood evaluation calls and 187 matrix exponentiations calls were made

Row and/or column partition is empty. All the data will be used by default.
Model MG94customModel assigned to Echinops_telfairi
Model MG94customModel assigned to Chrysochloris_asiatica
One branch tree supplied - hopefully this IS what you meant to do.
Rooted tree. Removing one branch - the left root child has been promoted to be the new root
Partition 0 reversible model flag computed as 1
Variable 't2.Chrysochloris_asiatica.nonSynRate' was not initialized prior to being used
Variable 't2.Chrysochloris_asiatica.synRate' was not initialized prior to being used
Auto-benchmarked an optimal number (1) of threads.
Set GUI update interval to every 6024-th LF evaluation.
Optimization settings:
	OPTIMIZATION_METHOD = 4
	OPTIMIZATION_PRECISION = 0.001
	MAXIMUM_ITERATIONS_PER_VARIABLE = 5000

Initial parameter values

t2.Chrysochloris_asiatica.nonSynRate = 0.1
t2.Chrysochloris_asiatica.synRate = 0.1
Optimization finished in 6 loop passes.
149 likelihood evaluation calls and 130 matrix exponentiations calls were made

Row and/or column partition is empty. All the data will be used by default.
Model MG94customModel assigned to Echinops_telfairi
Model MG94customModel assigned to Elephantulus_edwardii
One branch tree supplied - hopefully this IS what you meant to do.
Rooted tree. Removing one branch - the left root child has been promoted to be the new root
Partition 0 reversible model flag computed as 1
Variable 't2.Elephantulus_edwardii.nonSynRate' was not initialized prior to being used
Variable 't2.Elephantulus_edwardii.synRate' was not initialized prior to being used
Auto-benchmarked an optimal number (4) of threads.
Set GUI update interval to every 8928-th LF evaluation.
Optimization settings:
	OPTIMIZATION_METHOD = 4
	OPTIMIZATION_PRECISION = 0.001
	MAXIMUM_ITERATIONS_PER_VARIABLE = 5000

Initial parameter values

t2.Elephantulus_edwardii.nonSynRate = 0.1
t2.Elephantulus_edwardii.synRate = 0.1
Optimization finished in 5 loop passes.
189 likelihood evaluation calls and 167 matrix exponentiations calls were made

Row and/or column partition is empty. All the data will be used by default.
Model MG94customModel assigned to Echinops_telfairi
Model MG94customModel assigned to Orycteropus_afer
One branch tree supplied - hopefully this IS what you meant to do.
Rooted tree. Removing one branch - the left root child has been promoted to be the new root
Partition 0 reversible model flag computed as 1
Variable 't2.Orycteropus_afer.nonSynRate' was not initialized prior to being used
Variable 't2.Orycteropus_afer.synRate' was not initialized prior to being used
Auto-benchmarked an optimal number (4) of threads.
Set GUI update interval to every 9090-th LF evaluation.
Optimization settings:
	OPTIMIZATION_METHOD = 4
	OPTIMIZATION_PRECISION = 0.001
	MAXIMUM_ITERATIONS_PER_VARIABLE = 5000

Initial parameter values

t2.Orycteropus_afer.nonSynRate = 0.1
t2.Orycteropus_afer.synRate = 0.1
Optimization finished in 6 loop passes.
215 likelihood evaluation calls and 199 matrix exponentiations calls were made

Row and/or column partition is empty. All the data will be used by default.
Model MG94customModel assigned to Chrysochloris_asiatica
Model MG94customModel assigned to Elephantulus_edwardii
One branch tree supplied - hopefully this IS what you meant to do.
Rooted tree. Removing one branch - the left root child has been promoted to be the new root
Partition 0 reversible model flag computed as 1
Variable 't2.Elephantulus_edwardii.nonSynRate' was not initialized prior to being used
Variable 't2.Elephantulus_edwardii.synRate' was not initialized prior to being used
Auto-benchmarked an optimal number (4) of threads.
Set GUI update interval to every 8928-th LF evaluation.
Optimization settings:
	OPTIMIZATION_METHOD = 4
	OPTIMIZATION_PRECISION = 0.001
	MAXIMUM_ITERATIONS_PER_VARIABLE = 5000

Initial parameter values

t2.Elephantulus_edwardii.nonSynRate = 0.1
t2.Elephantulus_edwardii.synRate = 0.1
Optimization finished in 5 loop passes.
165 likelihood evaluation calls and 142 matrix exponentiations calls were made

Row and/or column partition is empty. All the data will be used by default.
Model MG94customModel assigned to Chrysochloris_asiatica
Model MG94customModel assigned to Orycteropus_afer
One branch tree supplied - hopefully this IS what you meant to do.
Rooted tree. Removing one branch - the left root child has been promoted to be the new root
Partition 0 reversible model flag computed as 1
Variable 't2.Orycteropus_afer.nonSynRate' was not initialized prior to being used
Variable 't2.Orycteropus_afer.synRate' was not initialized prior to being used
Auto-benchmarked an optimal number (3) of threads.
Set GUI update interval to every 8771-th LF evaluation.
Optimization settings:
	OPTIMIZATION_METHOD = 4
	OPTIMIZATION_PRECISION = 0.001
	MAXIMUM_ITERATIONS_PER_VARIABLE = 5000

Initial parameter values

t2.Orycteropus_afer.nonSynRate = 0.1
t2.Orycteropus_afer.synRate = 0.1
Optimization finished in 6 loop passes.
214 likelihood evaluation calls and 195 matrix exponentiations calls were made

Row and/or column partition is empty. All the data will be used by default.
Model MG94customModel assigned to Elephantulus_edwardii
Model MG94customModel assigned to Orycteropus_afer
One branch tree supplied - hopefully this IS what you meant to do.
Rooted tree. Removing one branch - the left root child has been promoted to be the new root
Partition 0 reversible model flag computed as 1
Auto-benchmarked an optimal number (3) of threads.
Set GUI update interval to every 929-th LF evaluation.
Optimization settings:
	OPTIMIZATION_METHOD = 4
	OPTIMIZATION_PRECISION = 0.001
	MAXIMUM_ITERATIONS_PER_VARIABLE = 5000

Initial parameter values

t2.Orycteropus_afer.nonSynRate = 0.1
t2.Orycteropus_afer.synRate = 0.1
Optimization finished in 9 loop passes.
202 likelihood evaluation calls and 188 matrix exponentiations calls were made
