   SW   perc perc perc  query                              position in query     matching    repeat           position in repeat
score   div. del. ins.  sequence                           begin end    (left)   repeat      class/family   begin  end    (left)  ID

 2532   28.6  1.3  1.1  JAIFWW010000607.1:1725214-1753130   2302  3168 (24748) C CR1-J3_fAlb LINE/CR1          (2)    977    110   1  
   19   25.3  0.0  0.0  JAIFWW010000607.1:1725214-1753130   3420  3471 (24445) + (TTTT)n     Simple_repeat       1     52    (0)   2  
  418   21.8 17.3  0.0  JAIFWW010000607.1:1725214-1753130   4990  5099 (22817) C CR1-J2_fAlb LINE/CR1          (0)    388    260   3  
   16    0.0  0.0  0.0  JAIFWW010000607.1:1725214-1753130   6351  6367 (21549) + (T)n        Simple_repeat       1     17    (0)   4  
 1523   21.9 12.5  0.3  JAIFWW010000607.1:1725214-1753130   7302  7735 (20181) C CR1-E4_fAlb LINE/CR1         (58)    372      2   5  
   16    5.3  0.0  0.0  JAIFWW010000607.1:1725214-1753130  10588 10607 (17309) + (T)n        Simple_repeat       1     20    (0)   6  
 2336   22.2  1.1  0.5  JAIFWW010000607.1:1725214-1753130  10788 11463 (16453) + CR1-E4_fAlb LINE/CR1            1    971    (8)   7  
   24   21.9  3.1  1.5  JAIFWW010000607.1:1725214-1753130  13281 13345 (14571) + (AT)n       Simple_repeat       1     66    (0)   8  
   20    3.4  3.3  0.0  JAIFWW010000607.1:1725214-1753130  13809 13838 (14078) + (AACA)n     Simple_repeat       1     31    (0)   9  
  326    8.3  0.0 20.6  JAIFWW010000607.1:1725214-1753130  14924 14999 (12917) C MIR3        SINE/MIR          (1)    207    145  10 *
 1038   30.1  2.4  2.6  JAIFWW010000607.1:1725214-1753130  14933 15393 (12523) C CR1-J3_fAlb LINE/CR1          (0)    979    520  11  
   15   13.9  0.0  0.0  JAIFWW010000607.1:1725214-1753130  15403 15426 (12490) + (T)n        Simple_repeat       1     24    (0)  12  
 1652   26.5  2.6  0.5  JAIFWW010000607.1:1725214-1753130  15754 16178 (11738) C CR1-J3_fAlb LINE/CR1          (1)    978    545  13  
  715   23.6  2.2  3.3  JAIFWW010000607.1:1725214-1753130  17924 18107  (9809) + CR1-E6_fAlb LINE/CR1           37    218    (0)  14  
  230   23.9  0.0  0.0  JAIFWW010000607.1:1725214-1753130  18091 18136  (9780) C L1MdV_III   LINE/L1        (5825)    682    637  15 *
   19   21.1  3.1  3.1  JAIFWW010000607.1:1725214-1753130  20541 20605  (7311) + A-rich      Low_complexity      1     65    (0)  16  
   19    0.0  0.0  0.0  JAIFWW010000607.1:1725214-1753130  21714 21737  (6179) + (AAAC)n     Simple_repeat       1     24    (0)  17  
  291   32.6  5.9  3.4  JAIFWW010000607.1:1725214-1753130  22225 22427  (5489) + HERVE-int   LTR/ERV1         3395   3602 (4211)  18  
   17   14.9  2.7  0.0  JAIFWW010000607.1:1725214-1753130  24018 24055  (3861) + (AACA)n     Simple_repeat       1     39    (0)  19  
   28    0.0  0.0  0.0  JAIFWW010000607.1:1725214-1753130  24690 24719  (3197) + (A)n        Simple_repeat       1     30    (0)  20  
   11   10.0  5.6  5.6  JAIFWW010000607.1:1725214-1753130  26135 26170  (1746) + (TCTGCAC)n  Simple_repeat       1     36    (0)  21  
  384   13.6  0.0  1.1  JAIFWW010000607.1:1725214-1753130  26541 26615  (1301) C CR1-J3_fAlb LINE/CR1          (0)    979    923  22  
 1295   29.3  0.4  0.9  JAIFWW010000607.1:1725214-1753130  27422 27876    (40) + CR1-J3_fAlb LINE/CR1          218    670  (309)  23  
