
Loaded 'libv3/all-terms.bf' from /usr/local/lib/hyphy/TemplateBatchFiles/libv3/all-terms.bf
Loaded 'libv3/UtilityFunctions.bf' from /usr/local/lib/hyphy/TemplateBatchFiles/libv3/UtilityFunctions.bf
Loaded 'IOFunctions.bf' from /usr/local/lib/hyphy/TemplateBatchFiles/libv3/IOFunctions.bf
Already loaded 'libv3/UtilityFunctions.bf' from /usr/local/lib/hyphy/TemplateBatchFiles/libv3/UtilityFunctions.bf
Loaded 'convenience/regexp.bf' from /usr/local/lib/hyphy/TemplateBatchFiles/libv3/convenience/regexp.bf
Already loaded 'libv3/all-terms.bf' from /usr/local/lib/hyphy/TemplateBatchFiles/libv3/all-terms.bf
Already loaded 'libv3/IOFunctions.bf' from /usr/local/lib/hyphy/TemplateBatchFiles/libv3/IOFunctions.bf
Loaded 'libv3/models/codon/MG_REV.bf' from /usr/local/lib/hyphy/TemplateBatchFiles/libv3/models/codon/MG_REV.bf
Loaded '../codon.bf' from /usr/local/lib/hyphy/TemplateBatchFiles/libv3/models/codon.bf
Loaded '../tasks/genetic_code.bf' from /usr/local/lib/hyphy/TemplateBatchFiles/libv3/tasks/genetic_code.bf
Loaded 'libv3/convenience/matrix.bf' from /usr/local/lib/hyphy/TemplateBatchFiles/libv3/convenience/matrix.bf
Already loaded 'libv3/UtilityFunctions.bf' from /usr/local/lib/hyphy/TemplateBatchFiles/libv3/UtilityFunctions.bf
Already loaded 'libv3/all-terms.bf' from /usr/local/lib/hyphy/TemplateBatchFiles/libv3/all-terms.bf
Already loaded '../UtilityFunctions.bf' from /usr/local/lib/hyphy/TemplateBatchFiles/libv3/UtilityFunctions.bf
Loaded '../DNA.bf' from /usr/local/lib/hyphy/TemplateBatchFiles/libv3/models/DNA.bf
Loaded 'frequencies.bf' from /usr/local/lib/hyphy/TemplateBatchFiles/libv3/models/frequencies.bf
Already loaded '../all-terms.bf' from /usr/local/lib/hyphy/TemplateBatchFiles/libv3/all-terms.bf
Loaded 'parameters.bf' from /usr/local/lib/hyphy/TemplateBatchFiles/libv3/models/parameters.bf
Loaded 'GrabBag' from /usr/local/lib/hyphy/TemplateBatchFiles/Utility/GrabBag.bf
Overwritten previously defined function:'_sortStringsAux'
Already loaded 'libv3/all-terms.bf' from /usr/local/lib/hyphy/TemplateBatchFiles/libv3/all-terms.bf
Already loaded '../UtilityFunctions.bf' from /usr/local/lib/hyphy/TemplateBatchFiles/libv3/UtilityFunctions.bf
Loaded 'model_functions.bf' from /usr/local/lib/hyphy/TemplateBatchFiles/libv3/models/model_functions.bf
Already loaded 'DNA.bf' from /usr/local/lib/hyphy/TemplateBatchFiles/libv3/models/DNA.bf
Already loaded 'parameters.bf' from /usr/local/lib/hyphy/TemplateBatchFiles/libv3/models/parameters.bf
Already loaded 'frequencies.bf' from /usr/local/lib/hyphy/TemplateBatchFiles/libv3/models/frequencies.bf
Already loaded '../UtilityFunctions.bf' from /usr/local/lib/hyphy/TemplateBatchFiles/libv3/UtilityFunctions.bf
Already loaded '../convenience/regexp.bf' from /usr/local/lib/hyphy/TemplateBatchFiles/libv3/convenience/regexp.bf
Already loaded 'libv3/all-terms.bf' from /usr/local/lib/hyphy/TemplateBatchFiles/libv3/all-terms.bf
Already loaded '../parameters.bf' from /usr/local/lib/hyphy/TemplateBatchFiles/libv3/models/parameters.bf
Already loaded '../frequencies.bf' from /usr/local/lib/hyphy/TemplateBatchFiles/libv3/models/frequencies.bf
Already loaded '../../UtilityFunctions.bf' from /usr/local/lib/hyphy/TemplateBatchFiles/libv3/UtilityFunctions.bf
Loaded 'libv3/tasks/estimators.bf' from /usr/local/lib/hyphy/TemplateBatchFiles/libv3/tasks/estimators.bf
Already loaded '../models/model_functions.bf' from /usr/local/lib/hyphy/TemplateBatchFiles/libv3/models/model_functions.bf
Loaded '../models/DNA/GTR.bf' from /usr/local/lib/hyphy/TemplateBatchFiles/libv3/models/DNA/GTR.bf
Already loaded '../DNA.bf' from /usr/local/lib/hyphy/TemplateBatchFiles/libv3/models/DNA.bf
Already loaded '../parameters.bf' from /usr/local/lib/hyphy/TemplateBatchFiles/libv3/models/parameters.bf
Already loaded '../frequencies.bf' from /usr/local/lib/hyphy/TemplateBatchFiles/libv3/models/frequencies.bf
Already loaded '../../UtilityFunctions.bf' from /usr/local/lib/hyphy/TemplateBatchFiles/libv3/UtilityFunctions.bf
Already loaded 'libv3/all-terms.bf' from /usr/local/lib/hyphy/TemplateBatchFiles/libv3/all-terms.bf
Already loaded '../convenience/regexp.bf' from /usr/local/lib/hyphy/TemplateBatchFiles/libv3/convenience/regexp.bf
Already loaded 'libv3/all-terms.bf' from /usr/local/lib/hyphy/TemplateBatchFiles/libv3/all-terms.bf
Loaded 'libv3/tasks/alignments.bf' from /usr/local/lib/hyphy/TemplateBatchFiles/libv3/tasks/alignments.bf
Already loaded '../IOFunctions.bf' from /usr/local/lib/hyphy/TemplateBatchFiles/libv3/IOFunctions.bf
Already loaded '../all-terms.bf' from /usr/local/lib/hyphy/TemplateBatchFiles/libv3/all-terms.bf
Loaded 'libv3/tasks/trees.bf' from /usr/local/lib/hyphy/TemplateBatchFiles/libv3/tasks/trees.bf
Already loaded '../IOFunctions.bf' from /usr/local/lib/hyphy/TemplateBatchFiles/libv3/IOFunctions.bf
Already loaded '../all-terms.bf' from /usr/local/lib/hyphy/TemplateBatchFiles/libv3/all-terms.bf
Already loaded '../convenience/regexp.bf' from /usr/local/lib/hyphy/TemplateBatchFiles/libv3/convenience/regexp.bf
Already loaded '../UtilityFunctions.bf' from /usr/local/lib/hyphy/TemplateBatchFiles/libv3/UtilityFunctions.bf
Loaded 'TreeTools' from /usr/local/lib/hyphy/TemplateBatchFiles/TreeTools.ibf
Loaded 'modules/io_functions.ibf' from /usr/local/lib/hyphy/TemplateBatchFiles/SelectionAnalyses/modules/io_functions.ibf
Already loaded 'libv3/UtilityFunctions.bf' from /usr/local/lib/hyphy/TemplateBatchFiles/libv3/UtilityFunctions.bf
Already loaded 'libv3/IOFunctions.bf' from /usr/local/lib/hyphy/TemplateBatchFiles/libv3/IOFunctions.bf
Already loaded 'libv3/convenience/regexp.bf' from /usr/local/lib/hyphy/TemplateBatchFiles/libv3/convenience/regexp.bf
Already loaded 'libv3/all-terms.bf' from /usr/local/lib/hyphy/TemplateBatchFiles/libv3/all-terms.bf
Loaded 'modules/selection_lib.ibf' from /usr/local/lib/hyphy/TemplateBatchFiles/SelectionAnalyses/modules/selection_lib.ibf
Loaded 'libv3/models/codon/BS_REL.bf' from /usr/local/lib/hyphy/TemplateBatchFiles/libv3/models/codon/BS_REL.bf
Already loaded '../codon.bf' from /usr/local/lib/hyphy/TemplateBatchFiles/libv3/models/codon.bf
Already loaded '../DNA.bf' from /usr/local/lib/hyphy/TemplateBatchFiles/libv3/models/DNA.bf
Already loaded '../parameters.bf' from /usr/local/lib/hyphy/TemplateBatchFiles/libv3/models/parameters.bf
Already loaded '../frequencies.bf' from /usr/local/lib/hyphy/TemplateBatchFiles/libv3/models/frequencies.bf
Already loaded '../../UtilityFunctions.bf' from /usr/local/lib/hyphy/TemplateBatchFiles/libv3/UtilityFunctions.bf
Already loaded 'MG_REV.bf' from /usr/local/lib/hyphy/TemplateBatchFiles/libv3/models/codon/MG_REV.bf
Loaded '../../convenience/math.bf' from /usr/local/lib/hyphy/TemplateBatchFiles/libv3/convenience/math.bf
Already loaded 'libv3/UtilityFunctions.bf' from /usr/local/lib/hyphy/TemplateBatchFiles/libv3/UtilityFunctions.bf
Already loaded 'libv3/convenience/math.bf' from /usr/local/lib/hyphy/TemplateBatchFiles/libv3/convenience/math.bf
Loaded 'libv3/tasks/mpi.bf' from /usr/local/lib/hyphy/TemplateBatchFiles/libv3/tasks/mpi.bf
Already loaded '../all-terms.bf' from /usr/local/lib/hyphy/TemplateBatchFiles/libv3/all-terms.bf
Already loaded '../models/parameters.bf' from /usr/local/lib/hyphy/TemplateBatchFiles/libv3/models/parameters.bf
Variable 'NORMALIZE_SEQUENCE_NAMES' was not initialized prior to being used
Variable 'ASSUME_REVERSIBLE_MODELS' was not initialized prior to being used
Loaded 'modules/shared-load-file.bf' from /usr/local/lib/hyphy/TemplateBatchFiles/SelectionAnalyses/modules/shared-load-file.bf
Variable 'MARKDOWN_OUTPUT' was not initialized prior to being used
Already loaded 'libv3/convenience/matrix.bf' from /usr/local/lib/hyphy/TemplateBatchFiles/libv3/convenience/matrix.bf
Already loaded 'libv3/UtilityFunctions.bf' from /usr/local/lib/hyphy/TemplateBatchFiles/libv3/UtilityFunctions.bf
Variable 'peeCUGab.skipCodeSelectionStep' was not initialized prior to being used
Row and/or column partition is empty. All the data will be used by default.
Variable 'NEXUS_FILE_TREE_MATRIX' was not initialized prior to being used
Variable 'utility.ToggleEnvVariable.cache' was not initialized prior to being used
Variable 'TREE_NODE_NAME_MAPPING' was not initialized prior to being used
Variable 'upWqecT_.PROMPT_FOR_FILE' was not initialized prior to being used
Variable 'END_OF_FILE' was not initialized prior to being used
Variable '_DO_TREE_REBALANCE_' was not initialized prior to being used
Variable '_KEEP_I_LABELS_' was not initialized prior to being used
Variable 'INCLUDE_MODEL_SPECS' was not initialized prior to being used
Variable 'utility.ForEachPair.warn_non_rentrant' was not initialized prior to being used
Row and/or column partition is empty. All the data will be used by default.
Row and/or column partition is empty. All the data will be used by default.
Loaded 'modules/grid_compute.ibf' from /usr/local/lib/hyphy/TemplateBatchFiles/SelectionAnalyses/modules/grid_compute.ibf
Variable 'TjlUJvBN.cache' was not initialized prior to being used
Row and/or column partition is empty. All the data will be used by default.
Variable 'COUNT_GAPS_IN_FREQUENCIES' was not initialized prior to being used
Variable 'EyrRPERT.model_pi' was not initialized prior to being used
Model EyrRPERT.model assigned to Hemiscyllium_ocellatum
Model EyrRPERT.model assigned to Scyliorhinus_canicula
Model EyrRPERT.model assigned to Carcharodon_carcharias
Model EyrRPERT.model assigned to Node3
Model EyrRPERT.model assigned to Node1
Model EyrRPERT.model assigned to Amblyraja_radiata
Model EyrRPERT.model assigned to Latimeria_chalumnae
The tips of the tree:EyrRPERT.tree_0 were matched with the species names from the data in the following numeric order (0-based) {2,4,1,0,3}

Pseudo-optimal path's cost 1757 vs 3403 for 1..k=> a 1.93682 x improvement
Partition 0 is ASSUMED to have a reversible model
Variable 'USE_LAST_RESULTS' was not initialized prior to being used
Variable 'EyrRPERT.tree_0.Hemiscyllium_ocellatum.t' was not initialized prior to being used
models.generic.SetBranchLength: EyrRPERT.tree_0.Hemiscyllium_ocellatum.t=454.404892409457
Variable 'EyrRPERT.tree_0.Scyliorhinus_canicula.t' was not initialized prior to being used
models.generic.SetBranchLength: EyrRPERT.tree_0.Scyliorhinus_canicula.t=454.404892409457
Variable 'EyrRPERT.tree_0.Carcharodon_carcharias.t' was not initialized prior to being used
models.generic.SetBranchLength: EyrRPERT.tree_0.Carcharodon_carcharias.t=454.404892409457
Variable 'EyrRPERT.tree_0.Node3.t' was not initialized prior to being used
models.generic.SetBranchLength: EyrRPERT.tree_0.Node3.t=2.66239086693437e-10
Variable 'EyrRPERT.tree_0.Node1.t' was not initialized prior to being used
models.generic.SetBranchLength: EyrRPERT.tree_0.Node1.t=250.2708759598751
Variable 'EyrRPERT.tree_0.Amblyraja_radiata.t' was not initialized prior to being used
models.generic.SetBranchLength: EyrRPERT.tree_0.Amblyraja_radiata.t=704.6757683160844
Variable 'EyrRPERT.tree_0.Latimeria_chalumnae.t' was not initialized prior to being used
models.generic.SetBranchLength: EyrRPERT.tree_0.Latimeria_chalumnae.t=1815.571973543822
Variable 'EyrRPERT.EyrRPERT.likelihoodFunction' was not initialized prior to being used
Variable 'SAVE_OPT_STATUS_TO' was not initialized prior to being used
Auto-benchmarked an optimal number (1) of threads.
Set GUI update interval to every 3968-th LF evaluation.
Optimization settings:
	OPTIMIZATION_METHOD = 4
	OPTIMIZATION_PRECISION = 0.001
	MAXIMUM_ITERATIONS_PER_VARIABLE = 5000

Initial parameter values

EyrRPERT.model.theta_CT = 1
EyrRPERT.model.theta_GT = 0.25
EyrRPERT.model.theta_CG = 0.25
EyrRPERT.model.theta_AC = 0.25
EyrRPERT.model.theta_AT = 0.25
EyrRPERT.tree_0.Hemiscyllium_ocellatum.t = 454.405
EyrRPERT.tree_0.Scyliorhinus_canicula.t = 454.405
EyrRPERT.tree_0.Carcharodon_carcharias.t = 454.405
EyrRPERT.tree_0.Node3.t = 2.66239e-10
EyrRPERT.tree_0.Node1.t = 250.271
EyrRPERT.tree_0.Amblyraja_radiata.t = 704.676
EyrRPERT.tree_0.Latimeria_chalumnae.t = 1815.57
Internal error in _LikelihoodFunction::ConjugateGradientDescent. The function evaluated at current parameter values [-12340.5] does not match the last recorded LF maximum [-12340.5]
Optimization finished in 5 loop passes.
270 likelihood evaluation calls and 1174 matrix exponentiations calls were made

Variable 'BRANCH_LENGTH_STENCIL' was not initialized prior to being used
Variable 'EyrRPERT.option' was not initialized prior to being used
Variable 'relax.terms.json.nucleotide_gtr' was not initialized prior to being used
Variable 'Unknown' was not initialized prior to being used
Variable 'tvPgbpqI.initial_value' was not initialized prior to being used
Variable 'mjhhqsVp.data_filter' was not initialized prior to being used
Row and/or column partition is empty. All the data will be used by default.
Auto-benchmarked an optimal number (3) of threads.
Set GUI update interval to every 6410-th LF evaluation.
Optimization settings:
	OPTIMIZATION_METHOD = 4
	OPTIMIZATION_PRECISION = 0.001
	MAXIMUM_ITERATIONS_PER_VARIABLE = 5000

Initial parameter values

frequencies._aux.CF3x4.p0_0 = 0.292524
frequencies._aux.CF3x4.p0_1 = 0.274401
frequencies._aux.CF3x4.p0_2 = 0.589258
frequencies._aux.CF3x4.p1_0 = 0.322106
frequencies._aux.CF3x4.p1_1 = 0.310091
frequencies._aux.CF3x4.p1_2 = 0.496906
frequencies._aux.CF3x4.p2_0 = 0.219855
frequencies._aux.CF3x4.p2_1 = 0.369191
frequencies._aux.CF3x4.p2_2 = 0.502287
Optimization finished in 6 loop passes.
160 likelihood evaluation calls and 0 matrix exponentiations calls were made

Variable 'mjhhqsVp.model_MGREV_pi' was not initialized prior to being used
Model mjhhqsVp.model_MGREV assigned to Hemiscyllium_ocellatum
Model mjhhqsVp.model_MGREV assigned to Scyliorhinus_canicula
Model mjhhqsVp.model_MGREV assigned to Carcharodon_carcharias
Model mjhhqsVp.model_MGREV assigned to Node3
Model mjhhqsVp.model_MGREV assigned to Node1
Model mjhhqsVp.model_MGREV assigned to Amblyraja_radiata
Model mjhhqsVp.model_MGREV assigned to Latimeria_chalumnae
The tips of the tree:mjhhqsVp.tree_0 were matched with the species names from the data in the following numeric order (0-based) {2,4,1,0,3}

Pseudo-optimal path's cost 3306 vs 4042 for 1..k=> a 1.22263 x improvement
Partition 0 is ASSUMED to have a reversible model
Variable 'mjhhqsVp.mjhhqsVp.likelihoodFunction' was not initialized prior to being used
Variable 'mjhhqsVp.tree_0.Hemiscyllium_ocellatum.alpha' was not initialized prior to being used
Variable 'mjhhqsVp.tree_0.Scyliorhinus_canicula.alpha' was not initialized prior to being used
Variable 'mjhhqsVp.tree_0.Carcharodon_carcharias.alpha' was not initialized prior to being used
Variable 'mjhhqsVp.tree_0.Node3.alpha' was not initialized prior to being used
Variable 'mjhhqsVp.tree_0.Node1.alpha' was not initialized prior to being used
Variable 'mjhhqsVp.tree_0.Amblyraja_radiata.alpha' was not initialized prior to being used
Variable 'mjhhqsVp.tree_0.Latimeria_chalumnae.alpha' was not initialized prior to being used
Site 10 evaluated to a 0 probability in ComputeTreeBlockByBranch
Site 10 evaluated to a 0 probability in ComputeTreeBlockByBranch
Site 454 evaluated to a 0 probability in ComputeTreeBlockByBranch
Site 10 evaluated to a 0 probability in ComputeTreeBlockByBranch
Site 206 evaluated to a 0 probability in ComputeTreeBlockByBranch
Site 518 evaluated to a 0 probability in ComputeTreeBlockByBranch
Site 10 evaluated to a 0 probability in ComputeTreeBlockByBranch
Site 308 evaluated to a 0 probability in ComputeTreeBlockByBranch
Site 454 evaluated to a 0 probability in ComputeTreeBlockByBranch
Site 537 evaluated to a 0 probability in ComputeTreeBlockByBranch
Site 10 evaluated to a 0 probability in ComputeTreeBlockByBranch
Site 550 evaluated to a 0 probability in ComputeTreeBlockByBranch
Site 497 evaluated to a 0 probability in ComputeTreeBlockByBranch
Site 419 evaluated to a 0 probability in ComputeTreeBlockByBranch
Site 53 evaluated to a 0 probability in ComputeTreeBlockByBranch
Site 10 evaluated to a 0 probability in ComputeTreeBlockByBranch
Site 518 evaluated to a 0 probability in ComputeTreeBlockByBranch
Site 454 evaluated to a 0 probability in ComputeTreeBlockByBranch
Site 458 evaluated to a 0 probability in ComputeTreeBlockByBranch
Site 248 evaluated to a 0 probability in ComputeTreeBlockByBranch
Site 206 evaluated to a 0 probability in ComputeTreeBlockByBranch
Site 10 evaluated to a 0 probability in ComputeTreeBlockByBranch
Site 225 evaluated to a 0 probability in ComputeTreeBlockByBranch
Site 171 evaluated to a 0 probability in ComputeTreeBlockByBranch
Site 218 evaluated to a 0 probability in ComputeTreeBlockByBranch
Site 362 evaluated to a 0 probability in ComputeTreeBlockByBranch
Site 340 evaluated to a 0 probability in ComputeTreeBlockByBranch
Site 529 evaluated to a 0 probability in ComputeTreeBlockByBranch
Auto-benchmarked an optimal number (6) of threads.
Set GUI update interval to every 396-th LF evaluation.
Initial guess for mjhhqsVp.tree_0.Hemiscyllium_ocellatum.alpha is 4.54562e-05
Initial guess for mjhhqsVp.tree_0.Node3.alpha is 2.10422e-05
Initial guess for mjhhqsVp.tree_0.Scyliorhinus_canicula.alpha is 4.50888e-05
Initial guess for mjhhqsVp.tree_0.Carcharodon_carcharias.alpha is 3.87049e-05
Initial guess for mjhhqsVp.tree_0.Amblyraja_radiata.alpha is 9.05378e-05
Initial guess for mjhhqsVp.tree_0.Latimeria_chalumnae.alpha is 0.000110918
Optimization settings:
	OPTIMIZATION_METHOD = 4
	OPTIMIZATION_PRECISION = 0.001
	MAXIMUM_ITERATIONS_PER_VARIABLE = 5000

Initial parameter values

mjhhqsVp.model_MGREV.theta_GT = 1
mjhhqsVp.model_MGREV.theta_CT = 1
mjhhqsVp.model_MGREV.theta_AC = 1
mjhhqsVp.model_MGREV.theta_CG = 1
mjhhqsVp.model_MGREV.theta_AT = 1
mjhhqsVp.model_MGREV.omega_0 = 1
mjhhqsVp.tree_0.Hemiscyllium_ocellatum.alpha = 4.54562e-05
mjhhqsVp.tree_0.Scyliorhinus_canicula.alpha = 4.50888e-05
mjhhqsVp.tree_0.Carcharodon_carcharias.alpha = 3.87049e-05
mjhhqsVp.tree_0.Node3.alpha = 2.10422e-05
mjhhqsVp.tree_0.Node1.alpha = 0.1
mjhhqsVp.tree_0.Amblyraja_radiata.alpha = 9.05378e-05
mjhhqsVp.tree_0.Latimeria_chalumnae.alpha = 0.000110918
mjhhqsVp.model_MGREV.omega_1 = 1
Failing bound checks on mjhhqsVp.tree_0.Scyliorhinus_canicula.beta =         10004.49669732947
Optimization finished in 59 loop passes.
3229 likelihood evaluation calls and 13762 matrix exponentiations calls were made

Row and/or column partition is empty. All the data will be used by default.
Auto-benchmarked an optimal number (3) of threads.
Set GUI update interval to every 6329-th LF evaluation.
Optimization settings:
	OPTIMIZATION_METHOD = 4
	OPTIMIZATION_PRECISION = 0.001
	MAXIMUM_ITERATIONS_PER_VARIABLE = 5000

Initial parameter values

frequencies._aux.CF3x4.p0_0 = 0.292524
frequencies._aux.CF3x4.p0_1 = 0.274401
frequencies._aux.CF3x4.p0_2 = 0.589258
frequencies._aux.CF3x4.p1_0 = 0.322106
frequencies._aux.CF3x4.p1_1 = 0.310091
frequencies._aux.CF3x4.p1_2 = 0.496906
frequencies._aux.CF3x4.p2_0 = 0.219855
frequencies._aux.CF3x4.p2_1 = 0.369191
frequencies._aux.CF3x4.p2_2 = 0.502287
Optimization finished in 6 loop passes.
160 likelihood evaluation calls and 0 matrix exponentiations calls were made

Variable 'mjhhqsVp.model_MGREV_pi' was not initialized prior to being used
Model mjhhqsVp.model_MGREV assigned to Hemiscyllium_ocellatum
Model mjhhqsVp.model_MGREV assigned to Scyliorhinus_canicula
Model mjhhqsVp.model_MGREV assigned to Carcharodon_carcharias
Model mjhhqsVp.model_MGREV assigned to Node3
Model mjhhqsVp.model_MGREV assigned to Node1
Model mjhhqsVp.model_MGREV assigned to Amblyraja_radiata
Model mjhhqsVp.model_MGREV assigned to Latimeria_chalumnae
The tips of the tree:mjhhqsVp.tree_0 were matched with the species names from the data in the following numeric order (0-based) {2,4,1,0,3}

Pseudo-optimal path's cost 3306 vs 4042 for 1..k=> a 1.22263 x improvement
Partition 0 is ASSUMED to have a reversible model
Variable 'mjhhqsVp.tree_0.Node1.alpha' was not initialized prior to being used
Variable 'mjhhqsVp.tree_0.Node3.alpha' was not initialized prior to being used
Variable 'mjhhqsVp.tree_0.Amblyraja_radiata.alpha' was not initialized prior to being used
Variable 'mjhhqsVp.tree_0.Hemiscyllium_ocellatum.alpha' was not initialized prior to being used
Variable 'mjhhqsVp.tree_0.Carcharodon_carcharias.alpha' was not initialized prior to being used
Variable 'mjhhqsVp.tree_0.Scyliorhinus_canicula.alpha' was not initialized prior to being used
Variable 'mjhhqsVp.tree_0.Latimeria_chalumnae.alpha' was not initialized prior to being used
Site 10 evaluated to a 0 probability in ComputeTreeBlockByBranch
Site 10 evaluated to a 0 probability in ComputeTreeBlockByBranch
Site 454 evaluated to a 0 probability in ComputeTreeBlockByBranch
Site 10 evaluated to a 0 probability in ComputeTreeBlockByBranch
Site 206 evaluated to a 0 probability in ComputeTreeBlockByBranch
Site 518 evaluated to a 0 probability in ComputeTreeBlockByBranch
Site 10 evaluated to a 0 probability in ComputeTreeBlockByBranch
Site 537 evaluated to a 0 probability in ComputeTreeBlockByBranch
Site 454 evaluated to a 0 probability in ComputeTreeBlockByBranch
Site 308 evaluated to a 0 probability in ComputeTreeBlockByBranch
Site 10 evaluated to a 0 probability in ComputeTreeBlockByBranch
Site 550 evaluated to a 0 probability in ComputeTreeBlockByBranch
Site 497 evaluated to a 0 probability in ComputeTreeBlockByBranch
Site 419 evaluated to a 0 probability in ComputeTreeBlockByBranch
Site 53 evaluated to a 0 probability in ComputeTreeBlockByBranch
Site 10 evaluated to a 0 probability in ComputeTreeBlockByBranch
Site 454 evaluated to a 0 probability in ComputeTreeBlockByBranch
Site 458 evaluated to a 0 probability in ComputeTreeBlockByBranch
Site 518 evaluated to a 0 probability in ComputeTreeBlockByBranch
Site 248 evaluated to a 0 probability in ComputeTreeBlockByBranch
Site 206 evaluated to a 0 probability in ComputeTreeBlockByBranch
Site 10 evaluated to a 0 probability in ComputeTreeBlockByBranch
Site 218 evaluated to a 0 probability in ComputeTreeBlockByBranch
Site 529 evaluated to a 0 probability in ComputeTreeBlockByBranch
Site 171 evaluated to a 0 probability in ComputeTreeBlockByBranch
Site 340 evaluated to a 0 probability in ComputeTreeBlockByBranch
Site 362 evaluated to a 0 probability in ComputeTreeBlockByBranch
Site 225 evaluated to a 0 probability in ComputeTreeBlockByBranch
Auto-benchmarked an optimal number (6) of threads.
Set GUI update interval to every 397-th LF evaluation.
Initial guess for mjhhqsVp.tree_0.Hemiscyllium_ocellatum.alpha is 4.54562e-05
Initial guess for mjhhqsVp.tree_0.Node3.alpha is 2.10422e-05
Initial guess for mjhhqsVp.tree_0.Scyliorhinus_canicula.alpha is 4.50888e-05
Initial guess for mjhhqsVp.tree_0.Carcharodon_carcharias.alpha is 3.87049e-05
Initial guess for mjhhqsVp.tree_0.Amblyraja_radiata.alpha is 9.05378e-05
Initial guess for mjhhqsVp.tree_0.Latimeria_chalumnae.alpha is 0.000110918
Optimization settings:
	OPTIMIZATION_METHOD = 4
	OPTIMIZATION_PRECISION = 0.001
	MAXIMUM_ITERATIONS_PER_VARIABLE = 5000

Initial parameter values

mjhhqsVp.model_MGREV.theta_CG = 1
mjhhqsVp.model_MGREV.theta_AT = 1
mjhhqsVp.model_MGREV.theta_AC = 1
mjhhqsVp.model_MGREV.theta_CT = 1
mjhhqsVp.model_MGREV.theta_GT = 1
mjhhqsVp.model_MGREV.omega_0 = 1
mjhhqsVp.tree_0.Hemiscyllium_ocellatum.alpha = 4.54562e-05
mjhhqsVp.tree_0.Scyliorhinus_canicula.alpha = 4.50888e-05
mjhhqsVp.tree_0.Carcharodon_carcharias.alpha = 3.87049e-05
mjhhqsVp.tree_0.Node3.alpha = 2.10422e-05
mjhhqsVp.tree_0.Node1.alpha = 0.1
mjhhqsVp.tree_0.Amblyraja_radiata.alpha = 9.05378e-05
mjhhqsVp.tree_0.Latimeria_chalumnae.alpha = 0.000110918
mjhhqsVp.model_MGREV.omega_1 = 1
Failing bound checks on mjhhqsVp.tree_0.Scyliorhinus_canicula.beta =         10004.49669732947
Optimization finished in 45 loop passes.
2734 likelihood evaluation calls and 11207 matrix exponentiations calls were made

Overwritten previously defined function:'qouMGczJ.rate_generator'
Overwritten previously defined function:'qouMGczJ.rate_generator'
Auto-benchmarked an optimal number (2) of threads.
Set GUI update interval to every 6756-th LF evaluation.
Optimization settings:
	OPTIMIZATION_METHOD = 4
	OPTIMIZATION_PRECISION = 0.001
	MAXIMUM_ITERATIONS_PER_VARIABLE = 5000

Initial parameter values

frequencies._aux.CF3x4.p0_0 = 0.292524
frequencies._aux.CF3x4.p0_1 = 0.274401
frequencies._aux.CF3x4.p0_2 = 0.589258
frequencies._aux.CF3x4.p1_0 = 0.322106
frequencies._aux.CF3x4.p1_1 = 0.310091
frequencies._aux.CF3x4.p1_2 = 0.496906
frequencies._aux.CF3x4.p2_0 = 0.219855
frequencies._aux.CF3x4.p2_1 = 0.369191
frequencies._aux.CF3x4.p2_2 = 0.502287
Optimization finished in 6 loop passes.
159 likelihood evaluation calls and 0 matrix exponentiations calls were made

Variable 'relax.test_pi' was not initialized prior to being used
Overwritten previously defined function:'qouMGczJ.rate_generator'
Overwritten previously defined function:'qouMGczJ.rate_generator'
Overwritten previously defined function:'qouMGczJ.rate_generator'
Auto-benchmarked an optimal number (3) of threads.
Set GUI update interval to every 6250-th LF evaluation.
Optimization settings:
	OPTIMIZATION_METHOD = 4
	OPTIMIZATION_PRECISION = 0.001
	MAXIMUM_ITERATIONS_PER_VARIABLE = 5000

Initial parameter values

frequencies._aux.CF3x4.p0_0 = 0.292524
frequencies._aux.CF3x4.p0_1 = 0.274401
frequencies._aux.CF3x4.p0_2 = 0.589258
frequencies._aux.CF3x4.p1_0 = 0.322106
frequencies._aux.CF3x4.p1_1 = 0.310091
frequencies._aux.CF3x4.p1_2 = 0.496906
frequencies._aux.CF3x4.p2_0 = 0.219855
frequencies._aux.CF3x4.p2_1 = 0.369191
frequencies._aux.CF3x4.p2_2 = 0.502287
Optimization finished in 6 loop passes.
160 likelihood evaluation calls and 0 matrix exponentiations calls were made

Variable 'relax.reference_pi' was not initialized prior to being used
No nodel was assigned to Hemiscyllium_ocellatum
No nodel was assigned to Scyliorhinus_canicula
No nodel was assigned to Carcharodon_carcharias
No nodel was assigned to Node3
No nodel was assigned to Node1
No nodel was assigned to Amblyraja_radiata
No nodel was assigned to Latimeria_chalumnae
The tips of the tree:MjabEpww.tree_id_0 were matched with the species names from the data in the following numeric order (0-based) {2,4,1,0,3}

Pseudo-optimal path's cost 3306 vs 4042 for 1..k=> a 1.22263 x improvement
Partition 0 is ASSUMED to have a reversible model
relax.reference.theta_AC was already constrained in estimators.SetGlobals2
relax.reference.theta_AG was already constrained in estimators.SetGlobals2
relax.reference.theta_AT was already constrained in estimators.SetGlobals2
relax.reference.theta_CG was already constrained in estimators.SetGlobals2
relax.reference.theta_CT was already constrained in estimators.SetGlobals2
relax.reference.theta_GT was already constrained in estimators.SetGlobals2
relax.test.theta_AG was already constrained in estimators.SetGlobals2
Variable 'MjabEpww.tree_id_0.Hemiscyllium_ocellatum.t' was not initialized prior to being used
models.generic.SetBranchLength: MjabEpww.tree_id_0.Hemiscyllium_ocellatum.t=1.366599940704835
Variable 'MjabEpww.tree_id_0.Scyliorhinus_canicula.t' was not initialized prior to being used
models.generic.SetBranchLength: MjabEpww.tree_id_0.Scyliorhinus_canicula.t=0.6437615324528745
Variable 'MjabEpww.tree_id_0.Carcharodon_carcharias.t' was not initialized prior to being used
models.generic.SetBranchLength: MjabEpww.tree_id_0.Carcharodon_carcharias.t=1.231944917968743
Variable 'MjabEpww.tree_id_0.Node3.t' was not initialized prior to being used
models.generic.SetBranchLength: MjabEpww.tree_id_0.Node3.t=0.5644828962498584
Variable 'MjabEpww.tree_id_0.Node1.t' was not initialized prior to being used
models.generic.SetBranchLength: MjabEpww.tree_id_0.Node1.t=1.27861938338594
Variable 'MjabEpww.tree_id_0.Amblyraja_radiata.t' was not initialized prior to being used
models.generic.SetBranchLength: MjabEpww.tree_id_0.Amblyraja_radiata.t=3.937602969887446
Variable 'MjabEpww.tree_id_0.Latimeria_chalumnae.t' was not initialized prior to being used
models.generic.SetBranchLength: MjabEpww.tree_id_0.Latimeria_chalumnae.t=4.987771643035511
Variable 'MjabEpww.MjabEpww.likelihoodFunction' was not initialized prior to being used
Auto-benchmarked an optimal number (4) of threads.
Set GUI update interval to every 49-th LF evaluation.
Optimization settings:
	OPTIMIZATION_METHOD = 4
	OPTIMIZATION_PRECISION = 0.001
	MAXIMUM_ITERATIONS_PER_VARIABLE = 5000

Initial parameter values

relax.reference.omega2 = 0.4601
relax.reference.omega3 = 7.27482
relax.reference.bsrel_mixture_aux_1 = 0.818182
relax.reference.bsrel_mixture_aux_0 = 0.45
relax.reference.omega1 = 0.145496
relax.test.theta_AC = 0.818291
relax.test.theta_GT = 0.231765
relax.test.theta_AT = 0.469761
relax.test.theta_CG = 0.708112
relax.test.theta_CT = 0.883474
relax.K = 1
MjabEpww.tree_id_0.Hemiscyllium_ocellatum.t = 1.3666
MjabEpww.tree_id_0.Scyliorhinus_canicula.t = 0.643762
MjabEpww.tree_id_0.Carcharodon_carcharias.t = 1.23194
MjabEpww.tree_id_0.Node3.t = 0.564483
MjabEpww.tree_id_0.Node1.t = 1.27862
MjabEpww.tree_id_0.Amblyraja_radiata.t = 3.9376
MjabEpww.tree_id_0.Latimeria_chalumnae.t = 4.98777
Optimization finished in 114 loop passes.
7195 likelihood evaluation calls and 116475 matrix exponentiations calls were made

Variable 'MPI_NODE_COUNT' was not initialized prior to being used
No nodel was assigned to Hemiscyllium_ocellatum
No nodel was assigned to Scyliorhinus_canicula
No nodel was assigned to Carcharodon_carcharias
No nodel was assigned to Node3
No nodel was assigned to Node1
No nodel was assigned to Amblyraja_radiata
No nodel was assigned to Latimeria_chalumnae
Likelihood function cleared because partition index '0' points to invalid components
The tips of the tree:MjabEpww.tree_id_0 were matched with the species names from the data in the following numeric order (0-based) {2,4,1,0,3}

Pseudo-optimal path's cost 3306 vs 4042 for 1..k=> a 1.22263 x improvement
Partition 0 is ASSUMED to have a reversible model
relax.reference.theta_AC was already constrained in estimators.SetGlobals2
relax.reference.theta_AG was already constrained in estimators.SetGlobals2
relax.reference.theta_AT was already constrained in estimators.SetGlobals2
relax.reference.theta_CG was already constrained in estimators.SetGlobals2
relax.reference.theta_CT was already constrained in estimators.SetGlobals2
relax.reference.theta_GT was already constrained in estimators.SetGlobals2
relax.test.bsrel_mixture_aux_0 was already constrained in estimators.SetGlobals2
relax.test.bsrel_mixture_aux_1 was already constrained in estimators.SetGlobals2
relax.test.theta_AG was already constrained in estimators.SetGlobals2
relax.test.omega1 was already constrained in estimators.SetGlobals2
relax.test.omega2 was already constrained in estimators.SetGlobals2
relax.test.omega3 was already constrained in estimators.SetGlobals2
Variable 'MjabEpww.tree_id_0.Hemiscyllium_ocellatum.t' was not initialized prior to being used
models.generic.SetBranchLength: MjabEpww.tree_id_0.Hemiscyllium_ocellatum.t=2.753885693491446
Variable 'MjabEpww.tree_id_0.Scyliorhinus_canicula.t' was not initialized prior to being used
models.generic.SetBranchLength: MjabEpww.tree_id_0.Scyliorhinus_canicula.t=1.677790028233748
Variable 'MjabEpww.tree_id_0.Carcharodon_carcharias.t' was not initialized prior to being used
models.generic.SetBranchLength: MjabEpww.tree_id_0.Carcharodon_carcharias.t=1.451672746841455
Variable 'MjabEpww.tree_id_0.Node3.t' was not initialized prior to being used
models.generic.SetBranchLength: MjabEpww.tree_id_0.Node3.t=0.306558707881116
Variable 'MjabEpww.tree_id_0.Node1.t' was not initialized prior to being used
models.generic.SetBranchLength: MjabEpww.tree_id_0.Node1.t=1.478162196575358
Variable 'MjabEpww.tree_id_0.Amblyraja_radiata.t' was not initialized prior to being used
models.generic.SetBranchLength: MjabEpww.tree_id_0.Amblyraja_radiata.t=8.472738269019818
Variable 'MjabEpww.tree_id_0.Latimeria_chalumnae.t' was not initialized prior to being used
models.generic.SetBranchLength: MjabEpww.tree_id_0.Latimeria_chalumnae.t=14.18668454972386
Auto-benchmarked an optimal number (3) of threads.
Set GUI update interval to every 40-th LF evaluation.
Optimization settings:
	OPTIMIZATION_METHOD = 4
	OPTIMIZATION_PRECISION = 0.001
	MAXIMUM_ITERATIONS_PER_VARIABLE = 5000

Initial parameter values

relax.reference.omega2 = 0.794925
relax.reference.omega3 = 16.4263
relax.reference.bsrel_mixture_aux_1 = 0.878333
relax.reference.bsrel_mixture_aux_0 = 0.634792
relax.reference.omega1 = 0.0585262
relax.test.theta_AC = 0.656634
relax.test.theta_GT = 0.168734
relax.test.theta_AT = 0.352422
relax.test.theta_CG = 0.590583
relax.test.theta_CT = 0.824942
relax.K = 1
MjabEpww.tree_id_0.Hemiscyllium_ocellatum.t = 2.75389
MjabEpww.tree_id_0.Scyliorhinus_canicula.t = 1.67779
MjabEpww.tree_id_0.Carcharodon_carcharias.t = 1.45167
MjabEpww.tree_id_0.Node3.t = 0.306559
MjabEpww.tree_id_0.Node1.t = 1.47816
MjabEpww.tree_id_0.Amblyraja_radiata.t = 8.47274
MjabEpww.tree_id_0.Latimeria_chalumnae.t = 14.1867
Optimization finished in 27 loop passes.
2182 likelihood evaluation calls and 32526 matrix exponentiations calls were made

Variable 'kjqUVKl_.MjabEpww.likelihoodFunction' was not initialized prior to being used
Auto-benchmarked an optimal number (6) of threads.
Set GUI update interval to every 58-th LF evaluation.
Optimization settings:
	OPTIMIZATION_METHOD = 4
	OPTIMIZATION_PRECISION = 0.001
	MAXIMUM_ITERATIONS_PER_VARIABLE = 5000

Initial parameter values

relax.reference.omega3 = 223.135
relax.reference.omega2 = 1
relax.test.theta_AC = 0.650093
relax.reference.bsrel_mixture_aux_1 = 0.922106
relax.reference.bsrel_mixture_aux_0 = 0.658847
relax.reference.omega1 = 0.0647175
relax.test.theta_GT = 0.140018
relax.test.theta_AT = 0.361087
relax.test.theta_CG = 0.600883
relax.test.theta_CT = 0.805594
MjabEpww.tree_id_0.Hemiscyllium_ocellatum.t = 0.787881
MjabEpww.tree_id_0.Scyliorhinus_canicula.t = 0.731771
MjabEpww.tree_id_0.Carcharodon_carcharias.t = 0.474068
MjabEpww.tree_id_0.Node3.t = 0.212645
MjabEpww.tree_id_0.Node1.t = 0.447088
MjabEpww.tree_id_0.Amblyraja_radiata.t = 2.7818
MjabEpww.tree_id_0.Latimeria_chalumnae.t = 4.74825
Optimization finished in 3 loop passes.
247 likelihood evaluation calls and 4173 matrix exponentiations calls were made

CChi2(x,n) only makes sense for both arguments positive
Variable 'USE_JSON_FOR_MATRIX' was not initialized prior to being used