   SW   perc perc perc  query                             position in query     matching     repeat           position in repeat
score   div. del. ins.  sequence                          begin end    (left)   repeat       class/family   begin  end    (left)  ID

  257   26.4 17.3  0.0  MOXI01007018.1:14323300-14364500   3946  4055 (37146) C CR1-J2_fAlb  LINE/CR1          (0)    388    260   1  
   28    3.0  0.0  2.9  MOXI01007018.1:14323300-14364500   5319  5354 (35847) + (TTGTT)n     Simple_repeat       1     35    (0)   2  
 1523   23.9  7.9  0.2  MOXI01007018.1:14323300-14364500   6274  6715 (34486) C CR1-E4_fAlb  LINE/CR1         (58)    372      3   3  
   18   12.6  0.0  0.0  MOXI01007018.1:14323300-14364500   9336  9362 (31839) + (A)n         Simple_repeat       1     27    (0)   4  
   13   15.2  0.0  3.3  MOXI01007018.1:14323300-14364500   9421  9451 (31750) + A-rich       Low_complexity      1     30    (0)   5  
 1968   23.4  2.4  2.9  MOXI01007018.1:14323300-14364500   9668 10344 (30857) + CR1-E4_fAlb  LINE/CR1            1   1055    (8)   6  
   28   24.1  0.0  2.6  MOXI01007018.1:14323300-14364500  12091 12168 (29033) + (TAT)n       Simple_repeat       1     76    (0)   7  
  920   24.6  6.2  3.9  MOXI01007018.1:14323300-14364500  13725 14176 (27025) C CR1-E4_fAlb  LINE/CR1          (0)    430      7   8  
 1640   25.8  1.6  2.5  MOXI01007018.1:14323300-14364500  14532 14969 (26232) C CR1-J3_fAlb  LINE/CR1          (1)    978    545   9  
 2146   22.7  0.8  0.6  MOXI01007018.1:14323300-14364500  16319 16867 (24334) + CR1-E4_fAlb  LINE/CR1            1    979    (0)  10  
 1280   26.4  1.1  1.7  MOXI01007018.1:14323300-14364500  16867 17224 (23977) + CR1-E4_fAlb  LINE/CR1           56    411   (19)  11 *
   42    4.3  0.0  0.0  MOXI01007018.1:14323300-14364500  17232 17279 (23922) + (TCTATGAT)n  Simple_repeat       1     48    (0)  12  
   17   20.1  0.0  0.0  MOXI01007018.1:14323300-14364500  19025 19058 (22143) + A-rich       Low_complexity      1     34    (0)  13  
   23   10.0  0.0  0.0  MOXI01007018.1:14323300-14364500  20842 20874 (20327) + (A)n         Simple_repeat       1     33    (0)  14  
   32    2.7  0.0  2.6  MOXI01007018.1:14323300-14364500  21612 21651 (19550) + (TGTAGAGCC)n Simple_repeat       1     39    (0)  15  
  309    9.8  0.0  2.0  MOXI01007018.1:14323300-14364500  22539 22590 (18611) + CR1-J3_fAlb  LINE/CR1          335    385  (594)  16  
  328   17.4  1.6  2.6  MOXI01007018.1:14323300-14364500  22696 22782 (18419) + CR1-3_Croc   LINE/CR1         3529   3605    (0)  17  
  824   23.5  5.6  3.1  MOXI01007018.1:14323300-14364500  22807 23056 (18145) + CR1-J3_fAlb  LINE/CR1          724    979    (0)  18  
   19   15.1  0.0  0.0  MOXI01007018.1:14323300-14364500  23676 23712 (17489) + A-rich       Low_complexity      1     37    (0)  19  
   18    0.0  0.0  0.0  MOXI01007018.1:14323300-14364500  24425 24444 (16757) + (A)n         Simple_repeat       1     20    (0)  20  
  349   16.4  0.0  1.4  MOXI01007018.1:14323300-14364500  26278 26351 (14850) C CR1-J3_fAlb  LINE/CR1          (1)    978    906  21  
   16   13.2  0.0  0.0  MOXI01007018.1:14323300-14364500  26917 26941 (14260) + (A)n         Simple_repeat       1     25    (0)  22  
 1407   30.6  3.1  3.9  MOXI01007018.1:14323300-14364500  27186 27834 (13367) + CR1-J3_fAlb  LINE/CR1          218    861  (118)  23  
 1359   33.4  3.1  3.5  MOXI01007018.1:14323300-14364500  28887 30046 (11155) + CR1-3_Croc   LINE/CR1          247   1402 (2203)  24  
  287   14.4 10.6  1.5  MOXI01007018.1:14323300-14364500  30151 30227 (10974) + CR1-3_Croc   LINE/CR1         3529   3602    (3)  25  
  258   18.2  0.0  1.8  MOXI01007018.1:14323300-14364500  30278 30333 (10868) + CR1-J3_fAlb  LINE/CR1          923    977    (2)  26  
   36    2.0  3.9  0.0  MOXI01007018.1:14323300-14364500  30733 30783 (10418) + (AAATAAA)n   Simple_repeat       1     53    (0)  27  
   14   17.5  0.0  0.0  MOXI01007018.1:14323300-14364500  31269 31300  (9901) + (CTCTTC)n    Simple_repeat       1     32    (0)  28  
   22    0.0  0.0  0.0  MOXI01007018.1:14323300-14364500  35385 35408  (5793) + (A)n         Simple_repeat       1     24    (0)  29  
  226   17.4  0.0  2.2  MOXI01007018.1:14323300-14364500  38296 38342  (2859) C CR1-3_Croc   LINE/CR1          (0)   3605   3560  30  
   19    0.0  3.7  0.0  MOXI01007018.1:14323300-14364500  39483 39509  (1692) + (CAAA)n      Simple_repeat       1     28    (0)  31  
   15   20.7  0.0  2.9  MOXI01007018.1:14323300-14364500  39657 39691  (1510) + (TG)n        Simple_repeat       1     34    (0)  32  
