
Loaded 'libv3/convenience/matrix.bf' from /usr/local/lib/hyphy/TemplateBatchFiles/libv3/convenience/matrix.bf
Loaded 'libv3/UtilityFunctions.bf' from /usr/local/lib/hyphy/TemplateBatchFiles/libv3/UtilityFunctions.bf
Loaded 'IOFunctions.bf' from /usr/local/lib/hyphy/TemplateBatchFiles/libv3/IOFunctions.bf
Already loaded 'libv3/UtilityFunctions.bf' from /usr/local/lib/hyphy/TemplateBatchFiles/libv3/UtilityFunctions.bf
Loaded 'convenience/regexp.bf' from /usr/local/lib/hyphy/TemplateBatchFiles/libv3/convenience/regexp.bf
Loaded 'libv3/all-terms.bf' from /usr/local/lib/hyphy/TemplateBatchFiles/libv3/all-terms.bf
Variable 'skipCodeSelectionStep' was not initialized prior to being used
Row and/or column partition is empty. All the data will be used by default.
Overwritten previously defined function:'GaussLaguerreQuardature'
Overwritten previously defined function:'GammaQuadWeight'
Variable 'SKIP_HARVEST_FREQ' was not initialized prior to being used
Variable '_WRAP_PASSTHROUGH_FLAG_' was not initialized prior to being used
Variable 'END_OF_FILE' was not initialized prior to being used
Variable '_DO_TREE_REBALANCE_' was not initialized prior to being used
Variable '_KEEP_I_LABELS_' was not initialized prior to being used
Model MG94customModel assigned to Sylvilagus_bachmani
Sylvilagus_bachmani has 2 parameters - branch length not assigned
Model MG94customModel assigned to Oryctolagus_cuniculus
Oryctolagus_cuniculus has 2 parameters - branch length not assigned
Model MG94customModel assigned to Node1
Node1 has 2 parameters - branch length not assigned
Model MG94customModel assigned to Lepus_timidus
Lepus_timidus has 2 parameters - branch length not assigned
Model MG94customModel assigned to Lepus_americanus
Lepus_americanus has 2 parameters - branch length not assigned
Model MG94customModel assigned to Node4
Node4 has 2 parameters - branch length not assigned
Model MG94customModel assigned to Ochotona_curzoniae
Ochotona_curzoniae has 2 parameters - branch length not assigned
Model MG94customModel assigned to Ochotona_princeps
Ochotona_princeps has 2 parameters - branch length not assigned
Model MG94customModel assigned to Node7
Node7 has 2 parameters - branch length not assigned
The tips of the tree:givenTree were matched with the species names from the data in the following numeric order (0-based) {5,2,4,3,1,0}

Pseudo-optimal path's cost 1906 vs 2656 for 1..k=> a 1.39349 x improvement
Partition 0 reversible model flag computed as 1
Variable 'theLnLik' was not initialized prior to being used
Variable 'SAVE_OPT_STATUS_TO' was not initialized prior to being used
Variable 'givenTree.Sylvilagus_bachmani.nonSynRate' was not initialized prior to being used
Variable 'givenTree.Sylvilagus_bachmani.synRate' was not initialized prior to being used
Variable 'givenTree.Oryctolagus_cuniculus.nonSynRate' was not initialized prior to being used
Variable 'givenTree.Oryctolagus_cuniculus.synRate' was not initialized prior to being used
Variable 'givenTree.Lepus_timidus.nonSynRate' was not initialized prior to being used
Variable 'givenTree.Lepus_timidus.synRate' was not initialized prior to being used
Variable 'givenTree.Lepus_americanus.nonSynRate' was not initialized prior to being used
Variable 'givenTree.Lepus_americanus.synRate' was not initialized prior to being used
Variable 'givenTree.Ochotona_curzoniae.nonSynRate' was not initialized prior to being used
Variable 'givenTree.Ochotona_curzoniae.synRate' was not initialized prior to being used
Variable 'givenTree.Ochotona_princeps.nonSynRate' was not initialized prior to being used
Variable 'givenTree.Ochotona_princeps.synRate' was not initialized prior to being used
Variable 'givenTree.Node1.nonSynRate' was not initialized prior to being used
Variable 'givenTree.Node1.synRate' was not initialized prior to being used
Variable 'givenTree.Node4.nonSynRate' was not initialized prior to being used
Variable 'givenTree.Node4.synRate' was not initialized prior to being used
Variable 'givenTree.Node7.nonSynRate' was not initialized prior to being used
Variable 'givenTree.Node7.synRate' was not initialized prior to being used
Site 100 evaluated to a 0 probability in ComputeTreeBlockByBranch
Site 100 evaluated to a 0 probability in ComputeTreeBlockByBranch
Site 63 evaluated to a 0 probability in ComputeTreeBlockByBranch
Site 100 evaluated to a 0 probability in ComputeTreeBlockByBranch
Site 52 evaluated to a 0 probability in ComputeTreeBlockByBranch
Site 257 evaluated to a 0 probability in ComputeTreeBlockByBranch
Site 100 evaluated to a 0 probability in ComputeTreeBlockByBranch
Site 190 evaluated to a 0 probability in ComputeTreeBlockByBranch
Site 96 evaluated to a 0 probability in ComputeTreeBlockByBranch
Site 63 evaluated to a 0 probability in ComputeTreeBlockByBranch
Site 100 evaluated to a 0 probability in ComputeTreeBlockByBranch
Site 155 evaluated to a 0 probability in ComputeTreeBlockByBranch
Site 29 evaluated to a 0 probability in ComputeTreeBlockByBranch
Site 53 evaluated to a 0 probability in ComputeTreeBlockByBranch
Site 243 evaluated to a 0 probability in ComputeTreeBlockByBranch
Site 100 evaluated to a 0 probability in ComputeTreeBlockByBranch
Site 297 evaluated to a 0 probability in ComputeTreeBlockByBranch
Site 63 evaluated to a 0 probability in ComputeTreeBlockByBranch
Site 257 evaluated to a 0 probability in ComputeTreeBlockByBranch
Site 52 evaluated to a 0 probability in ComputeTreeBlockByBranch
Site 271 evaluated to a 0 probability in ComputeTreeBlockByBranch
Site 100 evaluated to a 0 probability in ComputeTreeBlockByBranch
Site 62 evaluated to a 0 probability in ComputeTreeBlockByBranch
Site 214 evaluated to a 0 probability in ComputeTreeBlockByBranch
Site 157 evaluated to a 0 probability in ComputeTreeBlockByBranch
Site 54 evaluated to a 0 probability in ComputeTreeBlockByBranch
Site 66 evaluated to a 0 probability in ComputeTreeBlockByBranch
Site 138 evaluated to a 0 probability in ComputeTreeBlockByBranch
Site 100 evaluated to a 0 probability in ComputeTreeBlockByBranch
Site 279 evaluated to a 0 probability in ComputeTreeBlockByBranch
Site 238 evaluated to a 0 probability in ComputeTreeBlockByBranch
Site 101 evaluated to a 0 probability in ComputeTreeBlockByBranch
Site 96 evaluated to a 0 probability in ComputeTreeBlockByBranch
Site 202 evaluated to a 0 probability in ComputeTreeBlockByBranch
Site 288 evaluated to a 0 probability in ComputeTreeBlockByBranch
Site 92 evaluated to a 0 probability in ComputeTreeBlockByBranch
Site 100 evaluated to a 0 probability in ComputeTreeBlockByBranch
Site 296 evaluated to a 0 probability in ComputeTreeBlockByBranch
Site 195 evaluated to a 0 probability in ComputeTreeBlockByBranch
Site 134 evaluated to a 0 probability in ComputeTreeBlockByBranch
Site 8 evaluated to a 0 probability in ComputeTreeBlockByBranch
Site 37 evaluated to a 0 probability in ComputeTreeBlockByBranch
Site 281 evaluated to a 0 probability in ComputeTreeBlockByBranch
Site 184 evaluated to a 0 probability in ComputeTreeBlockByBranch
Site 242 evaluated to a 0 probability in ComputeTreeBlockByBranch
Site 100 evaluated to a 0 probability in ComputeTreeBlockByBranch
Site 193 evaluated to a 0 probability in ComputeTreeBlockByBranch
Site 63 evaluated to a 0 probability in ComputeTreeBlockByBranch
Site 227 evaluated to a 0 probability in ComputeTreeBlockByBranch
Site 155 evaluated to a 0 probability in ComputeTreeBlockByBranch
Site 243 evaluated to a 0 probability in ComputeTreeBlockByBranch
Site 240 evaluated to a 0 probability in ComputeTreeBlockByBranch
Site 270 evaluated to a 0 probability in ComputeTreeBlockByBranch
Site 53 evaluated to a 0 probability in ComputeTreeBlockByBranch
Site 29 evaluated to a 0 probability in ComputeTreeBlockByBranch
Auto-benchmarked an optimal number (9) of threads.
Set GUI update interval to every 455-th LF evaluation.
Initial guess for givenTree.Sylvilagus_bachmani.nonSynRate is 0.00812443
Initial guess for givenTree.Sylvilagus_bachmani.synRate is 0.0060421
Initial guess for givenTree.Oryctolagus_cuniculus.nonSynRate is 0.0128081
Initial guess for givenTree.Oryctolagus_cuniculus.synRate is 0.00179943
Initial guess for givenTree.Node4.nonSynRate is 0.00408208
Initial guess for givenTree.Node4.synRate is -0.00141166
Initial guess for givenTree.Lepus_timidus.nonSynRate is 0.0034184
Initial guess for givenTree.Lepus_timidus.synRate is 0.00251413
Initial guess for givenTree.Lepus_americanus.nonSynRate is 0.00444112
Initial guess for givenTree.Lepus_americanus.synRate is -0.000114548
Initial guess for givenTree.Node7.nonSynRate is 0.0119271
Initial guess for givenTree.Node7.synRate is 0.00201522
Initial guess for givenTree.Ochotona_curzoniae.nonSynRate is 0.01203
Initial guess for givenTree.Ochotona_curzoniae.synRate is 0.00777236
Initial guess for givenTree.Ochotona_princeps.nonSynRate is 0.0128344
Initial guess for givenTree.Ochotona_princeps.synRate is 0.00741941
Optimization settings:
	OPTIMIZATION_METHOD = 4
	OPTIMIZATION_PRECISION = 0.001
	MAXIMUM_ITERATIONS_PER_VARIABLE = 5000

Initial parameter values

CT = 1
GT = 1
CG = 1
AC = 1
AT = 1
givenTree.Sylvilagus_bachmani.synRate = 0.0060421
givenTree.Sylvilagus_bachmani.nonSynRate = 0.00812443
givenTree.Oryctolagus_cuniculus.synRate = 0.00179943
givenTree.Oryctolagus_cuniculus.nonSynRate = 0.0128081
givenTree.Node1.synRate = 0.1
givenTree.Node1.nonSynRate = 0.1
givenTree.Lepus_timidus.synRate = 0.00251413
givenTree.Lepus_timidus.nonSynRate = 0.0034184
givenTree.Lepus_americanus.synRate = 0
givenTree.Lepus_americanus.nonSynRate = 0.00444112
givenTree.Node4.synRate = 0
givenTree.Node4.nonSynRate = 0.00408208
givenTree.Ochotona_curzoniae.synRate = 0.00777236
givenTree.Ochotona_curzoniae.nonSynRate = 0.01203
givenTree.Ochotona_princeps.synRate = 0.00741941
givenTree.Ochotona_princeps.nonSynRate = 0.0128344
givenTree.Node7.synRate = 0.00201522
givenTree.Node7.nonSynRate = 0.0119271
Optimization finished in 21 loop passes.
1959 likelihood evaluation calls and 6909 matrix exponentiations calls were made

Variable 'lastDepth' was not initialized prior to being used
No nodel was assigned to Sylvilagus_bachmani
Sylvilagus_bachmani has 0 parameters - branch length not assigned
No nodel was assigned to Oryctolagus_cuniculus
Oryctolagus_cuniculus has 0 parameters - branch length not assigned
No nodel was assigned to Node1
Node1 has 0 parameters - branch length not assigned
No nodel was assigned to Lepus_timidus
Lepus_timidus has 0 parameters - branch length not assigned
No nodel was assigned to Lepus_americanus
Lepus_americanus has 0 parameters - branch length not assigned
No nodel was assigned to Node4
Node4 has 0 parameters - branch length not assigned
No nodel was assigned to Ochotona_curzoniae
Ochotona_curzoniae has 0 parameters - branch length not assigned
No nodel was assigned to Ochotona_princeps
Ochotona_princeps has 0 parameters - branch length not assigned
No nodel was assigned to Node7
Node7 has 0 parameters - branch length not assigned
No nodel was assigned to Sylvilagus_bachmani
Sylvilagus_bachmani has 0 parameters - branch length not assigned
No nodel was assigned to Oryctolagus_cuniculus
Oryctolagus_cuniculus has 0 parameters - branch length not assigned
No nodel was assigned to Node1
Node1 has 0 parameters - branch length not assigned
No nodel was assigned to Lepus_timidus
Lepus_timidus has 0 parameters - branch length not assigned
No nodel was assigned to Lepus_americanus
Lepus_americanus has 0 parameters - branch length not assigned
No nodel was assigned to Node4
Node4 has 0 parameters - branch length not assigned
No nodel was assigned to Ochotona_curzoniae
Ochotona_curzoniae has 0 parameters - branch length not assigned
No nodel was assigned to Ochotona_princeps
Ochotona_princeps has 0 parameters - branch length not assigned
No nodel was assigned to Node7
Node7 has 0 parameters - branch length not assigned
No nodel was assigned to Sylvilagus_bachmani
Sylvilagus_bachmani has 0 parameters - branch length not assigned
No nodel was assigned to Oryctolagus_cuniculus
Oryctolagus_cuniculus has 0 parameters - branch length not assigned
No nodel was assigned to Node1
Node1 has 0 parameters - branch length not assigned
No nodel was assigned to Lepus_timidus
Lepus_timidus has 0 parameters - branch length not assigned
No nodel was assigned to Lepus_americanus
Lepus_americanus has 0 parameters - branch length not assigned
No nodel was assigned to Node4
Node4 has 0 parameters - branch length not assigned
No nodel was assigned to Ochotona_curzoniae
Ochotona_curzoniae has 0 parameters - branch length not assigned
No nodel was assigned to Ochotona_princeps
Ochotona_princeps has 0 parameters - branch length not assigned
No nodel was assigned to Node7
Node7 has 0 parameters - branch length not assigned
No nodel was assigned to Sylvilagus_bachmani
Sylvilagus_bachmani has 0 parameters - branch length not assigned
No nodel was assigned to Oryctolagus_cuniculus
Oryctolagus_cuniculus has 0 parameters - branch length not assigned
No nodel was assigned to Node1
Node1 has 0 parameters - branch length not assigned
No nodel was assigned to Lepus_timidus
Lepus_timidus has 0 parameters - branch length not assigned
No nodel was assigned to Lepus_americanus
Lepus_americanus has 0 parameters - branch length not assigned
No nodel was assigned to Node4
Node4 has 0 parameters - branch length not assigned
No nodel was assigned to Ochotona_curzoniae
Ochotona_curzoniae has 0 parameters - branch length not assigned
No nodel was assigned to Ochotona_princeps
Ochotona_princeps has 0 parameters - branch length not assigned
No nodel was assigned to Node7
Node7 has 0 parameters - branch length not assigned
Variable 'nodeName' was not initialized prior to being used
Variable 'speciesIndex' was not initialized prior to being used
Row and/or column partition is empty. All the data will be used by default.
Model MG94customModel assigned to Sylvilagus_bachmani
Model MG94customModel assigned to Oryctolagus_cuniculus
One branch tree supplied - hopefully this IS what you meant to do.
Rooted tree. Removing one branch - the left root child has been promoted to be the new root
Partition 0 reversible model flag computed as 1
Variable 'twoLnLik' was not initialized prior to being used
Variable 't2.Oryctolagus_cuniculus.nonSynRate' was not initialized prior to being used
Variable 't2.Oryctolagus_cuniculus.synRate' was not initialized prior to being used
Auto-benchmarked an optimal number (3) of threads.
Set GUI update interval to every 8474-th LF evaluation.
Optimization settings:
	OPTIMIZATION_METHOD = 4
	OPTIMIZATION_PRECISION = 0.001
	MAXIMUM_ITERATIONS_PER_VARIABLE = 5000

Initial parameter values

t2.Oryctolagus_cuniculus.nonSynRate = 0.1
t2.Oryctolagus_cuniculus.synRate = 0.1
Optimization finished in 6 loop passes.
175 likelihood evaluation calls and 157 matrix exponentiations calls were made

Row and/or column partition is empty. All the data will be used by default.
Model MG94customModel assigned to Sylvilagus_bachmani
Model MG94customModel assigned to Lepus_timidus
One branch tree supplied - hopefully this IS what you meant to do.
Rooted tree. Removing one branch - the left root child has been promoted to be the new root
Partition 0 reversible model flag computed as 1
Variable 't2.Lepus_timidus.nonSynRate' was not initialized prior to being used
Variable 't2.Lepus_timidus.synRate' was not initialized prior to being used
Auto-benchmarked an optimal number (3) of threads.
Set GUI update interval to every 8928-th LF evaluation.
Optimization settings:
	OPTIMIZATION_METHOD = 4
	OPTIMIZATION_PRECISION = 0.001
	MAXIMUM_ITERATIONS_PER_VARIABLE = 5000

Initial parameter values

t2.Lepus_timidus.nonSynRate = 0.1
t2.Lepus_timidus.synRate = 0.1
Optimization finished in 3 loop passes.
126 likelihood evaluation calls and 113 matrix exponentiations calls were made

Row and/or column partition is empty. All the data will be used by default.
Model MG94customModel assigned to Sylvilagus_bachmani
Model MG94customModel assigned to Lepus_americanus
One branch tree supplied - hopefully this IS what you meant to do.
Rooted tree. Removing one branch - the left root child has been promoted to be the new root
Partition 0 reversible model flag computed as 1
Variable 't2.Lepus_americanus.synRate' was not initialized prior to being used
Variable 't2.Lepus_americanus.nonSynRate' was not initialized prior to being used
Auto-benchmarked an optimal number (3) of threads.
Set GUI update interval to every 8928-th LF evaluation.
Optimization settings:
	OPTIMIZATION_METHOD = 4
	OPTIMIZATION_PRECISION = 0.001
	MAXIMUM_ITERATIONS_PER_VARIABLE = 5000

Initial parameter values

t2.Lepus_americanus.synRate = 0.1
t2.Lepus_americanus.nonSynRate = 0.1
Optimization finished in 5 loop passes.
161 likelihood evaluation calls and 140 matrix exponentiations calls were made

Row and/or column partition is empty. All the data will be used by default.
Model MG94customModel assigned to Sylvilagus_bachmani
Model MG94customModel assigned to Ochotona_curzoniae
One branch tree supplied - hopefully this IS what you meant to do.
Rooted tree. Removing one branch - the left root child has been promoted to be the new root
Partition 0 reversible model flag computed as 1
Variable 't2.Ochotona_curzoniae.nonSynRate' was not initialized prior to being used
Variable 't2.Ochotona_curzoniae.synRate' was not initialized prior to being used
Auto-benchmarked an optimal number (1) of threads.
Set GUI update interval to every 6172-th LF evaluation.
Optimization settings:
	OPTIMIZATION_METHOD = 4
	OPTIMIZATION_PRECISION = 0.001
	MAXIMUM_ITERATIONS_PER_VARIABLE = 5000

Initial parameter values

t2.Ochotona_curzoniae.nonSynRate = 0.1
t2.Ochotona_curzoniae.synRate = 0.1
Optimization finished in 5 loop passes.
178 likelihood evaluation calls and 160 matrix exponentiations calls were made

Row and/or column partition is empty. All the data will be used by default.
Model MG94customModel assigned to Sylvilagus_bachmani
Model MG94customModel assigned to Ochotona_princeps
One branch tree supplied - hopefully this IS what you meant to do.
Rooted tree. Removing one branch - the left root child has been promoted to be the new root
Partition 0 reversible model flag computed as 1
Variable 't2.Ochotona_princeps.synRate' was not initialized prior to being used
Variable 't2.Ochotona_princeps.nonSynRate' was not initialized prior to being used
Auto-benchmarked an optimal number (3) of threads.
Set GUI update interval to every 9259-th LF evaluation.
Optimization settings:
	OPTIMIZATION_METHOD = 4
	OPTIMIZATION_PRECISION = 0.001
	MAXIMUM_ITERATIONS_PER_VARIABLE = 5000

Initial parameter values

t2.Ochotona_princeps.synRate = 0.1
t2.Ochotona_princeps.nonSynRate = 0.1
Optimization finished in 7 loop passes.
112 likelihood evaluation calls and 103 matrix exponentiations calls were made

Row and/or column partition is empty. All the data will be used by default.
Model MG94customModel assigned to Oryctolagus_cuniculus
Model MG94customModel assigned to Lepus_timidus
One branch tree supplied - hopefully this IS what you meant to do.
Rooted tree. Removing one branch - the left root child has been promoted to be the new root
Partition 0 reversible model flag computed as 1
Variable 't2.Lepus_timidus.nonSynRate' was not initialized prior to being used
Variable 't2.Lepus_timidus.synRate' was not initialized prior to being used
Auto-benchmarked an optimal number (3) of threads.
Set GUI update interval to every 8771-th LF evaluation.
Optimization settings:
	OPTIMIZATION_METHOD = 4
	OPTIMIZATION_PRECISION = 0.001
	MAXIMUM_ITERATIONS_PER_VARIABLE = 5000

Initial parameter values

t2.Lepus_timidus.nonSynRate = 0.1
t2.Lepus_timidus.synRate = 0.1
Optimization finished in 6 loop passes.
153 likelihood evaluation calls and 134 matrix exponentiations calls were made

Row and/or column partition is empty. All the data will be used by default.
Model MG94customModel assigned to Oryctolagus_cuniculus
Model MG94customModel assigned to Lepus_americanus
One branch tree supplied - hopefully this IS what you meant to do.
Rooted tree. Removing one branch - the left root child has been promoted to be the new root
Partition 0 reversible model flag computed as 1
Variable 't2.Lepus_americanus.nonSynRate' was not initialized prior to being used
Variable 't2.Lepus_americanus.synRate' was not initialized prior to being used
Auto-benchmarked an optimal number (4) of threads.
Set GUI update interval to every 8620-th LF evaluation.
Optimization settings:
	OPTIMIZATION_METHOD = 4
	OPTIMIZATION_PRECISION = 0.001
	MAXIMUM_ITERATIONS_PER_VARIABLE = 5000

Initial parameter values

t2.Lepus_americanus.nonSynRate = 0.1
t2.Lepus_americanus.synRate = 0.1
Optimization finished in 5 loop passes.
170 likelihood evaluation calls and 149 matrix exponentiations calls were made

Row and/or column partition is empty. All the data will be used by default.
Model MG94customModel assigned to Oryctolagus_cuniculus
Model MG94customModel assigned to Ochotona_curzoniae
One branch tree supplied - hopefully this IS what you meant to do.
Rooted tree. Removing one branch - the left root child has been promoted to be the new root
Partition 0 reversible model flag computed as 1
Variable 't2.Ochotona_curzoniae.nonSynRate' was not initialized prior to being used
Variable 't2.Ochotona_curzoniae.synRate' was not initialized prior to being used
Auto-benchmarked an optimal number (4) of threads.
Set GUI update interval to every 9090-th LF evaluation.
Optimization settings:
	OPTIMIZATION_METHOD = 4
	OPTIMIZATION_PRECISION = 0.001
	MAXIMUM_ITERATIONS_PER_VARIABLE = 5000

Initial parameter values

t2.Ochotona_curzoniae.nonSynRate = 0.1
t2.Ochotona_curzoniae.synRate = 0.1
Optimization finished in 5 loop passes.
183 likelihood evaluation calls and 163 matrix exponentiations calls were made

Row and/or column partition is empty. All the data will be used by default.
Model MG94customModel assigned to Oryctolagus_cuniculus
Model MG94customModel assigned to Ochotona_princeps
One branch tree supplied - hopefully this IS what you meant to do.
Rooted tree. Removing one branch - the left root child has been promoted to be the new root
Partition 0 reversible model flag computed as 1
Variable 't2.Ochotona_princeps.nonSynRate' was not initialized prior to being used
Variable 't2.Ochotona_princeps.synRate' was not initialized prior to being used
Auto-benchmarked an optimal number (3) of threads.
Set GUI update interval to every 9433-th LF evaluation.
Optimization settings:
	OPTIMIZATION_METHOD = 4
	OPTIMIZATION_PRECISION = 0.001
	MAXIMUM_ITERATIONS_PER_VARIABLE = 5000

Initial parameter values

t2.Ochotona_princeps.nonSynRate = 0.1
t2.Ochotona_princeps.synRate = 0.1
Optimization finished in 5 loop passes.
161 likelihood evaluation calls and 142 matrix exponentiations calls were made

Row and/or column partition is empty. All the data will be used by default.
Model MG94customModel assigned to Lepus_timidus
Model MG94customModel assigned to Lepus_americanus
One branch tree supplied - hopefully this IS what you meant to do.
Rooted tree. Removing one branch - the left root child has been promoted to be the new root
Partition 0 reversible model flag computed as 1
Variable 't2.Lepus_americanus.nonSynRate' was not initialized prior to being used
Variable 't2.Lepus_americanus.synRate' was not initialized prior to being used
Auto-benchmarked an optimal number (3) of threads.
Set GUI update interval to every 8333-th LF evaluation.
Optimization settings:
	OPTIMIZATION_METHOD = 4
	OPTIMIZATION_PRECISION = 0.001
	MAXIMUM_ITERATIONS_PER_VARIABLE = 5000

Initial parameter values

t2.Lepus_americanus.nonSynRate = 0.1
t2.Lepus_americanus.synRate = 0.1
Optimization finished in 7 loop passes.
118 likelihood evaluation calls and 107 matrix exponentiations calls were made

Row and/or column partition is empty. All the data will be used by default.
Model MG94customModel assigned to Lepus_timidus
Model MG94customModel assigned to Ochotona_curzoniae
One branch tree supplied - hopefully this IS what you meant to do.
Rooted tree. Removing one branch - the left root child has been promoted to be the new root
Partition 0 reversible model flag computed as 1
Variable 't2.Ochotona_curzoniae.nonSynRate' was not initialized prior to being used
Variable 't2.Ochotona_curzoniae.synRate' was not initialized prior to being used
Auto-benchmarked an optimal number (3) of threads.
Set GUI update interval to every 9090-th LF evaluation.
Optimization settings:
	OPTIMIZATION_METHOD = 4
	OPTIMIZATION_PRECISION = 0.001
	MAXIMUM_ITERATIONS_PER_VARIABLE = 5000

Initial parameter values

t2.Ochotona_curzoniae.nonSynRate = 0.1
t2.Ochotona_curzoniae.synRate = 0.1
Optimization finished in 7 loop passes.
141 likelihood evaluation calls and 128 matrix exponentiations calls were made

Row and/or column partition is empty. All the data will be used by default.
Model MG94customModel assigned to Lepus_timidus
Model MG94customModel assigned to Ochotona_princeps
One branch tree supplied - hopefully this IS what you meant to do.
Rooted tree. Removing one branch - the left root child has been promoted to be the new root
Partition 0 reversible model flag computed as 1
Variable 't2.Ochotona_princeps.nonSynRate' was not initialized prior to being used
Variable 't2.Ochotona_princeps.synRate' was not initialized prior to being used
Auto-benchmarked an optimal number (4) of threads.
Set GUI update interval to every 8771-th LF evaluation.
Optimization settings:
	OPTIMIZATION_METHOD = 4
	OPTIMIZATION_PRECISION = 0.001
	MAXIMUM_ITERATIONS_PER_VARIABLE = 5000

Initial parameter values

t2.Ochotona_princeps.nonSynRate = 0.1
t2.Ochotona_princeps.synRate = 0.1
Optimization finished in 7 loop passes.
146 likelihood evaluation calls and 130 matrix exponentiations calls were made

Row and/or column partition is empty. All the data will be used by default.
Model MG94customModel assigned to Lepus_americanus
Model MG94customModel assigned to Ochotona_curzoniae
One branch tree supplied - hopefully this IS what you meant to do.
Rooted tree. Removing one branch - the left root child has been promoted to be the new root
Partition 0 reversible model flag computed as 1
Variable 't2.Ochotona_curzoniae.synRate' was not initialized prior to being used
Variable 't2.Ochotona_curzoniae.nonSynRate' was not initialized prior to being used
Auto-benchmarked an optimal number (3) of threads.
Set GUI update interval to every 8333-th LF evaluation.
Optimization settings:
	OPTIMIZATION_METHOD = 4
	OPTIMIZATION_PRECISION = 0.001
	MAXIMUM_ITERATIONS_PER_VARIABLE = 5000

Initial parameter values

t2.Ochotona_curzoniae.synRate = 0.1
t2.Ochotona_curzoniae.nonSynRate = 0.1
Optimization finished in 5 loop passes.
127 likelihood evaluation calls and 109 matrix exponentiations calls were made

Row and/or column partition is empty. All the data will be used by default.
Model MG94customModel assigned to Lepus_americanus
Model MG94customModel assigned to Ochotona_princeps
One branch tree supplied - hopefully this IS what you meant to do.
Rooted tree. Removing one branch - the left root child has been promoted to be the new root
Partition 0 reversible model flag computed as 1
Variable 't2.Ochotona_princeps.nonSynRate' was not initialized prior to being used
Variable 't2.Ochotona_princeps.synRate' was not initialized prior to being used
Auto-benchmarked an optimal number (3) of threads.
Set GUI update interval to every 8771-th LF evaluation.
Optimization settings:
	OPTIMIZATION_METHOD = 4
	OPTIMIZATION_PRECISION = 0.001
	MAXIMUM_ITERATIONS_PER_VARIABLE = 5000

Initial parameter values

t2.Ochotona_princeps.nonSynRate = 0.1
t2.Ochotona_princeps.synRate = 0.1
Optimization finished in 7 loop passes.
100 likelihood evaluation calls and 92 matrix exponentiations calls were made

Row and/or column partition is empty. All the data will be used by default.
Model MG94customModel assigned to Ochotona_curzoniae
Model MG94customModel assigned to Ochotona_princeps
One branch tree supplied - hopefully this IS what you meant to do.
Rooted tree. Removing one branch - the left root child has been promoted to be the new root
Partition 0 reversible model flag computed as 1
Auto-benchmarked an optimal number (2) of threads.
Set GUI update interval to every 1519-th LF evaluation.
Optimization settings:
	OPTIMIZATION_METHOD = 4
	OPTIMIZATION_PRECISION = 0.001
	MAXIMUM_ITERATIONS_PER_VARIABLE = 5000

Initial parameter values

t2.Ochotona_princeps.nonSynRate = 0.1
t2.Ochotona_princeps.synRate = 0.1
Optimization finished in 6 loop passes.
112 likelihood evaluation calls and 103 matrix exponentiations calls were made
