   SW   perc perc perc  query                         position in query     matching    repeat          position in repeat
score   div. del. ins.  sequence                      begin end    (left)   repeat      class/family  begin  end    (left)  ID

  784   23.9  3.1  1.3  CM003812.1:11286500-11300000    327   551 (12950) C L3b         LINE/CR1        (58)    372    144   1 *
 1333   27.9  7.3  1.8  CM003812.1:11286500-11300000    548  1133 (12368) C CR1-J3_fAlb LINE/CR1        (83)    896      5   2  
   24   14.1  0.0  0.0  CM003812.1:11286500-11300000   1382  1420 (12081) + (A)n        Simple_repeat      1     39    (0)   3  
  500   24.1  0.2  1.7  CM003812.1:11286500-11300000   1623  1799 (11702) C L3b         LINE/CR1       (299)    131      3   1  
   55    8.7  0.0  0.0  CM003812.1:11286500-11300000   2110  2184 (11317) + (A)n        Simple_repeat      1     75    (0)   4  
  303   14.5  1.6  0.0  CM003812.1:11286500-11300000   3660  3721  (9780) + CR1-E6_fAlb LINE/CR1         156    218    (0)   5  
  432   15.8  3.0  2.0  CM003812.1:11286500-11300000   3764  3863  (9638) + CR1-E5_fAlb LINE/CR1         245    325    (2)   6  
 2463   28.1  1.5  2.0  CM003812.1:11286500-11300000   4797  5738  (7763) C CR1-J3_fAlb LINE/CR1         (0)    979     43   7  
   28    0.0  0.0  0.0  CM003812.1:11286500-11300000   6205  6235  (7266) + (A)n        Simple_repeat      1     31    (0)   8  
   14   15.9  7.1  0.0  CM003812.1:11286500-11300000   7124  7165  (6336) + (ATATGT)n   Simple_repeat      1     45    (0)   9  
   14    0.0  0.0  0.0  CM003812.1:11286500-11300000   7926  7943  (5558) + (AAT)n      Simple_repeat      1     18    (0)  10  
   69    0.0  0.0  0.0  CM003812.1:11286500-11300000   8035  8096  (5405) + (TTATT)n    Simple_repeat      1     62    (0)  11  
   16    9.6  0.0  0.0  CM003812.1:11286500-11300000   8185  8207  (5294) + (A)n        Simple_repeat      1     23    (0)  12  
   16   22.6  0.0  0.0  CM003812.1:11286500-11300000   8810  8842  (4659) + (T)n        Simple_repeat      1     33    (0)  13  
 1482   25.5  0.9  2.3  CM003812.1:11286500-11300000   9197  9630  (3871) C CR1-J3_fAlb LINE/CR1         (7)    972    545  14  
  367   34.9  1.6  1.2  CM003812.1:11286500-11300000  11736 11990  (1511) + Plat_L3     LINE/CR1        2368   2623  (950)  15  
 1875   24.8  0.3  4.6  CM003812.1:11286500-11300000  12021 12740   (761) + CR1-E4_fAlb LINE/CR1           1    979    (0)  16  
 1141   25.8  1.6  2.8  CM003812.1:11286500-11300000  12737 13099   (402) + CR1-E4_fAlb LINE/CR1          53    411   (19)  17 *
   30    5.6  0.0  0.0  CM003812.1:11286500-11300000  13106 13143   (358) + (TGATTCTG)n Simple_repeat      1     38    (0)  18  
