BLASTN 2.2.31+


Reference: Stephen F. Altschul, Thomas L. Madden, Alejandro A.
Schaffer, Jinghui Zhang, Zheng Zhang, Webb Miller, and David J.
Lipman (1997), "Gapped BLAST and PSI-BLAST: a new generation of
protein database search programs", Nucleic Acids Res. 25:3389-3402.



Database: SRR5503832_SRR6329400.fa
           723,670,858 sequences; 78,668,058,280 total letters



Query= exon1

Length=145


***** No hits found *****



Lambda      K        H
   0.634    0.408    0.912 

Gapped
Lambda      K        H
   0.625    0.410    0.780 

Effective search space used: 6001020650988


Query= exon2

Length=142


***** No hits found *****



Lambda      K        H
   0.634    0.408    0.912 

Gapped
Lambda      K        H
   0.625    0.410    0.780 

Effective search space used: 5838830903664


Query= exon3

Length=139


***** No hits found *****



Lambda      K        H
   0.634    0.408    0.912 

Gapped
Lambda      K        H
   0.625    0.410    0.780 

Effective search space used: 5676641156340


Query= exon4

Length=63
                                                                      Score     E
Sequences producing significant alignments:                          (Bits)  Value

  SRR6329400.55601952 55601952/2                                      57.2    1e-05
  SRR6329400.35487518 35487518/2                                      57.2    1e-05
  SRR6329400.27008198 27008198/2                                      57.2    1e-05
  SRR6329400.53211218 53211218/2                                      53.6    1e-04
  SRR6329400.52947704 52947704/2                                      53.6    1e-04
  SRR6329400.48940761 48940761/2                                      53.6    1e-04
  SRR6329400.31820040 31820040/2                                      53.6    1e-04
  SRR6329400.5080661 5080661/2                                        53.6    1e-04
  SRR6329400.45454430 45454430/1                                      53.6    1e-04
  SRR6329400.35982698 35982698/1                                      53.6    1e-04
  SRR6329400.28318734 28318734/1                                      53.6    1e-04
  SRR6329400.27064777 27064777/1                                      53.6    1e-04
  SRR6329400.60731245 60731245/2                                      51.8    4e-04
  SRR6329400.60096432 60096432/2                                      51.8    4e-04
  SRR6329400.59781652 59781652/2                                      51.8    4e-04
  SRR6329400.59738568 59738568/2                                      51.8    4e-04
  SRR6329400.59083724 59083724/2                                      51.8    4e-04
  SRR6329400.58665546 58665546/2                                      51.8    4e-04
  SRR6329400.58569111 58569111/2                                      51.8    4e-04
  SRR6329400.58420634 58420634/2                                      51.8    4e-04
  SRR6329400.58341417 58341417/2                                      51.8    4e-04
  SRR6329400.58242996 58242996/2                                      51.8    4e-04
  SRR6329400.57771555 57771555/2                                      51.8    4e-04
  SRR6329400.57669554 57669554/2                                      51.8    4e-04
  SRR6329400.57637163 57637163/2                                      51.8    4e-04
  SRR6329400.57372566 57372566/2                                      51.8    4e-04
  SRR6329400.56771407 56771407/2                                      51.8    4e-04
  SRR6329400.56683455 56683455/2                                      51.8    4e-04
  SRR6329400.56079446 56079446/2                                      51.8    4e-04
  SRR6329400.54776223 54776223/2                                      51.8    4e-04
  SRR6329400.54561075 54561075/2                                      51.8    4e-04
  SRR6329400.50852680 50852680/2                                      51.8    4e-04
  SRR6329400.50398187 50398187/2                                      51.8    4e-04
  SRR6329400.50319757 50319757/2                                      51.8    4e-04
  SRR6329400.50213291 50213291/2                                      51.8    4e-04
  SRR6329400.49716994 49716994/2                                      51.8    4e-04
  SRR6329400.49055329 49055329/2                                      51.8    4e-04
  SRR6329400.48988453 48988453/2                                      51.8    4e-04
  SRR6329400.48986329 48986329/2                                      51.8    4e-04
  SRR6329400.48324161 48324161/2                                      51.8    4e-04
  SRR6329400.47962817 47962817/2                                      51.8    4e-04
  SRR6329400.47861336 47861336/2                                      51.8    4e-04
  SRR6329400.47326562 47326562/2                                      51.8    4e-04
  SRR6329400.47268584 47268584/2                                      51.8    4e-04
  SRR6329400.46879040 46879040/2                                      51.8    4e-04
  SRR6329400.46834252 46834252/2                                      51.8    4e-04
  SRR6329400.46714935 46714935/2                                      51.8    4e-04
  SRR6329400.46498852 46498852/2                                      51.8    4e-04
  SRR6329400.45065678 45065678/2                                      51.8    4e-04
  SRR6329400.44419386 44419386/2                                      51.8    4e-04
  SRR6329400.43906228 43906228/2                                      51.8    4e-04
  SRR6329400.43858775 43858775/2                                      51.8    4e-04
  SRR6329400.43394761 43394761/2                                      51.8    4e-04
  SRR6329400.42020981 42020981/2                                      51.8    4e-04
  SRR6329400.41729177 41729177/2                                      51.8    4e-04
  SRR6329400.41414460 41414460/2                                      51.8    4e-04
  SRR6329400.40327761 40327761/2                                      51.8    4e-04
  SRR6329400.39732477 39732477/2                                      51.8    4e-04
  SRR6329400.39352858 39352858/2                                      51.8    4e-04
  SRR6329400.39229140 39229140/2                                      51.8    4e-04
  SRR6329400.38303481 38303481/2                                      51.8    4e-04
  SRR6329400.38246416 38246416/2                                      51.8    4e-04
  SRR6329400.38010346 38010346/2                                      51.8    4e-04
  SRR6329400.37739869 37739869/2                                      51.8    4e-04
  SRR6329400.37605451 37605451/2                                      51.8    4e-04
  SRR6329400.37246515 37246515/2                                      51.8    4e-04
  SRR6329400.36931066 36931066/2                                      51.8    4e-04
  SRR6329400.35450160 35450160/2                                      51.8    4e-04
  SRR6329400.35136577 35136577/2                                      51.8    4e-04
  SRR6329400.35092541 35092541/2                                      51.8    4e-04
  SRR6329400.34961768 34961768/2                                      51.8    4e-04
  SRR6329400.34894183 34894183/2                                      51.8    4e-04
  SRR6329400.34317766 34317766/2                                      51.8    4e-04
  SRR6329400.34313477 34313477/2                                      51.8    4e-04
  SRR6329400.34123995 34123995/2                                      51.8    4e-04
  SRR6329400.33215844 33215844/2                                      51.8    4e-04
  SRR6329400.32665671 32665671/2                                      51.8    4e-04
  SRR6329400.32614661 32614661/2                                      51.8    4e-04
  SRR6329400.32111356 32111356/2                                      51.8    4e-04
  SRR6329400.31389552 31389552/2                                      51.8    4e-04
  SRR6329400.31187808 31187808/2                                      51.8    4e-04
  SRR6329400.30943576 30943576/2                                      51.8    4e-04
  SRR6329400.30135354 30135354/2                                      51.8    4e-04
  SRR6329400.29730672 29730672/2                                      51.8    4e-04
  SRR6329400.29236180 29236180/2                                      51.8    4e-04
  SRR6329400.29017401 29017401/2                                      51.8    4e-04
  SRR6329400.28189489 28189489/2                                      51.8    4e-04
  SRR6329400.27562180 27562180/2                                      51.8    4e-04
  SRR6329400.27239408 27239408/2                                      51.8    4e-04
  SRR6329400.27023814 27023814/2                                      51.8    4e-04
  SRR6329400.26864016 26864016/2                                      51.8    4e-04
  SRR6329400.26346241 26346241/2                                      51.8    4e-04
  SRR6329400.25885910 25885910/2                                      51.8    4e-04
  SRR6329400.25177426 25177426/2                                      51.8    4e-04
  SRR6329400.24801436 24801436/2                                      51.8    4e-04
  SRR6329400.24785854 24785854/2                                      51.8    4e-04
  SRR6329400.24455260 24455260/2                                      51.8    4e-04
  SRR6329400.24454160 24454160/2                                      51.8    4e-04
  SRR6329400.24211367 24211367/2                                      51.8    4e-04
  SRR6329400.23419844 23419844/2                                      51.8    4e-04
  SRR6329400.22678934 22678934/2                                      51.8    4e-04
  SRR6329400.22457248 22457248/2                                      51.8    4e-04
  SRR6329400.22456678 22456678/2                                      51.8    4e-04
  SRR6329400.21167119 21167119/2                                      51.8    4e-04
  SRR6329400.21117813 21117813/2                                      51.8    4e-04
  SRR6329400.21095518 21095518/2                                      51.8    4e-04
  SRR6329400.20844437 20844437/2                                      51.8    4e-04
  SRR6329400.20130424 20130424/2                                      51.8    4e-04
  SRR6329400.20051554 20051554/2                                      51.8    4e-04
  SRR6329400.19970797 19970797/2                                      51.8    4e-04
  SRR6329400.19694443 19694443/2                                      51.8    4e-04
  SRR6329400.18439251 18439251/2                                      51.8    4e-04
  SRR6329400.18245930 18245930/2                                      51.8    4e-04
  SRR6329400.18219209 18219209/2                                      51.8    4e-04
  SRR6329400.17992926 17992926/2                                      51.8    4e-04
  SRR6329400.17963765 17963765/2                                      51.8    4e-04
  SRR6329400.17812461 17812461/2                                      51.8    4e-04
  SRR6329400.17503964 17503964/2                                      51.8    4e-04
  SRR6329400.17394398 17394398/2                                      51.8    4e-04
  SRR6329400.16804304 16804304/2                                      51.8    4e-04
  SRR6329400.16445908 16445908/2                                      51.8    4e-04
  SRR6329400.15868810 15868810/2                                      51.8    4e-04
  SRR6329400.15845804 15845804/2                                      51.8    4e-04
  SRR6329400.15714681 15714681/2                                      51.8    4e-04
  SRR6329400.14153912 14153912/2                                      51.8    4e-04
  SRR6329400.13806203 13806203/2                                      51.8    4e-04
  SRR6329400.13658112 13658112/2                                      51.8    4e-04
  SRR6329400.13537291 13537291/2                                      51.8    4e-04
  SRR6329400.12866647 12866647/2                                      51.8    4e-04
  SRR6329400.12151607 12151607/2                                      51.8    4e-04
  SRR6329400.11899211 11899211/2                                      51.8    4e-04
  SRR6329400.11762311 11762311/2                                      51.8    4e-04
  SRR6329400.10896663 10896663/2                                      51.8    4e-04
  SRR6329400.10584029 10584029/2                                      51.8    4e-04
  SRR6329400.10312030 10312030/2                                      51.8    4e-04
  SRR6329400.10268725 10268725/2                                      51.8    4e-04
  SRR6329400.9205338 9205338/2                                        51.8    4e-04
  SRR6329400.9136243 9136243/2                                        51.8    4e-04
  SRR6329400.9130642 9130642/2                                        51.8    4e-04
  SRR6329400.8847551 8847551/2                                        51.8    4e-04
  SRR6329400.8267752 8267752/2                                        51.8    4e-04
  SRR6329400.8193540 8193540/2                                        51.8    4e-04
  SRR6329400.7786733 7786733/2                                        51.8    4e-04
  SRR6329400.7464253 7464253/2                                        51.8    4e-04
  SRR6329400.6239298 6239298/2                                        51.8    4e-04
  SRR6329400.5389369 5389369/2                                        51.8    4e-04
  SRR6329400.4515821 4515821/2                                        51.8    4e-04
  SRR6329400.4461777 4461777/2                                        51.8    4e-04
  SRR6329400.3598896 3598896/2                                        51.8    4e-04
  SRR6329400.3522986 3522986/2                                        51.8    4e-04
  SRR6329400.3293738 3293738/2                                        51.8    4e-04
  SRR6329400.3287029 3287029/2                                        51.8    4e-04
  SRR6329400.3170965 3170965/2                                        51.8    4e-04
  SRR6329400.2801481 2801481/2                                        51.8    4e-04
  SRR6329400.2533682 2533682/2                                        51.8    4e-04
  SRR6329400.2428177 2428177/2                                        51.8    4e-04
  SRR6329400.2212501 2212501/2                                        51.8    4e-04
  SRR6329400.1770834 1770834/2                                        51.8    4e-04
  SRR6329400.1699268 1699268/2                                        51.8    4e-04
  SRR6329400.1162613 1162613/2                                        51.8    4e-04
  SRR6329400.497136 497136/2                                          51.8    4e-04
  SRR6329400.10869 10869/2                                            51.8    4e-04
  SRR6329400.61066036 61066036/1                                      51.8    4e-04
  SRR6329400.61057006 61057006/1                                      51.8    4e-04
  SRR6329400.59298145 59298145/1                                      51.8    4e-04
  SRR6329400.58637536 58637536/1                                      51.8    4e-04
  SRR6329400.57510075 57510075/1                                      51.8    4e-04
  SRR6329400.57136649 57136649/1                                      51.8    4e-04
  SRR6329400.56927564 56927564/1                                      51.8    4e-04
  SRR6329400.55971788 55971788/1                                      51.8    4e-04
  SRR6329400.55728922 55728922/1                                      51.8    4e-04
  SRR6329400.55388808 55388808/1                                      51.8    4e-04
  SRR6329400.54027302 54027302/1                                      51.8    4e-04
  SRR6329400.53837409 53837409/1                                      51.8    4e-04
  SRR6329400.52134244 52134244/1                                      51.8    4e-04
  SRR6329400.52101452 52101452/1                                      51.8    4e-04
  SRR6329400.52055827 52055827/1                                      51.8    4e-04
  SRR6329400.51783346 51783346/1                                      51.8    4e-04
  SRR6329400.51604597 51604597/1                                      51.8    4e-04
  SRR6329400.50864803 50864803/1                                      51.8    4e-04
  SRR6329400.50161608 50161608/1                                      51.8    4e-04
  SRR6329400.48782489 48782489/1                                      51.8    4e-04
  SRR6329400.48387722 48387722/1                                      51.8    4e-04
  SRR6329400.48288016 48288016/1                                      51.8    4e-04
  SRR6329400.48011994 48011994/1                                      51.8    4e-04
  SRR6329400.44521053 44521053/1                                      51.8    4e-04
  SRR6329400.44316303 44316303/1                                      51.8    4e-04
  SRR6329400.43612500 43612500/1                                      51.8    4e-04
  SRR6329400.43245178 43245178/1                                      51.8    4e-04
  SRR6329400.43026089 43026089/1                                      51.8    4e-04
  SRR6329400.41819407 41819407/1                                      51.8    4e-04
  SRR6329400.40618332 40618332/1                                      51.8    4e-04
  SRR6329400.40337807 40337807/1                                      51.8    4e-04
  SRR6329400.39712229 39712229/1                                      51.8    4e-04
  SRR6329400.39664759 39664759/1                                      51.8    4e-04
  SRR6329400.39573898 39573898/1                                      51.8    4e-04
  SRR6329400.39371393 39371393/1                                      51.8    4e-04
  SRR6329400.39276869 39276869/1                                      51.8    4e-04
  SRR6329400.39005278 39005278/1                                      51.8    4e-04
  SRR6329400.38538614 38538614/1                                      51.8    4e-04
  SRR6329400.38385890 38385890/1                                      51.8    4e-04
  SRR6329400.36942329 36942329/1                                      51.8    4e-04
  SRR6329400.36069104 36069104/1                                      51.8    4e-04
  SRR6329400.36040641 36040641/1                                      51.8    4e-04
  SRR6329400.35735522 35735522/1                                      51.8    4e-04
  SRR6329400.35548434 35548434/1                                      51.8    4e-04
  SRR6329400.34363850 34363850/1                                      51.8    4e-04
  SRR6329400.33122878 33122878/1                                      51.8    4e-04
  SRR6329400.32569469 32569469/1                                      51.8    4e-04
  SRR6329400.32535167 32535167/1                                      51.8    4e-04
  SRR6329400.32245050 32245050/1                                      51.8    4e-04
  SRR6329400.32038830 32038830/1                                      51.8    4e-04
  SRR6329400.31438578 31438578/1                                      51.8    4e-04
  SRR6329400.31282070 31282070/1                                      51.8    4e-04
  SRR6329400.30812338 30812338/1                                      51.8    4e-04
  SRR6329400.30748656 30748656/1                                      51.8    4e-04
  SRR6329400.30678889 30678889/1                                      51.8    4e-04
  SRR6329400.29310373 29310373/1                                      51.8    4e-04
  SRR6329400.28892333 28892333/1                                      51.8    4e-04
  SRR6329400.27099691 27099691/1                                      51.8    4e-04
  SRR6329400.26712797 26712797/1                                      51.8    4e-04
  SRR6329400.26282504 26282504/1                                      51.8    4e-04
  SRR6329400.23273840 23273840/1                                      51.8    4e-04
  SRR6329400.21315611 21315611/1                                      51.8    4e-04
  SRR6329400.20844526 20844526/1                                      51.8    4e-04
  SRR6329400.20671443 20671443/1                                      51.8    4e-04
  SRR6329400.20223418 20223418/1                                      51.8    4e-04
  SRR6329400.19952698 19952698/1                                      51.8    4e-04
  SRR6329400.19309755 19309755/1                                      51.8    4e-04
  SRR6329400.18836232 18836232/1                                      51.8    4e-04
  SRR6329400.18379762 18379762/1                                      51.8    4e-04
  SRR6329400.18300587 18300587/1                                      51.8    4e-04
  SRR6329400.18219209 18219209/1                                      51.8    4e-04
  SRR6329400.16595144 16595144/1                                      51.8    4e-04
  SRR6329400.16594317 16594317/1                                      51.8    4e-04
  SRR6329400.16394890 16394890/1                                      51.8    4e-04
  SRR6329400.16127683 16127683/1                                      51.8    4e-04
  SRR6329400.15374738 15374738/1                                      51.8    4e-04
  SRR6329400.15248445 15248445/1                                      51.8    4e-04
  SRR6329400.14925374 14925374/1                                      51.8    4e-04
  SRR6329400.14866653 14866653/1                                      51.8    4e-04
  SRR6329400.13388208 13388208/1                                      51.8    4e-04
  SRR6329400.13066168 13066168/1                                      51.8    4e-04
  SRR6329400.12320502 12320502/1                                      51.8    4e-04
  SRR6329400.11788943 11788943/1                                      51.8    4e-04
  SRR6329400.11405827 11405827/1                                      51.8    4e-04
  SRR6329400.10753465 10753465/1                                      51.8    4e-04
  SRR6329400.9317685 9317685/1                                        51.8    4e-04
  SRR6329400.9186102 9186102/1                                        51.8    4e-04
  SRR6329400.8470583 8470583/1                                        51.8    4e-04
  SRR6329400.8299575 8299575/1                                        51.8    4e-04
  SRR6329400.7488384 7488384/1                                        51.8    4e-04
  SRR6329400.7464253 7464253/1                                        51.8    4e-04
  SRR6329400.6680659 6680659/1                                        51.8    4e-04
  SRR6329400.5523214 5523214/1                                        51.8    4e-04
  SRR6329400.4863667 4863667/1                                        51.8    4e-04
  SRR6329400.4210731 4210731/1                                        51.8    4e-04
  SRR6329400.4079482 4079482/1                                        51.8    4e-04
  SRR6329400.3853929 3853929/1                                        51.8    4e-04
  SRR6329400.3818904 3818904/1                                        51.8    4e-04
  SRR6329400.3803949 3803949/1                                        51.8    4e-04
  SRR6329400.2266187 2266187/1                                        51.8    4e-04
  SRR6329400.1249337 1249337/1                                        51.8    4e-04
  SRR6329400.1181522 1181522/1                                        51.8    4e-04
  SRR6329400.1145703 1145703/1                                        51.8    4e-04
  SRR6329400.613178 613178/1                                          51.8    4e-04
  SRR6329400.59368107 59368107/2                                      50.0    0.002
  SRR6329400.58368943 58368943/2                                      50.0    0.002
  SRR6329400.57160408 57160408/2                                      50.0    0.002
  SRR6329400.56577086 56577086/2                                      50.0    0.002
  SRR6329400.53562481 53562481/2                                      50.0    0.002
  SRR6329400.51316403 51316403/2                                      50.0    0.002
  SRR6329400.50486761 50486761/2                                      50.0    0.002
  SRR6329400.50164155 50164155/2                                      50.0    0.002
  SRR6329400.49103735 49103735/2                                      50.0    0.002
  SRR6329400.47680726 47680726/2                                      50.0    0.002
  SRR6329400.47647805 47647805/2                                      50.0    0.002
  SRR6329400.47146632 47146632/2                                      50.0    0.002
  SRR6329400.46647166 46647166/2                                      50.0    0.002
  SRR6329400.46307388 46307388/2                                      50.0    0.002
  SRR6329400.45690451 45690451/2                                      50.0    0.002
  SRR6329400.45662331 45662331/2                                      50.0    0.002
  SRR6329400.43828202 43828202/2                                      50.0    0.002
  SRR6329400.41534175 41534175/2                                      50.0    0.002
  SRR6329400.41134245 41134245/2                                      50.0    0.002
  SRR6329400.38932993 38932993/2                                      50.0    0.002
  SRR6329400.38538614 38538614/2                                      50.0    0.002
  SRR6329400.36151447 36151447/2                                      50.0    0.002
  SRR6329400.33981444 33981444/2                                      50.0    0.002
  SRR6329400.33724632 33724632/2                                      50.0    0.002
  SRR6329400.31917355 31917355/2                                      50.0    0.002
  SRR6329400.28636446 28636446/2                                      50.0    0.002
  SRR6329400.27805194 27805194/2                                      50.0    0.002
  SRR6329400.26536063 26536063/2                                      50.0    0.002
  SRR6329400.26367504 26367504/2                                      50.0    0.002
  SRR6329400.26357155 26357155/2                                      50.0    0.002
  SRR6329400.25581928 25581928/2                                      50.0    0.002
  SRR6329400.25477578 25477578/2                                      50.0    0.002
  SRR6329400.24071850 24071850/2                                      50.0    0.002
  SRR6329400.23766910 23766910/2                                      50.0    0.002
  SRR6329400.23434938 23434938/2                                      50.0    0.002
  SRR6329400.18455571 18455571/2                                      50.0    0.002
  SRR6329400.17119884 17119884/2                                      50.0    0.002
  SRR6329400.16914365 16914365/2                                      50.0    0.002
  SRR6329400.15917318 15917318/2                                      50.0    0.002
  SRR6329400.15130205 15130205/2                                      50.0    0.002
  SRR6329400.12514781 12514781/2                                      50.0    0.002
  SRR6329400.10229472 10229472/2                                      50.0    0.002
  SRR6329400.9991982 9991982/2                                        50.0    0.002
  SRR6329400.9615749 9615749/2                                        50.0    0.002
  SRR6329400.9169315 9169315/2                                        50.0    0.002
  SRR6329400.8809123 8809123/2                                        50.0    0.002
  SRR6329400.8674895 8674895/2                                        50.0    0.002
  SRR6329400.4770972 4770972/2                                        50.0    0.002
  SRR6329400.3598046 3598046/2                                        50.0    0.002
  SRR6329400.3349467 3349467/2                                        50.0    0.002
  SRR6329400.3065325 3065325/2                                        50.0    0.002
  SRR6329400.2674916 2674916/2                                        50.0    0.002
  SRR6329400.632319 632319/2                                          50.0    0.002
  SRR6329400.253501 253501/2                                          50.0    0.002
  SRR6329400.57160408 57160408/1                                      50.0    0.002
  SRR6329400.54004344 54004344/1                                      50.0    0.002
  SRR6329400.53545841 53545841/1                                      50.0    0.002
  SRR6329400.51556391 51556391/1                                      50.0    0.002
  SRR6329400.50031418 50031418/1                                      50.0    0.002
  SRR6329400.49888986 49888986/1                                      50.0    0.002
  SRR6329400.49077826 49077826/1                                      50.0    0.002
  SRR6329400.48988453 48988453/1                                      50.0    0.002
  SRR6329400.47605138 47605138/1                                      50.0    0.002
  SRR6329400.46968130 46968130/1                                      50.0    0.002
  SRR6329400.46836200 46836200/1                                      50.0    0.002
  SRR6329400.46385349 46385349/1                                      50.0    0.002
  SRR6329400.46348061 46348061/1                                      50.0    0.002
  SRR6329400.46161095 46161095/1                                      50.0    0.002
  SRR6329400.45741438 45741438/1                                      50.0    0.002
  SRR6329400.45300859 45300859/1                                      50.0    0.002
  SRR6329400.43959416 43959416/1                                      50.0    0.002
  SRR6329400.42620728 42620728/1                                      50.0    0.002
  SRR6329400.42618559 42618559/1                                      50.0    0.002
  SRR6329400.38546749 38546749/1                                      50.0    0.002
  SRR6329400.37255834 37255834/1                                      50.0    0.002
  SRR6329400.37173499 37173499/1                                      50.0    0.002
  SRR6329400.36355072 36355072/1                                      50.0    0.002
  SRR6329400.36147349 36147349/1                                      50.0    0.002
  SRR6329400.35797270 35797270/1                                      50.0    0.002
  SRR6329400.29475025 29475025/1                                      50.0    0.002
  SRR6329400.27805194 27805194/1                                      50.0    0.002
  SRR6329400.27756171 27756171/1                                      50.0    0.002
  SRR6329400.27566882 27566882/1                                      50.0    0.002
  SRR6329400.25975338 25975338/1                                      50.0    0.002
  SRR6329400.25678555 25678555/1                                      50.0    0.002
  SRR6329400.25477578 25477578/1                                      50.0    0.002
  SRR6329400.25379970 25379970/1                                      50.0    0.002
  SRR6329400.25316277 25316277/1                                      50.0    0.002
  SRR6329400.25060783 25060783/1                                      50.0    0.002
  SRR6329400.24970646 24970646/1                                      50.0    0.002
  SRR6329400.23966994 23966994/1                                      50.0    0.002
  SRR6329400.22119762 22119762/1                                      50.0    0.002
  SRR6329400.22097478 22097478/1                                      50.0    0.002
  SRR6329400.16612719 16612719/1                                      50.0    0.002
  SRR6329400.13230979 13230979/1                                      50.0    0.002
  SRR6329400.11349968 11349968/1                                      50.0    0.002
  SRR6329400.10829641 10829641/1                                      50.0    0.002
  SRR6329400.10371479 10371479/1                                      50.0    0.002
  SRR6329400.9877576 9877576/1                                        50.0    0.002
  SRR6329400.9109616 9109616/1                                        50.0    0.002
  SRR6329400.4208321 4208321/1                                        50.0    0.002
  SRR6329400.3291194 3291194/1                                        50.0    0.002
  SRR6329400.2047969 2047969/1                                        50.0    0.002
  SRR6329400.1862631 1862631/1                                        50.0    0.002
  SRR6329400.1421485 1421485/1                                        50.0    0.002
  SRR6329400.61089682 61089682/2                                      48.2    0.005
  SRR6329400.60756366 60756366/2                                      48.2    0.005
  SRR6329400.60424422 60424422/2                                      48.2    0.005
  SRR6329400.59926245 59926245/2                                      48.2    0.005
  SRR6329400.59873991 59873991/2                                      48.2    0.005
  SRR6329400.59866046 59866046/2                                      48.2    0.005
  SRR6329400.59735453 59735453/2                                      48.2    0.005
  SRR6329400.59662635 59662635/2                                      48.2    0.005
  SRR6329400.59605074 59605074/2                                      48.2    0.005
  SRR6329400.59489426 59489426/2                                      48.2    0.005
  SRR6329400.59457588 59457588/2                                      48.2    0.005
  SRR6329400.59298145 59298145/2                                      48.2    0.005
  SRR6329400.59279773 59279773/2                                      48.2    0.005
  SRR6329400.59218602 59218602/2                                      48.2    0.005
  SRR6329400.59198458 59198458/2                                      48.2    0.005
  SRR6329400.58845050 58845050/2                                      48.2    0.005
  SRR6329400.58794556 58794556/2                                      48.2    0.005
  SRR6329400.58655013 58655013/2                                      48.2    0.005
  SRR6329400.58635083 58635083/2                                      48.2    0.005
  SRR6329400.58548808 58548808/2                                      48.2    0.005
  SRR6329400.58506217 58506217/2                                      48.2    0.005
  SRR6329400.58479308 58479308/2                                      48.2    0.005
  SRR6329400.58168694 58168694/2                                      48.2    0.005
  SRR6329400.57907545 57907545/2                                      48.2    0.005
  SRR6329400.57871106 57871106/2                                      48.2    0.005
  SRR6329400.57849719 57849719/2                                      48.2    0.005
  SRR6329400.57692166 57692166/2                                      48.2    0.005
  SRR6329400.57609900 57609900/2                                      48.2    0.005
  SRR6329400.57577823 57577823/2                                      48.2    0.005
  SRR6329400.57571050 57571050/2                                      48.2    0.005
  SRR6329400.57546438 57546438/2                                      48.2    0.005
  SRR6329400.57520337 57520337/2                                      48.2    0.005
  SRR6329400.57440938 57440938/2                                      48.2    0.005
  SRR6329400.57106962 57106962/2                                      48.2    0.005
  SRR6329400.56908033 56908033/2                                      48.2    0.005
  SRR6329400.56880773 56880773/2                                      48.2    0.005
  SRR6329400.56830858 56830858/2                                      48.2    0.005
  SRR6329400.56793375 56793375/2                                      48.2    0.005
  SRR6329400.56699275 56699275/2                                      48.2    0.005
  SRR6329400.56682297 56682297/2                                      48.2    0.005
  SRR6329400.56650465 56650465/2                                      48.2    0.005
  SRR6329400.56636640 56636640/2                                      48.2    0.005
  SRR6329400.56442483 56442483/2                                      48.2    0.005
  SRR6329400.56430315 56430315/2                                      48.2    0.005
  SRR6329400.56376310 56376310/2                                      48.2    0.005
  SRR6329400.56355957 56355957/2                                      48.2    0.005
  SRR6329400.56353219 56353219/2                                      48.2    0.005
  SRR6329400.56268145 56268145/2                                      48.2    0.005
  SRR6329400.56177002 56177002/2                                      48.2    0.005
  SRR6329400.55971788 55971788/2                                      48.2    0.005
  SRR6329400.55962229 55962229/2                                      48.2    0.005
  SRR6329400.55823552 55823552/2                                      48.2    0.005
  SRR6329400.55601033 55601033/2                                      48.2    0.005
  SRR6329400.55365669 55365669/2                                      48.2    0.005
  SRR6329400.55337524 55337524/2                                      48.2    0.005
  SRR6329400.55088712 55088712/2                                      48.2    0.005
  SRR6329400.55068223 55068223/2                                      48.2    0.005
  SRR6329400.54943140 54943140/2                                      48.2    0.005
  SRR6329400.54702486 54702486/2                                      48.2    0.005
  SRR6329400.54391628 54391628/2                                      48.2    0.005
  SRR6329400.54364518 54364518/2                                      48.2    0.005
  SRR6329400.54174771 54174771/2                                      48.2    0.005
  SRR6329400.54130545 54130545/2                                      48.2    0.005
  SRR6329400.54109541 54109541/2                                      48.2    0.005
  SRR6329400.54030119 54030119/2                                      48.2    0.005
  SRR6329400.53837464 53837464/2                                      48.2    0.005
  SRR6329400.53837409 53837409/2                                      48.2    0.005
  SRR6329400.53634660 53634660/2                                      48.2    0.005
  SRR6329400.53620996 53620996/2                                      48.2    0.005
  SRR6329400.53499028 53499028/2                                      48.2    0.005
  SRR6329400.53391045 53391045/2                                      48.2    0.005
  SRR6329400.53299222 53299222/2                                      48.2    0.005
  SRR6329400.53155459 53155459/2                                      48.2    0.005
  SRR6329400.53129596 53129596/2                                      48.2    0.005
  SRR6329400.52960014 52960014/2                                      48.2    0.005
  SRR6329400.52918637 52918637/2                                      48.2    0.005
  SRR6329400.52688254 52688254/2                                      48.2    0.005
  SRR6329400.52452095 52452095/2                                      48.2    0.005
  SRR6329400.52420445 52420445/2                                      48.2    0.005
  SRR6329400.52313205 52313205/2                                      48.2    0.005
  SRR6329400.52185248 52185248/2                                      48.2    0.005
  SRR6329400.52146284 52146284/2                                      48.2    0.005
  SRR6329400.51931462 51931462/2                                      48.2    0.005
  SRR6329400.51574549 51574549/2                                      48.2    0.005
  SRR6329400.51556947 51556947/2                                      48.2    0.005
  SRR6329400.51494202 51494202/2                                      48.2    0.005
  SRR6329400.51064418 51064418/2                                      48.2    0.005
  SRR6329400.51041127 51041127/2                                      48.2    0.005
  SRR6329400.50973258 50973258/2                                      48.2    0.005
  SRR6329400.50472876 50472876/2                                      48.2    0.005
  SRR6329400.50472128 50472128/2                                      48.2    0.005
  SRR6329400.50452951 50452951/2                                      48.2    0.005
  SRR6329400.50439184 50439184/2                                      48.2    0.005
  SRR6329400.50426108 50426108/2                                      48.2    0.005
  SRR6329400.50397073 50397073/2                                      48.2    0.005
  SRR6329400.50291271 50291271/2                                      48.2    0.005
  SRR6329400.50175877 50175877/2                                      48.2    0.005
  SRR6329400.50052001 50052001/2                                      48.2    0.005
  SRR6329400.49990624 49990624/2                                      48.2    0.005
  SRR6329400.49931404 49931404/2                                      48.2    0.005
  SRR6329400.49761870 49761870/2                                      48.2    0.005
  SRR6329400.49597133 49597133/2                                      48.2    0.005
  SRR6329400.49580857 49580857/2                                      48.2    0.005
  SRR6329400.49534955 49534955/2                                      48.2    0.005
  SRR6329400.49482144 49482144/2                                      48.2    0.005
  SRR6329400.49436175 49436175/2                                      48.2    0.005
  SRR6329400.49376313 49376313/2                                      48.2    0.005
  SRR6329400.49193034 49193034/2                                      48.2    0.005
  SRR6329400.49063717 49063717/2                                      48.2    0.005
  SRR6329400.49023795 49023795/2                                      48.2    0.005
  SRR6329400.49008942 49008942/2                                      48.2    0.005
  SRR6329400.48808530 48808530/2                                      48.2    0.005
  SRR6329400.48808384 48808384/2                                      48.2    0.005
  SRR6329400.48649915 48649915/2                                      48.2    0.005
  SRR6329400.48614302 48614302/2                                      48.2    0.005
  SRR6329400.48545944 48545944/2                                      48.2    0.005
  SRR6329400.48441794 48441794/2                                      48.2    0.005
  SRR6329400.48298326 48298326/2                                      48.2    0.005
  SRR6329400.48095621 48095621/2                                      48.2    0.005
  SRR6329400.48018748 48018748/2                                      48.2    0.005
  SRR6329400.47616993 47616993/2                                      48.2    0.005
  SRR6329400.47611881 47611881/2                                      48.2    0.005
  SRR6329400.47586300 47586300/2                                      48.2    0.005
  SRR6329400.47495989 47495989/2                                      48.2    0.005
  SRR6329400.47494354 47494354/2                                      48.2    0.005
  SRR6329400.47407275 47407275/2                                      48.2    0.005
  SRR6329400.47389328 47389328/2                                      48.2    0.005
  SRR6329400.47151510 47151510/2                                      48.2    0.005
  SRR6329400.47059496 47059496/2                                      48.2    0.005



Query_4    7    AGGTCTagagagagagagagagagaAAGAGTGTGAGAT  44
718171663  211        ...............................   241
698057229  142        ...............................   172
689577909  214        ...............................   244
715780929  202        ...................G............  233
715517415  199       ....................G...........   230
711510472  214        ...................G............  245
694389751  182        ...................G............  151
667650372  195        ...................G............  226
646922995  131  ...G.G...................C...........   167
637451263  212         .............................    184
629787299  214  ....AG...................G...........   250
628533342  64        .................G..............   95
723300956  116        ...................G...........   86
722666143  186        ...................T...........   216
722351363  114        ...................G...........   144
722308279  85         ...................G...........   115
721653435  210        ...................G...........   180
721235257  125        ...................G...........   155
721235257  183        ......G............G...........   213
721138822  178        ...................G...........   208
720990345  141        ...................G...........   111
720911128  158        ...................G...........   128
720812707  224        ...................G...........   194
720812707  190        ........T..........G...........   160
720341266  200        ...................G...........   170
720239265  163        ...................G...........   193
720206874  160        ...................G...........   190
719942277  163        ...................G...........   193
719341118  153        ...................G...........   183
719253166  109        ...................G...........   139
718649157  167        ...................G...........   197
717345934  147        ...................G...........   177
717130786  187        ...................G...........   217
713422391  146        ...................G...........   176
712967898  180        ...................G...........   210
712889468  97         ...................G...........   67
712783002  234        ...................G...........   204
712286705  128        ...................G...........   158
711625040  62         ...................G...........   92
711558164  159        ...................G...........   129
711556040  187        ...................G...........   217
710893872  170        ...................G...........   140
710532528  86         ...................G...........   56
710431047  166        ...................G...........   136
709896273  173        ...................G...........   143
709896273  215        ....T..............G...........   185
709838295  112        ...................G...........   142
709448751  105        ...................G...........   135
709403963  161        ...................G...........   191
709403963  189        ............T......G...........   219
709284646  216        ...................G...........   186
709068563  135        ...................G...........   165
707635389  207        ...................G...........   237
706989097  210        ...................G...........   240
706475939  133        ...................G...........   163
706475939  11         ........T..........G...........   41
706428486  144        ...................G...........   114
705964472  181        ...................G...........   211
704590692  69         ...................G...........   99
704298888  127        ...................G...........   157
703984171  87         ...................G...........   117
702897472  186        ...................G...........   216
702302188  155        ...................G...........   185
701922569  136        ...................G...........   166
701922569  58         ......T............G...........   88
701798851  78         ...................G...........   48
700873192  145        ...................G...........   115
700816127  105        ...................G...........   135
700580057  99         ...................G...........   129
700309580  83         ...................G...........   113
700175162  181        ...................G...........   211
699816226  152        ...................G...........   182
699500777  140        ...................G...........   170
698019871  122        ...................G...........   152
697706288  139        ...................G...........   169
697662252  125        ...................G...........   155
697531479  158        ...................G...........   188
697531479  196        ................G..G...........   226
697463894  54         ...................G...........   84
696887477  129        ...................G...........   159
696883188  179        ...................G...........   209
696693706  79         ...................G...........   109
695785555  124        ...................G...........   154
695235382  102        ...................G...........   132
695184372  60         ...................G...........   90
694681067  166        ...................G...........   196
693959263  132        ...................G...........   162
693757519  85         ...................G...........   55
693513287  77         ...................G...........   107
693513287  117        ...................G...........   147
692705065  93         ...................G...........   123
692300383  136        ...................G...........   166
691805891  132        ...................G...........   162
691587112  68         ...................G...........   98
690759200  67         ...................G...........   37
690131891  194        ...................G...........   224
689809119  183        ...................G...........   213
689593525  161        ..........T....................   191
689433727  162        ...................C...........   192
688915952  127        ...................G...........   97
688915952  157        ..........T........G...........   127
688455621  141        ...................G...........   171
688455621  93         ....T..............G...........   123
687747137  121        ...................G...........   91
687747137  63         ...............C...G...........   33
687747137  211        ................T..G...........   181
687371147  217        ......G........................   247
687355565  186        ...................G...........   216
687024971  153        ...................G...........   183
687023871  134        ...................G...........   164
686781078  201        ...................G...........   231
685989555  133        ...................G...........   103
685989555  71         ..............T....G...........   41
685248645  137        ...................G...........   167
685026959  113        ...................G...........   143
685026389  147        ...................G...........   177
683736830  159        ...................G...........   189
683687524  95         ...................G...........   125
683665229  175        ...................G...........   205
683414148  130        ...................G...........   160
683414148  200        ...................G...........   230
682700135  238        ...................G...........   208
682621265  92         ...................G...........   62
682540508  99         ...................G...........   129
682264154  180        ...................G...........   150
681008962  215        ...................G...........   245
680815641  113        ...................G...........   143
680788920  148        ...................G...........   118
680562637  90         ...................G...........   120
680533476  99         ...................G...........   69
680382172  179        ...................G...........   149
680073675  78         ...................G...........   48
680073675  118        ...................G...........   88
679964109  195        ...................G...........   165
679374015  190        ...................G...........   160
679015619  127        ...................G...........   157
678438521  115        ...................G...........   145
678438521  145        ...................G...........   175
678438521  51         .....T.............G...........   81
678415515  170        ...................G...........   200
678415515  142        ........T..........G...........   172
678284392  96         ...................G...........   66
676723623  112        ...................G...........   142
676375914  95         ...................G...........   65
676227823  135        ...................G...........   165
676107002  100        ...................G...........   70
675436358  166        ...................G...........   196
674721318  121        ...................G...........   151
674468922  163        ...................G...........   193
674332022  158        ...................G...........   188
674332022  206        ................G..G...........   236
673466374  130        ...................G...........   160
673153740  171        ...................G...........   201
672881741  115        ...................G...........   145
672881741  179        ...................G...........   209
672838436  57         ...................G...........   87
671775049  199        ...................G...........   229
671775049  139        ........T..........G...........   169
671705954  145        ...................G...........   175
671700353  123        ...................G...........   153
671417262  109        ...................G...........   79
671417262  159        ......T............G...........   129
670837463  175        ...................G...........   205
670763251  188        ...................G...........   218
670356444  148        ...................G...........   118
670033964  172        ...................G...........   202
668809009  160        ...................G...........   190
667959080  91         ...................G...........   61
667085532  100        ...................G...........   70
667031488  195        ...................G...........   225
666168607  150        ...................G...........   180
666092697  82         ...................G...........   112
665863449  205        ...................G...........   235
665856740  186        ...................G...........   216
665740676  150        ...................G...........   180
665371192  113        ...................G...........   143
665103393  149        ...................G...........   179
664997888  105        ...................G...........   135
664782212  157        ...................G...........   187
664340545  82         ...................G...........   52
664268979  171        ...................G...........   201
663732324  183        ...................G...........   213
663066847  108        ...................G...........   138
662580580  177        ...................G...........   207
662534601  200        ...................G...........   230
662525571  172        ...................G...........   142
660766710  158        ...................G...........   188
660106101  163        ...................G...........   133
658978640  121        ...................G...........   151
658605214  133        ...................G...........   103
658396129  192        ...................G...........   222
657440353  38         ...................G...........   68
657197487  205        ...................G...........   175
656857373  217       .........T..........G............  185
655495867  122        ...................G...........   152
655305974  168        ...................G...........   198
655305974  78         ........T..........G...........   108
653602809  208        ...................G...........   238
653570017  237        ...................G...........   207
653524392  144        ...................G...........   174
653251911  133         ..................T............  163
653073162  165        ...................G...........   135
652333368  212        ...................G...........   242
651630173  213        ...................G...........   183
650251054  126        ...................G...........   156
649856287  141        ........T......................   171
649756581  161        ...................G...........   191
649756581  207        ....C..............G...........   237
649480559  176        ..................G............   146
645989618  144        .....A.........................   174
645784868  110        ........C......................   140
645081065  156        ...................G...........   186
644713743  141        ...................G...........   171
644494654  156        ...................G...........   126
643287972  91         ...................G...........   121
642086897  233        ...................G...........   203
641806372  175        ...................G...........   205
641180794  200        ...................G...........   230
641133324  119        ...................G...........   149
641042463  158        ...................G...........   128
640839958  115        ...................G...........   145
640745434  99         ...................G...........   129
640745434  141        ......T............G...........   171
640473843  133        ...................G...........   163
640007179  215        ...................G...........   245
639854455  35         ...................G...........   65
638410894  87         ...................G...........   117
638410894  181        ..............T....G...........   211
637537669  220        ...................G...........   190
637509206  51         ........T......................   21
637204087  183        ...................G...........   153
637016999  191        ...................G...........   221
635832415  108        ...................G...........   138
634591443  109        ...................G...........   139
634038034  168        ...................G...........   138
634003732  163        ...................G...........   133
633713615  185        ...................G...........   215
633713615  123        ..............T....G...........   153
633507395  124        ...................G...........   154
632907143  213        ...................G...........   243
632907143  13         ...............T...G...........   43
632907143  95         ..............T....G...........   125
632750635  168        ...................G...........   138
632280903  113        ...................G...........   143
632217221  204        ...................G...........   234
632217221  136        ........T..........G...........   166
632217221  176        ....T..............G...........   206
632147454  118        ...................G...........   148
632147454  2          ..........T........G...........   32
632147454  218        ...............C...G...........   248
630778938  115        ...................G...........   145
630360898  249        ...................G...........   219
628568256  197        ...................G...........   167
628181362  210        ...................G...........   240
627751069  98         ...................G...........   128
624742405  57         ...................G...........   87
622784176  126        ...................G...........   96
622313091  195        ...................G...........   165
622140008  220        ...................G...........   250
621691983  143        ...................G...........   113
621421263  129        ...................G...........   99
620778320  162        ...................G...........   192
620304797  129        ...................G...........   159
619848327  207        ...................G...........   237
619769152  111        ...................G...........   81
619687774  191        ...................G...........   221
619687774  123        ..................GG...........   153
618063709  202        ...................G...........   232
618063709  150        ......T............G...........   180
618062882  204        ...................G...........   234
617863455  205        ...................G...........   175
617596248  205        ...................G...........   235
616843303  94         ...................G...........   64
616717010  85         ...................G...........   115
616393939  168        ...................G...........   138
616335218  215        ...................C...........   245
614856773  151        ...................G...........   181
614534733  169        ...................G...........   199
613789067  175        ...................G...........   205
613257508  192        ...................G...........   222
612874392  84         ...................G...........   114
612222030  217        ...................G...........   247
610786250  190        ...................G...........   160
610654667  154        ...................G...........   124
609939148  160        ...................G...........   190


Lambda      K        H
   0.634    0.408    0.912 

Gapped
Lambda      K        H
   0.625    0.410    0.780 

Effective search space used: 1720828315544


Query= exon5

Length=241


***** No hits found *****



Lambda      K        H
   0.634    0.408    0.912 

Gapped
Lambda      K        H
   0.625    0.410    0.780 

Effective search space used: 10987953119500


Query= exon6

Length=123


***** No hits found *****



Lambda      K        H
   0.634    0.408    0.912 

Gapped
Lambda      K        H
   0.625    0.410    0.780 

Effective search space used: 4811629170612


Query= exon7

Length=167


***** No hits found *****



Lambda      K        H
   0.634    0.408    0.912 

Gapped
Lambda      K        H
   0.625    0.410    0.780 

Effective search space used: 7190412131364


Query= exon8

Length=226


***** No hits found *****



Lambda      K        H
   0.634    0.408    0.912 

Gapped
Lambda      K        H
   0.625    0.410    0.780 

Effective search space used: 10187859445750


Query= exon9

Length=172


***** No hits found *****



Lambda      K        H
   0.634    0.408    0.912 

Gapped
Lambda      K        H
   0.625    0.410    0.780 

Effective search space used: 7460728376904


Query= exon10

Length=124


***** No hits found *****



Lambda      K        H
   0.634    0.408    0.912 

Gapped
Lambda      K        H
   0.625    0.410    0.780 

Effective search space used: 4865692419720


Query= exon11

Length=133


***** No hits found *****



Lambda      K        H
   0.634    0.408    0.912 

Gapped
Lambda      K        H
   0.625    0.410    0.780 

Effective search space used: 5352261661692


Query= exon12

Length=192


***** No hits found *****



Lambda      K        H
   0.634    0.408    0.912 

Gapped
Lambda      K        H
   0.625    0.410    0.780 

Effective search space used: 8541993359064


Query= exon13

Length=91


***** No hits found *****



Lambda      K        H
   0.634    0.408    0.912 

Gapped
Lambda      K        H
   0.625    0.410    0.780 

Effective search space used: 3177641358028


Query= exon14

Length=239


***** No hits found *****



Lambda      K        H
   0.634    0.408    0.912 

Gapped
Lambda      K        H
   0.625    0.410    0.780 

Effective search space used: 10881273963000


Query= exon15

Length=176


***** No hits found *****



Lambda      K        H
   0.634    0.408    0.912 

Gapped
Lambda      K        H
   0.625    0.410    0.780 

Effective search space used: 7676981373336


  Database: SRR5503832_SRR6329400.fa
    Posted date:  Feb 12, 2022  3:25 PM
  Number of letters in database: 78,668,058,280
  Number of sequences in database:  723,670,858



Matrix: blastn matrix 2 -3
Gap Penalties: Existence: 5, Extension: 2
