   SW   perc perc perc  query                         position in query     matching    repeat          position in repeat
score   div. del. ins.  sequence                      begin end    (left)   repeat      class/family  begin  end    (left)  ID

   32    0.0  0.0  0.0  VXAV01004781.1:121500-156749   4850  4879 (30370) + (T)n        Simple_repeat      1     30    (0)   1  
   16    0.0  0.0  0.0  VXAV01004781.1:121500-156749   7372  7389 (27860) + (A)n        Simple_repeat      1     18    (0)   2  
 2345   30.5  1.7  2.5  VXAV01004781.1:121500-156749  10659 11715 (23534) C L3b         LINE/CR1         (1)    978     37   3  
 1677   22.8  2.4  2.6  VXAV01004781.1:121500-156749  11711 12129 (23120) C CR1-E4_fAlb LINE/CR1         (1)    429     12   4 *
 1772   28.7  1.6  1.6  VXAV01004781.1:121500-156749  12632 13482 (21767) C L3b         LINE/CR1       (432)    659      1   3  
   42    4.3  0.0  0.0  VXAV01004781.1:121500-156749  13494 13541 (21708) + (CATAGAAT)n Simple_repeat      1     48    (0)   5  
  288   30.2  3.5  2.5  VXAV01004781.1:121500-156749  14644 14799 (20450) C PABL_B-int  LTR/ERV1      (1991)   6216   6082   6  
  362   33.4  2.3  1.9  VXAV01004781.1:121500-156749  14961 15416 (19833) C PABL_B-int  LTR/ERV1      (3033)   5768   5196   6  
 1413   29.3  3.6  2.5  VXAV01004781.1:121500-156749  15778 16581 (18668) C PABL_B-int  LTR/ERV1      (3647)   4779   3506   6  
 1376   19.6  0.0  3.1  VXAV01004781.1:121500-156749  17925 18224 (17025) C CR1-E4_fAlb LINE/CR1        (26)    404    114   7  
  513   31.7  0.0  1.8  VXAV01004781.1:121500-156749  18224 18445 (16804) C CR1-12_AMi  LINE/CR1        (41)    573    356   8 *
  954   19.0 13.4  1.2  VXAV01004781.1:121500-156749  19334 19557 (15692) C CR1-E5_fAlb LINE/CR1         (0)    327     77   9  
   14   20.6  0.0  6.4  VXAV01004781.1:121500-156749  21176 21225 (14024) + (TAATA)n    Simple_repeat      1     47    (0)  10  
 1757   19.3  2.7  0.3  VXAV01004781.1:121500-156749  22080 22417 (12832) C CR1-J3_fAlb LINE/CR1         (0)    979    634  11  
   29   14.0  0.0  0.0  VXAV01004781.1:121500-156749  23449 23495 (11754) + (A)n        Simple_repeat      1     47    (0)  12  
 1757   19.3  2.7  0.3  VXAV01004781.1:121500-156749  23635 23972 (11277) C CR1-J3_fAlb LINE/CR1         (0)    979    634  13  
 2540   29.2  2.5  2.3  VXAV01004781.1:121500-156749  25455 26669  (8580) + CR1-J3_fAlb LINE/CR1           1   1085    (6)  14  
   24    6.8  0.0  0.0  VXAV01004781.1:121500-156749  27234 27264  (7985) + (T)n        Simple_repeat      1     31    (0)  15  
   13   15.2  0.0  3.3  VXAV01004781.1:121500-156749  27880 27910  (7339) + (TTG)n      Simple_repeat      1     30    (0)  16  
   22    0.0  0.0  0.0  VXAV01004781.1:121500-156749  28472 28495  (6754) + (T)n        Simple_repeat      1     24    (0)  17  
 1584   19.9  1.5  1.2  VXAV01004781.1:121500-156749  29254 29578  (5671) C CR1-E4_fAlb LINE/CR1         (0)    430    105  18  
   16   23.9  4.4  0.0  VXAV01004781.1:121500-156749  31111 31155  (4094) + (AC)n       Simple_repeat      1     47    (0)  19  
 1264   32.2  6.0  2.6  VXAV01004781.1:121500-156749  31272 32058  (3191) C CR1-J3_fAlb LINE/CR1         (1)    978    166  20  
   13   11.6  0.0  6.7  VXAV01004781.1:121500-156749  34214 34245  (1004) + (GTTTT)n    Simple_repeat      1     30    (0)  21  
   15    5.6  0.0  0.0  VXAV01004781.1:121500-156749  34538 34556   (693) + (A)n        Simple_repeat      1     19    (0)  22  
