
Loaded 'libv3/all-terms.bf' from /usr/local/lib/hyphy/TemplateBatchFiles/libv3/all-terms.bf
Loaded 'libv3/UtilityFunctions.bf' from /usr/local/lib/hyphy/TemplateBatchFiles/libv3/UtilityFunctions.bf
Loaded 'IOFunctions.bf' from /usr/local/lib/hyphy/TemplateBatchFiles/libv3/IOFunctions.bf
Already loaded 'libv3/UtilityFunctions.bf' from /usr/local/lib/hyphy/TemplateBatchFiles/libv3/UtilityFunctions.bf
Loaded 'convenience/regexp.bf' from /usr/local/lib/hyphy/TemplateBatchFiles/libv3/convenience/regexp.bf
Already loaded 'libv3/all-terms.bf' from /usr/local/lib/hyphy/TemplateBatchFiles/libv3/all-terms.bf
Already loaded 'libv3/IOFunctions.bf' from /usr/local/lib/hyphy/TemplateBatchFiles/libv3/IOFunctions.bf
Loaded 'libv3/models/codon/MG_REV.bf' from /usr/local/lib/hyphy/TemplateBatchFiles/libv3/models/codon/MG_REV.bf
Loaded '../codon.bf' from /usr/local/lib/hyphy/TemplateBatchFiles/libv3/models/codon.bf
Loaded '../tasks/genetic_code.bf' from /usr/local/lib/hyphy/TemplateBatchFiles/libv3/tasks/genetic_code.bf
Loaded 'libv3/convenience/matrix.bf' from /usr/local/lib/hyphy/TemplateBatchFiles/libv3/convenience/matrix.bf
Already loaded 'libv3/UtilityFunctions.bf' from /usr/local/lib/hyphy/TemplateBatchFiles/libv3/UtilityFunctions.bf
Already loaded 'libv3/all-terms.bf' from /usr/local/lib/hyphy/TemplateBatchFiles/libv3/all-terms.bf
Already loaded '../UtilityFunctions.bf' from /usr/local/lib/hyphy/TemplateBatchFiles/libv3/UtilityFunctions.bf
Loaded '../DNA.bf' from /usr/local/lib/hyphy/TemplateBatchFiles/libv3/models/DNA.bf
Loaded 'frequencies.bf' from /usr/local/lib/hyphy/TemplateBatchFiles/libv3/models/frequencies.bf
Already loaded '../all-terms.bf' from /usr/local/lib/hyphy/TemplateBatchFiles/libv3/all-terms.bf
Loaded 'parameters.bf' from /usr/local/lib/hyphy/TemplateBatchFiles/libv3/models/parameters.bf
Loaded 'GrabBag' from /usr/local/lib/hyphy/TemplateBatchFiles/Utility/GrabBag.bf
Overwritten previously defined function:'_sortStringsAux'
Already loaded 'libv3/all-terms.bf' from /usr/local/lib/hyphy/TemplateBatchFiles/libv3/all-terms.bf
Already loaded '../UtilityFunctions.bf' from /usr/local/lib/hyphy/TemplateBatchFiles/libv3/UtilityFunctions.bf
Loaded 'model_functions.bf' from /usr/local/lib/hyphy/TemplateBatchFiles/libv3/models/model_functions.bf
Already loaded 'DNA.bf' from /usr/local/lib/hyphy/TemplateBatchFiles/libv3/models/DNA.bf
Already loaded 'parameters.bf' from /usr/local/lib/hyphy/TemplateBatchFiles/libv3/models/parameters.bf
Already loaded 'frequencies.bf' from /usr/local/lib/hyphy/TemplateBatchFiles/libv3/models/frequencies.bf
Already loaded '../UtilityFunctions.bf' from /usr/local/lib/hyphy/TemplateBatchFiles/libv3/UtilityFunctions.bf
Already loaded '../convenience/regexp.bf' from /usr/local/lib/hyphy/TemplateBatchFiles/libv3/convenience/regexp.bf
Already loaded 'libv3/all-terms.bf' from /usr/local/lib/hyphy/TemplateBatchFiles/libv3/all-terms.bf
Already loaded '../parameters.bf' from /usr/local/lib/hyphy/TemplateBatchFiles/libv3/models/parameters.bf
Already loaded '../frequencies.bf' from /usr/local/lib/hyphy/TemplateBatchFiles/libv3/models/frequencies.bf
Already loaded '../../UtilityFunctions.bf' from /usr/local/lib/hyphy/TemplateBatchFiles/libv3/UtilityFunctions.bf
Loaded 'libv3/tasks/estimators.bf' from /usr/local/lib/hyphy/TemplateBatchFiles/libv3/tasks/estimators.bf
Already loaded '../models/model_functions.bf' from /usr/local/lib/hyphy/TemplateBatchFiles/libv3/models/model_functions.bf
Loaded '../models/DNA/GTR.bf' from /usr/local/lib/hyphy/TemplateBatchFiles/libv3/models/DNA/GTR.bf
Already loaded '../DNA.bf' from /usr/local/lib/hyphy/TemplateBatchFiles/libv3/models/DNA.bf
Already loaded '../parameters.bf' from /usr/local/lib/hyphy/TemplateBatchFiles/libv3/models/parameters.bf
Already loaded '../frequencies.bf' from /usr/local/lib/hyphy/TemplateBatchFiles/libv3/models/frequencies.bf
Already loaded '../../UtilityFunctions.bf' from /usr/local/lib/hyphy/TemplateBatchFiles/libv3/UtilityFunctions.bf
Already loaded 'libv3/all-terms.bf' from /usr/local/lib/hyphy/TemplateBatchFiles/libv3/all-terms.bf
Already loaded '../convenience/regexp.bf' from /usr/local/lib/hyphy/TemplateBatchFiles/libv3/convenience/regexp.bf
Already loaded 'libv3/all-terms.bf' from /usr/local/lib/hyphy/TemplateBatchFiles/libv3/all-terms.bf
Loaded 'libv3/tasks/alignments.bf' from /usr/local/lib/hyphy/TemplateBatchFiles/libv3/tasks/alignments.bf
Already loaded '../IOFunctions.bf' from /usr/local/lib/hyphy/TemplateBatchFiles/libv3/IOFunctions.bf
Already loaded '../all-terms.bf' from /usr/local/lib/hyphy/TemplateBatchFiles/libv3/all-terms.bf
Loaded 'libv3/tasks/trees.bf' from /usr/local/lib/hyphy/TemplateBatchFiles/libv3/tasks/trees.bf
Already loaded '../IOFunctions.bf' from /usr/local/lib/hyphy/TemplateBatchFiles/libv3/IOFunctions.bf
Already loaded '../all-terms.bf' from /usr/local/lib/hyphy/TemplateBatchFiles/libv3/all-terms.bf
Already loaded '../convenience/regexp.bf' from /usr/local/lib/hyphy/TemplateBatchFiles/libv3/convenience/regexp.bf
Already loaded '../UtilityFunctions.bf' from /usr/local/lib/hyphy/TemplateBatchFiles/libv3/UtilityFunctions.bf
Loaded 'TreeTools' from /usr/local/lib/hyphy/TemplateBatchFiles/TreeTools.ibf
Loaded 'modules/io_functions.ibf' from /usr/local/lib/hyphy/TemplateBatchFiles/SelectionAnalyses/modules/io_functions.ibf
Already loaded 'libv3/UtilityFunctions.bf' from /usr/local/lib/hyphy/TemplateBatchFiles/libv3/UtilityFunctions.bf
Already loaded 'libv3/IOFunctions.bf' from /usr/local/lib/hyphy/TemplateBatchFiles/libv3/IOFunctions.bf
Already loaded 'libv3/convenience/regexp.bf' from /usr/local/lib/hyphy/TemplateBatchFiles/libv3/convenience/regexp.bf
Already loaded 'libv3/all-terms.bf' from /usr/local/lib/hyphy/TemplateBatchFiles/libv3/all-terms.bf
Loaded 'modules/selection_lib.ibf' from /usr/local/lib/hyphy/TemplateBatchFiles/SelectionAnalyses/modules/selection_lib.ibf
Loaded 'libv3/models/codon/BS_REL.bf' from /usr/local/lib/hyphy/TemplateBatchFiles/libv3/models/codon/BS_REL.bf
Already loaded '../codon.bf' from /usr/local/lib/hyphy/TemplateBatchFiles/libv3/models/codon.bf
Already loaded '../DNA.bf' from /usr/local/lib/hyphy/TemplateBatchFiles/libv3/models/DNA.bf
Already loaded '../parameters.bf' from /usr/local/lib/hyphy/TemplateBatchFiles/libv3/models/parameters.bf
Already loaded '../frequencies.bf' from /usr/local/lib/hyphy/TemplateBatchFiles/libv3/models/frequencies.bf
Already loaded '../../UtilityFunctions.bf' from /usr/local/lib/hyphy/TemplateBatchFiles/libv3/UtilityFunctions.bf
Already loaded 'MG_REV.bf' from /usr/local/lib/hyphy/TemplateBatchFiles/libv3/models/codon/MG_REV.bf
Loaded '../../convenience/math.bf' from /usr/local/lib/hyphy/TemplateBatchFiles/libv3/convenience/math.bf
Already loaded 'libv3/UtilityFunctions.bf' from /usr/local/lib/hyphy/TemplateBatchFiles/libv3/UtilityFunctions.bf
Already loaded 'libv3/convenience/math.bf' from /usr/local/lib/hyphy/TemplateBatchFiles/libv3/convenience/math.bf
Loaded 'libv3/tasks/mpi.bf' from /usr/local/lib/hyphy/TemplateBatchFiles/libv3/tasks/mpi.bf
Already loaded '../all-terms.bf' from /usr/local/lib/hyphy/TemplateBatchFiles/libv3/all-terms.bf
Already loaded '../models/parameters.bf' from /usr/local/lib/hyphy/TemplateBatchFiles/libv3/models/parameters.bf
Variable 'NORMALIZE_SEQUENCE_NAMES' was not initialized prior to being used
Variable 'ASSUME_REVERSIBLE_MODELS' was not initialized prior to being used
Loaded 'modules/shared-load-file.bf' from /usr/local/lib/hyphy/TemplateBatchFiles/SelectionAnalyses/modules/shared-load-file.bf
Variable 'MARKDOWN_OUTPUT' was not initialized prior to being used
Already loaded 'libv3/convenience/matrix.bf' from /usr/local/lib/hyphy/TemplateBatchFiles/libv3/convenience/matrix.bf
Already loaded 'libv3/UtilityFunctions.bf' from /usr/local/lib/hyphy/TemplateBatchFiles/libv3/UtilityFunctions.bf
Variable '_WlMfGHm.skipCodeSelectionStep' was not initialized prior to being used
Row and/or column partition is empty. All the data will be used by default.
Variable 'NEXUS_FILE_TREE_MATRIX' was not initialized prior to being used
Variable 'utility.ToggleEnvVariable.cache' was not initialized prior to being used
Variable 'TREE_NODE_NAME_MAPPING' was not initialized prior to being used
Variable 'BTYvpBKw.PROMPT_FOR_FILE' was not initialized prior to being used
Variable 'END_OF_FILE' was not initialized prior to being used
Variable '_DO_TREE_REBALANCE_' was not initialized prior to being used
Variable '_KEEP_I_LABELS_' was not initialized prior to being used
Rooted topology. Removing one branch - the left root child has been promoted to be the new root
Variable 'INCLUDE_MODEL_SPECS' was not initialized prior to being used
Variable 'utility.ForEachPair.warn_non_rentrant' was not initialized prior to being used
Row and/or column partition is empty. All the data will be used by default.
Row and/or column partition is empty. All the data will be used by default.
Loaded 'modules/grid_compute.ibf' from /usr/local/lib/hyphy/TemplateBatchFiles/SelectionAnalyses/modules/grid_compute.ibf
Variable 'cwLTxYhO.cache' was not initialized prior to being used
Row and/or column partition is empty. All the data will be used by default.
Variable 'COUNT_GAPS_IN_FREQUENCIES' was not initialized prior to being used
Variable 'zr_eAJWg.model_pi' was not initialized prior to being used
Model zr_eAJWg.model assigned to Dasypus_novemcinctus
Model zr_eAJWg.model assigned to Tolypeutes_matacus
Model zr_eAJWg.model assigned to Chaetophractus_vellerosus
Model zr_eAJWg.model assigned to 14
Model zr_eAJWg.model assigned to Tamandua_tetradactyla
Model zr_eAJWg.model assigned to Myrmecophaga_tridactyla
Model zr_eAJWg.model assigned to 11
Model zr_eAJWg.model assigned to Choloepus_didactylus
Model zr_eAJWg.model assigned to Choloepus_hoffmanni
Model zr_eAJWg.model assigned to 10
Model zr_eAJWg.model assigned to 19
The tips of the tree:zr_eAJWg.tree_0 were matched with the species names from the data in the following numeric order (0-based) {3,6,0,5,4,1,2}

Pseudo-optimal path's cost 1166 vs 1908 for 1..k=> a 1.63636 x improvement
Partition 0 is ASSUMED to have a reversible model
Variable 'USE_LAST_RESULTS' was not initialized prior to being used
Variable 'zr_eAJWg.tree_0.Dasypus_novemcinctus.t' was not initialized prior to being used
models.generic.SetBranchLength: zr_eAJWg.tree_0.Dasypus_novemcinctus.t=138.1752141327876
Variable 'zr_eAJWg.tree_0.Tolypeutes_matacus.t' was not initialized prior to being used
models.generic.SetBranchLength: zr_eAJWg.tree_0.Tolypeutes_matacus.t=138.1752141327876
Variable 'zr_eAJWg.tree_0.Chaetophractus_vellerosus.t' was not initialized prior to being used
models.generic.SetBranchLength: zr_eAJWg.tree_0.Chaetophractus_vellerosus.t=138.1752141327876
Variable 'zr_eAJWg.tree_0.14.t' was not initialized prior to being used
models.generic.SetBranchLength: zr_eAJWg.tree_0.14.t=2.698734651031008e-10
Variable 'zr_eAJWg.tree_0.Tamandua_tetradactyla.t' was not initialized prior to being used
models.generic.SetBranchLength: zr_eAJWg.tree_0.Tamandua_tetradactyla.t=35.24547454246497
Variable 'zr_eAJWg.tree_0.Myrmecophaga_tridactyla.t' was not initialized prior to being used
models.generic.SetBranchLength: zr_eAJWg.tree_0.Myrmecophaga_tridactyla.t=35.24547454246497
Variable 'zr_eAJWg.tree_0.11.t' was not initialized prior to being used
models.generic.SetBranchLength: zr_eAJWg.tree_0.11.t=114.6281066062258
Variable 'zr_eAJWg.tree_0.Choloepus_didactylus.t' was not initialized prior to being used
models.generic.SetBranchLength: zr_eAJWg.tree_0.Choloepus_didactylus.t=18.7562058246655
Variable 'zr_eAJWg.tree_0.Choloepus_hoffmanni.t' was not initialized prior to being used
models.generic.SetBranchLength: zr_eAJWg.tree_0.Choloepus_hoffmanni.t=18.7562058246655
Variable 'zr_eAJWg.tree_0.10.t' was not initialized prior to being used
models.generic.SetBranchLength: zr_eAJWg.tree_0.10.t=131.1173753240253
Variable 'zr_eAJWg.tree_0.19.t' was not initialized prior to being used
models.generic.SetBranchLength: zr_eAJWg.tree_0.19.t=28.274463661909
Variable 'zr_eAJWg.zr_eAJWg.likelihoodFunction' was not initialized prior to being used
Variable 'SAVE_OPT_STATUS_TO' was not initialized prior to being used
Auto-benchmarked an optimal number (1) of threads.
Set GUI update interval to every 3968-th LF evaluation.
Optimization settings:
	OPTIMIZATION_METHOD = 4
	OPTIMIZATION_PRECISION = 0.001
	MAXIMUM_ITERATIONS_PER_VARIABLE = 5000

Initial parameter values

zr_eAJWg.model.theta_GT = 0.25
zr_eAJWg.model.theta_CT = 1
zr_eAJWg.model.theta_AC = 0.25
zr_eAJWg.model.theta_CG = 0.25
zr_eAJWg.model.theta_AT = 0.25
zr_eAJWg.tree_0.Dasypus_novemcinctus.t = 138.175
zr_eAJWg.tree_0.Tolypeutes_matacus.t = 138.175
zr_eAJWg.tree_0.Chaetophractus_vellerosus.t = 138.175
zr_eAJWg.tree_0.14.t = 2.69873e-10
zr_eAJWg.tree_0.Tamandua_tetradactyla.t = 35.2455
zr_eAJWg.tree_0.Myrmecophaga_tridactyla.t = 35.2455
zr_eAJWg.tree_0.11.t = 114.628
zr_eAJWg.tree_0.Choloepus_didactylus.t = 18.7562
zr_eAJWg.tree_0.Choloepus_hoffmanni.t = 18.7562
zr_eAJWg.tree_0.10.t = 131.117
zr_eAJWg.tree_0.19.t = 28.2745
Site 57 evaluated to a 0 probability in ComputeLLWithBranchCache
Site 57 evaluated to a 0 probability in ComputeLLWithBranchCache
Optimization finished in 43 loop passes.
2497 likelihood evaluation calls and 12580 matrix exponentiations calls were made

Variable 'BRANCH_LENGTH_STENCIL' was not initialized prior to being used
Variable 'zr_eAJWg.option' was not initialized prior to being used
Variable 'relax.terms.json.nucleotide_gtr' was not initialized prior to being used
Variable 'Unknown' was not initialized prior to being used
Variable 'kUXTAHLR.initial_value' was not initialized prior to being used
Variable 'ksWjINHU.data_filter' was not initialized prior to being used
Row and/or column partition is empty. All the data will be used by default.
Auto-benchmarked an optimal number (3) of threads.
Set GUI update interval to every 6410-th LF evaluation.
Optimization settings:
	OPTIMIZATION_METHOD = 4
	OPTIMIZATION_PRECISION = 0.001
	MAXIMUM_ITERATIONS_PER_VARIABLE = 5000

Initial parameter values

frequencies._aux.CF3x4.p0_0 = 0.304228
frequencies._aux.CF3x4.p0_1 = 0.261459
frequencies._aux.CF3x4.p0_2 = 0.605067
frequencies._aux.CF3x4.p1_0 = 0.345557
frequencies._aux.CF3x4.p1_1 = 0.288921
frequencies._aux.CF3x4.p1_2 = 0.438142
frequencies._aux.CF3x4.p2_0 = 0.299212
frequencies._aux.CF3x4.p2_1 = 0.298108
frequencies._aux.CF3x4.p2_2 = 0.36984
Optimization finished in 5 loop passes.
190 likelihood evaluation calls and 0 matrix exponentiations calls were made

Variable 'ksWjINHU.model_MGREV_pi' was not initialized prior to being used
Model ksWjINHU.model_MGREV assigned to Dasypus_novemcinctus
Model ksWjINHU.model_MGREV assigned to Tolypeutes_matacus
Model ksWjINHU.model_MGREV assigned to Chaetophractus_vellerosus
Model ksWjINHU.model_MGREV assigned to 14
Model ksWjINHU.model_MGREV assigned to Tamandua_tetradactyla
Model ksWjINHU.model_MGREV assigned to Myrmecophaga_tridactyla
Model ksWjINHU.model_MGREV assigned to 11
Model ksWjINHU.model_MGREV assigned to Choloepus_didactylus
Model ksWjINHU.model_MGREV assigned to Choloepus_hoffmanni
Model ksWjINHU.model_MGREV assigned to 10
Model ksWjINHU.model_MGREV assigned to 19
The tips of the tree:ksWjINHU.tree_0 were matched with the species names from the data in the following numeric order (0-based) {3,6,0,5,4,1,2}

Pseudo-optimal path's cost 3069 vs 4075 for 1..k=> a 1.32779 x improvement
Partition 0 is ASSUMED to have a reversible model
Variable 'ksWjINHU.ksWjINHU.likelihoodFunction' was not initialized prior to being used
Variable 'ksWjINHU.tree_0.Dasypus_novemcinctus.alpha' was not initialized prior to being used
Variable 'ksWjINHU.tree_0.Tolypeutes_matacus.alpha' was not initialized prior to being used
Variable 'ksWjINHU.tree_0.Chaetophractus_vellerosus.alpha' was not initialized prior to being used
Variable 'ksWjINHU.tree_0.14.alpha' was not initialized prior to being used
Variable 'ksWjINHU.tree_0.Tamandua_tetradactyla.alpha' was not initialized prior to being used
Variable 'ksWjINHU.tree_0.Myrmecophaga_tridactyla.alpha' was not initialized prior to being used
Variable 'ksWjINHU.tree_0.11.alpha' was not initialized prior to being used
Variable 'ksWjINHU.tree_0.Choloepus_didactylus.alpha' was not initialized prior to being used
Variable 'ksWjINHU.tree_0.Choloepus_hoffmanni.alpha' was not initialized prior to being used
Variable 'ksWjINHU.tree_0.10.alpha' was not initialized prior to being used
Variable 'ksWjINHU.tree_0.19.alpha' was not initialized prior to being used
Site 142 evaluated to a 0 probability in ComputeTreeBlockByBranch
Site 142 evaluated to a 0 probability in ComputeTreeBlockByBranch
Site 350 evaluated to a 0 probability in ComputeTreeBlockByBranch
Site 142 evaluated to a 0 probability in ComputeTreeBlockByBranch
Site 196 evaluated to a 0 probability in ComputeTreeBlockByBranch
Site 234 evaluated to a 0 probability in ComputeTreeBlockByBranch
Site 142 evaluated to a 0 probability in ComputeTreeBlockByBranch
Site 356 evaluated to a 0 probability in ComputeTreeBlockByBranch
Site 321 evaluated to a 0 probability in ComputeTreeBlockByBranch
Site 350 evaluated to a 0 probability in ComputeTreeBlockByBranch
Site 142 evaluated to a 0 probability in ComputeTreeBlockByBranch
Site 374 evaluated to a 0 probability in ComputeTreeBlockByBranch
Site 260 evaluated to a 0 probability in ComputeTreeBlockByBranch
Site 174 evaluated to a 0 probability in ComputeTreeBlockByBranch
Site 145 evaluated to a 0 probability in ComputeTreeBlockByBranch
Site 142 evaluated to a 0 probability in ComputeTreeBlockByBranch
Site 108 evaluated to a 0 probability in ComputeTreeBlockByBranch
Site 236 evaluated to a 0 probability in ComputeTreeBlockByBranch
Site 261 evaluated to a 0 probability in ComputeTreeBlockByBranch
Site 5 evaluated to a 0 probability in ComputeTreeBlockByBranch
Site 196 evaluated to a 0 probability in ComputeTreeBlockByBranch
Site 142 evaluated to a 0 probability in ComputeTreeBlockByBranch
Site 348 evaluated to a 0 probability in ComputeTreeBlockByBranch
Site 119 evaluated to a 0 probability in ComputeTreeBlockByBranch
Site 370 evaluated to a 0 probability in ComputeTreeBlockByBranch
Site 8 evaluated to a 0 probability in ComputeTreeBlockByBranch
Site 365 evaluated to a 0 probability in ComputeTreeBlockByBranch
Site 307 evaluated to a 0 probability in ComputeTreeBlockByBranch
Site 142 evaluated to a 0 probability in ComputeTreeBlockByBranch
Site 306 evaluated to a 0 probability in ComputeTreeBlockByBranch
Site 350 evaluated to a 0 probability in ComputeTreeBlockByBranch
Site 177 evaluated to a 0 probability in ComputeTreeBlockByBranch
Site 321 evaluated to a 0 probability in ComputeTreeBlockByBranch
Site 274 evaluated to a 0 probability in ComputeTreeBlockByBranch
Site 356 evaluated to a 0 probability in ComputeTreeBlockByBranch
Site 188 evaluated to a 0 probability in ComputeTreeBlockByBranch
Site 142 evaluated to a 0 probability in ComputeTreeBlockByBranch
Site 272 evaluated to a 0 probability in ComputeTreeBlockByBranch
Site 329 evaluated to a 0 probability in ComputeTreeBlockByBranch
Site 21 evaluated to a 0 probability in ComputeTreeBlockByBranch
Site 270 evaluated to a 0 probability in ComputeTreeBlockByBranch
Site 236 evaluated to a 0 probability in ComputeTreeBlockByBranch
Site 196 evaluated to a 0 probability in ComputeTreeBlockByBranch
Site 114 evaluated to a 0 probability in ComputeTreeBlockByBranch
Site 215 evaluated to a 0 probability in ComputeTreeBlockByBranch
Site 142 evaluated to a 0 probability in ComputeTreeBlockByBranch
Site 320 evaluated to a 0 probability in ComputeTreeBlockByBranch
Site 297 evaluated to a 0 probability in ComputeTreeBlockByBranch
Site 154 evaluated to a 0 probability in ComputeTreeBlockByBranch
Site 119 evaluated to a 0 probability in ComputeTreeBlockByBranch
Site 360 evaluated to a 0 probability in ComputeTreeBlockByBranch
Site 36 evaluated to a 0 probability in ComputeTreeBlockByBranch
Site 346 evaluated to a 0 probability in ComputeTreeBlockByBranch
Site 173 evaluated to a 0 probability in ComputeTreeBlockByBranch
Site 288 evaluated to a 0 probability in ComputeTreeBlockByBranch
Site 97 evaluated to a 0 probability in ComputeTreeBlockByBranch
Site 142 evaluated to a 0 probability in ComputeTreeBlockByBranch
Site 23 evaluated to a 0 probability in ComputeTreeBlockByBranch
Site 134 evaluated to a 0 probability in ComputeTreeBlockByBranch
Site 150 evaluated to a 0 probability in ComputeTreeBlockByBranch
Site 112 evaluated to a 0 probability in ComputeTreeBlockByBranch
Site 4 evaluated to a 0 probability in ComputeTreeBlockByBranch
Site 269 evaluated to a 0 probability in ComputeTreeBlockByBranch
Site 248 evaluated to a 0 probability in ComputeTreeBlockByBranch
Site 297 evaluated to a 0 probability in ComputeTreeBlockByBranch
Site 105 evaluated to a 0 probability in ComputeTreeBlockByBranch
Auto-benchmarked an optimal number (10) of threads.
Set GUI update interval to every 361-th LF evaluation.
Initial guess for ksWjINHU.tree_0.14.alpha is 2.72486e-06
Initial guess for ksWjINHU.tree_0.Tolypeutes_matacus.alpha is 1.72776e-05
Initial guess for ksWjINHU.tree_0.Chaetophractus_vellerosus.alpha is 1.03745e-05
Initial guess for ksWjINHU.tree_0.19.alpha is 4.9013e-06
Initial guess for ksWjINHU.tree_0.11.alpha is 3.31045e-05
Initial guess for ksWjINHU.tree_0.Tamandua_tetradactyla.alpha is 8.53894e-06
Initial guess for ksWjINHU.tree_0.Myrmecophaga_tridactyla.alpha is 9.07495e-06
Initial guess for ksWjINHU.tree_0.10.alpha is 2.26918e-05
Initial guess for ksWjINHU.tree_0.Choloepus_didactylus.alpha is 4.43454e-06
Initial guess for ksWjINHU.tree_0.Choloepus_hoffmanni.alpha is 9.49106e-07
Optimization settings:
	OPTIMIZATION_METHOD = 4
	OPTIMIZATION_PRECISION = 0.001
	MAXIMUM_ITERATIONS_PER_VARIABLE = 5000

Initial parameter values

ksWjINHU.model_MGREV.theta_GT = 1
ksWjINHU.model_MGREV.theta_CT = 1
ksWjINHU.model_MGREV.theta_CG = 1
ksWjINHU.model_MGREV.theta_AT = 1
ksWjINHU.model_MGREV.theta_AC = 1
ksWjINHU.model_MGREV.omega_0 = 1
ksWjINHU.tree_0.Dasypus_novemcinctus.alpha = 0.1
ksWjINHU.tree_0.Tolypeutes_matacus.alpha = 1.72776e-05
ksWjINHU.tree_0.Chaetophractus_vellerosus.alpha = 1.03745e-05
ksWjINHU.tree_0.14.alpha = 2.72486e-06
ksWjINHU.tree_0.Tamandua_tetradactyla.alpha = 8.53894e-06
ksWjINHU.tree_0.Myrmecophaga_tridactyla.alpha = 9.07495e-06
ksWjINHU.tree_0.11.alpha = 3.31045e-05
ksWjINHU.tree_0.Choloepus_didactylus.alpha = 4.43454e-06
ksWjINHU.tree_0.Choloepus_hoffmanni.alpha = 9.49106e-07
ksWjINHU.tree_0.10.alpha = 2.26918e-05
ksWjINHU.tree_0.19.alpha = 4.9013e-06
ksWjINHU.model_MGREV.omega_1 = 1
Failing bound checks on ksWjINHU.tree_0.19.beta =         10004.78614450164
Optimization finished in 28 loop passes.
1636 likelihood evaluation calls and 8151 matrix exponentiations calls were made

Row and/or column partition is empty. All the data will be used by default.
Auto-benchmarked an optimal number (3) of threads.
Set GUI update interval to every 6329-th LF evaluation.
Optimization settings:
	OPTIMIZATION_METHOD = 4
	OPTIMIZATION_PRECISION = 0.001
	MAXIMUM_ITERATIONS_PER_VARIABLE = 5000

Initial parameter values

frequencies._aux.CF3x4.p0_0 = 0.304228
frequencies._aux.CF3x4.p0_1 = 0.261459
frequencies._aux.CF3x4.p0_2 = 0.605067
frequencies._aux.CF3x4.p1_0 = 0.345557
frequencies._aux.CF3x4.p1_1 = 0.288921
frequencies._aux.CF3x4.p1_2 = 0.438142
frequencies._aux.CF3x4.p2_0 = 0.299212
frequencies._aux.CF3x4.p2_1 = 0.298108
frequencies._aux.CF3x4.p2_2 = 0.36984
Optimization finished in 5 loop passes.
190 likelihood evaluation calls and 0 matrix exponentiations calls were made

Variable 'ksWjINHU.model_MGREV_pi' was not initialized prior to being used
Model ksWjINHU.model_MGREV assigned to Dasypus_novemcinctus
Model ksWjINHU.model_MGREV assigned to Tolypeutes_matacus
Model ksWjINHU.model_MGREV assigned to Chaetophractus_vellerosus
Model ksWjINHU.model_MGREV assigned to 14
Model ksWjINHU.model_MGREV assigned to Tamandua_tetradactyla
Model ksWjINHU.model_MGREV assigned to Myrmecophaga_tridactyla
Model ksWjINHU.model_MGREV assigned to 11
Model ksWjINHU.model_MGREV assigned to Choloepus_didactylus
Model ksWjINHU.model_MGREV assigned to Choloepus_hoffmanni
Model ksWjINHU.model_MGREV assigned to 10
Model ksWjINHU.model_MGREV assigned to 19
The tips of the tree:ksWjINHU.tree_0 were matched with the species names from the data in the following numeric order (0-based) {3,6,0,5,4,1,2}

Pseudo-optimal path's cost 3069 vs 4075 for 1..k=> a 1.32779 x improvement
Partition 0 is ASSUMED to have a reversible model
Variable 'ksWjINHU.tree_0.Choloepus_hoffmanni.alpha' was not initialized prior to being used
Variable 'ksWjINHU.tree_0.Choloepus_didactylus.alpha' was not initialized prior to being used
Variable 'ksWjINHU.tree_0.10.alpha' was not initialized prior to being used
Variable 'ksWjINHU.tree_0.Tolypeutes_matacus.alpha' was not initialized prior to being used
Variable 'ksWjINHU.tree_0.11.alpha' was not initialized prior to being used
Variable 'ksWjINHU.tree_0.Chaetophractus_vellerosus.alpha' was not initialized prior to being used
Variable 'ksWjINHU.tree_0.Myrmecophaga_tridactyla.alpha' was not initialized prior to being used
Variable 'ksWjINHU.tree_0.Dasypus_novemcinctus.alpha' was not initialized prior to being used
Variable 'ksWjINHU.tree_0.Tamandua_tetradactyla.alpha' was not initialized prior to being used
Variable 'ksWjINHU.tree_0.14.alpha' was not initialized prior to being used
Variable 'ksWjINHU.tree_0.19.alpha' was not initialized prior to being used
Site 142 evaluated to a 0 probability in ComputeTreeBlockByBranch
Site 142 evaluated to a 0 probability in ComputeTreeBlockByBranch
Site 350 evaluated to a 0 probability in ComputeTreeBlockByBranch
Site 142 evaluated to a 0 probability in ComputeTreeBlockByBranch
Site 234 evaluated to a 0 probability in ComputeTreeBlockByBranch
Site 196 evaluated to a 0 probability in ComputeTreeBlockByBranch
Site 142 evaluated to a 0 probability in ComputeTreeBlockByBranch
Site 350 evaluated to a 0 probability in ComputeTreeBlockByBranch
Site 321 evaluated to a 0 probability in ComputeTreeBlockByBranch
Site 356 evaluated to a 0 probability in ComputeTreeBlockByBranch
Site 142 evaluated to a 0 probability in ComputeTreeBlockByBranch
Site 260 evaluated to a 0 probability in ComputeTreeBlockByBranch
Site 145 evaluated to a 0 probability in ComputeTreeBlockByBranch
Site 174 evaluated to a 0 probability in ComputeTreeBlockByBranch
Site 374 evaluated to a 0 probability in ComputeTreeBlockByBranch
Site 142 evaluated to a 0 probability in ComputeTreeBlockByBranch
Site 261 evaluated to a 0 probability in ComputeTreeBlockByBranch
Site 196 evaluated to a 0 probability in ComputeTreeBlockByBranch
Site 108 evaluated to a 0 probability in ComputeTreeBlockByBranch
Site 5 evaluated to a 0 probability in ComputeTreeBlockByBranch
Site 236 evaluated to a 0 probability in ComputeTreeBlockByBranch
Site 142 evaluated to a 0 probability in ComputeTreeBlockByBranch
Site 348 evaluated to a 0 probability in ComputeTreeBlockByBranch
Site 365 evaluated to a 0 probability in ComputeTreeBlockByBranch
Site 8 evaluated to a 0 probability in ComputeTreeBlockByBranch
Site 119 evaluated to a 0 probability in ComputeTreeBlockByBranch
Site 370 evaluated to a 0 probability in ComputeTreeBlockByBranch
Site 307 evaluated to a 0 probability in ComputeTreeBlockByBranch
Site 142 evaluated to a 0 probability in ComputeTreeBlockByBranch
Site 306 evaluated to a 0 probability in ComputeTreeBlockByBranch
Site 177 evaluated to a 0 probability in ComputeTreeBlockByBranch
Site 321 evaluated to a 0 probability in ComputeTreeBlockByBranch
Site 356 evaluated to a 0 probability in ComputeTreeBlockByBranch
Site 350 evaluated to a 0 probability in ComputeTreeBlockByBranch
Site 274 evaluated to a 0 probability in ComputeTreeBlockByBranch
Site 188 evaluated to a 0 probability in ComputeTreeBlockByBranch
Site 142 evaluated to a 0 probability in ComputeTreeBlockByBranch
Site 272 evaluated to a 0 probability in ComputeTreeBlockByBranch
Site 114 evaluated to a 0 probability in ComputeTreeBlockByBranch
Site 236 evaluated to a 0 probability in ComputeTreeBlockByBranch
Site 21 evaluated to a 0 probability in ComputeTreeBlockByBranch
Site 196 evaluated to a 0 probability in ComputeTreeBlockByBranch
Site 270 evaluated to a 0 probability in ComputeTreeBlockByBranch
Site 329 evaluated to a 0 probability in ComputeTreeBlockByBranch
Site 215 evaluated to a 0 probability in ComputeTreeBlockByBranch
Auto-benchmarked an optimal number (8) of threads.
Set GUI update interval to every 402-th LF evaluation.
Initial guess for ksWjINHU.tree_0.14.alpha is 2.72486e-06
Initial guess for ksWjINHU.tree_0.Tolypeutes_matacus.alpha is 1.72776e-05
Initial guess for ksWjINHU.tree_0.Chaetophractus_vellerosus.alpha is 1.03745e-05
Initial guess for ksWjINHU.tree_0.19.alpha is 4.9013e-06
Initial guess for ksWjINHU.tree_0.11.alpha is 3.31045e-05
Initial guess for ksWjINHU.tree_0.Tamandua_tetradactyla.alpha is 8.53894e-06
Initial guess for ksWjINHU.tree_0.Myrmecophaga_tridactyla.alpha is 9.07495e-06
Initial guess for ksWjINHU.tree_0.10.alpha is 2.26918e-05
Initial guess for ksWjINHU.tree_0.Choloepus_didactylus.alpha is 4.43454e-06
Initial guess for ksWjINHU.tree_0.Choloepus_hoffmanni.alpha is 9.49106e-07
Optimization settings:
	OPTIMIZATION_METHOD = 4
	OPTIMIZATION_PRECISION = 0.001
	MAXIMUM_ITERATIONS_PER_VARIABLE = 5000

Initial parameter values

ksWjINHU.model_MGREV.theta_AT = 1
ksWjINHU.model_MGREV.theta_AC = 1
ksWjINHU.model_MGREV.theta_CG = 1
ksWjINHU.model_MGREV.theta_CT = 1
ksWjINHU.model_MGREV.theta_GT = 1
ksWjINHU.model_MGREV.omega_0 = 1
ksWjINHU.tree_0.Dasypus_novemcinctus.alpha = 0.1
ksWjINHU.tree_0.Tolypeutes_matacus.alpha = 1.72776e-05
ksWjINHU.tree_0.Chaetophractus_vellerosus.alpha = 1.03745e-05
ksWjINHU.tree_0.14.alpha = 2.72486e-06
ksWjINHU.tree_0.Tamandua_tetradactyla.alpha = 8.53894e-06
ksWjINHU.tree_0.Myrmecophaga_tridactyla.alpha = 9.07495e-06
ksWjINHU.tree_0.11.alpha = 3.31045e-05
ksWjINHU.tree_0.Choloepus_didactylus.alpha = 4.43454e-06
ksWjINHU.tree_0.Choloepus_hoffmanni.alpha = 9.49106e-07
ksWjINHU.tree_0.10.alpha = 2.26918e-05
ksWjINHU.tree_0.19.alpha = 4.9013e-06
ksWjINHU.model_MGREV.omega_1 = 1
Failing bound checks on ksWjINHU.tree_0.19.beta =         10004.78614450164
Optimization finished in 32 loop passes.
1895 likelihood evaluation calls and 9722 matrix exponentiations calls were made

Overwritten previously defined function:'GyJeyXvj.rate_generator'
Overwritten previously defined function:'GyJeyXvj.rate_generator'
Auto-benchmarked an optimal number (3) of threads.
Set GUI update interval to every 6329-th LF evaluation.
Optimization settings:
	OPTIMIZATION_METHOD = 4
	OPTIMIZATION_PRECISION = 0.001
	MAXIMUM_ITERATIONS_PER_VARIABLE = 5000

Initial parameter values

frequencies._aux.CF3x4.p0_0 = 0.304228
frequencies._aux.CF3x4.p0_1 = 0.261459
frequencies._aux.CF3x4.p0_2 = 0.605067
frequencies._aux.CF3x4.p1_0 = 0.345557
frequencies._aux.CF3x4.p1_1 = 0.288921
frequencies._aux.CF3x4.p1_2 = 0.438142
frequencies._aux.CF3x4.p2_0 = 0.299212
frequencies._aux.CF3x4.p2_1 = 0.298108
frequencies._aux.CF3x4.p2_2 = 0.36984
Optimization finished in 5 loop passes.
190 likelihood evaluation calls and 0 matrix exponentiations calls were made

Variable 'relax.test_pi' was not initialized prior to being used
Overwritten previously defined function:'GyJeyXvj.rate_generator'
Overwritten previously defined function:'GyJeyXvj.rate_generator'
Overwritten previously defined function:'GyJeyXvj.rate_generator'
Auto-benchmarked an optimal number (3) of threads.
Set GUI update interval to every 6250-th LF evaluation.
Optimization settings:
	OPTIMIZATION_METHOD = 4
	OPTIMIZATION_PRECISION = 0.001
	MAXIMUM_ITERATIONS_PER_VARIABLE = 5000

Initial parameter values

frequencies._aux.CF3x4.p0_0 = 0.304228
frequencies._aux.CF3x4.p0_1 = 0.261459
frequencies._aux.CF3x4.p0_2 = 0.605067
frequencies._aux.CF3x4.p1_0 = 0.345557
frequencies._aux.CF3x4.p1_1 = 0.288921
frequencies._aux.CF3x4.p1_2 = 0.438142
frequencies._aux.CF3x4.p2_0 = 0.299212
frequencies._aux.CF3x4.p2_1 = 0.298108
frequencies._aux.CF3x4.p2_2 = 0.36984
Optimization finished in 5 loop passes.
190 likelihood evaluation calls and 0 matrix exponentiations calls were made

Variable 'relax.reference_pi' was not initialized prior to being used
No nodel was assigned to Dasypus_novemcinctus
No nodel was assigned to Tolypeutes_matacus
No nodel was assigned to Chaetophractus_vellerosus
No nodel was assigned to 14
No nodel was assigned to Tamandua_tetradactyla
No nodel was assigned to Myrmecophaga_tridactyla
No nodel was assigned to 11
No nodel was assigned to Choloepus_didactylus
No nodel was assigned to Choloepus_hoffmanni
No nodel was assigned to 10
No nodel was assigned to 19
The tips of the tree:fAJPsXJR.tree_id_0 were matched with the species names from the data in the following numeric order (0-based) {3,6,0,5,4,1,2}

Pseudo-optimal path's cost 3069 vs 4075 for 1..k=> a 1.32779 x improvement
Partition 0 is ASSUMED to have a reversible model
relax.reference.theta_AC was already constrained in estimators.SetGlobals2
relax.reference.theta_AG was already constrained in estimators.SetGlobals2
relax.reference.theta_AT was already constrained in estimators.SetGlobals2
relax.reference.theta_CG was already constrained in estimators.SetGlobals2
relax.reference.theta_CT was already constrained in estimators.SetGlobals2
relax.reference.theta_GT was already constrained in estimators.SetGlobals2
relax.test.theta_AG was already constrained in estimators.SetGlobals2
Variable 'fAJPsXJR.tree_id_0.Dasypus_novemcinctus.t' was not initialized prior to being used
models.generic.SetBranchLength: fAJPsXJR.tree_id_0.Dasypus_novemcinctus.t=0.388331558341275
Variable 'fAJPsXJR.tree_id_0.Tolypeutes_matacus.t' was not initialized prior to being used
models.generic.SetBranchLength: fAJPsXJR.tree_id_0.Tolypeutes_matacus.t=0.1280067173442795
Variable 'fAJPsXJR.tree_id_0.Chaetophractus_vellerosus.t' was not initialized prior to being used
models.generic.SetBranchLength: fAJPsXJR.tree_id_0.Chaetophractus_vellerosus.t=0.2850571317305073
Variable 'fAJPsXJR.tree_id_0.14.t' was not initialized prior to being used
models.generic.SetBranchLength: fAJPsXJR.tree_id_0.14.t=0.1675814096859138
Variable 'fAJPsXJR.tree_id_0.Tamandua_tetradactyla.t' was not initialized prior to being used
models.generic.SetBranchLength: fAJPsXJR.tree_id_0.Tamandua_tetradactyla.t=0.2003809734274321
Variable 'fAJPsXJR.tree_id_0.Myrmecophaga_tridactyla.t' was not initialized prior to being used
models.generic.SetBranchLength: fAJPsXJR.tree_id_0.Myrmecophaga_tridactyla.t=0.08183521071076846
Variable 'fAJPsXJR.tree_id_0.11.t' was not initialized prior to being used
models.generic.SetBranchLength: fAJPsXJR.tree_id_0.11.t=0.551907751508411
Variable 'fAJPsXJR.tree_id_0.Choloepus_didactylus.t' was not initialized prior to being used
models.generic.SetBranchLength: fAJPsXJR.tree_id_0.Choloepus_didactylus.t=0.02393844916798381
Variable 'fAJPsXJR.tree_id_0.Choloepus_hoffmanni.t' was not initialized prior to being used
models.generic.SetBranchLength: fAJPsXJR.tree_id_0.Choloepus_hoffmanni.t=0.006989627249416044
Variable 'fAJPsXJR.tree_id_0.10.t' was not initialized prior to being used
models.generic.SetBranchLength: fAJPsXJR.tree_id_0.10.t=0.5256577350357164
Variable 'fAJPsXJR.tree_id_0.19.t' was not initialized prior to being used
models.generic.SetBranchLength: fAJPsXJR.tree_id_0.19.t=0.1827635326372472
Variable 'fAJPsXJR.fAJPsXJR.likelihoodFunction' was not initialized prior to being used
Auto-benchmarked an optimal number (6) of threads.
Set GUI update interval to every 63-th LF evaluation.
Optimization settings:
	OPTIMIZATION_METHOD = 4
	OPTIMIZATION_PRECISION = 0.001
	MAXIMUM_ITERATIONS_PER_VARIABLE = 5000

Initial parameter values

relax.reference.omega3 = 7.27482
relax.reference.omega1 = 0.145496
relax.reference.bsrel_mixture_aux_0 = 0.45
relax.reference.bsrel_mixture_aux_1 = 0.818182
relax.reference.omega2 = 0.4601
relax.test.theta_GT = 0.337412
relax.test.theta_AC = 0.412374
relax.test.theta_AT = 0.273069
relax.test.theta_CT = 1.25175
relax.test.theta_CG = 0.411933
relax.K = 1
fAJPsXJR.tree_id_0.Dasypus_novemcinctus.t = 0.388332
fAJPsXJR.tree_id_0.Tolypeutes_matacus.t = 0.128007
fAJPsXJR.tree_id_0.Chaetophractus_vellerosus.t = 0.285057
fAJPsXJR.tree_id_0.14.t = 0.167581
fAJPsXJR.tree_id_0.Tamandua_tetradactyla.t = 0.200381
fAJPsXJR.tree_id_0.Myrmecophaga_tridactyla.t = 0.0818352
fAJPsXJR.tree_id_0.11.t = 0.551908
fAJPsXJR.tree_id_0.Choloepus_didactylus.t = 0.0239384
fAJPsXJR.tree_id_0.Choloepus_hoffmanni.t = 0.00698963
fAJPsXJR.tree_id_0.10.t = 0.525658
fAJPsXJR.tree_id_0.19.t = 0.182764
Site 181 evaluated to a 0 probability in ComputeTreeBlockByBranch
Site 189 evaluated to a 0 probability in ComputeTreeBlockByBranch
Site 253 evaluated to a 0 probability in ComputeTreeBlockByBranch
Optimization finished in 27 loop passes.
1855 likelihood evaluation calls and 35889 matrix exponentiations calls were made

Variable 'MPI_NODE_COUNT' was not initialized prior to being used
No nodel was assigned to Dasypus_novemcinctus
No nodel was assigned to Tolypeutes_matacus
No nodel was assigned to Chaetophractus_vellerosus
No nodel was assigned to 14
No nodel was assigned to Tamandua_tetradactyla
No nodel was assigned to Myrmecophaga_tridactyla
No nodel was assigned to 11
No nodel was assigned to Choloepus_didactylus
No nodel was assigned to Choloepus_hoffmanni
No nodel was assigned to 10
No nodel was assigned to 19
Likelihood function cleared because partition index '0' points to invalid components
The tips of the tree:fAJPsXJR.tree_id_0 were matched with the species names from the data in the following numeric order (0-based) {3,6,0,5,4,1,2}

Pseudo-optimal path's cost 3069 vs 4075 for 1..k=> a 1.32779 x improvement
Partition 0 is ASSUMED to have a reversible model
relax.reference.theta_AC was already constrained in estimators.SetGlobals2
relax.reference.theta_AG was already constrained in estimators.SetGlobals2
relax.reference.theta_AT was already constrained in estimators.SetGlobals2
relax.reference.theta_CG was already constrained in estimators.SetGlobals2
relax.reference.theta_CT was already constrained in estimators.SetGlobals2
relax.reference.theta_GT was already constrained in estimators.SetGlobals2
relax.test.bsrel_mixture_aux_0 was already constrained in estimators.SetGlobals2
relax.test.bsrel_mixture_aux_1 was already constrained in estimators.SetGlobals2
relax.test.theta_AG was already constrained in estimators.SetGlobals2
relax.test.omega1 was already constrained in estimators.SetGlobals2
relax.test.omega2 was already constrained in estimators.SetGlobals2
relax.test.omega3 was already constrained in estimators.SetGlobals2
Variable 'fAJPsXJR.tree_id_0.Dasypus_novemcinctus.t' was not initialized prior to being used
models.generic.SetBranchLength: fAJPsXJR.tree_id_0.Dasypus_novemcinctus.t=0.5985999904160318
Variable 'fAJPsXJR.tree_id_0.Tolypeutes_matacus.t' was not initialized prior to being used
models.generic.SetBranchLength: fAJPsXJR.tree_id_0.Tolypeutes_matacus.t=0.328333102179614
Variable 'fAJPsXJR.tree_id_0.Chaetophractus_vellerosus.t' was not initialized prior to being used
models.generic.SetBranchLength: fAJPsXJR.tree_id_0.Chaetophractus_vellerosus.t=0.3100713000767963
Variable 'fAJPsXJR.tree_id_0.14.t' was not initialized prior to being used
models.generic.SetBranchLength: fAJPsXJR.tree_id_0.14.t=0.136537918882809
Variable 'fAJPsXJR.tree_id_0.Tamandua_tetradactyla.t' was not initialized prior to being used
models.generic.SetBranchLength: fAJPsXJR.tree_id_0.Tamandua_tetradactyla.t=0.2971671848883282
Variable 'fAJPsXJR.tree_id_0.Myrmecophaga_tridactyla.t' was not initialized prior to being used
models.generic.SetBranchLength: fAJPsXJR.tree_id_0.Myrmecophaga_tridactyla.t=0.1309016206582988
Variable 'fAJPsXJR.tree_id_0.11.t' was not initialized prior to being used
models.generic.SetBranchLength: fAJPsXJR.tree_id_0.11.t=0.9207982661157711
Variable 'fAJPsXJR.tree_id_0.Choloepus_didactylus.t' was not initialized prior to being used
models.generic.SetBranchLength: fAJPsXJR.tree_id_0.Choloepus_didactylus.t=0.04145064622249003
Variable 'fAJPsXJR.tree_id_0.Choloepus_hoffmanni.t' was not initialized prior to being used
models.generic.SetBranchLength: fAJPsXJR.tree_id_0.Choloepus_hoffmanni.t=0.004130660362525131
Variable 'fAJPsXJR.tree_id_0.10.t' was not initialized prior to being used
models.generic.SetBranchLength: fAJPsXJR.tree_id_0.10.t=0.8699575033049632
Variable 'fAJPsXJR.tree_id_0.19.t' was not initialized prior to being used
models.generic.SetBranchLength: fAJPsXJR.tree_id_0.19.t=0.2691404820094525
Auto-benchmarked an optimal number (6) of threads.
Set GUI update interval to every 67-th LF evaluation.
Optimization settings:
	OPTIMIZATION_METHOD = 4
	OPTIMIZATION_PRECISION = 0.001
	MAXIMUM_ITERATIONS_PER_VARIABLE = 5000

Initial parameter values

relax.reference.omega3 = 4.53783
relax.reference.omega1 = 0.121918
relax.reference.bsrel_mixture_aux_0 = 0.456167
relax.reference.bsrel_mixture_aux_1 = 0.832554
relax.reference.omega2 = 0.289439
relax.test.theta_GT = 0.331177
relax.test.theta_AC = 0.377131
relax.test.theta_AT = 0.241566
relax.test.theta_CT = 1.18276
relax.test.theta_CG = 0.391699
relax.K = 1
fAJPsXJR.tree_id_0.Dasypus_novemcinctus.t = 0.5986
fAJPsXJR.tree_id_0.Tolypeutes_matacus.t = 0.328333
fAJPsXJR.tree_id_0.Chaetophractus_vellerosus.t = 0.310071
fAJPsXJR.tree_id_0.14.t = 0.136538
fAJPsXJR.tree_id_0.Tamandua_tetradactyla.t = 0.297167
fAJPsXJR.tree_id_0.Myrmecophaga_tridactyla.t = 0.130902
fAJPsXJR.tree_id_0.11.t = 0.920798
fAJPsXJR.tree_id_0.Choloepus_didactylus.t = 0.0414506
fAJPsXJR.tree_id_0.Choloepus_hoffmanni.t = 0.00413066
fAJPsXJR.tree_id_0.10.t = 0.869958
fAJPsXJR.tree_id_0.19.t = 0.26914
Optimization finished in 28 loop passes.
2197 likelihood evaluation calls and 44694 matrix exponentiations calls were made

Variable 'WTLLgdb_.fAJPsXJR.likelihoodFunction' was not initialized prior to being used
Auto-benchmarked an optimal number (2) of threads.
Set GUI update interval to every 41-th LF evaluation.
Optimization settings:
	OPTIMIZATION_METHOD = 4
	OPTIMIZATION_PRECISION = 0.001
	MAXIMUM_ITERATIONS_PER_VARIABLE = 5000

Initial parameter values

relax.reference.bsrel_mixture_aux_1 = 0.809722
relax.reference.omega1 = 0.19571
relax.reference.omega2 = 0.189788
relax.reference.omega3 = 4.29326
relax.reference.bsrel_mixture_aux_0 = 0.484637
relax.test.theta_AT = 0.241355
relax.test.theta_AC = 0.376945
relax.test.theta_CG = 0.391144
relax.test.theta_GT = 0.331038
relax.test.theta_CT = 1.17964
fAJPsXJR.tree_id_0.Dasypus_novemcinctus.t = 0.200049
fAJPsXJR.tree_id_0.Tolypeutes_matacus.t = 0.11143
fAJPsXJR.tree_id_0.Chaetophractus_vellerosus.t = 0.103912
fAJPsXJR.tree_id_0.14.t = 0.0457117
fAJPsXJR.tree_id_0.Tamandua_tetradactyla.t = 0.099554
fAJPsXJR.tree_id_0.Myrmecophaga_tridactyla.t = 0.0438427
fAJPsXJR.tree_id_0.11.t = 0.307833
fAJPsXJR.tree_id_0.Choloepus_didactylus.t = 0.0138948
fAJPsXJR.tree_id_0.Choloepus_hoffmanni.t = 0.00138534
fAJPsXJR.tree_id_0.10.t = 0.290767
fAJPsXJR.tree_id_0.19.t = 0.090349
Optimization finished in 3 loop passes.
211 likelihood evaluation calls and 4326 matrix exponentiations calls were made

Variable 'USE_JSON_FOR_MATRIX' was not initialized prior to being used