   SW   perc perc perc  query                           position in query     matching    repeat           position in repeat
score   div. del. ins.  sequence                        begin end    (left)   repeat      class/family   begin  end    (left)  ID

  381   33.0  5.4  4.0  QGNR01000031.1:6896700-6930100   1052  1424 (31977) C CR1-3_Croc  LINE/CR1        (603)   3002   2625   1  
  640   29.6  3.3  2.0  QGNR01000031.1:6896700-6930100   3936  4235 (29166) + CR1-3_Croc  LINE/CR1         2425   2728  (877)   2  
  567   30.0  1.8  1.3  QGNR01000031.1:6896700-6930100   5119  5341 (28060) C Plat_L3     LINE/CR1        (757)   2816   2593   3  
  388   31.6  2.3  3.5  QGNR01000031.1:6896700-6930100   5379  5640 (27761) + Plat_L3     LINE/CR1         3309   3567    (6)   4  
   22   20.4  1.9  0.0  QGNR01000031.1:6896700-6930100   7449  7500 (25901) + (TTA)n      Simple_repeat       1     53    (0)   5  
   17    0.0  0.0  0.0  QGNR01000031.1:6896700-6930100   7973  7994 (25407) + (AACA)n     Simple_repeat       1     22    (0)   6  
   16   13.2  0.0  0.0  QGNR01000031.1:6896700-6930100   8360  8384 (25017) + (T)n        Simple_repeat       1     25    (0)   7  
 1000   27.8  4.2  2.6  QGNR01000031.1:6896700-6930100   9077  9526 (23875) C Plat_L3     LINE/CR1          (3)   3570   3114   8  
  419   33.4  8.3  1.9  QGNR01000031.1:6896700-6930100   9883 10279 (23122) C Plat_L3     LINE/CR1          (0)   3573   3152   9  
   13   18.2  3.5  7.3  QGNR01000031.1:6896700-6930100  11334 11390 (22011) + A-rich      Low_complexity      1     55    (0)  10  
  893   32.7  2.5  2.5  QGNR01000031.1:6896700-6930100  11640 12188 (21213) + Plat_L3     LINE/CR1         3025   3573    (0)  11  
  446   34.0  2.8  3.6  QGNR01000031.1:6896700-6930100  12190 12549 (20852) + Plat_L3     LINE/CR1         3201   3557   (16)  12  
   30    5.6  0.0  0.0  QGNR01000031.1:6896700-6930100  12555 12592 (20809) + (TATGATTC)n Simple_repeat       1     38    (0)  13  
   21   10.3  4.8  0.0  QGNR01000031.1:6896700-6930100  14321 14362 (19039) + (AACAA)n    Simple_repeat       1     44    (0)  14  
   12   24.4  0.0  0.0  QGNR01000031.1:6896700-6930100  14998 15031 (18370) + A-rich      Low_complexity      1     34    (0)  15  
   18    0.0  0.0  0.0  QGNR01000031.1:6896700-6930100  16165 16187 (17214) + (AAAC)n     Simple_repeat       1     23    (0)  16  
  545   25.9  5.1  6.0  QGNR01000031.1:6896700-6930100  17841 18094 (15307) + Plat_L3     LINE/CR1         3319   3570    (3)  17  
   17    9.1  5.7  0.0  QGNR01000031.1:6896700-6930100  18709 18743 (14658) + (AAAC)n     Simple_repeat       1     37    (0)  18  
   32    0.0  0.0  0.0  QGNR01000031.1:6896700-6930100  18949 18978 (14423) + (T)n        Simple_repeat       1     30    (0)  19  
   27    0.0  0.0  0.0  QGNR01000031.1:6896700-6930100  18980 19008 (14393) + (A)n        Simple_repeat       1     29    (0)  20  
  364   25.1  3.3 11.0  QGNR01000031.1:6896700-6930100  20137 20351 (13050) C Plat_L3     LINE/CR1          (3)   3570   3371  21  
  287   21.3  0.0  1.6  QGNR01000031.1:6896700-6930100  20873 20934 (12467) C MIR3        SINE/MIR          (0)    208    148  22  
  280   19.1  0.0  1.6  QGNR01000031.1:6896700-6930100  20880 20943 (12458) C L3b         LINE/CR1          (3)   5229   5167  23 *
   18    4.8  0.0  0.0  QGNR01000031.1:6896700-6930100  21503 21524 (11877) + (A)n        Simple_repeat       1     22    (0)  24  
 1060   31.7  4.0  2.9  QGNR01000031.1:6896700-6930100  21809 22516 (10885) + Plat_L3     LINE/CR1         2856   3570    (3)  25  
   16    9.8  0.0  0.0  QGNR01000031.1:6896700-6930100  22896 22917 (10484) + (A)n        Simple_repeat       1     22    (0)  26  
   14   17.5  0.0  0.0  QGNR01000031.1:6896700-6930100  23405 23436  (9965) + (CTCTTC)n   Simple_repeat       1     32    (0)  27  
   16    0.0  0.0  0.0  QGNR01000031.1:6896700-6930100  24465 24481  (8920) + (A)n        Simple_repeat       1     17    (0)  28  
   61    1.4  0.0  0.0  QGNR01000031.1:6896700-6930100  27254 27324  (6077) + (A)n        Simple_repeat       1     71    (0)  29  
   19    0.0  0.0  0.0  QGNR01000031.1:6896700-6930100  27606 27661  (5740) + (A)n        Simple_repeat       1     56    (0)  30  
   21   20.1  0.0  0.0  QGNR01000031.1:6896700-6930100  31678 31719  (1682) + A-rich      Low_complexity      1     42    (0)  31  
