Scyliorhinus_canicula	Latimeria_chalumnae	Hemiscyllium_ocellatum	Carcharodon_carcharias	Amblyraja_radiata	
0.00010249	1.1355e-06	9.3585e-05	1.2464e-05	0.96537	
0.00010083	1.0549e-06	9.2755e-05	1.1609e-05	0.96624	
9.9166e-05	9.1609e-07	9.1924e-05	1.0753e-05	0.96712	
9.7502e-05	8.5013e-07	9.1093e-05	9.8968e-06	0.968	
9.5835e-05	7.5347e-07	9.0261e-05	9.0395e-06	0.96889	
9.4167e-05	6.1306e-07	8.9428e-05	8.1813e-06	0.96978	
9.2498e-05	5.4464e-07	8.8594e-05	7.3223e-06	0.97067	
9.0826e-05	4.4387e-07	8.7759e-05	6.4624e-06	0.97156	
8.9153e-05	2.9783e-07	8.6923e-05	5.6017e-06	0.97246	
8.7479e-05	2.1775e-07	8.6087e-05	4.7401e-06	0.97336	
8.5803e-05	1.7064e-07	8.5249e-05	3.8777e-06	0.97427	
8.4125e-05	1.0203e-07	8.4411e-05	3.0143e-06	0.97518	
8.2445e-05	6.9417e-08	8.3572e-05	2.1501e-06	0.97609	
8.1239e-05	4.9839e-08	8.2956e-05	1.4469e-06	0.97819	
8.0388e-05	3.7911e-08	8.2516e-05	8.688e-07	0.97894	
7.9321e-05	2.2502e-08	8.1998e-05	7.7454e-07	0.97948	
7.6546e-05	1.3223e-08	8.1686e-05	7.227e-07	0.98077	
7.344e-05	9.8602e-09	8.1313e-05	6.6342e-07	0.98173	
6.5946e-05	8.2539e-09	8.1141e-05	6.3432e-07	0.98389	
6.0499e-05	7.7605e-09	8.0262e-05	6.1567e-07	0.9848	
5.3851e-05	6.2537e-09	7.9238e-05	6.9124e-07	0.98545	
4.9133e-05	5.7193e-09	7.8485e-05	6.9814e-07	0.98692	
4.5625e-05	3.3754e-09	7.7937e-05	7.1379e-07	0.99013	
4.3315e-05	1.9721e-09	7.7613e-05	6.7528e-07	0.99143	
4.1587e-05	1.2539e-09	7.743e-05	6.4672e-07	0.99196	
3.9649e-05	1.128e-09	7.7192e-05	6.1206e-07	0.99233	
3.8208e-05	1.1843e-09	7.7106e-05	5.8671e-07	0.99318	
3.6309e-05	1.376e-09	7.722e-05	5.461e-07	0.99504	
3.4932e-05	1.7833e-09	7.7479e-05	5.1717e-07	0.99577	
3.3354e-05	1.6996e-09	7.7675e-05	4.8144e-07	0.99633	
3.1586e-05	2.3249e-09	7.7817e-05	4.3967e-07	0.99674	
3.032e-05	2.1599e-09	7.8241e-05	4.0869e-07	0.99694	
2.9385e-05	2.2631e-09	7.8836e-05	3.8516e-07	0.99694	
2.704e-05	2.641e-09	7.9679e-05	3.7941e-07	0.9971	
2.5691e-05	2.0947e-09	8.1077e-05	3.3101e-07	0.99711	
2.4687e-05	1.8124e-09	8.2863e-05	2.9179e-07	0.99728	
2.395e-05	1.9211e-09	8.5151e-05	2.6025e-07	0.99729	
2.3448e-05	2.4674e-09	8.615e-05	2.3679e-07	0.99717	
2.287e-05	2.2465e-09	8.7034e-05	2.086e-07	0.99734	
2.2513e-05	1.4367e-09	8.7608e-05	1.8891e-07	0.99745	
2.2092e-05	1.2898e-09	8.8107e-05	1.6491e-07	0.9975	
2.1816e-05	1.2648e-09	8.8795e-05	1.4554e-07	0.99771	
2.1482e-05	1.7842e-09	8.9401e-05	1.2205e-07	0.99785	
2.1277e-05	2.6198e-09	9.022e-05	1.027e-07	0.99784	
2.1192e-05	2.3923e-09	9.132e-05	8.6973e-08	0.99798	
2.1236e-05	1.3939e-09	9.1844e-05	7.5295e-08	0.99804	
2.1232e-05	1.1176e-09	9.2291e-05	6.0159e-08	0.99806	
2.0965e-05	1.2855e-09	9.251e-05	5.7412e-08	0.99803	
2.0115e-05	1.6573e-09	9.2959e-05	5.971e-08	0.99812	
1.9493e-05	1.1652e-09	9.36e-05	6.3193e-08	0.9981	
1.905e-05	8.1986e-10	9.4461e-05	6.798e-08	0.99819	
1.8522e-05	8.3833e-10	9.5162e-05	6.9456e-08	0.99823	
1.8175e-05	1.0368e-09	9.5301e-05	7.2994e-08	0.99817	
1.7952e-05	1.3322e-09	9.5584e-05	7.8056e-08	0.99822	
1.7675e-05	2.3073e-09	9.579e-05	7.9972e-08	0.99823	
1.7546e-05	3.8454e-09	9.5387e-05	8.5409e-08	0.99835	
1.7515e-05	6.3173e-09	9.5141e-05	9.2746e-08	0.99835	
1.7443e-05	7.951e-09	9.4834e-05	9.6913e-08	0.99831	
1.7466e-05	1.1441e-08	9.4679e-05	1.0312e-07	0.99813	
1.7447e-05	1.3472e-08	9.4464e-05	1.0611e-07	0.9979	
1.8001e-05	8.5132e-09	8.8082e-05	1.1062e-07	0.99774	
1.8067e-05	8.3211e-09	8.7167e-05	1.0441e-07	0.99761	
1.813e-05	1.0019e-08	8.6252e-05	9.648e-08	0.99741	
2.1594e-05	3.126e-08	7.4278e-05	7.3061e-09	0.99736	
2.1763e-05	2.924e-08	7.38e-05	1.1277e-08	0.99729	
2.1846e-05	2.595e-08	7.324e-05	3.6726e-08	0.99717	
2.1654e-05	2.5121e-08	7.2944e-05	4.6476e-08	0.99721	
2.146e-05	2.141e-08	7.2798e-05	5.4508e-08	0.99747	
2.1262e-05	2.0963e-08	7.2506e-05	6.0821e-08	0.99762	
2.1061e-05	1.9183e-08	7.2143e-05	6.5415e-08	0.99772	
2.0992e-05	1.8748e-08	7.1923e-05	5.0991e-08	0.998	
2.1061e-05	1.7179e-08	7.1496e-05	4.0058e-08	0.99819	
2.0995e-05	1.3816e-08	7.1676e-05	2.1141e-08	0.99829	
2.0856e-05	9.0849e-09	7.1798e-05	2.178e-08	0.99836	
2.0867e-05	6.7506e-09	7.2097e-05	1.019e-08	0.99831	
2.0802e-05	6.333e-09	7.2321e-05	1.0677e-08	0.99823	
2.0688e-05	7.4449e-09	7.2489e-05	8.9272e-09	0.99809	
2.0418e-05	7.6491e-09	7.2512e-05	1.3587e-08	0.99788	
2.0095e-05	9.5767e-09	7.2467e-05	1.5718e-08	0.99755	
1.9922e-05	9.9849e-09	7.2586e-05	1.8245e-08	0.99689	
1.9908e-05	8.5472e-09	7.2882e-05	1.0415e-08	0.99663	
1.9673e-05	8.7353e-09	7.2942e-05	8.4402e-09	0.99616	
1.9331e-05	8.1448e-09	7.2937e-05	1.5081e-08	0.99554	
1.9146e-05	8.3478e-09	7.3065e-05	1.1926e-08	0.99528	
1.9091e-05	7.2104e-09	7.3372e-05	8.9948e-09	0.9947	
1.9145e-05	3.8251e-09	7.3841e-05	5.8359e-09	0.99448	
1.9126e-05	2.5898e-09	7.4224e-05	9.6278e-09	0.99414	
1.9055e-05	2.1142e-09	7.4482e-05	1.0753e-08	0.99416	
1.9108e-05	2.1282e-09	7.4329e-05	1.1759e-08	0.994	
1.9117e-05	2.6387e-09	7.411e-05	1.0528e-08	0.99415	
1.8768e-05	2.3781e-09	7.4166e-05	1.0549e-08	0.99415	
1.8316e-05	2.5558e-09	7.4512e-05	7.8291e-09	0.99393	
1.7569e-05	2.1253e-09	7.4681e-05	1.0103e-08	0.99358	
1.7082e-05	2.3224e-09	7.4551e-05	1.2463e-08	0.99295	
1.6516e-05	1.9204e-09	7.4339e-05	1.2503e-08	0.99299	
1.6112e-05	1.7442e-09	7.4252e-05	1.2112e-08	0.99326	
1.5485e-05	1.9101e-09	7.3994e-05	2.0336e-08	0.99413	
1.4768e-05	1.5698e-09	7.3677e-05	2.5938e-08	0.99479	
1.4251e-05	1.4595e-09	7.3501e-05	3.2121e-08	0.99501	
1.3904e-05	1.7209e-09	7.2771e-05	3.9567e-08	0.99504	
1.3678e-05	2.2523e-09	7.224e-05	4.8222e-08	0.99485	
1.3554e-05	3.1978e-09	7.1875e-05	5.8458e-08	0.99426	
1.3516e-05	4.7476e-09	7.1647e-05	7.0528e-08	0.99268	
1.3439e-05	5.5754e-09	7.1363e-05	7.933e-08	0.99059	
1.2913e-05	7.185e-09	7.1216e-05	9.1048e-08	0.98961	
1.0426e-05	7.3746e-09	6.5904e-05	1.6635e-07	0.97285	
1.0206e-05	6.978e-09	6.5856e-05	1.7607e-07	0.96927	
9.9423e-06	5.8364e-09	6.5758e-05	1.8195e-07	0.96455	
9.6294e-06	6.1802e-09	6.5607e-05	1.8399e-07	0.95802	
9.4212e-06	7.2949e-09	6.5578e-05	1.8961e-07	0.94145	
9.1697e-06	7.6205e-09	6.5499e-05	1.9137e-07	0.92153	
8.8681e-06	9.8832e-09	6.5355e-05	1.8903e-07	0.89304	
8.667e-06	1.0096e-08	6.5333e-05	1.9027e-07	0.87963	
8.4241e-06	9.2847e-09	6.526e-05	1.8767e-07	0.86168	
8.2701e-06	9.4068e-09	6.5306e-05	1.8864e-07	0.8161	
8.2012e-06	7.9165e-09	6.4898e-05	1.9423e-07	0.79949	
8.1014e-06	8.1965e-09	6.4427e-05	1.961e-07	0.77705	
8.0733e-06	9.4728e-09	6.2895e-05	2.0196e-07	0.72252	
7.9819e-06	1.0475e-08	6.205e-05	2.0018e-07	0.6679	
7.9539e-06	1.1202e-08	6.1408e-05	2.0177e-07	0.61319	
7.9014e-06	1.1654e-08	6.0704e-05	1.9996e-07	0.55839	
7.9017e-06	1.2846e-08	6.0151e-05	2.0089e-07	0.52779	
7.8805e-06	1.3373e-08	5.955e-05	1.986e-07	0.49097	
7.9102e-06	1.4681e-08	5.9081e-05	1.9893e-07	0.47001	
7.9184e-06	1.5303e-08	5.8569e-05	1.9607e-07	0.4449	
7.9796e-06	1.6812e-08	5.6351e-05	1.9593e-07	0.43079	
7.9902e-06	1.9977e-08	5.4853e-05	1.8919e-07	0.42358	
7.9785e-06	2.2248e-08	5.3262e-05	1.7915e-07	0.41504	
8.0173e-06	2.2622e-08	5.1953e-05	1.7172e-07	0.39854	
8.0338e-06	2.6296e-08	5.0559e-05	1.6103e-07	0.37788	
8.1034e-06	2.61e-08	4.9407e-05	1.5292e-07	0.36631	
8.2297e-06	2.716e-08	4.8459e-05	1.4711e-07	0.32465	
8.4161e-06	2.9514e-08	4.7671e-05	1.4323e-07	0.29868	
8.6776e-06	2.9605e-08	4.7039e-05	1.414e-07	0.24753	
8.9099e-06	2.888e-08	4.6367e-05	1.3668e-07	0.18905	
9.2224e-06	2.9356e-08	4.5817e-05	1.3374e-07	0.1527	
9.5013e-06	2.8982e-08	4.5229e-05	1.2788e-07	0.11078	
9.7463e-06	2.7698e-08	4.4594e-05	1.1898e-07	0.060862	
9.6934e-06	2.8139e-08	4.263e-05	1.1526e-07	0.037066	
9.6057e-06	2.6723e-08	4.0424e-05	1.0808e-07	0.032102	
9.4846e-06	2.4086e-08	3.8006e-05	9.7558e-08	0.026168	
8.9437e-06	2.3253e-08	3.6189e-05	9.0699e-08	0.01132	
8.563e-06	1.949e-08	3.1365e-05	8.6336e-08	0.0050074	
8.0622e-06	1.3963e-08	2.5579e-05	1.148e-07	0.0039674	
7.4682e-06	1.2066e-08	2.4127e-05	1.3762e-07	0.0023593	
7.0353e-06	7.0777e-09	2.2997e-05	1.6564e-07	0.0016043	
6.7204e-06	4.3326e-09	2.2109e-05	1.9965e-07	0.0012355	
6.3586e-06	3.5062e-09	2.113e-05	2.2879e-07	0.00073178	
5.9337e-06	1.9146e-09	2.0021e-05	2.5342e-07	0.00067214	
5.4519e-06	1.4171e-09	1.8802e-05	2.7348e-07	0.00057365	
5.4793e-06	1.5257e-09	1.743e-05	2.8686e-07	0.00042641	
5.5594e-06	1.7876e-09	1.6343e-05	3.0536e-07	0.00035858	
5.6127e-06	1.5606e-09	1.5145e-05	3.1925e-07	0.00025727	
5.7217e-06	1.4858e-09	1.4195e-05	3.3861e-07	0.00021091	
5.8101e-06	2.0141e-09	1.3133e-05	3.5269e-07	0.00013444	
5.963e-06	2.8638e-09	1.2302e-05	3.7295e-07	9.956e-05	
6.1936e-06	2.5359e-09	1.1655e-05	4.0027e-07	8.8903e-05	
6.3988e-06	3.0789e-09	1.0938e-05	4.2211e-07	6.2674e-05	
6.6906e-06	4.0213e-09	1.0372e-05	4.5114e-07	5.2306e-05	
6.9416e-06	6.068e-09	9.7338e-06	4.748e-07	6.3101e-05	
7.292e-06	9.7791e-09	9.2308e-06	5.0625e-07	9.0454e-05	
7.597e-06	1.2041e-08	8.6767e-06	5.322e-07	0.00010274	
8.0229e-06	1.2073e-08	8.2459e-06	5.6709e-07	0.00013973	
1.0425e-05	1.113e-08	7.7212e-06	5.8949e-07	0.00038648	
1.26e-05	9.3815e-09	7.1466e-06	6.0669e-07	0.00057641	
1.3865e-05	8.9838e-09	6.8755e-06	5.9719e-07	0.00064673	
1.5472e-05	9.186e-09	6.6604e-06	5.9373e-07	0.00078194	
1.695e-05	8.7619e-09	6.4246e-06	5.8587e-07	0.00088714	
1.8316e-05	7.7068e-09	6.1672e-06	5.7364e-07	0.00096633	
1.9573e-05	7.5925e-09	5.8728e-06	5.5681e-07	0.0011889	
2.0739e-05	6.8997e-09	5.5535e-06	5.3556e-07	0.0013719	
2.2189e-05	6.8241e-09	5.2937e-06	5.2003e-07	0.0016805	
2.3541e-05	5.9748e-09	5.0129e-06	5.004e-07	0.0019384	
2.5235e-05	5.5649e-09	4.7866e-06	4.8643e-07	0.0023757	
2.7361e-05	5.5699e-09	4.6061e-06	4.7773e-07	0.0024517	
3.0006e-05	5.9333e-09	4.4621e-06	4.7376e-07	0.0026265	
3.2455e-05	5.753e-09	4.3033e-06	4.6579e-07	0.0027564	
3.4717e-05	5.0095e-09	4.1282e-06	4.5365e-07	0.002845	
3.7595e-05	4.821e-09	3.993e-06	4.4697e-07	0.0030775	
4.0226e-05	3.9113e-09	3.84e-06	4.3583e-07	0.003242	
4.1005e-05	3.6988e-09	3.7347e-06	4.3348e-07	0.0032223	
4.21e-05	3.8306e-09	3.6599e-06	4.367e-07	0.0033126	
4.3082e-05	3.4246e-09	3.572e-06	4.3553e-07	0.003355	
4.3959e-05	3.8863e-09	3.4673e-06	4.2989e-07	0.003822	
4.5126e-05	4.7649e-09	3.3921e-06	4.2961e-07	0.0047127	
4.6168e-05	5.0308e-09	3.3032e-06	4.2482e-07	0.005405	
4.6306e-05	5.8574e-09	3.2468e-06	4.277e-07	0.0056028	
4.6386e-05	5.8587e-09	3.1786e-06	4.2625e-07	0.005726	
4.6623e-05	6.419e-09	3.1359e-06	4.3044e-07	0.0060684	
4.6795e-05	6.1482e-09	3.0812e-06	4.301e-07	0.0063064	
4.6909e-05	5.255e-09	3.0151e-06	4.2544e-07	0.0064659	
4.6967e-05	3.7054e-09	2.937e-06	4.164e-07	0.0065553	
4.7182e-05	2.9917e-09	2.8861e-06	4.1319e-07	0.0063936	
4.7566e-05	2.6153e-09	2.8577e-06	4.1532e-07	0.0064027	
4.7875e-05	1.682e-09	2.8179e-06	4.1284e-07	0.0063404	
4.8113e-05	1.4987e-09	2.7661e-06	4.058e-07	0.0061906	
4.7908e-05	1.7733e-09	2.6438e-06	4.2287e-07	0.0058417	
4.7894e-05	1.0898e-09	2.5556e-06	4.4753e-07	0.0057406	
4.7148e-05	6.8494e-10	2.4972e-06	4.8271e-07	0.0058252	
4.6285e-05	6.2799e-10	2.4254e-06	5.1186e-07	0.0058223	
4.5286e-05	7.2412e-10	2.3342e-06	5.3491e-07	0.0061942	
4.4196e-05	1.2181e-09	2.228e-06	5.5213e-07	0.0064431	
4.2964e-05	1.2347e-09	2.1065e-06	5.641e-07	0.0084777	
3.9258e-05	1.3776e-09	2.0164e-06	5.8463e-07	0.012914	
3.6537e-05	1.9278e-09	1.7775e-06	6.1495e-07	0.015085	
3.4568e-05	2.7983e-09	1.5917e-06	5.9016e-07	0.019423	
3.2357e-05	4.5899e-09	1.3757e-06	5.594e-07	0.032522	
2.9915e-05	5.7224e-09	1.1387e-06	5.2321e-07	0.043135	
2.8012e-05	7.4787e-09	9.4567e-07	4.9446e-07	0.061834	
2.6545e-05	1.0222e-08	7.8943e-07	4.7258e-07	0.09626	
2.5402e-05	1.1319e-08	6.6379e-07	4.566e-07	0.11399	
2.4154e-05	1.1734e-08	5.2675e-07	4.3635e-07	0.12856	
2.2763e-05	1.1389e-08	5.2288e-07	4.1095e-07	0.14015	
2.1694e-05	1.1887e-08	5.2679e-07	3.9163e-07	0.1438	
2.0864e-05	1.3185e-08	5.3802e-07	3.7745e-07	0.15059	
1.9953e-05	1.3756e-08	5.4407e-07	3.5916e-07	0.15605	
1.8947e-05	1.7182e-08	5.4479e-07	3.3657e-07	0.16028	
1.819e-05	1.7604e-08	5.5387e-07	3.1967e-07	0.16881	
1.7342e-05	1.7148e-08	5.5719e-07	2.983e-07	0.17545	
1.6387e-05	1.5607e-08	5.5427e-07	2.7214e-07	0.21905	
1.5685e-05	1.5368e-08	5.6054e-07	2.5205e-07	0.23562	
1.3709e-05	1.302e-08	5.8144e-07	2.4077e-07	0.24325	
1.2266e-05	8.7135e-09	5.6148e-07	2.3467e-07	0.24756	
1.1196e-05	6.2211e-09	5.5156e-07	2.3281e-07	0.24901	
1.0394e-05	4.715e-09	5.5039e-07	2.3483e-07	0.25234	
9.8416e-06	3.9162e-09	5.5929e-07	2.0048e-07	0.25333	
9.196e-06	2.3187e-09	5.6068e-07	1.6104e-07	0.2615	
8.7189e-06	1.4308e-09	5.7096e-07	1.2835e-07	0.27812	
7.7562e-06	1.0793e-09	6.2126e-07	1.181e-07	0.28683	
6.6778e-06	1.2178e-09	6.6365e-07	1.0431e-07	0.29334	
6.3645e-06	1.6466e-09	6.7633e-07	7.4656e-08	0.31216	
5.9476e-06	1.4947e-09	6.7983e-07	7.7204e-08	0.32613	
5.6275e-06	1.4225e-09	6.9158e-07	8.0853e-08	0.3509	
5.3815e-06	1.4001e-09	7.1161e-07	8.5589e-08	0.39431	
5.109e-06	1.9183e-09	7.2633e-07	8.7651e-08	0.42907	
4.8078e-06	2.0064e-09	7.3584e-07	8.7025e-08	0.4582	
4.476e-06	1.6689e-09	7.4024e-07	8.3723e-08	0.48285	
4.0498e-06	1.8195e-09	7.3366e-07	1.2045e-07	0.49831	
3.5895e-06	1.58e-09	7.2248e-07	1.5381e-07	0.51181	
3.221e-06	1.3907e-09	7.1869e-07	1.9152e-07	0.53386	
2.8224e-06	1.6979e-09	7.1023e-07	2.257e-07	0.55224	
2.4981e-06	2.048e-09	7.0846e-07	2.6433e-07	0.58147	
2.2343e-06	2.4802e-09	7.1334e-07	3.0814e-07	0.62871	
2.0375e-06	3.107e-09	7.2803e-07	2.9746e-07	0.64255	
1.8229e-06	3.2914e-09	7.3802e-07	2.8362e-07	0.65417	
1.5894e-06	3.0368e-09	7.4334e-07	2.6657e-07	0.66399	
1.3352e-06	3.6618e-09	7.4384e-07	2.4621e-07	0.67205	
1.0582e-06	3.8198e-09	7.3951e-07	2.2244e-07	0.67887	
7.5519e-07	3.4989e-09	7.3011e-07	1.9505e-07	0.68463	
7.3976e-07	4.2093e-09	7.1388e-07	1.6189e-07	0.68924	
7.3962e-07	5.3738e-09	7.0692e-07	1.3384e-07	0.69765	
7.2881e-07	8.7308e-09	6.9379e-07	1.0153e-07	0.70423	
7.4066e-07	1.0959e-08	6.5974e-07	7.7012e-08	0.70913	
7.7002e-07	1.1139e-08	6.376e-07	5.6227e-08	0.71078	
7.8151e-07	1.058e-08	6.0813e-07	6.265e-08	0.71197	
8.1065e-07	1.0949e-08	4.8457e-07	7.0556e-08	0.71159	
8.5888e-07	1.2166e-08	3.8499e-07	8.0089e-08	0.71215	
8.9424e-07	1.2567e-08	2.7395e-07	8.6497e-08	0.71235	
9.1273e-07	1.4911e-08	2.3932e-07	8.8758e-08	0.71167	
9.5162e-07	1.8968e-08	2.1267e-07	9.2812e-08	0.71201	
9.7814e-07	2.1861e-08	1.8084e-07	9.3843e-08	0.712	
1.0272e-06	2.7964e-08	1.5642e-07	9.6803e-08	0.71053	
1.0624e-06	3.2408e-08	1.2688e-07	9.6596e-08	0.70849	
1.1224e-06	4.0101e-08	1.0359e-07	9.8369e-08	0.70784	
1.2486e-06	5.6472e-08	9.0802e-08	8.0019e-08	0.70565	
1.2546e-06	6.477e-08	8.2524e-08	6.6486e-08	0.70529	
1.1674e-06	6.9267e-08	8.1821e-08	6.0075e-08	0.70393	
1.1107e-06	7.8164e-08	8.356e-08	5.5145e-08	0.69978	
1.0785e-06	8.2394e-08	8.7973e-08	5.138e-08	0.6914	
1.068e-06	9.0614e-08	9.4944e-08	4.8596e-08	0.6873	
1.0883e-06	9.5824e-08	9.3053e-08	4.8103e-08	0.68125	
1.1312e-06	9.543e-08	9.3657e-08	4.843e-08	0.67843	
1.1601e-06	9.162e-08	9.0478e-08	4.6014e-08	0.67864	
1.2208e-06	8.3663e-08	7.4467e-08	4.5273e-08	0.67808	
1.264e-06	7.2549e-08	8.6798e-08	4.1524e-08	0.67696	
1.3362e-06	6.6394e-08	1.0286e-07	3.8621e-08	0.67705	
1.3352e-06	5.5527e-08	1.4301e-07	4.331e-08	0.67623	
1.3195e-06	5.2385e-08	1.7702e-07	4.5224e-08	0.67484	
1.3289e-06	4.4478e-08	2.2106e-07	4.8064e-08	0.67104	
1.3237e-06	3.399e-08	2.5848e-07	4.811e-08	0.66594	
1.3035e-06	1.9618e-08	2.8925e-07	4.5343e-08	0.65915	
1.3082e-06	1.0804e-08	3.2996e-07	4.3482e-08	0.656	
1.3382e-06	5.5393e-09	3.8331e-07	4.2454e-08	0.64764	
1.331e-06	3.2213e-09	4.1923e-07	6.0109e-08	0.63427	
1.3082e-06	2.4509e-09	4.4802e-07	7.4649e-08	0.61603	
1.2709e-06	2.2694e-09	4.6947e-07	8.5843e-08	0.6102	
1.2576e-06	2.3374e-09	5.005e-07	9.9488e-08	0.60743	
1.2296e-06	1.873e-09	5.2478e-07	1.096e-07	0.60367	
1.2287e-06	1.8253e-09	5.1209e-07	1.235e-07	0.5957	
1.2142e-06	1.1615e-09	4.9334e-07	1.3383e-07	0.58519	
1.186e-06	1.0774e-09	4.6837e-07	1.4065e-07	0.57114	
1.1816e-06	1.101e-09	4.5284e-07	1.5063e-07	0.56441	
1.1622e-06	1.6129e-09	4.2988e-07	1.5666e-07	0.55472	
1.1652e-06	1.3901e-09	4.1619e-07	1.6587e-07	0.53549	
1.1548e-06	1.724e-09	3.9667e-07	1.7141e-07	0.50944	
1.1676e-06	1.3607e-09	3.8604e-07	1.8054e-07	0.46168	
1.164e-06	1.4326e-09	3.6133e-07	1.8501e-07	0.44935	
1.1405e-06	1.9618e-09	3.7106e-07	1.839e-07	0.42696	
1.1026e-06	1.8789e-09	3.7526e-07	1.7896e-07	0.39698	
1.0491e-06	2.2701e-09	3.724e-07	1.7001e-07	0.38816	
1.0213e-06	3.3542e-09	3.3239e-07	1.6499e-07	0.37025	
1.0154e-06	3.181e-09	3.0268e-07	1.6323e-07	0.36194	
1.031e-06	3.4205e-09	2.8142e-07	1.6466e-07	0.34061	
1.0339e-06	3.0649e-09	2.5463e-07	1.6254e-07	0.33766	
1.0573e-06	3.045e-09	2.3487e-07	1.6335e-07	0.33645	
1.0673e-06	2.4565e-09	2.0975e-07	1.605e-07	0.33465	
1.0986e-06	2.2012e-09	1.9106e-07	1.6056e-07	0.32936	
1.1159e-06	1.3772e-09	1.672e-07	1.5697e-07	0.32296	
1.1572e-06	8.2122e-10	1.4936e-07	1.5647e-07	0.31999	
1.1775e-06	6.0044e-10	1.5612e-07	1.506e-07	0.31458	
1.1837e-06	6.6117e-10	1.5857e-07	1.4101e-07	0.30703	
1.0777e-06	7.7366e-10	1.662e-07	1.3574e-07	0.28818	
1.2718e-06	1.9601e-09	1.5408e-07	7.5652e-08	0.17678	
1.3063e-06	3.1117e-09	1.4337e-07	5.5083e-08	0.16749	
1.306e-06	3.3417e-09	1.2392e-07	5.6691e-08	0.1654	
1.2838e-06	2.9685e-09	1.3763e-07	5.378e-08	0.16244	
1.1839e-06	3.1244e-09	1.3452e-07	6.0584e-08	0.1616	
1.1153e-06	3.6782e-09	1.3483e-07	6.8881e-08	0.15876	
1.0305e-06	5.4403e-09	1.3091e-07	7.4132e-08	0.15866	
9.7426e-07	5.7008e-09	1.3069e-07	8.1179e-08	0.1574	
9.4076e-07	6.5896e-09	1.3374e-07	9.014e-08	0.15332	
8.9572e-07	6.8742e-09	1.3331e-07	9.6161e-08	0.14827	
8.6844e-07	7.6907e-09	1.3551e-07	1.038e-07	0.14552	
8.3004e-07	7.8716e-09	1.3421e-07	1.0844e-07	0.1421	
8.0801e-07	8.6227e-09	1.355e-07	1.1479e-07	0.14026	
7.7515e-07	8.7143e-09	1.3327e-07	1.1807e-07	0.13794	
7.3069e-07	8.0275e-09	1.2726e-07	1.1821e-07	0.13853	
7.0425e-07	8.0539e-09	1.2435e-07	1.2047e-07	0.13779	
6.9411e-07	6.0515e-09	1.2443e-07	1.2499e-07	0.13778	
6.6127e-07	4.9224e-09	1.309e-07	1.2265e-07	0.13852	
6.172e-07	5.0903e-09	1.3365e-07	1.1712e-07	0.13896	
5.9068e-07	4.1463e-09	1.4025e-07	1.1396e-07	0.13867	
5.794e-07	3.7292e-09	1.5066e-07	1.1302e-07	0.13684	
5.5802e-07	2.7422e-09	1.5772e-07	1.0892e-07	0.13451	
5.5024e-07	2.1126e-09	1.6859e-07	1.0678e-07	0.13337	
5.5563e-07	1.7232e-09	1.8386e-07	1.0655e-07	0.13299	
5.5105e-07	1.966e-09	1.947e-07	1.0318e-07	0.1323	
5.362e-07	2.6966e-09	2.0055e-07	9.6572e-08	0.13274	
5.36e-07	2.4054e-09	2.1174e-07	9.2184e-08	0.13227	
5.5185e-07	2.5053e-09	1.9316e-07	9.0226e-08	0.13039	
5.827e-07	2.8842e-09	1.7986e-07	9.0002e-08	0.12958	
6.0221e-07	2.7103e-09	1.6188e-07	8.6614e-08	0.12841	
6.3796e-07	2.8632e-09	1.488e-07	8.4937e-08	0.12467	
6.6172e-07	2.4015e-09	1.3099e-07	8.0089e-08	0.12456	
7.0427e-07	2.2796e-09	1.1793e-07	7.7049e-08	0.12319	
7.338e-07	2.9275e-09	1.4071e-07	7.075e-08	0.12109	
7.8399e-07	4.228e-09	1.701e-07	6.6149e-08	0.12029	
8.6791e-07	4.1573e-09	2.0933e-07	3.6925e-08	0.12035	
9.2486e-07	5.3705e-09	2.4061e-07	3.504e-08	0.12009	
9.6754e-07	5.885e-09	2.6613e-07	3.0497e-08	0.11951	
9.9655e-07	5.7274e-09	2.8617e-07	2.3269e-08	0.11858	
1.0492e-06	6.4461e-09	3.1451e-07	1.6641e-08	0.11585	
1.0882e-06	6.5061e-09	3.3729e-07	7.4644e-09	0.11229	
1.1038e-06	5.8642e-09	3.5352e-07	7.7057e-09	0.10757	
1.0986e-06	4.5325e-09	3.6388e-07	1.8635e-08	0.10142	
1.1142e-06	3.7913e-09	3.8132e-07	3.0524e-08	0.098352	
1.1163e-06	2.3839e-09	3.9317e-07	3.9517e-08	0.094293	
1.1436e-06	1.699e-09	3.7228e-07	5.0422e-08	0.085775	
1.0643e-06	1.2836e-09	3.5962e-07	6.3818e-08	0.081648	
1.0117e-06	1.0121e-09	3.5376e-07	7.9546e-08	0.079617	
9.4446e-07	1.2002e-09	3.427e-07	9.1893e-08	0.076862	
9.0541e-07	1.7348e-09	2.9603e-07	1.0797e-07	0.071268	
8.8771e-07	2.5819e-09	2.6031e-07	1.2775e-07	0.06859	
8.5608e-07	2.6971e-09	2.1227e-07	1.4314e-07	0.068352	
8.447e-07	3.2007e-09	1.7497e-07	1.6267e-07	0.06707	
8.155e-07	4.4513e-09	1.6846e-07	1.7609e-07	0.066897	
7.7316e-07	5.0244e-09	1.5758e-07	1.8556e-07	0.066481	
7.5094e-07	6.2555e-09	1.5109e-07	1.9903e-07	0.066668	
7.1622e-07	6.5783e-09	1.403e-07	2.0844e-07	0.066612	
6.6835e-07	8.5547e-09	1.2471e-07	2.1377e-07	0.066246	
6.7298e-07	9.3231e-09	1.2362e-07	1.9651e-07	0.065345	
6.9368e-07	1.1015e-08	1.2566e-07	1.8345e-07	0.065119	
7.4124e-07	1.167e-08	1.1782e-07	1.7691e-07	0.064555	
8.1273e-07	1.0517e-08	1.1366e-07	1.7386e-07	0.062859	
8.6236e-07	1.0933e-08	1.2824e-07	1.6494e-07	0.059639	
9.0022e-07	1.0598e-08	1.3899e-07	1.5256e-07	0.055882	
9.5292e-07	1.0783e-08	1.5218e-07	1.4214e-07	0.05362	
9.9714e-07	1.0447e-08	1.6236e-07	1.2902e-07	0.05102	
1.0554e-06	1.0564e-08	1.7477e-07	1.1732e-07	0.040347	
1.1298e-06	1.1114e-08	1.897e-07	1.0688e-07	0.033449	
1.2224e-06	1.2133e-08	2.0743e-07	9.7475e-08	0.028963	
1.1552e-06	1.3664e-08	2.2813e-07	8.8999e-08	0.025985	
1.0718e-06	1.468e-08	2.456e-07	1.2954e-07	0.02268	
1.005e-06	1.6307e-08	2.6648e-07	1.743e-07	0.020526	
9.5201e-07	1.4474e-08	2.9186e-07	2.2369e-07	0.019134	
8.916e-07	1.2108e-08	3.1407e-07	2.6982e-07	0.017587	
8.4418e-07	1.0376e-08	3.4043e-07	3.2122e-07	0.016591	
8.0769e-07	9.1104e-09	3.7118e-07	3.7828e-07	0.015953	
7.8649e-07	8.3288e-09	4.0957e-07	3.666e-07	0.013074	
7.7486e-07	7.8854e-09	4.5422e-07	3.5769e-07	0.011185	
7.7195e-07	7.7224e-09	4.2571e-07	3.5124e-07	0.0099292	
7.627e-07	7.1347e-09	3.9379e-07	3.4211e-07	0.0085366	
7.6251e-07	6.8295e-09	3.6687e-07	3.3551e-07	0.0076288	
7.7083e-07	6.7589e-09	3.4414e-07	3.3116e-07	0.0070331	
7.8788e-07	6.9184e-09	3.2518e-07	3.2901e-07	0.0066535	
7.9852e-07	6.6632e-09	3.031e-07	3.2423e-07	0.0062216	
8.182e-07	6.6372e-09	2.8452e-07	3.2163e-07	0.0059568	
8.3135e-07	6.195e-09	2.6286e-07	3.1637e-07	0.005649	
8.3898e-07	5.3266e-09	2.3804e-07	3.0837e-07	0.0052929	
8.5624e-07	4.7387e-09	2.167e-07	3.0264e-07	0.0050937	
8.6669e-07	3.7314e-09	1.9223e-07	2.9418e-07	0.004855	
8.8794e-07	2.9398e-09	1.7119e-07	2.8818e-07	0.0047378	
8.9847e-07	2.7539e-09	1.7806e-07	2.7784e-07	0.0043868	
9.2001e-07	2.6458e-09	1.8712e-07	2.6993e-07	0.0041811	
9.5463e-07	2.6424e-09	1.9904e-07	2.6481e-07	0.0040898	
9.8159e-07	3.4393e-09	2.0787e-07	2.5687e-07	0.0039573	
1.0221e-06	4.5485e-09	2.1966e-07	2.5142e-07	0.0039216	
1.0545e-06	5.0135e-09	2.2827e-07	2.431e-07	0.0038539	
9.3411e-07	5.8432e-09	2.3984e-07	2.3732e-07	0.0038708	
8.0342e-07	6.2315e-09	2.4833e-07	2.2882e-07	0.0038597	
6.947e-07	6.9082e-09	2.5986e-07	2.2237e-07	0.0039334	
6.034e-07	7.899e-09	2.7445e-07	2.1771e-07	0.0041022	
5.0351e-07	8.4269e-09	2.8587e-07	2.1039e-07	0.0042365	
4.2005e-07	9.353e-09	3.0091e-07	2.05e-07	0.004496	
3.2794e-07	1.258e-08	3.1249e-07	1.9686e-07	0.004696	
2.2649e-07	1.5146e-08	3.2059e-07	1.8591e-07	0.0048534	
1.4268e-07	1.8857e-08	3.3319e-07	1.773e-07	0.0051707	
7.478e-08	1.9132e-08	3.5162e-07	1.7134e-07	0.0057885	
7.247e-08	2.2494e-08	3.6358e-07	1.5979e-07	0.0062286	
7.3147e-08	2.2768e-08	3.8326e-07	1.5165e-07	0.0071933	
6.7841e-08	2.6122e-08	3.9689e-07	1.3987e-07	0.007842	
6.5213e-08	2.6266e-08	4.1843e-07	1.3112e-07	0.0091962	
5.6513e-08	3.0175e-08	4.3379e-07	1.1868e-07	0.010164	
5.0257e-08	3.0649e-08	4.5773e-07	1.0906e-07	0.012186	
3.8064e-08	2.9553e-08	4.7532e-07	9.5866e-08	0.013685	
2.8152e-08	3.0246e-08	5.0272e-07	8.543e-08	0.016971	
4.1447e-08	3.5194e-08	5.2024e-07	6.9045e-08	0.019259	
5.8002e-08	3.7442e-08	5.6147e-07	5.5571e-08	0.020488	
6.8411e-08	3.8432e-08	5.9553e-07	3.8798e-08	0.021408	
6.7536e-08	4.3608e-08	6.1341e-07	3.9778e-08	0.021927	
6.9298e-08	4.4868e-08	6.4217e-07	4.1371e-08	0.023374	
7.4388e-08	4.2576e-08	6.8621e-07	4.3883e-08	0.02661	
6.8422e-08	3.824e-08	7.1237e-07	6.9793e-08	0.04338	
6.5543e-08	3.648e-08	7.5167e-07	1.0066e-07	0.049989	
8.7066e-08	3.7435e-08	7.6104e-07	1.1558e-07	0.069175	
9.8397e-08	3.6842e-08	8.7462e-07	1.2322e-07	0.082453	
1.1462e-07	3.3637e-08	1.0222e-06	1.3364e-07	0.089151	
1.2396e-07	2.8976e-08	1.1543e-06	1.4056e-07	0.094296	
1.4108e-07	2.8127e-08	1.2216e-06	1.5212e-07	0.097315	
1.5099e-07	2.6027e-08	1.2786e-06	1.6006e-07	0.11822	
1.5383e-07	2.2717e-08	1.3261e-06	1.6442e-07	0.13439	
1.4964e-07	2.2884e-08	1.3644e-06	1.6524e-07	0.14654	
1.5099e-07	2.4478e-08	1.4204e-06	1.6904e-07	0.17064	
1.4509e-07	2.4959e-08	1.4662e-06	1.6914e-07	0.18899	
1.4468e-07	2.7111e-08	1.5318e-06	1.7229e-07	0.19606	
1.3628e-07	3.3665e-08	1.7857e-06	1.7103e-07	0.20028	
1.0939e-07	3.8027e-08	1.9687e-06	2.0383e-07	0.20315	
9.6912e-08	4.6289e-08	2.021e-06	2.0575e-07	0.20995	
8.9258e-08	5.0354e-08	2.1005e-06	2.1163e-07	0.21322	
8.5744e-08	5.1239e-08	2.2129e-06	2.2172e-07	0.21464	
8.7503e-08	4.9226e-08	2.3727e-06	2.3751e-07	0.21496	
9.7359e-08	5.0209e-08	2.4126e-06	2.6449e-07	0.21688	
1.1925e-07	4.7963e-08	2.4989e-06	2.5943e-07	0.2228	
1.5698e-07	2.8439e-08	2.7812e-06	2.1263e-07	0.24057	
1.6723e-07	2.6371e-08	2.8788e-06	2.0254e-07	0.24223	
1.8429e-07	2.5905e-08	3.0103e-06	1.9617e-07	0.24592	
1.9343e-07	2.8924e-08	3.1241e-06	1.8584e-07	0.24855	
1.9477e-07	3.0565e-08	3.2213e-06	1.7148e-07	0.25066	
2.0354e-07	3.4349e-08	3.3552e-06	1.6101e-07	0.25537	
2.2474e-07	3.6395e-08	3.4312e-06	1.564e-07	0.25853	
2.3778e-07	3.7216e-08	3.4935e-06	1.4822e-07	0.26089	
2.4278e-07	4.3132e-08	3.5424e-06	1.3642e-07	0.26254	
2.5622e-07	4.5009e-08	3.6212e-06	1.2766e-07	0.26276	
2.7918e-07	4.3553e-08	3.7346e-06	1.216e-07	0.2617	
3.1343e-07	3.7714e-08	3.8877e-06	1.1798e-07	0.26176	
3.3774e-07	3.6861e-08	4.0202e-06	1.1091e-07	0.26134	
3.5245e-07	3.4503e-08	4.1335e-06	1.0033e-07	0.26471	
3.7957e-07	3.4242e-08	4.2899e-06	9.2333e-08	0.26572	
4.2154e-07	3.0866e-08	4.501e-06	8.66e-08	0.26548	
4.8207e-07	2.4504e-08	4.7822e-06	8.2882e-08	0.26425	
5.6492e-07	2.0756e-08	5.1422e-06	8.0829e-08	0.26413	
6.8213e-07	1.9375e-08	5.6238e-06	8.1195e-08	0.26255	
7.8091e-07	1.6684e-08	6.054e-06	7.8433e-08	0.264	
8.6269e-07	1.2631e-08	6.4396e-06	7.2537e-08	0.26509	
9.7909e-07	1.0383e-08	6.54e-06	6.8511e-08	0.26802	
1.0742e-06	1.0198e-08	6.6143e-06	6.115e-08	0.26983	
1.0646e-06	7.9759e-09	6.7394e-06	5.6317e-08	0.27428	
1.0424e-06	7.5976e-09	6.8379e-06	4.8149e-08	0.27712	
1.0421e-06	8.0289e-09	6.9843e-06	4.1345e-08	0.27786	
1.0211e-06	7.7481e-09	7.1062e-06	5.5758e-08	0.27818	
1.0205e-06	8.2218e-09	7.2777e-06	7.2562e-08	0.27701	
1.0066e-06	7.8473e-09	7.4237e-06	8.5826e-08	0.27897	
9.7979e-07	6.6505e-09	7.5475e-06	9.5761e-08	0.29286	
9.7728e-07	6.2602e-09	7.726e-06	1.0858e-07	0.29824	
9.6173e-07	5.1527e-09	7.8803e-06	1.1786e-07	0.30228	
9.3296e-07	3.275e-09	8.0117e-06	1.2366e-07	0.30529	
8.7541e-07	2.1766e-09	8.2445e-06	1.2241e-07	0.31227	
8.398e-07	1.6077e-09	8.5494e-06	1.2346e-07	0.32635	
7.9132e-07	1.7113e-09	8.8219e-06	1.2122e-07	0.33694	
7.638e-07	2.1238e-09	9.1803e-06	1.2147e-07	0.35898	
7.2357e-07	2.0196e-09	9.5004e-06	1.1832e-07	0.37578	
6.701e-07	1.3934e-09	9.785e-06	1.1176e-07	0.3886	
6.3865e-07	1.0548e-09	9.8291e-06	1.0813e-07	0.41936	
5.9416e-07	1.1606e-09	9.8477e-06	1.0095e-07	0.44095	
5.6683e-07	1.3712e-09	9.9096e-06	9.59e-08	0.48368	
5.2779e-07	1.0313e-09	9.9504e-06	8.7536e-08	0.51582	
5.0525e-07	8.1222e-10	1.0038e-05	8.133e-08	0.5816	
4.9736e-07	6.6335e-10	1.0187e-05	7.7046e-08	0.71738	
5.0515e-07	6.4237e-10	1.0172e-05	7.504e-08	0.78334	
5.2844e-07	6.6313e-10	1.0205e-05	7.5198e-08	0.80939	
5.674e-07	6.9138e-10	1.0284e-05	7.6813e-08	0.86127	
5.9504e-07	9.9511e-10	1.0339e-05	7.5423e-08	0.89729	
6.3994e-07	1.4311e-09	1.0442e-05	7.5495e-08	0.91125	
7.0555e-07	2.0743e-09	1.0597e-05	7.7025e-08	0.93908	
8.0143e-07	3.5048e-09	1.0579e-05	8.0705e-08	0.95294	
8.8075e-07	4.2696e-09	1.054e-05	8.1291e-08	0.9635	
9.4459e-07	4.4067e-09	1.0479e-05	7.879e-08	0.97155	
1.0501e-06	3.8285e-09	1.0336e-05	7.9594e-08	0.97715	
1.0466e-06	3.7669e-09	1.0254e-05	8.2962e-08	0.97934	
1.0635e-06	4.1298e-09	1.0217e-05	8.8009e-08	0.98012	
1.0671e-06	3.889e-09	1.0159e-05	8.9906e-08	0.98069	
1.0575e-06	3.0337e-09	1.0081e-05	8.8671e-08	0.98109	
1.0694e-06	2.605e-09	1.0049e-05	8.9271e-08	0.98206	
1.0679e-06	3.0507e-09	9.9957e-06	8.6711e-08	0.98274	
1.0535e-06	2.8371e-09	9.921e-06	8.1053e-08	0.98322	
1.0259e-06	2.0147e-09	9.8245e-06	7.2261e-08	0.98675	
9.8371e-07	1.9516e-09	9.6858e-06	5.9982e-08	0.98916	
9.6693e-07	2.3559e-09	9.317e-06	5.0321e-08	0.99036	
9.3673e-07	2.2278e-09	8.9047e-06	3.7508e-08	0.99127	
8.8019e-07	1.4322e-09	8.4165e-06	4.3335e-08	0.99192	
8.4687e-07	9.3585e-10	8.0417e-06	5.0299e-08	0.99211	
7.9293e-07	7.6232e-10	7.9354e-06	5.3184e-08	0.99212	
7.6097e-07	7.3703e-10	7.8757e-06	5.7261e-08	0.99187	
7.4805e-07	7.5282e-10	7.857e-06	6.2681e-08	0.99186	
7.2291e-07	1.1357e-09	7.819e-06	6.5111e-08	0.99175	
7.1612e-07	1.7505e-09	7.5647e-06	6.9119e-08	0.99131	
7.0078e-07	1.8751e-09	7.2797e-06	7.0104e-08	0.99071	
6.7404e-07	1.5153e-09	6.9622e-06	6.8168e-08	0.98992	
6.6439e-07	1.3836e-09	6.0394e-06	6.7677e-08	0.98793	
6.7043e-07	1.4099e-09	5.3107e-06	6.8477e-08	0.9828	
6.9257e-07	1.5747e-09	4.7339e-06	7.0588e-08	0.98023	
7.034e-07	2.3544e-09	4.0909e-06	6.9751e-08	0.97652	
7.3234e-07	2.263e-09	3.5992e-06	7.0434e-08	0.96903	
7.8151e-07	2.4472e-09	3.2146e-06	7.2602e-08	0.96539	
8.6281e-07	2.0619e-09	2.6719e-06	7.7625e-08	0.96029	
9.7675e-07	1.9393e-09	2.246e-06	8.4487e-08	0.95783	
1.1331e-06	2.0501e-09	1.9121e-06	9.3481e-08	0.95669	
1.2677e-06	2.9882e-09	1.543e-06	9.9261e-08	0.9551	
1.2928e-06	3.0601e-09	1.3282e-06	1.1387e-07	0.95215	
1.3515e-06	3.5205e-09	1.1633e-06	1.0489e-07	0.9508	
1.3051e-06	2.9107e-09	1.0472e-06	1.0018e-07	0.9477	
1.2848e-06	2.692e-09	9.5835e-07	9.8261e-08	0.93972	
1.2877e-06	3.0034e-09	8.9103e-07	9.8254e-08	0.92119	
1.2773e-06	2.7865e-09	8.1384e-07	9.5146e-08	0.89735	
1.2891e-06	2.8567e-09	7.5462e-07	9.3829e-08	0.8852	
1.3255e-06	3.2594e-09	7.1104e-07	9.4415e-08	0.8792	
1.3479e-06	4.9163e-09	6.5934e-07	9.1932e-08	0.87117	
1.3965e-06	5.0039e-09	6.2172e-07	9.1347e-08	0.86734	
1.4752e-06	5.6365e-09	5.9594e-07	9.2636e-08	0.86555	
1.4372e-06	7.0197e-09	5.8244e-07	9.6933e-08	0.86046	
1.3834e-06	7.6464e-09	5.6246e-07	9.8016e-08	0.85388	
1.3131e-06	7.5445e-09	5.358e-07	9.5885e-08	0.84529	
1.2873e-06	8.5223e-09	4.4166e-07	9.8171e-08	0.84177	
1.2471e-06	1.2189e-08	3.3583e-07	9.7313e-08	0.83702	
1.2352e-06	1.3516e-08	2.5666e-07	9.9435e-08	0.82625	
1.2964e-06	1.3483e-08	2.2065e-07	8.5281e-08	0.80784	
1.388e-06	1.446e-08	1.9265e-07	7.3591e-08	0.79858	
1.4615e-06	1.4537e-08	1.5896e-07	5.85e-08	0.78642	
1.5691e-06	1.5679e-08	1.3229e-07	4.5564e-08	0.78033	
1.6429e-06	1.5871e-08	9.9375e-08	5.4179e-08	0.77223	
1.7546e-06	1.7301e-08	7.312e-08	6.448e-08	0.76838	
1.7584e-06	1.6741e-08	5.985e-08	8.456e-08	0.76724	
1.7419e-06	1.4491e-08	6.0368e-08	9.9866e-08	0.76806	
1.7039e-06	1.0632e-08	8.4246e-08	1.1056e-07	0.76837	
1.6953e-06	8.4145e-09	1.1409e-07	1.2507e-07	0.7673	
1.6703e-06	5.1481e-09	1.388e-07	1.3585e-07	0.76569	
1.678e-06	3.0699e-09	1.7037e-07	1.2085e-07	0.76529	
1.6702e-06	2.313e-09	1.9612e-07	1.0205e-07	0.76432	
1.6895e-06	1.9807e-09	2.2948e-07	8.6548e-08	0.76452	
1.7397e-06	1.9617e-09	2.7398e-07	7.405e-08	0.76594	
1.6679e-06	2.3792e-09	3.3384e-07	6.4918e-08	0.76605	
1.5771e-06	2.2636e-09	3.8552e-07	5.2549e-08	0.76579	
1.5203e-06	2.427e-09	4.5241e-07	4.2089e-08	0.76657	
1.4241e-06	3.4798e-09	5.0282e-07	4.963e-08	0.76681	
1.3076e-06	3.9085e-09	5.4532e-07	5.4261e-08	0.76668	
1.1693e-06	3.7337e-09	5.8028e-07	5.6012e-08	0.76615	
1.0776e-06	2.6266e-09	5.8672e-07	5.9688e-08	0.76482	
1.0197e-06	1.9786e-09	6.0308e-07	6.4808e-08	0.76465	
9.8662e-07	1.6523e-09	6.3039e-07	7.1536e-08	0.76291	
9.399e-07	1.8498e-09	6.5011e-07	7.5231e-08	0.7636	
9.1586e-07	2.3341e-09	6.817e-07	8.0679e-08	0.76295	
8.7826e-07	2.2225e-09	7.0546e-07	8.2966e-08	0.76185	
8.6541e-07	1.4004e-09	6.8775e-07	8.7942e-08	0.75973	
8.7212e-07	8.7301e-10	6.8098e-07	9.5014e-08	0.75393	
8.6622e-07	7.8768e-10	6.672e-07	9.8791e-08	0.74586	
8.4767e-07	1.0585e-09	6.4639e-07	9.9306e-08	0.73483	
8.4853e-07	1.4672e-09	6.3625e-07	1.0194e-07	0.72958	
8.375e-07	1.3978e-09	6.1966e-07	1.0141e-07	0.72326	
8.0504e-07	1.5815e-09	6.3024e-07	9.5284e-08	0.72112	
7.9449e-07	2.1531e-09	6.0018e-07	9.1963e-08	0.71639	
8.0645e-07	3.4155e-09	5.119e-07	9.1582e-08	0.70663	
8.37e-07	3.4888e-09	4.4334e-07	9.3011e-08	0.68415	
8.8848e-07	3.9793e-09	3.9001e-07	9.6288e-08	0.62589	
9.6496e-07	5.2122e-09	3.4894e-07	1.0154e-07	0.59707	
1.0228e-06	5.5748e-09	3.6028e-07	1.0289e-07	0.59152	
1.0665e-06	5.3053e-09	3.6642e-07	1.0107e-07	0.58426	
1.0959e-06	4.3566e-09	3.6717e-07	9.5972e-08	0.57465	
1.1517e-06	4.0779e-09	3.7747e-07	9.323e-08	0.55118	
1.1069e-06	4.3277e-09	3.973e-07	9.3418e-08	0.49267	
1.0848e-06	5.2821e-09	4.2574e-07	9.5413e-08	0.46351	
1.0866e-06	7.2672e-09	4.1641e-07	9.9912e-08	0.45124	
1.0763e-06	8.4608e-09	4.0183e-07	1.0136e-07	0.4368	
1.0546e-06	8.9893e-09	3.823e-07	9.9895e-08	0.41885	
1.0216e-06	8.8769e-09	3.5868e-07	9.5538e-08	0.39656	
1.006e-06	9.3543e-09	3.4141e-07	9.2549e-08	0.38421	
9.7952e-07	9.1908e-09	3.1944e-07	8.6719e-08	0.369	
9.4206e-07	8.3768e-09	2.9264e-07	7.8023e-08	0.35014	
9.2233e-07	8.1912e-09	2.7229e-07	7.0779e-08	0.34002	
9.193e-07	8.6007e-09	2.5763e-07	6.4813e-08	0.3346	
9.3295e-07	9.7353e-09	2.4817e-07	5.9972e-08	0.31801	
8.4208e-07	8.9183e-09	2.4515e-07	5.7192e-08	0.30996	
7.7656e-07	8.8271e-09	2.4702e-07	5.5387e-08	0.30577	
6.8988e-07	1.0238e-08	2.8509e-07	4.9819e-08	0.29824	
6.3575e-07	1.0372e-08	2.9668e-07	4.6405e-08	0.28595	
6.0295e-07	9.2559e-09	2.7846e-07	4.4234e-08	0.26454	
5.9045e-07	6.6483e-09	2.3527e-07	4.3547e-08	0.22989	
5.9382e-07	5.275e-09	2.0321e-07	4.3731e-08	0.21372	
5.8262e-07	5.0919e-09	1.9998e-07	4.0418e-08	0.18478	
5.8597e-07	5.4693e-09	2.0133e-07	3.7787e-08	0.11068	
6.0415e-07	4.3546e-09	2.0729e-07	3.5733e-08	0.074714	
6.3855e-07	3.7878e-09	2.1815e-07	3.4173e-08	0.056696	
6.6156e-07	4.3716e-09	2.2444e-07	3.0018e-08	0.03264	
7.0648e-07	3.7023e-09	2.3675e-07	2.6505e-08	0.02286	
8.1152e-07	1.9428e-09	2.2898e-07	2.6787e-08	0.020079	
8.9978e-07	1.3228e-09	2.1649e-07	2.4593e-08	0.016298	
1.0213e-06	8.9348e-10	2.0912e-07	2.2535e-08	0.014416	
1.1893e-06	6.201e-10	2.0746e-07	2.067e-08	0.013556	
1.3065e-06	6.1385e-10	1.9816e-07	3.2108e-08	0.012285	
1.4049e-06	9.1798e-10	1.8436e-07	4.0718e-08	0.010575	
1.5443e-06	1.3315e-09	1.7553e-07	5.0651e-08	0.0097568	
1.6618e-06	1.2804e-09	1.6227e-07	5.761e-08	0.0086666	
1.8269e-06	1.3612e-09	1.5358e-07	6.6098e-08	0.0081578	
1.9752e-06	9.9165e-10	1.4073e-07	7.1517e-08	0.007477	
2.1787e-06	7.1893e-10	1.3278e-07	7.8513e-08	0.0071705	
2.3545e-06	7.9396e-10	1.208e-07	8.247e-08	0.0067276	
2.4734e-06	9.5003e-10	1.164e-07	8.037e-08	0.0065896	
2.6459e-06	1.1991e-09	1.1521e-07	7.9974e-08	0.0066432	
3.8846e-06	9.9118e-10	1.1009e-07	7.5938e-08	0.0066177	
4.9924e-06	1.2085e-09	1.0114e-07	6.8856e-08	0.0065035	
6.5435e-06	1.737e-09	9.5663e-08	6.362e-08	0.0060615	
7.8644e-06	1.6642e-09	1.1608e-07	5.4558e-08	0.0054084	
9.6445e-06	1.8005e-09	1.1072e-07	4.7132e-08	0.0051281	
1.0604e-05	1.1999e-09	1.2106e-07	4.9971e-08	0.0045752	
1.1489e-05	1.1706e-09	1.2734e-07	4.9935e-08	0.0038156	
1.1742e-05	1.2675e-09	1.3761e-07	5.1317e-08	0.0034669	
1.1666e-05	1.5148e-09	1.5252e-07	5.4193e-08	0.0033346	
1.205e-05	2.2964e-09	1.569e-07	5.0503e-08	0.0030543	
1.2381e-05	2.5141e-09	1.5719e-07	4.3994e-08	0.0031852	
1.2662e-05	2.196e-09	1.5344e-07	3.463e-08	0.0032725	
1.3067e-05	2.1471e-09	1.5342e-07	2.6308e-08	0.0031677	
1.3628e-05	2.3329e-09	1.5711e-07	1.87e-08	0.0031898	
1.4067e-05	3.4823e-09	1.5545e-07	2.4495e-08	0.0031479	
1.4682e-05	3.4097e-09	1.5797e-07	3.0844e-08	0.0032706	
1.5217e-05	2.749e-09	2.2521e-07	3.4446e-08	0.0033289	
1.5969e-05	2.5555e-09	2.4202e-07	3.8949e-08	0.0032094	
1.6967e-05	2.6313e-09	2.6492e-07	4.4146e-08	0.0032133	
1.7872e-05	2.2186e-09	2.8322e-07	4.6757e-08	0.0031719	
1.9043e-05	2.0389e-09	3.0768e-07	4.9984e-08	0.0028479	
2.0103e-05	1.3705e-09	3.2723e-07	5.0561e-08	0.0024304	
2.1485e-05	8.8254e-10	3.5374e-07	5.1883e-08	0.0022211	
2.2737e-05	8.0898e-10	3.7495e-07	5.0532e-08	0.0019298	
2.3869e-05	1.0862e-09	3.9098e-07	4.6492e-08	0.0015327	
2.5331e-05	1.4372e-09	4.1385e-07	4.3108e-08	0.0013252	
2.7361e-05	1.1619e-09	4.4828e-07	4.0898e-08	0.0009389	
2.9985e-05	9.653e-10	4.925e-07	3.9145e-08	0.0007335	
3.3428e-05	8.2845e-10	5.4922e-07	3.7902e-08	0.00063174	
3.7934e-05	7.1877e-10	5.4434e-07	3.7122e-08	0.00059151	
4.1981e-05	9.2656e-10	5.3357e-07	3.3734e-08	0.00051884	
4.7347e-05	1.2141e-09	5.3123e-07	3.085e-08	0.00049858	
5.0069e-05	1.7878e-09	4.9478e-07	3.4767e-08	0.00054485	
5.3728e-05	1.3935e-09	4.6926e-07	3.9375e-08	0.00067059	
5.6976e-05	1.5071e-09	4.3621e-07	4.1233e-08	0.00074401	
6.1285e-05	1.7997e-09	4.1274e-07	4.3757e-08	0.00072036	
6.6997e-05	2.4741e-09	3.9754e-07	4.7044e-08	0.00075429	
7.2119e-05	2.6207e-09	3.7672e-07	4.7613e-08	0.0007589	
7.4037e-05	1.7965e-09	3.6948e-07	5.1208e-08	0.00068317	
7.6619e-05	1.371e-09	3.7065e-07	5.5874e-08	0.00067296	
7.8922e-05	1.5352e-09	3.6659e-07	5.7712e-08	0.00063153	
8.2003e-05	2.0737e-09	3.6952e-07	6.0662e-08	0.00048107	
8.4734e-05	3.7206e-09	3.6696e-07	6.0682e-08	0.00026452	
8.8427e-05	3.9481e-09	3.716e-07	6.1978e-08	0.00016382	
9.3402e-05	2.8603e-09	3.8373e-07	6.4607e-08	0.00011918	
9.78e-05	2.5319e-09	3.8862e-07	6.4181e-08	0.00012091	
0.00010364	2.4891e-09	4.0072e-07	6.4968e-08	0.00014401	
0.00011139	1.3895e-09	4.2104e-07	6.7015e-08	0.00012785	
0.00011828	1.0589e-09	4.3518e-07	6.6072e-08	9.1632e-05	
0.00012741	8.3299e-10	4.5775e-07	6.6386e-08	7.7759e-05	
0.00013559	9.2203e-10	4.7373e-07	6.3778e-08	4.4949e-05	
0.00014669	1.1622e-09	4.9956e-07	6.2945e-08	3.0504e-05	
0.00015664	9.3835e-10	5.1906e-07	5.9233e-08	5.106e-05	
0.00017003	9.108e-10	5.4955e-07	5.6846e-08	4.4691e-05	
0.00017464	9.6063e-10	5.925e-07	5.5889e-08	4.929e-05	
0.0001761	1.1011e-09	6.5089e-07	5.6527e-08	6.7478e-05	
0.00017735	1.7985e-09	7.0009e-07	5.4274e-08	7.0851e-05	
0.0001773	1.7786e-09	7.7273e-07	5.4336e-08	5.1784e-05	
0.00017756	1.9499e-09	8.6649e-07	5.5381e-08	4.596e-05	
0.00017773	1.611e-09	9.4844e-07	5.3515e-08	3.0142e-05	
0.00017665	1.5174e-09	1.062e-06	5.3813e-08	2.5139e-05	
0.00017596	1.5891e-09	1.2071e-06	5.5084e-08	2.7837e-05	
0.00017511	2.2236e-09	1.3336e-06	5.3467e-08	1.7766e-05	
0.00017409	2.2829e-09	1.4446e-06	4.8968e-08	3.2293e-05	
0.00017347	2.6499e-09	1.5896e-06	4.5558e-08	6.4075e-05	
0.00017324	3.4525e-09	1.7796e-06	4.3212e-08	6.2099e-05	
0.00017288	3.6521e-09	1.9488e-06	3.8086e-08	4.7167e-05	
0.00017284	4.3125e-09	2.1676e-06	3.3796e-08	4.4657e-05	
0.00017354	4.0016e-09	2.2748e-06	3.4035e-08	6.9318e-05	
0.00017465	4.1963e-09	2.4294e-06	3.4751e-08	6.1823e-05	
0.00017563	3.7316e-09	2.5638e-06	3.2732e-08	0.00011057	
0.00017569	4.0969e-09	2.6224e-06	3.6054e-08	0.00012711	
0.00017608	4.9953e-09	2.7089e-06	4.0078e-08	0.00017341	
0.00017634	5.2597e-09	2.7821e-06	4.1447e-08	0.00019963	
0.00017699	6.3725e-09	2.8931e-06	4.4059e-08	0.00018027	
0.00017811	5.9106e-09	3.0441e-06	4.7677e-08	0.00019038	
0.0001825	4.5309e-09	3.1517e-06	4.3769e-08	0.00018011	
0.00018908	3.8665e-09	3.1397e-06	4.1797e-08	0.00020017	
0.00019794	3.7267e-09	3.1527e-06	4.0613e-08	0.00016973	
0.00020994	4.0512e-09	3.0381e-06	4.0274e-08	0.00016901	
0.00022584	3.0488e-09	2.9556e-06	4.0536e-08	0.00019553	
0.00023131	2.4783e-09	2.9007e-06	4.1707e-08	0.00026124	
0.00023858	2.2118e-09	2.8701e-06	4.3534e-08	0.00039847	
0.00024508	2.6295e-09	2.8262e-06	4.267e-08	0.00048357	
0.00025384	3.4387e-09	2.8066e-06	4.2589e-08	0.0006724	
0.00026561	4.9038e-09	2.8104e-06	4.3296e-08	0.00072306	
0.00027617	5.6086e-09	2.8027e-06	4.1325e-08	0.0011834	
0.00028439	5.4569e-09	2.7774e-06	6.172e-08	0.0015105	
0.0002872	5.9326e-09	2.7791e-06	8.762e-08	0.0016126	
0.00029102	7.1005e-09	2.8029e-06	1.1833e-07	0.0015755	
0.00029438	7.5193e-09	2.8149e-06	1.4447e-07	0.0014934	
0.00029735	7.2092e-09	2.8152e-06	1.662e-07	0.0013602	
0.00030197	5.1163e-09	2.8467e-06	1.6016e-07	0.0013398	
0.00030819	3.8746e-09	2.7615e-06	1.5728e-07	0.0014032	
0.00031021	3.2477e-09	2.709e-06	1.5888e-07	0.0013448	
0.00031198	3.6684e-09	2.644e-06	1.5695e-07	0.0012389	
0.00031447	4.5648e-09	2.6033e-06	1.579e-07	0.0012287	
0.00031666	4.8413e-09	2.551e-06	1.5534e-07	0.0011823	
0.00031968	3.6839e-09	2.5216e-06	1.5563e-07	0.001214	
0.00032233	3.3475e-09	2.4768e-06	1.523e-07	0.0014292	
0.00032337	3.6117e-09	2.4885e-06	1.6553e-07	0.0015	
0.00032419	3.0149e-09	2.4874e-06	1.7482e-07	0.0019493	
0.00032336	2.8582e-09	2.5095e-06	1.8869e-07	0.0020995	
0.00032231	3.6311e-09	2.5176e-06	1.9826e-07	0.0021769	
0.00031685	6.4961e-09	1.4235e-06	2.6296e-07	0.0012621	
0.00031679	6.3198e-09	1.3364e-06	2.6659e-07	0.00090654	
0.00031658	5.4736e-09	1.237e-06	2.6616e-07	0.0004357	
0.00031619	5.8699e-09	1.1218e-06	2.616e-07	0.00033491	
0.0003158	4.7555e-09	1.0049e-06	2.5534e-07	0.00029775	
0.00031541	4.3401e-09	8.8634e-07	2.4737e-07	0.00030304	
0.00031501	4.7834e-09	7.6604e-07	2.377e-07	0.00038784	
0.00031506	4.1337e-09	6.7536e-07	2.3253e-07	0.00040886	
0.00031337	4.0665e-09	6.1086e-07	2.3391e-07	0.00036182	
0.00031378	3.2125e-09	5.2187e-07	2.2146e-07	0.00028079	
0.00031263	2.8441e-09	4.6088e-07	2.1664e-07	0.00025327	
0.00031121	3.0607e-09	3.8241e-07	2.0599e-07	0.00028116	
0.00031032	3.6566e-09	3.2063e-07	1.9916e-07	0.00036333	
0.00031008	3.3368e-09	2.78e-07	1.5483e-07	0.00038948	
0.00030929	2.2987e-09	2.1847e-07	1.5261e-07	0.00038929	
0.00030823	1.9859e-09	2.0367e-07	1.4564e-07	0.00034449	
0.00030424	1.9273e-09	1.9441e-07	1.421e-07	0.00034258	
0.00029425	2.2093e-09	1.9241e-07	1.4716e-07	0.0003867	
0.00027119	2.8847e-09	1.988e-07	1.6424e-07	0.00036689	
0.00026747	2.9861e-09	2.0036e-07	1.7563e-07	0.00032175	
0.00026472	3.428e-09	2.0647e-07	1.9083e-07	0.00031613	
0.00026278	4.4546e-09	2.1855e-07	2.1094e-07	0.00035137	
0.00026161	7.1307e-09	2.1258e-07	2.3971e-07	0.00034654	
0.00026091	7.8094e-09	2.1171e-07	2.7572e-07	0.00038502	
0.00026062	6.9121e-09	2.157e-07	3.2002e-07	0.00051098	
0.00026014	7.6111e-09	2.1461e-07	3.5895e-07	0.00058994	
0.0002594	9.9836e-09	2.4544e-07	3.8909e-07	0.00061126	
0.00016098	2.5746e-09	6.3087e-07	1.5026e-07	0.0011927	
0.00016003	2.6593e-09	6.1623e-07	1.683e-07	0.00090662	
0.00015732	1.9302e-09	6.2526e-07	2.0213e-07	0.00036891	
0.00015547	1.5034e-09	6.4559e-07	2.0141e-07	0.00012458	
0.00015338	1.5743e-09	6.5854e-07	1.9688e-07	7.3848e-05	
0.00015186	1.8131e-09	6.819e-07	1.9581e-07	4.9646e-05	
0.00014987	2.5196e-09	7.3792e-07	1.8739e-07	4.4804e-05	
0.0001476	2.5601e-09	7.8491e-07	1.7498e-07	2.7362e-05	
0.00014597	2.9248e-09	8.4889e-07	1.6638e-07	1.9947e-05	
0.00014381	3.9782e-09	9.7434e-07	1.4997e-07	2.1812e-05	
0.00014244	4.2951e-09	1.0543e-06	1.3993e-07	1.2327e-05	
0.00013812	5.3466e-09	1.1597e-06	1.3355e-07	7.2004e-06	
0.00013494	4.9698e-09	1.1761e-06	1.3014e-07	4.53e-06	
0.00013137	3.8946e-09	1.1844e-06	1.2332e-07	1.2399e-05	
0.00012871	3.3287e-09	1.2068e-06	1.1899e-07	2.5638e-05	
0.00012526	3.4099e-09	1.2744e-06	1.0807e-07	6.0247e-05	
0.00012272	4.1178e-09	1.2649e-06	9.9985e-08	0.00013538	
0.00012085	5.4317e-09	1.2695e-06	9.4102e-08	0.00015022	
0.00011952	5.535e-09	1.291e-06	9.042e-08	0.00013081	
0.00011538	4.0932e-09	1.3298e-06	8.9106e-08	0.00013607	
0.0001107	3.9725e-09	1.359e-06	8.4589e-08	0.00012343	
9.8377e-05	2.6336e-09	1.4167e-06	8.4306e-08	6.7454e-05	
8.4574e-05	2.0581e-09	1.4609e-06	8.0886e-08	5.4565e-05	
7.4239e-05	1.7866e-09	1.5271e-06	7.9219e-08	5.5129e-05	
6.3092e-05	2.1806e-09	1.5817e-06	7.4338e-08	4.2548e-05	
5.4787e-05	3.0356e-09	1.6592e-06	7.1154e-08	4.1506e-05	
4.8603e-05	2.7197e-09	1.7644e-06	6.9533e-08	5.1713e-05	
4.3937e-05	2.7422e-09	1.9019e-06	6.9259e-08	3.3186e-05	
4.3239e-05	2.1745e-09	2.0167e-06	6.4948e-08	4.9531e-05	
4.2798e-05	1.9421e-09	2.1698e-06	6.2232e-08	3.8203e-05	
4.2268e-05	2.1034e-09	2.2996e-06	5.6485e-08	4.3943e-05	
4.1929e-05	1.2127e-09	2.4686e-06	5.1952e-08	6.2446e-05	
4.1516e-05	9.9074e-10	2.6188e-06	4.4563e-08	6.7295e-05	
4.0118e-05	8.9288e-10	2.6409e-06	4.0123e-08	9.101e-05	
3.8544e-05	1.1347e-09	2.651e-06	3.2929e-08	9.5148e-05	
3.7393e-05	1.5223e-09	2.6839e-06	2.6614e-08	0.00011968	
3.6085e-05	1.4267e-09	2.705e-06	1.756e-08	0.00012788	
3.5252e-05	1.5328e-09	2.6208e-06	1.0143e-08	0.00016606	
3.4202e-05	2.3356e-09	2.5147e-06	1.2589e-08	0.00018279	
3.1756e-05	2.2292e-09	2.2493e-06	1.7662e-08	0.00025947	
2.9941e-05	2.4201e-09	2.0437e-06	2.2931e-08	0.00026679	
2.8597e-05	2.9211e-09	1.8846e-06	2.86e-08	0.00031059	
2.7595e-05	2.3524e-09	1.7625e-06	3.4799e-08	0.00029725	
2.6462e-05	2.5969e-09	1.6239e-06	3.832e-08	0.0002598	
2.5626e-05	3.1538e-09	1.5171e-06	4.2511e-08	0.00025533	
2.5021e-05	2.7869e-09	1.4387e-06	4.7565e-08	0.00020493	
2.4585e-05	2.6897e-09	1.3801e-06	5.3483e-08	0.00018506	
2.4294e-05	2.97e-09	1.3394e-06	6.0611e-08	0.00018833	
2.3951e-05	2.6941e-09	1.2898e-06	6.4926e-08	0.00033629	
2.373e-05	2.755e-09	1.2559e-06	7.0423e-08	0.00061864	
2.3615e-05	3.0608e-09	1.2355e-06	7.7252e-08	0.001122	
2.3459e-05	2.717e-09	1.2078e-06	8.1198e-08	0.0015251	
2.3261e-05	3.2597e-09	1.1727e-06	8.2292e-08	0.0018435	
2.3017e-05	3.28e-09	1.1296e-06	8.0476e-08	0.0020991	
2.2724e-05	4.3499e-09	1.0779e-06	7.5735e-08	0.00229	
2.238e-05	4.8444e-09	1.0177e-06	6.8054e-08	0.0024355	
2.2153e-05	5.7725e-09	9.7245e-07	6.1676e-08	0.002714	
2.1099e-05	7.4035e-09	9.4223e-07	5.7128e-08	0.0027259	
2.0298e-05	1.0007e-08	9.2408e-07	5.3615e-08	0.0028327	
1.9696e-05	1.027e-08	9.1723e-07	5.103e-08	0.00308	
1.8252e-05	1.1678e-08	8.5853e-07	5.7384e-08	0.0036837	
1.6671e-05	1.2282e-08	7.9132e-07	6.0925e-08	0.0041586	
1.4935e-05	1.2107e-08	7.1509e-07	6.1669e-08	0.0045301	
1.3584e-05	9.7795e-09	6.5565e-07	6.3414e-08	0.0046099	
1.2103e-05	6.5339e-09	5.882e-07	6.2405e-08	0.0046394	
1.0967e-05	4.482e-09	5.3585e-07	6.2539e-08	0.0048113	
1.0107e-05	3.2608e-09	4.9651e-07	6.3882e-08	0.0047473	
7.4983e-06	2.6149e-09	4.7099e-07	6.7751e-08	0.0043888	
5.4872e-06	2.2753e-09	4.5413e-07	7.2979e-08	0.004231	
3.9712e-06	2.3733e-09	4.4612e-07	7.9988e-08	0.0037185	
2.2883e-06	1.947e-09	4.3251e-07	8.3942e-08	0.0031041	
1.0209e-06	1.7715e-09	4.2697e-07	8.9808e-08	0.0028093	
7.9418e-07	2.2528e-09	4.1286e-07	9.0485e-08	0.0023715	
7.319e-07	3.2738e-09	3.7242e-07	7.9897e-08	0.0022316	
6.9071e-07	4.8848e-09	3.4196e-07	7.1349e-08	0.0022036	
6.2987e-07	9.215e-09	3.0353e-07	9.2796e-08	0.0021178	
5.5469e-07	1.232e-08	2.5814e-07	1.1036e-07	0.0019771	
4.6496e-07	1.4034e-08	2.057e-07	1.2429e-07	0.0017714	
3.9976e-07	1.3504e-08	1.6465e-07	1.4186e-07	0.0017024	
3.5348e-07	1.0486e-08	1.3252e-07	1.638e-07	0.0017292	
3.2214e-07	8.9063e-09	1.0742e-07	1.9106e-07	0.0016134	
2.7623e-07	8.9081e-09	1.0594e-07	2.1123e-07	0.0013674	
2.4319e-07	9.6723e-09	1.0717e-07	2.3656e-07	0.001256	
2.2046e-07	1.1365e-08	1.112e-07	2.6801e-07	0.0012286	
1.8911e-07	1.6559e-08	1.1149e-07	2.9456e-07	0.00116	
1.4879e-07	2.0247e-08	1.0808e-07	3.1636e-07	0.0013478	
1.1888e-07	2.094e-08	1.0775e-07	3.4496e-07	0.0017672	
1.2561e-07	2.0317e-08	1.0054e-07	3.5461e-07	0.0020614	
1.4076e-07	2.1187e-08	9.7122e-08	3.2284e-07	0.0021351	
1.6212e-07	2.3461e-08	9.6099e-08	2.9754e-07	0.002336	
1.7597e-07	2.4651e-08	9.156e-08	2.6741e-07	0.002474	
1.8275e-07	2.4877e-08	8.3595e-08	2.3251e-07	0.0025613	
1.8226e-07	2.408e-08	7.2021e-08	1.9242e-07	0.0026	
1.8827e-07	2.4826e-08	6.3135e-08	1.5936e-07	0.002449	
2.0131e-07	2.719e-08	5.6405e-08	1.3207e-07	0.0024196	
2.0598e-07	2.8276e-08	7.6018e-08	9.9568e-08	0.0023333	
1.8219e-07	2.8241e-08	9.0063e-08	8.9256e-08	0.0021884	
1.6672e-07	2.9915e-08	1.0812e-07	8.1266e-08	0.0021646	
1.5963e-07	2.9581e-08	1.0641e-07	7.5931e-08	0.0020371	
1.5864e-07	3.1351e-08	1.0834e-07	7.2245e-08	0.0020252	
1.5048e-07	3.1484e-08	1.066e-07	6.5553e-08	0.0019663	
1.3477e-07	3.5791e-08	1.0099e-07	5.571e-08	0.0018469	
1.2763e-07	3.8394e-08	8.6188e-08	4.876e-08	0.0016492	
1.2558e-07	3.8427e-08	7.5118e-08	4.2972e-08	0.0012213	
1.299e-07	3.5189e-08	6.7438e-08	3.8487e-08	0.0010552	
1.3942e-07	3.3985e-08	6.1897e-08	3.4693e-08	0.00099116	
1.4121e-07	3.1335e-08	8.416e-08	2.7948e-08	0.00087856	
1.4905e-07	3.0873e-08	1.1299e-07	2.195e-08	0.00085176	
1.4204e-07	2.8732e-08	1.3137e-07	2.7007e-08	0.0010174	
1.2793e-07	2.5334e-08	1.4545e-07	2.9539e-08	0.0011326	
1.1928e-07	2.3753e-08	1.6428e-07	3.2403e-08	0.0013873	
1.1545e-07	2.3709e-08	1.8894e-07	3.5712e-08	0.0014504	
1.0453e-07	2.615e-08	2.0701e-07	3.6294e-08	0.0017715	
9.8509e-08	2.5963e-08	2.322e-07	3.7491e-08	0.0018822	
9.6522e-08	2.3589e-08	2.6604e-07	3.9255e-08	0.0018822	
8.7937e-08	2.4437e-08	2.9372e-07	3.8327e-08	0.0018319	
8.3446e-08	2.2807e-08	3.3135e-07	3.8073e-08	0.0016188	
8.3467e-08	1.9046e-08	3.3386e-07	3.8877e-08	0.0012112	
7.7212e-08	1.8598e-08	3.311e-07	3.7016e-08	0.00064057	
7.4176e-08	1.525e-08	3.347e-07	3.5709e-08	0.00036532	
7.3616e-08	1.3286e-08	3.4411e-07	3.4743e-08	0.00022134	
7.5408e-08	1.2307e-08	3.5964e-07	3.4064e-08	0.00014518	
7.9651e-08	1.2125e-08	3.8197e-07	3.3642e-08	0.00010523	
8.6661e-08	1.2713e-08	4.1216e-07	3.3474e-08	8.5866e-05	
9.739e-08	1.105e-08	4.5244e-07	3.3682e-08	8.172e-05	
1.1238e-07	1.0269e-08	5.0434e-07	3.42e-08	8.9997e-05	
1.3361e-07	1.044e-08	5.0413e-07	3.53e-08	0.00012306	
1.629e-07	8.7305e-09	5.1278e-07	3.6972e-08	0.0002085	
1.5128e-07	8.3294e-09	5.3223e-07	3.9941e-08	0.00023062	
1.4547e-07	8.6653e-09	5.6132e-07	4.3562e-08	0.00019714	
1.3244e-07	8.2673e-09	5.8384e-07	4.4462e-08	0.00014175	
1.251e-07	8.6064e-09	6.1711e-07	4.6151e-08	0.00011852	
1.2336e-07	7.3805e-09	6.0402e-07	4.8989e-08	0.00012385	
1.1504e-07	5.3923e-09	5.8494e-07	4.9136e-08	0.00011537	
1.1111e-07	4.1679e-09	5.7478e-07	5.006e-08	0.00012381	
1.1308e-07	3.7937e-09	5.1765e-07	5.2617e-08	9.9556e-05	
1.197e-07	3.8237e-09	4.741e-07	5.624e-08	9.3563e-05	
1.3157e-07	4.2704e-09	4.4187e-07	6.1091e-08	0.00010307	
1.3618e-07	5.6886e-09	4.0037e-07	6.2918e-08	0.00015983	
1.4663e-07	5.692e-09	3.7021e-07	6.6114e-08	0.00016779	
1.638e-07	6.355e-09	3.4917e-07	7.0803e-08	0.00012588	
1.8861e-07	5.5443e-09	3.3572e-07	7.7029e-08	0.00011725	
2.0544e-07	4.0448e-09	3.1703e-07	8.0243e-08	9.356e-05	
2.3084e-07	3.1434e-09	3.0509e-07	8.5084e-08	8.8092e-05	
2.4743e-07	3.1361e-09	2.8711e-07	8.6732e-08	0.00013413	
2.5586e-07	2.5837e-09	2.6388e-07	8.5339e-08	0.00016124	
2.562e-07	1.4634e-09	2.3521e-07	8.0896e-08	0.0001712	
2.4637e-07	9.7071e-10	2.3638e-07	7.2417e-08	0.00015006	
2.4539e-07	6.1816e-10	2.4298e-07	6.583e-08	0.00015391	
2.353e-07	4.975e-10	2.3895e-07	5.571e-08	0.00022652	
2.0615e-07	5.3203e-10	2.2477e-07	6.44e-08	0.00026014	
1.6971e-07	8.2338e-10	2.0527e-07	6.985e-08	0.00027035	
1.4161e-07	1.1968e-09	1.9068e-07	7.6515e-08	0.00031199	
1.182e-07	1.5851e-09	1.7922e-07	8.3979e-08	0.00038766	
9.7659e-08	1.9827e-09	1.6998e-07	9.205e-08	0.00050698	
7.9405e-08	2.427e-09	1.628e-07	1.0088e-07	0.00069332	
6.2583e-08	2.9474e-09	1.5734e-07	1.1048e-07	0.00069544	
4.1109e-08	3.0933e-09	1.4921e-07	1.1774e-07	0.00068349	
2.0767e-08	3.33e-09	1.4276e-07	1.2592e-07	0.00070264	
3.0724e-08	3.1998e-09	1.3371e-07	1.3114e-07	0.00070824	
4.0199e-08	3.162e-09	1.2622e-07	1.3731e-07	0.00074656	
4.9478e-08	3.2136e-09	1.2012e-07	1.4453e-07	0.0008246	
5.3529e-08	3.8917e-09	1.3805e-07	1.4827e-07	0.0008234	
5.3294e-08	4.1815e-09	1.5323e-07	1.4966e-07	0.00080745	
4.8772e-08	4.0844e-09	1.6568e-07	1.487e-07	0.00077661	
3.995e-08	3.5366e-09	1.7537e-07	1.4538e-07	0.001063	
2.6812e-08	2.5962e-09	1.8235e-07	1.397e-07	0.0013155	
1.3333e-08	1.9588e-09	1.9131e-07	1.3495e-07	0.0013344	
2.1504e-08	1.961e-09	1.9626e-07	1.2609e-07	0.0013265	
2.8528e-08	1.9603e-09	2.0313e-07	1.1811e-07	0.0013619	
3.4708e-08	1.9692e-09	2.1222e-07	1.1102e-07	0.0014488	
4.0092e-08	1.9746e-09	2.2351e-07	1.0458e-07	0.0015988	
4.4823e-08	1.9767e-09	2.3722e-07	9.8724e-08	0.0018362	
4.9028e-08	1.9759e-09	2.5359e-07	9.3363e-08	0.0021992	
5.2821e-08	1.972e-09	2.7293e-07	8.8431e-08	0.0027462	
5.6456e-08	1.9783e-09	2.9585e-07	8.3956e-08	0.0035813	
6.005e-08	1.996e-09	3.2282e-07	7.988e-08	0.0048528	
6.3731e-08	2.028e-09	3.5442e-07	7.6157e-08	0.006788	
6.7689e-08	2.1045e-09	3.9164e-07	7.2779e-08	0.0097657	
7.1869e-08	2.1951e-09	4.3469e-07	6.9603e-08	0.014235	
7.0877e-08	3.0088e-09	4.7377e-07	1.2069e-07	0.018122	
7.0535e-08	4.3342e-09	4.5818e-07	1.7788e-07	0.019392	
7.0427e-08	5.96e-09	4.4675e-07	2.4103e-07	0.021327	
6.5877e-08	7.1337e-09	4.3207e-07	3.0053e-07	0.023065	
5.6873e-08	7.8627e-09	4.141e-07	3.5645e-07	0.024626	
4.8219e-08	8.9636e-09	4.0045e-07	4.1917e-07	0.027043	
4.0238e-08	8.8172e-09	3.9223e-07	4.9134e-07	0.028248	
2.781e-08	8.1936e-09	5.1688e-07	5.5911e-07	0.029303	
1.5244e-08	7.9308e-09	5.2621e-07	6.3583e-07	0.030984	
2.6888e-08	7.2341e-09	5.3219e-07	7.0576e-07	0.032498	
3.8032e-08	6.8264e-09	5.4261e-07	7.8452e-07	0.034804	
4.9164e-08	6.7006e-09	5.58e-07	8.7379e-07	0.038357	
6.0861e-08	7.2197e-09	5.1386e-07	9.7625e-07	0.039475	
6.8064e-08	7.3037e-09	4.6573e-07	1.0737e-06	0.040463	
7.0784e-08	6.9523e-09	4.1352e-07	1.1661e-06	0.041332	
8.0213e-08	7.3291e-09	3.8209e-07	1.1554e-06	0.041326	
9.0698e-08	8.021e-09	3.5575e-07	1.1509e-06	0.041599	
9.6623e-08	8.2854e-09	3.2612e-07	1.143e-06	0.041801	
1.038e-07	8.9082e-09	3.0111e-07	1.1412e-06	0.040881	
1.0637e-07	9.097e-09	2.7291e-07	1.1359e-06	0.039846	
1.1033e-07	9.6541e-09	2.4889e-07	1.1368e-06	0.039245	
1.1563e-07	1.0625e-08	2.284e-07	1.1435e-06	0.036148	
1.2248e-07	1.2066e-08	2.1103e-07	1.1562e-06	0.034115	
1.3154e-07	1.4175e-08	1.9678e-07	1.1758e-06	0.032841	
1.3538e-07	1.568e-08	1.793e-07	1.1912e-06	0.031374	
1.3126e-07	1.9809e-08	1.8951e-07	1.1971e-06	0.028548	
1.2094e-07	2.2914e-08	1.9645e-07	1.1975e-06	0.025066	
1.2642e-07	2.7951e-08	2.0883e-07	1.1258e-06	0.023226	
1.3605e-07	2.8862e-08	2.2595e-07	1.0678e-06	0.022263	
1.3934e-07	2.8828e-08	2.3876e-07	1.0029e-06	0.021054	
1.4899e-07	2.7082e-08	2.3256e-07	9.549e-07	0.0191	
1.6392e-07	2.6743e-08	2.318e-07	9.177e-07	0.018063	
1.7207e-07	2.5467e-08	2.2696e-07	8.7451e-07	0.016764	
1.8746e-07	2.5552e-08	2.2652e-07	8.4156e-07	0.016139	
1.9563e-07	2.4666e-08	2.2188e-07	8.0261e-07	0.015331	
1.9666e-07	2.2775e-08	2.1298e-07	7.5746e-07	0.014297	
2.0416e-07	2.227e-08	2.0866e-07	7.2254e-07	0.013791	
2.1893e-07	2.3087e-08	2.0882e-07	6.9692e-07	0.013609	
2.248e-07	2.2339e-08	2.6168e-07	6.6365e-07	0.013252	
2.4064e-07	2.3466e-08	3.3253e-07	6.4206e-07	0.012254	
2.4838e-07	2.3168e-08	3.9475e-07	6.1471e-07	0.010925	
2.6476e-07	2.4276e-08	4.7363e-07	5.9576e-07	0.010282	
2.7177e-07	2.9405e-08	5.3737e-07	5.7003e-07	0.0093376	
2.7024e-07	3.2956e-08	5.9221e-07	5.3828e-07	0.008077	
2.6016e-07	3.5103e-08	6.3863e-07	5.0031e-07	0.0064044	
2.6024e-07	3.4512e-08	6.3871e-07	4.7297e-07	0.0058647	
2.5187e-07	3.2642e-08	6.3229e-07	4.3979e-07	0.005133	
2.3493e-07	2.9401e-08	6.1929e-07	4.0055e-07	0.0041532	
2.2902e-07	2.3605e-08	5.714e-07	3.7266e-07	0.0025562	
1.891e-07	2.0927e-08	4.6553e-07	3.7449e-07	0.0019648	
1.638e-07	1.4219e-08	3.8566e-07	3.3085e-07	0.0017018	
1.4611e-07	1.043e-08	3.2275e-07	2.956e-07	0.0016021	
1.3448e-07	8.0941e-09	2.7287e-07	2.6724e-07	0.0015867	
1.2837e-07	6.7814e-09	2.3391e-07	2.4502e-07	0.0016479	
1.2692e-07	6.1922e-09	2.0335e-07	2.2774e-07	0.0015705	
1.1889e-07	4.6902e-09	1.673e-07	2.063e-07	0.0014517	
1.1563e-07	3.8282e-09	1.3885e-07	1.8963e-07	0.0014163	
1.1692e-07	3.458e-09	1.1654e-07	1.7708e-07	0.0012032	
1.1058e-07	2.1029e-09	1.1526e-07	1.5942e-07	0.0011764	
1.0827e-07	1.1416e-09	1.1669e-07	1.4536e-07	0.001206	
9.6046e-08	7.9414e-10	1.1281e-07	1.7185e-07	0.0011992	
7.7132e-08	7.9642e-10	1.0518e-07	1.9408e-07	0.0011595	
6.2135e-08	7.9307e-10	1.0011e-07	2.2101e-07	0.0011727	
5.0504e-08	8.2551e-10	9.8471e-08	2.5432e-07	0.0010513	
4.0687e-08	8.447e-10	9.8874e-08	2.9405e-07	0.00099358	
3.2253e-08	8.6532e-10	1.0149e-07	3.4183e-07	0.00098698	
5.347e-08	1.2392e-09	9.9794e-08	3.7952e-07	0.00095111	
6.8837e-08	1.2027e-09	9.4843e-08	4.1237e-07	0.00089193	
8.7234e-08	1.1931e-09	9.1795e-08	4.5221e-07	0.00087788	
9.9574e-08	1.6544e-09	8.5477e-08	4.8697e-07	0.00083817	
1.1551e-07	2.2471e-09	8.0989e-08	5.294e-07	0.00059604	
1.3596e-07	3.0294e-09	7.8118e-08	5.8074e-07	0.00044831	
1.4977e-07	3.3303e-09	7.2126e-08	6.2621e-07	0.00026799	
1.5678e-07	4.1767e-09	6.2125e-08	6.6558e-07	0.00019522	
1.6923e-07	5.4627e-09	5.4046e-08	7.151e-07	0.00015331	
1.7475e-07	7.8654e-09	4.2105e-08	7.5821e-07	0.00014372	
1.865e-07	8.1102e-09	3.2054e-08	8.1304e-07	0.00015107	
2.0548e-07	9.028e-09	2.3383e-08	8.818e-07	0.00018	
2.1397e-07	1.1858e-08	2.3931e-08	9.3666e-07	0.00017685	
2.2997e-07	1.2256e-08	2.4772e-08	1.0058e-06	0.00019891	
2.3814e-07	1.1888e-08	2.2943e-08	1.0669e-06	0.00020384	
2.3794e-07	1.3631e-08	3.8028e-08	1.119e-06	0.00018651	
2.2516e-07	1.443e-08	4.917e-08	1.4593e-06	0.00014928	
2.2077e-07	1.3003e-08	6.2919e-08	1.8762e-06	0.00014095	
1.7927e-07	1.2727e-08	8.1823e-08	2.0673e-06	0.00015717	
1.4893e-07	1.3485e-08	1.0553e-07	2.3036e-06	0.00020552	
1.2764e-07	1.5378e-08	1.3515e-07	2.3611e-06	0.00030862	
9.8338e-08	1.6283e-08	1.5956e-07	2.4083e-06	0.00037788	
8.1296e-08	1.5679e-08	1.9646e-07	2.3616e-06	0.00039741	
6.865e-08	1.6761e-08	2.4343e-07	2.3326e-06	0.00035456	
6.0097e-08	1.6347e-08	2.5471e-07	2.323e-06	0.00025452	
5.444e-08	1.3345e-08	2.7248e-07	2.3303e-06	0.00021385	
5.1183e-08	1.2074e-08	2.9778e-07	2.3547e-06	0.00020777	
5.0793e-08	8.5906e-09	2.914e-07	2.4015e-06	0.00024885	
4.4651e-08	7.6665e-09	2.7974e-07	2.4382e-06	0.00026535	
4.0435e-08	7.5708e-09	2.7442e-07	2.4945e-06	0.00022376	
3.7878e-08	8.3522e-09	2.7583e-07	2.5737e-06	0.00021825	
3.0546e-08	8.1658e-09	2.7239e-07	2.641e-06	0.00019336	
2.5617e-08	9.5231e-09	2.4752e-07	2.743e-06	0.00012864	
2.1156e-08	8.9716e-09	2.2945e-07	2.8731e-06	0.00010029	
1.6972e-08	6.279e-09	2.1757e-07	3.0379e-06	9.4755e-05	
1.2542e-08	4.6203e-09	2.1075e-07	3.242e-06	0.00010602	
2.3204e-08	4.362e-09	1.9759e-07	3.4071e-06	0.00010073	
3.5303e-08	4.7193e-09	1.896e-07	3.614e-06	0.00011432	
4.1958e-08	4.4865e-09	1.7729e-07	3.8028e-06	0.00011378	
4.3215e-08	5.2862e-09	1.6006e-07	3.9742e-06	0.000179	
4.6666e-08	4.5914e-09	1.4812e-07	3.9801e-06	0.00031359	
5.1646e-08	4.3902e-09	1.4012e-07	4.0063e-06	0.00033886	
5.7891e-08	4.5211e-09	1.3502e-07	4.0508e-06	0.00039698	
5.886e-08	4.1224e-09	1.2641e-07	4.0866e-06	0.00043617	
6.1283e-08	4.0534e-09	1.2057e-07	4.1413e-06	0.00051711	
6.5292e-08	4.3019e-09	1.1725e-07	4.2165e-06	0.0006643	
6.4068e-08	3.8667e-09	1.1066e-07	4.2827e-06	0.00077973	
6.4549e-08	3.7542e-09	1.065e-07	4.3709e-06	0.00099057	
7.2943e-08	4.1179e-09	1.0888e-07	4.3199e-06	0.0010349	
7.577e-08	3.9345e-09	1.0793e-07	4.2596e-06	0.0010598	
8.0537e-08	4.0378e-09	1.0899e-07	4.218e-06	0.0011434	
7.9777e-08	3.6263e-09	1.0681e-07	4.1678e-06	0.0011975	
8.1286e-08	3.5172e-09	1.068e-07	4.1366e-06	0.0013299	
8.5261e-08	3.7059e-09	1.0903e-07	4.124e-06	0.0015963	
8.3434e-08	3.3626e-09	1.0787e-07	4.1023e-06	0.0017969	
6.4758e-08	3.6811e-09	1.1996e-07	4.0089e-06	0.0018555	
5.8698e-08	4.9819e-09	1.1761e-07	3.987e-06	0.0018231	
5.5077e-08	5.2398e-09	1.1863e-07	3.9871e-06	0.0016889	
5.3288e-08	6.022e-09	1.225e-07	4.0076e-06	0.0016537	
4.5839e-08	6.1372e-09	1.2263e-07	4.0174e-06	0.0015765	
7.6709e-08	5.6212e-09	1.1895e-07	4.0114e-06	0.0014545	
1.0044e-07	4.4566e-09	1.1161e-07	3.9954e-06	0.0012805	
1.3092e-07	3.8303e-09	1.0717e-07	3.9999e-06	0.0012119	
1.5329e-07	4.155e-09	9.8632e-08	3.9932e-06	0.0010727	
1.6785e-07	3.8034e-09	8.6037e-08	3.9753e-06	0.0011591	
1.7479e-07	2.8266e-09	6.9415e-08	3.946e-06	0.0012049	
1.6994e-07	2.4899e-09	6.3684e-08	3.8885e-06	0.0011596	
1.713e-07	2.4484e-09	5.9859e-08	3.8539e-06	0.0011975	
1.7902e-07	2.7895e-09	5.7781e-08	3.841e-06	0.0013448	
1.9372e-07	2.0642e-09	5.7382e-08	3.8492e-06	0.0017385	
2.6415e-07	2.0749e-09	5.1131e-08	3.794e-06	0.0019858	
3.5828e-07	2.3823e-09	4.6696e-08	3.7625e-06	0.0020365	
4.8249e-07	3.0296e-09	4.3637e-08	3.7524e-06	0.0019356	
5.88e-07	2.8773e-09	3.7149e-08	3.7307e-06	0.0020809	
6.8107e-07	3.6737e-09	2.7386e-08	3.697e-06	0.0021632	
7.5838e-07	3.8741e-09	3.6391e-08	3.6519e-06	0.0021953	
7.4628e-07	4.5613e-09	4.7389e-08	3.6331e-06	0.0023551	
7.6088e-07	3.9327e-09	6.2443e-08	3.4683e-06	0.0027706	
8.007e-07	2.576e-09	6.9368e-08	3.3523e-06	0.0030484	
8.6687e-07	1.7016e-09	7.8633e-08	3.2643e-06	0.0036356	
9.6086e-07	1.144e-09	9.079e-08	3.2004e-06	0.0038255	
1.0385e-06	1.106e-09	9.9145e-08	3.1252e-06	0.0039341	
1.15e-06	1.1803e-09	1.1093e-07	3.0733e-06	0.0042493	
1.305e-06	1.4126e-09	1.2695e-07	3.0429e-06	0.004299	
1.4377e-06	2.2447e-09	1.3844e-07	3.0022e-06	0.0042646	
1.4428e-06	3.635e-09	1.5599e-07	2.9898e-06	0.0043984	
1.4732e-06	6.3491e-09	1.7924e-07	2.996e-06	0.004338	
1.5094e-06	5.7633e-08	2.6687e-07	2.9368e-06	0.0031401	
1.488e-06	6.3904e-08	2.6871e-07	2.915e-06	0.0033462	
1.3201e-06	6.526e-08	2.7728e-07	2.9161e-06	0.0038475	
7.855e-07	3.2103e-08	4.4085e-07	2.7105e-06	0.0057028	
7.8861e-07	2.9947e-08	4.5766e-07	2.722e-06	0.0061327	
6.9524e-07	2.9525e-08	4.8363e-07	2.754e-06	0.0070391	
6.374e-07	3.0964e-08	5.2282e-07	2.6778e-06	0.0090833	
5.5209e-07	3.213e-08	5.5183e-07	2.7687e-06	0.011119	
2.8676e-07	3.3023e-08	5.9647e-07	2.8995e-06	0.013145	
8.7362e-08	3.3644e-08	6.5721e-07	3.0659e-06	0.015163	
5.5342e-08	3.3992e-08	7.0687e-07	3.2019e-06	0.017172	
6.4501e-08	3.4067e-08	7.4726e-07	3.3163e-06	0.019172	
9.3662e-08	3.3869e-08	8.3346e-07	3.3401e-06	0.021164	
2.0957e-07	3.3398e-08	8.8968e-07	3.3192e-06	0.023147	
3.6817e-07	3.2655e-08	9.6562e-07	3.3195e-06	0.025121	
4.5701e-07	3.1639e-08	1.1343e-06	3.2611e-06	0.027087	
4.9674e-07	3.035e-08	1.2407e-06	3.3104e-06	0.029044	
4.7403e-07	2.8788e-08	1.403e-06	3.4044e-06	0.030993	
4.4025e-07	2.6953e-08	1.5474e-06	3.4884e-06	0.032933	
4.2306e-07	2.4846e-08	1.7347e-06	3.6017e-06	0.034865	
3.965e-07	2.2465e-08	1.8945e-06	3.6968e-06	0.036788	
3.8456e-07	1.9812e-08	1.9415e-06	3.8275e-06	0.038703	
3.3936e-07	1.6886e-08	1.9459e-06	4.2611e-06	0.040609	
3.8118e-07	1.3688e-08	1.9329e-06	4.6108e-06	0.042507	
6.1361e-07	1.0216e-08	1.8935e-06	4.8668e-06	0.044397	
6.8154e-07	8.2454e-09	1.8746e-06	5.1972e-06	0.048407	
7.0169e-07	7.6281e-09	1.9059e-06	5.3721e-06	0.050274	
1.9717e-06	4.8811e-09	1.0653e-06	5.7979e-06	0.073843	
1.6551e-06	5.2343e-09	1.0796e-06	5.221e-06	0.076275	
1.4215e-06	6.2185e-09	1.1083e-06	4.7535e-06	0.081419	
1.256e-06	8.5366e-09	1.0846e-06	4.3887e-06	0.083868	
1.0549e-06	9.6866e-09	1.1512e-06	3.9702e-06	0.085546	
8.2525e-07	1.0066e-08	1.2079e-06	3.5156e-06	0.086773	
6.5234e-07	8.6934e-09	1.2857e-06	3.1439e-06	0.08702	
4.5319e-07	6.4132e-09	1.3521e-06	2.7375e-06	0.087003	
3.0394e-07	5.1289e-09	1.4423e-06	2.4079e-06	0.087711	
2.8137e-07	5.0362e-09	1.5012e-06	1.9575e-06	0.087941	
2.6942e-07	3.5583e-09	1.5845e-06	1.5918e-06	0.087377	
2.7358e-07	2.9238e-09	1.5879e-06	1.3415e-06	0.087677	
2.5411e-07	3.0338e-09	1.5572e-06	1.2742e-06	0.087455	
2.4369e-07	3.488e-09	1.5431e-06	1.2228e-06	0.087886	
2.2472e-07	3.3564e-09	1.5197e-06	1.1626e-06	0.088044	
2.141e-07	3.5873e-09	1.5123e-06	1.1169e-06	0.08894	
1.4385e-07	2.8427e-09	1.5263e-06	1.0889e-06	0.089095	
9.3497e-08	2.7361e-09	1.4788e-06	1.076e-06	0.088556	
9.5371e-08	1.9793e-09	1.4109e-06	1.0464e-06	0.087651	
1.0146e-07	1.5665e-09	1.3639e-06	1.0284e-06	0.084933	
1.1231e-07	1.3759e-09	1.3348e-06	1.0214e-06	0.083808	
1.1626e-07	1.7422e-09	1.2962e-06	1.0077e-06	0.082167	
1.291e-07	1.1869e-09	1.2795e-06	9.1296e-07	0.081654	
1.4801e-07	8.1614e-10	1.2773e-06	8.3671e-07	0.079768	
1.5953e-07	8.478e-10	1.267e-06	7.5131e-07	0.077186	
1.7839e-07	9.674e-10	1.2718e-06	6.8326e-07	0.070481	
1.8953e-07	1.5005e-09	1.2679e-06	6.0672e-07	0.060339	
3.2693e-07	1.5419e-09	1.2545e-06	5.1483e-07	0.046895	
3.6215e-07	1.772e-09	1.2562e-06	4.4184e-07	0.040414	
4.1338e-07	2.2737e-09	1.273e-06	3.8296e-07	0.023955	
4.8803e-07	3.1497e-09	1.3058e-06	3.359e-07	0.016004	
5.488e-07	3.404e-09	1.3294e-06	2.821e-07	0.0064351	
5.9586e-07	2.9159e-09	1.3357e-06	2.2035e-07	0.004552	
6.6494e-07	2.8008e-09	1.3577e-06	1.6978e-07	0.0036482	
6.7534e-07	3.2942e-09	1.4336e-06	1.4885e-07	0.0017924	
7.0633e-07	2.7535e-09	1.4368e-06	1.3337e-07	0.0011193	
7.0121e-07	2.8727e-09	1.4078e-06	1.4235e-07	0.00094942	
7.1245e-07	2.11e-09	1.3954e-06	1.5449e-07	0.00059842	
7.0563e-07	1.7042e-09	1.4058e-06	1.6038e-07	0.00043901	
7.1633e-07	1.5327e-09	1.3287e-06	1.6975e-07	0.0003704	
7.4575e-07	1.5453e-09	1.2733e-06	1.8368e-07	0.00035232	
7.6343e-07	1.088e-09	1.2079e-06	1.9374e-07	0.00031099	
7.6105e-07	8.6053e-10	1.188e-06	1.9667e-07	0.00032558	
7.378e-07	8.3183e-10	1.2025e-06	1.9232e-07	0.00040195	
7.3666e-07	1.1212e-09	1.179e-06	1.9317e-07	0.0004296	
7.2415e-07	1.9073e-09	1.1422e-06	1.8905e-07	0.00063074	
6.0845e-07	1.6926e-09	1.1215e-06	1.891e-07	0.0010699	
5.2429e-07	1.7163e-09	1.1154e-06	1.9274e-07	0.0012256	
4.6534e-07	1.9844e-09	1.1239e-06	2.01e-07	0.0012432	
4.3833e-07	1.3893e-09	1.1599e-06	1.8155e-07	0.001167	
3.8609e-07	1.309e-09	1.1767e-06	1.9857e-07	0.0010115	
4.3952e-07	1.7846e-09	1.1839e-06	2.1013e-07	0.00077846	
4.8088e-07	1.5719e-09	1.1818e-06	2.1756e-07	0.00075674	
4.5474e-07	1.5672e-09	1.1949e-06	2.3013e-07	0.00080287	
4.4273e-07	1.782e-09	1.2236e-06	2.4761e-07	0.00075388	
4.4385e-07	2.4144e-09	1.2699e-06	2.7079e-07	0.00057903	
4.5819e-07	2.2624e-09	1.3377e-06	3.0069e-07	0.00024024	
4.5285e-07	2.6313e-09	1.3805e-06	4.5982e-07	0.0001368	
4.3775e-07	2.4257e-09	1.4137e-06	6.0511e-07	0.00013789	
3.6762e-07	2.8829e-09	1.4068e-06	8.9187e-07	0.00011134	
3.6356e-07	3.9717e-09	1.3586e-06	1.0599e-06	0.00011667	
3.7617e-07	4.0228e-09	1.3355e-06	1.1072e-06	9.1498e-05	
4.0057e-07	4.5051e-09	1.3272e-06	1.1691e-06	8.5341e-05	
4.1537e-07	6.556e-09	1.3105e-06	1.2227e-06	6.3719e-05	
4.4371e-07	6.8135e-09	1.3092e-06	1.293e-06	5.9121e-05	
4.8702e-07	7.7369e-09	1.3221e-06	1.382e-06	6.6775e-05	
5.1924e-07	7.5325e-09	1.3258e-06	1.4608e-06	0.00013754	
5.6934e-07	5.6635e-09	1.3455e-06	1.5614e-06	0.00015536	
6.4126e-07	4.6222e-09	1.3815e-06	1.6878e-06	0.00020575	
6.9923e-07	2.6296e-09	1.4083e-06	1.8011e-06	0.00023341	
7.4404e-07	1.9786e-09	1.426e-06	1.9023e-06	0.00023909	
7.0308e-07	1.609e-09	1.4606e-06	2.0343e-06	0.00027936	
6.5002e-07	1.883e-09	1.4865e-06	2.1538e-06	0.00029713	
5.8378e-07	1.6687e-09	1.5037e-06	2.2608e-06	0.00029468	
5.3688e-07	1.6117e-09	1.5365e-06	2.3939e-06	0.0003258	
4.7775e-07	1.0726e-09	1.5602e-06	2.5137e-06	0.00033536	
4.0607e-07	9.6547e-10	1.5747e-06	2.6211e-06	0.0003136	
3.5313e-07	9.1337e-10	1.6051e-06	2.7559e-06	0.00032602	
2.8811e-07	1.2655e-09	1.6261e-06	2.8765e-06	0.00031541	
2.4084e-07	1.9545e-09	1.578e-06	3.0315e-06	0.00024438	
1.8314e-07	2.1471e-09	1.5202e-06	3.172e-06	0.00014308	
1.51e-07	2.6706e-09	1.3262e-06	3.1864e-06	9.9647e-05	
1.2703e-07	3.5555e-09	1.172e-06	3.2197e-06	8.0637e-05	
1.0944e-07	4.9917e-09	1.0499e-06	3.2732e-06	7.7431e-05	
9.7017e-08	5.2939e-09	9.5539e-07	3.3492e-06	4.7511e-05	
7.764e-08	4.8896e-09	8.4791e-07	3.4132e-06	6.2693e-05	
6.2723e-08	4.9743e-09	7.6361e-07	3.5012e-06	9.6527e-05	
6.9001e-08	4.1214e-09	7.4606e-07	3.5234e-06	0.00010587	
7.8604e-08	3.792e-09	7.4118e-07	3.5676e-06	0.00013854	
9.3208e-08	4.199e-09	6.8915e-07	3.6398e-06	0.0001364	
1.1264e-07	5.0764e-09	6.5035e-07	3.737e-06	0.00015548	
1.2504e-07	5.3097e-09	6.0396e-07	3.8214e-06	0.00015812	
1.3057e-07	4.9105e-09	5.4963e-07	3.8934e-06	0.00014457	
1.4107e-07	5.1807e-09	5.0805e-07	3.991e-06	0.00015286	
1.4454e-07	4.82e-09	4.5904e-07	4.0754e-06	0.00014511	
1.4096e-07	3.8069e-09	4.0207e-07	4.147e-06	0.00012063	
1.2746e-07	3.4799e-09	3.7715e-07	4.1942e-06	0.00012855	
1.0647e-07	4.2199e-09	3.4572e-07	4.2293e-06	0.00011907	
9.1561e-08	3.6433e-09	3.2337e-07	4.2895e-06	0.00013179	
1.2314e-07	4.108e-09	2.925e-07	4.3246e-06	0.00012634	
1.2228e-07	3.6498e-09	2.8053e-07	4.4283e-06	9.0034e-05	
1.1456e-07	3.8971e-09	2.6205e-07	4.5173e-06	9.0501e-05	
1.1462e-07	3.453e-09	2.2653e-07	4.6565e-06	7.3419e-05	
1.0786e-07	2.3822e-09	1.845e-07	4.7791e-06	4.0518e-05	
9.2159e-08	1.8964e-09	1.7259e-07	4.8736e-06	3.0572e-05	
6.7543e-08	1.9934e-09	1.5356e-07	4.9492e-06	4.3898e-05	
4.8083e-08	2.3168e-09	1.3944e-07	5.0544e-06	7.2605e-05	
3.2241e-08	2.954e-09	1.2947e-07	5.1935e-06	0.0001367	
2.6959e-08	2.8387e-09	1.3343e-07	5.2156e-06	0.00016475	
4.8259e-08	3.7208e-09	1.3298e-07	5.2167e-06	0.00017355	
7.4443e-08	3.3304e-09	1.3589e-07	5.2428e-06	0.00021306	
9.3205e-08	3.9102e-09	1.3292e-07	5.2546e-06	0.00022624	
1.1831e-07	5.0523e-09	1.335e-07	5.2931e-06	0.0002767	
1.3604e-07	5.5433e-09	1.3025e-07	5.3192e-06	0.00030442	
2.8853e-07	5.3994e-09	1.2293e-07	5.3262e-06	0.00031107	
3.3117e-07	6.0057e-09	1.1934e-07	5.3631e-06	0.00036067	
3.5585e-07	7.7628e-09	1.2633e-07	5.3675e-06	0.00051245	
3.7093e-07	8.7064e-09	1.2938e-07	5.3592e-06	0.00061875	
3.7699e-07	8.9251e-09	1.2866e-07	5.339e-06	0.00068939	
3.9415e-07	9.9298e-09	1.3111e-07	5.3436e-06	0.00085102	
4.0155e-07	1.0105e-08	1.2921e-07	5.3347e-06	0.00096127	
4.2147e-07	8.2739e-09	1.3082e-07	5.352e-06	0.0012199	
4.5565e-07	7.4027e-09	1.3596e-07	5.3964e-06	0.0017623	
4.7492e-07	7.5459e-09	1.6317e-07	5.417e-06	0.0031882	
4.838e-07	6.7622e-09	1.8513e-07	5.4245e-06	0.0042459	
4.2687e-07	7.0694e-09	2.1914e-07	5.4788e-06	0.0047018	
3.0576e-07	6.4264e-09	2.3894e-07	5.7047e-06	0.0049928	
2.7764e-07	6.7145e-09	2.4163e-07	5.8235e-06	0.0058714	
2.5999e-07	5.3321e-09	2.4957e-07	5.9795e-06	0.0076846	
2.3275e-07	2.8753e-09	2.5247e-07	6.1207e-06	0.0090307	
1.9643e-07	2.0032e-09	2.5067e-07	6.245e-06	0.01001	
1.7018e-07	1.4469e-09	2.5412e-07	6.4081e-06	0.011997	
1.3506e-07	1.501e-09	2.5264e-07	6.5519e-06	0.013422	
1.0862e-07	1.8364e-09	2.5645e-07	6.738e-06	0.016331	
7.4217e-08	1.5732e-09	2.5562e-07	6.9045e-06	0.018532	
2.6492e-08	1.5811e-09	2.6776e-07	7.0303e-06	0.019456	
2.1401e-08	9.9908e-10	2.7392e-07	7.1241e-06	0.020101	
1.6683e-08	6.0035e-10	2.864e-07	7.2562e-06	0.020193	
3.2518e-08	5.1489e-10	2.9313e-07	7.3619e-06	0.020127	
5.1619e-08	4.3829e-10	3.0657e-07	7.508e-06	0.019525	
6.2762e-08	4.7969e-10	3.7094e-07	7.6205e-06	0.018378	
4.8218e-08	5.3043e-10	4.592e-07	7.7937e-06	0.015471	
3.6776e-08	5.7512e-10	5.7201e-07	8.0186e-06	0.014083	
2.7612e-08	6.3503e-10	6.0003e-07	8.3079e-06	0.013475	
4.468e-08	1.0169e-09	6.2013e-07	8.556e-06	0.012587	
5.5056e-08	8.2304e-10	6.308e-07	8.7721e-06	0.012548	
6.8689e-08	6.9719e-10	6.5204e-07	9.0489e-06	0.012785	
7.5975e-08	8.9231e-10	6.6618e-07	9.2978e-06	0.012885	
7.7197e-08	5.8576e-10	6.7385e-07	9.5223e-06	0.012878	
7.236e-08	5.6074e-10	6.75e-07	9.7237e-06	0.012751	
7.1672e-08	6.264e-10	6.873e-07	9.9868e-06	0.012193	
9.8068e-08	7.9589e-10	6.733e-07	1.0118e-05	0.012107	
1.3414e-07	1.0086e-09	6.6953e-07	1.0035e-05	0.012266	
1.6211e-07	1.7573e-09	6.5944e-07	9.935e-06	0.012313	
1.8218e-07	2.0036e-09	6.4292e-07	9.8173e-06	0.012263	
2.1339e-07	2.4961e-09	6.3679e-07	9.3167e-06	0.012461	
2.5503e-07	3.2961e-09	6.3946e-07	8.9031e-06	0.012969	
2.8733e-07	3.531e-09	6.3605e-07	8.4549e-06	0.013337	
2.6657e-07	2.6322e-09	6.4691e-07	8.1328e-06	0.013342	
3.4306e-07	2.669e-09	6.509e-07	7.7609e-06	0.013244	
4.3994e-07	2.9207e-09	6.6304e-07	7.4512e-06	0.013354	
5.2485e-07	2.7019e-09	6.6997e-07	7.1197e-06	0.013392	
6.3275e-07	2.8907e-09	6.8525e-07	6.8427e-06	0.01297	
7.312e-07	2.6094e-09	6.9531e-07	6.5445e-06	0.012437	
8.5349e-07	2.4772e-09	7.1259e-07	6.2916e-06	0.012162	
9.6383e-07	1.9234e-09	7.2536e-07	6.0236e-06	0.011818	
1.1007e-06	1.4788e-09	7.4537e-07	5.7958e-06	0.011669	
1.2722e-06	1.1037e-09	7.7365e-07	5.6047e-06	0.011686	
1.4281e-06	1.145e-09	7.9698e-07	5.4009e-06	0.011638	
1.6253e-06	1.192e-09	8.2938e-07	5.2316e-06	0.011759	
1.7761e-06	1.2608e-09	8.7765e-07	5.0134e-06	0.012102	
1.9726e-06	1.5828e-09	8.6148e-07	4.8352e-06	0.012077	
2.1488e-06	2.6585e-09	8.397e-07	4.643e-06	0.011968	
2.1267e-06	4.1553e-09	8.2708e-07	4.4861e-06	0.012055	
2.0926e-06	5.058e-09	8.0939e-07	4.3177e-06	0.013952	
2.0813e-06	6.4225e-09	7.9972e-07	4.1769e-06	0.017202	
2.058e-06	7.1925e-09	7.8505e-07	4.0252e-06	0.019906	
2.0225e-06	7.3905e-09	7.6533e-07	3.8622e-06	0.022172	
1.9745e-06	7.0153e-09	7.4041e-07	3.687e-06	0.024073	
1.9134e-06	5.9784e-09	7.0995e-07	3.499e-06	0.039634	
1.8386e-06	4.3165e-09	6.7382e-07	3.297e-06	0.053031	
1.7936e-06	3.3247e-09	6.4854e-07	3.1322e-06	0.057014	
1.7318e-06	3.0458e-09	6.1406e-07	2.9498e-06	0.06843	
1.6499e-06	3.5114e-09	5.5757e-07	2.7442e-06	0.11115	
1.5986e-06	4.3792e-09	5.1411e-07	2.5766e-06	0.19221	
1.5315e-06	4.6611e-09	4.6349e-07	2.393e-06	0.25641	
1.4942e-06	3.6516e-09	4.2592e-07	2.2459e-06	0.28317	
1.4419e-06	3.7514e-09	3.8145e-07	2.084e-06	0.30329	
1.4156e-06	4.2411e-09	3.4739e-07	1.9529e-06	0.3424	
1.3748e-06	4.016e-09	3.0665e-07	1.8081e-06	0.37205	
1.3601e-06	4.2857e-09	2.7598e-07	1.6926e-06	0.38334	
1.3691e-06	5.0261e-09	2.53e-07	1.6004e-06	0.40574	
1.4744e-06	5.109e-09	2.2002e-07	1.5813e-06	0.42246	
1.5485e-06	5.8067e-09	1.9854e-07	1.5461e-06	0.45836	
1.6602e-06	7.3322e-09	1.8332e-07	1.5255e-06	0.47246	
1.7475e-06	7.907e-09	2.0422e-07	1.4944e-06	0.48257	
1.8748e-06	9.2986e-09	1.9224e-07	1.4767e-06	0.50307	
1.981e-06	9.9109e-09	1.757e-07	1.4516e-06	0.51885	
1.9811e-06	9.3506e-09	1.743e-07	1.4691e-06	0.52808	
1.9647e-06	8.0035e-09	1.6937e-07	1.4792e-06	0.53513	
1.9318e-06	5.8241e-09	1.6026e-07	1.4821e-06	0.54052	
1.8782e-06	5.2197e-09	1.7948e-07	1.4754e-06	0.54366	
1.806e-06	3.9053e-09	1.9388e-07	1.4611e-06	0.54593	
1.7063e-06	3.6019e-09	2.5151e-07	1.4344e-06	0.54692	
1.6891e-06	4.0135e-09	2.7086e-07	1.3313e-06	0.55066	
1.7071e-06	3.4477e-09	2.9969e-07	1.2525e-06	0.55233	
1.7537e-06	3.2763e-09	3.3762e-07	1.1909e-06	0.55616	
1.8347e-06	1.8967e-09	3.8807e-07	1.145e-06	0.55756	
1.896e-06	1.2568e-09	4.2842e-07	1.0903e-06	0.56339	
1.993e-06	8.0417e-10	4.8114e-07	1.0493e-06	0.57517	
2.0693e-06	6.8117e-10	5.2493e-07	1.0002e-06	0.58292	
2.1876e-06	5.9045e-10	5.8328e-07	9.6439e-07	0.59902	
2.2827e-06	6.3843e-10	6.3001e-07	9.2067e-07	0.65323	
2.3566e-06	1.0086e-09	6.6843e-07	8.6916e-07	0.69253	
2.4116e-06	9.4744e-10	6.9957e-07	8.0999e-07	0.72287	
2.5073e-06	9.8656e-10	7.4445e-07	7.6448e-07	0.73478	
2.581e-06	1.4328e-09	7.8003e-07	7.1123e-07	0.74306	
2.6348e-06	2.3683e-09	8.0663e-07	6.5033e-07	0.76872	
2.7309e-06	3.8869e-09	8.4714e-07	6.0261e-07	0.77881	
2.8047e-06	4.7126e-09	8.7937e-07	5.4754e-07	0.78644	
2.9929e-06	4.6875e-09	8.7236e-07	5.2162e-07	0.79122	
2.9963e-06	3.204e-09	8.7857e-07	5.0576e-07	0.8015	
2.9791e-06	2.8418e-09	8.765e-07	4.843e-07	0.80864	
2.9412e-06	3.2642e-09	8.6624e-07	4.5714e-07	0.81332	
2.9407e-06	2.5605e-09	8.6777e-07	4.374e-07	0.82491	
2.92e-06	2.735e-09	8.6187e-07	4.1225e-07	0.8334	
2.8801e-06	2.3828e-09	8.4899e-07	3.818e-07	0.83993	
2.8204e-06	1.4896e-09	8.2904e-07	3.4586e-07	0.84495	
2.5661e-06	1.0844e-09	8.3126e-07	3.2599e-07	0.84723	
2.3853e-06	8.3359e-10	7.6465e-07	3.125e-07	0.85235	
2.2574e-06	6.4033e-10	7.1449e-07	3.0413e-07	0.86265	
2.1033e-06	7.5506e-10	6.5495e-07	2.919e-07	0.87032	
1.9956e-06	9.0186e-10	6.1018e-07	2.8451e-07	0.88567	
1.9278e-06	1.1528e-09	5.7852e-07	2.8198e-07	0.89168	
1.8413e-06	2.0237e-09	5.396e-07	2.7528e-07	0.8961	
1.5182e-06	3.4323e-09	5.1311e-07	2.741e-07	0.89773	
1.5043e-06	4.1329e-09	4.7765e-07	2.6603e-07	0.89902	
1.4196e-06	4.2068e-09	4.2835e-07	2.8479e-07	0.89987	
1.3155e-06	3.6728e-09	4.5491e-07	2.9877e-07	0.9004	
1.2427e-06	3.5141e-09	4.9095e-07	3.1782e-07	0.90182	
1.1534e-06	4.4208e-09	5.2042e-07	3.3236e-07	0.90282	
1.0468e-06	4.7222e-09	5.4378e-07	3.4252e-07	0.90351	
9.6957e-07	5.4802e-09	5.7653e-07	3.577e-07	0.90515	
9.1681e-07	6.8704e-09	5.5173e-07	3.7869e-07	0.90851	
8.5094e-07	7.5816e-09	5.2094e-07	3.9515e-07	0.91114	
7.7116e-07	7.634e-09	4.8391e-07	4.0713e-07	0.9132	
7.1617e-07	8.6023e-09	4.574e-07	4.2548e-07	0.91752	
8.0803e-07	8.7558e-09	4.2308e-07	4.3668e-07	0.92108	
8.6876e-07	9.7546e-09	4.0433e-07	4.3671e-07	0.92861	
9.1593e-07	9.9624e-09	3.798e-07	4.321e-07	0.93493	
9.8866e-07	1.109e-08	3.6365e-07	4.3368e-07	0.94789	
1.0466e-06	1.1136e-08	3.4197e-07	4.306e-07	0.9578	
1.1429e-06	9.8862e-09	2.8727e-07	4.3658e-07	0.96391	
1.2784e-06	9.6297e-09	2.4495e-07	4.4907e-07	0.96627	
1.4619e-06	1.0177e-08	2.119e-07	4.6818e-07	0.97102	
1.6193e-06	9.9238e-09	1.7265e-07	4.8202e-07	0.97462	
1.6329e-06	1.066e-08	1.4353e-07	5.0579e-07	0.97604	
1.6303e-06	1.3782e-08	1.081e-07	5.2388e-07	0.97701	
1.6074e-06	1.5455e-08	1.0614e-07	5.3453e-07	0.97765	
1.6389e-06	1.5244e-08	1.1139e-07	5.0218e-07	0.97785	
1.5448e-06	1.6219e-08	1.2008e-07	4.7928e-07	0.97853	
1.4838e-06	1.548e-08	1.3292e-07	4.6366e-07	0.97877	
1.405e-06	1.3605e-08	1.4137e-07	4.4266e-07	0.98114	
1.3084e-06	1.0654e-08	1.4579e-07	4.1643e-07	0.98312	
1.1928e-06	6.5627e-09	1.4627e-07	3.8482e-07	0.98464	
1.1128e-06	4.352e-09	1.5243e-07	3.6104e-07	0.98523	
1.0156e-06	3.7635e-09	1.545e-07	3.3215e-07	0.98564	
9.4956e-07	3.6815e-09	1.6074e-07	3.103e-07	0.98563	
8.6712e-07	2.9105e-09	1.6255e-07	2.8333e-07	0.98552	
8.1047e-07	2.5411e-09	1.6834e-07	2.6241e-07	0.98492	
7.3884e-07	1.5444e-09	1.6975e-07	2.3663e-07	0.98521	
6.9124e-07	9.1352e-10	1.7561e-07	2.167e-07	0.98511	
6.6245e-07	5.2352e-10	1.8586e-07	2.0148e-07	0.98531	
6.2187e-07	4.2879e-10	1.9175e-07	1.821e-07	0.98539	
5.9938e-07	3.1644e-10	2.0267e-07	1.6729e-07	0.98509	
5.6514e-07	3.3166e-10	2.0886e-07	1.4831e-07	0.98461	
4.8935e-07	4.0113e-10	2.018e-07	1.5574e-07	0.98474	
3.9897e-07	6.2114e-10	1.8995e-07	1.5959e-07	0.9847	
3.3279e-07	8.9966e-10	1.8323e-07	1.6671e-07	0.98422	
3.6508e-07	7.4232e-10	1.7165e-07	1.6863e-07	0.98354	
3.3773e-07	6.3335e-10	1.6483e-07	1.7428e-07	0.98331	
3.2249e-07	5.4505e-10	1.6229e-07	1.835e-07	0.98341	
4.0703e-07	6.8932e-10	1.5406e-07	1.8637e-07	0.98336	
4.7791e-07	1.2068e-09	1.4158e-07	1.8557e-07	0.98319	
5.7348e-07	1.9217e-09	1.3308e-07	1.8802e-07	0.98333	
6.5315e-07	2.1113e-09	1.2039e-07	1.8667e-07	0.98335	
7.1707e-07	1.7831e-09	1.033e-07	1.8209e-07	0.98326	
8.0945e-07	1.767e-09	9.0507e-08	1.8169e-07	0.9835	
8.6829e-07	2.3599e-09	7.022e-08	2.3105e-07	0.98356	
9.1348e-07	2.4342e-09	4.5604e-08	2.7453e-07	0.98351	
9.3917e-07	3.2149e-09	3.9681e-08	3.0861e-07	0.98323	
9.4177e-07	4.837e-09	3.9998e-08	3.317e-07	0.98339	
9.3145e-07	5.7256e-09	3.7292e-08	3.4981e-07	0.98344	
9.0871e-07	5.9592e-09	3.1621e-08	3.6328e-07	0.98338	
8.7025e-07	5.3367e-09	3.9635e-08	3.7079e-07	0.98428	
8.5279e-07	5.3474e-09	4.9502e-08	3.8433e-07	0.98455	
8.6145e-07	3.8587e-09	6.2731e-08	3.5689e-07	0.98531	
8.5804e-07	3.5499e-09	7.2134e-08	3.2411e-07	0.98581	
8.7314e-07	2.2125e-09	8.4505e-08	2.9841e-07	0.98599	
8.7612e-07	1.7932e-09	9.2941e-08	2.6767e-07	0.98601	
7.8806e-07	1.8087e-09	1.0747e-07	2.4866e-07	0.98569	
6.8268e-07	1.323e-09	1.1793e-07	2.25e-07	0.98523	
6.0672e-07	1.0193e-09	1.3238e-07	2.0672e-07	0.98513	
5.1595e-07	1.0917e-09	1.4241e-07	1.8415e-07	0.98487	
4.4884e-07	1.2454e-09	1.565e-07	1.6611e-07	0.98489	
4.0119e-07	1.5368e-09	1.7571e-07	1.5217e-07	0.98523	
3.6842e-07	1.1128e-09	2.0151e-07	1.4159e-07	0.98528	
3.2493e-07	1.1204e-09	2.2155e-07	1.272e-07	0.98518	
2.9518e-07	1.2589e-09	2.4875e-07	1.1606e-07	0.98539	
2.478e-07	1.9775e-09	2.6849e-07	1.4023e-07	0.98547	
1.9018e-07	2.1977e-09	2.8336e-07	1.6047e-07	0.98547	
1.2239e-07	1.9532e-09	2.9377e-07	1.7711e-07	0.98538	
1.0222e-07	2.1104e-09	3.3038e-07	1.7464e-07	0.98492	
7.5633e-08	1.8288e-09	3.6196e-07	1.6906e-07	0.98434	
5.3217e-08	1.6506e-09	4.0121e-07	1.6566e-07	0.98408	
7.0995e-08	2.0381e-09	4.327e-07	1.5705e-07	0.9837	
9.104e-08	2.5047e-09	4.7098e-07	1.5014e-07	0.98356	
1.1433e-07	3.1106e-09	5.1817e-07	1.4486e-07	0.98361	
1.3233e-07	3.3199e-09	5.6095e-07	1.3704e-07	0.98363	
1.5386e-07	3.6963e-09	6.1243e-07	1.3059e-07	0.98288	
1.6986e-07	4.4785e-09	6.5638e-07	1.2157e-07	0.98261	
1.8076e-07	4.855e-09	6.9623e-07	1.1014e-07	0.98229	
1.8652e-07	4.8218e-09	7.3197e-07	9.6265e-08	0.98193	
1.9512e-07	4.9607e-09	7.7513e-07	8.3396e-08	0.98177	
1.9914e-07	4.6898e-09	8.1404e-07	6.8082e-08	0.98157	
2.0616e-07	4.5884e-09	8.6101e-07	5.3624e-08	0.98156	
2.0796e-07	4.0779e-09	9.0353e-07	3.6794e-08	0.98151	
2.0221e-07	3.159e-09	9.4146e-07	4.6922e-08	0.98142	
2.0006e-07	2.4301e-09	9.8873e-07	5.7473e-08	0.98154	
2.0171e-07	1.8349e-09	1.047e-06	6.8722e-08	0.98188	
3.3355e-07	1.8686e-09	1.0948e-06	7.5854e-08	0.98211	
4.9332e-07	1.9617e-09	1.1549e-06	8.3853e-08	0.98263	
6.376e-07	1.6338e-09	1.208e-06	8.9164e-08	0.98305	
8.223e-07	1.4514e-09	1.278e-06	9.6006e-08	0.98295	
9.8533e-07	1.7825e-09	1.3341e-06	9.9112e-08	0.98267	
1.1264e-06	2.8106e-09	1.3794e-06	9.9069e-08	0.98313	
1.2473e-06	3.1538e-09	1.415e-06	9.5896e-08	0.98344	
1.3495e-06	2.96e-09	1.442e-06	8.9596e-08	0.98363	
1.4341e-06	2.2212e-09	1.4605e-06	8.013e-08	0.98371	
1.4621e-06	2.1372e-09	1.447e-06	8.9288e-08	0.98359	
1.5169e-06	2.2781e-09	1.4485e-06	1.0067e-07	0.98375	
1.5555e-06	1.8983e-09	1.4412e-06	1.0865e-07	0.98381	
1.5789e-06	2.2104e-09	1.4254e-06	1.1335e-07	0.98375	
1.6317e-06	1.5598e-09	1.4261e-06	1.2059e-07	0.98328	
1.7165e-06	1.3035e-09	1.4424e-06	1.3046e-07	0.98204	
1.7824e-06	1.4857e-09	1.4484e-06	1.3671e-07	0.98192	
1.8847e-06	1.8395e-09	1.4701e-06	1.4585e-07	0.98212	
2.0314e-06	2.4437e-09	1.5087e-06	1.5821e-07	0.98274	
2.9808e-06	4.2383e-09	1.5336e-06	1.6455e-07	0.98315	
3.833e-06	5.3261e-09	1.5498e-06	1.6733e-07	0.98342	
4.5981e-06	5.7577e-09	1.5575e-06	1.666e-07	0.98359	
4.8163e-06	6.8113e-09	1.5814e-06	1.6939e-07	0.9833	
5.0026e-06	7.1719e-09	1.5967e-06	1.6866e-07	0.98288	
5.159e-06	6.8559e-09	1.6034e-06	1.6441e-07	0.98232	
5.2887e-06	5.6305e-09	1.6019e-06	1.5672e-07	0.98157	
5.4849e-06	5.0554e-09	1.6163e-06	1.5202e-07	0.98128	
5.6508e-06	3.8463e-09	1.6225e-06	1.439e-07	0.98086	
5.7846e-06	3.7006e-09	1.6179e-06	1.3203e-07	0.98118	
5.8882e-06	2.8787e-09	1.6036e-06	1.1636e-07	0.98395	
6.0567e-06	2.4711e-09	1.6056e-06	1.0378e-07	0.98499	
6.1917e-06	2.8234e-09	1.597e-06	8.7468e-08	0.9857	
6.2778e-06	2.1173e-09	1.6226e-06	6.5053e-08	0.98755	
6.4282e-06	1.7341e-09	1.6664e-06	4.5961e-08	0.98823	
6.5255e-06	2.0213e-09	1.6957e-06	5.0699e-08	0.98871	
6.5946e-06	1.8169e-09	1.7157e-06	5.266e-08	0.98905	
6.7306e-06	1.8734e-09	1.755e-06	5.5744e-08	0.98991	
6.9678e-06	1.2287e-09	1.7426e-06	6.117e-08	0.99042	
7.1679e-06	1.1763e-09	1.7207e-06	6.3709e-08	0.99077	
7.4574e-06	1.226e-09	1.7159e-06	6.7514e-08	0.99157	
7.7022e-06	1.7673e-09	1.7001e-06	6.8285e-08	0.99212	
7.9063e-06	1.7853e-09	1.6744e-06	6.6061e-08	0.99256	
8.2079e-06	2.0244e-09	1.6666e-06	6.5246e-08	0.99356	
8.2115e-06	2.568e-09	1.679e-06	6.6693e-08	0.99392	
8.1839e-06	2.5642e-09	1.682e-06	6.5168e-08	0.99418	
8.1248e-06	2.0126e-09	1.6756e-06	6.0659e-08	0.99435	
7.8458e-06	2.0563e-09	1.6238e-06	6.4334e-08	0.99439	
7.5222e-06	1.4727e-09	1.5615e-06	6.5121e-08	0.99436	
7.2999e-06	1.144e-09	1.52e-06	6.731e-08	0.99406	
7.0351e-06	1.2496e-09	1.4668e-06	6.6479e-08	0.9936	
6.8548e-06	1.476e-09	1.4316e-06	6.6911e-08	0.99342	
6.6368e-06	1.225e-09	1.3866e-06	6.4364e-08	0.99316	
6.3599e-06	1.3407e-09	1.4179e-06	5.7851e-08	0.99264	
6.04e-06	2.1154e-09	1.4402e-06	4.8361e-08	0.99194	
5.5027e-06	3.837e-09	1.4307e-06	5.3034e-08	0.99185	
4.9159e-06	4.7981e-09	1.4117e-06	5.4695e-08	0.9917	
4.4774e-06	6.4532e-09	1.4079e-06	5.737e-08	0.99177	
3.9779e-06	7.3288e-09	1.3952e-06	5.7158e-08	0.99177	
3.6385e-06	7.4027e-09	1.3551e-06	5.9234e-08	0.99167	
3.4087e-06	6.3191e-09	1.2618e-06	6.3497e-08	0.99139	
3.2453e-06	5.9016e-09	1.1914e-06	6.9111e-08	0.99136	
3.3778e-06	4.7152e-09	1.1055e-06	7.0373e-08	0.99128	
3.5692e-06	4.113e-09	1.0406e-06	7.3005e-08	0.99141	
3.73e-06	2.8412e-09	9.649e-07	7.2603e-08	0.99146	
4.7805e-06	2.6154e-09	8.7151e-07	6.7596e-08	0.99141	
5.1417e-06	2.909e-09	8.0578e-07	6.5359e-08	0.99109	
5.4544e-06	2.574e-09	7.2881e-07	6.0099e-08	0.99063	
5.7162e-06	3.0725e-09	7.3933e-07	5.1381e-08	0.98991	
5.733e-06	2.542e-09	7.6736e-07	4.5719e-08	0.98832	
5.6086e-06	2.656e-09	8.5148e-07	4.8875e-08	0.98528	
5.4501e-06	2.0551e-09	9.1508e-07	4.9029e-08	0.98473	
5.3568e-06	1.9091e-09	1.0007e-06	5.0166e-08	0.98338	
5.3205e-06	2.0025e-09	1.1167e-06	5.2339e-08	0.98279	
5.2612e-06	1.5486e-09	1.218e-06	5.159e-08	0.98198	
5.2532e-06	1.2809e-09	1.3485e-06	5.1739e-08	0.98165	
5.2957e-06	1.2449e-09	1.5152e-06	5.279e-08	0.98167	
5.3137e-06	1.7421e-09	1.6639e-06	5.1081e-08	0.98155	
5.3076e-06	1.6459e-09	1.7963e-06	4.6609e-08	0.98131	
5.3548e-06	1.7422e-09	1.9685e-06	4.313e-08	0.98141	
5.376e-06	2.5873e-09	2.1207e-06	3.6851e-08	0.98137	
5.3716e-06	2.867e-09	2.255e-06	2.774e-08	0.98121	
5.3414e-06	2.5936e-09	2.3728e-06	1.5732e-08	0.98092	
5.2426e-06	3.065e-09	2.4551e-06	1.5478e-08	0.98035	
4.9438e-06	4.3852e-09	2.4646e-06	1.8891e-08	0.97914	
4.7296e-06	6.526e-09	2.4949e-06	2.2297e-08	0.97866	
4.5862e-06	6.9891e-09	2.5494e-06	2.5917e-08	0.97867	
4.4134e-06	6.764e-09	2.5923e-06	2.7049e-08	0.97856	
4.2115e-06	5.8847e-09	2.6247e-06	2.5763e-08	0.97832	
3.9783e-06	6.4252e-09	2.6465e-06	2.2052e-08	0.97794	
3.8109e-06	7.6064e-09	2.6893e-06	1.8385e-08	0.9779	
3.6142e-06	8.0597e-09	2.7209e-06	1.228e-08	0.97775	
3.3616e-06	7.8307e-09	2.7404e-06	1.705e-08	0.97747	
3.0712e-06	6.7561e-09	2.7482e-06	1.9427e-08	0.97703	
2.8598e-06	6.3909e-09	2.7781e-06	2.1772e-08	0.97699	
2.7108e-06	4.6923e-09	2.8348e-06	2.4224e-08	0.97657	
2.6116e-06	3.7202e-09	2.9192e-06	2.6863e-08	0.97654	
2.4903e-06	3.9208e-09	2.9901e-06	2.7036e-08	0.97638	
2.4189e-06	4.965e-09	2.9773e-06	2.7804e-08	0.97579	
2.3276e-06	5.2581e-09	2.9524e-06	2.6017e-08	0.97496	
2.1989e-06	4.9221e-09	2.9139e-06	4.305e-08	0.97384	
2.1166e-06	5.335e-09	2.7271e-06	6.3206e-08	0.97346	
2.0713e-06	4.2764e-09	2.5858e-06	8.7117e-08	0.97352	
2.0592e-06	3.9311e-09	2.481e-06	1.1581e-07	0.97403	
2.0792e-06	4.0919e-09	2.4068e-06	1.5053e-07	0.974	
2.0823e-06	5.0877e-09	2.3163e-06	1.8041e-07	0.97468	
2.1443e-06	6.9761e-09	2.2679e-06	1.8086e-07	0.97633	
3.8007e-06	9.3411e-09	1.999e-06	3.122e-07	0.98169	
3.7954e-06	1.0602e-08	1.9623e-06	4.039e-07	0.98479	
3.8355e-06	1.0129e-08	1.9466e-06	5.1648e-07	0.98613	
4.8618e-06	5.9319e-09	9.2079e-07	2.3052e-06	0.99652	
4.997e-06	4.9248e-09	8.569e-07	2.3157e-06	0.99683	
5.2207e-06	4.535e-09	8.1133e-07	2.2178e-06	0.99753	
5.5382e-06	4.7079e-09	7.8044e-07	2.1436e-06	0.99778	
5.8113e-06	4.2447e-09	7.4155e-07	2.058e-06	0.99797	
5.9967e-06	4.3387e-09	7.2568e-07	1.9366e-06	0.99845	
6.1441e-06	5.6767e-09	6.9851e-07	1.7982e-06	0.99878	
6.0751e-06	5.6716e-09	6.891e-07	1.7056e-06	0.99892	
6.0647e-06	6.3393e-09	6.9039e-07	1.6344e-06	0.99894	
6.3235e-06	1.1081e-08	7.3613e-07	1.23e-06	0.99848	
6.3259e-06	1.2852e-08	7.3031e-07	1.1588e-06	0.99837	
6.3083e-06	1.3926e-08	7.1912e-07	1.0802e-06	0.99824	
6.3368e-06	1.5909e-08	7.1645e-07	1.0159e-06	0.99821	
6.3457e-06	2.1785e-08	7.0837e-07	9.4463e-07	0.99815	
6.3354e-06	2.6566e-08	6.9504e-07	8.6635e-07	0.99806	
6.3676e-06	2.6986e-08	6.8947e-07	8.0072e-07	0.99807	
6.4427e-06	2.7133e-08	6.9131e-07	7.4592e-07	0.99807	
6.5664e-06	2.7006e-08	7.0107e-07	7.0101e-07	0.99809	
6.6704e-06	2.6607e-08	7.059e-07	6.5089e-07	0.99811	
6.828e-06	2.2024e-08	7.1909e-07	6.1e-07	0.99822	
6.9638e-06	2.1072e-08	7.2709e-07	5.6401e-07	0.9983	
7.1614e-06	2.1317e-08	6.5568e-07	5.27e-07	0.99823	
7.3314e-06	2.0737e-08	6.9318e-07	4.8427e-07	0.99812	
7.5661e-06	2.1168e-08	7.4204e-07	4.4923e-07	0.99811	
7.4651e-06	2.2656e-08	8.0381e-07	4.2129e-07	0.99818	
7.3422e-06	2.3298e-08	8.5827e-07	3.8892e-07	0.99823	
7.1965e-06	2.3118e-08	9.0566e-07	3.5197e-07	0.99826	
7.0259e-06	2.1708e-08	9.4599e-07	3.1014e-07	0.99826	
6.8296e-06	2.2818e-08	9.7911e-07	2.6335e-07	0.99821	
6.6954e-06	2.535e-08	1.0253e-06	2.2406e-07	0.99824	
6.6286e-06	2.6025e-08	1.034e-06	1.9357e-07	0.99822	
6.6069e-06	2.7975e-08	1.0529e-06	1.6746e-07	0.99828	
6.5654e-06	2.8979e-08	1.0657e-06	1.3759e-07	0.99832	
6.5041e-06	2.9077e-08	1.0725e-06	1.0384e-07	0.99834	
6.4897e-06	2.696e-08	1.0913e-06	7.4575e-08	0.99827	
6.4371e-06	2.3811e-08	1.1029e-06	8.1261e-08	0.99818	
6.2475e-06	2.3232e-08	1.0805e-06	1.1757e-07	0.99795	
6.1092e-06	2.3651e-08	1.0677e-06	1.588e-07	0.99784	
5.9513e-06	2.3311e-08	1.0495e-06	1.9604e-07	0.99771	
5.7743e-06	2.2256e-08	1.026e-06	2.2957e-07	0.99755	
5.645e-06	2.2154e-08	1.0118e-06	2.6815e-07	0.99749	
5.4962e-06	2.1297e-08	9.9213e-07	3.0261e-07	0.99741	
5.3258e-06	1.9624e-08	9.6658e-07	3.329e-07	0.9973	
5.2093e-06	1.9123e-08	9.5183e-07	3.6958e-07	0.99683	
5.0679e-06	1.7694e-08	9.3035e-07	4.0123e-07	0.99628	
4.9851e-06	1.7989e-08	9.2165e-07	4.4148e-07	0.99493	
5.2728e-06	1.7095e-08	8.9953e-07	4.6878e-07	0.99476	
5.6687e-06	1.4442e-08	8.9057e-07	5.0468e-07	0.99438	
6.2125e-06	1.3483e-08	8.2381e-07	5.5167e-07	0.99431	
6.9312e-06	1.349e-08	7.7284e-07	6.0989e-07	0.9944	
7.5698e-06	1.2653e-08	7.1338e-07	6.6094e-07	0.99443	
8.1357e-06	1.0935e-08	6.4492e-07	7.0512e-07	0.99441	
8.8865e-06	1.0202e-08	5.9186e-07	7.6093e-07	0.99459	
9.5567e-06	8.6475e-09	5.307e-07	8.0971e-07	0.99472	
1.0153e-05	8.9426e-09	4.6081e-07	8.5167e-07	0.99478	
1.0948e-05	1.0065e-08	4.0587e-07	9.0581e-07	0.9946	
1.1657e-05	1.033e-08	3.4275e-07	9.5267e-07	0.99496	
1.2287e-05	9.8172e-09	2.712e-07	9.9254e-07	0.99525	
1.3129e-05	1.0092e-08	2.1389e-07	1.045e-06	0.99589	
1.3873e-05	9.585e-09	1.4856e-07	1.0897e-06	0.99638	
1.4524e-05	8.2618e-09	1.4587e-07	1.1261e-06	0.99674	
1.5414e-05	7.851e-09	1.4703e-07	1.1765e-06	0.99683	
1.619e-05	6.3946e-09	1.4131e-07	1.2177e-06	0.9976	
1.6875e-05	6.3944e-09	1.3123e-07	1.2514e-06	0.99813	
1.7817e-05	5.1266e-09	1.2556e-07	1.2996e-06	0.99838	
1.9097e-05	4.5872e-09	1.2348e-07	1.3643e-06	0.99845	
2.0235e-05	5.1545e-09	1.1728e-07	1.4201e-06	0.99848	
2.1782e-05	4.5992e-09	1.1494e-07	1.4942e-06	0.99841	
2.518e-05	3.0303e-09	1.2589e-07	1.5051e-06	0.99827	
2.8219e-05	2.348e-09	1.3232e-07	1.5086e-06	0.9983	
3.0941e-05	2.534e-09	1.3484e-07	1.5047e-06	0.9983	
3.46e-05	3.1797e-09	1.4109e-07	1.5142e-06	0.99841	
3.9518e-05	4.3974e-09	1.5152e-07	1.5373e-06	0.99839	
4.3927e-05	4.9736e-09	1.5786e-07	1.553e-06	0.99835	
4.547e-05	4.1617e-09	1.6969e-07	1.5878e-06	0.99842	
4.5883e-05	4.012e-09	1.8703e-07	1.6409e-06	0.99863	
4.6214e-05	4.9449e-09	1.9913e-07	1.6847e-06	0.99878	
4.6742e-05	4.5918e-09	2.1685e-07	1.7451e-06	0.99881	
4.7208e-05	5.4918e-09	2.2932e-07	1.7949e-06	0.99881	
4.7593e-05	5.7432e-09	2.3717e-07	1.8359e-06	0.99878	
4.7897e-05	5.3217e-09	2.4028e-07	1.8681e-06	0.99873	
4.8397e-05	5.7632e-09	2.4883e-07	1.9163e-06	0.99855	
4.9143e-05	6.9452e-09	2.6352e-07	1.9835e-06	0.99805	
4.9792e-05	7.042e-09	2.7158e-07	2.0372e-06	0.99799	
5.0346e-05	8.7124e-09	2.7445e-07	2.0815e-06	0.99788	
5.0815e-05	9.6041e-09	2.7269e-07	2.1172e-06	0.99773	
5.12e-05	9.7135e-09	2.661e-07	2.144e-06	0.99751	
5.1495e-05	8.9897e-09	3.2599e-07	2.1605e-06	0.99721	
5.172e-05	7.1928e-09	3.7831e-07	2.1689e-06	0.9968	
5.1239e-05	6.2802e-09	4.459e-07	2.1961e-06	0.99664	
5.0668e-05	4.6133e-09	5.0481e-07	2.2145e-06	0.99641	
5.0298e-05	3.607e-09	5.7975e-07	2.2487e-06	0.99635	
4.9846e-05	1.9096e-09	6.451e-07	2.2738e-06	0.99624	
4.931e-05	1.3152e-09	7.0149e-07	2.2904e-06	0.99606	
4.865e-05	1.2513e-09	7.4594e-07	2.2969e-06	0.99577	
4.8213e-05	1.4648e-09	8.0629e-07	2.3196e-06	0.99505	
4.7684e-05	2.3995e-09	8.5696e-07	2.333e-06	0.99404	
4.7058e-05	2.7643e-09	8.9878e-07	2.3373e-06	0.99272	
4.6325e-05	4.2978e-09	9.3183e-07	2.3324e-06	0.99089	
4.5483e-05	8.0473e-09	9.5622e-07	2.3187e-06	0.98825	
4.4904e-05	9.537e-09	9.9596e-07	2.3221e-06	0.98229	
4.4258e-05	1.015e-08	1.0267e-06	2.3158e-06	0.98144	
4.2348e-05	9.1655e-09	1.085e-06	2.3407e-06	0.97956	
4.0208e-05	1.0125e-08	1.1337e-06	2.3568e-06	0.97703	
3.8631e-05	9.1876e-09	1.2022e-06	2.3906e-06	0.9759	
3.6584e-05	1.009e-08	1.2548e-06	2.6955e-06	0.97428	
3.4276e-05	1.3679e-08	1.2974e-06	2.9736e-06	0.97206	
3.1676e-05	1.5756e-08	1.3304e-06	3.2266e-06	0.96907	
2.9757e-05	1.9901e-08	1.384e-06	3.5418e-06	0.96772	
2.7594e-05	2.2705e-08	1.4274e-06	3.8291e-06	0.96592	
2.6635e-05	2.3687e-08	1.5446e-06	3.9481e-06	0.96279	
2.5525e-05	2.3494e-08	2.1919e-06	4.0494e-06	0.95848	
2.4268e-05	2.221e-08	2.7776e-06	4.1366e-06	0.95279	
2.2846e-05	1.9771e-08	3.3071e-06	4.2104e-06	0.94529	
2.115e-05	1.978e-08	4.816e-06	4.2629e-06	0.93224	
1.902e-05	1.8752e-08	6.1508e-06	4.7256e-06	0.91488	
1.6642e-05	1.6283e-08	7.367e-06	5.1513e-06	0.89207	
1.3657e-05	1.6612e-08	8.4243e-06	7.3278e-06	0.86096	
1.2454e-05	1.5202e-08	8.9831e-06	8.4605e-06	0.8518	
1.1108e-05	1.2815e-08	9.4897e-06	9.5077e-06	0.83991	
1.0109e-05	1.1782e-08	1.0143e-05	1.0796e-05	0.80962	
9.3601e-06	1.1694e-08	1.0972e-05	1.2366e-05	0.79441	
8.5119e-06	1.0757e-08	1.172e-05	1.381e-05	0.77439	
6.109e-06	1.0825e-08	1.2719e-05	1.5695e-05	0.72441	
3.345e-06	1.2821e-08	1.5921e-05	1.7381e-05	0.64189	
2.8677e-06	1.3324e-08	1.863e-05	1.8806e-05	0.62372	
2.8307e-06	1.6554e-08	2.0922e-05	1.9974e-05	0.59777	
2.773e-06	1.8618e-08	2.3e-05	2.1046e-05	0.56355	
2.6939e-06	1.9618e-08	2.4884e-05	2.203e-05	0.51843	
2.4985e-06	1.9509e-08	2.6378e-05	2.4469e-05	0.4562	
2.2707e-06	2.2525e-08	2.7723e-05	2.6712e-05	0.3703	
2.1075e-06	2.2669e-08	2.9449e-05	2.9473e-05	0.32984	
2.1796e-06	2.6216e-08	3.0906e-05	3.1744e-05	0.27209	
2.2938e-06	2.6587e-08	3.2776e-05	3.454e-05	0.24517	
2.46e-06	2.3988e-08	3.5173e-05	3.7983e-05	0.23252	
2.6009e-06	2.4667e-08	3.7351e-05	4.1168e-05	0.21537	
2.7121e-06	2.3608e-08	3.9218e-05	4.4033e-05	0.21174	
2.6669e-06	2.4191e-08	4.1663e-05	4.7726e-05	0.2024	
2.6008e-06	2.8068e-08	4.3833e-05	5.1115e-05	0.20051	
2.5806e-06	3.6561e-08	4.4816e-05	5.5514e-05	0.19635	
2.5409e-06	4.2869e-08	4.57e-05	5.9566e-05	0.19082	
2.4824e-06	4.743e-08	4.6498e-05	6.3317e-05	0.1836	
2.4611e-06	5.5857e-08	4.754e-05	6.7934e-05	0.18036	
2.4216e-06	7.8207e-08	4.848e-05	7.2207e-05	0.17591	
2.6996e-06	1.36e-07	4.9302e-05	7.5959e-05	0.16982	
2.9347e-06	2.4929e-07	4.9957e-05	7.9202e-05	0.16796	
4.0243e-06	4.9748e-07	5.0408e-05	8.1576e-05	0.16818	
4.9659e-06	6.8197e-07	5.2463e-05	8.369e-05	0.168	
6.2123e-06	9.7547e-07	5.31e-05	8.6275e-05	0.1687	
7.9804e-06	1.1225e-06	5.3976e-05	8.7061e-05	0.17076	
9.6056e-06	1.2479e-06	5.4785e-05	8.7791e-05	0.17239	
1.1647e-05	1.4315e-06	5.5783e-05	8.8675e-05	0.17548	
1.3529e-05	1.5886e-06	5.671e-05	8.9503e-05	0.17798	
