   SW   perc perc perc  query                         position in query     matching    repeat           position in repeat
score   div. del. ins.  sequence                      begin end    (left)   repeat      class/family   begin  end    (left)  ID

 1360   26.3  4.1  0.7  VXAB01012549.1:346400-361559    975  1384 (13775) C CR1-E4_fAlb LINE/CR1         (58)    372      3   1  
   28    0.0  0.0  0.0  VXAB01012549.1:346400-361559   3466  3492 (11667) + (AAAT)n     Simple_repeat       1     27    (0)   2  
   13   20.0  0.0  2.9  VXAB01012549.1:346400-361559   3543  3578 (11581) + A-rich      Low_complexity      1     35    (0)   3  
 1812   24.5  3.1  0.7  VXAB01012549.1:346400-361559   3906  4505 (10654) + CR1-E4_fAlb LINE/CR1            1    956   (23)   4  
   16    0.0  0.0  0.0  VXAB01012549.1:346400-361559   5767  5783  (9376) + (A)n        Simple_repeat       1     17    (0)   5  
   21   13.0  3.7  3.7  VXAB01012549.1:346400-361559   6222  6275  (8884) + A-rich      Low_complexity      1     54    (0)   6  
   18   17.8  2.6  0.0  VXAB01012549.1:346400-361559   6292  6329  (8830) + (AT)n       Simple_repeat       1     39    (0)   7  
   13   13.7  6.2  0.0  VXAB01012549.1:346400-361559   6597  6628  (8531) + (TTA)n      Simple_repeat       1     34    (0)   8  
   17    4.2  0.0  0.0  VXAB01012549.1:346400-361559   6829  6853  (8306) + (AAAC)n     Simple_repeat       1     25    (0)   9  
  889   18.3  2.3  0.6  VXAB01012549.1:346400-361559   7427  7602  (7557) + CR1-J3_fAlb LINE/CR1          227    405  (574)  10  
  278   14.9  0.0  0.0  VXAB01012549.1:346400-361559   7601  7647  (7512) + CR1-J3_fAlb LINE/CR1          932    978    (1)  10 *
   19   11.7  0.0  0.0  VXAB01012549.1:346400-361559   8304  8331  (6828) + (A)n        Simple_repeat       1     28    (0)  11  
   30    0.0  0.0  0.0  VXAB01012549.1:346400-361559   9853  9880  (5279) + (T)n        Simple_repeat       1     28    (0)  12  
   15    5.5  0.0  0.0  VXAB01012549.1:346400-361559   9891  9909  (5250) + (A)n        Simple_repeat       1     19    (0)  13  
   24    0.0  0.0  0.0  VXAB01012549.1:346400-361559  10718 10743  (4416) + (A)n        Simple_repeat       1     26    (0)  14  
  954   29.5  4.9  0.4  VXAB01012549.1:346400-361559  10747 11202  (3957) C CR1-E4_fAlb LINE/CR1          (3)    427      7  15  
 1700   25.6  1.2  0.7  VXAB01012549.1:346400-361559  11550 11981  (3178) C CR1-J3_fAlb LINE/CR1          (1)    978    545  16  
 1092   28.2  3.6  1.2  VXAB01012549.1:346400-361559  14445 14857   (302) + CR1-E4_fAlb LINE/CR1            8    430    (0)  17  
