
Loaded 'libv3/all-terms.bf' from /usr/local/lib/hyphy/TemplateBatchFiles/libv3/all-terms.bf
Loaded 'libv3/UtilityFunctions.bf' from /usr/local/lib/hyphy/TemplateBatchFiles/libv3/UtilityFunctions.bf
Loaded 'IOFunctions.bf' from /usr/local/lib/hyphy/TemplateBatchFiles/libv3/IOFunctions.bf
Already loaded 'libv3/UtilityFunctions.bf' from /usr/local/lib/hyphy/TemplateBatchFiles/libv3/UtilityFunctions.bf
Loaded 'convenience/regexp.bf' from /usr/local/lib/hyphy/TemplateBatchFiles/libv3/convenience/regexp.bf
Already loaded 'libv3/all-terms.bf' from /usr/local/lib/hyphy/TemplateBatchFiles/libv3/all-terms.bf
Already loaded 'libv3/IOFunctions.bf' from /usr/local/lib/hyphy/TemplateBatchFiles/libv3/IOFunctions.bf
Loaded 'libv3/models/codon/MG_REV.bf' from /usr/local/lib/hyphy/TemplateBatchFiles/libv3/models/codon/MG_REV.bf
Loaded '../codon.bf' from /usr/local/lib/hyphy/TemplateBatchFiles/libv3/models/codon.bf
Loaded '../tasks/genetic_code.bf' from /usr/local/lib/hyphy/TemplateBatchFiles/libv3/tasks/genetic_code.bf
Loaded 'libv3/convenience/matrix.bf' from /usr/local/lib/hyphy/TemplateBatchFiles/libv3/convenience/matrix.bf
Already loaded 'libv3/UtilityFunctions.bf' from /usr/local/lib/hyphy/TemplateBatchFiles/libv3/UtilityFunctions.bf
Already loaded 'libv3/all-terms.bf' from /usr/local/lib/hyphy/TemplateBatchFiles/libv3/all-terms.bf
Already loaded '../UtilityFunctions.bf' from /usr/local/lib/hyphy/TemplateBatchFiles/libv3/UtilityFunctions.bf
Loaded '../DNA.bf' from /usr/local/lib/hyphy/TemplateBatchFiles/libv3/models/DNA.bf
Loaded 'frequencies.bf' from /usr/local/lib/hyphy/TemplateBatchFiles/libv3/models/frequencies.bf
Already loaded '../all-terms.bf' from /usr/local/lib/hyphy/TemplateBatchFiles/libv3/all-terms.bf
Loaded 'parameters.bf' from /usr/local/lib/hyphy/TemplateBatchFiles/libv3/models/parameters.bf
Loaded 'GrabBag' from /usr/local/lib/hyphy/TemplateBatchFiles/Utility/GrabBag.bf
Overwritten previously defined function:'_sortStringsAux'
Already loaded 'libv3/all-terms.bf' from /usr/local/lib/hyphy/TemplateBatchFiles/libv3/all-terms.bf
Already loaded '../UtilityFunctions.bf' from /usr/local/lib/hyphy/TemplateBatchFiles/libv3/UtilityFunctions.bf
Loaded 'model_functions.bf' from /usr/local/lib/hyphy/TemplateBatchFiles/libv3/models/model_functions.bf
Already loaded 'DNA.bf' from /usr/local/lib/hyphy/TemplateBatchFiles/libv3/models/DNA.bf
Already loaded 'parameters.bf' from /usr/local/lib/hyphy/TemplateBatchFiles/libv3/models/parameters.bf
Already loaded 'frequencies.bf' from /usr/local/lib/hyphy/TemplateBatchFiles/libv3/models/frequencies.bf
Already loaded '../UtilityFunctions.bf' from /usr/local/lib/hyphy/TemplateBatchFiles/libv3/UtilityFunctions.bf
Already loaded '../convenience/regexp.bf' from /usr/local/lib/hyphy/TemplateBatchFiles/libv3/convenience/regexp.bf
Already loaded 'libv3/all-terms.bf' from /usr/local/lib/hyphy/TemplateBatchFiles/libv3/all-terms.bf
Already loaded '../parameters.bf' from /usr/local/lib/hyphy/TemplateBatchFiles/libv3/models/parameters.bf
Already loaded '../frequencies.bf' from /usr/local/lib/hyphy/TemplateBatchFiles/libv3/models/frequencies.bf
Already loaded '../../UtilityFunctions.bf' from /usr/local/lib/hyphy/TemplateBatchFiles/libv3/UtilityFunctions.bf
Loaded 'libv3/tasks/estimators.bf' from /usr/local/lib/hyphy/TemplateBatchFiles/libv3/tasks/estimators.bf
Already loaded '../models/model_functions.bf' from /usr/local/lib/hyphy/TemplateBatchFiles/libv3/models/model_functions.bf
Loaded '../models/DNA/GTR.bf' from /usr/local/lib/hyphy/TemplateBatchFiles/libv3/models/DNA/GTR.bf
Already loaded '../DNA.bf' from /usr/local/lib/hyphy/TemplateBatchFiles/libv3/models/DNA.bf
Already loaded '../parameters.bf' from /usr/local/lib/hyphy/TemplateBatchFiles/libv3/models/parameters.bf
Already loaded '../frequencies.bf' from /usr/local/lib/hyphy/TemplateBatchFiles/libv3/models/frequencies.bf
Already loaded '../../UtilityFunctions.bf' from /usr/local/lib/hyphy/TemplateBatchFiles/libv3/UtilityFunctions.bf
Already loaded 'libv3/all-terms.bf' from /usr/local/lib/hyphy/TemplateBatchFiles/libv3/all-terms.bf
Already loaded '../convenience/regexp.bf' from /usr/local/lib/hyphy/TemplateBatchFiles/libv3/convenience/regexp.bf
Already loaded 'libv3/all-terms.bf' from /usr/local/lib/hyphy/TemplateBatchFiles/libv3/all-terms.bf
Loaded 'libv3/tasks/alignments.bf' from /usr/local/lib/hyphy/TemplateBatchFiles/libv3/tasks/alignments.bf
Already loaded '../IOFunctions.bf' from /usr/local/lib/hyphy/TemplateBatchFiles/libv3/IOFunctions.bf
Already loaded '../all-terms.bf' from /usr/local/lib/hyphy/TemplateBatchFiles/libv3/all-terms.bf
Loaded 'libv3/tasks/trees.bf' from /usr/local/lib/hyphy/TemplateBatchFiles/libv3/tasks/trees.bf
Already loaded '../IOFunctions.bf' from /usr/local/lib/hyphy/TemplateBatchFiles/libv3/IOFunctions.bf
Already loaded '../all-terms.bf' from /usr/local/lib/hyphy/TemplateBatchFiles/libv3/all-terms.bf
Already loaded '../convenience/regexp.bf' from /usr/local/lib/hyphy/TemplateBatchFiles/libv3/convenience/regexp.bf
Already loaded '../UtilityFunctions.bf' from /usr/local/lib/hyphy/TemplateBatchFiles/libv3/UtilityFunctions.bf
Loaded 'TreeTools' from /usr/local/lib/hyphy/TemplateBatchFiles/TreeTools.ibf
Loaded 'modules/io_functions.ibf' from /usr/local/lib/hyphy/TemplateBatchFiles/SelectionAnalyses/modules/io_functions.ibf
Already loaded 'libv3/UtilityFunctions.bf' from /usr/local/lib/hyphy/TemplateBatchFiles/libv3/UtilityFunctions.bf
Already loaded 'libv3/IOFunctions.bf' from /usr/local/lib/hyphy/TemplateBatchFiles/libv3/IOFunctions.bf
Already loaded 'libv3/convenience/regexp.bf' from /usr/local/lib/hyphy/TemplateBatchFiles/libv3/convenience/regexp.bf
Already loaded 'libv3/all-terms.bf' from /usr/local/lib/hyphy/TemplateBatchFiles/libv3/all-terms.bf
Loaded 'modules/selection_lib.ibf' from /usr/local/lib/hyphy/TemplateBatchFiles/SelectionAnalyses/modules/selection_lib.ibf
Loaded 'libv3/models/codon/BS_REL.bf' from /usr/local/lib/hyphy/TemplateBatchFiles/libv3/models/codon/BS_REL.bf
Already loaded '../codon.bf' from /usr/local/lib/hyphy/TemplateBatchFiles/libv3/models/codon.bf
Already loaded '../DNA.bf' from /usr/local/lib/hyphy/TemplateBatchFiles/libv3/models/DNA.bf
Already loaded '../parameters.bf' from /usr/local/lib/hyphy/TemplateBatchFiles/libv3/models/parameters.bf
Already loaded '../frequencies.bf' from /usr/local/lib/hyphy/TemplateBatchFiles/libv3/models/frequencies.bf
Already loaded '../../UtilityFunctions.bf' from /usr/local/lib/hyphy/TemplateBatchFiles/libv3/UtilityFunctions.bf
Already loaded 'MG_REV.bf' from /usr/local/lib/hyphy/TemplateBatchFiles/libv3/models/codon/MG_REV.bf
Loaded '../../convenience/math.bf' from /usr/local/lib/hyphy/TemplateBatchFiles/libv3/convenience/math.bf
Already loaded 'libv3/UtilityFunctions.bf' from /usr/local/lib/hyphy/TemplateBatchFiles/libv3/UtilityFunctions.bf
Already loaded 'libv3/convenience/math.bf' from /usr/local/lib/hyphy/TemplateBatchFiles/libv3/convenience/math.bf
Loaded 'libv3/tasks/mpi.bf' from /usr/local/lib/hyphy/TemplateBatchFiles/libv3/tasks/mpi.bf
Already loaded '../all-terms.bf' from /usr/local/lib/hyphy/TemplateBatchFiles/libv3/all-terms.bf
Already loaded '../models/parameters.bf' from /usr/local/lib/hyphy/TemplateBatchFiles/libv3/models/parameters.bf
Variable 'NORMALIZE_SEQUENCE_NAMES' was not initialized prior to being used
Variable 'ASSUME_REVERSIBLE_MODELS' was not initialized prior to being used
Loaded 'modules/shared-load-file.bf' from /usr/local/lib/hyphy/TemplateBatchFiles/SelectionAnalyses/modules/shared-load-file.bf
Variable 'MARKDOWN_OUTPUT' was not initialized prior to being used
Already loaded 'libv3/convenience/matrix.bf' from /usr/local/lib/hyphy/TemplateBatchFiles/libv3/convenience/matrix.bf
Already loaded 'libv3/UtilityFunctions.bf' from /usr/local/lib/hyphy/TemplateBatchFiles/libv3/UtilityFunctions.bf
Variable 'QSRZaaWj.skipCodeSelectionStep' was not initialized prior to being used
Row and/or column partition is empty. All the data will be used by default.
Variable 'NEXUS_FILE_TREE_MATRIX' was not initialized prior to being used
Variable 'utility.ToggleEnvVariable.cache' was not initialized prior to being used
Variable 'TREE_NODE_NAME_MAPPING' was not initialized prior to being used
Variable 'xpJDHEZW.PROMPT_FOR_FILE' was not initialized prior to being used
Variable 'END_OF_FILE' was not initialized prior to being used
Variable '_DO_TREE_REBALANCE_' was not initialized prior to being used
Variable '_KEEP_I_LABELS_' was not initialized prior to being used
Rooted topology. Removing one branch - the left root child has been promoted to be the new root
Variable 'INCLUDE_MODEL_SPECS' was not initialized prior to being used
Variable 'utility.ForEachPair.warn_non_rentrant' was not initialized prior to being used
Row and/or column partition is empty. All the data will be used by default.
Row and/or column partition is empty. All the data will be used by default.
Loaded 'modules/grid_compute.ibf' from /usr/local/lib/hyphy/TemplateBatchFiles/SelectionAnalyses/modules/grid_compute.ibf
Variable 'lbWvumQP.cache' was not initialized prior to being used
Row and/or column partition is empty. All the data will be used by default.
Variable 'COUNT_GAPS_IN_FREQUENCIES' was not initialized prior to being used
Variable 'CCn_cIuQ.model_pi' was not initialized prior to being used
Model CCn_cIuQ.model assigned to Manis_javanica
Model CCn_cIuQ.model assigned to Manis_pentadactyla
Model CCn_cIuQ.model assigned to Manis_tricuspis
The tips of the tree:CCn_cIuQ.tree_0 were matched with the species names from the data in the following numeric order (0-based) {0,1,2}

Pseudo-optimal path's cost 84 vs 84 for 1..k=> a 1 x improvement
Partition 0 is ASSUMED to have a reversible model
Variable 'USE_LAST_RESULTS' was not initialized prior to being used
Variable 'CCn_cIuQ.tree_0.Manis_javanica.t' was not initialized prior to being used
models.generic.SetBranchLength: CCn_cIuQ.tree_0.Manis_javanica.t=44.27835860124664
Variable 'CCn_cIuQ.tree_0.Manis_pentadactyla.t' was not initialized prior to being used
models.generic.SetBranchLength: CCn_cIuQ.tree_0.Manis_pentadactyla.t=44.27835860124664
Variable 'CCn_cIuQ.tree_0.Manis_tricuspis.t' was not initialized prior to being used
models.generic.SetBranchLength: CCn_cIuQ.tree_0.Manis_tricuspis.t=59.26361309786246
Variable 'CCn_cIuQ.CCn_cIuQ.likelihoodFunction' was not initialized prior to being used
Variable 'SAVE_OPT_STATUS_TO' was not initialized prior to being used
Auto-benchmarked an optimal number (1) of threads.
Set GUI update interval to every 9259-th LF evaluation.
Optimization settings:
	OPTIMIZATION_METHOD = 4
	OPTIMIZATION_PRECISION = 0.001
	MAXIMUM_ITERATIONS_PER_VARIABLE = 5000

Initial parameter values

CCn_cIuQ.model.theta_AC = 0.25
CCn_cIuQ.model.theta_AT = 0.25
CCn_cIuQ.model.theta_CG = 0.25
CCn_cIuQ.model.theta_CT = 1
CCn_cIuQ.model.theta_GT = 0.25
CCn_cIuQ.tree_0.Manis_javanica.t = 44.2784
CCn_cIuQ.tree_0.Manis_pentadactyla.t = 44.2784
CCn_cIuQ.tree_0.Manis_tricuspis.t = 59.2636
Optimization finished in 18 loop passes.
704 likelihood evaluation calls and 1777 matrix exponentiations calls were made

Variable 'BRANCH_LENGTH_STENCIL' was not initialized prior to being used
Variable 'CCn_cIuQ.option' was not initialized prior to being used
Variable 'relax.terms.json.nucleotide_gtr' was not initialized prior to being used
Variable 'Unknown' was not initialized prior to being used
Variable 'IWnSI_FK.initial_value' was not initialized prior to being used
Variable 'AAmXGcYn.data_filter' was not initialized prior to being used
Row and/or column partition is empty. All the data will be used by default.
Auto-benchmarked an optimal number (3) of threads.
Set GUI update interval to every 5376-th LF evaluation.
Optimization settings:
	OPTIMIZATION_METHOD = 4
	OPTIMIZATION_PRECISION = 0.001
	MAXIMUM_ITERATIONS_PER_VARIABLE = 5000

Initial parameter values

frequencies._aux.CF3x4.p0_0 = 0.303744
frequencies._aux.CF3x4.p0_1 = 0.255854
frequencies._aux.CF3x4.p0_2 = 0.614219
frequencies._aux.CF3x4.p1_0 = 0.35628
frequencies._aux.CF3x4.p1_1 = 0.304878
frequencies._aux.CF3x4.p1_2 = 0.434548
frequencies._aux.CF3x4.p2_0 = 0.309179
frequencies._aux.CF3x4.p2_1 = 0.301573
frequencies._aux.CF3x4.p2_2 = 0.36796
Optimization finished in 5 loop passes.
191 likelihood evaluation calls and 0 matrix exponentiations calls were made

Variable 'AAmXGcYn.model_MGREV_pi' was not initialized prior to being used
Model AAmXGcYn.model_MGREV assigned to Manis_javanica
Model AAmXGcYn.model_MGREV assigned to Manis_pentadactyla
Model AAmXGcYn.model_MGREV assigned to Manis_tricuspis
The tips of the tree:AAmXGcYn.tree_0 were matched with the species names from the data in the following numeric order (0-based) {0,1,2}

Pseudo-optimal path's cost 390 vs 390 for 1..k=> a 1 x improvement
Partition 0 is ASSUMED to have a reversible model
Variable 'AAmXGcYn.AAmXGcYn.likelihoodFunction' was not initialized prior to being used
Variable 'AAmXGcYn.tree_0.Manis_javanica.alpha' was not initialized prior to being used
Variable 'AAmXGcYn.tree_0.Manis_pentadactyla.alpha' was not initialized prior to being used
Variable 'AAmXGcYn.tree_0.Manis_tricuspis.alpha' was not initialized prior to being used
Site 2 evaluated to a 0 probability in ComputeTreeBlockByBranch
Site 2 evaluated to a 0 probability in ComputeTreeBlockByBranch
Site 67 evaluated to a 0 probability in ComputeTreeBlockByBranch
Auto-benchmarked an optimal number (1) of threads.
Set GUI update interval to every 1436-th LF evaluation.
Initial guess for AAmXGcYn.tree_0.Manis_pentadactyla.alpha is 6.32078e-06
Initial guess for AAmXGcYn.tree_0.Manis_tricuspis.alpha is 2.91722e-06
Optimization settings:
	OPTIMIZATION_METHOD = 4
	OPTIMIZATION_PRECISION = 0.001
	MAXIMUM_ITERATIONS_PER_VARIABLE = 5000

Initial parameter values

AAmXGcYn.model_MGREV.theta_AC = 1
AAmXGcYn.model_MGREV.theta_AT = 1
AAmXGcYn.model_MGREV.theta_CG = 1
AAmXGcYn.model_MGREV.theta_CT = 1
AAmXGcYn.model_MGREV.theta_GT = 1
AAmXGcYn.tree_0.Manis_javanica.alpha = 0.1
AAmXGcYn.tree_0.Manis_pentadactyla.alpha = 6.32078e-06
AAmXGcYn.tree_0.Manis_tricuspis.alpha = 2.91722e-06
AAmXGcYn.model_MGREV.omega_0 = 1
AAmXGcYn.model_MGREV.omega_1 = 1
Failing bound checks on AAmXGcYn.tree_0.Manis_tricuspis.beta =         10000.24800968841
Optimization finished in 22 loop passes.
917 likelihood evaluation calls and 2335 matrix exponentiations calls were made

Row and/or column partition is empty. All the data will be used by default.
Auto-benchmarked an optimal number (3) of threads.
Set GUI update interval to every 7575-th LF evaluation.
Optimization settings:
	OPTIMIZATION_METHOD = 4
	OPTIMIZATION_PRECISION = 0.001
	MAXIMUM_ITERATIONS_PER_VARIABLE = 5000

Initial parameter values

frequencies._aux.CF3x4.p0_0 = 0.303744
frequencies._aux.CF3x4.p0_1 = 0.255854
frequencies._aux.CF3x4.p0_2 = 0.614219
frequencies._aux.CF3x4.p1_0 = 0.35628
frequencies._aux.CF3x4.p1_1 = 0.304878
frequencies._aux.CF3x4.p1_2 = 0.434548
frequencies._aux.CF3x4.p2_0 = 0.309179
frequencies._aux.CF3x4.p2_1 = 0.301573
frequencies._aux.CF3x4.p2_2 = 0.36796
Optimization finished in 5 loop passes.
191 likelihood evaluation calls and 0 matrix exponentiations calls were made

Variable 'AAmXGcYn.model_MGREV_pi' was not initialized prior to being used
Model AAmXGcYn.model_MGREV assigned to Manis_javanica
Model AAmXGcYn.model_MGREV assigned to Manis_pentadactyla
Model AAmXGcYn.model_MGREV assigned to Manis_tricuspis
The tips of the tree:AAmXGcYn.tree_0 were matched with the species names from the data in the following numeric order (0-based) {0,1,2}

Pseudo-optimal path's cost 390 vs 390 for 1..k=> a 1 x improvement
Partition 0 is ASSUMED to have a reversible model
Variable 'AAmXGcYn.tree_0.Manis_pentadactyla.alpha' was not initialized prior to being used
Variable 'AAmXGcYn.tree_0.Manis_javanica.alpha' was not initialized prior to being used
Variable 'AAmXGcYn.tree_0.Manis_tricuspis.alpha' was not initialized prior to being used
Site 2 evaluated to a 0 probability in ComputeTreeBlockByBranch
Site 2 evaluated to a 0 probability in ComputeTreeBlockByBranch
Site 67 evaluated to a 0 probability in ComputeTreeBlockByBranch
Auto-benchmarked an optimal number (1) of threads.
Set GUI update interval to every 1754-th LF evaluation.
Initial guess for AAmXGcYn.tree_0.Manis_pentadactyla.alpha is 6.32078e-06
Initial guess for AAmXGcYn.tree_0.Manis_tricuspis.alpha is 2.91722e-06
Optimization settings:
	OPTIMIZATION_METHOD = 4
	OPTIMIZATION_PRECISION = 0.001
	MAXIMUM_ITERATIONS_PER_VARIABLE = 5000

Initial parameter values

AAmXGcYn.model_MGREV.theta_GT = 1
AAmXGcYn.model_MGREV.theta_CT = 1
AAmXGcYn.model_MGREV.theta_CG = 1
AAmXGcYn.model_MGREV.theta_AT = 1
AAmXGcYn.model_MGREV.theta_AC = 1
AAmXGcYn.tree_0.Manis_javanica.alpha = 0.1
AAmXGcYn.tree_0.Manis_pentadactyla.alpha = 6.32078e-06
AAmXGcYn.tree_0.Manis_tricuspis.alpha = 2.91722e-06
AAmXGcYn.model_MGREV.omega_0 = 1
AAmXGcYn.model_MGREV.omega_1 = 1
Failing bound checks on AAmXGcYn.tree_0.Manis_tricuspis.beta =         10000.24800968841
Optimization finished in 25 loop passes.
1129 likelihood evaluation calls and 2964 matrix exponentiations calls were made

Overwritten previously defined function:'WNuGOYsO.rate_generator'
Overwritten previously defined function:'WNuGOYsO.rate_generator'
Auto-benchmarked an optimal number (3) of threads.
Set GUI update interval to every 7142-th LF evaluation.
Optimization settings:
	OPTIMIZATION_METHOD = 4
	OPTIMIZATION_PRECISION = 0.001
	MAXIMUM_ITERATIONS_PER_VARIABLE = 5000

Initial parameter values

frequencies._aux.CF3x4.p0_0 = 0.303744
frequencies._aux.CF3x4.p0_1 = 0.255854
frequencies._aux.CF3x4.p0_2 = 0.614219
frequencies._aux.CF3x4.p1_0 = 0.35628
frequencies._aux.CF3x4.p1_1 = 0.304878
frequencies._aux.CF3x4.p1_2 = 0.434548
frequencies._aux.CF3x4.p2_0 = 0.309179
frequencies._aux.CF3x4.p2_1 = 0.301573
frequencies._aux.CF3x4.p2_2 = 0.36796
Optimization finished in 5 loop passes.
191 likelihood evaluation calls and 0 matrix exponentiations calls were made

Variable 'relax.test_pi' was not initialized prior to being used
Overwritten previously defined function:'WNuGOYsO.rate_generator'
Overwritten previously defined function:'WNuGOYsO.rate_generator'
Overwritten previously defined function:'WNuGOYsO.rate_generator'
Auto-benchmarked an optimal number (3) of threads.
Set GUI update interval to every 6578-th LF evaluation.
Optimization settings:
	OPTIMIZATION_METHOD = 4
	OPTIMIZATION_PRECISION = 0.001
	MAXIMUM_ITERATIONS_PER_VARIABLE = 5000

Initial parameter values

frequencies._aux.CF3x4.p0_0 = 0.303744
frequencies._aux.CF3x4.p0_1 = 0.255854
frequencies._aux.CF3x4.p0_2 = 0.614219
frequencies._aux.CF3x4.p1_0 = 0.35628
frequencies._aux.CF3x4.p1_1 = 0.304878
frequencies._aux.CF3x4.p1_2 = 0.434548
frequencies._aux.CF3x4.p2_0 = 0.309179
frequencies._aux.CF3x4.p2_1 = 0.301573
frequencies._aux.CF3x4.p2_2 = 0.36796
Optimization finished in 5 loop passes.
191 likelihood evaluation calls and 0 matrix exponentiations calls were made

Variable 'relax.reference_pi' was not initialized prior to being used
No nodel was assigned to Manis_javanica
No nodel was assigned to Manis_pentadactyla
No nodel was assigned to Manis_tricuspis
The tips of the tree:A_rmNurS.tree_id_0 were matched with the species names from the data in the following numeric order (0-based) {0,1,2}

Pseudo-optimal path's cost 390 vs 390 for 1..k=> a 1 x improvement
Partition 0 is ASSUMED to have a reversible model
relax.reference.theta_AC was already constrained in estimators.SetGlobals2
relax.reference.theta_AG was already constrained in estimators.SetGlobals2
relax.reference.theta_AT was already constrained in estimators.SetGlobals2
relax.reference.theta_CG was already constrained in estimators.SetGlobals2
relax.reference.theta_CT was already constrained in estimators.SetGlobals2
relax.reference.theta_GT was already constrained in estimators.SetGlobals2
relax.test.theta_AG was already constrained in estimators.SetGlobals2
Variable 'A_rmNurS.tree_id_0.Manis_javanica.t' was not initialized prior to being used
models.generic.SetBranchLength: A_rmNurS.tree_id_0.Manis_javanica.t=0.2423243737381938
Variable 'A_rmNurS.tree_id_0.Manis_pentadactyla.t' was not initialized prior to being used
models.generic.SetBranchLength: A_rmNurS.tree_id_0.Manis_pentadactyla.t=0.1760278578929486
Variable 'A_rmNurS.tree_id_0.Manis_tricuspis.t' was not initialized prior to being used
models.generic.SetBranchLength: A_rmNurS.tree_id_0.Manis_tricuspis.t=0.1031860220506796
Variable 'A_rmNurS.A_rmNurS.likelihoodFunction' was not initialized prior to being used
Auto-benchmarked an optimal number (4) of threads.
Set GUI update interval to every 177-th LF evaluation.
Optimization settings:
	OPTIMIZATION_METHOD = 4
	OPTIMIZATION_PRECISION = 0.001
	MAXIMUM_ITERATIONS_PER_VARIABLE = 5000

Initial parameter values

relax.reference.bsrel_mixture_aux_1 = 0.818182
relax.reference.omega1 = 0.145496
relax.reference.omega2 = 0.4601
relax.reference.omega3 = 7.27482
relax.reference.bsrel_mixture_aux_0 = 0.45
relax.test.theta_AC = 0.472291
relax.test.theta_AT = 0.105411
relax.test.theta_CG = 0.654082
relax.test.theta_GT = 0.192102
relax.test.theta_CT = 1.39752
relax.K = 1
A_rmNurS.tree_id_0.Manis_javanica.t = 0.242324
A_rmNurS.tree_id_0.Manis_pentadactyla.t = 0.176028
A_rmNurS.tree_id_0.Manis_tricuspis.t = 0.103186
Optimization finished in 205 loop passes.
16563 likelihood evaluation calls and 136554 matrix exponentiations calls were made

Variable 'MPI_NODE_COUNT' was not initialized prior to being used
No nodel was assigned to Manis_javanica
No nodel was assigned to Manis_pentadactyla
No nodel was assigned to Manis_tricuspis
Likelihood function cleared because partition index '0' points to invalid components
The tips of the tree:A_rmNurS.tree_id_0 were matched with the species names from the data in the following numeric order (0-based) {0,1,2}

Pseudo-optimal path's cost 390 vs 390 for 1..k=> a 1 x improvement
Partition 0 is ASSUMED to have a reversible model
relax.reference.theta_AC was already constrained in estimators.SetGlobals2
relax.reference.theta_AG was already constrained in estimators.SetGlobals2
relax.reference.theta_AT was already constrained in estimators.SetGlobals2
relax.reference.theta_CG was already constrained in estimators.SetGlobals2
relax.reference.theta_CT was already constrained in estimators.SetGlobals2
relax.reference.theta_GT was already constrained in estimators.SetGlobals2
relax.test.bsrel_mixture_aux_0 was already constrained in estimators.SetGlobals2
relax.test.bsrel_mixture_aux_1 was already constrained in estimators.SetGlobals2
relax.test.theta_AG was already constrained in estimators.SetGlobals2
relax.test.omega1 was already constrained in estimators.SetGlobals2
relax.test.omega2 was already constrained in estimators.SetGlobals2
relax.test.omega3 was already constrained in estimators.SetGlobals2
Variable 'A_rmNurS.tree_id_0.Manis_javanica.t' was not initialized prior to being used
models.generic.SetBranchLength: A_rmNurS.tree_id_0.Manis_javanica.t=0.2926909912118946
Variable 'A_rmNurS.tree_id_0.Manis_pentadactyla.t' was not initialized prior to being used
models.generic.SetBranchLength: A_rmNurS.tree_id_0.Manis_pentadactyla.t=0.1218316159275221
Variable 'A_rmNurS.tree_id_0.Manis_tricuspis.t' was not initialized prior to being used
models.generic.SetBranchLength: A_rmNurS.tree_id_0.Manis_tricuspis.t=0.5976174071083505
Auto-benchmarked an optimal number (5) of threads.
Set GUI update interval to every 128-th LF evaluation.
Optimization settings:
	OPTIMIZATION_METHOD = 4
	OPTIMIZATION_PRECISION = 0.001
	MAXIMUM_ITERATIONS_PER_VARIABLE = 5000

Initial parameter values

relax.reference.bsrel_mixture_aux_1 = 0.736761
relax.reference.omega1 = 0.0574063
relax.reference.omega2 = 0.0532398
relax.reference.omega3 = 1.15958
relax.reference.bsrel_mixture_aux_0 = 0.508679
relax.test.theta_AC = 0.447574
relax.test.theta_AT = 0.0519736
relax.test.theta_CG = 0.565777
relax.test.theta_GT = 0.151055
relax.test.theta_CT = 1.3901
relax.K = 1
A_rmNurS.tree_id_0.Manis_javanica.t = 0.292691
A_rmNurS.tree_id_0.Manis_pentadactyla.t = 0.121832
A_rmNurS.tree_id_0.Manis_tricuspis.t = 0.597617
Optimization finished in 21 loop passes.
1528 likelihood evaluation calls and 12009 matrix exponentiations calls were made

Variable 'EcfQDnCR.A_rmNurS.likelihoodFunction' was not initialized prior to being used
Auto-benchmarked an optimal number (2) of threads.
Set GUI update interval to every 219-th LF evaluation.
Optimization settings:
	OPTIMIZATION_METHOD = 4
	OPTIMIZATION_PRECISION = 0.001
	MAXIMUM_ITERATIONS_PER_VARIABLE = 5000

Initial parameter values

relax.reference.bsrel_mixture_aux_1 = 0.675315
relax.reference.omega2 = 0.0534071
relax.reference.omega3 = 1.82319
relax.reference.omega1 = 0.015877
relax.test.theta_AC = 0.448758
relax.test.theta_AT = 0.0553509
relax.test.theta_CT = 1.37288
relax.test.theta_CG = 0.561151
relax.reference.bsrel_mixture_aux_0 = 0.590665
relax.test.theta_GT = 0.156988
A_rmNurS.tree_id_0.Manis_javanica.t = 0.088983
A_rmNurS.tree_id_0.Manis_pentadactyla.t = 0.0365431
A_rmNurS.tree_id_0.Manis_tricuspis.t = 0.175597
Optimization finished in 5 loop passes.
336 likelihood evaluation calls and 2832 matrix exponentiations calls were made

Variable 'USE_JSON_FOR_MATRIX' was not initialized prior to being used