BLASTN 2.6.0+


Reference: Stephen F. Altschul, Thomas L. Madden, Alejandro A.
Schaffer, Jinghui Zhang, Zheng Zhang, Webb Miller, and David J.
Lipman (1997), "Gapped BLAST and PSI-BLAST: a new generation of
protein database search programs", Nucleic Acids Res. 25:3389-3402.



Database: GCA_013396635.1_ASM1339663v1_genomic.fna
           12,091 sequences; 1,027,970,763 total letters



Query= exon1

Length=77


***** No hits found *****



Lambda      K        H
   0.634    0.408    0.912 

Gapped
Lambda      K        H
   0.625    0.410    0.780 

Effective search space used: 50353978535


Query= exon2

Length=94


***** No hits found *****



Lambda      K        H
   0.634    0.408    0.912 

Gapped
Lambda      K        H
   0.625    0.410    0.780 

Effective search space used: 67823726190


Query= exon3

Length=145


***** No hits found *****



Lambda      K        H
   0.634    0.408    0.912 

Gapped
Lambda      K        H
   0.625    0.410    0.780 

Effective search space used: 119203934384


Query= exon4

Length=148
                                                                      Score     E
Sequences producing significant alignments:                          (Bits)  Value

  WBMW01003413.1 Penelope pileata isolate B10K-DU-001-08 scaffold...  44.6    0.005



Query_4  35       AGAGGATGACTGTGGAGACATGTCTGATGAAG  66
3412     1365197  ..................T.AT..........  1365228


Lambda      K        H
   0.634    0.408    0.912 

Gapped
Lambda      K        H
   0.625    0.410    0.780 

Effective search space used: 122286794756


Query= exon5

Length=139


***** No hits found *****



Lambda      K        H
   0.634    0.408    0.912 

Gapped
Lambda      K        H
   0.625    0.410    0.780 

Effective search space used: 113038213640


Query= exon6

Length=228


***** No hits found *****



Lambda      K        H
   0.634    0.408    0.912 

Gapped
Lambda      K        H
   0.625    0.410    0.780 

Effective search space used: 203466390534


Query= exon7

Length=224
                                                                      Score     E
Sequences producing significant alignments:                          (Bits)  Value

  WBMW01006322.1 Penelope pileata isolate B10K-DU-001-08 scaffold...  44.6    0.008



Query_7  62     GACTGGTTCCTTGATGACTTAAAAAATTT  90
6321     91296  .......G..................C..  91268


Lambda      K        H
   0.634    0.408    0.912 

Gapped
Lambda      K        H
   0.625    0.410    0.780 

Effective search space used: 199355958402


Query= exon8

Length=126


***** No hits found *****



Lambda      K        H
   0.634    0.408    0.912 

Gapped
Lambda      K        H
   0.625    0.410    0.780 

Effective search space used: 99679152028


Query= exon9

Length=182


***** No hits found *****



Lambda      K        H
   0.634    0.408    0.912 

Gapped
Lambda      K        H
   0.625    0.410    0.780 

Effective search space used: 157225878972


Query= exon10

Length=229


***** No hits found *****



Lambda      K        H
   0.634    0.408    0.912 

Gapped
Lambda      K        H
   0.625    0.410    0.780 

Effective search space used: 204493998567


Query= exon11

Length=167


***** No hits found *****



Lambda      K        H
   0.634    0.408    0.912 

Gapped
Lambda      K        H
   0.625    0.410    0.780 

Effective search space used: 141811577112


  Database: GCA_013396635.1_ASM1339663v1_genomic.fna
    Posted date:  Nov 24, 2021  4:25 PM
  Number of letters in database: 1,027,970,763
  Number of sequences in database:  12,091



Matrix: blastn matrix 2 -3
Gap Penalties: Existence: 5, Extension: 2
