BLASTN 2.6.0+


Reference: Stephen F. Altschul, Thomas L. Madden, Alejandro A.
Schaffer, Jinghui Zhang, Zheng Zhang, Webb Miller, and David J.
Lipman (1997), "Gapped BLAST and PSI-BLAST: a new generation of
protein database search programs", Nucleic Acids Res. 25:3389-3402.



Database: GCA_008692595.1_Cv_LA_1.0_genomic.fna
           1,512 sequences; 866,267,420 total letters



Query= exon1_Penelope_pileata

Length=86


***** No hits found *****



Lambda      K        H
   0.634    0.408    0.912 

Gapped
Lambda      K        H
   0.625    0.410    0.780 

Effective search space used: 50241054872


Query= exon2_Gallus_gallus

Length=109


***** No hits found *****



Lambda      K        H
   0.634    0.408    0.912 

Gapped
Lambda      K        H
   0.625    0.410    0.780 

Effective search space used: 70164231804


Query= exon2_Tympanuchus_cupido

Length=118


***** No hits found *****



Lambda      K        H
   0.634    0.408    0.912 

Gapped
Lambda      K        H
   0.625    0.410    0.780 

Effective search space used: 77960257560


Query= exon2_Alectura_lathami

Length=118


***** No hits found *****



Lambda      K        H
   0.634    0.408    0.912 

Gapped
Lambda      K        H
   0.625    0.410    0.780 

Effective search space used: 77960257560


Query= exon3_Gallus_gallus

Length=144


***** No hits found *****



Lambda      K        H
   0.634    0.408    0.912 

Gapped
Lambda      K        H
   0.625    0.410    0.780 

Effective search space used: 99615710780


Query= exon4_Gallus_gallus

Length=144


***** No hits found *****



Lambda      K        H
   0.634    0.408    0.912 

Gapped
Lambda      K        H
   0.625    0.410    0.780 

Effective search space used: 99615710780


Query= exon5_Alectura_lathami

Length=139
                                                                      Score     E
Sequences producing significant alignments:                          (Bits)  Value

  VONY01000010.1 Colinus virginianus isolate B-91918 ScV3Fw6_10, ...  44.6    0.004



Query_7  55       CAATGGTCTTTGTGAAAGTGTGTGTGATG  83
1        9042064  ..T..T.......................  9042036


Lambda      K        H
   0.634    0.408    0.912 

Gapped
Lambda      K        H
   0.625    0.410    0.780 

Effective search space used: 95284592920


Query= exon6_Gallus_gallus

Length=225


***** No hits found *****



Lambda      K        H
   0.634    0.408    0.912 

Gapped
Lambda      K        H
   0.625    0.410    0.780 

Effective search space used: 169779820112


Query= exon6_Alectura_lathami

Length=219


***** No hits found *****



Lambda      K        H
   0.634    0.408    0.912 

Gapped
Lambda      K        H
   0.625    0.410    0.780 

Effective search space used: 164582478680


Query= exon7_Alectura_lathami

Length=241


***** No hits found *****



Lambda      K        H
   0.634    0.408    0.912 

Gapped
Lambda      K        H
   0.625    0.410    0.780 

Effective search space used: 182772854660


Query= exon7_Gallus_gallus

Length=197


***** No hits found *****



Lambda      K        H
   0.634    0.408    0.912 

Gapped
Lambda      K        H
   0.625    0.410    0.780 

Effective search space used: 145525560096


Query= exon9_Gallus_gallus

Length=123


***** No hits found *****



Lambda      K        H
   0.634    0.408    0.912 

Gapped
Lambda      K        H
   0.625    0.410    0.780 

Effective search space used: 81425015768


Query= exon9_Alectura_lathami

Length=174


***** No hits found *****



Lambda      K        H
   0.634    0.408    0.912 

Gapped
Lambda      K        H
   0.625    0.410    0.780 

Effective search space used: 125602417940


Query= exon10_Alectura_lathami

Length=229


***** No hits found *****



Lambda      K        H
   0.634    0.408    0.912 

Gapped
Lambda      K        H
   0.625    0.410    0.780 

Effective search space used: 173244714400


Query= exon10_Gallus_gallus

Length=147


***** No hits found *****



Lambda      K        H
   0.634    0.408    0.912 

Gapped
Lambda      K        H
   0.625    0.410    0.780 

Effective search space used: 102214381496


Query= exon11_Odontophorus_gujanensis

Length=145


***** No hits found *****



Lambda      K        H
   0.634    0.408    0.912 

Gapped
Lambda      K        H
   0.625    0.410    0.780 

Effective search space used: 100481934352


  Database: GCA_008692595.1_Cv_LA_1.0_genomic.fna
    Posted date:  Nov 24, 2021  4:06 PM
  Number of letters in database: 866,267,420
  Number of sequences in database:  1,512



Matrix: blastn matrix 2 -3
Gap Penalties: Existence: 5, Extension: 2
