   SW   perc perc perc  query                         position in query     matching    repeat           position in repeat
score   div. del. ins.  sequence                      begin end    (left)   repeat      class/family   begin  end    (left)  ID

   16    0.0  0.0  0.0  SPOS01000251.1:268700-306610      3    19 (37892) + (A)n        Simple_repeat       1     17    (0)   1  
   30    3.1  0.0  0.0  SPOS01000251.1:268700-306610     88   120 (37791) + (T)n        Simple_repeat       1     33    (0)   2  
  419   31.0  5.4  1.7  SPOS01000251.1:268700-306610   1071  1349 (36562) C Plat_L3     LINE/CR1        (117)   3456   3168   3  
   15    5.6  0.0  0.0  SPOS01000251.1:268700-306610   4038  4056 (33855) + (A)n        Simple_repeat       1     19    (0)   4  
   13   15.2  0.0  3.3  SPOS01000251.1:268700-306610   4115  4145 (33766) + A-rich      Low_complexity      1     30    (0)   5  
  822   30.3  4.3  4.1  SPOS01000251.1:268700-306610   4384  5036 (32875) + CR1-3_Croc  LINE/CR1         2425   3567    (6)   6  
   33   21.1  0.0  2.5  SPOS01000251.1:268700-306610   6801  6881 (31030) + (TAT)n      Simple_repeat       1     79    (0)   7  
   22    3.8  0.0  0.0  SPOS01000251.1:268700-306610   7840  7866 (30045) + (T)n        Simple_repeat       1     27    (0)   8  
  816   29.8  4.0  2.6  SPOS01000251.1:268700-306610   8435  8885 (29026) C Plat_L3     LINE/CR1          (3)   3570   3114   9  
  198   28.6  0.0  1.8  SPOS01000251.1:268700-306610   9237  9293 (28618) C MIR3        SINE/MIR          (3)    205    150  10  
  352   32.6  4.3  1.4  SPOS01000251.1:268700-306610   9363  9642 (28269) C Plat_L3     LINE/CR1        (115)   3458   3171  11  
  749   32.2  2.6  2.4  SPOS01000251.1:268700-306610  11024 11567 (26344) + Plat_L3     LINE/CR1         3027   3571    (2)  12  
  377   35.2  2.2  3.4  SPOS01000251.1:268700-306610  11571 11931 (25980) + Plat_L3     LINE/CR1         3201   3557   (16)  13  
   46    5.7  0.0  0.0  SPOS01000251.1:268700-306610  11935 11990 (25921) + (TCTATGAT)n Simple_repeat       1     56    (0)  14  
   27    3.2  0.0  0.0  SPOS01000251.1:268700-306610  15497 15528 (22383) + (A)n        Simple_repeat       1     32    (0)  15  
 1030   30.7  2.6  2.6  SPOS01000251.1:268700-306610  17114 17755 (20156) + Plat_L3     LINE/CR1         2929   3570    (3)  16  
  405   28.1  6.0  6.4  SPOS01000251.1:268700-306610  17783 18033 (19878) + Plat_L3     LINE/CR1         3319   3568    (5)  17  
   17   10.9  0.0  6.1  SPOS01000251.1:268700-306610  18646 18684 (19227) + A-rich      Low_complexity      1     36    (0)  18  
   18   12.6  0.0  0.0  SPOS01000251.1:268700-306610  18709 18735 (19176) + (T)n        Simple_repeat       1     27    (0)  19  
   18    0.0  0.0  0.0  SPOS01000251.1:268700-306610  19416 19435 (18476) + (A)n        Simple_repeat       1     20    (0)  20  
  322   23.5  0.0  1.5  SPOS01000251.1:268700-306610  21265 21333 (16578) C MIR3        SINE/MIR          (0)    208    141  21  
  211   21.1  4.0  4.0  SPOS01000251.1:268700-306610  21276 21349 (16562) C X17_LINE    LINE/CR1          (0)    296    223  22 *
   15   13.9  0.0  0.0  SPOS01000251.1:268700-306610  21905 21928 (15983) + (A)n        Simple_repeat       1     24    (0)  23  
  878   31.0  4.0  3.3  SPOS01000251.1:268700-306610  22217 22813 (15098) + Plat_L3     LINE/CR1         2856   3456  (117)  24  
  373   39.2  5.0  3.7  SPOS01000251.1:268700-306610  23207 23743 (14168) + L3          LINE/CR1          582   1125 (2974)  25  
 2939   34.6  2.4  2.2  SPOS01000251.1:268700-306610  23858 26688 (11223) + Plat_L3     LINE/CR1          733   3569    (4)  26  
  236   21.1  0.0  1.8  SPOS01000251.1:268700-306610  26737 26794 (11117) + CR1-3_Croc  LINE/CR1         3549   3605    (0)  27  
   42    1.8  3.4  3.4  SPOS01000251.1:268700-306610  27193 27251 (10660) + (AAAAT)n    Simple_repeat       1     59    (0)  28  
   14   17.5  0.0  0.0  SPOS01000251.1:268700-306610  27735 27766 (10145) + (CTCTTC)n   Simple_repeat       1     32    (0)  29  
   27    0.0  0.0  0.0  SPOS01000251.1:268700-306610  28809 28837  (9074) + (A)n        Simple_repeat       1     29    (0)  30  
   12   13.6  2.8  5.7  SPOS01000251.1:268700-306610  31630 31665  (6246) + GA-rich     Low_complexity      1     35    (0)  31  
   16    0.0  0.0  0.0  SPOS01000251.1:268700-306610  31899 31916  (5995) + (A)n        Simple_repeat       1     18    (0)  32  
  746   30.8  3.0  2.0  SPOS01000251.1:268700-306610  34780 35213  (2698) C Plat_L3     LINE/CR1          (3)   3570   3133  33  
   17    3.9  3.7  0.0  SPOS01000251.1:268700-306610  36186 36212  (1699) + (CAAA)n     Simple_repeat       1     28    (0)  34  
