      5   1935

Geotrypetes_seraphini           ATG CCC ACC ATA CGT GCA ATC CTG GGA CTA ATA TAT GTT TTC TGC ATA CTA GAA TGC TCC AGC TCT GTC TTA AAG CAA TCA AAA AGA TCT GCA GAC AAA GTT TTG GAT AGG TTT ACA AGA GAG GTC AAT GCC CCA TCT CCT ATA AAT TGT CAG TTG AGT ACA TGG AGT GAA TGG AGT ACC TGC GAC CCA TGC ACA CAA CAA AAG TAC CGA TCC AGA AGC ATT GAG CGA TTT GGA CAG TTT GGA GGG AAA CCG TGC CTT GAC TTT TTG GGA GAT GTA AAA AGC TGC AAG CCT GAC AAG CCT TGC GAA GAA GAA GAA ATT GAC TGC GGA GTC GAT TTT AAG TGC GAT TCA GGT AGA TGT ATA AAG AAA AGG CTT CTT TGC AAC ACG GAT AAT GAC TGT GGA GAT TTT TCT GAT GAA CTC TGT GAA GAT ACA GAG CCT AAA CCA ACA TGT CGC AAT ATG GAT TTG GAA TTG TCA GAG ATT GGA AGA ACT GCG GGA GAT GGT ATC AAC ATT CTA GGA ATG GAT ACA AGA AGT AAC CCT TTT GAC AAT GAA TAT TTT CAT GGC GTT TGC GAC AGA ATT CGT GAT GGG AAT ACA AGA CAA TAT TAC CGC AAA CCA TGG AAT ACA GCT ACT GTT GTT TAT CAG ACA AGA CTT GAT AAA TCT TTC ACA ACT GAG ACC TAC GAG GAT TCC ATG ACT TTA ATA TCA GAC ATC ATC AAA AAA AGT ACA GAA ACC TTT GAG TTT GAC CTG TCT ATT AAA ACC ATA CCA AAT TCA --- --- --- --- --- --- --- --- --- --- --- --- --- --- --- --- --- --- --- --- --- --- --- --- --- --- --- --- --- --- --- --- --- GAA GAA CAA AAT GCT CCT AAA AAA ACT GCT AAT --- --- --- --- --- --- --- TTG GGC TTC CAT TCA GCC AAA AAT GAA AGC ATA CAC ACT ATC AAG GAA TAT TCA CGT CAT AAG AAC AAA GCA TTT TTG AAA GTG AGT GGA CAA ATA CAA CTA GGA ACA TTT AGT TTG AGA AGT CGT GAT CTC ATG CTG ACG AGC GCT TTC TTA GAC GAC GTT AGA AAC CTT CCA ATT GAA TAC GAC AAG GGA GAA TAT TTC AGT TTT CTA GAA ACT TAT GGA ACA CAC TAC ACT GCC TCT GGA ACA GTA GGA GGA AAA TAT GAA CTC GTC TAT GTA CTG GAT AAT GCT ACT TTG AAA GCA AAA GAT ATA ACA ACA AGA GAA GTA TCT GAA TGT CTG GGA TTT AAT CTT AAT GTA CAG TTA --- --- --- --- ACA GAG GAA AAT ATT GAT GTC AAA GCT ATA GTA AAC AAT CCT AAA TGT GAC GAG CTA GGT TCT ATA ACA ACT GGT GAA --- --- AGC CCA CAA TCA GCG ATG ATT GAC AAA ATC ATC TCA TTT CTC GAA GGG GGA ACC ATA ACT TAC GCA ACT ACA CTG GAG GAA AAA ATA TCT AAA GAA TAT AAA ATA GTC GAT GTG AAT GAT TAT GTG AAT TGG GCC TCT TCA TTG TCA GAT GCC CCA GTG ATA ATT AAG AGG AAG CCA GCT CCA ATT TAT GCT CTA ATA CCC GTG AAG ATG AAA AAT GCG CAT GAA AAG AAA CAG TTT ATG GAA AGA GCA ATT GAA GAT TAC CTA ACT GAA TTC AGT GTG TGC AAG TGC CAG CCT TGT CAG AAT GGT GGT ACA GCA CTG CTG GTG GAT GGA GAG TGC TTG TGT AAA TGC CCA CTG TAT TTT GAA GGC ATT GCT TGT CAG ACT CTT AAG TCA GAA CTC CTA CAA AAC CCA AAT CCT CCT GTC GAT GGA AGA TGG GGA TGC TGG TCG AGC TCA TCT CAA TGT AGT GGT GGA GAG CAA ACA CAG AGC CGC CAG TGT AAC AAT CCT GCA CCA CAA AAT GGA GGC AAA CCA TGC GAT GGA GAA AGT ATC AGA AAA ATC CCT TGC --- --- 
Microcaecilia_unicolor          ATG CTT ACC ATA CAT GCA GTC CTG GGA TTA ATC TAT GCT TTC TGC ATA CTA GAA TGT TCC AGT TCT TGC TCA CAG CAG TCA GAA AGC TCT TCA GAC AAA GTT TTG GAT AGG TTG AGA AGA GAG GTC AAT GCC CCA TCT CCC ATA AAC TGT CAG TTG AGT GCG TGG AGT GAA TGG AGT ACC TGC GAC CCA TGC ACA CAA CAA AAG TAC CGA TCC AGG AGC ATT GAG CGA TTT GGA CAG TTT GGA GGG AAA CAG TGC TTT GAT TCT TTA GGA GAT ATA AAA AGA TGC AAA CCT GAC AAG CCT TGT GAA GAA GAA GAA ATT GAC TGT GGA ATC GAT TTT AAA TGT GAT ACA GGT AGA TGT ATA AAG AAC AGG CTT CTC TGC AAC ACA GAT AAT GAC TGT GGA GAC TTT TCT GAT GAA CTC TGT GAA GAT ACA GAC CCT AAA CCA ACA TGT CGC AAT ATG GAT TTG GAA TTG TCA GAG ATT GGA AGA ACT GCA GGA GAT GGT ATC AAC ATT TTG GGA ATG GAT ACA AGA AGT AAC CCT TTT GAC AAT GAA TAT TTT CAT GGC CTG TGC GAG AGA GTT CGT GAT GGG AAT ACA AGA CAA TAT TAC CGT AAA CCA TGG AAC ACA GCT ACT GTT GTT TAT CAG ACA AGA CTT GAT AAA TCT TTC ACA ACT GAG ACC TAT GAG GAT TCC ATG TCA TTA ATA ACA GAC ATG GTC CAA AAG AGT ACA GAA TCC TCT GAG GCT GGC CTG TCT ATT AAA ACC ATA CCA AAT TCA --- --- --- --- --- --- --- --- --- --- --- --- --- --- --- --- --- --- --- --- --- --- --- --- --- --- --- --- --- --- --- --- --- GAA GAA CGA AAG GTT TCT AAT ATA ACT GCT AAT --- --- --- --- --- --- --- ATA GGT TTT CAT TCA TCC AAA AAT GAA AGC TTA CAC ATT ATT AAG GAG TTT TCA CAT CAA AAG AAC AAG TCA TTT TTA AAA GTG AGT GGA CAA ATA CAA CTA GGG ACA TTC CTT ATG AGA AGT CGC GAT CTC ATG CTG ACA AGC CCT TTC TTA GAT GAT GTT AAA AAT CTT CCA GTT GAC TAT GAC AAG GGA GAA TAC TTC AGC TTT CTG GAA ACT TAT GGA ACA CAT TAC ACT GCC TCT GGG ACA GTA GGA GGA AAG TAT GAA CTC ATT TAT GTG TTG GAT AAC ACT ATT TTG AAA GCA AAA GAC ATA ACA ACA AAA GAA GTA TCT GAA TGT CTG GGA TAT AAT CTT AAC GCA CAG CTA --- --- --- --- ACG GAC AAA AAT ATT GAT GTC AAA GCT ATC GTA AAC AAT CCT AAA TGT GAT GAG TTA GGT TCT ACA ACA ACC GGT GAA --- --- AAA CCA CAG TCG GCG ATG ATT GAC AAA ATC ATC TCA TTA GTC GAA GGG GGG ACC ATA ACT TAT GCA ACT ACC CTG GAA GAG AAA ATA TCT AAA GAA TAT AAA ATA GTT GAT GTG AAT GAT TAT GTA AAT TGG GCT TCT TCA TTC ACA GAT GCC CCA GTG ATA ATT AAG CGG AAG CCA GCT CCA ATT TAT CAG CTA ATA CCC GTT AAG ATG AAA GAC GCA CAT GAA AAG AAA CAG CTT TTG GAA AGA GCA ATT GAA GAT TAC CTG ACT GAA TTC AGT GTG TGC AAG TGC CAG CCT TGT CAG AAT GGT GGC ACG GCA CTG CTG GTG GAT GGG GAA TGC TTA TGT AAA TGT CCG CTG TAT TTT GAA GGC ATT GCT TGT CAG ACT CTT AAG TCA GAA ATC CTA CAA AAT TCA AAT CCT CCT GTT GAT GGA AGA TGG GGA TGC TGG TCA AGC TGG TCT CAA TGT ATT GGT GGA GAG CGA ACA CAG AGT CGT CAG TGT AAC AAT CCC GCA CCA CAA AAT GGA GGC AAA CAC TGC GAT GGA GAC AAT ATC AGA AAA AGC CCT TGC --- --- 
Rana_temporaria                 ATG GCT GCA CCT CTT CCT CTC CTG GGA CTC ATC TCT GTG CTA TGT ACA TTG CAA TGT CAA GCT TCG GTA TCG --- --- GGC AAC GGA AGG TCA --- --- --- --- --- --- --- CCA AGA GAA ACG AAT GCT CCA CCA CCA GTA GAC TGC CTG CTG AGC TCC TGG GGC AAA TGG ACT GAG TGT GAC CCA TGT ACA AAA CAA AGG TAT CGC TCT CGG AGT ATT GAG AAG TTT GGC CAG TTT GGC GGC AAA CCT TGT GTG AGC AAT TTA GGA GAA GTC CAA CGG TGT AAA TCC GAT ACA CTT TGC GTG GAG AAA GTA ATC GAC TGC GGG AGG GAT TTC CAG TGT GAA AAT GGT AGA TGT ATA AAG GAT AGG CTG AAG TGT AAC GTT GAT AAT GAC TGT GGA GAT TTC TCT GAT GAA GAG TGT GAA GAC AGA GAC CCG AGA CCC GTC TGT CGT GGT GAT AAT CTT GAA CTG TCT GAG CCA GCC AGA ACA TCA GGA AAC GGA GTC AGT ATT CTT GGA ACG GAC ACG AAG GCA AAC CCT TTT GAC AAT GAA CAT TTT AAT GGA CTC TGT AGT CGA GTT CGT GAT GGT AAC ACA AGA ACA TAT TAT CGC ACA CCA TGG AAT GTC GCA ACA CTG AAT TAT CAG ACG GTA GCT GAC AAG GCT TTT ACA TCA GAA ACT TTC ACT GAC ACT GTT TCT GTG GTG GAA AGT GTT TTG AAG GAG ACG ACA GAA AGC TTT GAG GCA TCG CTA TCC TTC AAG CTC ACA CCA ACT GAA CTA AGC AAA AAA GCC GGA GGA GGT GTC AGC GGC GTT AAA GAC GTT GCA GGA GAT AAG GGT GGT AAA GAG ATT AAA GAA GCT GGT GGT GGC GCA GAG ACT GAA GAA CCT GAT GCA GCG GGC GTT AGT GGC AAA CAA TTT ACA ATC GGT GGA GAG ATT GGA ATT GAG AAA ACC AAG AAA GAG AAA GTG ACT CAG CTC AAT GAG TAC AAA TTA GAC AAG AAT AAA AAA TTC CTG CAG ATA TCA GGA AAC ATA CAG CTG GCA AAA TTT CAG ATG CGT ACT CGG GGT TTT GTT GTC ACC CCA ACT TTT ATT GAT GAT GTG AAC AAC CTG CCA TTA TTT TAT GAC AAG GCA GAA CAT TTT GCC TTT TTG GAA ATG TAT GGC ACT CAT TAT GCA ACC TCT GGA AAC ATT GGT GGC AGA TAT AAG CTT GTC TAT GTA CTG GAT GAT ACC GTT ATG AAA ACT AAA GCC GTC ACT GAT ACA GAA GTG GAA GAA TGT CTC GGA TTC AAT CTT GGC TTA AGC GTA --- --- --- --- GAT GGT CCA GGA ATA GAA GCC AAC GCC AAA TTA AAA AGG CCA AAA TGT GAA AAA GTT ATT GGT CAT AAA GAG GCA ACA --- --- CCA GAT AAA GCA GGA ATC ATT CAC AAA GTC GTT TCT TTT GTT GAG GGA GGA GCA ACA GCT TTT ACC GCA AAA CTA AAT GCT AAA CTT GAG CAT GAT GAA AAA ATT --- GAC ATT AAT GAT TTT GTG GAA TGG GCT GAT TCC TTA GGA GAC AAT CCT GTG ATT TTA AAG TCT AAG ATA TCC CCA ATT TAT TCT CTG ATC CCA CTT GAT ATG AAA GAC TCG TAC AAC AAG AGT CAA CAC CTG CAA AAA GCC ATT CAT GAC TAC ATT GAG GAA TAC AGC ACA TGT AAA TGC CAG CCA TGT AGA AAT GGC GGT ACC TTG CTT GTG GTA GAC GGT GAA TGT TGG TGC AAG TGC CCA AAC TAC TAC GAG GGC GTG GCT TGC CAG ACA TCA AAG TCT CCC CTA TAT CCA TCC TCT --- GCA GCC ATC GAT GGA CAC TGG AGC TGC TGG AGT GAC TCA TCT TCC TGT AAA AAT GAA GAA AAG ACG CAG ACG CGT CAG TGC AAT AAC CCA CCC CCA CAG AAT GGC GGT AAG CCA TGT GCT GGA GAC AAG GAA AGG AAA ATC TTG TGC --- --- 
Rhinatrema_bivittatum           ATG CCC ACC ATC TAT GTA ATA CTG GGA CTG ATC TGT ACT TCT TGC ATA TTA GAA TGC TCT AGC TTT GCA AGC --- --- --- --- TCT AGT TCG GAT AAA GCT TTG AAC AGG CTG GCA AGA GAG ATT AAT GCT CCA TCT CCC ATA GAT TGT CAA CTA AGC CCA TGG AGT GAA TGG AGT GCC TGC GAC CCA TGC AAA CAA CAG AAG TAC CGA TCC AGA AGC ATT GAG CAA TTT GGG CAG TTT GCA GGA AGG CCA TGT CTT GAT TCT TTA GGA GAC ACA CAA CTC TGC AAA CCC AGC AAA GCT TGC GAA GAA GAA GAA ATT GAC TGT GGA GGA GAT TTT CAA TGT GAT ACA GGC CGG TGT ATA AAG AGC AGG CTT CTG TGC AAC AAT GAT AAT GAC TGT GGA GAT TTT TCT GAT GAA GTC TGC GAT GAT TCA GAT CCT AAA CCA CCC TGC CGC AAT TTG GAA ATT GAA TTG TCA GAG ATT GGA AGA ACT GCT GGA AAT GGT ATA AAC ATT TTG GGA ATG GAT ACA AGA AGT AAC CCT TTC GAC AAT GAA TAT TTT AAT GGT TTA TGC AAC CGA GTT CGT GAT GGC AAC ACA AGA ACA TAT TAC CGC ACG CCA TGG AAT TTA GCT ACT CTT GCT TAT CAG ACC AGA GTT GAT AAA TCT TTA ACA ACT GAG ATT TAT GAG GAT TCT ATG AAG TTA ATA ATC GAT ATT GCC AAA AAA CAT ACA GAA AAT TTT GAG ATT GAC CTG TCC GTT AAA ACC ATA CCG AAT TCA --- --- --- --- --- --- --- --- --- --- --- --- --- --- --- --- --- --- --- --- --- --- --- --- --- --- --- --- --- --- --- --- --- CAA GAA AGA TCT GTC CCT AAC GTA ACT GCC AAT --- --- --- --- --- --- --- TTG GGT TTC CAT TCA TCT AAA AAT GAA AGT TTA CAC AGT ATC AAA GAG TAT TCA AGG CAA CAG AAC AAG TCA TTT TTG AAA GTG AAT GGA CAA ATA CAG GTA GGG ACA TTT CAT ATG AGA AGT CGG GAT ATC ATG CTG ACA AGC ACT TTT ATT GAC GAC ATT AAA CAC CTT CCC CTT GAT TAT GAC AAG GGA GAA TAC TTT GGT TTT CTG GAA ACA TAT GGA ACA CAT TAC ACT GTC TCT GGA AGT GTA GGA GGA AAG TAT GAA CTC GTT TAT GTG TTG GAT CGC ATC GCC ATG CAA GCA AAA GAA ATG ACA TCA AGA GAA GTA ACA GAG TGT CTG GGA TTT AAT CTT AAT GTA CAG TTG --- --- --- --- ACA AAC GAA TTT GTG GAT ATT AAA GCT AAA GTT AAC AAC CCT AAG TGT GAT GAT CTG GGT TCT AGG ACA ACC GGT GAA --- --- AAC CCA CAG TCG GCA CTT ATT GAC AAA ATC ATC TCA TTT ATC GAT GGG GGG ACC ATA GCT TTT GCA ACT ACA CTG AAG GAA AAA ATG ACA AAG GAG TAT AAG GTG GTG GAT GTG AAT GAT TAT GTG CAG TGG GCC TCC TCT TTG GCA GAT GGC CCC GTG CTA ATA AAG CAG AAG CTA TCT CCA ATA TAC ACT CTC ATA CCC ATC AAG ATG AAA GAT GCA TAT GAA AAG AAG CAG CTT TTG GAA AGA GCA ATT GAG GAT TAC CTG GCC GAA TTC AGT TCA TGC AAG TGC CAG CCT TGT CAG AAC GGC GGC ACG GTG CTG CTG CTG GAT GGA GAG TGC TTG TGT AAA TGC ACC CAA CAT TAT GAA GGC ATT GCC TGC CAA ATT CTT AAG TCA GAG CTC TTC CAA AAT ACA AAT CCT GCT ATT GAT GGA AAA TGG GGA TGC TGG TCA GAC TGG TCT GCA TGT AAG GGT GGA GAG CGA ACA CAG ACT CGC CAG TGT AAC AAT CCT ATG CCG CAA AAC GGA GGC AAA TTG TGT GAA GGC GAA AGC ATC AGA AAA AGC ACT TGT --- --- 
Xenopus_tropicalis              ATG GAC CAC ATA CAC CTA ATA CTG GCA --- ATA ACT ACA CTG TGT --- --- --- --- --- GCT TTT GTC TCC --- --- GGG GAG CCA AGT TTT TCA CAG ACT CCC AAG CGG TTG CAG AGA GAA GTG AAT GCC CCA GCC CCC ATC GAT TGC CAG CTG AGC TCT TGG GGC AGT TGG AGT CGG TGC GAC CCT TGC ACC AAA CAT AGG TAT CGC TCT CGG AGT ATT GAG CGC TTT GGA CAG TAT GGT GGG GCA CCC TGT GTG AAT ACC CTG GGT GAC ATT CAG CGA TGT ATT CCT GAG GAG GAC TGT ATG GAA CCA CCA GTT TTC TGT GGA AAT GAT TTT GAG TGT GAA TCA GGA AGA TGC ATT AAG GCC AGG TTG CTG TGT AAC GGG GAT AAT GAC TGT GGA GAT TAC TCT GAT GAA ACC TGC GAT GAT AAA GAT CCA AAG CCC CCC TGT CGT AAC ATG GAA ATT GAA CTG TCA GAA ATT GCA AGA ACT GCG GGA GAT GGT CTG AAC ATC CTG GGT ATG AAA CCA AAA AGA AAT CCA TTT GAC AAT GAA TAT TTT AAT GGC ATT TGC GAT AGG GTG CGT GAT GGC AAA ACT --- --- TAT TTC AGA AAG CCA TGG AAT GTG GCA GCT CTT GTT TAT AAG ACC AGG GCT GAT AAA TCT TTT ACA ACC GAA ACA TAT CAT GAC GCC AAA TCA GTG ATG TCA AAG ATC ATC GAA GGG CTC ACA GTC AAC GTA GAT GCG TCC TTG TCG CTC AAA ATC ACC CCG ACG GAG --- --- --- --- --- --- --- --- --- --- --- --- --- --- --- --- --- --- --- --- --- --- --- --- --- --- --- --- --- --- --- --- --- CAG AAA AAC CTC ACG GTA GGC GCT AGT GCG GGA --- --- --- --- --- --- --- CTA GGA TAT --- --- TCC AAA AAC AAG AGC GTC CAG AGA CTC CGG CAG TAC TCA GAA ACC AAG GAT AAA ACA TAT ATG CGA GTG TCA GGG ACT GTG CAA CTG GCA TCG TTT CAG ATG AGA ACT CGG GGT GCC ATG CTT TCC CCT ACC TTC ATC GAG GAC ATC AAG AGT CTG CCC AGA GAT TAT GAT AAA GCA GAA TAT TTT TCC ATT TTG GAG ATG TAC GGC ACG CAT TAT ACA GTT TCT GGC ACA GTG GGA GGA AAA TAC GAC CTT GTC TAT GTG TTA GAT TCA ATC GTC ATG AAA TCT CTA GAT ATA ACA ACT GAA GAT GTG ACT GAC TGC CTG AAA CTT AAC GCA GGG GCG AAT ATA GGG GGA ACT GAA AAT GGG GCA AAA GTC GAT GTA AAT CCA AAC GTA AAA ACC GAC ATA TGT AAC AAA GGT GGT GGT GAA ACA GAA ACA GAA CCT AGA AGA ACC CAA AAG CCT GTA ATT GAG AGC ATC ATC TCT TTT GTT GAT GGA GGA TCT GTA GAA TAT GTA ACA GCT CTT GAA GAA AAA CTC AAT AAG AAA GAA CCT GTG GCT GAT GTT GAT GAT TAC ATT CAG TGG GCT TCA TCT TTA AAA GAT TCT CCT ACA GTG ATA AAC AGC AAA TCC AAT CCT ATT ATT TCT CTT ATT CCC ACC GAC ATA AAA GAT GCC TAC ATA AAG ACA CGG AAT CTG GAA AGA GCC ATT GAA GAA TAC CTT GAC GAG CAC AGT GTC TGC AAG TGC CAA CCT TGT CAA AAT GGA GGG AAG GTC ATG GTG ATT GAT GGA GAG TGT ATT TGT AAA TGC ACC CTA CAT TAT GAA GGC GTG GCG TGC CAG AAT ATA AAA TCT GAT TTG TTT TCA ACG CCA AAA CAA CCC ATT GAT GGT GGA TGG GGA TGC TGG ACC ATC TCA TCT AAT TGC GTT GAT GGA GAA ATG ATT GCG ACC CGC AAA TGC GAC AAC CCT GTT CCA CAA GAG GGT GGA AAA CCA TGT CAC GGG CAA CAG ACC AAA AAA ATC CCA TGT GAA AAA 



Printing out site pattern counts


         5       1680  P

Geotrypetes_seraphini            --- --- --- --- --- --- --- --- --- --- --- --- --- --- --- --- --- --- --- --- --- --- --- --- --- --- --- --- --- AAA AAA AAA AAA AAA AAA AAA AAA AAA AAA AAA AAA AAA AAA AAA AAA AAA AAA AAA AAA AAA AAA AAA AAA AAC AAC AAC AAC AAC AAC AAC AAC AAG AAG AAG AAG AAG AAG AAG AAG AAG AAG AAG AAG AAT AAT AAT AAT AAT AAT AAT AAT AAT AAT AAT AAT AAT AAT AAT AAT AAT AAT AAT AAT AAT ACA ACA ACA ACA ACA ACA ACA ACA ACA ACA ACA ACA ACA ACA ACA ACA ACA ACA ACA ACA ACC ACC ACC ACC ACC ACC ACG ACG ACT ACT ACT ACT ACT ACT ACT ACT ACT ACT ACT ACT ACT AGA AGA AGA AGA AGA AGA AGA AGA AGA AGA AGA AGA AGA AGA AGC AGC AGC AGC AGC AGC AGC AGC AGG AGG AGG AGT AGT AGT AGT AGT AGT AGT AGT AGT AGT AGT AGT ATA ATA ATA ATA ATA ATA ATA ATA ATA ATA ATA ATA ATA ATA ATA ATA ATA ATC ATC ATC ATC ATC ATC ATC ATC ATC ATG ATG ATG ATG ATG ATG ATG ATG ATT ATT ATT ATT ATT ATT ATT ATT ATT ATT ATT CAA CAA CAA CAA CAA CAA CAA CAA CAA CAA CAA CAA CAC CAC CAG CAG CAG CAG CAG CAG CAG CAG CAG CAG CAT CAT CAT CAT CCA CCA CCA CCA CCA CCA CCA CCA CCA CCA CCA CCA CCC CCC CCG CCT CCT CCT CCT CCT CCT CCT CCT CCT CCT CCT CCT CGA CGA CGC CGC CGC CGT CGT CGT CGT CTA CTA CTA CTA CTA CTA CTA CTA CTA CTC CTC CTC CTC CTC CTG CTG CTG CTG CTG CTG CTG CTG CTG CTT CTT CTT CTT CTT CTT CTT GAA GAA GAA GAA GAA GAA GAA GAA GAA GAA GAA GAA GAA GAA GAA GAA GAA GAA GAA GAA GAA GAA GAA GAA GAA GAA GAA GAA GAC GAC GAC GAC GAC GAC GAC GAC GAC GAC GAC GAC GAC GAG GAG GAG GAG GAG GAG GAG GAG GAG GAG GAT GAT GAT GAT GAT GAT GAT GAT GAT GAT GAT GAT GAT GAT GAT GCA GCA GCA GCA GCA GCA GCA GCA GCC GCC GCC GCC GCC GCG GCG GCG GCT GCT GCT GCT GCT GCT GCT GCT GCT GGA GGA GGA GGA GGA GGA GGA GGA GGA GGA GGA GGA GGA GGA GGA GGA GGA GGA GGA GGA GGA GGC GGC GGC GGC GGG GGG GGG GGT GGT GGT GGT GGT GGT GGT GTA GTA GTA GTA GTA GTA GTC GTC GTC GTC GTC GTC GTC GTG GTG GTG GTG GTG GTG GTG GTT GTT GTT GTT GTT GTT TAC TAC TAC TAC TAC TAC TAT TAT TAT TAT TAT TAT TAT TAT TAT TAT TCA TCA TCA TCA TCA TCA TCA TCA TCA TCA TCA TCA TCC TCC TCC TCG TCT TCT TCT TCT TCT TCT TCT TCT TCT TCT TGC TGC TGC TGC TGC TGC TGC TGC TGC TGC TGG TGT TGT TGT TGT TGT TGT TGT TTA TTA TTA TTA TTC TTC TTC TTC TTC TTC TTG TTG TTG TTG TTG TTG TTG TTG TTG TTG TTG TTT TTT TTT TTT TTT TTT TTT TTT TTT TTT TTT TTT TTT TTT TTT TTT
Microcaecilia_unicolor           --- --- --- --- --- --- --- --- --- --- --- --- --- --- --- --- --- --- --- --- --- --- --- --- --- --- --- --- --- AAA AAA AAA AAA AAA AAA AAA AAA AAA AAA AAA AAA AAA AAA AAA AAA AAC AAG AAG AAG AAT ATA CAA GAA AAC AAC AAC AAC AAC AAC AAT AAT AAA AAA AAG AAG AAG AAG AAG AAG AAG AAG AAG CAG AAC AAC AAC AAC AAG AAT AAT AAT AAT AAT AAT AAT AAT AAT AAT AAT AAT AAT AAT AAT GAC ACA ACA ACA ACA ACA ACA ACA ACA ACA ACA ACA ACA ACA ACA ACA ACC ACG ACG AGA GCG ACC ACC ACC ACC ACC TCC ACA ACA ACC ACT ACT ACT ACT ACT ACT ACT ACT ACT ATT ATT TCA AAA AAA AGA AGA AGA AGA AGA AGA AGA AGA AGA AGA AGC AGG AAA AGA AGC AGC AGC AGC AGT AGT AGG AGG CGG AAT AGC AGT AGT AGT AGT AGT AGT AGT AGT ATT CTT ACA ATA ATA ATA ATA ATA ATA ATA ATA ATA ATA ATA ATA ATA ATC ATC TTA AGC ATC ATC ATC ATC ATG ATT GTC GTC ATG ATG ATG ATG ATG ATG ATG TTG ATT ATT ATT ATT ATT ATT ATT ATT ATT GTT GTT CAA CAA CAA CAA CAA CAA CAA CAA CAG CAG CGA CGA CAC CAT CAG CAG CAG CAG CAG CAG CAG CAG CAG CAG CAA CAT CAT CAT CAC CCA CCA CCA CCA CCA CCA CCA CCA CCA CCG TCA CCC CTT CAG CCC CCC CCT CCT CCT CCT CCT CCT CCT CCT CCT TCT CGA CGA CGC CGT CGT CAT CAT CGC CGT CTA CTA CTA CTA CTG CTG TTA TTA TTG ATC CTC CTC CTC GTC CTG CTG CTG CTG CTG CTG CTG CTG TTG CTC CTT CTT CTT CTT CTT TTT AAA GAA GAA GAA GAA GAA GAA GAA GAA GAA GAA GAA GAA GAA GAA GAA GAA GAA GAA GAA GAA GAA GAA GAA GAC GAC GAG GAG GAC GAC GAC GAC GAC GAC GAC GAG GAT GAT GAT GAT GGC GAA GAA GAC GAC GAG GAG GAG GAG GAG GAG GAC GAC GAT GAT GAT GAT GAT GAT GAT GAT GAT GAT GAT GAT GAT GCA GCA GCA GCA GCA GCA TCA TCA GCC GCC GCC GCT TCC GCA GCA GCG ACT CAG CCT GCT GCT GCT GCT GCT GTT GGA GGA GGA GGA GGA GGA GGA GGA GGA GGA GGA GGA GGA GGA GGA GGA GGA GGG GGG GGG GGG GGC GGC GGC GGT GGG GGG GGG GGC GGT GGT GGT GGT GGT GGT ATA GCA GTA GTA GTA GTG ATC ATT GTC GTC GTT GTT TGC GTA GTG GTG GTG GTG GTG GTT CTG GCT GTT GTT GTT GTT TAC TAC TAC TAT TAT TAT TAC TAT TAT TAT TAT TAT TAT TAT TAT TTT ACA ACA ACA TCA TCA TCA TCA TCA TCA TCA TCG TGG TCC TCC TCC TCA TCT TCT TCT TCT TCT TCT TCT TCT TCT TCT TGC TGC TGC TGC TGC TGT TGT TGT TGT TGT TGG TGT TGT TGT TGT TGT TGT TGT CTA TCA TTA TTA TTC TTC TTC TTC TTC TTT ATA ATG TTA TTA TTA TTC TTG TTG TTG TTG TTG CTT GCT TAT TCT TCT TTA TTC TTG TTT TTT TTT TTT TTT TTT TTT TTT
Rana_temporaria                  --- --- --- --- --- --- --- AAA AAG ACA ACT AGC ATC ATT CAA CTA GAA GAC GAG GAT GCA GCC GCT GGA GGC GGT GTC GTT TTT --- AAA AAA AAA AAA AAA AAA AAA AAC AAG ACA AGA AGT CAA CAG CAT GAT AAA AGA GAG GGC GTT AAG AAC AAA AAC AAC AAT AAT AGT AAC TCC AAA CAG AAA AAG AAG AAG AAG AAT ACA AGG GAT --- AAT GAC GAT GGC GAT --- AAA AAA AAC AAC AAT AAT AAT AAT AAT ACT AGG GAA GGA GGT GAC AAA AAA AAC ACA ACA ACA ACG ACG ACG ACT ACT AGA GAT GTC GTC AAA ACC GAT CCA TCC ACT CTC GAG GCA GCA AGC ACC GTT GAG ACA ACA ACA AGT ATG GAG GCA GCT TCA CAG GTT TCT AAC ACA AAA AAG AGA AGA AGA AGG CAC CGA CGT GTA GGA CGG CCA CGG AAA AGT CCA GAC ACG GCT --- AGG TCT AAG GCC ACG ACT ACT AGC AGC GCA GGC TCA AAA CAG CAT ACA ACA ACA ATA ATA ATC ATT ATT CCT CTT GTA GTC GTG AAA ATC GTG ATC GAA GTC GTC GTT GTT CTC CTC TTG ACG ATC ATG ATG GAT GTT GTT CTG ATA ATC ATT ATT ATT CCA GTG TTA TTC GTT TTA AAA AAC ACA CAA CAG CAG CCA TCC --- AAA AAG CCT ACT CAT AGA AGC CAA CAG CAG CAG CAG CAG CAG CTG GAC AAT GAG TAC CCA ATA CCA CCA CCA CCA CCA CCC CCT GAT CCA TCT CCA GCT CCT CCA CCA CCA CCA CCG CCT CTT GCA GCC TCC TTG GCG AAG CGC CGT CGC CGT CTT TTA CGG CGT CTG CTG TAT TTG ATT TTG CTC GTT CTT CTA CTT GAG TTT GTT AAC CTA CTA CTC CTG CTT GTC GTG CTG AAG CTG CTG CTT GCT TCA GTG CCA AAA AAA AAC AAG ACA CAA CAA CAT CCC GAA GAA GAA GAA GAA GAA GAA GAA GAG GAG GAG GAT GTA GTG GAC TTT GAG GCT --- AGT CAC GAC GAC GAC GAT AGT AGC GAA GAT GAT TCG AAT GAA GAC GGT AAA ACT GAA GAG GAG GAG GAT GCC --- AAC AAT GAA GAA GAA GAC GAC GAC GAC GAT GCT GGT ACC ACT CCC CCT GCC TTG AAA TCA AAT ACC GCT GCT ACC TCA TCG GGA ACC TCT ACT GCA GCC GCT GGC TCC GCA AGC GAA GCA GCC GGA GGA GGA GGA GGA GGA GGC GGC GGC GGC GGC GGG GGT GCA GGA GGA GGT GGA GGC GGT GGA GGA GGC GGT GGT AAT ATT GCA GGA GGC GGT GTC TTA ATT GTG TTA GTA AGG GTC ACG GCC --- ATC GTA GTG ACA ATA ATT GTA GTG CTT CTC GTG --- AAT CTG GTG TAC TAT TAT TAT TTC TTT CAT CAT GAA TAC TAT TAT TAT TCT TTT TAC AAT GAA GGA AAA AAA GAA GGC TCC TCT TCT GCA TCA ACT CAA TCT AGT AGG CCA GAA GAG GAT GCT GGT TCC TCG TCT TGC TGC TGT TGT TGT TGC TGC TGC TGT TGT TGG TGC TGC TGC TGT TGT TGT TGT GTA TCG ATT GTG CTA TAC TTT TTT TTT ATT ATT ATG CTG TGG TTA TTA --- ATG CTG CTG CTT CAC GCA TTC AAT TTT TTT TTT --- TAC TTC TTC TTC TTT TTT TTT TTT
Rhinatrema_bivittatum            --- --- --- --- --- --- --- --- --- --- --- --- --- --- --- --- --- --- --- --- --- --- --- --- --- --- --- --- --- AAA AAA AAA AAA AAG AAG AGG CAA AAA AAA ACG AAA AAG CAA AAA AAG AGC AAG AAG AAA AAC GTA AAA --- AAC AAC AAC AAC AAC AAC CAC AAT AAA CAA AAG AAG AAG AAG CAG AAA AAA AAG AAG --- AAT GAT CGC AAT TCT AAT AAT AAT AAC AAT AAC AAC AAT AAT AAT AAT AAC CAG TTT AAT GAT ACA ACA AGT AAA ACA ACA ACA ACA ACC ACA ACA TCA TCA CCC TTA ACA ACG ACA GCA CCA ATT ACC GCC ACC ACC AAT ACA AAT ACC ACT ACT ATT ACT ACA GCC ACT GCT ACT AGT GCC AAG AAA AGA AGA AGA AGA AGA CGG AGA AAA CGA AGA AGA TCT AGA AAC CTC AGT AGC AGC GAC ACT AGC AGG AGG CAG AGC GGT CAT AGT AGT AGC AGT AGT AGT AAT AAG CAT AGG ATA ATA ATA ATA ATA ATA CTA GTG ATC ATG ATA ATG ATA AAA ATC TTA AGC ATC ATA ATC ATC ATT ATC ATA GCC ATG CTT ATG ATG TTG ATG ATG TTG GTG ATT ATA ATT ATT ATT ATT ATA GTT GTT CTT CAA CAA ACA CAG CAA CAG CAA GCA --- CAG CGA AGA CAC CAT CAG CAG CAG CAA CAG CAG CAG CAG CAG CAA CAA AAT CAT TAT TTG CTA CCA CCA CCC CCG CCG CCA CCC CCA ACC ACA CCC CCC CCA CCC CCT CCT CCT CCT CCT GCT CCT GCT CCC ACT CCT CAA CGA CGC CGC CGC TAT AGG CGG CGT CTC GTA TTC TTA CTG CTG CTG CTG TTG CTC CTC GTC ATC ATC CAA CTG CTG CTG CTG CTG CTG CTG TTG CTG CTT CTT CTT GTT CTT CTT GAA GAA GAA GAA GAA GAA GAA GAA GAG GAG CAA GAA GAA GAA GAA GAA GAG GAT GAA GAA GAT GAG GAA GAA GAA GAT GAG GAA GAT GAT GAC GAC GAC GAC AGC AAC GAT GAT GAC GAC GAC AAG GAG GAT AAC GAT GAG GAG GAG GAG GAG GAT GAA AAC AAT GAA GAC GAT GAT GAT GAT GAT GAT GAT GAA GAT GCA GCA ATG GTA GCA GTG TCA TCG GGC GTC GCT GCC TCT GCT GCA GCA ATC ACT ACT GCT GCT GCC GCC TCT GTC GGA GGA GGA GGA GGA GGA GGA GGA GGA GGC GCA GGA GGA GGA GGG GGA GGA GGG GGA GGG GGA GGT GGC GGC GGT GGG GGA GGC GGC GGT GGT GGT GGT GGC GGC ACA GTA GTA GTA GTT GTG GGA GTT ATT ATT GTG ATT GCA GTG TCA GTG GTG CTG GTG ATC TTA ACT GCT GCT CTT ATT TAC TAC TAC TAT TAT TTT TAC TAT TAT CAT TAC TAT TAT TGT TAT TAT ACA ATC GCA TCA TCA TCA --- TCT TCA TCA TCG TGG TCT TCT TCC TCA AGT TCT ACA ACA TCC TCT TCT TCC TTT TCT TGC TGT TGC TGC TGT TGC TGC TGT TGC TGT TGG TGC TGT TGT TGC TGC TGT TGT TTG AGC ATT TTA TCT TTC TTA TTT TTT TTC TTG ATG TTG TTG TTA TTG TTG ATG CTA TTG ATT CTT ATT TTT TCT TTT TTT TTT CTG TAT TTT TTT TTT TTC TTT TTT TTT
Xenopus_tropicalis               AAA ACT AGA CCT GAA GGA GGG --- --- --- --- --- --- --- --- --- --- --- --- --- --- --- --- --- --- --- --- --- --- CAG AAA AGC CTA ATA CCT GCA AAA AAT AAA AAG AAG ACA CAG CGA AAG GCC AAA AAA GGG GGC GCT GAA GAG AAA AAC AAT GAC GAT AAC AGT ACG ATT GAG AAG AAA AAC AAG AAG CGG GAG AGG GAC --- AAT GAT TCA GGG CTC AAA AAC GGA AAA AAC AAT GAG AAC AAT GAT ACG ACC CAG AAA AAC GAT ACA TCG ACA ACC ACA ACT ATT CCA ACC ACA ACG AAA ACT CCC GTG GCT AAG AAT CAG TCT ACA ATC CGG CAC TCT AAC TCC GGG GAA ACT GCT AAT AGT ATG GAC ACA GAA ACC AGA GTC TCA AAG GAA AGA AAA --- AGA AGA AAA GGA AGG AGA AGG CCA CGG AGA CGA AGC AGT CCT ATC ACC GCT CGG AGG AGC CAG TCC CTC ACT AGT AGC AGT AGA GGC TCA GTT CAG GAA --- ACC GTA ATT GTG ATT GTG GTG ATA CTC ATC ATA ATG AAC ATA GTC ATC ACC CTG ATC ATC ATC CTC ATA ATC ATG GTA ATA ATG ATG AAA ATG CTG GTC GTT ATT ATC ATT ATT GTG ATA CTC GTG AGA AAA ACT --- CAT CAA CAA TCA AAT --- CAA ATG AAC CAG CAT CAA AAT CGG CAG AAA AAG CAA CAG GCG CAG ACC AAT --- TAC CCA TCC CCA CCT CCC CCA CCG CCC CCT ACC ACC CCA CCC GAC CCC CCC CCT CCT GAC CCA CCA GAC CAA CCC CCT CCA GTA CGC CGC CGT AGA CGC CAC GAA CGG CGT CTT CTG TTT --- CTT TTG --- GGT CTG TTG CTT ACC GCC GTT CTA CTT TTG CTG CTG ATG CTT GTG TTA CTG CTG TTG GCA GCT ATA GTG GCA AGT CCA ATA GAC GAA --- GAA GAA GAT CAG AAA GAA GAG GAT GTC GAC GAT AAG GAA GAT AAA CCA ATG CAA GAT CAG GAA TCA AAG GAG GAC GAT TTC GAG GAT AAT AAC GAC GAG TCC GAA GAG GAT GGG AAA CAT GAA GAA GAG GAT GAT GAT AAG GAT GAA GAC GAA GAT AAA GAA GAC GAT GAT CAC GGT GTA TCT GTT CTA GCC GTC ACA TTT TCT GTT GCC GCT TCC GCG GCC CCT ATC TCT ACC GCA CCA GCG GCG AAT ACG GGA GGA GCA GCA AAA GCA GGA GGG GGT GGG GGT GGA GGC GGT GGA GGA GGA GCA GGC GGA GGA GGC GGC GGA GGA GGA GGG GGC GGG GAT GGT ACA GGT GGA GGA ATT GCG GTG GTG GTA GTG AAT GTC GTG GTA GCT ATT GTC ATT GTC GTG GTT ATT ACA ACC ATT ACA ACT GTT CTT ATC TAC TAT TTC TAT TAT TAT TAT TAT GAA CAT ATT TAC TAT ACT TAC TAC TCA TCA AAA --- TCA GAG GGG TCT TCA TCT AAG TCA GCC --- TCT ACC AGT GCC ACT AAT TCA TCT GGT TCG TTT TCT TGC TGT TGC TGT TGT TGC TGT TGT --- TGT TGG TGC TGC TGT TGC TGT TGC TGT ATA TCC ATC GTG CTG CAC TTT TTC TTT TAT CTA ATG ATG ATT CTG TTA CCC ATG CTG CTG ATT AAT GCG CTT ACC GTA TTT TTT TTG TAT TAC TAT TTT TTT ATT TAT TTT



    1    1    1    1    2    1    1    5    1    1    1    2    1    1    1
    1    1    1    3    1    2    1    1    4    2    6    1    2    1    1
    3    1    1    1    1    1    1    1    5    1    1    1    1    1    1
    1    1    1    1    1    1    1    1    1    1    1    1    1    1    1
    1    1    1    1    3    1    2    1    1    1    1    1    1    1    1
    1    1    1    1    1    1    1    1    1    1    1    3    1    1    1
    1    1    1    1    1    1    1    1    2    1    1    1    1    1    1
    1    1    1    1    1    1    1    1    1    1    1    1    1    1    1
    1    1    1    1    1    1    1    1    1    2    1    1    1    1    1
    1    1    1    1    1    2    1    1    1    1    1    1    1    1    1
    1    1    1    1    1    1    1    1    1    1    1    1    1    1    1
    1    1    1    1    1    1    1    1    1    1    1    1    1    1    1
    1    1    1    1    1    1    1    1    1    1    1    1    1    1    1
    1    1    1    1    1    1    1    1    1    1    1    1    1    1    1
    3    1    1    1    1    1    1    1    1    1    1    1    1    1    1
    1    1    1    1    1    1    1    1    1    1    1    1    1    1    1
    1    1    1    1    1    1    1    2    2    1    1    1    1    1    1
    1    1    1    1    1    1    1    1    1    1    1    1    1    1    1
    1    1    1    1    1    1    1    1    1    1    1    1    1    1    1
    1    1    1    1    1    1    1    1    1    1    1    1    1    1    1
    1    1    1    1    1    1    1    1    1    1    1    1    1    1    1
    1    1    1    1    1    1    1    1    4    2    1    1    1    1    1
    2    1    1    1    1    1    1    1    1    1    1    1    3    1    1
    1    1    1    1    1    1    1    1    1    1    1    1    1    3    1
    1    1    1    1    1    1    1    1    1    1    1    1    1    5    7
    1    1    1    1    1    1    1    1    1    1    1    1    1    1    1
    1    1    1    1    1    1    1    1    1    1    1    1    1    1    1
    1    1    1    2    1    3    1    1    1    1    1    1    1    1    1
    1    1    1    1    1    1    1    1    1    1    1    1    1    1    1
    1    1    1    1    1    1    1    1    1    1    1    1    1    1    1
    1    1    1    1    1    1    1    1    1    1    1    1    1    1    2
    1    1    1    1    1    1    1    1    1    2    3    1    1    1    1
    1    1    1    1    1    1    1    1    2    1    1    1    1    1    1
    1    1    1    1    1    1    1    1    1    3    2    1    4    4    2
    1    1    1    1    1    6    1    2    1    1    1    3    3    1    1
    1    1    1    1    1    1    1    1    1    1    1    1    1    1    1
    1    1    1    1    1    1    1    1    1    1    1    1    1    1    1
    1    1    1    1    2

CODONML (in paml version 4.9j, October 2019)  Amphibia_C9.aln
Model: One dN/dS ratio, 
Codon frequency model: F3x4
Site-class models: 
ns =   5  ls = 645

Codon usage in sequences
----------------------------------------------------------------------------------------------------------------------
Phe TTT  17  12  16  16  11 | Ser TCT  12  15  12  15  13 | Tyr TAT  13  15  11  14  14 | Cys TGT  12  17  20  15  15
    TTC   6   7   6   4   3 |     TCC   3   5   7   3   6 |     TAC   7   5   6   6   7 |     TGC  18  14  10  16  14
Leu TTA   4   9   7   7   2 |     TCA  13  14   6  11  11 | *** TAA   0   0   0   0   0 | *** TGA   0   0   0   0   0
    TTG  11   9   5  12   5 |     TCG   1   1   4   2   2 |     TAG   0   0   0   0   0 | Trp TGG   6   7   7   7   6
----------------------------------------------------------------------------------------------------------------------
Leu CTT   7   8   9   9   7 | Pro CCT  12  10   6   7  10 | His CAT   4   6   6   5   4 | Arg CGT   4   3   4   1   2
    CTC   5   4   6   4   5 |     CCC   2   3   3   7   8 |     CAC   2   2   3   2   4 |     CGC   3   2   2   4   3
    CTA   9   5   5   3   4 |     CCA  14  11  21   8  13 | Gln CAA  12  10   7  13   7 |     CGA   2   4   1   3   2
    CTG   9  11  12  14  12 |     CCG   1   1   1   2   1 |     CAG  10  15  12  14  12 |     CGG   0   1   3   2   6
----------------------------------------------------------------------------------------------------------------------
Ile ATT  13  16  15  17  18 | Thr ACT  14  11  12  11   9 | Asn AAT  23  21  19  19  17 | Ser AGT  12  10   7   9   7
    ATC   9   8   7  11  12 |     ACC   6   7   6   6  15 |     AAC   8  11  13  15  11 |     AGC   8   7   8   9   4
    ATA  17  16   5  12  10 |     ACA  21  22  17  19  13 | Lys AAA  30  28  35  23  31 | Arg AGA  15  13   8  11  11
Met ATG   8   9   5  10  12 |     ACG   2   2   7   2   4 |     AAG  15  16  20  18  14 |     AGG   3   3   6   5   4
----------------------------------------------------------------------------------------------------------------------
Val GTT   6  10  12   5   7 | Ala GCT   9   8  11   9   7 | Asp GAT  25  27  22  30  30 | Gly GGT   7   7  16   7  10
    GTC   7   5   9   3   8 |     GCC   5   3   8   7   7 |     GAC  15  16  20  11  14 |     GGC   4   5  15   8   7
    GTA   6   4   7   6   7 |     GCA   8   9  15  10   8 | Glu GAA  33  31  28  27  27 |     GGA  24  20  23  21  18
    GTG   7   6  12   9  14 |     GCG   3   2   1   0   6 |     GAG  12  11  18  13  12 |     GGG   3   7   1   4  10
----------------------------------------------------------------------------------------------------------------------

Codon position x base (3x4) table for each sequence.

#1: Geotrypetes_seraphini
position  1:    T:0.20603    C:0.16080    A:0.34171    G:0.29146
position  2:    T:0.23618    C:0.21106    A:0.35008    G:0.20268
position  3:    T:0.31826    C:0.18090    A:0.34841    G:0.15243
Average         T:0.25349    C:0.18425    A:0.34673    G:0.21552

#2: Microcaecilia_unicolor
position  1:    T:0.21776    C:0.16080    A:0.33501    G:0.28643
position  2:    T:0.23283    C:0.20771    A:0.35846    G:0.20101
position  3:    T:0.32831    C:0.17420    A:0.32831    G:0.16918
Average         T:0.25963    C:0.18090    A:0.34059    G:0.21887

#3: Rana_temporaria
position  1:    T:0.18690    C:0.16134    A:0.30351    G:0.34824
position  2:    T:0.22045    C:0.21885    A:0.35144    G:0.20927
position  3:    T:0.31629    C:0.20607    A:0.29553    G:0.18211
Average         T:0.24121    C:0.19542    A:0.31683    G:0.24654

#4: Rhinatrema_bivittatum
position  1:    T:0.21585    C:0.16526    A:0.33221    G:0.28668
position  2:    T:0.23946    C:0.20067    A:0.35413    G:0.20573
position  3:    T:0.31872    C:0.19562    A:0.29342    G:0.19224
Average         T:0.25801    C:0.18718    A:0.32659    G:0.22822

#5: Xenopus_tropicalis
position  1:    T:0.18381    C:0.16863    A:0.32378    G:0.32378
position  2:    T:0.23103    C:0.22428    A:0.34401    G:0.20067
position  3:    T:0.30523    C:0.21585    A:0.27656    G:0.20236
Average         T:0.24002    C:0.20292    A:0.31478    G:0.24227

Sums of codon usage counts
------------------------------------------------------------------------------
Phe F TTT      72 | Ser S TCT      67 | Tyr Y TAT      67 | Cys C TGT      79
      TTC      26 |       TCC      24 |       TAC      31 |       TGC      72
Leu L TTA      29 |       TCA      55 | *** * TAA       0 | *** * TGA       0
      TTG      42 |       TCG      10 |       TAG       0 | Trp W TGG      33
------------------------------------------------------------------------------
Leu L CTT      40 | Pro P CCT      45 | His H CAT      25 | Arg R CGT      14
      CTC      24 |       CCC      23 |       CAC      13 |       CGC      14
      CTA      26 |       CCA      67 | Gln Q CAA      49 |       CGA      12
      CTG      58 |       CCG       6 |       CAG      63 |       CGG      12
------------------------------------------------------------------------------
Ile I ATT      79 | Thr T ACT      57 | Asn N AAT      99 | Ser S AGT      45
      ATC      47 |       ACC      40 |       AAC      58 |       AGC      36
      ATA      60 |       ACA      92 | Lys K AAA     147 | Arg R AGA      58
Met M ATG      44 |       ACG      17 |       AAG      83 |       AGG      21
------------------------------------------------------------------------------
Val V GTT      40 | Ala A GCT      44 | Asp D GAT     134 | Gly G GGT      47
      GTC      32 |       GCC      30 |       GAC      76 |       GGC      39
      GTA      30 |       GCA      50 | Glu E GAA     146 |       GGA     106
      GTG      48 |       GCG      12 |       GAG      66 |       GGG      25
------------------------------------------------------------------------------

(Ambiguity data are not used in the counts.)


Codon position x base (3x4) table, overall

position  1:    T:0.20193    C:0.16334    A:0.32701    G:0.30772
position  2:    T:0.23187    C:0.21257    A:0.35163    G:0.20393
position  3:    T:0.31737    C:0.19461    A:0.30838    G:0.17964
Average         T:0.25039    C:0.19018    A:0.32901    G:0.23043

Codon frequencies under model, for use in evolver (TTT TTC TTA TTG ... GGG):
  0.01559803  0.00956483  0.01515658  0.00882908
  0.01430006  0.00876891  0.01389534  0.00809437
  0.02365441  0.01450506  0.00000000  0.00000000
  0.01371821  0.00841211  0.00000000  0.00776503
  0.01261719  0.00773696  0.01226010  0.00714181
  0.01156727  0.00709313  0.01123989  0.00654751
  0.01913396  0.01173309  0.01859243  0.01083054
  0.01109661  0.00680453  0.01078256  0.00628110
  0.02526008  0.01548967  0.02454517  0.01429816
  0.02315809  0.01420072  0.02250267  0.01310835
  0.03830689  0.02349007  0.03722273  0.02168314
  0.02221582  0.01362291  0.02158707  0.01257499
  0.02376966  0.01457573  0.02309693  0.01345452
  0.02179169  0.01336283  0.02117495  0.01233492
  0.03604667  0.02210409  0.03502648  0.02040377
  0.02090502  0.01281912  0.02031337  0.01183303


Model 7: beta (10 categories)


TREE #  1:  (3, 5, (4, (1, 2)));   MP score: -1
lnL(ntime:  0  np:  3):  -8293.218369      +0.000000
 2.339208 0.222539 99.000000

tree length = 1132.616545

(3: 203.552027, 5: 203.552027, (4: 173.655217, (1: 109.252780, 2: 109.252780): 64.402437): 268.949277);

(Rana_temporaria: 203.552027, Xenopus_tropicalis: 203.552027, (Rhinatrema_bivittatum: 173.655217, (Geotrypetes_seraphini: 109.252780, Microcaecilia_unicolor: 109.252780): 64.402437): 268.949277);

Detailed output identifying parameters

kappa (ts/tv) =  2.33921

Parameters in M7 (beta):
 p =   0.22254  q =  99.00000


MLEs of dN/dS (w) for site classes (K=10)

p:   0.10000  0.10000  0.10000  0.10000  0.10000  0.10000  0.10000  0.10000  0.10000  0.10000
w:   0.00000  0.00000  0.00001  0.00006  0.00019  0.00048  0.00105  0.00218  0.00453  0.01123

dN & dS for each branch

 branch          t       N       S   dN/dS      dN      dS  N*dN  S*dS

   6..3     203.552   1464.6    470.4   0.0020   0.5475 277.3833  801.8 130489.3
   6..5     203.552   1464.6    470.4   0.0020   0.5475 277.3833  801.8 130489.3
   6..7     268.949   1464.6    470.4   0.0020   0.7234 366.5011 1059.4 172412.9
   7..4     173.655   1464.6    470.4   0.0020   0.4671 236.6425  684.0 111323.6
   7..8      64.402   1464.6    470.4   0.0020   0.1732  87.7621  253.7 41285.9
   8..1     109.253   1464.6    470.4   0.0020   0.2938 148.8803  430.3 70037.7
   8..2     109.253   1464.6    470.4   0.0020   0.2938 148.8803  430.3 70037.7


Time used:  0:11


Model 8: beta&w>1 (11 categories)


TREE #  1:  (3, 5, (4, (1, 2)));   MP score: -1
lnL(ntime:  0  np:  5):  -7764.411926      +0.000000
 1.736348 0.855171 0.788107 2.841587 999.000000

tree length = 1132.616545

(3: 203.552027, 5: 203.552027, (4: 173.655217, (1: 109.252780, 2: 109.252780): 64.402437): 268.949277);

(Rana_temporaria: 203.552027, Xenopus_tropicalis: 203.552027, (Rhinatrema_bivittatum: 173.655217, (Geotrypetes_seraphini: 109.252780, Microcaecilia_unicolor: 109.252780): 64.402437): 268.949277);

Detailed output identifying parameters

kappa (ts/tv) =  1.73635

Parameters in M8 (beta&w>1):
  p0 =   0.85517  p =   0.78811 q =   2.84159
 (p1 =   0.14483) w = 999.00000


MLEs of dN/dS (w) for site classes (K=11)

p:   0.08552  0.08552  0.08552  0.08552  0.08552  0.08552  0.08552  0.08552  0.08552  0.08552  0.14483
w:   0.00747  0.03086  0.06089  0.09692  0.13950  0.18998  0.25096  0.32747  0.43135  0.60738 999.00000

dN & dS for each branch

 branch          t       N       S   dN/dS      dN      dS  N*dN  S*dS

   6..3     203.552   1487.8    447.2 144.8672  88.0625   0.6079 131019.2  271.8
   6..5     203.552   1487.8    447.2 144.8672  88.0625   0.6079 131019.2  271.8
   6..7     268.949   1487.8    447.2 144.8672 116.3553   0.8032 173113.1  359.2
   7..4     173.655   1487.8    447.2 144.8672  75.1283   0.5186 111775.7  231.9
   7..8      64.402   1487.8    447.2 144.8672  27.8624   0.1923 41453.6   86.0
   8..1     109.253   1487.8    447.2 144.8672  47.2659   0.3263 70322.1  145.9
   8..2     109.253   1487.8    447.2 144.8672  47.2659   0.3263 70322.1  145.9


Naive Empirical Bayes (NEB) analysis
Positively selected sites (*: P>95%; **: P>99%)
(amino acids refer to 1st sequence: Geotrypetes_seraphini)

            Pr(w>1)     post mean +- SE for w

    29 R      0.942         941.315
   110 V      0.690         689.585
   232 S      0.663         662.469
   238 S      0.579         578.315
   291 N      0.934         933.210
   324 R      0.912         911.224
   400 N      0.925         924.353
   451 I      0.534         533.251
   458 S      0.590         589.777
   514 R      0.534         534.066
   521 A      0.546         545.838
   609 Q      0.581         580.195
   611 S      0.614         613.567
   625 A      0.516         515.506


Bayes Empirical Bayes (BEB) analysis (Yang, Wong & Nielsen 2005. Mol. Biol. Evol. 22:1107-1118)
Positively selected sites (*: P>95%; **: P>99%)
(amino acids refer to 1st sequence: Geotrypetes_seraphini)

            Pr(w>1)     post mean +- SE for w

    29 R      0.667         1.232 +- 0.401
   291 N      0.610         1.179 +- 0.424
   324 R      0.670         1.231 +- 0.406
   400 N      0.550         1.118 +- 0.448



The grid 

p0:   0.050  0.150  0.250  0.350  0.450  0.550  0.650  0.750  0.850  0.950
p :   0.100  0.300  0.500  0.700  0.900  1.100  1.300  1.500  1.700  1.900
q :   0.100  0.300  0.500  0.700  0.900  1.100  1.300  1.500  1.700  1.900
ws:   1.500  2.500  3.500  4.500  5.500  6.500  7.500  8.500  9.500 10.500


Posterior on the grid

p0:   0.000  0.000  0.000  0.000  0.000  0.000  0.000  0.000  0.000  1.000
p :   0.000  0.001  0.999  0.000  0.000  0.000  0.000  0.000  0.000  0.000
q :   0.000  0.000  0.000  0.000  0.000  0.001  0.000  0.027  0.362  0.610
ws:   0.997  0.003  0.000  0.000  0.000  0.000  0.000  0.000  0.000  0.000

Time used:  1:03
