BLASTN 2.2.31+


Reference: Stephen F. Altschul, Thomas L. Madden, Alejandro A.
Schaffer, Jinghui Zhang, Zheng Zhang, Webb Miller, and David J.
Lipman (1997), "Gapped BLAST and PSI-BLAST: a new generation of
protein database search programs", Nucleic Acids Res. 25:3389-3402.



Database: DRR228555_56_57.fa
           658,570,536 sequences; 96,185,443,664 total letters



Query= exon1

Length=167


***** No hits found *****



Lambda      K        H
   0.634    0.408    0.912 

Gapped
Lambda      K        H
   0.625    0.410    0.780 

Effective search space used: 9653882687328


Query= exon2

Length=181


***** No hits found *****



Lambda      K        H
   0.634    0.408    0.912 

Gapped
Lambda      K        H
   0.625    0.410    0.780 

Effective search space used: 10677779335984


Query= exon3

Length=145


***** No hits found *****



Lambda      K        H
   0.634    0.408    0.912 

Gapped
Lambda      K        H
   0.625    0.410    0.780 

Effective search space used: 8191139043840


Query= exon4

Length=145


***** No hits found *****



Lambda      K        H
   0.634    0.408    0.912 

Gapped
Lambda      K        H
   0.625    0.410    0.780 

Effective search space used: 8191139043840


Query= exon5

Length=139


***** No hits found *****



Lambda      K        H
   0.634    0.408    0.912 

Gapped
Lambda      K        H
   0.625    0.410    0.780 

Effective search space used: 7748374771200


Query= exon6

Length=214


***** No hits found *****



Lambda      K        H
   0.634    0.408    0.912 

Gapped
Lambda      K        H
   0.625    0.410    0.780 

Effective search space used: 13091250007816


Query= exon7

Length=118


***** No hits found *****



Lambda      K        H
   0.634    0.408    0.912 

Gapped
Lambda      K        H
   0.625    0.410    0.780 

Effective search space used: 6198699816960


Query= exon8

Length=104


***** No hits found *****



Lambda      K        H
   0.634    0.408    0.912 

Gapped
Lambda      K        H
   0.625    0.410    0.780 

Effective search space used: 5165583180800


Query= exon9

Length=123


***** No hits found *****



Lambda      K        H
   0.634    0.408    0.912 

Gapped
Lambda      K        H
   0.625    0.410    0.780 

Effective search space used: 6567670044160


Query= exon10

Length=158


***** No hits found *****



Lambda      K        H
   0.634    0.408    0.912 

Gapped
Lambda      K        H
   0.625    0.410    0.780 

Effective search space used: 8995663413192


Query= exon11

Length=226


***** No hits found *****



Lambda      K        H
   0.634    0.408    0.912 

Gapped
Lambda      K        H
   0.625    0.410    0.780 

Effective search space used: 13968875706664


Query= exon12

Length=180


***** No hits found *****



Lambda      K        H
   0.634    0.408    0.912 

Gapped
Lambda      K        H
   0.625    0.410    0.780 

Effective search space used: 10604643861080


Query= exon13

Length=165


***** No hits found *****



Lambda      K        H
   0.634    0.408    0.912 

Gapped
Lambda      K        H
   0.625    0.410    0.780 

Effective search space used: 9507611737520


Query= exon14

Length=587


***** No hits found *****



Lambda      K        H
   0.634    0.408    0.912 

Gapped
Lambda      K        H
   0.625    0.410    0.780 

Effective search space used: 39934774306768


  Database: DRR228555_56_57.fa
    Posted date:  Feb 12, 2022  3:33 PM
  Number of letters in database: 96,185,443,664
  Number of sequences in database:  658,570,536



Matrix: blastn matrix 2 -3
Gap Penalties: Existence: 5, Extension: 2
