      5   1866

Amblyraja_radiata               --- --- --- --- --- ATG GGC CGA AGC TGG ACT CGA ACC CTT GCC GCT CTG CAC CTC CTG GCA CTC CTC TCC GCT --- --- GCA --- --- --- --- CCT TCG TCC GGG GCG GAG GAG AGA GAC GGG TTT GGG CCG GAG --- --- CGG GCG AGG ACG AGG AGA GAT GCG AGT GCT CCA AGC AAG ATC TCC TGT GAA CTA TCA TCC TGG AGT CAG TGG AGC TCT TGC CAG CCC TGC CAA GAC AAC AAG TAC CGG TCC AGA GCC GTG ATC CAG TTC GGC CAG TTC GGG GGC AGG CCC TGC ACC GAC TCC CTG TAC GAG GGG CAG CCA TGC CCA GCC CTG GAC ACA TGC CAG GCC --- AAC ACA CCC TGT GAC AAC GGC TTC AGC TGC ACC AAC GGG CGC TGC ATC CAT GAG AGC CTG GCC TGC AAT GAT GAT GAT GAT TGT GGA GAC TAC AGT GAT GAG GAT GAG TGT GTG GCC ATT CAG CCC ACC TGC CGA GGG TAC --- CTG CAG CCC CTG TCC CTG ACA GAG GCC ATC GGA TCA GGT GTG AAC GTG CTG GGG CGG GAG GTG CGG GCG AGG CCC CTG GAC AAC GAG CGC TAC AAC GGT CGG TGT GAT ACC GTG ATG GAC GGC ACA GCC CGG AGA CGG GTA CGG CTA GCC TGG AAC ATC CCC ACC TTC ATC TTC CAG ACT CAA GCC CAG CAA CAG GTC TCC ACC GAG GTC TAT GAA ACG TCG TCG GAA ATG GTG AAG AAG CTG TAC TTG GAA CTC ACC AGA GAT TTG AGT GCG GGA TCC ACT TCT GGG --- --- --- GCT TAT GGC AAA GCG ATG GTT GAA GCA --- --- --- --- --- --- --- --- --- --- --- --- GGA ATT GAA GTT ATA TGG AGC TAC AAC ACT TCA GAG ACT CAC GAG TAT ATC CGG GTC AAA GGC CAG GTG GAG TTG GCA AGG TTC AAG CTG CGG AGC AGT CGC CTT GAA CTG AGC GGG GAT TTT ATA TGG GAT CTG AAA GGA CTT CCG ATC GAA TAC GAC AAG GGA GCG TAT TTT AAA ATC CTG GAG GAC TAC GGC ACC CAC TAC GCT TCG TCA GGA ACC CTC GGA GGG AAA TAC CAG ATG GTC TAC GTG CTG AAT AAG TCC GAA ATG CGC AAA GCT CGT ATC ACA ACT GAA CAC CTG AAG GGC TGC CTC AGC AAA GGC ACC AAC TCC AGG TGG --- --- AAG --- --- --- ATT GCG GGG GAA CCC AAG AAA ACC --- --- --- --- --- --- --- AAC CCC GAG CTG TGT GGC CTG ACC GGG ACA CAA CAA GAA ACA TCA AGC CGG TTG GCA TCT GTC ATT CAG GAC GTG GTG GCA TTG TTG ACT GGT GGA GAC GTG GAA TAC CTG ACC AAG CTG AAA GCG ATG CTG TCC GCG GGG AAG AAG CCC ATC GAT GGC TCC GTC TAC ATC GAA TGG GTC GAT TCG CTG GTC AGG TCC CCC GCT CTC ATC AAG CCC ACG CTC CAG CCC ATC TCC GCC CTG GTT CCA CTG ACC CTG CCC CAC AGC CCG CGT GTC CGT GGG AAC CTG GAC CGT GCA CTG GGC GAG TAC CTG GCG GAG TAC GAC GTG TGC AAG TGC CAG CCC TGC CGT AAC GGG GGC ACT ACC ACC CTC CTC CAC GGC CGC TGC CTC TGC CTC TGC CCC CCT CAC TTC CAG GGG GAT GCC TGC CAG ACC GCA AAG AAC --- AGC --- --- --- --- CAG GAC CGC --- --- CCA GGT TAC ACG GAT GGG GTG TGG GGG TGC TGG GGC ACA TGG AGC GTG TGC CAG GGG GGA CAG CAA CGG CGG CAG CGG CAG TGC CGG GGG CAG CAG GGA GGG GGC GCC ACC TGC CTG GGG GAG AAC ACT GGC TCC ATG TAC TGC 
Carcharodon_carcharias          --- --- --- --- --- --- --- --- --- ATT TCA ATC ACT CTC TGC ATA GTT TCT CTC TAT GTA TTG TTC ATC TCT --- --- --- CTG ACT ATA GTT TTG --- CTC TCT GTC TGT AGT TTG ACT CAA CTA GAA AAT GAA GCA CAT CGG AGG AGA ACA GAG AGA GAC GTG AAT ACT CCA GCT AAG ATC CCC TGT GAA CTC TCA CCC TGG GGT CAA TGG TCA TCC TGT CAG CCA TGC AAA GGC CTT CGG TAT CGA TCC AGG AAT ATC CTA CGA TTC GGT CAG TTC GGG GGC AGA ATT TGC ACA GAC ATA TTA TCT GAT GAG GAA AGC TGT CCA GTC AGC GGT AAC TGT GAG GAG CCA GTC ATC AAC TGT GGA AGC AAC TTC CAA TGT GAC AGT GGA CAT TGT ATC AAC AGG AGG CTA AGG TGT AAT AAT GAT GAT GAT TGT GGT GAC TAC AGT GAT GAG GAT GAC TGT GAG TCA TAT AGG TCT CCC TGT CAG AAA ACC --- TTG GAA CCT TTG GAA ATT GGA GAC ATT GCA GGG TCA GGA GTG AAT TTC TTT GGA ATG GAG CCC AGA AGA AGT CCT TTC AAT AAC AGA ATC TAC AAT GGT CTG TGT AAT CGA GCC TAT GAT GGA AAC AGA AGG ACC TAT TTC CGA ATT CCC TGG AAT ATC ATA AGT TTC TAC TAT CAG ACT CGA GCT GAT CAA GCC TTA ACA ACT GAG GTA TAT GAA AGT TCA TCT GAA GTT GTC TCA AAG ATC ATG GAA GAT TCT ACT ACA AAT TTC AAC ATT GGG TTC TCT CAG AGA --- --- --- ACC --- AAC ACT CAG AAA GTA AAT CCC ACG GCT CAT ATC GGA TTC AAT GTC AAC AAA TCA AGA AAC CTC GAG ATT CTG TTA AGT CTC AAT CAG TCA CAG AAT AAT GAA TAC TTC CGG GTA AAA GGT CAA ATA CAG CTT GCA AAG TTC CAG GTG CGA AGA AAT CGT TAT GAA CTT GAT GAA GAT TTT ATT ATT GAT CTA AAG AAT CTG CCC ACA GAA TAT GAC AAG GGG GTG TAT TTT AAA ATA TTG GAA GAC TAT GGC ACA CAT TAC GCC TCT TCT GGA ACT CTG GGT GGT AGT TAT CAA CTT GTA TAC GTG TTG GAC AAG TCC AAC AGG GTT AAA GAA CAT ATC ACC CAT GAA CAG GTG AAG GAA TGC CTG GGG TTT CAT GCC AGT TTC AAC ATC --- --- GAG CAA AAC ATC ATG AAA GGC GAG AAG TCA ACC AGC CCT AAA GTC AGC ATG ACT GCC GAT GCT GAC AAA TGT AAG AAG GTC ACG AAA GCA TAT TCA TCC CTG AAT CTG GAA AAT CAC CTC ATC AAG GAC GTG CTG TCG TTT GTC AAT GGT GGG GAC ACA GCC TTC CTC ACC AGG CTC AAC GTT CTC CTG TCG GAG AGA AAG GAG CCT CCC GGT GTC TCT GTC TAC ACT GAC TGG GCC AGC TCA CTC ATA CAC TCA CCC GCC TTA GTG AGG CAG CAG TTG GTG CCA ATG TAC AGT CTG GTT CCA GCC ACA ATG AGG GAT GCC TCA GTG ATC AGA CAG AAC CTG CTT CGG GCC ACC TCT GAC TAT GAA GCG GAG TAC AGC GTG TGT AAG TGT GCC CCA TGC ATG AAC GGT GGC ACG GTG CTA CAA CTG GAT GGA CAG TGC CAG TGT TTG TGC AGC AAC AAG TTC CAG GGT ATA GCC TGT GAA ACA GTA AAA CCG TTA TAT --- --- --- --- GGA GGG AAA GAA GCA GCA GGT TAC ACA GAT GGG CAA TGG AAT TGC TGG TCA GAT TGG TCC TCC TGC ACC AAC AGC CAA CAA GTG CGT AGC CGG CAG TGC CTG GGC ACA CAA GGA GGG GGC ACT GCA TGT CCG GGA GAG AAC GAG AGC ACC CGC TCC TGC 
Hemiscyllium_ocellatum          --- --- --- --- --- --- --- --- --- ATG ACT GGA ATT CAT ACC TTT ATT CCC CTC TAC GCT TTC CTG GTC TCC --- --- TCT GTG ACA CTC CTG TCT ACC TCA GAG GGC AAC GAA AGG GCT ACG GTG GAC AAT GAC CTC CCT TGG AGC AGA GCC AAG AGA GCT GTG AAT ACT CCC GCT GCA ATC GCC TGT GAA CTC TCA CCT TGG GGT CAA TGG TCA TCC TGT CAG CCA TGC CAA GGC CTG AGG TAT CAA TCC AGG AAG ATT GTT CGG TTC GGG CAG TTT GGG GGC AGG ACG TGT ACA GAT ATA TTG TCC AAA GAG GAA GCC TGC CCA CTC ACT GGG AAC TGT GAA GAG CCA CCA GTC AAC TGT GGA AAC AAG TTC CAG TGT GAA AAC GGA CGC TGC ATC CAG ATG AGG TTG AAG TGT AAT GAA GAT AAC GAT TGT GGT GAT TTC AGT GAT GAG GAT GAC TGT GAG ACG TTC AGA TCC CCC TGT ACC AAA GTC --- TTG GAG CCT TTG GAA ATA GGG CAC ACT GCA GGA TCA GGG CTG ATC ATC TTC GGG ATG GAG CCG CGG AAA AGC CCG TTC AAC AAC AAA TTC TAC AAT GGC CAA TGT GAA AAT GTC TTT GAC GGC AAC AGG AGG ACT CGT TTT CGT ATC CCG TGG AAT ATT GGC TTT TTC TCC TTC CAG ACA CAA GCT ACA CAA GCC TTC ATG ACT GAG GTA TAC GAG AGT TCA ACT GAA GTT GTC ACA AAG ATC ATG GAA GAG ACC ACA AGC AGT TTC AAC GTT GGA CTC TCT CTG ACC --- --- --- ACC --- AAG TCT TGT ATT GTT GAT GTT ACT GCT GGC GTT GGC TTC AAT CTC AAC AAG TCG AGA AAT CTT GAA GTC CTA CTA AGT CAC AAT CAG TCC CAG GCG AAT GAA TAC TTC CGG GTA AAG GGT CAA ATA CAG CTG GCA AAA TTC CAC ATG CGA AAC ACA CGC TAT ATG CTT GAT GAC GAT TTT ATC ATT GAC CTG AAG AAT CTG CCA AGG GAA TAT GAC AAA GGG GTG TAT TTT AAA TTC CTG GAA AGC TAC GGT ACA CAT TAC AGT TCC ACT GGA ATA CTC GGC GGC GAT TAT CAA ATG GTT TAC GTG TTG GAC AAA TCA GAA ATG ATG AAG GAT CGT ATC ACC AAT GAA CAA GTG AAG AGA TGC CTG GGA TTT GAT GCA AAC TTC AAC ATC --- --- CAA CAG AGC CTG ATA GAA GGA CAT GAC TCC GCC AAG GTG GAA GTT GAT CTC AAT CTC AAC ACT GAC ACC TGT AGG AAG ATC ACG AAA GGA AGC TAC ACT TCG AAA ACG GAA AAG CCC ATC ATC AAG GAC GTG CTG GCC TTT GTA TCT GGT GGT GAC ACG GTG TTT CTG ACC AAG CTG AAT GTG CTG CTG TCT GAG AAA AGG CAG CCT CTC GAT GTC TCT GTC TAC ATG GAC TGG GCC AGG TCA CTC ATC AAT GCT GCA GTG TTA GTG AGG CAG CAG GTG GTG CCA GTC TAC AGC TTG GTC CCA GTC ACG ATG AGA AAT GCC ACA GTG ATC AGG CAG AAC CTG GAG CAA GCT ATC TCT GAC TAT GAG GCA GAG TTC AGC GTG TGC AAG TGT GCC CCG TGC ATG AAC GGT GGC ACG GTG ATC CAG CTG GAT GGC CAG TGT CGG TGC CTG TGC AGT ATG ATG TTC CAG GGC CTA GCC TGC GAA ACC CCC AAA CTG CAA AAC --- --- --- --- AAA GAC AAA --- --- GCA GGT TAC ACC AAT GGG CAG TGG AGC TGC TGG TCA GAG TGG TCC TCC TGT AGC AAC AAC CAA CAA GTG CGT AGC CGA CAG TGC GTG GGC ACA CAG GGT GAA GGT GCC CCA TGT ACG GGG GAG AAC CAG GGC ACC CGT CAC TGC 
Latimeria_chalumnae             ATG TTC CCT GTT CAC AGA CCT GCT ACA ATG AAA ACT GTA TAT ACA GTT GTA TGC TTT TGC TAT GTA TTT TTC AGC TTG CAA AAA --- --- --- --- CCA CTG TCG GTA TCA GGA GAG CAA AAC AGT CTT GAT AAT GAA GCG CTG AGA AGA CCA GTA --- AGA GAA GCA GAT GCT CCA CCT CCT CAA GAA TGT AAG ATA AGC CCT TGG AGA GAA TGG AGT TCA TGT GAC CCT TGT ACT AAA CTA AAG TAC CGA TCA CGG AGC ATT GAA AAC TTT GGA CAA TTT GGT GGA ATG GCT TGT ACT GAA CCA CTG GGG GAC TCG CAA TTA TGT GAA ACT CAA CAA GAC TGT GAA AAA GAA AGC ATT GAC TGT GGA GAT GAC TTT ACA TGT GAT TCA GGT CGC TGT ATA AAG AAG ACA CTG CTG TGT AAT GAG GAT AAT GAT TGT GGA GAT TAT TCA GAT GAA GAG TGT GAC CAA GCT CCC AAG CCA CCA TGT AGA GGG ACG GAC ATT GAG CAG GCA GAG CTT GGA AGA ACT GCA GGA AAT GGA ATC AAT ATT TTA GGG ATG GAA GCA AGC ATT AAT CCT TTT GAC AAT GAC TAC TAT CAT GGA ACG TGT GAC CGT GTT AAA GAT GGG AAT ACC AAT ACT TAC TAC CGT AAA CCC TGG AAT GTT GCG TAT CTA GCT TAT AAG ACT AAA GTA GAC AAA TCC TTA GCA ACT GAA ATC TAT AAA GAT ACC AAA TCC ATC ATT TCT AAA CTC TTT GAA GAG TCT ACT GCA AAC TTT AAC CTT GGG TTA TCC TTC AAA CTA AAA CCT ACA GAA GAG AAT GCT AAT GTA TCG ATG GAT GGC AGT TTG GGA TAT AGA GTT AAT AAA AGC AGA AGT TTA CAT GAG CTT ATG GAG TAT TCT CAT CAA AAG AAC AAG AAG TTC ATG AGA GTA AGA GGG CAA ATT CAA TTA GGG GAA TTT CGC ATG CGA AGC AGA GAC CCT GTG CTT ACC TCG ACT TTT CTT GAT GAC CTA AAA CAC CTA CCT AAT ATA TAT GAC AAA GGG GAA TAT TTT AAA TTT TTG GAG GAC TAT GGA ACA CAT TAC ACT GCC TCT GGA AGT GTA GGG GGC ACA TAT GAA CTT ATT TAT GTA TTG AAT GAA CCT GCA ATG CAC CTG AAA GTG GTT TCT GAT GAA GAT GTG AAG AAC TGC CTT GGA TAC AAT CTC AGC TTT AAT TAT GAC AAC CCC --- --- --- ATA --- --- --- --- --- --- AAT GCA ACT CTG AAT TTG GAT TTA CAT GCG GAT GAA TGT GAC AAT GTA AAG AAA GGA AGT GAA ACT AAT GAA GAA CAA TCA CAT GTT GTG GAC AAA GTG ATT TCA TTG GTC AAT GGA GGT ACT GTG GAT TTC ACA ACC TTG CTG GAA CAC AGC TTA AGT CAA AAA AAA GAA GTA ATT GAT GCA TCA GTC TAT ATA AAC TGG GCC AAA TCC TTG ATC AAC TCC CCA GTA CTG ATT AAA CAA AAG CCA TCT CCT ATA TAT AGC CTT GTT CCT GTC AGG ATG AAG GAC GCC ATA CTG AAA AAA AAG AAT TTG GTA CAA GCC ACT GAA GAT TAC ATT GCA GAA TAC AAC GTG TGC AAA TGT ATG CCA TGT GAA AAT GGT GGG ACA GTA GTA CTG ATA GAT GGA GAA TGT AAG TGC GTG TGT TCA GAG TAC TAT GAA GGA ATC GCT TGC CAG AAA GCT GTA AAG --- TCA GAC ATC TTT AAA AAA GAT GAA --- --- ACA AGC --- CAA GAT GGC AAC TGG GGT TGC TGG TCT GCA TGG TCT TCC TGC AGT GAT GGA ATA CGT ACT CGA ACT CGG GAG TGT AAA GAT GCC AGT TCT GGG GGT GGA GCA TGT AGA GGG ACA GCT GAA AGC ATA AAC TCC TGC 
Scyliorhinus_canicula           --- --- --- --- --- --- --- --- --- ATG GCC AGA ATT CTC AGC ATC ATT TCT CTC TAT GGC TTG TTC TTC TCT --- --- --- GTG ACT CTC TTG CCC AAC TTG GAG GGG AAG GAA AGC ACC CGA CTG GAA AAT GGA GCA CAT CGG AGG AGA ACA GAG AGA GAC GTG AAT ACT CCG GCC ACG ATC GCT TGT CAA GTC TCA TCG TGG GGT CAA TGG TCG ACC TGC CAG CCA TGC GTG GGG CGT AGG TAT CGA TCC AGG ACT ATT GTC CAG TTC GGG CAG TTT GGG GGA AGA ACT TGC ACA GAT GCA TTA TCT GAC GAG GAA GCC TGT CCA GTC AGC GGT AAC TGT GAG GCT CCA CCG GTC AAC TGT GGA AGC AAC TTC CAA TGT GAC AAC GGA CGC TGT GTC AAC AGG AGG TTA AGG TGT AAC GAT GAT AAT GAT TGT GCT GAC TTC AGC GAT GAG GAT AAC TGT GAA TCG TAC AAC TCT CCC TGT CGA AAT TTC --- TTG GAA CCT TTG GAA ATA GGA CGG ACT GCT GGG TCA GGA GTG AAT ATC TTT GGA CTG GAG CCC AGG AGA AGT GCT TTC AAT AAC GAC TTC TAC AAC GGA CAA TGT GAC CGT GTC TAC GAC GGA TAC AGA AGG ACC TAT TTC CGA CTT CCC TGG AAT GTC ATA AGT TTC ATC TAC CAG AGT CGA TCA GAG GGG TCC TTC ACA ACT GAG GTT TAT GAG AGT TCG TCT GAA GTT GTC ACA CGG GTG GTG GAT GAA TGG ACA TTT AAT CTC AAC GCT GGA TCC TCT CCG CGA --- --- --- TCC TTG AGT GGT TGG CGC ATA AAT GCT CGC GGA CAA GTG GGC ATC AAT GCC AAC ATT TCA AGC AGT CTC GAG ACT CTG TTA CGC CTG AAT ATG TCG CAG TCC AAT GAA TAC TTC CGG GTG AAG GGT CAA GTA CAA TTG GCA AAG TTC CAA ATG CGA AGG AAT CGT TTT GAG CTT GAT GAA GAT TTT ATT ACT GAT CTA AAG AAT CTG CCC ACG CAA TAT GAT AAG GGG GTA TAT TTT AAA ATC TTG GAT GAT TAT GGT ACA CAT TAC GCA TCT TCA GGA ACA CTG GGT GGT GAT TAT CAA CTG GTA TAT GTG TTG GAC AAG TCC GAG ATG ATT AAA GAA GAT ATT ACC AAT GAA CAT GTG AAG CTA TGT CTG GGG TTT TAT GGC GAT ATC AAC GTC TAC ACA CCA ACC GAT ATT CCA GGA ATT ATC CCC AGA GTA GCA TTC AAC GTC AAC GCC GCC ATC AAT GCT GAT ATC TGT CAT AAG ATC ACA CAT GCA CAC TCA ACC CTC CAA ACT GCA AAG CGT ATC ATC AAG GGC GTG CTG TCA TTT GTT AAT GGT GGG GAT GCA GCG TTT TTC ACT CGG CTC AAC GCC ATG CTG TCG AAT AGG AAT CAG CCA ATC GAT GCT TCT CTC TAC ACT GCC TGG GCC AGC TCA CTC ATT CAC TCG CCC GCT ATA GTG AGG CAG CAG ACG GTG CCC ATC TAC CAG CTG GTT CCA TCC ACA ATG CGG ACT GCC TCA GTG ATC AGG CAA CAT CTG GAG CGG GCC ATC TCC GAC TAT GAG GCT GAA TAC AGC GTC TGC AAA TGT CCC CCG TGC ATG AAT GGC GGC ACG GTG CTC CAA CTG GAC GGG CAG TGC CGC TGT TTA TGT GGC CCC AAC TTC CAG GGC GTA GCC TGC GAA ACA CCA AAA CAA CTG CAT --- --- --- --- AAA GGG GAA GGA ACA GCA GGT TAC ACA GAC GGG CAA TGG AGC TGC TGG TCA AAT TGG TCC TCC TGC ACC AAC AAC CAA CGC GTC CGT ACC CGG CGG TGC GTG GGC AGG CAG GGA GAG GGC GCC ACA TGC CAA GGC GAA AAC CGG AGC ACA GAC TAC TGC 



Printing out site pattern counts


         5       1761  P

Amblyraja_radiata                --- --- --- --- --- --- --- --- --- --- --- --- --- --- --- --- --- --- --- --- --- --- --- --- --- --- --- --- --- --- --- --- --- --- --- --- --- --- --- --- --- --- --- --- --- --- AAA AAA AAA AAA AAA AAA AAA AAA AAA AAC AAC AAC AAC AAC AAC AAC AAC AAC AAC AAC AAC AAC AAC AAC AAG AAG AAG AAG AAG AAG AAG AAG AAG AAG AAG AAG AAG AAG AAG AAG AAT AAT ACA ACA ACA ACA ACA ACA ACA ACA ACC ACC ACC ACC ACC ACC ACC ACC ACC ACC ACC ACC ACC ACC ACC ACC ACC ACC ACC ACG ACG ACG ACG ACT ACT ACT ACT ACT ACT ACT ACT ACT AGA AGA AGA AGA AGA AGC AGC AGC AGC AGC AGC AGC AGC AGC AGC AGC AGC AGC AGG AGG AGG AGG AGG AGG AGG AGT AGT AGT AGT AGT ATA ATA ATC ATC ATC ATC ATC ATC ATC ATC ATC ATC ATC ATC ATC ATC ATG ATG ATG ATG ATG ATG ATG ATG ATT ATT ATT ATT CAA CAA CAA CAA CAA CAA CAC CAC CAC CAC CAC CAC CAC CAG CAG CAG CAG CAG CAG CAG CAG CAG CAG CAG CAG CAG CAG CAG CAG CAG CAG CAG CAG CAG CAG CAG CAG CAT CCA CCA CCA CCA CCA CCC CCC CCC CCC CCC CCC CCC CCC CCC CCC CCC CCC CCC CCC CCC CCC CCG CCG CCG CCT CCT CGA CGA CGA CGC CGC CGC CGC CGC CGC CGG CGG CGG CGG CGG CGG CGG CGG CGG CGG CGG CGG CGG CGG CGG CGT CGT CGT CGT CGT CTA CTA CTC CTC CTC CTC CTC CTC CTC CTC CTC CTC CTC CTC CTG CTG CTG CTG CTG CTG CTG CTG CTG CTG CTG CTG CTG CTG CTG CTG CTG CTG CTG CTG CTG CTG CTG CTG CTG CTG CTG CTG CTG CTG CTT CTT CTT GAA GAA GAA GAA GAA GAA GAA GAA GAA GAA GAA GAA GAA GAA GAC GAC GAC GAC GAC GAC GAC GAC GAC GAC GAC GAC GAC GAC GAC GAG GAG GAG GAG GAG GAG GAG GAG GAG GAG GAG GAG GAG GAG GAG GAG GAG GAT GAT GAT GAT GAT GAT GAT GAT GAT GAT GAT GAT GAT GCA GCA GCA GCA GCA GCA GCA GCA GCC GCC GCC GCC GCC GCC GCC GCC GCC GCC GCC GCC GCC GCG GCG GCG GCG GCG GCG GCG GCG GCG GCG GCG GCT GCT GCT GCT GCT GCT GCT GGA GGA GGA GGA GGA GGA GGA GGA GGA GGA GGA GGC GGC GGC GGC GGC GGC GGC GGC GGC GGC GGC GGC GGC GGC GGC GGC GGC GGC GGG GGG GGG GGG GGG GGG GGG GGG GGG GGG GGG GGG GGG GGG GGG GGG GGG GGG GGG GGG GGG GGG GGG GGT GGT GGT GGT GTA GTC GTC GTC GTC GTC GTC GTC GTC GTC GTG GTG GTG GTG GTG GTG GTG GTG GTG GTG GTG GTG GTG GTG GTG GTT GTT GTT TAC TAC TAC TAC TAC TAC TAC TAC TAC TAC TAC TAC TAC TAC TAC TAT TAT TAT TAT TCA TCA TCA TCA TCA TCC TCC TCC TCC TCC TCC TCC TCC TCC TCC TCC TCC TCC TCC TCC TCC TCG TCG TCG TCG TCG TCT TCT TCT TGC TGC TGC TGC TGC TGC TGC TGC TGC TGC TGC TGG TGG TGG TGG TGG TGT TGT TTC TTC TTC TTC TTC TTG TTG TTG TTG TTG TTG TTT TTT
Carcharodon_carcharias           --- --- --- --- --- --- --- --- --- --- --- --- --- --- AAA AAA AAC AAC AAT ACG ACT ACT AGA AGC ATA ATC ATC ATG CAA CAT CAT CCA CCT CTG GAA GCA GCA GCC GCT GGA GTC GTC GTT TCA TTA TTC AAA AAA AAA AAC AAG ACC ACT AGT TTT AAC AAC AAC AAC AAT AAT AAT AAT AGC AGT AGT CCG CTT GAT GTC AAA AAG AAG AAG AAG AAG AAG AAG AGG AGG CAG CGG GAG GAG TCA TCA AAT GAC AAA AAC AAC ACC ATC GAT GGA TCC ACA ACA ACA ACA ACC ACT ACT ACT ACT AGC AGT CCC CGA CTA GAC GCA GCC GTC GTG ACA ACA AGT CAG AAT AAT ACG ACT CAG CAT GAG TCA TCT ACA ACC AGA AGG TTG --- AAT AGA AGG AGT CAA GAT GCC GCT GGG TAT TCA TCC AAC AAG AGA AGA AGT CAC GAG AAC AAT AAT AGT GGT ATT CTG ACA ACT ATA ATC ATC ATC ATC ATG CCC CTA GCA GTG TAC TTC --- AAA AGG CGC CTC CTT GTT TAT ATC ATG CTC TAT AAA CAA CAA CGA GCA TAT AAG AAT CAG CAT GAT GAT TCT AAG ACA ACC AGC AGG CAA CAA CAA CAA CAG CAG CAG CAG CAG CGA GAA GAA GAA GAG GAT GCC GCC GGA GTG AAC AGC CCA CCA CCA GCA AAC AAG AGC AGG ATA ATT CAG CCA CCA CCA CCC CCT CCT CCT GCT TCT AAT CCC TCA AAC TTG --- ATC CAG AAA ATC CAG CAT CGT GTT AGA AGG ATG CGA CGA CGA CGG CGG CGG CGT CTG CTG CTG GTG TAT AGA ATG CAT CGG GTG ATT CTC CAA CAG CTC CTG CTG CTG TCT TTA TTC TTG TTG TTG AAA AAG ACC AGC ATC ATG ATT CCG CTA CTA CTC CTC CTC CTG CTG CTG CTT GAA GCC GTG GTG GTT TAT TTA TTC TTG TTG TTG TTG TTT CTC CTG TAT AAC AAT GAA GAA GAA GAA GAA GAA GAC GAG GAG GAT GCC TCA AAT ACT AGC CTT GAC GAC GAC GAC GAC GAC GAT GGA GGC GGG GGT AGA AGG AGT CAG CAG GAA GAA GAA GAC GAC GAC GAC GAG GAG GAG GAT TGT AAT AAT AAT AGC ATA GAC GAT GAT GAT GAT GAT GAT GGT --- AAT CCC GCA GCC GTA GTA TCG AAT ACT AGA AGG AGT ATT CCC GAG GCC GCT GTC TCA TGC AAA AGA AGG ATT CAG GAG GCG GTC GTG GTG GTT ACC ACT ATA GAA GCC GCC TCT AAC AAT AGC GGA GGA GGG GGG GGG GGG GGT GGT --- AAC AAC AAG AGC CAT GAA GGA GGA GGC GGC GGC GGC GGT GGT GTC TCA TCT AAA AAC AAT ACG AGA AGA CAA CAG GAA GAA GAG GGA GGA GGA GGC GGC GGG GGG GGG GGT GGT GGT TCT GGA GGT GGT GGT TTC ATA ATC CTC GCC GTA GTA GTA GTC TTA ACA ATA ATC CAA CCC CTG GAG GCC GTC GTG GTG GTG GTG TCC TTC ATT GTA GTT ACC ATG CTC TAC TAC TAC TAC TAC TAC TAT TAT TAT TCC TCT TTC --- TAC TAT TAT CTG TCA TCA TCA TCT ACA ACC ATA ATC CCC CCC CTC GAA TAC TCA TCC TCC TCG TCT TTC TTC --- TCA TCA TCT TCT CAC CAG TCC TGC TGC TGC TGC TGC TGC TGT TGT TGT TGT TGT ATC ATT ATT TGG TTA TGT TGT TAT TTC TTC TTC TTC CTT GAA GAA GTC TTC TTT CTA TTT
Hemiscyllium_ocellatum           --- --- --- --- --- --- --- --- --- --- --- --- --- --- AAG GAA AAC AGC AAT ACT AAT ACA AGA GAT CTC CTG GTT CTC CAG CCT GGC CCA GTG GTG --- --- CTC CTC GCT GGC CTC GTT CTG TCG CAA TTC AAA AAG AAG AAT AAG GCC TCT GAT TTT AAC AAC AAC AAC AAT AAT AAT ATC AAC AAC AAC CTG CTG AAC CCA AAA AAA AAA AAG AAG AAG AGG GCA AAG AGG CAC AGG CAA CAG ACA TCC AAT GAC AAA AAC AAC ACC GTC GAG GGG ACT ACA ACA ACC ACG ACC ACA ACT ATA ATT AAG TTT CCC AAT ATC GAA CCA GCA ATC GTG ACC GCC AGT CAG GCG TCT ACG ACA CAG AAT CAG ACT TCT AGC ACT AGA AGG AGG --- AAA AAC AGG AGT CAG GAT GCC GCT GGA AAC TCA TCC AAC AAA AGA AGG AGC AAT AAG AAC AAT ACA AGT GGT ATC CTA AGG ATG TTC ATC ATC ATC ATT GTC CTC GTT GCA GTG TCC TTC --- ATT ATG CGT CTG ATG GTT TTT ATC ATA CTT TTC CAA CAA CAA CAA GGA AGC ATG AAT CAA CAT AAT GAT CCC AAG ACA AGC AGC AGA CAA CAA CAA CAG CAG CAG CAG CAG CAG CGG GAA GAA GAG GAA ACA GCC GCC AAA GTG CAG GCC CCA CCA CCC GCA AAC GAC AGT AGA GGC ACG CAG CCA CCA CCG GCA CCG CCT CCT ACT TCC AAT CCA ACA ATG TCT --- GGA ACC AAA TTC CAG CGC CGC ATG CGG AGG ATG CAA CGA CGT CGA CGG TGG CGT ACG CAA GTG GTG CGT AGG ATG CGT CAA GTG ATC CTC CAG CGG CTC CTC CTG CTG ACC TTA CTG CTG GTG TTC ACC AAG ATC ACT ATC ATG ATA ACG CTG TTG CTC CTG CTG CTG CTG TTG CTT GAG GTC ATG GTG ATT TAC TTG TTC CTG TTG TTG TTG TTC CAT CTG TAT GAA GAT ATG GAA GAA GAA GAA GAG GAC CAT GAA GAG GTG TAC AAC GCT AGC GAG AGC GAC GAC GAC GAT GAT GAC GGA GGC GAC GGG AAA ATG GAA CAG CAG GAA GAA GAC CAC GAC GAC GAC GAG GAG GAG AAA AAC AGT GAA GAA AGG CTA GCT AAC AAT GAC GAT GAT GAT GAT TCT AAG GTT GCA GCT CCC GCT GCC AAG GCC AGG AAG AGC ACT CCG GAG GCC GCT CTC ACG ACC GAA AAA AGC GTT TGT GAG GCA GGC GTG GTG GTG ACC ACT TTT GAT AGT GTG TCC AAT AAT AAC GGA GGT GGA GGA GGG GGT GGC GGT --- AAG AAG AGG GGC GAT AGA GGC GGC GGC GGC GGT GGT GGG GGT GTC TCA TCT AAA AAC AGC ACG AAA ACC ACG CAG GAC GAC GAG GGA GGG GGG GGA GGC GAA GGG GGG GGC GGC GGT GAG GGG GGC GGT GGT TTT ATC ATC ATC GCC GTA GTA GTT GTC TTC ACG ATA ATT CAG CCG CTG GAG GTC GTC CTG GTG GTG GTG TCC ATC GTC GTT GTC GTC ATG CAC TAC TAC TAC TAC TTC TTC TAC TAT TAT CAC TCC TTT --- TAC TAC TAT TCG TCA TCA TCC ACT ATG ACC ATA GTC CCT GCC TCA GAA TAC GCT TCA TCC TCT TCT CTC TTC ACC TCA TCA ACT TCC CCC CTG TCC TGC TGC TGC TGC TGT TGT TGC TGC TGC TGT TGT ATC ATG ATT TGG CTA TGT TGT TTC TTC TTC TTC TTT CTG GAA GAA GTA TTC TTT GTG TTT
Latimeria_chalumnae              AAA AAC ATC ATG CAA CAC CCT CTA GAC GAC GTT TTC TTG TTT AAA ACT AAT --- AGA GAT GAT --- AGA AAT --- --- TTG TTG --- CTG AGT GAA GCA --- --- --- GCG TTA GGC GGA GTT CTG --- AGC --- TAT AAA AGA CTG GAA AAA --- AAT ACA TAC AAT AAT AAT GCT AAT CAT TCT AAT GAT AGC TCA AAG CTA CAT AGC GTA AAA GAA AAA AAA AAG AAA CCT TTG AAA CGC AAG CCC GAA TCT --- AAT AAT AAA AAT GAC TCT ATT GCA GGA ACT ACA ACT AAA AGG ACC ACT ACT AGT GTA AAT TAT CCA CGT GTA GAT GCA CTC GTA GTA CAA GTA GAT AAG AAC AAT ACA ACT CAT GAT GAA AAA TCC GCA ACT AGA CGG CAA ACA GAA AGC ACA GAG ACA ACC GCC CCT GGA TCA AGT TCT AAT GAA CCA ATG AAT AAC --- AAC GAT AGA TCA AGA CTT CTT AAT ATA TTT ATA CAA GTT GTT ATA ATT GAA GCA ATT GCT ATG AGA AAT ATG AAC AGC CTT ATC AAA GTG ATA TTA CCC ACT AAA CGT AAA GGA AGT TAC AAG GAT CAT GAC GAT TGC GAC GCC AGT ACT AAG ATA CAA GAA AGT AAG CAA GAA GAC GAG AAC CAA CAG GAG GAA GAC ATG TCC AAA TCT AAG TTA CCT GAA CCA ACA GAC --- TCA AAG GCG GCT CAA CCT CCT CCA CCA CCT CAG GTA GCG CCA AAT CCT ATA GAG CCA GCT ACT AGA GAA TAC GAA CGC GAC CAC AGC AAT ATG CGA CGA CGT CGG AGA AGA CGA GAA ACG AAA ACT TAC AAA GAA GTG CAA CTG AAA ATA CTG AAG TTT GTA ATA CTT TCT CTG TTT GTG CCA GTA GAA AAT ACT CAA CTC ATG CTT AGA CTA CTG TTG ACA CTG TTA TTG CTT CTT ATT GTC ATG GTG GTA TGC CTG TTT TTG ATT GCA TTG TTA TAT CTA CCT GCA TCG GTG AAG ATA GAA TCC AAA AAC --- CAT GAG GAT GAA GAC AAC AAC GTA GAC AAA ACT GAC GAA GAT GAT GGA AAA GAT CAA GAC AAG GAG AAG CAA AAG GAG GAA AGA GAT GAT TGT ACA GAA GAA GAC GGA AAC GAC GAG AAA ATC GAA AAT GAT GAC ACT GAG GAT GAT AAA TCA ATG GGG GCC GCT TAT TCA AGC GGA ACC CTG AGC ACT CCC AAA GCT GTA ACT GCT ACA --- ATT AGA CTT GCT CAA GCA TCA GAA GCA CAC ACA GCT GTT AAA ACT GTA AGC AGT CAC GGA GGA TCT GGA GGG GGG GGT GGG GGA CCT GAC GAG GAC AGC AAT AAC GGA GGG GGA GGG GGA GGT GGA GGG GCA TCT GAA GGG GAT GGT AAG AAA AAA AGT AAG GAT TCG TCG GGT GGG GGG --- GAT GGG GGC GGT GGA GGC GGT GTA GGA GGA AGC GGA TAC ATC AAA GTT GCC ATC GTA ATT GTC TTA GTG ATT ATT AAC GCA ATT CAA GTT ATT ATC GTA GTG GTG TCC ATT GAG GTA GTT ACG TTT TAT --- TAC TAT TAT TAC TAT TAT TAC TAT TCC GGG TTC GAA TTC TAT TAT AAT AAT AGC CAA TCT GCA ATA CCA TTC CCT GAA TCG GAG TAT TCC CCT TCA AGT TCA TTA TTT CTG ACC TCC AAA GCC CAT TTC TCA TGC TGC TGT TGT TGC TGT TGC TGC TGT TGT TGT TAT ATG GAT TGG ATG GAC TGT TAT CTA TAT TTT TTT TTA CAA GAA GTC TTT TTG CTT TTT
Scyliorhinus_canicula            --- ACA --- --- --- --- --- --- --- TAC --- --- --- --- ATT AAC AAC GAT AAT CGC GCC ACT AGC AAC CTC ATT GTG GCC ACC CAT CAA CCA TTC GTG GGA ACA GCA ATC GGA GGC GCC GTC TTG TCA CTG ATC AAA AAG AAA AAC AAG GTA GGT GAT TTT AAC AAT CAT AAC AAT AAC AAT AAT AGC GAT AAC CAA CGT AAT CCG AAA AAG AAG AAA CGG AAG AAT ACG CGG AGG CAA AGG CCA CAG ACA AGA AAC GAC CAT TAC AAC ACC GTC AAT GGA ACC ACA ACA ACA ACA ACT ACA ACT ACA ATT GCA AGT CCC CGT CTC GAC ACA GGC ATC GTG ACA ACA AGT CAG TCC AAT ACG AGT ATG AAT CGG GCC TCT TTT ACC AGA AGG AGC --- CAA AGG AGG CGC CAA GAT GCC GCC GGG CAT TCG TCC AAC AAG AGA AGA AGT CAC GAG AAC AAT AAT AGC GGT ATT CTG ACG ACT ATC GTC ATC ATT GTC ATC ATC GTC GCT GTG ATC TTC --- CGC ATG GAC ATG CTG GTT TAC ATC CCA CTC TAC GTG GGG CGC CGA GCA CAC AAC AAT CAT CAT ACT GAC TCT AAG AGG ACC ACC AAC CAA CAA CAA CAG CAG CAG CAG CAG CGG CAG GAA GAA GAA GAG GAG CCC TCC AAA GTG AAC GCC CCA CCA CCG GCA AAC CCC GGC CGG ATA ACT CAG CCA CCC CCG CCC GCT CCT CCA GCT TCT AAT CCC TCA CCC CCC --- AGA CGA GAA TTC CAG CGC CGT ATT AGG AGG CTG CGA CGA CGA CGG CGG CGG CGT ACT CAA GTG GTC TAT AGG ATG GAT CGG GTG CTT GTC CAA CGC CTC CTG CTG CTG TGG ATA TTC TTA ACG TTG ATC AAG ATC AGC GTG ATG ATA CAA CTA TTA CTC TTC CTC CTG CTG CTG CTT GAG TCC ATG GTG ATT TAT TTA TTC TTG TTG TTG TTG TTT CTC CTG TTT GAG AAT GAG CAA CAA GAA GAA GAG GCC ATC GAG GAA GCG TCA AAT ACC AGC GAG GAT GGC GAT GAT GAT GAC GAC GGA GGG GGG GGT GAC AGG GAA CAG CAA GAA GAT GGA CGG GAC GAT AAC GAA GAA GAG GAC AAG AAT GAC GAT AGC GTA GAC AAT GAC GAT GAT GAT GAT GAT --- AAG GCT GCA GCC CCA GGC TCA ACT GCC AGA AGG CAG ACT CCC GCT GCC TCA GTC TCG AGC GGA AGA AGG GCT TGG AAT GCT GGG GTA GTG GCC TCC ACT ATC GAA GCA GCT TCT AGT AAT AAC GGA GGA GGG GGA GGG GGG GGT GCT --- AAC AGT CAT AGC TAT CTA GGG GGA GGA GGC GGT GGC GGG GGT GCT TCA TCC AAT AAC AGC ACA AGG CGA CGA CAA GAA GAA GAG GGA GGA GGC ATT GGC GAG GGG GGG GGC GGT GGC GAG GGA GGA GGT GGT TTC ATT ATC ATC GCC GTT GTG GTA CTC TTC GCA GTA ATT CAA CCC CTG GAA GTC GTC GTG GTG GTC GTG TCC ATC ACT ATA GTT TTC GTG CTG TAC TAC TAC TAT TAC TTC TAT TAT TAT TAC TCT TTT TTG TAC TAT TAT CTC TCA TCA TCG TCA ACA ACA GCA TTC TCG GCT TTG GAA TAC TCG TCC TCC TCG TCT TCC ATC AAC TCG TCA TCT TCT CGT CCG ACC TGC TGT TGC TGT TGC TGC TGC TGT TGT TGC TGT GTC ATG ACT TGG TTA TGT TGT TAC TTC TTC TTC TTT TTG GCA GAT GTT CTC TTT CTG TTT



    2    1    1    1    1    1    2    1    2    1    1    1    1    1    1
    1    1    1    1    1    1    1    1    1    1    1    1    1    1    1
    1    1    1    1    1    1    1    1    1    1    1    1    1    1    1
    1    1    1    1    1    1    1    1    1    1    1    1    1    1    1
    1    1    1    1    1    1    1    1    1    1    1    1    1    1    1
    1    1    1    1    1    1    1    1    1    1    1    1    1    1    1
    1    1    1    1    1    1    1    1    1    1    1    1    1    1    1
    1    1    1    1    1    1    1    1    1    1    1    1    1    1    1
    1    1    1    1    1    1    1    1    1    1    1    1    1    1    1
    1    1    1    1    1    1    1    1    1    1    1    1    1    1    1
    1    1    1    1    1    1    1    1    1    1    1    1    1    1    1
    1    1    1    1    1    1    1    1    1    1    1    1    1    1    1
    1    1    1    1    1    1    1    1    1    1    1    1    1    1    1
    1    1    1    1    1    1    1    1    1    1    1    2    1    1    1
    1    1    1    1    1    1    1    1    1    1    1    1    1    1    1
    1    1    1    1    1    1    1    1    1    1    1    1    1    1    1
    1    1    1    1    1    1    1    1    1    1    1    1    1    1    1
    1    1    1    1    1    1    1    1    1    1    1    1    1    1    1
    1    1    1    1    1    1    1    1    1    1    1    1    1    1    1
    1    1    1    1    1    1    1    1    1    1    1    1    1    1    1
    1    1    1    1    1    1    1    1    1    1    1    1    1    1    1
    1    1    1    1    1    1    1    1    1    1    1    1    1    1    1
    1    1    1    1    1    1    1    1    1    1    1    1    1    1    1
    1    1    1    1    1    1    1    1    1    1    1    1    1    1    1
    1    1    1    1    1    1    1    1    1    3    1    1    1    1    1
    1    1    1    1    1    1    1    1    3    1    1    1    1    1    1
    1    1    1    1    1    1    1    1    1    1    1    1    1    1    1
    1    1    1    1    1    1    1    1    1    1    1    1    1    1    1
    1    1    1    1    1    1    1    1    1    1    1    1    1    1    1
    1    1    1    1    1    1    1    1    1    1    1    1    1    1    1
    1    1    1    1    1    1    1    1    1    1    1    1    1    1    1
    1    1    1    1    1    1    1    1    1    1    1    1    1    1    1
    1    1    1    1    1    1    1    1    1    1    1    1    1    1    1
    1    1    1    1    1    1    1    1    1    1    1    1    1    1    1
    1    1    1    2    1    1    1    1    2    2    1    1    1    1    1
    1    1    1    1    1    1    1    1    1    1    1    1    1    1    1
    1    1    1    1    1    1    1    1    1    1    1    1    1    1    1
    1    2    1    3    1    1    2    2    1    2    2    5    1    1    1
    7    1    1    5    1    1    1    3    1    1    1    1    1    1    1
    1    2

CODONML (in paml version 4.9j, October 2019)  Chondrichthyes_Coelacanth_C9.aln
Model: One dN/dS ratio, 
Codon frequency model: F3x4
Site-class models: 
ns =   5  ls = 622

Codon usage in sequences
----------------------------------------------------------------------------------------------------------------------
Phe TTT   3   5  10  14   9 | Ser TCT   3  12   8   9   8 | Tyr TAT   4  15   6  18  11 | Cys TGT   6  19  17  21  16
    TTC   7  16  19   5  16 |     TCC  16   7  11   7  10 |     TAC  18  10  11   9  13 |     TGC  22  11  12   9  12
Leu TTA   0   5   1   8   4 |     TCA   5  15   8  10  10 | *** TAA   0   0   0   0   0 | *** TGA   0   0   0   0   0
    TTG   6   9   6   9   9 |     TCG   5   2   2   4   7 |     TAG   0   0   0   0   0 | Trp TGG  11   7   8   7   9
----------------------------------------------------------------------------------------------------------------------
Leu CTT   3   5   2   9   2 | Pro CCT   2   4   4  13   1 | His CAT   1   7   3   6   7 | Arg CGT   5   2   5   3   5
    CTC  12  11  12   2  10 |     CCC  16   9   5   3  10 |     CAC   7   2   4   4   2 |     CGC   6   1   2   2   6
    CTA   2   5   3   5   2 |     CCA   5   7   8   9   8 | Gln CAA   6  12  14  16  17 |     CGA   3   6   2   3   7
    CTG  30  14  20  11  14 |     CCG   3   2   4   0   4 |     CAG  25  18  20   2  12 |     CGG  15   5   4   2  10
----------------------------------------------------------------------------------------------------------------------
Ile ATT   4   9   6  12  10 | Thr ACT   9  12  11  17  12 | Asn AAT   2  22  17  24  21 | Ser AGT   5  10   6   9   6
    ATC  14  15  16   6  17 |     ACC  19   9  12   4   8 |     AAC  15  19  21  12  21 |     AGC  13  11  11  12  10
    ATA   2   8   5  10   4 |     ACA   8  11  10  11  15 | Lys AAA   9  13  14  31   5 | Arg AGA   5  12   6  13   7
Met ATG   8   7  15  11   7 |     ACG   4   3   9   2   4 |     AAG  16  14  17  16  10 |     AGG   7  11  13   1  13
----------------------------------------------------------------------------------------------------------------------
Val GTT   3   6   8   8   4 | Ala GCT   7   4   8   9  11 | Asp GAT  15  17  15  24  20 | Gly GGT   4  13  10   6   9
    GTC   9  10  11   3  12 |     GCC  13  13  11   5  13 |     GAC  15  14  15  20  12 |     GGC  18   7  15   3  11
    GTA   1   6   3  17   5 |     GCA   8   7   7  12   9 | Glu GAA  14  21  21  32  16 |     GGA  11  12   9  19  15
    GTG  15  13  19   8  16 |     GCG  11   1   1   3   1 |     GAG  19  16  16  12  15 |     GGG  23   9   9  12  12
----------------------------------------------------------------------------------------------------------------------

Codon position x base (3x4) table for each sequence.

#1: Amblyraja_radiata
position  1:    T:0.18499    C:0.24607    A:0.24433    G:0.32461
position  2:    T:0.20768    C:0.23386    A:0.28970    G:0.26876
position  3:    T:0.13264    C:0.38394    A:0.13787    G:0.34555
Average         T:0.17510    C:0.28796    A:0.22397    G:0.31297

#2: Carcharodon_carcharias
position  1:    T:0.22241    C:0.18395    A:0.31104    G:0.28261
position  2:    T:0.24080    C:0.19732    A:0.33445    G:0.22742
position  3:    T:0.27090    C:0.27592    A:0.23411    G:0.21906
Average         T:0.24470    C:0.21906    A:0.29320    G:0.24303

#3: Hemiscyllium_ocellatum
position  1:    T:0.19900    C:0.18729    A:0.31605    G:0.29766
position  2:    T:0.26087    C:0.19900    A:0.32441    G:0.21572
position  3:    T:0.22742    C:0.31438    A:0.18562    G:0.27258
Average         T:0.22910    C:0.23356    A:0.27536    G:0.26198

#4: Latimeria_chalumnae
position  1:    T:0.21523    C:0.14901    A:0.31623    G:0.31954
position  2:    T:0.22848    C:0.19536    A:0.37417    G:0.20199
position  3:    T:0.33444    C:0.17550    A:0.32450    G:0.16556
Average         T:0.25938    C:0.17329    A:0.33830    G:0.22903

#5: Scyliorhinus_canicula
position  1:    T:0.22259    C:0.19435    A:0.28239    G:0.30066
position  2:    T:0.23422    C:0.21761    A:0.30233    G:0.24585
position  3:    T:0.25249    C:0.30399    A:0.20598    G:0.23754
Average         T:0.23643    C:0.23865    A:0.26357    G:0.26135

Sums of codon usage counts
------------------------------------------------------------------------------
Phe F TTT      41 | Ser S TCT      40 | Tyr Y TAT      54 | Cys C TGT      79
      TTC      63 |       TCC      51 |       TAC      61 |       TGC      66
Leu L TTA      18 |       TCA      48 | *** * TAA       0 | *** * TGA       0
      TTG      39 |       TCG      20 |       TAG       0 | Trp W TGG      42
------------------------------------------------------------------------------
Leu L CTT      21 | Pro P CCT      24 | His H CAT      24 | Arg R CGT      20
      CTC      47 |       CCC      43 |       CAC      19 |       CGC      17
      CTA      17 |       CCA      37 | Gln Q CAA      65 |       CGA      21
      CTG      89 |       CCG      13 |       CAG      77 |       CGG      36
------------------------------------------------------------------------------
Ile I ATT      41 | Thr T ACT      61 | Asn N AAT      86 | Ser S AGT      36
      ATC      68 |       ACC      52 |       AAC      88 |       AGC      57
      ATA      29 |       ACA      55 | Lys K AAA      72 | Arg R AGA      43
Met M ATG      48 |       ACG      22 |       AAG      73 |       AGG      45
------------------------------------------------------------------------------
Val V GTT      29 | Ala A GCT      39 | Asp D GAT      91 | Gly G GGT      42
      GTC      45 |       GCC      55 |       GAC      76 |       GGC      54
      GTA      32 |       GCA      43 | Glu E GAA     104 |       GGA      66
      GTG      71 |       GCG      17 |       GAG      78 |       GGG      65
------------------------------------------------------------------------------

(Ambiguity data are not used in the counts.)


Codon position x base (3x4) table, overall

position  1:    T:0.20908    C:0.19160    A:0.29445    G:0.30487
position  2:    T:0.23462    C:0.20840    A:0.32538    G:0.23160
position  3:    T:0.24471    C:0.28975    A:0.21849    G:0.24706
Average         T:0.22947    C:0.22992    A:0.27944    G:0.26118

Codon frequencies under model, for use in evolver (TTT TTC TTA TTG ... GGG):
  0.01253326  0.01484021  0.01119041  0.01265377
  0.01113270  0.01318185  0.00993991  0.01123974
  0.01738137  0.02058069  0.00000000  0.00000000
  0.01237166  0.01464886  0.00000000  0.01249062
  0.01148546  0.01359955  0.01025488  0.01159590
  0.01020199  0.01207983  0.00910892  0.01030008
  0.01592827  0.01886012  0.01422167  0.01608142
  0.01133737  0.01342419  0.01012265  0.01144638
  0.01765134  0.02090036  0.01576013  0.01782107
  0.01567884  0.01856479  0.01399897  0.01582960
  0.02447923  0.02898502  0.02185645  0.02471461
  0.01742375  0.02063087  0.01555692  0.01759128
  0.01827599  0.02163998  0.01631785  0.01845172
  0.01623369  0.01922176  0.01449437  0.01638978
  0.02534550  0.03001075  0.02262991  0.02558921
  0.01804034  0.02136095  0.01610745  0.01821381


Model 7: beta (10 categories)


TREE #  1:  ((3, (5, 2)), 1, 4);   MP score: -1
lnL(ntime:  0  np:  3):  -9353.679749      +0.000000
 2.822383 0.304266 99.000000

tree length = 1552.639527

((3: 170.675500, (5: 170.675500, 2: 170.675500): 0.000000): 94.002304, 1: 264.677804, 4: 681.932918);

((Hemiscyllium_ocellatum: 170.675500, (Scyliorhinus_canicula: 170.675500, Carcharodon_carcharias: 170.675500): 0.000000): 94.002304, Amblyraja_radiata: 264.677804, Latimeria_chalumnae: 681.932918);

Detailed output identifying parameters

kappa (ts/tv) =  2.82238

Parameters in M7 (beta):
 p =   0.30427  q =  99.00000


MLEs of dN/dS (w) for site classes (K=10)

p:   0.10000  0.10000  0.10000  0.10000  0.10000  0.10000  0.10000  0.10000  0.10000  0.10000
w:   0.00000  0.00001  0.00007  0.00023  0.00053  0.00108  0.00199  0.00354  0.00643  0.01395

dN & dS for each branch

 branch          t       N       S   dN/dS      dN      dS  N*dN  S*dS

   6..7      94.002   1367.7    498.3   0.0028   0.3241 116.4509  443.3 58026.2
   7..3     170.675   1367.7    498.3   0.0028   0.5884 211.4343  804.8 105355.4
   7..8       0.000   1367.7    498.3   0.0028   0.0000   0.0000    0.0    0.0
   8..5     170.675   1367.7    498.3   0.0028   0.5884 211.4343  804.8 105355.4
   8..2     170.675   1367.7    498.3   0.0028   0.5884 211.4343  804.8 105355.4
   6..1     264.678   1367.7    498.3   0.0028   0.9125 327.8851 1248.1 163381.5
   6..4     681.933   1367.7    498.3   0.0028   2.3511 844.7843 3215.6 420946.7


Time used:  0:12


Model 8: beta&w>1 (11 categories)


TREE #  1:  ((3, (5, 2)), 1, 4);   MP score: -1
lnL(ntime:  0  np:  5):  -8993.068675      +0.000000
 1.734935 0.851229 0.871934 2.313186 999.000000

tree length = 1552.639527

((3: 170.675500, (5: 170.675500, 2: 170.675500): 0.000000): 94.002304, 1: 264.677804, 4: 681.932918);

((Hemiscyllium_ocellatum: 170.675500, (Scyliorhinus_canicula: 170.675500, Carcharodon_carcharias: 170.675500): 0.000000): 94.002304, Amblyraja_radiata: 264.677804, Latimeria_chalumnae: 681.932918);

Detailed output identifying parameters

kappa (ts/tv) =  1.73493

Parameters in M8 (beta&w>1):
  p0 =   0.85123  p =   0.87193 q =   2.31319
 (p1 =   0.14877) w = 999.00000


MLEs of dN/dS (w) for site classes (K=11)

p:   0.08512  0.08512  0.08512  0.08512  0.08512  0.08512  0.08512  0.08512  0.08512  0.08512  0.14877
w:   0.01364  0.04933  0.09136  0.13920  0.19342  0.25539  0.32754  0.41454  0.52696  0.70290 999.00000

dN & dS for each branch

 branch          t       N       S   dN/dS      dN      dS  N*dN  S*dS

   6..7      94.002   1406.9    459.1 148.8529  41.4668   0.2786 58341.6  127.9
   7..3     170.675   1406.9    459.1 148.8529  75.2893   0.5058 105928.0  232.2
   7..8       0.000   1406.9    459.1 148.8529   0.0000   0.0000    0.0    0.0
   8..5     170.675   1406.9    459.1 148.8529  75.2893   0.5058 105928.0  232.2
   8..2     170.675   1406.9    459.1 148.8529  75.2893   0.5058 105928.0  232.2
   6..1     264.678   1406.9    459.1 148.8529 116.7561   0.7844 164269.5  360.1
   6..4     681.933   1406.9    459.1 148.8529 300.8179   2.0209 423234.6  927.7


Naive Empirical Bayes (NEB) analysis
Positively selected sites (*: P>95%; **: P>99%)
(amino acids refer to 1st sequence: Amblyraja_radiata)

            Pr(w>1)     post mean +- SE for w

    36 G      0.542         541.300
    38 E      0.720         719.686
    42 G      0.730         729.602
   112 L      0.511         510.299
   119 N      0.899         898.104
   174 E      0.643         642.414
   203 T      0.514         513.760
   220 P      0.754         753.542
   229 Q      0.542         542.064
   251 L      0.713         712.701
   253 R      0.891         889.797
   267 Y      0.712         711.292
   269 K      0.630         629.532
   270 A      0.789         788.118
   271 M      0.856         855.047
   275 -      0.766         765.563
   277 -      0.676         675.067
   299 T      0.697         696.419
   387 G      0.753         752.286
   401 -      0.670         669.964
   407 E      0.811         809.954
   408 P      0.806         805.655
   409 K      0.902         901.111
   410 K      0.616         615.585
   411 T      0.723         722.516
   412 -      0.884         882.802
   416 -      0.690         689.377
   422 L      0.670         669.904
   424 G      0.677         676.047
   430 Q      0.524         524.159
   433 S      0.629         628.679
   435 R      0.697         696.629
   497 A      0.715         714.291
   514 D      0.500         500.121
   551 P      0.926         925.270
   620 M      0.752         751.845


Bayes Empirical Bayes (BEB) analysis (Yang, Wong & Nielsen 2005. Mol. Biol. Evol. 22:1107-1118)
Positively selected sites (*: P>95%; **: P>99%)
(amino acids refer to 1st sequence: Amblyraja_radiata)

            Pr(w>1)     post mean +- SE for w

   270 A      0.516         1.248 +- 0.869
   551 P      0.528         1.312 +- 1.028



The grid 

p0:   0.050  0.150  0.250  0.350  0.450  0.550  0.650  0.750  0.850  0.950
p :   0.100  0.300  0.500  0.700  0.900  1.100  1.300  1.500  1.700  1.900
q :   0.100  0.300  0.500  0.700  0.900  1.100  1.300  1.500  1.700  1.900
ws:   1.500  2.500  3.500  4.500  5.500  6.500  7.500  8.500  9.500 10.500


Posterior on the grid

p0:   0.000  0.000  0.000  0.000  0.000  0.000  0.000  0.000  0.000  1.000
p :   0.000  0.000  0.095  0.874  0.031  0.000  0.000  0.000  0.000  0.000
q :   0.000  0.000  0.000  0.000  0.003  0.078  0.021  0.305  0.480  0.113
ws:   0.885  0.067  0.017  0.008  0.006  0.004  0.004  0.003  0.003  0.003

Time used:  1:08
