--------------------------------------------------------------------------------
ModelTest-NG v0.1.5

Input data:
  MSA:        Squmata_C9_functional_duplicated_C8A_C8B.fa.PRANK.aln
  Tree:       Maximum likelihood
    file:           -
  #taxa:            65
  #sites:           2478
  #patterns:        1837
  Max. thread mem:  58 MB

Output:
  Log:           Squmata_C9_functional_duplicated_C8A_C8B.fa.PRANK.aln.log
  Starting tree: Squmata_C9_functional_duplicated_C8A_C8B.fa.PRANK.aln.tree
  Results:       Squmata_C9_functional_duplicated_C8A_C8B.fa.PRANK.aln.out

Selection options:
  # dna schemes:      3
  # dna models:       12
  include model parameters:
    Uniform:         true
    p-inv (+I):      true
    gamma (+G):      true
    both (+I+G):     true
    free rates (+R): false
    fixed freqs:     false
    estimated freqs: true
    #categories:     4
  asc bias:           none
  epsilon (opt):      0.01
  epsilon (par):      0.01

Additional options:
  verbosity:        very low
  threads:          1/2
  RNG seed:         12345
  subtree repeats:  enabled
--------------------------------------------------------------------------------

BIC       model              K            lnL          score          delta    weight
--------------------------------------------------------------------------------
       1  GTR+I+G4          10    -45276.7155     91624.1144         0.0000    1.0000
       2  HKY+I+G4           6    -45351.5096     91742.4418       118.3274    0.0000
       3  GTR+G4             9    -45358.7824     91780.4329       156.3185    0.0000
       4  HKY+G4             5    -45446.0895     91923.7863       299.6719    0.0000
       5  GTR+I              9    -45867.6286     92798.1254      1174.0111    0.0000
       6  HKY+I              5    -45948.8842     92929.3757      1305.2613    0.0000
       7  F81+I+G4           5    -46339.6555     93710.9183      2086.8040    0.0000
       8  F81+G4             4    -46434.1789     93892.1499      2268.0356    0.0000
       9  GTR                8    -46661.3513     94377.7555      2753.6411    0.0000
      10  HKY                4    -46817.4170     94658.6262      3034.5118    0.0000
--------------------------------------------------------------------------------
Best model according to BIC
---------------------------
Model:              GTR+I+G4
lnL:                -45276.7155
Frequencies:        0.3264 0.2034 0.2171 0.2532
Subst. Rates:       2.0753 4.2506 1.2425 1.8287 4.6628 1.0000 
Inv. sites prop:    0.0970
Gamma shape:        2.0423
Score:              91624.1144
Weight:             1.0000
---------------------------
Parameter importances
---------------------------
P.Inv:              0.0000
Gamma:              0.0000
Gamma-Inv:          1.0000
Frequencies:        1.0000
---------------------------
Model averaged estimates
---------------------------
P.Inv:              0.1157
Alpha:              1.1438
Alpha-P.Inv:        2.0423
P.Inv-Alpha:        0.0970
Frequencies:        0.3264 0.2034 0.2171 0.2532 

Commands:
  > phyml  -i Squmata_C9_functional_duplicated_C8A_C8B.fa.PRANK.aln -m 012345 -f m -v e -a e -c 4 -o tlr
  > raxmlHPC-SSE3 -s Squmata_C9_functional_duplicated_C8A_C8B.fa.PRANK.aln -m GTRGAMMAIX -n EXEC_NAME -p PARSIMONY_SEED
  > raxml-ng --msa Squmata_C9_functional_duplicated_C8A_C8B.fa.PRANK.aln --model GTR+I+G4
  > paup -s Squmata_C9_functional_duplicated_C8A_C8B.fa.PRANK.aln
  > iqtree -s Squmata_C9_functional_duplicated_C8A_C8B.fa.PRANK.aln -m GTR+I+G4

AIC       model              K            lnL          score          delta    weight
--------------------------------------------------------------------------------
       1  GTR+I+G4          10    -45276.7155     90827.4310         0.0000    1.0000
       2  HKY+I+G4           6    -45351.5096     90969.0192       141.5882    0.0000
       3  GTR+G4             9    -45358.7824     90989.5647       162.1337    0.0000
       4  HKY+G4             5    -45446.0895     91156.1790       328.7480    0.0000
       5  GTR+I              9    -45867.6286     92007.2573      1179.8263    0.0000
       6  HKY+I              5    -45948.8842     92161.7683      1334.3373    0.0000
       7  F81+I+G4           5    -46339.6555     92943.3110      2115.8800    0.0000
       8  F81+G4             4    -46434.1789     93130.3578      2302.9268    0.0000
       9  GTR                8    -46661.3513     93592.7025      2765.2715    0.0000
      10  HKY                4    -46817.4170     93896.8341      3069.4031    0.0000
--------------------------------------------------------------------------------
Best model according to AIC
---------------------------
Model:              GTR+I+G4
lnL:                -45276.7155
Frequencies:        0.3264 0.2034 0.2171 0.2532
Subst. Rates:       2.0753 4.2506 1.2425 1.8287 4.6628 1.0000 
Inv. sites prop:    0.0970
Gamma shape:        2.0423
Score:              90827.4310
Weight:             1.0000
---------------------------
Parameter importances
---------------------------
P.Inv:              0.0000
Gamma:              0.0000
Gamma-Inv:          1.0000
Frequencies:        1.0000
---------------------------
Model averaged estimates
---------------------------
P.Inv:              0.1157
Alpha:              1.1438
Alpha-P.Inv:        2.0423
P.Inv-Alpha:        0.0970
Frequencies:        0.3264 0.2034 0.2171 0.2532 

Commands:
  > phyml  -i Squmata_C9_functional_duplicated_C8A_C8B.fa.PRANK.aln -m 012345 -f m -v e -a e -c 4 -o tlr
  > raxmlHPC-SSE3 -s Squmata_C9_functional_duplicated_C8A_C8B.fa.PRANK.aln -m GTRGAMMAIX -n EXEC_NAME -p PARSIMONY_SEED
  > raxml-ng --msa Squmata_C9_functional_duplicated_C8A_C8B.fa.PRANK.aln --model GTR+I+G4
  > paup -s Squmata_C9_functional_duplicated_C8A_C8B.fa.PRANK.aln
  > iqtree -s Squmata_C9_functional_duplicated_C8A_C8B.fa.PRANK.aln -m GTR+I+G4

AICc      model              K            lnL          score          delta    weight
--------------------------------------------------------------------------------
       1  GTR+I+G4          10    -45276.7155     90843.4310         0.0000    1.0000
       2  HKY+I+G4           6    -45351.5096     90984.0192       140.5882    0.0000
       3  GTR+G4             9    -45358.7824     91004.5647       161.1337    0.0000
       4  HKY+G4             5    -45446.0895     91170.1790       326.7480    0.0000
       5  GTR+I              9    -45867.6286     92022.2573      1178.8263    0.0000
       6  HKY+I              5    -45948.8842     92175.7683      1332.3373    0.0000
       7  F81+I+G4           5    -46339.6555     92957.3110      2113.8800    0.0000
       8  F81+G4             4    -46434.1789     93144.3578      2300.9268    0.0000
       9  GTR                8    -46661.3513     93607.7025      2764.2715    0.0000
      10  HKY                4    -46817.4170     93910.8341      3067.4031    0.0000
--------------------------------------------------------------------------------
Best model according to AICc
---------------------------
Model:              GTR+I+G4
lnL:                -45276.7155
Frequencies:        0.3264 0.2034 0.2171 0.2532
Subst. Rates:       2.0753 4.2506 1.2425 1.8287 4.6628 1.0000 
Inv. sites prop:    0.0970
Gamma shape:        2.0423
Score:              90843.4310
Weight:             1.0000
---------------------------
Parameter importances
---------------------------
P.Inv:              0.0000
Gamma:              0.0000
Gamma-Inv:          1.0000
Frequencies:        1.0000
---------------------------
Model averaged estimates
---------------------------
P.Inv:              0.1157
Alpha:              1.1438
Alpha-P.Inv:        2.0423
P.Inv-Alpha:        0.0970
Frequencies:        0.3264 0.2034 0.2171 0.2532 

Commands:
  > phyml  -i Squmata_C9_functional_duplicated_C8A_C8B.fa.PRANK.aln -m 012345 -f m -v e -a e -c 4 -o tlr
  > raxmlHPC-SSE3 -s Squmata_C9_functional_duplicated_C8A_C8B.fa.PRANK.aln -m GTRGAMMAIX -n EXEC_NAME -p PARSIMONY_SEED
  > raxml-ng --msa Squmata_C9_functional_duplicated_C8A_C8B.fa.PRANK.aln --model GTR+I+G4
  > paup -s Squmata_C9_functional_duplicated_C8A_C8B.fa.PRANK.aln
  > iqtree -s Squmata_C9_functional_duplicated_C8A_C8B.fa.PRANK.aln -m GTR+I+G4
Done
