      4   1785

Alligator_mississippiensis      ATG AAT GTT ATG CTG CAG CTC GTA CCT TTG CTA TGC GTT TTA GAA TCA AAT ATC ATG GTT TCT GGA GAG AGT AGA GGC TCT TCA GAG ACA GCT TTG CAC AGG GAT ACA AGA CAA CTT AAT GCT CCC TCT CCA ATT GAC TGT AAG CTG AGC AGC TGG AGT GAA TGG GGA CCA TGT GAC CCA TGC TTA AAT CAA AGG TTT CGC TCT AGA AGT ATT GTG AGA TTT GGA CAA TTT GGA GGA AGG AAA TGC CTG GAA TCT TTG GGA GAT ACT CAA AAG TGT AAC AGC AAC AGA GCT TGT CTT GAA ATG GAA GCT GAT TGT GGA GCT GAC TTT ACG TGC GAC TCA GGT CGC TGT GTC AAG ATG CGG CTT ATG TGT AAT GTA GAC AAT GAC TGT GGA GAC TAC TCT GAT GAA AAT GAC TGT GAA GCA GAG CCA CGA TCA CCC TGT CGG AAT CAG GAT ATC GAT GTA TCA GAA ATT GGA AGG ACT GCA GGC CAT GGA ATC AAT ATT CTA GGG ATG CAG CCA ATG GCC AGC CCA TTT GAA AAC GAG TAT TTT AAT GGC CTT TGT GAA AGA GTG CGT GAT GGA AAT ACA AAG ACA TAT TAC CGC AAG CCG TGG AAT GTT GCT GTA CTT AAT TAT GAT ACA AGA GCA GAC AAG AGT TTC ACA ACT GAG TCC TAC CAT GAT CGA GTA GAG GTG TTC AAA GAG GTT CTC AAA ACA AAA CAA GAA TAT TTT GAG TAT GGA ATG GTT TTG AAA TTG AAA CCT ACA GAA AAA ACA AAA GAA GCT TTG AAT TTT TCT AGT GGC TAC AAA TAT TCT GCG GAA GGA AGT TTT CAT TCT ATC CTG CAT TAT GAC CAA GAA AGG AAC CAA ACC TTT CTG CTT GTA AAA GGA AAA GTA CAA CTA GGA AGA TTT CAA ATG CGT AGT CGT GAT GTT CGT CTA ACA GAT GCT TTC CTT GAT GAT TTA AAT TTT CTG CCA GTT GAA TAT GAC AAA GGG GAA TAT TTT AGA TTT CTA GAA AAT TAT GGA ACT CAC TAC GCT GTC TCT GGG ACT GTG GGA GGA AAA TAT GAA CTC GTA TAT GTG TTG GAT AAT TAT GCC ATG AAT TTA AAA GGC ATC CAT GTA GAA GAT GTA AAG AAA TGT CTT GGC TAT CAT TTA GAT ACC AGT TTA GTA TCA AAA GAT TTG GAT TAC CAA TTA AAA ATT AAA GGT GGT AAA TGT GAA AAC ATC ACC ATA ACT TCA ACA TTG GAG AAA AAA CAT GAT GCA GTG ATT GAT GAT GTC CTT TCT TTT GTT GAT GGA GGG AAG ATT GAT TTT TCA GTT AAG ATA AAA GAA ATG CTA CTG AGA GGA GCC CAA GTG GTT GAT ATA CAG GAT TAC CTG CAG TGG GCC ACC TCA CTG GTG GAT GCT CCA GTG GTG ATA CAA CAG AGG CCA TCT CCA ATC CAT ACG CTT GTT CCA GTT AAG ATG AGA GAT GCG CAT ACG AAG AAA CAA AAT TTG GAA AGA GCA ATT GAG GAC TAT GTG ACT GAA CAT AGT GTG TGC AAA TGC GAG CCT TGC CAA AAT GGT GGC ACT TTG GTG GTG ATA GAC GGA GAG TGC ATC TGT ATG TGC TCC AGC TAT TTT AAG GGA ATT GCC TGC CAG ATT GCC AAA GGA AAA GAA AGT GAA GCT AAG CAA GTC ACT AAT GGA GGC TGG AGC TGC TGG ACT GCC TGG TCC CCC TGC GTG CGA GGA GAA CAT ACT CGA ACG CGT CAA TGT AAT AAT CCC GAA CCG GGC CCT GGA GGC AAG CAA TGC GAA GGT GAA AGT ATC GAA ACA AGC TTC TGT GCT GAA GAA CTA 
Alligator_sinensis              ATG AAT GTT ATG CTG CAG CTC GTA CCT TTG CTA TGC GTT TTA GAA TCA AAT ATC ATG GTT TCT GGA GAG AGT AGA GGC TCT TCA GAG ACA GCT TTG CAC AGG GAT ACA AGA CAA CTT AAT GCT CCC TCT CCA ATT GAC TGT AAG CTG AGC AGC TGG AGT GAA TGG GGA CCA TGT GAC CCA TGC TTA AAT CAA AGG TTT CGC TCT AGA AGT ATT GTG AGA TTT GGA CAA TTT GGA GGA AGG AAA TGC CTG GAA TCT TTG GGA GAT ACT CAA AAG TGT AAC AGC AAC AGA GCT TGT CTT GAA ATG GAA GCT GAT TGT GGA GCT GAC TTT ACG TGC GAC TCA GGT CGC TGT GTA AAG ATG CGG CTT ATG TGT AAT GTA GAC AAT GAC TGT GGA GAC TAC TCT GAT GAA AAT GAC TGT GAG GCA GAG CCA CGA TCA CCC TGT CGG AAT CAG GAT ATC GAT GTA TCA GAA ATT GGA AGG ACT GCA GGC CAT GGA ATC AAT ATT CTA GGG ATG CAG CCA ATG GCC AGC CCA TTT GAA AAC GAG TAT TTT AAT GGC CTT TGT GAA AGA GTG CGT GAT GGA AAT ACT AAG ACA TAT TAC CGC AAG CCG TGG AAT GTT GCT GTA CTT AAT TAT GAT ACA AGA GCA GAC AAG AGT TTC ACA ACT GAG TCC TAC CAT GAT CGA GTA GAG GTG TTC AAA GAG GTT CTC AAA ACA AAA CAA GAA TAT TTT GAG TAT GGA ATG GTT TTG AAA TTG AAA CCT ACA GAA AAA ACA AAA GAA GCT TTG AAT TTT TCT AGT GGC TAC AAA TAT TCT GCG GAA GAA AGT TTT CAT TCT ATC CTG CAT TAT GAC CAA GAA AGG AAC CAA ACC TTT CTG CTT GTA AAA GGA AAA GTA CAA CTA GGA AGA TTT CAA ATG CGT AGT CGT GAT GTT CGT CTA ACA GAT GCT TTC CTT GAT GAT TTA AAT TTT CTG CCA GTT GAA TAT GAC AAA GGG GAA TAT TTT AGA TTT CTA GAA AAT TAT GGA ACT CAC TAC GCT GTC TCT GGG ACT GTG GGA GGA AAA TAT GAA CTC GTA TAT GTG TTG GAT AAT TAT GCC ATG AAT TTA AAA GGC ATC CGT GTA GAA GAT GTA AAG AAA TGT CTT GGC TAT CAT TTA GAT ACC AGT TTA GTA TCA AAA GAT TTG GAT TAC CAA TTA AAA ATT AAA GGT GGT AAA TGT GAA AAC ATC ACC ATA ACT TCA ACA TTG GAG AAA AAA CAT GAT GCA GTG ATT GAT GAT GTC CTT TCT TTT GTT GAT GGA GGG AAG ATT GAT TTT TCA GTT AAG ATA AAA GAA ATG CTA CTG AGA GGA GCC CAA GTG GTT GAT ATA CAG GAT TAC CTG CAG TGG GCC ACC TCA CTG GTG GAT GCT CCA GTG GTG ATA CAA CAG AGG CCA TCT CCA ATC CAT ACG CTT GTT CCA GTT AAG ATG AGA GAT GCA CAT ACG AAG AAA CAA AAT TTG GAA AGA GCA ATT GAG GAC TAT GTG ACT GAA CAT AGT GTG TGC AAA TGC AAG CCT TGC CAA AAT GGT GGC ACC TTG GTG GTG ATA GAC GGA GAG TGC ATC TGT ATG TGC TCC AGC TAT TTT AAG GGA ATT GCC TGC CAG ATT GCC AAA GGA AAA GAA AGT GAA GCT AAG CAA GTC ACT AAT GGA GGC TGG AGC TGC TGG ACT CCC TGG TCC CCC TGC GTG CGA GGA GAA CAT AGT CGA ACG CGT CAA TGT AAT AAT CCC GAC CCG GGC CCT GGA GGC AAG CAA TGC GAA GGT GAA AGT ATC GAA ACA AGC TTC TGT GCT GAA GAA CTA 
Crocodylus_porosus              ATG GAT GTT ATG CTG CAG CTC ATA CCT TTG CTA TGC ATT TTA GAA TCA AGT ATC ATG GTT TCT GGA GAG AGT AGA GGC TCT TCA AAG ACA GCT GTG CAC AGG GAT ACA AGA CAA CTT AAT GCT CCC TCT CCA ATT GAC TGT AAG CTA AGC AGC TGG AGT GAA TGG GGA CCA TGT GAC CCA TGC TTA AAT CAA AGG TTT CGC TCT AGA AGT ATT GTG AGA TTT GGA CAA TTT GGA GGA AGG AAA TGC CTG GAA TCT TTG GGA GAT TCT CAG AAG TGT AAC AGC AAC ACA GCT TGT CTT GAA ATA GAA GTC GAT TGT GGA GCT GAC TTT ACG TGC GAC TCA GGT CGC TGT ATA AAG AGG CGG CTT ATG TGT AAT GTA GAC AAT GAC TGT GGA GAC TAC TCT GAT GAA AAT GAC TGT GAG GGA GAC CCA CGA TCA CCG TGT CGG AAT CAG GAG ATC GAT GTA TCA GAA ATT GGA AGG ACT GCA GGA CAT GGA ATC AAT ATT CTC GGG ATG CAG CCA ATG GCC AGT CCA TTT GAA AAT GAG TAT TTT AAT GGC CTT TGT GAA AGA GTG CGT GAT GGA AAT ACT AAG ACA TAT TAC CGC AAG CCG TGG AAT GTT GCT GTA CTT AAT TAT GAG ACA AGA GCA GAC AAG AGT TTC ACA AGT GAG TCC TAC CAG GAT CGA CTA ACG GTG TTC AAA GAG GTT CTC AGA ACA AAA CAA GAA CAT TTT GAG GTT GGA ATG GTT TTG AAA TTG AAA CCT ACA GAA GAA AAA AAA GCA GCT TTG AAT TTT TCT ACT GGA TAC AAA TAT TCT GCG GGA GAA AGT TTT CAT TCT ATT CTG AAG TAT GAC CAA GAA AGG AAC CAA ACC TTT CTG CTT GTA AAA GGA AAA GTA CAA CTA GGA AGA TTT CAA ATG CGT AGT CGT GAT GTT CGT CTA ACA GAT GCT TTC CTT GAT GAT TTA AAT TTT CTG CCA GTT GAA TAT GAC AAA GGG GAA TAT TTT AGA TTT CTA GAA AAT TAC GGA ACT CAC TAT GCT GTC TCT GGG ACT GTG GGA GGA AAA TAT GAA CTC ATA TAT GTG TTG GAT AAT TAT GCC ATG AAA TTA AAA GGC ATC CGT GTC GAA GAC GTA AAG AAA TGT CTT GGC TAT CAT TTA GAT ACC AGT TTA GCA TCA AAA GAT TTG GAT TAC CAA TTA AAA ATT AAA GAT AGT AAA TGT GAA AAC ATA ACC ATA ACT TCA ACA TTG GAC AAA AAA TAT GAT GCA GTG ATT GAT GAT GTC CTT TCT TTT GTT GAT GGA GGA AAG ATT GAT TTT TCA GTT AAG ATA AAA GAA ATG CTA CTG AGA GGA GCC CAC GTG GTT GAT ATA CAG GAT TAT GTG CAG TGG GCC TCC TCA CTG GTG GAT GTT CCA GTG GTG ATA CAA CAG AGG CCG TCT CCA ATC CAT ACG CTT GTT CCA GTC AAG ATG AGA GAT GCA TAT ACA AAG AAA CAA AAT TTG GAA AGA GCA ATT GAG GAC TAT GTG ACT GAA TAT AAT GTG TGC AAA TGC GAG CCT TGC CAA AAT GGT GGC ACC TTG GTG GTG ATA GAT GGA GAG TGC ATC TGT ATG TGC TCC AGC TAT TTT AAG GGA ATT GCC TGC CAG ATT GCC AAA GGA AAA GAA GAT GAA GCT AAG CAA GTC ATT GAT GGA GGC TGG AGC TGC TGG ACT GCC TGG TCC CCC TGT GTG CGA GGA GAA CAT ACT CGA ACA CGT CAA TGT AAT AAT CCC GAA CCA GGC CCT GGA GGC AAG CAA TGC GAA GGT GAA AGT ATC GAA ACA AGC TTC TGT GCT GAA GAG CTA 
Gavialis_gangeticus             ATG GAT GTT GTG CTG CAG CTC ATA CCT TTG CTA TGC ATT TTA GAA TCA AGT ATC ACG GTT TCT GGA GAG AGT AGA GGG TCT TCA GAG ACA GCT TTG CAC AGG GAT ACA AGA CAA CTT AAT GCT CCC TCT CCA ATT GAC TGT AAG CTG AGC AGC TGG AGT GAA TGG GGA CCA TGT GAC CCA TGC TTA AAT CAA AGG TTT CGC TCT AGA AGT ATT GTG AGA TTT GGA CAA TTT GGA GGA AGG AAA TGC CTG GAA TCT TTG GGA GAT ACT CAG AAG TGC AAC AGC AAC ACA GCT TGT CTT GAA ATG GAA GCC GAT TGT GGA GCT GAC TTT ACG TGT GAC TCA GGT CGC TGT GTA AAG AGG CGG CTT ATG TGT AAT GTA GAC AAT GAC TGT GGA GAC TAC TCT GAT GAA AAT GAC TGT GAG GGA GAC CCC CGA TCA CCC TGT CGG AAT CAG GAG ATC GAT GTA TCA GAA ACT GGA AGG ACT GCA GGA CAT GGA ATC AAT ATT CTA GGG ATG CAG CCA ATG GCC AGC CCA TTT GAA AAC GAG TAT TTT AAT GGC CTT TGT GAA AGA GTG CGT GAT GGA AAT ACT AAG ACA TAT TAC CGC AAG CCG TGG AAT GTT GCT GTA CTT AAT TAT GAT ACA AGA GCA GAC AAG AGT TTC ACA ACT GAG TCC TAC CAT GAT CAT ATA ACG GTG TTC AAA GAG GTT CTC AAA ACA AAA CAA GAA CAT TTT GAG GCT GGA ATG GTT TTG AAA TTG AAA CCT ACA GAA GAA AAA AAA GCA GCT TTG AAT TTT TCT ACT GGA TAC AAA TAT TCT GCC GGA GAA AGT TTT CAT TCT ATT CTG AAT TAT GAC CAA GAA AGG AAC CAA ACC TTT CTG CTT GTA AAA GGA AAA GTA CAA CTA GGA AGA TTT CAA ATG CGT AGT CGT GAT GTT CGT CTA ACA GAT GCT TTC CTT GAT GAT TTA AAT TTT CTG CCA GTT GAA TAT GAC AAA GGG GAA TAT TTT AGA TTT CTA GAA AAT TAC GGA ACT CAC TAT GCT GTC TCT GGG ACT GTG GGA GGA AAA TAT GAA CTC ATA TAT GTG TTG GAT AAT TAT GCC ATG AAA TTA AAA GGC ATC CAT GTA GAA GAC ATA AAG AAA TGT CTT GGC TAT CAT TTA GAT ACC AGT TTA GCA TCA AAA GAT TTG GAT TAC CAA TTA AAA ATT AAA GAT GGT AAA TGT GAA AAC ATC ACC ATA ACT TCA ACA TTG GTC AAA AAA CAT GAT GCA GTG ATT GAT GAT GTC CTT TCT TTT GTT GAT GGA GGA AAG ATT GAT TTT TCA GTT AAG ATA AAA GAA ATG CTA CTG AGA GGA GCC TAC GTG GTT GAT GTA CAG GAT TAC GTG CAG TGG GCC TCC TCA CTG GTG GAT GTT CCA GTG GTG ATA CAA CAG AGG CCA TCT CCA ATC CAT ACG CTT GTT CCA GTT AAG ATG AGA GAT GCA CAT ACG AAG AAA CAA AAT TTG GAA AGA GCA ATT GAG GAC TAT GTG ACT GAA CAT AAC GTG TGC AAA TGC GAG CCT TGC CAA AAT GGT GGC ACC TTG GTG GTG ATA GAC GGA GAG TGC ATC TGT ATG TGC TCC AGC TAT TTT AAG GGA ATT GCC TGC CAG ATT GCC AAA GGA AAA GAA GGT GAA GCT AAG CAA GTC ACT GAT GGA GGC TGG AGC TGC TGG ACT GCC TGG TCC CCC TGT GTG CGA GGG GAA CAT ACT CGA ACA CGT CAA TGT AAT AAT CCT GAA CCA GGC CCT GGA GGC AAG CAA TGC GAA GGT CGA AGT ATC GAA ACA AGC TTC TGT GCT GAA GAA CTA 



Printing out site pattern counts


         4        444  P

Alligator_mississippiensis      AAA AAA AAA AAC AAC AAG AAT AAT AAT AAT ACA ACA ACA ACC ACC ACG ACG ACG ACT ACT ACT ACT ACT ACT AGA AGA AGC AGC AGG AGT AGT AGT AGT ATA ATA ATC ATC ATC ATG ATG ATG ATG ATG ATT ATT CAA CAA CAA CAC CAG CAT CAT CAT CAT CAT CCA CCA CCA CCC CCC CCC CCG CCG CCT CGA CGA CGC CGG CGT CTA CTA CTC CTG CTG CTG CTT GAA GAA GAA GAA GAA GAA GAA GAC GAC GAG GAG GAG GAG GAG GAG GAT GAT GAT GAT GCA GCA GCC GCC GCG GCG GCT GCT GCT GGA GGA GGA GGC GGC GGC GGG GGG GGT GGT GGT GTA GTA GTA GTA GTA GTA GTC GTC GTG GTT GTT GTT TAC TAC TAC TAT TAT TAT TAT TCA TCC TCT TGC TGC TGC TGG TGT TGT TTA TTC TTG TTG TTT 
Alligator_sinensis              ... ... ... ... ... ... ... ... ... ... ... ... ..T ... ... ... ... ... ..C ... ... ... ... .G. ... ... ... ... ... ... ... ... ... ... ... ... ... ... ... ... ... ... ... ... ... ... ... ... ... ... ... ... ... ... .G. ... ... ... ... ... ... ... ... ... ... ... ... ... ... ... ... ... ... ... ... ... ... ... ... ... ... ..C ..G ... ... A.. ... ... ... ... ... ... ... ... ... ... ... C.. ... ..A ... ... ... ... .A. ... ... ... ... ... ... ... ... ... ... ... ... ... ... ... ... ..A ... ... ... ... ... ... ... ... ... ... ... ... ... ... ... ... ... ... ... ... ... ... ... ... ... ... 
Crocodylus_porosus              ... .G. G.. ... ..T ... ..A ... .G. G.. .A. ... ..T ... T.. ..A ..A ... ..C ... .G. .T. T.. ... .C. ... ... ..T ... .A. .C. ... GA. ... ... ..A ... ..T .G. ..A ... ... ... ... ... ... ..C ..G ... ... A.G ..G ... T.. .G. ... ... ..G ... ... ..G ..A ... ... ... ... ... ... ... ... ..C ... ..A ... G.. ... ... ... ..G .C. .G. ... ..G ... ..T ... A.. AC. ..C ..C ... ..C ..G ..G ... ... .G. ... ... ..A ... ... .TC .T. .A. ... ... ..A ... ... ..A ... A.. .A. ... A.. C.. .C. ... ... ..C A.A ... ... A.. ..C ... ... ..T ..T C.. GT. ..C ... ... ... ... ... ... ..T ... ... ... ... ... G.. ... ... 
Gavialis_gangeticus             ... ... G.. ... ... ... ..A ... .G. G.. .A. ... ..T ... T.. ..A ... ... ..C ... ... ... ... ... .C. ... ... ... ... .AC .C. ... G.. ... G.. ... ... ..T .G. ... .C. ... G.. .C. ... ... T.C ..G ... ... A.. ... ... ... ... ... ..C ... ... ..T ... ..A ... ... .AT ... ... ... ... ... ... ... ... ... G.. ... CG. ... ... .C. .G. ... ..G ... ... ... ... AC. ..C .TC ... ..C ..G ... ... ... .G. ... ... ..A ..C ... ..C .T. .A. ... ..G ..A ... ..G ..A ... ... .A. ... A.. A.. .C. A.. ... ... ..A ... ... A.. ... ... ... ... ..T C.. GC. ..C ... ... ... ... ... ..T ..T ... ..C ... ... ... ... ... ... 

   24    1    1    4    1   14    1   19    1    2    1   10    1    3    1
    1    1    2    1    6    1    1    1    1    1   11    6    1    6    1
    1    8    1    4    1    1    7    1    1    1    1   10    1    1    9
   15    1    1    2    7    1    1    5    3    1    9    1    1    2    1
    1    1    1    4    1    3    3    2    5    6    1    3    1    7    1
   10    1   27    1    1    1    1    1   12    1    1    1    1    1    1
    7    1    1    1   24    4    1    1    6    1    1   10    1    1    1
   24    1    2    7    1    1    3    1    1    3    2    1    1    1    5
    1    1    3   15    1    1   11    5    1    1    1    1    1   13    9
    3   12   11    1    1    7    1   15    7    4    1   10   17

CODONML (in paml version 4.9f, October 2017)  Crocodilia_C9.aln.faa
Model: several dN/dS ratios for branches for branches, 
Codon frequency model: F1x4
ns =   4  ls = 595

Codon usage in sequences
------------------------------------------------------------------------------------------------------
Phe TTT  17  17  17  17 | Ser TCT  12  12  13  12 | Tyr TAT  16  16  18  14 | Cys TGT  16  16  17  17
    TTC   4   4   4   4 |     TCC   3   3   4   4 |     TAC   7   7   6   8 |     TGC  13  13  12  12
Leu TTA   7   7   7   7 |     TCA   9   9   9   9 | *** TAA   0   0   0   0 | *** TGA   0   0   0   0
    TTG  11  11  10  11 |     TCG   0   0   0   0 |     TAG   0   0   0   0 | Trp TGG   7   7   7   7
------------------------------------------------------------------------------------------------------
Leu CTT  10  10  10  10 | Pro CCT   4   4   4   5 | His CAT  11  10   6  12 | Arg CGT   5   6   6   5
    CTC   3   3   4   3 |     CCC   4   5   3   4 |     CAC   2   2   3   2 |     CGC   3   3   3   3
    CTA   7   7   8   7 |     CCA  11  11  11  11 | Gln CAA  17  17  15  15 |     CGA   4   4   4   4
    CTG   9   9   7   8 |     CCG   2   2   3   1 |     CAG   7   7   9   8 |     CGG   2   2   2   2
------------------------------------------------------------------------------------------------------
Ile ATT  10  10  13  11 | Thr ACT  11  10   9  13 | Asn AAT  23  23  21  20 | Ser AGT  11  12  12   9
    ATC   9   9   7   8 |     ACC   4   5   4   4 |     AAC   5   5   4   6 |     AGC   7   7   6   7
    ATA   5   5  10   8 |     ACA  12  11  13  12 | Lys AAA  26  26  26  27 | Arg AGA  12  12  12  11
Met ATG  14  14  12  11 |     ACG   4   4   3   5 |     AAG  14  15  16  14 |     AGG   6   6   7   7
------------------------------------------------------------------------------------------------------
Val GTT  13  13  13  13 | Ala GCT  12  12  10  11 | Asp GAT  27  27  29  28 | Gly GGT   5   5   3   5
    GTC   4   3   6   4 |     GCC   7   6   7   9 |     GAC  13  14  15  15 |     GGC  10  10   8   7
    GTA  11  12   6   8 |     GCA   5   6   7   7 | Glu GAA  33  32  31  31 |     GGA  26  25  30  29
    GTG  15  15  17  17 |     GCG   2   1   1   0 |     GAG  12  12  12  11 |     GGG   4   4   3   5
------------------------------------------------------------------------------------------------------

Codon position x base (3x4) table for each sequence.

#1: Alligator_mississippiensis
position  1:    T:0.20504    C:0.16975    A:0.29076    G:0.33445
position  2:    T:0.25042    C:0.17143    A:0.35798    G:0.22017
position  3:    T:0.34118    C:0.16471    A:0.31092    G:0.18319
Average         T:0.26555    C:0.16863    A:0.31989    G:0.24594

#2: Alligator_sinensis
position  1:    T:0.20504    C:0.17143    A:0.29244    G:0.33109
position  2:    T:0.25042    C:0.16975    A:0.35798    G:0.22185
position  3:    T:0.34118    C:0.16639    A:0.30924    G:0.18319
Average         T:0.26555    C:0.16919    A:0.31989    G:0.24538

#3: Crocodylus_porosus
position  1:    T:0.20840    C:0.16471    A:0.29412    G:0.33277
position  2:    T:0.25378    C:0.16975    A:0.35462    G:0.22185
position  3:    T:0.33782    C:0.16134    A:0.31765    G:0.18319
Average         T:0.26667    C:0.16527    A:0.32213    G:0.24594

#4: Gavialis_gangeticus
position  1:    T:0.20504    C:0.16807    A:0.29076    G:0.33613
position  2:    T:0.24706    C:0.17983    A:0.35462    G:0.21849
position  3:    T:0.33950    C:0.16807    A:0.31261    G:0.17983
Average         T:0.26387    C:0.17199    A:0.31933    G:0.24482

Sums of codon usage counts
------------------------------------------------------------------------------
Phe F TTT      68 | Ser S TCT      49 | Tyr Y TAT      64 | Cys C TGT      66
      TTC      16 |       TCC      14 |       TAC      28 |       TGC      50
Leu L TTA      28 |       TCA      36 | *** * TAA       0 | *** * TGA       0
      TTG      43 |       TCG       0 |       TAG       0 | Trp W TGG      28
------------------------------------------------------------------------------
Leu L CTT      40 | Pro P CCT      17 | His H CAT      39 | Arg R CGT      22
      CTC      13 |       CCC      16 |       CAC       9 |       CGC      12
      CTA      29 |       CCA      44 | Gln Q CAA      64 |       CGA      16
      CTG      33 |       CCG       8 |       CAG      31 |       CGG       8
------------------------------------------------------------------------------
Ile I ATT      44 | Thr T ACT      43 | Asn N AAT      87 | Ser S AGT      44
      ATC      33 |       ACC      17 |       AAC      20 |       AGC      27
      ATA      28 |       ACA      48 | Lys K AAA     105 | Arg R AGA      47
Met M ATG      51 |       ACG      16 |       AAG      59 |       AGG      26
------------------------------------------------------------------------------
Val V GTT      52 | Ala A GCT      45 | Asp D GAT     111 | Gly G GGT      18
      GTC      17 |       GCC      29 |       GAC      57 |       GGC      35
      GTA      37 |       GCA      25 | Glu E GAA     127 |       GGA     110
      GTG      64 |       GCG       4 |       GAG      47 |       GGG      16
------------------------------------------------------------------------------


Codon position x base (3x4) table, overall

position  1:    T:0.20588    C:0.16849    A:0.29202    G:0.33361
position  2:    T:0.25042    C:0.17269    A:0.35630    G:0.22059
position  3:    T:0.33992    C:0.16513    A:0.31261    G:0.18235
Average         T:0.26541    C:0.16877    A:0.32031    G:0.24552

Codon frequencies under model, for use in evolver (TTT TTC TTA TTG ... GGG):
  0.02008034  0.01276877  0.02423417  0.01857564
  0.01276877  0.00811945  0.01541012  0.01181195
  0.02423417  0.01541012  0.00000000  0.00000000
  0.01857564  0.01181195  0.00000000  0.01718369
  0.01276877  0.00811945  0.01541012  0.01181195
  0.00811945  0.00516303  0.00979904  0.00751103
  0.01541012  0.00979904  0.01859785  0.01425537
  0.01181195  0.00751103  0.01425537  0.01092683
  0.02423417  0.01541012  0.02924725  0.02241820
  0.01541012  0.00979904  0.01859785  0.01425537
  0.02924725  0.01859785  0.03529734  0.02705563
  0.02241820  0.01425537  0.02705563  0.02073832
  0.01857564  0.01181195  0.02241820  0.01718369
  0.01181195  0.00751103  0.01425537  0.01092683
  0.02241820  0.01425537  0.02705563  0.02073832
  0.01718369  0.01092683  0.02073832  0.01589605


TREE #  1:  (3, 4, (2, 1));   MP score: 104
lnL(ntime:  5  np:  8):  -3032.508029      +0.000000
   5..3     5..4     5..6     6..2     6..1  
 0.055110 0.034386 0.077502 0.007505 0.010804 2.696261 0.531959 999.000000

Note: Branch length is defined as number of nucleotide substitutions per codon (not per neucleotide site).

tree length =  0.185307

(3: 0.055110, 4: 0.034386, (2: 0.007505, 1: 0.010804): 0.077502);

(Crocodylus_porosus: 0.055110, Gavialis_gangeticus: 0.034386, (Alligator_sinensis: 0.007505, Alligator_mississippiensis: 0.010804): 0.077502);

Detailed output identifying parameters

kappa (ts/tv) =  2.69626

w (dN/dS) for branches:  0.53196 999.00000

dN & dS for each branch

 branch          t       N       S   dN/dS      dN      dS  N*dN  S*dS

   5..3      0.055  1327.3   457.7  0.5320  0.0150  0.0282  19.9  12.9
   5..4      0.034  1327.3   457.7  0.5320  0.0094  0.0176  12.4   8.0
   5..6      0.078  1327.3   457.7  0.5320  0.0211  0.0396  28.0  18.1
   6..2      0.008  1327.3   457.7 999.0000  0.0034  0.0000   4.5   0.0
   6..1      0.011  1327.3   457.7  0.5320  0.0029  0.0055   3.9   2.5

tree length for dN:       0.0517
tree length for dS:       0.0909

dS tree:
(Crocodylus_porosus: 0.028176, Gavialis_gangeticus: 0.017580, (Alligator_sinensis: 0.000003, Alligator_mississippiensis: 0.005524): 0.039624);
dN tree:
(Crocodylus_porosus: 0.014988, Gavialis_gangeticus: 0.009352, (Alligator_sinensis: 0.003363, Alligator_mississippiensis: 0.002938): 0.021078);

w ratios as labels for TreeView:
(Crocodylus_porosus #0.531959 , Gavialis_gangeticus #0.531959 , (Alligator_sinensis #999 , Alligator_mississippiensis #0.531959 ) #0.531959 );


Time used:  0:01
