   SW   perc perc perc  query                         position in query     matching   repeat           position in repeat
score   div. del. ins.  sequence                      begin end    (left)   repeat     class/family   begin  end    (left)  ID

  378   32.8  4.1  2.6  QCWP01000059.1:848900-876700    655   998 (26803) C Plat_L3    LINE/CR1        (122)   3451   3103   1  
   14   16.9  0.0  2.9  QCWP01000059.1:848900-876700   3233  3267 (24534) + A-rich     Low_complexity      1     34    (0)   2  
  829   31.1  3.7  2.5  QCWP01000059.1:848900-876700   3514  4164 (23637) + CR1-3_Croc LINE/CR1         2425   3567    (6)   3  
   24   25.3  1.5  0.0  QCWP01000059.1:848900-876700   5965  6030 (21771) + (TAT)n     Simple_repeat       1     67    (0)   4  
   16   16.8  0.0  0.0  QCWP01000059.1:848900-876700   6286  6312 (21489) + (T)n       Simple_repeat       1     27    (0)   5  
   15    4.7  0.0  0.0  QCWP01000059.1:848900-876700   6503  6524 (21277) + (AACA)n    Simple_repeat       1     22    (0)   6  
  748   29.0  4.4  2.8  QCWP01000059.1:848900-876700   7625  8074 (19727) C Plat_L3    LINE/CR1          (3)   3570   3114   7  
  215   29.5  0.0  1.6  QCWP01000059.1:848900-876700   8432  8493 (19308) C L3         LINE/CR1          (1)   4098   4038   8  
  261   34.3  2.9  0.0  QCWP01000059.1:848900-876700   8548  8684 (19117) C Plat_L3    LINE/CR1        (115)   3458   3318   9  
  331   29.4  1.5  4.2  QCWP01000059.1:848900-876700   8728  8922 (18879) C Plat_L3    LINE/CR1          (0)   3573   3384  10  
  253   19.6  4.4 10.5  QCWP01000059.1:848900-876700   8953  9043 (18758) C L3         LINE/CR1        (339)   3760   3675  11  
  860   32.7  2.2  2.4  QCWP01000059.1:848900-876700  10368 10918 (16883) + Plat_L3    LINE/CR1         3024   3573    (0)  12  
  235   25.8  0.0  0.0  QCWP01000059.1:848900-876700  10920 10981 (16820) + Plat_L3    LINE/CR1         3201   3262  (311)  13  
  278   20.3  0.0  3.1  QCWP01000059.1:848900-876700  11158 11223 (16578) + CR1-3_Croc LINE/CR1         3542   3605    (0)  14  
   21   20.4  0.0  0.0  QCWP01000059.1:848900-876700  12979 13018 (14783) + A-rich     Low_complexity      1     40    (0)  15  
   15    4.7  0.0  0.0  QCWP01000059.1:848900-876700  14807 14828 (12973) + (AACA)n    Simple_repeat       1     22    (0)  16  
  469   24.9  5.9  7.1  QCWP01000059.1:848900-876700  16484 16738 (11063) + Plat_L3    LINE/CR1         3319   3570    (3)  17  
   31    9.8  3.6  0.0  QCWP01000059.1:848900-876700  17355 17411 (10390) + (AAAC)n    Simple_repeat       1     59    (0)  18  
   17    5.0  0.0  0.0  QCWP01000059.1:848900-876700  17436 17456 (10345) + (T)n       Simple_repeat       1     21    (0)  19  
   33    0.0  0.0  0.0  QCWP01000059.1:848900-876700  17617 17647 (10154) + (T)n       Simple_repeat       1     31    (0)  20  
  971   28.8  4.2  1.4  QCWP01000059.1:848900-876700  18096 18688  (9113) + CR1-3_Croc LINE/CR1         2522   3570    (3)  21  
   16    0.0  0.0  0.0  QCWP01000059.1:848900-876700  18780 18796  (9005) + (A)n       Simple_repeat       1     17    (0)  22  
  291   27.0  2.3 12.5  QCWP01000059.1:848900-876700  19928 20147  (7654) C CR1-3_Croc LINE/CR1        (628)   2977   2883  23  
  314   19.7  0.0  1.6  QCWP01000059.1:848900-876700  20672 20733  (7068) C MIR3       SINE/MIR          (0)    208    148  24  
  310   19.3  0.6  2.8  QCWP01000059.1:848900-876700  20677 20765  (7036) C L3b        LINE/CR1          (3)   5229   5167  25 *
   24    3.6  0.0  0.0  QCWP01000059.1:848900-876700  21308 21336  (6465) + (A)n       Simple_repeat       1     29    (0)  26  
  791   31.5  4.2  3.6  QCWP01000059.1:848900-876700  21625 22335  (5466) + Plat_L3    LINE/CR1         2856   3570    (3)  27  
   14   17.5  0.0  0.0  QCWP01000059.1:848900-876700  23207 23238  (4563) + (CTCTTC)n  Simple_repeat       1     32    (0)  28  
   16    0.0  0.0  0.0  QCWP01000059.1:848900-876700  24271 24287  (3514) + (A)n       Simple_repeat       1     17    (0)  29  
   13   12.3  5.4  2.6  QCWP01000059.1:848900-876700  27050 27061   (740) + A-rich     Low_complexity      1     37    (0)  30  
   17    8.9  0.0  0.0  QCWP01000059.1:848900-876700  27062 27085   (716) + (A)n       Simple_repeat       1     24    (0)  31  
   17    5.0  0.0  0.0  QCWP01000059.1:848900-876700  27373 27393   (408) + (A)n       Simple_repeat       1     21    (0)  32  
