   SW   perc perc perc  query                              position in query     matching   repeat           position in repeat
score   div. del. ins.  sequence                           begin end    (left)   repeat     class/family   begin  end    (left)  ID

   18    0.0  0.0  0.0  JACDJE010000321.1:1862300-1895000   1820  1839 (30862) + (T)n       Simple_repeat       1     20    (0)   1  
  861   30.6  3.3  4.2  JACDJE010000321.1:1862300-1895000   6163  6622 (26079) C Plat_L3    LINE/CR1          (3)   3570   3115   2  
   15   13.9  0.0  0.0  JACDJE010000321.1:1862300-1895000   6632  6655 (26046) + (T)n       Simple_repeat       1     24    (0)   3  
  542   33.0  5.1  2.9  JACDJE010000321.1:1862300-1895000   6984  7395 (25306) C Plat_L3    LINE/CR1          (0)   3573   3153   4  
  354   31.1  1.1  5.2  JACDJE010000321.1:1862300-1895000   9151  9330 (23371) + Plat_L3    LINE/CR1         3398   3570    (3)   5  
  591   31.1  2.6  4.1  JACDJE010000321.1:1862300-1895000  11994 12699 (20002) + CR1-3_Croc LINE/CR1         2425   3567    (6)   6  
   19    0.0  0.0  0.0  JACDJE010000321.1:1862300-1895000  15695 15718 (16983) + (AAAC)n    Simple_repeat       1     24    (0)   7  
   17   14.9  2.7  0.0  JACDJE010000321.1:1862300-1895000  18001 18038 (14663) + (AACA)n    Simple_repeat       1     39    (0)   8  
   19    0.0  0.0  0.0  JACDJE010000321.1:1862300-1895000  18673 18693 (14008) + (A)n       Simple_repeat       1     21    (0)   9  
   11   10.0  5.6  5.6  JACDJE010000321.1:1862300-1895000  20102 20137 (12564) + (TCTGCAC)n Simple_repeat       1     36    (0)  10  
  276   20.6  1.7  1.9  JACDJE010000321.1:1862300-1895000  20510 20580 (12121) C CR1-3_Croc LINE/CR1          (0)   3605   3504  11  
 1237   32.2  2.4  2.1  JACDJE010000321.1:1862300-1895000  21470 22144 (10557) + Plat_L3    LINE/CR1         2894   3570    (3)  12  
   15    5.5  0.0  0.0  JACDJE010000321.1:1862300-1895000  22409 22427 (10274) + (T)n       Simple_repeat       1     19    (0)  13  
   14   17.5  0.0  0.0  JACDJE010000321.1:1862300-1895000  23046 23077  (9624) + (CTCTTC)n  Simple_repeat       1     32    (0)  14  
   20    9.1  0.0  2.8  JACDJE010000321.1:1862300-1895000  23472 23508  (9193) + (GGCAG)n   Simple_repeat       1     36    (0)  15  
   71    0.0  0.0  0.0  JACDJE010000321.1:1862300-1895000  29904 29966  (2735) + (TTTGT)n   Simple_repeat       1     63    (0)  16  
   12   10.4  0.0 11.4  JACDJE010000321.1:1862300-1895000  30028 30066  (2635) + (ATTTTT)n  Simple_repeat       1     35    (0)  17  
   17   22.7  0.0  0.0  JACDJE010000321.1:1862300-1895000  31395 31430  (1271) + A-rich     Low_complexity      1     36    (0)  18  
   15    9.7  0.0  0.0  JACDJE010000321.1:1862300-1895000  31570 31591  (1110) + (AT)n      Simple_repeat       1     22    (0)  19  
   13   31.1  0.0  1.9  JACDJE010000321.1:1862300-1895000  31592 31623  (1078) + (ATGT)n    Simple_repeat       1     53    (0)  20  
