
Loaded 'libv3/all-terms.bf' from /usr/local/lib/hyphy/TemplateBatchFiles/libv3/all-terms.bf
Loaded 'libv3/UtilityFunctions.bf' from /usr/local/lib/hyphy/TemplateBatchFiles/libv3/UtilityFunctions.bf
Loaded 'IOFunctions.bf' from /usr/local/lib/hyphy/TemplateBatchFiles/libv3/IOFunctions.bf
Already loaded 'libv3/UtilityFunctions.bf' from /usr/local/lib/hyphy/TemplateBatchFiles/libv3/UtilityFunctions.bf
Loaded 'convenience/regexp.bf' from /usr/local/lib/hyphy/TemplateBatchFiles/libv3/convenience/regexp.bf
Already loaded 'libv3/all-terms.bf' from /usr/local/lib/hyphy/TemplateBatchFiles/libv3/all-terms.bf
Already loaded 'libv3/IOFunctions.bf' from /usr/local/lib/hyphy/TemplateBatchFiles/libv3/IOFunctions.bf
Loaded 'libv3/models/codon/MG_REV.bf' from /usr/local/lib/hyphy/TemplateBatchFiles/libv3/models/codon/MG_REV.bf
Loaded '../codon.bf' from /usr/local/lib/hyphy/TemplateBatchFiles/libv3/models/codon.bf
Loaded '../tasks/genetic_code.bf' from /usr/local/lib/hyphy/TemplateBatchFiles/libv3/tasks/genetic_code.bf
Loaded 'libv3/convenience/matrix.bf' from /usr/local/lib/hyphy/TemplateBatchFiles/libv3/convenience/matrix.bf
Already loaded 'libv3/UtilityFunctions.bf' from /usr/local/lib/hyphy/TemplateBatchFiles/libv3/UtilityFunctions.bf
Already loaded 'libv3/all-terms.bf' from /usr/local/lib/hyphy/TemplateBatchFiles/libv3/all-terms.bf
Already loaded '../UtilityFunctions.bf' from /usr/local/lib/hyphy/TemplateBatchFiles/libv3/UtilityFunctions.bf
Loaded '../DNA.bf' from /usr/local/lib/hyphy/TemplateBatchFiles/libv3/models/DNA.bf
Loaded 'frequencies.bf' from /usr/local/lib/hyphy/TemplateBatchFiles/libv3/models/frequencies.bf
Already loaded '../all-terms.bf' from /usr/local/lib/hyphy/TemplateBatchFiles/libv3/all-terms.bf
Loaded 'parameters.bf' from /usr/local/lib/hyphy/TemplateBatchFiles/libv3/models/parameters.bf
Loaded 'GrabBag' from /usr/local/lib/hyphy/TemplateBatchFiles/Utility/GrabBag.bf
Overwritten previously defined function:'_sortStringsAux'
Already loaded 'libv3/all-terms.bf' from /usr/local/lib/hyphy/TemplateBatchFiles/libv3/all-terms.bf
Already loaded '../UtilityFunctions.bf' from /usr/local/lib/hyphy/TemplateBatchFiles/libv3/UtilityFunctions.bf
Loaded 'model_functions.bf' from /usr/local/lib/hyphy/TemplateBatchFiles/libv3/models/model_functions.bf
Already loaded 'DNA.bf' from /usr/local/lib/hyphy/TemplateBatchFiles/libv3/models/DNA.bf
Already loaded 'parameters.bf' from /usr/local/lib/hyphy/TemplateBatchFiles/libv3/models/parameters.bf
Already loaded 'frequencies.bf' from /usr/local/lib/hyphy/TemplateBatchFiles/libv3/models/frequencies.bf
Already loaded '../UtilityFunctions.bf' from /usr/local/lib/hyphy/TemplateBatchFiles/libv3/UtilityFunctions.bf
Already loaded '../convenience/regexp.bf' from /usr/local/lib/hyphy/TemplateBatchFiles/libv3/convenience/regexp.bf
Already loaded 'libv3/all-terms.bf' from /usr/local/lib/hyphy/TemplateBatchFiles/libv3/all-terms.bf
Already loaded '../parameters.bf' from /usr/local/lib/hyphy/TemplateBatchFiles/libv3/models/parameters.bf
Already loaded '../frequencies.bf' from /usr/local/lib/hyphy/TemplateBatchFiles/libv3/models/frequencies.bf
Already loaded '../../UtilityFunctions.bf' from /usr/local/lib/hyphy/TemplateBatchFiles/libv3/UtilityFunctions.bf
Loaded 'libv3/tasks/estimators.bf' from /usr/local/lib/hyphy/TemplateBatchFiles/libv3/tasks/estimators.bf
Already loaded '../models/model_functions.bf' from /usr/local/lib/hyphy/TemplateBatchFiles/libv3/models/model_functions.bf
Loaded '../models/DNA/GTR.bf' from /usr/local/lib/hyphy/TemplateBatchFiles/libv3/models/DNA/GTR.bf
Already loaded '../DNA.bf' from /usr/local/lib/hyphy/TemplateBatchFiles/libv3/models/DNA.bf
Already loaded '../parameters.bf' from /usr/local/lib/hyphy/TemplateBatchFiles/libv3/models/parameters.bf
Already loaded '../frequencies.bf' from /usr/local/lib/hyphy/TemplateBatchFiles/libv3/models/frequencies.bf
Already loaded '../../UtilityFunctions.bf' from /usr/local/lib/hyphy/TemplateBatchFiles/libv3/UtilityFunctions.bf
Already loaded 'libv3/all-terms.bf' from /usr/local/lib/hyphy/TemplateBatchFiles/libv3/all-terms.bf
Already loaded '../convenience/regexp.bf' from /usr/local/lib/hyphy/TemplateBatchFiles/libv3/convenience/regexp.bf
Already loaded 'libv3/all-terms.bf' from /usr/local/lib/hyphy/TemplateBatchFiles/libv3/all-terms.bf
Loaded 'libv3/tasks/alignments.bf' from /usr/local/lib/hyphy/TemplateBatchFiles/libv3/tasks/alignments.bf
Already loaded '../IOFunctions.bf' from /usr/local/lib/hyphy/TemplateBatchFiles/libv3/IOFunctions.bf
Already loaded '../all-terms.bf' from /usr/local/lib/hyphy/TemplateBatchFiles/libv3/all-terms.bf
Loaded 'libv3/tasks/trees.bf' from /usr/local/lib/hyphy/TemplateBatchFiles/libv3/tasks/trees.bf
Already loaded '../IOFunctions.bf' from /usr/local/lib/hyphy/TemplateBatchFiles/libv3/IOFunctions.bf
Already loaded '../all-terms.bf' from /usr/local/lib/hyphy/TemplateBatchFiles/libv3/all-terms.bf
Already loaded '../convenience/regexp.bf' from /usr/local/lib/hyphy/TemplateBatchFiles/libv3/convenience/regexp.bf
Already loaded '../UtilityFunctions.bf' from /usr/local/lib/hyphy/TemplateBatchFiles/libv3/UtilityFunctions.bf
Loaded 'TreeTools' from /usr/local/lib/hyphy/TemplateBatchFiles/TreeTools.ibf
Loaded 'modules/io_functions.ibf' from /usr/local/lib/hyphy/TemplateBatchFiles/SelectionAnalyses/modules/io_functions.ibf
Already loaded 'libv3/UtilityFunctions.bf' from /usr/local/lib/hyphy/TemplateBatchFiles/libv3/UtilityFunctions.bf
Already loaded 'libv3/IOFunctions.bf' from /usr/local/lib/hyphy/TemplateBatchFiles/libv3/IOFunctions.bf
Already loaded 'libv3/convenience/regexp.bf' from /usr/local/lib/hyphy/TemplateBatchFiles/libv3/convenience/regexp.bf
Already loaded 'libv3/all-terms.bf' from /usr/local/lib/hyphy/TemplateBatchFiles/libv3/all-terms.bf
Loaded 'modules/selection_lib.ibf' from /usr/local/lib/hyphy/TemplateBatchFiles/SelectionAnalyses/modules/selection_lib.ibf
Loaded 'libv3/models/codon/BS_REL.bf' from /usr/local/lib/hyphy/TemplateBatchFiles/libv3/models/codon/BS_REL.bf
Already loaded '../codon.bf' from /usr/local/lib/hyphy/TemplateBatchFiles/libv3/models/codon.bf
Already loaded '../DNA.bf' from /usr/local/lib/hyphy/TemplateBatchFiles/libv3/models/DNA.bf
Already loaded '../parameters.bf' from /usr/local/lib/hyphy/TemplateBatchFiles/libv3/models/parameters.bf
Already loaded '../frequencies.bf' from /usr/local/lib/hyphy/TemplateBatchFiles/libv3/models/frequencies.bf
Already loaded '../../UtilityFunctions.bf' from /usr/local/lib/hyphy/TemplateBatchFiles/libv3/UtilityFunctions.bf
Already loaded 'MG_REV.bf' from /usr/local/lib/hyphy/TemplateBatchFiles/libv3/models/codon/MG_REV.bf
Loaded '../../convenience/math.bf' from /usr/local/lib/hyphy/TemplateBatchFiles/libv3/convenience/math.bf
Already loaded 'libv3/UtilityFunctions.bf' from /usr/local/lib/hyphy/TemplateBatchFiles/libv3/UtilityFunctions.bf
Already loaded 'libv3/convenience/math.bf' from /usr/local/lib/hyphy/TemplateBatchFiles/libv3/convenience/math.bf
Loaded 'libv3/tasks/mpi.bf' from /usr/local/lib/hyphy/TemplateBatchFiles/libv3/tasks/mpi.bf
Already loaded '../all-terms.bf' from /usr/local/lib/hyphy/TemplateBatchFiles/libv3/all-terms.bf
Already loaded '../models/parameters.bf' from /usr/local/lib/hyphy/TemplateBatchFiles/libv3/models/parameters.bf
Variable 'NORMALIZE_SEQUENCE_NAMES' was not initialized prior to being used
Variable 'ASSUME_REVERSIBLE_MODELS' was not initialized prior to being used
Loaded 'modules/shared-load-file.bf' from /usr/local/lib/hyphy/TemplateBatchFiles/SelectionAnalyses/modules/shared-load-file.bf
Variable 'MARKDOWN_OUTPUT' was not initialized prior to being used
Already loaded 'libv3/convenience/matrix.bf' from /usr/local/lib/hyphy/TemplateBatchFiles/libv3/convenience/matrix.bf
Already loaded 'libv3/UtilityFunctions.bf' from /usr/local/lib/hyphy/TemplateBatchFiles/libv3/UtilityFunctions.bf
Variable 'GNzaw_YB.skipCodeSelectionStep' was not initialized prior to being used
Row and/or column partition is empty. All the data will be used by default.
Variable 'NEXUS_FILE_TREE_MATRIX' was not initialized prior to being used
Variable 'utility.ToggleEnvVariable.cache' was not initialized prior to being used
Variable 'TREE_NODE_NAME_MAPPING' was not initialized prior to being used
Variable 'ZzCrBObG.PROMPT_FOR_FILE' was not initialized prior to being used
Variable 'END_OF_FILE' was not initialized prior to being used
Variable '_DO_TREE_REBALANCE_' was not initialized prior to being used
Variable '_KEEP_I_LABELS_' was not initialized prior to being used
Rooted topology. Removing one branch - the left root child has been promoted to be the new root
Variable 'INCLUDE_MODEL_SPECS' was not initialized prior to being used
Variable 'utility.ForEachPair.warn_non_rentrant' was not initialized prior to being used
Row and/or column partition is empty. All the data will be used by default.
Row and/or column partition is empty. All the data will be used by default.
Loaded 'modules/grid_compute.ibf' from /usr/local/lib/hyphy/TemplateBatchFiles/SelectionAnalyses/modules/grid_compute.ibf
Variable 'UYXyNuOi.cache' was not initialized prior to being used
Row and/or column partition is empty. All the data will be used by default.
Variable 'COUNT_GAPS_IN_FREQUENCIES' was not initialized prior to being used
Variable 'GSJnluta.model_pi' was not initialized prior to being used
Model GSJnluta.model assigned to Crocodylus_porosus
Model GSJnluta.model assigned to Gavialis_gangeticus
Model GSJnluta.model assigned to Alligator_sinensis
Model GSJnluta.model assigned to Alligator_mississippiensis
Model GSJnluta.model assigned to 13
The tips of the tree:GSJnluta.tree_0 were matched with the species names from the data in the following numeric order (0-based) {2,3,1,0}

Pseudo-optimal path's cost 153 vs 207 for 1..k=> a 1.35294 x improvement
Partition 0 is ASSUMED to have a reversible model
Variable 'USE_LAST_RESULTS' was not initialized prior to being used
Variable 'GSJnluta.tree_0.Crocodylus_porosus.t' was not initialized prior to being used
models.generic.SetBranchLength: GSJnluta.tree_0.Crocodylus_porosus.t=119.9595711010666
Variable 'GSJnluta.tree_0.Gavialis_gangeticus.t' was not initialized prior to being used
models.generic.SetBranchLength: GSJnluta.tree_0.Gavialis_gangeticus.t=119.9595711010666
Variable 'GSJnluta.tree_0.Alligator_sinensis.t' was not initialized prior to being used
models.generic.SetBranchLength: GSJnluta.tree_0.Alligator_sinensis.t=141.2720173362115
Variable 'GSJnluta.tree_0.Alligator_mississippiensis.t' was not initialized prior to being used
models.generic.SetBranchLength: GSJnluta.tree_0.Alligator_mississippiensis.t=141.2720173362115
Variable 'GSJnluta.tree_0.13.t' was not initialized prior to being used
models.generic.SetBranchLength: GSJnluta.tree_0.13.t=76.11674306867336
Variable 'GSJnluta.GSJnluta.likelihoodFunction' was not initialized prior to being used
Variable 'SAVE_OPT_STATUS_TO' was not initialized prior to being used
Auto-benchmarked an optimal number (1) of threads.
Set GUI update interval to every 5000-th LF evaluation.
Optimization settings:
	OPTIMIZATION_METHOD = 4
	OPTIMIZATION_PRECISION = 0.001
	MAXIMUM_ITERATIONS_PER_VARIABLE = 5000

Initial parameter values

GSJnluta.model.theta_AC = 0.25
GSJnluta.model.theta_AT = 0.25
GSJnluta.model.theta_CG = 0.25
GSJnluta.model.theta_CT = 1
GSJnluta.model.theta_GT = 0.25
GSJnluta.tree_0.Crocodylus_porosus.t = 119.96
GSJnluta.tree_0.Gavialis_gangeticus.t = 119.96
GSJnluta.tree_0.Alligator_sinensis.t = 141.272
GSJnluta.tree_0.Alligator_mississippiensis.t = 141.272
GSJnluta.tree_0.13.t = 76.1167
Internal error in _LikelihoodFunction::ConjugateGradientDescent. The function evaluated at current parameter values [-9723.25] does not match the last recorded LF maximum [-9723.25]
Optimization finished in 5 loop passes.
219 likelihood evaluation calls and 737 matrix exponentiations calls were made

Variable 'BRANCH_LENGTH_STENCIL' was not initialized prior to being used
Variable 'GSJnluta.option' was not initialized prior to being used
Variable 'relax.terms.json.nucleotide_gtr' was not initialized prior to being used
Variable 'Unknown' was not initialized prior to being used
Variable 'VeYfsOOz.initial_value' was not initialized prior to being used
Variable 'jKddcVao.data_filter' was not initialized prior to being used
Row and/or column partition is empty. All the data will be used by default.
Auto-benchmarked an optimal number (3) of threads.
Set GUI update interval to every 2840-th LF evaluation.
Optimization settings:
	OPTIMIZATION_METHOD = 4
	OPTIMIZATION_PRECISION = 0.001
	MAXIMUM_ITERATIONS_PER_VARIABLE = 5000

Initial parameter values

frequencies._aux.CF3x4.p0_0 = 0.292017
frequencies._aux.CF3x4.p0_1 = 0.237982
frequencies._aux.CF3x4.p0_2 = 0.61838
frequencies._aux.CF3x4.p1_0 = 0.356303
frequencies._aux.CF3x4.p1_1 = 0.268277
frequencies._aux.CF3x4.p1_2 = 0.468332
frequencies._aux.CF3x4.p2_0 = 0.312605
frequencies._aux.CF3x4.p2_1 = 0.24022
frequencies._aux.CF3x4.p2_2 = 0.349155
Optimization finished in 7 loop passes.
267 likelihood evaluation calls and 0 matrix exponentiations calls were made

Variable 'jKddcVao.model_MGREV_pi' was not initialized prior to being used
Model jKddcVao.model_MGREV assigned to Crocodylus_porosus
Model jKddcVao.model_MGREV assigned to Gavialis_gangeticus
Model jKddcVao.model_MGREV assigned to Alligator_sinensis
Model jKddcVao.model_MGREV assigned to Alligator_mississippiensis
Model jKddcVao.model_MGREV assigned to 13
The tips of the tree:jKddcVao.tree_0 were matched with the species names from the data in the following numeric order (0-based) {2,3,1,0}

Pseudo-optimal path's cost 583 vs 727 for 1..k=> a 1.247 x improvement
Partition 0 is ASSUMED to have a reversible model
Variable 'jKddcVao.jKddcVao.likelihoodFunction' was not initialized prior to being used
Variable 'jKddcVao.tree_0.Crocodylus_porosus.alpha' was not initialized prior to being used
Variable 'jKddcVao.tree_0.Gavialis_gangeticus.alpha' was not initialized prior to being used
Variable 'jKddcVao.tree_0.Alligator_sinensis.alpha' was not initialized prior to being used
Variable 'jKddcVao.tree_0.Alligator_mississippiensis.alpha' was not initialized prior to being used
Variable 'jKddcVao.tree_0.13.alpha' was not initialized prior to being used
Site 29 evaluated to a 0 probability in ComputeTreeBlockByBranch
Site 29 evaluated to a 0 probability in ComputeTreeBlockByBranch
Site 104 evaluated to a 0 probability in ComputeTreeBlockByBranch
Site 103 evaluated to a 0 probability in ComputeTreeBlockByBranch
Site 29 evaluated to a 0 probability in ComputeTreeBlockByBranch
Site 128 evaluated to a 0 probability in ComputeTreeBlockByBranch
Site 84 evaluated to a 0 probability in ComputeTreeBlockByBranch
Site 29 evaluated to a 0 probability in ComputeTreeBlockByBranch
Site 104 evaluated to a 0 probability in ComputeTreeBlockByBranch
Site 137 evaluated to a 0 probability in ComputeTreeBlockByBranch
Auto-benchmarked an optimal number (3) of threads.
Set GUI update interval to every 825-th LF evaluation.
Initial guess for jKddcVao.tree_0.Gavialis_gangeticus.alpha is 6.591e-06
Initial guess for jKddcVao.tree_0.13.alpha is 9.10191e-06
Initial guess for jKddcVao.tree_0.Alligator_sinensis.alpha is 4.28934e-06
Initial guess for jKddcVao.tree_0.Alligator_mississippiensis.alpha is 9.41554e-07
Optimization settings:
	OPTIMIZATION_METHOD = 4
	OPTIMIZATION_PRECISION = 0.001
	MAXIMUM_ITERATIONS_PER_VARIABLE = 5000

Initial parameter values

jKddcVao.model_MGREV.theta_CT = 1
jKddcVao.model_MGREV.theta_GT = 1
jKddcVao.model_MGREV.theta_CG = 1
jKddcVao.model_MGREV.theta_AC = 1
jKddcVao.model_MGREV.theta_AT = 1
jKddcVao.model_MGREV.omega_0 = 1
jKddcVao.tree_0.Crocodylus_porosus.alpha = 0.1
jKddcVao.tree_0.Gavialis_gangeticus.alpha = 6.591e-06
jKddcVao.tree_0.Alligator_sinensis.alpha = 4.28934e-06
jKddcVao.tree_0.Alligator_mississippiensis.alpha = 9.41554e-07
jKddcVao.tree_0.13.alpha = 9.10191e-06
jKddcVao.model_MGREV.omega_1 = 1
Optimization finished in 31 loop passes.
1745 likelihood evaluation calls and 5854 matrix exponentiations calls were made

Row and/or column partition is empty. All the data will be used by default.
Auto-benchmarked an optimal number (3) of threads.
Set GUI update interval to every 6329-th LF evaluation.
Optimization settings:
	OPTIMIZATION_METHOD = 4
	OPTIMIZATION_PRECISION = 0.001
	MAXIMUM_ITERATIONS_PER_VARIABLE = 5000

Initial parameter values

frequencies._aux.CF3x4.p0_0 = 0.292017
frequencies._aux.CF3x4.p0_1 = 0.237982
frequencies._aux.CF3x4.p0_2 = 0.61838
frequencies._aux.CF3x4.p1_0 = 0.356303
frequencies._aux.CF3x4.p1_1 = 0.268277
frequencies._aux.CF3x4.p1_2 = 0.468332
frequencies._aux.CF3x4.p2_0 = 0.312605
frequencies._aux.CF3x4.p2_1 = 0.24022
frequencies._aux.CF3x4.p2_2 = 0.349155
Optimization finished in 7 loop passes.
267 likelihood evaluation calls and 0 matrix exponentiations calls were made

Variable 'jKddcVao.model_MGREV_pi' was not initialized prior to being used
Model jKddcVao.model_MGREV assigned to Crocodylus_porosus
Model jKddcVao.model_MGREV assigned to Gavialis_gangeticus
Model jKddcVao.model_MGREV assigned to Alligator_sinensis
Model jKddcVao.model_MGREV assigned to Alligator_mississippiensis
Model jKddcVao.model_MGREV assigned to 13
The tips of the tree:jKddcVao.tree_0 were matched with the species names from the data in the following numeric order (0-based) {2,3,1,0}

Pseudo-optimal path's cost 583 vs 727 for 1..k=> a 1.247 x improvement
Partition 0 is ASSUMED to have a reversible model
Variable 'jKddcVao.tree_0.Alligator_sinensis.alpha' was not initialized prior to being used
Variable 'jKddcVao.tree_0.Alligator_mississippiensis.alpha' was not initialized prior to being used
Variable 'jKddcVao.tree_0.Crocodylus_porosus.alpha' was not initialized prior to being used
Variable 'jKddcVao.tree_0.Gavialis_gangeticus.alpha' was not initialized prior to being used
Variable 'jKddcVao.tree_0.13.alpha' was not initialized prior to being used
Site 29 evaluated to a 0 probability in ComputeTreeBlockByBranch
Site 29 evaluated to a 0 probability in ComputeTreeBlockByBranch
Site 104 evaluated to a 0 probability in ComputeTreeBlockByBranch
Site 29 evaluated to a 0 probability in ComputeTreeBlockByBranch
Site 128 evaluated to a 0 probability in ComputeTreeBlockByBranch
Site 103 evaluated to a 0 probability in ComputeTreeBlockByBranch
Site 84 evaluated to a 0 probability in ComputeTreeBlockByBranch
Site 29 evaluated to a 0 probability in ComputeTreeBlockByBranch
Site 104 evaluated to a 0 probability in ComputeTreeBlockByBranch
Site 137 evaluated to a 0 probability in ComputeTreeBlockByBranch
Site 29 evaluated to a 0 probability in ComputeTreeBlockByBranch
Site 79 evaluated to a 0 probability in ComputeTreeBlockByBranch
Site 50 evaluated to a 0 probability in ComputeTreeBlockByBranch
Site 111 evaluated to a 0 probability in ComputeTreeBlockByBranch
Site 49 evaluated to a 0 probability in ComputeTreeBlockByBranch
Auto-benchmarked an optimal number (4) of threads.
Set GUI update interval to every 1066-th LF evaluation.
Initial guess for jKddcVao.tree_0.Gavialis_gangeticus.alpha is 6.591e-06
Initial guess for jKddcVao.tree_0.13.alpha is 9.10191e-06
Initial guess for jKddcVao.tree_0.Alligator_sinensis.alpha is 4.28934e-06
Initial guess for jKddcVao.tree_0.Alligator_mississippiensis.alpha is 9.41554e-07
Optimization settings:
	OPTIMIZATION_METHOD = 4
	OPTIMIZATION_PRECISION = 0.001
	MAXIMUM_ITERATIONS_PER_VARIABLE = 5000

Initial parameter values

jKddcVao.model_MGREV.theta_AT = 1
jKddcVao.model_MGREV.theta_AC = 1
jKddcVao.model_MGREV.theta_CG = 1
jKddcVao.model_MGREV.theta_CT = 1
jKddcVao.model_MGREV.theta_GT = 1
jKddcVao.model_MGREV.omega_0 = 1
jKddcVao.tree_0.Crocodylus_porosus.alpha = 0.1
jKddcVao.tree_0.Gavialis_gangeticus.alpha = 6.591e-06
jKddcVao.tree_0.Alligator_sinensis.alpha = 4.28934e-06
jKddcVao.tree_0.Alligator_mississippiensis.alpha = 9.41554e-07
jKddcVao.tree_0.13.alpha = 9.10191e-06
jKddcVao.model_MGREV.omega_1 = 1
Optimization finished in 29 loop passes.
1636 likelihood evaluation calls and 5493 matrix exponentiations calls were made

Overwritten previously defined function:'ZJnMkUbG.rate_generator'
Overwritten previously defined function:'ZJnMkUbG.rate_generator'
Auto-benchmarked an optimal number (2) of threads.
Set GUI update interval to every 6250-th LF evaluation.
Optimization settings:
	OPTIMIZATION_METHOD = 4
	OPTIMIZATION_PRECISION = 0.001
	MAXIMUM_ITERATIONS_PER_VARIABLE = 5000

Initial parameter values

frequencies._aux.CF3x4.p0_0 = 0.292017
frequencies._aux.CF3x4.p0_1 = 0.237982
frequencies._aux.CF3x4.p0_2 = 0.61838
frequencies._aux.CF3x4.p1_0 = 0.356303
frequencies._aux.CF3x4.p1_1 = 0.268277
frequencies._aux.CF3x4.p1_2 = 0.468332
frequencies._aux.CF3x4.p2_0 = 0.312605
frequencies._aux.CF3x4.p2_1 = 0.24022
frequencies._aux.CF3x4.p2_2 = 0.349155
Optimization finished in 7 loop passes.
266 likelihood evaluation calls and 0 matrix exponentiations calls were made

Variable 'relax.test_pi' was not initialized prior to being used
Overwritten previously defined function:'ZJnMkUbG.rate_generator'
Overwritten previously defined function:'ZJnMkUbG.rate_generator'
Overwritten previously defined function:'ZJnMkUbG.rate_generator'
Auto-benchmarked an optimal number (3) of threads.
Set GUI update interval to every 6250-th LF evaluation.
Optimization settings:
	OPTIMIZATION_METHOD = 4
	OPTIMIZATION_PRECISION = 0.001
	MAXIMUM_ITERATIONS_PER_VARIABLE = 5000

Initial parameter values

frequencies._aux.CF3x4.p0_0 = 0.292017
frequencies._aux.CF3x4.p0_1 = 0.237982
frequencies._aux.CF3x4.p0_2 = 0.61838
frequencies._aux.CF3x4.p1_0 = 0.356303
frequencies._aux.CF3x4.p1_1 = 0.268277
frequencies._aux.CF3x4.p1_2 = 0.468332
frequencies._aux.CF3x4.p2_0 = 0.312605
frequencies._aux.CF3x4.p2_1 = 0.24022
frequencies._aux.CF3x4.p2_2 = 0.349155
Optimization finished in 7 loop passes.
267 likelihood evaluation calls and 0 matrix exponentiations calls were made

Variable 'relax.reference_pi' was not initialized prior to being used
No nodel was assigned to Crocodylus_porosus
No nodel was assigned to Gavialis_gangeticus
No nodel was assigned to Alligator_sinensis
No nodel was assigned to Alligator_mississippiensis
No nodel was assigned to 13
The tips of the tree:mhkGmizp.tree_id_0 were matched with the species names from the data in the following numeric order (0-based) {2,3,1,0}

Pseudo-optimal path's cost 583 vs 727 for 1..k=> a 1.247 x improvement
Partition 0 is ASSUMED to have a reversible model
relax.reference.theta_AC was already constrained in estimators.SetGlobals2
relax.reference.theta_AG was already constrained in estimators.SetGlobals2
relax.reference.theta_AT was already constrained in estimators.SetGlobals2
relax.reference.theta_CG was already constrained in estimators.SetGlobals2
relax.reference.theta_CT was already constrained in estimators.SetGlobals2
relax.reference.theta_GT was already constrained in estimators.SetGlobals2
relax.test.theta_AG was already constrained in estimators.SetGlobals2
Variable 'mhkGmizp.tree_id_0.Crocodylus_porosus.t' was not initialized prior to being used
models.generic.SetBranchLength: mhkGmizp.tree_id_0.Crocodylus_porosus.t=0.132977448063072
Variable 'mhkGmizp.tree_id_0.Gavialis_gangeticus.t' was not initialized prior to being used
models.generic.SetBranchLength: mhkGmizp.tree_id_0.Gavialis_gangeticus.t=0.08237417248374811
Variable 'mhkGmizp.tree_id_0.Alligator_sinensis.t' was not initialized prior to being used
models.generic.SetBranchLength: mhkGmizp.tree_id_0.Alligator_sinensis.t=0.01789453195301802
Variable 'mhkGmizp.tree_id_0.Alligator_mississippiensis.t' was not initialized prior to being used
models.generic.SetBranchLength: mhkGmizp.tree_id_0.Alligator_mississippiensis.t=0.02659151267316269
Variable 'mhkGmizp.tree_id_0.13.t' was not initialized prior to being used
models.generic.SetBranchLength: mhkGmizp.tree_id_0.13.t=0.1866909460909471
Variable 'mhkGmizp.mhkGmizp.likelihoodFunction' was not initialized prior to being used
Auto-benchmarked an optimal number (4) of threads.
Set GUI update interval to every 121-th LF evaluation.
Optimization settings:
	OPTIMIZATION_METHOD = 4
	OPTIMIZATION_PRECISION = 0.001
	MAXIMUM_ITERATIONS_PER_VARIABLE = 5000

Initial parameter values

relax.reference.bsrel_mixture_aux_1 = 0.818182
relax.reference.omega2 = 0.4601
relax.reference.omega3 = 7.27482
relax.reference.omega1 = 0.145496
relax.test.theta_AC = 0.578253
relax.reference.bsrel_mixture_aux_0 = 0.45
relax.test.theta_AT = 0.150871
relax.test.theta_GT = 0.251432
relax.test.theta_CG = 0.745549
relax.test.theta_CT = 1.17776
relax.K = 1
mhkGmizp.tree_id_0.Crocodylus_porosus.t = 0.132977
mhkGmizp.tree_id_0.Gavialis_gangeticus.t = 0.0823742
mhkGmizp.tree_id_0.Alligator_sinensis.t = 0.0178945
mhkGmizp.tree_id_0.Alligator_mississippiensis.t = 0.0265915
mhkGmizp.tree_id_0.13.t = 0.186691
Optimization finished in 46 loop passes.
3362 likelihood evaluation calls and 40167 matrix exponentiations calls were made

Variable 'MPI_NODE_COUNT' was not initialized prior to being used
No nodel was assigned to Crocodylus_porosus
No nodel was assigned to Gavialis_gangeticus
No nodel was assigned to Alligator_sinensis
No nodel was assigned to Alligator_mississippiensis
No nodel was assigned to 13
Likelihood function cleared because partition index '0' points to invalid components
The tips of the tree:mhkGmizp.tree_id_0 were matched with the species names from the data in the following numeric order (0-based) {2,3,1,0}

Pseudo-optimal path's cost 583 vs 727 for 1..k=> a 1.247 x improvement
Partition 0 is ASSUMED to have a reversible model
relax.reference.theta_AC was already constrained in estimators.SetGlobals2
relax.reference.theta_AG was already constrained in estimators.SetGlobals2
relax.reference.theta_AT was already constrained in estimators.SetGlobals2
relax.reference.theta_CG was already constrained in estimators.SetGlobals2
relax.reference.theta_CT was already constrained in estimators.SetGlobals2
relax.reference.theta_GT was already constrained in estimators.SetGlobals2
relax.test.bsrel_mixture_aux_0 was already constrained in estimators.SetGlobals2
relax.test.bsrel_mixture_aux_1 was already constrained in estimators.SetGlobals2
relax.test.theta_AG was already constrained in estimators.SetGlobals2
relax.test.omega1 was already constrained in estimators.SetGlobals2
relax.test.omega2 was already constrained in estimators.SetGlobals2
relax.test.omega3 was already constrained in estimators.SetGlobals2
Variable 'mhkGmizp.tree_id_0.Crocodylus_porosus.t' was not initialized prior to being used
models.generic.SetBranchLength: mhkGmizp.tree_id_0.Crocodylus_porosus.t=0.1946936374930913
Variable 'mhkGmizp.tree_id_0.Gavialis_gangeticus.t' was not initialized prior to being used
models.generic.SetBranchLength: mhkGmizp.tree_id_0.Gavialis_gangeticus.t=0.1367287759565228
Variable 'mhkGmizp.tree_id_0.Alligator_sinensis.t' was not initialized prior to being used
models.generic.SetBranchLength: mhkGmizp.tree_id_0.Alligator_sinensis.t=0.02581866184536148
Variable 'mhkGmizp.tree_id_0.Alligator_mississippiensis.t' was not initialized prior to being used
models.generic.SetBranchLength: mhkGmizp.tree_id_0.Alligator_mississippiensis.t=0.03781195112945972
Variable 'mhkGmizp.tree_id_0.13.t' was not initialized prior to being used
models.generic.SetBranchLength: mhkGmizp.tree_id_0.13.t=0.27006229746045
Auto-benchmarked an optimal number (4) of threads.
Set GUI update interval to every 90-th LF evaluation.
Optimization settings:
	OPTIMIZATION_METHOD = 4
	OPTIMIZATION_PRECISION = 0.001
	MAXIMUM_ITERATIONS_PER_VARIABLE = 5000

Initial parameter values

relax.reference.bsrel_mixture_aux_1 = 0.922663
relax.reference.omega2 = 0.529099
relax.reference.omega3 = 8.45326
relax.reference.omega1 = 0.478669
relax.test.theta_AC = 0.581067
relax.reference.bsrel_mixture_aux_0 = 0.819345
relax.test.theta_AT = 0.139061
relax.test.theta_GT = 0.245771
relax.test.theta_CG = 0.756876
relax.test.theta_CT = 1.19572
relax.K = 1
mhkGmizp.tree_id_0.Crocodylus_porosus.t = 0.194694
mhkGmizp.tree_id_0.Gavialis_gangeticus.t = 0.136729
mhkGmizp.tree_id_0.Alligator_sinensis.t = 0.0258187
mhkGmizp.tree_id_0.Alligator_mississippiensis.t = 0.037812
mhkGmizp.tree_id_0.13.t = 0.270062
Optimization finished in 65 loop passes.
4158 likelihood evaluation calls and 50826 matrix exponentiations calls were made

Variable 'ebFptcEV.mhkGmizp.likelihoodFunction' was not initialized prior to being used
Auto-benchmarked an optimal number (7) of threads.
Set GUI update interval to every 153-th LF evaluation.
Optimization settings:
	OPTIMIZATION_METHOD = 4
	OPTIMIZATION_PRECISION = 0.001
	MAXIMUM_ITERATIONS_PER_VARIABLE = 5000

Initial parameter values

relax.reference.omega2 = 0.9926
relax.reference.omega3 = 30.9569
relax.reference.bsrel_mixture_aux_1 = 0.930668
relax.test.theta_AC = 0.543716
relax.test.theta_AT = 0.142693
relax.test.theta_CG = 0.757605
relax.reference.omega1 = 0.47058
relax.reference.bsrel_mixture_aux_0 = 0.919306
relax.test.theta_CT = 1.19839
relax.test.theta_GT = 0.226359
mhkGmizp.tree_id_0.Crocodylus_porosus.t = 0.0649139
mhkGmizp.tree_id_0.Gavialis_gangeticus.t = 0.0370539
mhkGmizp.tree_id_0.Alligator_sinensis.t = 0.00779504
mhkGmizp.tree_id_0.Alligator_mississippiensis.t = 0.0123222
mhkGmizp.tree_id_0.13.t = 0.0888208
Optimization finished in 18 loop passes.
1133 likelihood evaluation calls and 13911 matrix exponentiations calls were made

Variable 'USE_JSON_FOR_MATRIX' was not initialized prior to being used